Energy-E_F (eV)    DOS (1/eV)    PDOS (1/eV)  of atom type Cd S  
     -5.77003      0.00000      0.00000      0.00000
     -5.76003      0.00000      0.00000      0.00000
     -5.75003      0.00000      0.00000      0.00000
     -5.74003      0.00000      0.00000      0.00000
     -5.73003      0.00000      0.00000      0.00000
     -5.72003      0.00000      0.00000      0.00000
     -5.71003      0.00000      0.00000      0.00000
     -5.70003      0.00000      0.00000      0.00000
     -5.69003     -0.00071     -0.00040     -0.00030
     -5.68003     -0.03380     -0.01931     -0.01449
     -5.67003     -0.59608     -0.34060     -0.25549
     -5.66003     -3.86662     -2.20936     -1.65727
     -5.65003     -9.22377     -5.27039     -3.95338
     -5.64003     -8.07954     -4.61659     -3.46294
     -5.63003     -2.57106     -1.46911     -1.10195
     -5.62003     -0.25288     -0.14455     -0.10833
     -5.61003      0.05801      0.03305      0.02496
     -5.60003      0.07096      0.04043      0.03053
     -5.59003      0.06257      0.03563      0.02694
     -5.58003      0.05532      0.03148      0.02383
     -5.57003      0.06287      0.03575      0.02712
     -5.56003      0.10921      0.06207      0.04714
     -5.55003      0.13139      0.07466      0.05673
     -5.54003      0.12467      0.07080      0.05387
     -5.53003      0.13274      0.07534      0.05740
     -5.52003      0.13314      0.07553      0.05761
     -5.51003      0.12091      0.06856      0.05235
     -5.50003      0.11981      0.06790      0.05191
     -5.49003      0.16063      0.09098      0.06965
     -5.48003      0.18467      0.10456      0.08011
     -5.47003      0.15234      0.08623      0.06611
     -5.46003      0.12647      0.07155      0.05492
     -5.45003      0.13584      0.07682      0.05902
     -5.44003      0.12056      0.06816      0.05240
     -5.43003      0.10228      0.05779      0.04449
     -5.42003      0.15425      0.08712      0.06714
     -5.41003      0.21711      0.12258      0.09453
     -5.40003      0.23940      0.13511      0.10428
     -5.39003      0.22688      0.12798      0.09890
     -5.38003      0.22385      0.12619      0.09766
     -5.37003      0.20793      0.11719      0.09075
     -5.36003      0.19306      0.10880      0.08426
     -5.35003      0.21500      0.12113      0.09387
     -5.34003      0.26241      0.14774      0.11466
     -5.33003      0.24819      0.13965      0.10854
     -5.32003      0.20434      0.11497      0.08937
     -5.31003      0.23627      0.13306      0.10321
     -5.30003      0.28561      0.16092      0.12469
     -5.29003      0.27000      0.15205      0.11795
     -5.28003      0.25666      0.14441      0.11225
     -5.27003      0.25275      0.14271      0.11004
     -5.26003      0.29115      0.16754      0.12361
     -5.25003      0.51370      0.30016      0.21354
     -5.24003      0.78795      0.46231      0.32564
     -5.23003      0.92512      0.54572      0.37940
     -5.22003      1.06564      0.63088      0.43475
     -5.21003      1.24946      0.73917      0.51029
     -5.20003      1.48606      0.87678      0.60928
     -5.19003      1.64646      0.96876      0.67770
     -5.18003      1.66794      0.98015      0.68779
     -5.17003      1.83290      1.07901      0.75389
     -5.16003      2.06060      1.21359      0.84701
     -5.15003      2.23904      1.31663      0.92240
     -5.14003      2.49262      1.46348      1.02914
     -5.13003      2.73825      1.60547      1.13278
     -5.12003      2.99598      1.75364      1.24234
     -5.11003      3.13886      1.83692      1.30194
     -5.10003      3.22162      1.88560      1.33603
     -5.09003      3.44136      2.01220      1.42917
     -5.08003      3.52520      2.06114      1.46406
     -5.07003      3.55689      2.07969      1.47720
     -5.06003      3.76005      2.19832      1.56174
     -5.05003      3.91710      2.29171      1.62539
     -5.04003      4.21510      2.46562      1.74948
     -5.03003      4.92331      2.87710      2.04620
     -5.02003      5.72923      3.34823      2.38100
     -5.01003      6.34293      3.70853      2.63440
     -5.00003      6.34968      3.71109      2.63859
     -4.99003      5.70432      3.33188      2.37244
     -4.98003      4.81087      2.80941      2.00146
     -4.97003      4.09027      2.38813      1.70215
     -4.96003      3.61175      2.10649      1.50526
     -4.95003      3.29747      1.91952      1.37794
     -4.94003      3.34247      1.94546      1.39701
     -4.93003      3.58384      2.08875      1.49509
     -4.92003      3.20137      1.86439      1.33698
     -4.91003      2.49720      1.44984      1.04736
     -4.90003      2.17693      1.26391      0.91302
     -4.89003      2.48260      1.44651      1.03609
     -4.88003      2.86579      1.67095      1.19484
     -4.87003      2.46684      1.43374      1.03309
     -4.86003      2.03090      1.17438      0.85652
     -4.85003      2.00012      1.15486      0.84525
     -4.84003      2.24168      1.29634      0.94535
     -4.83003      2.83539      1.64342      1.19197
     -4.82003      2.93747      1.70458      1.23288
     -4.81003      2.14080      1.24110      0.89970
     -4.80003      1.46955      0.84997      0.61958
     -4.79003      1.40073      0.80918      0.59155
     -4.78003      1.65300      0.95506      0.69794
     -4.77003      1.85034      1.07080      0.77955
     -4.76003      2.01650      1.16703      0.84947
     -4.75003      2.12917      1.22896      0.90021
     -4.74003      1.87588      1.08035      0.79552
     -4.73003      1.62121      0.93254      0.68867
     -4.72003      1.54197      0.88532      0.65666
     -4.71003      1.70715      0.97777      0.72937
     -4.70003      2.16916      1.23955      0.92961
     -4.69003      2.49185      1.42187      1.06998
     -4.68003      2.41478      1.37895      1.03583
     -4.67003      1.98691      1.13650      0.85042
     -4.66003      1.57014      0.89699      0.67316
     -4.65003      1.37571      0.78315      0.59256
     -4.64003      1.32545      0.75325      0.57219
     -4.63003      1.40990      0.80108      0.60882
     -4.62003      1.63960      0.93006      0.70953
     -4.61003      1.95707      1.10916      0.84791
     -4.60003      2.16885      1.23084      0.93801
     -4.59003      1.98039      1.12426      0.85612
     -4.58003      1.63545      0.92556      0.70989
     -4.57003      1.50775      0.84793      0.65982
     -4.56003      1.54762      0.86661      0.68101
     -4.55003      1.72822      0.96779      0.76043
     -4.54003      1.89041      1.06000      0.83041
     -4.53003      2.07906      1.16589      0.91317
     -4.52003      2.37923      1.33376      1.04547
     -4.51003      2.44962      1.37169      1.07793
     -4.50003      2.16469      1.20864      0.95606
     -4.49003      1.84712      1.02862      0.81850
     -4.48003      1.53414      0.85300      0.68115
     -4.47003      1.27832      0.71057      0.56775
     -4.46003      1.29949      0.72342      0.57607
     -4.45003      1.59856      0.89005      0.70852
     -4.44003      2.01086      1.11900      0.89186
     -4.43003      2.13820      1.18775      0.95045
     -4.42003      1.95439      1.07938      0.87501
     -4.41003      1.88395      1.03326      0.85069
     -4.40003      1.85701      1.01467      0.84234
     -4.39003      1.76222      0.96234      0.79988
     -4.38003      1.66391      0.90973      0.75418
     -4.37003      1.79083      0.97941      0.81142
     -4.36003      2.32686      1.27268      1.05418
     -4.35003      2.54869      1.39476      1.15393
     -4.34003      1.99782      1.09208      0.90575
     -4.33003      1.57683      0.85911      0.71772
     -4.32003      1.66837      0.90668      0.76169
     -4.31003      1.87858      1.02031      0.85827
     -4.30003      1.84617      1.00312      0.84305
     -4.29003      1.61675      0.87912      0.73763
     -4.28003      1.52045      0.82794      0.69250
     -4.27003      1.54513      0.84209      0.70304
     -4.26003      1.44741      0.78525      0.66216
     -4.25003      1.25438      0.67155      0.58283
     -4.24003      1.16095      0.61396      0.54699
     -4.23003      1.10893      0.58407      0.52486
     -4.22003      1.10908      0.58536      0.52373
     -4.21003      1.29287      0.68137      0.61150
     -4.20003      1.43718      0.75413      0.68305
     -4.19003      1.43308      0.75879      0.67429
     -4.18003      1.47419      0.78731      0.68688
     -4.17003      1.43597      0.75970      0.67627
     -4.16003      1.27306      0.65882      0.61424
     -4.15003      1.20334      0.60770      0.59565
     -4.14003      1.23292      0.61966      0.61326
     -4.13003      1.36779      0.69556      0.67223
     -4.12003      1.62243      0.83274      0.78969
     -4.11003      1.73681      0.88938      0.84743
     -4.10003      1.57962      0.80467      0.77495
     -4.09003      1.55322      0.79835      0.75487
     -4.08003      1.90505      0.98346      0.92159
     -4.07003      2.02611      1.03662      0.98949
     -4.06003      1.66111      0.82944      0.83167
     -4.05003      1.28976      0.62425      0.66551
     -4.04003      0.95453      0.46572      0.48881
     -4.03003      0.93112      0.47973      0.45139
     -4.02003      1.07930      0.51153      0.56778
     -4.01003     -0.57014     -1.10743      0.53729
     -4.00003     -5.35303     -5.56135      0.20831
     -3.99003     -5.80685     -5.90994      0.10309
     -3.98003      0.16682     -0.34090      0.50772
     -3.97003      2.33524      1.58603      0.74921
     -3.96003     -4.40202     -4.71919      0.31718
     -3.95003    -12.36612    -12.09951     -0.26662
     -3.94003     -6.51468     -6.61518      0.10050
     -3.93003      3.00457      2.28404      0.72053
     -3.92003      6.51839      5.53793      0.98045
     -3.91003      7.57504      6.45188      1.12315
     -3.90003      8.08052      6.92389      1.15662
     -3.89003      8.57376      7.42284      1.15092
     -3.88003      9.40179      8.23271      1.16908
     -3.87003     10.63329      9.43728      1.19601
     -3.86003     12.40791     11.07608      1.33183
     -3.85003     14.86134     13.34678      1.51455
     -3.84003     19.61572     17.79818      1.81755
     -3.83003     27.51030     25.12548      2.38482
     -3.82003     32.60319     29.84185      2.76134
     -3.81003     29.48759     26.99445      2.49314
     -3.80003     24.08415     22.00641      2.07774
     -3.79003     21.18736     19.34711      1.84024
     -3.78003     20.08848     18.47185      1.61662
     -3.77003     19.67836     18.24037      1.43799
     -3.76003     19.02798     17.63434      1.39364
     -3.75003     14.87368     13.58313      1.29055
     -3.74003      5.19104      4.31624      0.87480
     -3.73003      3.92454      3.04913      0.87541
     -3.72003     14.85930     13.31925      1.54004
     -3.71003     21.38272     19.54628      1.83644
     -3.70003     22.24895     20.49308      1.75587
     -3.69003     21.61230     19.93076      1.68154
     -3.68003     20.60135     18.97166      1.62970
     -3.67003     19.26976     17.65248      1.61728
     -3.66003     17.89026     16.30847      1.58180
     -3.65003     17.12528     15.54174      1.58353
     -3.64003     16.58990     15.02585      1.56405
     -3.63003     16.15770     14.67935      1.47834
     -3.62003     15.81484     14.38034      1.43450
     -3.61003     15.49044     14.00843      1.48200
     -3.60003     15.24562     13.72251      1.52312
     -3.59003     15.36561     13.70418      1.66143
     -3.58003     15.64267     13.62871      2.01396
     -3.57003     15.11628     12.97659      2.13969
     -3.56003     13.75578     12.00488      1.75090
     -3.55003     13.20822     11.72636      1.48186
     -3.54003     13.60571     12.01536      1.59035
     -3.53003     14.04690     12.24925      1.79766
     -3.52003     14.15387     12.34945      1.80442
     -3.51003     13.45390     11.84243      1.61147
     -3.50003     12.30054     10.81625      1.48429
     -3.49003     11.72779     10.34086      1.38693
     -3.48003     11.74873     10.43716      1.31157
     -3.47003     11.68397     10.28774      1.39623
     -3.46003     11.33389      9.79772      1.53617
     -3.45003     11.23459      9.64192      1.59267
     -3.44003     11.90670     10.24686      1.65984
     -3.43003     11.85157     10.17846      1.67310
     -3.42003     11.06166      9.42030      1.64136
     -3.41003     11.15210      9.48520      1.66690
     -3.40003     11.17121      9.63356      1.53766
     -3.39003     10.74216      9.40880      1.33336
     -3.38003     10.80766      9.39331      1.41436
     -3.37003     11.33623      9.71847      1.61776
     -3.36003     11.63727      9.92854      1.70872
     -3.35003     11.39001      9.66011      1.72989
     -3.34003     11.05664      9.33814      1.71849
     -3.33003     10.96413      9.25088      1.71325
     -3.32003     11.05897      9.34575      1.71322
     -3.31003     11.63663      9.98522      1.65141
     -3.30003     12.74099     11.17957      1.56141
     -3.29003     13.25319     11.88439      1.36880
     -3.28003     13.21146     12.01280      1.19866
     -3.27003     13.15306     11.96798      1.18508
     -3.26003     13.19875     11.83095      1.36780
     -3.25003     13.58006     11.92744      1.65262
     -3.24003     14.06903     12.27554      1.79349
     -3.23003     14.23348     12.52486      1.70862
     -3.22003     14.07000     12.42339      1.64661
     -3.21003     13.26249     11.63684      1.62565
     -3.20003     12.72663     11.19834      1.52829
     -3.19003     13.04415     11.61454      1.42961
     -3.18003     13.16700     11.80312      1.36388
     -3.17003     12.86587     11.46565      1.40022
     -3.16003     12.60119     11.09156      1.50963
     -3.15003     12.02036     10.53572      1.48464
     -3.14003     12.12553     10.69616      1.42937
     -3.13003     12.98552     11.54324      1.44228
     -3.12003     13.02863     11.56180      1.46683
     -3.11003     13.04483     11.50153      1.54331
     -3.10003     13.64067     11.97301      1.66766
     -3.09003     14.86687     13.03369      1.83318
     -3.08003     16.21285     14.27381      1.93904
     -3.07003     17.20208     15.22126      1.98082
     -3.06003     18.63011     16.53156      2.09856
     -3.05003     20.52598     18.36802      2.15796
     -3.04003     21.38269     19.31454      2.06815
     -3.03003     20.12284     18.17080      1.95203
     -3.02003     17.87252     16.07683      1.79569
     -3.01003     17.00497     15.12985      1.87512
     -3.00003     17.21963     15.20800      2.01163
     -2.99003     17.09029     15.08744      2.00285
     -2.98003     15.56693     13.56041      2.00652
     -2.97003      9.50573      7.60003      1.90571
     -2.96003      3.56778      1.76405      1.80373
     -2.95003      9.46261      7.63553      1.82709
     -2.94003     18.77772     16.83676      1.94096
     -2.93003     21.51385     19.49101      2.02284
     -2.92003     21.28287     19.22530      2.05757
     -2.91003     21.64194     19.50004      2.14190
     -2.90003     23.06246     20.89861      2.16384
     -2.89003     25.01426     22.96159      2.05267
     -2.88003     26.85257     24.87709      1.97548
     -2.87003     28.44053     26.34916      2.09137
     -2.86003     30.16856     27.85079      2.31776
     -2.85003     31.77202     29.36824      2.40378
     -2.84003     32.55455     30.26255      2.29200
     -2.83003     31.73410     29.56269      2.17141
     -2.82003     29.62039     27.50491      2.11549
     -2.81003     27.58971     25.45861      2.13110
     -2.80003     25.65081     23.52454      2.12627
     -2.79003     22.53039     20.46200      2.06839
     -2.78003     15.01657     12.85637      2.16020
     -2.77003      8.00688      5.55187      2.45501
     -2.76003     11.84132      9.27621      2.56511
     -2.75003     18.46779     16.03960      2.42820
     -2.74003     16.71908     14.50944      2.20964
     -2.73003      8.41713      6.53217      1.88496
     -2.72003      4.48323      2.69052      1.79272
     -2.71003      7.78637      5.69469      2.09168
     -2.70003      9.55525      7.24398      2.31127
     -2.69003      9.14589      6.83645      2.30943
     -2.68003      8.67947      6.48998      2.18949
     -2.67003      8.38057      6.21220      2.16837
     -2.66003      8.14224      5.85727      2.28497
     -2.65003      7.58869      5.37697      2.21172
     -2.64003      7.30138      5.18256      2.11883
     -2.63003      7.80623      5.55987      2.24636
     -2.62003      8.05874      5.76842      2.29032
     -2.61003      7.72504      5.49383      2.23120
     -2.60003      7.72833      5.41820      2.31013
     -2.59003      8.31613      5.79650      2.51964
     -2.58003      8.79805      6.10781      2.69024
     -2.57003      8.50414      5.84271      2.66143
     -2.56003      7.98363      5.52622      2.45741
     -2.55003      7.71565      5.43156      2.28408
     -2.54003      7.37470      5.17553      2.19917
     -2.53003      6.64284      4.51505      2.12778
     -2.52003      5.73356      3.62318      2.11038
     -2.51003      5.12827      2.87285      2.25542
     -2.50003      4.69036      2.34788      2.34247
     -2.49003      4.07283      1.88606      2.18677
     -2.48003      3.44585      1.43292      2.01292
     -2.47003      2.96058      1.04312      1.91747
     -2.46003      2.67758      0.83943      1.83814
     -2.45003      2.61139      0.79654      1.81485
     -2.44003      2.57566      0.77759      1.79807
     -2.43003      2.43304      0.72352      1.70952
     -2.42003      2.41775      0.71153      1.70622
     -2.41003      2.73415      0.80210      1.93204
     -2.40003      3.10153      0.90614      2.19539
     -2.39003      3.28110      0.95940      2.32170
     -2.38003      3.11116      0.92066      2.19050
     -2.37003      2.66892      0.80005      1.86886
     -2.36003      2.54398      0.76134      1.78264
     -2.35003      2.63416      0.78937      1.84479
     -2.34003      2.50516      0.75581      1.74934
     -2.33003      2.39407      0.72309      1.67098
     -2.32003      2.47525      0.74902      1.72623
     -2.31003      2.68826      0.80548      1.88278
     -2.30003      2.88063      0.84515      2.03548
     -2.29003      2.87622      0.82042      2.05580
     -2.28003      2.70772      0.75625      1.95147
     -2.27003      2.59816      0.73318      1.86497
     -2.26003      2.49723      0.72500      1.77223
     -2.25003      2.53797      0.74553      1.79244
     -2.24003      2.65748      0.76990      1.88759
     -2.23003      2.73870      0.78140      1.95730
     -2.22003      2.98134      0.84905      2.13229
     -2.21003      3.31208      0.95370      2.35838
     -2.20003      3.49540      1.00880      2.48660
     -2.19003      3.36951      0.96019      2.40931
     -2.18003      3.14270      0.88858      2.25412
     -2.17003      3.29870      0.92804      2.37066
     -2.16003      3.49962      0.97327      2.52635
     -2.15003      3.34071      0.91835      2.42236
     -2.14003      2.91904      0.80529      2.11375
     -2.13003      2.47814      0.68542      1.79273
     -2.12003      2.37495      0.64995      1.72500
     -2.11003      2.55446      0.69954      1.85492
     -2.10003      2.63680      0.72659      1.91021
     -2.09003      2.69394      0.74933      1.94461
     -2.08003      3.09477      0.87010      2.22467
     -2.07003      3.38251      0.94544      2.43707
     -2.06003      3.28973      0.90400      2.38573
     -2.05003      3.11586      0.85116      2.26470
     -2.04003      3.03293      0.83758      2.19535
     -2.03003      3.14078      0.87872      2.26207
     -2.02003      3.28918      0.91412      2.37506
     -2.01003      3.50955      0.96715      2.54240
     -2.00003      3.85470      1.06805      2.78665
     -1.99003      3.77181      1.04698      2.72483
     -1.98003      3.33022      0.92331      2.40691
     -1.97003      3.20727      0.87891      2.32836
     -1.96003      3.21134      0.85783      2.35351
     -1.95003      2.96024      0.77668      2.18356
     -1.94003      3.03503      0.79523      2.23980
     -1.93003      3.48640      0.92219      2.56421
     -1.92003      3.60527      0.95792      2.64735
     -1.91003      3.27285      0.86787      2.40498
     -1.90003      2.99858      0.79804      2.20054
     -1.89003      2.80162      0.74620      2.05543
     -1.88003      2.81501      0.74402      2.07099
     -1.87003      3.29575      0.86080      2.43495
     -1.86003      4.13222      1.07772      3.05449
     -1.85003      4.61668      1.21182      3.40486
     -1.84003      4.36471      1.14923      3.21548
     -1.83003      4.10683      1.08102      3.02582
     -1.82003      3.80044      0.99986      2.80058
     -1.81003      3.40004      0.89322      2.50682
     -1.80003      3.50845      0.91701      2.59144
     -1.79003      3.70477      0.96225      2.74252
     -1.78003      3.61366      0.93257      2.68109
     -1.77003      3.70134      0.94601      2.75534
     -1.76003      3.89774      0.99105      2.90670
     -1.75003      3.86114      0.98648      2.87466
     -1.74003      3.81995      0.98381      2.83615
     -1.73003      4.11651      1.05162      3.06489
     -1.72003      4.59686      1.15954      3.43732
     -1.71003      4.83670      1.22199      3.61471
     -1.70003      4.98547      1.26298      3.72249
     -1.69003      5.12765      1.29669      3.83096
     -1.68003      5.32984      1.34193      3.98791
     -1.67003      5.39438      1.34919      4.04518
     -1.66003      4.86390      1.21738      3.64653
     -1.65003      4.20469      1.05716      3.14753
     -1.64003      3.98597      0.99816      2.98781
     -1.63003      4.41376      1.08829      3.32547
     -1.62003      4.81502      1.17618      3.63884
     -1.61003      4.99947      1.21538      3.78409
     -1.60003      5.12492      1.24219      3.88273
     -1.59003      5.14478      1.24436      3.90042
     -1.58003      5.17768      1.24982      3.92786
     -1.57003      5.06735      1.22397      3.84338
     -1.56003      5.02593      1.21414      3.81179
     -1.55003      4.81053      1.16531      3.64522
     -1.54003      4.58907      1.11287      3.47620
     -1.53003      4.56431      1.10818      3.45614
     -1.52003      4.31065      1.05770      3.25295
     -1.51003      4.02323      0.98479      3.03844
     -1.50003      3.98176      0.95778      3.02398
     -1.49003      4.15451      0.99523      3.15928
     -1.48003      4.39708      1.06198      3.33510
     -1.47003      4.42552      1.06985      3.35566
     -1.46003      4.45464      1.06923      3.38541
     -1.45003      4.19589      1.00129      3.19460
     -1.44003      3.97253      0.95165      3.02087
     -1.43003      3.91506      0.95010      2.96497
     -1.42003      3.53458      0.86156      2.67302
     -1.41003      3.36667      0.80932      2.55735
     -1.40003      3.62553      0.86253      2.76300
     -1.39003      3.72797      0.88495      2.84302
     -1.38003      3.61987      0.85804      2.76182
     -1.37003      3.62728      0.85880      2.76848
     -1.36003      3.58327      0.84746      2.73581
     -1.35003      3.46433      0.81502      2.64931
     -1.34003      3.42005      0.79794      2.62211
     -1.33003      3.26480      0.75814      2.50666
     -1.32003      3.22201      0.74734      2.47468
     -1.31003      3.41112      0.79192      2.61920
     -1.30003      3.61272      0.84122      2.77150
     -1.29003      3.60743      0.84498      2.76244
     -1.28003      3.43820      0.80982      2.62838
     -1.27003      3.31144      0.77936      2.53208
     -1.26003      3.31174      0.77670      2.53503
     -1.25003      3.15179      0.73351      2.41828
     -1.24003      2.93494      0.67613      2.25881
     -1.23003      3.10127      0.70886      2.39240
     -1.22003      3.31867      0.75674      2.56193
     -1.21003      3.21938      0.73323      2.48615
     -1.20003      3.21122      0.72880      2.48242
     -1.19003      3.33071      0.75316      2.57754
     -1.18003      3.20407      0.72110      2.48298
     -1.17003      2.47875      0.55902      1.91972
     -1.16003     -2.67969     -0.59845     -2.08124
     -1.15003    -14.01807     -3.14957    -10.86850
     -1.14003    -15.46306     -3.47537    -11.98769
     -1.13003     -4.37686     -0.98063     -3.39623
     -1.12003      1.95440      0.44181      1.51259
     -1.11003      2.97605      0.66520      2.31085
     -1.10003      2.93938      0.65301      2.28637
     -1.09003      2.54347      0.56728      1.97619
     -1.08003      2.05928      0.46530      1.59398
     -1.07003      1.86120      0.41981      1.44139
     -1.06003      2.08799      0.46195      1.62605
     -1.05003      2.59056      0.57119      2.01937
     -1.04003      2.99263      0.66324      2.32939
     -1.03003      3.00134      0.66521      2.33613
     -1.02003      2.61214      0.57576      2.03638
     -1.01003      2.12835      0.46755      1.66080
     -1.00003      1.78484      0.39136      1.39349
     -0.99003      1.68656      0.36956      1.31700
     -0.98003      1.86442      0.40736      1.45706
     -0.97003      2.10650      0.45701      1.64949
     -0.96003      2.29543      0.49535      1.80008
     -0.95003      2.32588      0.50558      1.82030
     -0.94003      2.05847      0.45283      1.60564
     -0.93003      1.83314      0.40107      1.43207
     -0.92003      1.84014      0.39787      1.44227
     -0.91003      1.81940      0.39147      1.42794
     -0.90003      1.69792      0.36595      1.33197
     -0.89003      1.72477      0.37236      1.35241
     -0.88003      1.94329      0.41550      1.52779
     -0.87003      2.03189      0.43278      1.59911
     -0.86003      1.81042      0.38499      1.42542
     -0.85003      1.72216      0.36588      1.35629
     -0.84003      1.86828      0.40151      1.46677
     -0.83003      1.83162      0.39534      1.43628
     -0.82003      1.68847      0.35824      1.33023
     -0.81003      1.70299      0.35455      1.34844
     -0.80003      1.70208      0.35241      1.34967
     -0.79003      1.66006      0.34810      1.31196
     -0.78003      1.65537      0.35582      1.29955
     -0.77003      1.52408      0.32920      1.19488
     -0.76003      1.42430      0.30032      1.12398
     -0.75003      1.30958      0.27070      1.03888
     -0.74003      1.30685      0.26945      1.03740
     -0.73003      1.61232      0.33479      1.27753
     -0.72003      1.77422      0.36791      1.40631
     -0.71003      1.60090      0.32798      1.27292
     -0.70003      1.39054      0.28239      1.10816
     -0.69003      1.28233      0.26145      1.02088
     -0.68003      1.22163      0.24988      0.97176
     -0.67003      1.22879      0.24944      0.97934
     -0.66003      1.37982      0.27865      1.10118
     -0.65003      1.53701      0.31322      1.22379
     -0.64003      1.65791      0.34045      1.31747
     -0.63003      1.59574      0.32341      1.27233
     -0.62003      1.29634      0.25853      1.03781
     -0.61003      1.03773      0.20571      0.83202
     -0.60003      0.93000      0.18411      0.74589
     -0.59003      0.96890      0.19152      0.77738
     -0.58003      1.13288      0.22439      0.90849
     -0.57003      1.26156      0.25125      1.01031
     -0.56003      1.29418      0.25709      1.03709
     -0.55003      1.28133      0.25354      1.02779
     -0.54003      1.19912      0.23761      0.96150
     -0.53003      1.01563      0.20083      0.81481
     -0.52003      0.93602      0.18308      0.75294
     -0.51003      1.07672      0.20903      0.86769
     -0.50003      1.21715      0.23621      0.98094
     -0.49003      1.22897      0.23852      0.99044
     -0.48003      1.16640      0.22743      0.93898
     -0.47003      1.07811      0.21037      0.86774
     -0.46003      0.91732      0.17733      0.73999
     -0.45003      0.84485      0.16253      0.68232
     -0.44003      0.91320      0.17484      0.73835
     -0.43003      0.89711      0.17030      0.72680
     -0.42003      0.82740      0.15612      0.67128
     -0.41003      0.84505      0.15885      0.68620
     -0.40003      0.95254      0.17851      0.77404
     -0.39003      0.98387      0.18464      0.79923
     -0.38003      0.88061      0.16685      0.71376
     -0.37003      0.78309      0.14922      0.63387
     -0.36003      0.75369      0.14209      0.61161
     -0.35003      0.79412      0.14864      0.64549
     -0.34003      0.91228      0.16952      0.74276
     -0.33003      0.98593      0.18150      0.80443
     -0.32003      0.80709      0.14788      0.65921
     -0.31003      0.59458      0.10912      0.48546
     -0.30003      0.56769      0.10455      0.46314
     -0.29003      0.65603      0.12064      0.53539
     -0.28003      0.75797      0.13808      0.61989
     -0.27003      0.75831      0.13684      0.62147
     -0.26003      0.58769      0.10577      0.48192
     -0.25003      0.48939      0.08807      0.40132
     -0.24003      0.55987      0.10019      0.45968
     -0.23003      0.63240      0.11264      0.51976
     -0.22003      0.65744      0.11705      0.54039
     -0.21003      0.65508      0.11715      0.53793
     -0.20003      0.56236      0.10084      0.46152
     -0.19003      0.44117      0.07836      0.36281
     -0.18003      0.45123      0.07919      0.37204
     -0.17003      0.47459      0.08304      0.39155
     -0.16003      0.42808      0.07472      0.35336
     -0.15003      0.43133      0.07521      0.35612
     -0.14003      0.39101      0.06807      0.32294
     -0.13003     -0.36807     -0.06754     -0.30053
     -0.12003     -4.04511     -0.72548     -3.31963
     -0.11003     -9.18367     -1.64457     -7.53910
     -0.10003     -7.30970     -1.30915     -6.00055
     -0.09003     -1.97172     -0.35472     -1.61700
     -0.08003      0.01718      0.00068      0.01650
     -0.07003      0.21143      0.03562      0.17581
     -0.06003      0.19527      0.03283      0.16244
     -0.05003      0.19127      0.03206      0.15921
     -0.04003      0.05240      0.00898      0.04342
     -0.03003     -1.27755     -0.21067     -1.06688
     -0.02003     -7.09903     -1.17142     -5.92762
     -0.01003    -15.80817     -2.60863    -13.19953
     -0.00003    -16.01121     -2.64216    -13.36905
      0.00997     -7.41652     -1.22387     -6.19264
      0.01997     -1.46415     -0.24161     -1.22253
      0.02997     -0.11450     -0.01889     -0.09560
      0.03997     -0.00340     -0.00056     -0.00284
      0.04997     -0.00004     -0.00001     -0.00003
      0.05997      0.00000      0.00000      0.00000
      0.06997      0.00000      0.00000      0.00000
      0.07997      0.00000      0.00000      0.00000
      0.08997      0.00000      0.00000      0.00000
      0.09997      0.00000      0.00000      0.00000
      0.10997      0.00000      0.00000      0.00000
      0.11997      0.00000      0.00000      0.00000
      0.12997      0.00000      0.00000      0.00000
      0.13997      0.00000      0.00000      0.00000
      0.14997      0.00000      0.00000      0.00000
      0.15997      0.00000      0.00000      0.00000
      0.16997      0.00000      0.00000      0.00000
      0.17997      0.00000      0.00000      0.00000
      0.18997      0.00000      0.00000      0.00000
      0.19997      0.00000      0.00000      0.00000
      0.20997      0.00000      0.00000      0.00000
      0.21997      0.00000      0.00000      0.00000
      0.22997      0.00000      0.00000      0.00000
      0.23997      0.00000      0.00000      0.00000
      0.24997      0.00000      0.00000      0.00000
      0.25997      0.00000      0.00000      0.00000
      0.26997      0.00000      0.00000      0.00000
      0.27997      0.00000      0.00000      0.00000
      0.28997      0.00000      0.00000      0.00000
      0.29997      0.00000      0.00000      0.00000
      0.30997      0.00000      0.00000      0.00000
      0.31997      0.00000      0.00000      0.00000
      0.32997      0.00000      0.00000      0.00000
      0.33997      0.00000      0.00000      0.00000
      0.34997      0.00000      0.00000      0.00000
      0.35997      0.00000      0.00000      0.00000
      0.36997      0.00000      0.00000      0.00000
      0.37997      0.00000      0.00000      0.00000
      0.38997      0.00000      0.00000      0.00000
      0.39997      0.00000      0.00000      0.00000
      0.40997      0.00000      0.00000      0.00000
      0.41997      0.00000      0.00000      0.00000
      0.42997      0.00000      0.00000      0.00000
      0.43997      0.00000      0.00000      0.00000
      0.44997      0.00000      0.00000      0.00000
      0.45997      0.00000      0.00000      0.00000
      0.46997     -0.00206     -0.00195     -0.00011
      0.47997     -0.07665     -0.07251     -0.00413
      0.48997     -1.05012     -0.99351     -0.05661
      0.49997     -5.29296     -5.00765     -0.28531
      0.50997     -9.81442     -9.28538     -0.52904
      0.51997     -6.69477     -6.33390     -0.36088
      0.52997     -1.68001     -1.58945     -0.09056
      0.53997     -0.15509     -0.14673     -0.00836
      0.54997     -0.00527     -0.00498     -0.00028
      0.55997     -0.00002     -0.00002     -0.00000
      0.56997      0.00091      0.00084      0.00007
      0.57997      0.00704      0.00648      0.00056
      0.58997      0.01994      0.01835      0.00159
      0.59997      0.02078      0.01912      0.00166
      0.60997      0.00796      0.00733      0.00064
      0.61997      0.00112      0.00103      0.00009
      0.62997      0.00006      0.00005      0.00000
      0.63997      0.00000      0.00000      0.00000
      0.64997      0.00000      0.00000      0.00000
      0.65997      0.00000      0.00000      0.00000
      0.66997      0.00004      0.00004      0.00000
      0.67997      0.00090      0.00080      0.00010
      0.68997      0.00707      0.00630      0.00077
      0.69997      0.02163      0.01926      0.00237
      0.70997      0.03120      0.02775      0.00345
      0.71997      0.03034      0.02692      0.00341
      0.72997      0.01879      0.01666      0.00213
      0.73997      0.00520      0.00461      0.00059
      0.74997      0.00055      0.00049      0.00006
      0.75997      0.00002      0.00002      0.00000
      0.76997      0.00000      0.00000      0.00000
      0.77997      0.00003      0.00003      0.00000
      0.78997      0.00078      0.00067      0.00010
      0.79997      0.00637      0.00551      0.00086
      0.80997      0.01922      0.01664      0.00258
      0.81997      0.02136      0.01849      0.00287
      0.82997      0.00873      0.00756      0.00117
      0.83997      0.00132      0.00114      0.00018
      0.84997      0.00029      0.00025      0.00004
      0.85997      0.00350      0.00299      0.00051
      0.86997      0.02058      0.01755      0.00302
      0.87997      0.04451      0.03797      0.00654
      0.88997      0.03564      0.03040      0.00524
      0.89997      0.01323      0.01127      0.00196
      0.90997      0.01451      0.01229      0.00222
      0.91997      0.02314      0.01958      0.00355
      0.92997      0.01531      0.01295      0.00236
      0.93997      0.00958      0.00807      0.00151
      0.94997      0.02291      0.01924      0.00367
      0.95997      0.04369      0.03665      0.00704
      0.96997      0.05531      0.04633      0.00897
      0.97997      0.04284      0.03585      0.00699
      0.98997      0.02977      0.02486      0.00491
      0.99997      0.02154      0.01796      0.00357
      1.00997      0.00809      0.00675      0.00135
      1.01997      0.00501      0.00415      0.00086
      1.02997      0.01571      0.01300      0.00271
      1.03997      0.02290      0.01895      0.00396
      1.04997      0.01238      0.01024      0.00214
      1.05997      0.00339      0.00280      0.00059
      1.06997      0.00943      0.00775      0.00169
      1.07997      0.03372      0.02769      0.00603
      1.08997      0.04530      0.03720      0.00810
      1.09997      0.02434      0.01998      0.00436
      1.10997      0.01919      0.01568      0.00351
      1.11997      0.04262      0.03477      0.00785
      1.12997      0.05092      0.04154      0.00938
      1.13997      0.04271      0.03482      0.00789
      1.14997      0.04719      0.03839      0.00880
      1.15997      0.05391      0.04378      0.01013
      1.16997      0.04132      0.03351      0.00781
      1.17997      0.03078      0.02492      0.00586
      1.18997      0.02601      0.02104      0.00498
      1.19997      0.02596      0.02098      0.00498
      1.20997      0.01958      0.01582      0.00376
      1.21997      0.00669      0.00541      0.00129
      1.22997      0.00610      0.00490      0.00120
      1.23997      0.02588      0.02076      0.00512
      1.24997      0.04604      0.03693      0.00911
      1.25997      0.03080      0.02471      0.00610
      1.26997      0.01491      0.01192      0.00298
      1.27997      0.03706      0.02957      0.00748
      1.28997      0.08160      0.06510      0.01650
      1.29997      0.11666      0.09301      0.02365
      1.30997      0.12408      0.09886      0.02522
      1.31997      0.07459      0.05941      0.01518
      1.32997      0.02028      0.01614      0.00413
      1.33997      0.01267      0.01004      0.00262
      1.34997      0.04774      0.03783      0.00991
      1.35997      0.08473      0.06717      0.01756
      1.36997      0.06839      0.05423      0.01415
      1.37997      0.03929      0.03113      0.00816
      1.38997      0.02581      0.02041      0.00540
      1.39997      0.01542      0.01218      0.00324
      1.40997      0.03110      0.02452      0.00658
      1.41997      0.07023      0.05532      0.01491
      1.42997      0.08480      0.06673      0.01807
      1.43997      0.08251      0.06485      0.01766
      1.44997      0.08372      0.06573      0.01799
      1.45997      0.08004      0.06278      0.01726
      1.46997      0.06035      0.04730      0.01305
      1.47997      0.03546      0.02778      0.00769
      1.48997      0.03185      0.02492      0.00693
      1.49997      0.04969      0.03887      0.01083
      1.50997      0.08780      0.06865      0.01914
      1.51997      0.08017      0.06267      0.01749
      1.52997      0.03878      0.03029      0.00850
      1.53997      0.03586      0.02794      0.00792
      1.54997      0.05809      0.04524      0.01286
      1.55997      0.08765      0.06820      0.01945
      1.56997      0.09848      0.07658      0.02190
      1.57997      0.08345      0.06492      0.01853
      1.58997      0.06402      0.04983      0.01418
      1.59997      0.05133      0.03988      0.01145
      1.60997      0.06587      0.05104      0.01483
      1.61997      0.09081      0.07035      0.02046
      1.62997      0.11075      0.08583      0.02492
      1.63997      0.10725      0.08308      0.02418
      1.64997      0.11268      0.08713      0.02556
      1.65997      0.12156      0.09389      0.02767
      1.66997      0.09730      0.07510      0.02220
      1.67997      0.06298      0.04858      0.01440
      1.68997      0.05026      0.03874      0.01152
      1.69997      0.06821      0.05257      0.01564
      1.70997      0.10013      0.07721      0.02292
      1.71997      0.11949      0.09210      0.02739
      1.72997      0.08892      0.06846      0.02045
      1.73997      0.08760      0.06735      0.02026
      1.74997      0.12590      0.09674      0.02916
      1.75997      0.13559      0.10415      0.03144
      1.76997      0.14158      0.10866      0.03293
      1.77997      0.15570      0.11946      0.03623
      1.78997      0.10781      0.08283      0.02498
      1.79997      0.05761      0.04434      0.01327
      1.80997      0.05426      0.04163      0.01263
      1.81997      0.09946      0.07617      0.02329
      1.82997      0.15996      0.12253      0.03743
      1.83997      0.15612      0.11958      0.03654
      1.84997      0.10361      0.07927      0.02434
      1.85997      0.09537      0.07282      0.02256
      1.86997      0.10813      0.08251      0.02562
      1.87997      0.07679      0.05858      0.01820
      1.88997      0.05758      0.04392      0.01366
      1.89997      0.06967      0.05320      0.01647
      1.90997      0.10713      0.08186      0.02527
      1.91997      0.18079      0.13792      0.04287
      1.92997      0.21482      0.16366      0.05116
      1.93997      0.17704      0.13483      0.04220
      1.94997      0.15892      0.12104      0.03788
      1.95997      0.12874      0.09802      0.03073
      1.96997      0.06406      0.04878      0.01528
      1.97997      0.04503      0.03437      0.01066
      1.98997      0.07231      0.05506      0.01725
      1.99997      0.10779      0.08185      0.02594
      2.00997      0.20052      0.15220      0.04832
      2.01997      0.29136      0.22119      0.07016
      2.02997      0.27602      0.20950      0.06652
      2.03997      0.20548      0.15580      0.04969
      2.04997      0.13637      0.10325      0.03312
      2.05997      0.08471      0.06407      0.02064
      2.06997      0.07231      0.05470      0.01761
      2.07997      0.13798      0.10441      0.03357
      2.08997      0.21158      0.16021      0.05138
      2.09997      0.21742      0.16477      0.05265
      2.10997      0.19549      0.14810      0.04740
      2.11997      0.16351      0.12373      0.03978
      2.12997      0.14845      0.11232      0.03612
      2.13997      0.16991      0.12855      0.04136
      2.14997      0.18708      0.14153      0.04555
      2.15997      0.16892      0.12782      0.04110
      2.16997      0.15486      0.11699      0.03787
      2.17997      0.17217      0.12990      0.04227
      2.18997      0.22998      0.17367      0.05630
      2.19997      0.27355      0.20658      0.06697
      2.20997      0.22566      0.17014      0.05552
      2.21997      0.18411      0.13865      0.04546
      2.22997      0.21862      0.16467      0.05395
      2.23997      0.18868      0.14209      0.04659
      2.24997      0.09912      0.07462      0.02450
      2.25997      0.09965      0.07516      0.02450
      2.26997      0.15616      0.11789      0.03827
      2.27997      0.21041      0.15865      0.05176
      2.28997      0.23907      0.18010      0.05896
      2.29997      0.24568      0.18519      0.06050
      2.30997      0.24318      0.18330      0.05988
      2.31997      0.18867      0.14200      0.04668
      2.32997      0.16621      0.12490      0.04131
      2.33997      0.20627      0.15506      0.05121
      2.34997      0.22851      0.17175      0.05676
      2.35997      0.27949      0.20977      0.06972
      2.36997      0.33116      0.24837      0.08279
      2.37997      0.31116      0.23318      0.07798
      2.38997      0.25010      0.18718      0.06292
      2.39997      0.19720      0.14745      0.04975
      2.40997      0.15325      0.11467      0.03858
      2.41997      0.20984      0.15732      0.05252
      2.42997      0.32058      0.24042      0.08015
      2.43997      0.38472      0.28838      0.09634
      2.44997      0.38195      0.28619      0.09576
      2.45997      0.35780      0.26812      0.08968
      2.46997      0.26270      0.19700      0.06571
      2.47997      0.17583      0.13184      0.04398
      2.48997      0.20165      0.15083      0.05082
      2.49997      0.26463      0.19773      0.06691
      2.50997      0.30439      0.22753      0.07685
      2.51997      0.32910      0.24631      0.08279
      2.52997      0.29809      0.22324      0.07485
      2.53997      0.26779      0.20022      0.06757
      2.54997      0.28036      0.20932      0.07105
      2.55997      0.28155      0.21018      0.07137
      2.56997      0.30439      0.22732      0.07707
      2.57997      0.38119      0.28449      0.09671
      2.58997      0.44709      0.33327      0.11382
      2.59997      0.38979      0.29049      0.09930
      2.60997      0.31131      0.23224      0.07908
      2.61997      0.30885      0.23054      0.07831
      2.62997      0.29358      0.21938      0.07421
      2.63997      0.06309      0.05265      0.01043
      2.64997     -1.86468     -1.34003     -0.52465
      2.65997     -7.26083     -5.24163     -2.01919
      2.66997     -9.33615     -6.74389     -2.59226
      2.67997     -4.14422     -2.99009     -1.15413
      2.68997     -0.26392     -0.18219     -0.08172
      2.69997      0.52515      0.38936      0.13579
      2.70997      0.49691      0.36765      0.12926
      2.71997      0.44311      0.32783      0.11528
      2.72997      0.52613      0.38840      0.13773
      2.73997      0.64382      0.47404      0.16978
      2.74997      0.66830      0.49174      0.17657
      2.75997      0.62760      0.46199      0.16561
      2.76997      0.56864      0.41908      0.14956
      2.77997      0.46207      0.34122      0.12085
      2.78997      0.36751      0.27181      0.09570
      2.79997      0.39122      0.28919      0.10203
      2.80997      0.50471      0.37255      0.13216
      2.81997      0.61494      0.45256      0.16238
      2.82997      0.65702      0.48034      0.17668
      2.83997      0.71034      0.51746      0.19288
      2.84997      0.81011      0.59214      0.21797
      2.85997      0.81996      0.60207      0.21789
      2.86997      0.66495      0.48818      0.17677
      2.87997      0.44980      0.32807      0.12173
      2.88997      0.38591      0.28077      0.10514
      2.89997      0.42237      0.30880      0.11358
      2.90997      0.44590      0.32667      0.11923
      2.91997      0.48429      0.35519      0.12909
      2.92997      0.59801      0.43960      0.15840
      2.93997      0.77237      0.56724      0.20513
      2.94997      0.80651      0.58878      0.21774
      2.95997      0.79370      0.57499      0.21870
      2.96997      0.77800      0.56282      0.21518
      2.97997      0.63296      0.45923      0.17373
      2.98997      0.46255      0.33760      0.12496
      2.99997      0.44126      0.32316      0.11810
      3.00997      0.51838      0.38008      0.13830
      3.01997      0.52385      0.38511      0.13874
      3.02997      0.45395      0.33395      0.11999
      3.03997      0.40532      0.29720      0.10812
      3.04997      0.40935      0.29962      0.10974
      3.05997      0.42900      0.31285      0.11615
      3.06997      0.54252      0.39027      0.15225
      3.07997      0.88101      0.63058      0.25043
      3.08997      1.32629      0.95154      0.37475
      3.09997      1.55902      1.12055      0.43847
      3.10997      1.47336      1.05855      0.41481
      3.11997      1.38954      0.99940      0.39013
      3.12997      1.20630      0.87066      0.33564
      3.13997      0.81449      0.59040      0.22409
      3.14997      0.61065      0.44437      0.16628
      3.15997      0.59996      0.43665      0.16331
      3.16997      0.64316      0.46619      0.17697
      3.17997      0.71473      0.51519      0.19954
      3.18997      0.81117      0.58323      0.22794
      3.19997      0.90613      0.65217      0.25396
      3.20997      0.88721      0.63828      0.24893
      3.21997      0.89415      0.64092      0.25323
      3.22997      1.00616      0.72028      0.28588
      3.23997      1.19467      0.85572      0.33895
      3.24997      1.43899      1.03121      0.40778
      3.25997      1.59565      1.14275      0.45290
      3.26997      1.68919      1.20612      0.48306
      3.27997      1.83860      1.30720      0.53140
      3.28997      1.87552      1.33115      0.54437
      3.29997      1.68328      1.19547      0.48781
      3.30997      1.47094      1.04698      0.42395
      3.31997      1.21986      0.87036      0.34950
      3.32997      1.08381      0.77443      0.30938
      3.33997      1.18364      0.84373      0.33991
      3.34997      1.30703      0.92870      0.37833
      3.35997      1.57491      1.11666      0.45825
      3.36997      1.99818      1.41219      0.58598
      3.37997      2.15718      1.51777      0.63941
      3.38997      1.99926      1.40160      0.59767
      3.39997      1.84417      1.29053      0.55364
      3.40997      1.72490      1.20309      0.52181
      3.41997      1.67821      1.16786      0.51035
      3.42997      1.58360      1.10551      0.47810
      3.43997      1.60147      1.12524      0.47623
      3.44997      1.91798      1.34816      0.56982
      3.45997      2.15464      1.50714      0.64750
      3.46997      2.02466      1.41052      0.61414
      3.47997      1.62140      1.13078      0.49062
      3.48997      1.39482      0.97778      0.41704
      3.49997      1.42463      0.99844      0.42619
      3.50997      1.43045      1.00001      0.43045
      3.51997      1.38358      0.96681      0.41677
      3.52997      1.31406      0.91564      0.39842
      3.53997      1.34895      0.93345      0.41550
      3.54997      1.55085      1.06724      0.48362
      3.55997      1.81083      1.24410      0.56672
      3.56997      1.92971      1.32734      0.60236
      3.57997      1.90404      1.31247      0.59156
      3.58997      1.84453      1.27546      0.56907
      3.59997      1.79819      1.24742      0.55078
      3.60997      1.71857      1.19208      0.52649
      3.61997      1.56949      1.08222      0.48728
      3.62997      1.55009      1.06075      0.48934
      3.63997      1.61837      1.10647      0.51190
      3.64997      1.69261      1.15866      0.53395
      3.65997      1.83494      1.25823      0.57671
      3.66997      1.75660      1.20501      0.55160
      3.67997      1.41320      0.96661      0.44659
      3.68997      1.35422      0.92478      0.42945
      3.69997      1.52674      1.04046      0.48627
      3.70997      1.58911      1.07577      0.51333
      3.71997      1.77398      1.19311      0.58087
      3.72997      2.04987      1.37546      0.67441
      3.73997      2.13668      1.43566      0.70102
      3.74997      2.08662      1.40842      0.67820
      3.75997      1.94764      1.31717      0.63047
      3.76997      1.82099      1.22784      0.59315
      3.77997      1.81926      1.22223      0.59703
      3.78997      1.77820      1.19291      0.58529
      3.79997      1.67942      1.12495      0.55448
      3.80997      1.64264      1.09916      0.54349
      3.81997      1.72269      1.15482      0.56787
      3.82997      1.73983      1.16928      0.57055
      3.83997      1.54019      1.03648      0.50371
      3.84997      1.45977      0.98273      0.47705
      3.85997      1.76463      1.18652      0.57811
      3.86997      2.01525      1.34969      0.66556
      3.87997      1.86035      1.23689      0.62347
      3.88997      1.60708      1.05817      0.54891
      3.89997      1.61646      1.06019      0.55628
      3.90997      1.78125      1.17514      0.60611
      3.91997      1.72220      1.14369      0.57851
      3.92997      1.40463      0.93620      0.46843
      3.93997      1.23416      0.81917      0.41499
      3.94997      1.40644      0.92738      0.47906
      3.95997      1.75636      1.15739      0.59897
      3.96997      1.87471      1.23594      0.63876
      3.97997      1.61492      1.06352      0.55140
      3.98997      1.55118      1.02473      0.52644
      3.99997      1.68879      1.11875      0.57005
      4.00997      1.52765      1.00922      0.51843
      4.01997      1.31752      0.86592      0.45161
      4.02997      1.34085      0.87658      0.46427
      4.03997      1.68173      1.08858      0.59316
      4.04997      2.20470      1.40969      0.79501
      4.05997      2.44091      1.55004      0.89087
      4.06997      2.33503      1.47994      0.85509
      4.07997      2.14023      1.36320      0.77703
      4.08997      1.95036      1.25219      0.69817
      4.09997      1.76519      1.13564      0.62955
      4.10997      1.71150      1.10093      0.61057
      4.11997      1.81831      1.17116      0.64715
      4.12997      2.04223      1.31344      0.72879
      4.13997      2.11216      1.34734      0.76481
      4.14997      2.06581      1.30068      0.76513
      4.15997      2.10414      1.30997      0.79417
      4.16997      2.29640      1.42821      0.86819
      4.17997      2.43375      1.52156      0.91219
      4.18997      2.34884      1.46840      0.88044
      4.19997      2.29328      1.42194      0.87134
      4.20997      2.24367      1.37498      0.86870
      4.21997      2.21550      1.34564      0.86986
      4.22997      2.17237      1.31729      0.85508
      4.23997      2.24718      1.37081      0.87637
      4.24997      2.58891      1.58798      1.00093
      4.25997      2.81899      1.73540      1.08359
      4.26997      2.81658      1.73427      1.08232
      4.27997      2.69933      1.65387      1.04546
      4.28997      2.51455      1.53271      0.98183
      4.29997      2.46418      1.49166      0.97252
      4.30997      2.60412      1.55896      1.04516
      4.31997      2.70955      1.61499      1.09456
      4.32997      2.49813      1.49327      1.00487
      4.33997      2.20535      1.32157      0.88378
      4.34997      1.99190      1.19287      0.79903
      4.35997      1.87429      1.12372      0.75057
      4.36997      2.13225      1.28251      0.84973
      4.37997      2.51821      1.51612      1.00208
      4.38997      2.54495      1.53309      1.01186
      4.39997      2.39426      1.44767      0.94659
      4.40997      2.13699      1.30065      0.83634
      4.41997      1.85156      1.12595      0.72562
      4.42997      1.71942      1.03526      0.68416
      4.43997      1.74417      1.04035      0.70382
      4.44997      1.62953      0.96561      0.66392
      4.45997      1.46877      0.86585      0.60292
      4.46997      1.54161      0.91546      0.62616
      4.47997      1.68665      1.01363      0.67301
      4.48997      1.69939      1.01987      0.67951
      4.49997      1.64989      0.98117      0.66871
      4.50997      1.59053      0.94239      0.64814
      4.51997      1.44586      0.85771      0.58815
      4.52997      1.25919      0.74898      0.51022
      4.53997      1.17865      0.70257      0.47608
      4.54997      1.36317      0.80961      0.55356
      4.55997      1.66186      0.98378      0.67809
      4.56997      1.84820      1.09416      0.75405
      4.57997      1.88626      1.10529      0.78097
      4.58997      1.81606      1.04737      0.76870
      4.59997      1.67901      0.96427      0.71474
      4.60997      1.64416      0.95002      0.69414
      4.61997      1.63991      0.94899      0.69093
      4.62997      1.67006      0.95866      0.71140
      4.63997      1.78808      1.01834      0.76974
      4.64997      1.82219      1.03549      0.78670
      4.65997      1.81336      1.03436      0.77900
      4.66997      1.66566      0.95488      0.71078
      4.67997      1.49709      0.85991      0.63718
      4.68997      1.44591      0.83388      0.61203
      4.69997      1.35306      0.78512      0.56795
      4.70997      1.23515      0.72042      0.51472
      4.71997      1.12235      0.65603      0.46631
      4.72997      1.05219      0.61472      0.43747
      4.73997      1.07614      0.62716      0.44899
      4.74997      1.06384      0.60998      0.45386
      4.75997      1.15679      0.64826      0.50853
      4.76997      1.29451      0.72343      0.57107
      4.77997      1.38204      0.77204      0.61000
      4.78997      1.39151      0.77028      0.62123
      4.79997      1.27250      0.70183      0.57067
      4.80997      1.17140      0.64709      0.52431
      4.81997      1.05603      0.58388      0.47215
      4.82997      0.99126      0.55222      0.43905
      4.83997      1.03144      0.57883      0.45261
      4.84997      1.01728      0.56876      0.44852
      4.85997      0.94993      0.52754      0.42239
      4.86997      0.95320      0.52422      0.42897
      4.87997      1.04230      0.57134      0.47096
      4.88997      1.03930      0.57071      0.46859
      4.89997      0.83685      0.45964      0.37721
      4.90997      0.75317      0.40911      0.34406
      4.91997      1.03561      0.54971      0.48590
      4.92997      1.52467      0.79505      0.72962
      4.93997      2.01403      1.03992      0.97411
      4.94997      2.06566      1.06448      1.00118
      4.95997      1.74265      0.90151      0.84114
      4.96997      1.46459      0.76202      0.70257
      4.97997      1.35712      0.70992      0.64720
      4.98997      1.34956      0.71388      0.63568
      4.99997      1.28539      0.68747      0.59792
      5.00997      0.97993      0.52584      0.45409
      5.01997      0.67572      0.36311      0.31261
      5.02997      0.57937      0.31057      0.26880
      5.03997      0.53476      0.28215      0.25261
      5.04997      0.56600      0.29241      0.27359
      5.05997      0.64428      0.33052      0.31376
      5.06997      0.64383      0.32847      0.31535
      5.07997      0.64610      0.32842      0.31768
      5.08997      0.67577      0.34644      0.32934
      5.09997      0.77662      0.39996      0.37666
      5.10997      1.03324      0.52657      0.50666
      5.11997      1.36721      0.68393      0.68328
      5.12997      1.50640      0.74429      0.76211
      5.13997      1.37021      0.67890      0.69131
      5.14997      1.04581      0.52784      0.51797
      5.15997      0.79879      0.41356      0.38523
      5.16997      0.73774      0.38182      0.35592
      5.17997      0.77516      0.39271      0.38245
      5.18997      1.06239      0.53146      0.53093
      5.19997      1.40859      0.70198      0.70661
      5.20997      1.41955      0.70814      0.71141
      5.21997      1.16653      0.58211      0.58441
      5.22997      1.03611      0.51220      0.52391
      5.23997      1.13657      0.55560      0.58097
      5.24997      1.38368      0.67148      0.71220
      5.25997      1.61219      0.77693      0.83526
      5.26997      1.73253      0.82650      0.90603
      5.27997      1.79844      0.85112      0.94732
      5.28997      1.63787      0.78133      0.85654
      5.29997      1.25444      0.60899      0.64545
      5.30997      0.97678      0.48118      0.49560
      5.31997      0.88897      0.43931      0.44966
      5.32997      0.80383      0.39660      0.40723
      5.33997      0.67471      0.33651      0.33819
      5.34997      0.67258      0.34075      0.33183
      5.35997      0.73868      0.37972      0.35895
      5.36997      0.75292      0.39242      0.36050
      5.37997      0.83311      0.43825      0.39486
      5.38997      0.87661      0.46454      0.41206
      5.39997      0.70942      0.37849      0.33093
      5.40997      0.64355      0.34138      0.30217
      5.41997      0.74726      0.39474      0.35252
      5.42997      0.76333      0.40407      0.35926
      5.43997      0.71759      0.38391      0.33369
      5.44997      0.76671      0.41871      0.34801
      5.45997      0.86842      0.47625      0.39217
      5.46997      1.01610      0.55441      0.46169
      5.47997      1.16590      0.63746      0.52843
      5.48997      1.16057      0.64003      0.52054
      5.49997      1.20127      0.66692      0.53435
      5.50997      1.38257      0.76223      0.62034
