Energy-E_F (eV)    DOS (1/eV)    PDOS (1/eV)  of atom type Cd S  
     -4.99000      0.00000      0.00000      0.00000
     -4.98000      0.00000      0.00000      0.00000
     -4.97000      0.00000      0.00000      0.00000
     -4.96000      0.00000      0.00000      0.00000
     -4.95000      0.00000      0.00000      0.00000
     -4.94000      0.00000      0.00000      0.00000
     -4.93000      0.00000      0.00000      0.00000
     -4.92000      0.00000      0.00000      0.00000
     -4.91000      0.00000      0.00000      0.00000
     -4.90000      0.00000      0.00000      0.00000
     -4.89000      0.00000      0.00000      0.00000
     -4.88000      0.00000      0.00000      0.00000
     -4.87000      0.00000      0.00000      0.00000
     -4.86000      0.00000      0.00000      0.00000
     -4.85000      0.00000      0.00000      0.00000
     -4.84000      0.00000      0.00000      0.00000
     -4.83000      0.00000      0.00000      0.00000
     -4.82000      0.00000      0.00000      0.00000
     -4.81000      0.00000      0.00000      0.00000
     -4.80000      0.00000      0.00000      0.00000
     -4.79000      0.00000      0.00000      0.00000
     -4.78000      0.00000      0.00000      0.00000
     -4.77000      0.00000      0.00000      0.00000
     -4.76000      0.00000      0.00000      0.00000
     -4.75000      0.00000      0.00000      0.00000
     -4.74000      0.00000      0.00000      0.00000
     -4.73000      0.00000      0.00000      0.00000
     -4.72000      0.00000      0.00000      0.00000
     -4.71000      0.00000      0.00000      0.00000
     -4.70000      0.00000      0.00000      0.00000
     -4.69000      0.00000      0.00000      0.00000
     -4.68000      0.00000      0.00000      0.00000
     -4.67000      0.00000      0.00000      0.00000
     -4.66000      0.00000      0.00000      0.00000
     -4.65000      0.00000      0.00000      0.00000
     -4.64000      0.00000      0.00000      0.00000
     -4.63000      0.00000      0.00000      0.00000
     -4.62000      0.00000      0.00000      0.00000
     -4.61000      0.00000      0.00000      0.00000
     -4.60000      0.00000      0.00000      0.00000
     -4.59000      0.00000      0.00000      0.00000
     -4.58000      0.00000      0.00000      0.00000
     -4.57000      0.00000      0.00000      0.00000
     -4.56000      0.00000      0.00000      0.00000
     -4.55000      0.00000      0.00000      0.00000
     -4.54000      0.00000      0.00000      0.00000
     -4.53000      0.00000      0.00000      0.00000
     -4.52000      0.00000      0.00000      0.00000
     -4.51000      0.00000      0.00000      0.00000
     -4.50000      0.00000      0.00000      0.00000
     -4.49000      0.00000      0.00000      0.00000
     -4.48000      0.00000      0.00000      0.00000
     -4.47000      0.00000      0.00000      0.00000
     -4.46000      0.00000      0.00000      0.00000
     -4.45000      0.00000      0.00000      0.00000
     -4.44000      0.00000      0.00000      0.00000
     -4.43000      0.00000      0.00000      0.00000
     -4.42000      0.00000      0.00000      0.00000
     -4.41000      0.00000      0.00000      0.00000
     -4.40000      0.00000      0.00000      0.00000
     -4.39000      0.00000      0.00000      0.00000
     -4.38000      0.00000      0.00000      0.00000
     -4.37000      0.00000      0.00000      0.00000
     -4.36000     -0.00023     -0.00013     -0.00010
     -4.35000     -0.01413     -0.00807     -0.00605
     -4.34000     -0.31970     -0.18267     -0.13703
     -4.33000     -2.66127     -1.52063     -1.14064
     -4.32000     -8.14518     -4.65409     -3.49108
     -4.31000     -9.15312     -5.23004     -3.92308
     -4.30000     -3.74168     -2.13803     -1.60365
     -4.29000     -0.49085     -0.28059     -0.21026
     -4.28000      0.07136      0.04058      0.03078
     -4.27000      0.12311      0.07003      0.05308
     -4.26000      0.15916      0.09045      0.06870
     -4.25000      0.19700      0.11189      0.08511
     -4.24000      0.18734      0.10634      0.08100
     -4.23000      0.16391      0.09297      0.07094
     -4.22000      0.17305      0.09806      0.07498
     -4.21000      0.20083      0.11373      0.08710
     -4.20000      0.23803      0.13490      0.10312
     -4.19000      0.31177      0.17838      0.13339
     -4.18000      0.49407      0.28799      0.20608
     -4.17000      0.77958      0.45944      0.32015
     -4.16000      1.01482      0.60094      0.41388
     -4.15000      1.23055      0.72988      0.50066
     -4.14000      1.51972      0.90104      0.61868
     -4.13000      1.69935      1.00801      0.69135
     -4.12000      1.75980      1.04395      0.71585
     -4.11000      1.83854      1.08828      0.75026
     -4.10000      2.09681      1.23863      0.85818
     -4.09000      2.47684      1.46223      1.01461
     -4.08000      2.71401      1.60074      1.11328
     -4.07000      2.93843      1.72880      1.20963
     -4.06000      3.13740      1.84319      1.29421
     -4.05000      3.23326      1.89934      1.33392
     -4.04000      3.27247      1.91926      1.35321
     -4.03000      3.51997      2.06296      1.45701
     -4.02000      3.84904      2.25833      1.59071
     -4.01000      3.98532      2.33932      1.64600
     -4.00000      4.06289      2.38346      1.67943
     -3.99000      4.31245      2.52970      1.78275
     -3.98000      4.82331      2.83145      1.99186
     -3.97000      5.32851      3.13077      2.19773
     -3.96000      5.58083      3.27750      2.30334
     -3.95000      5.68126      3.32846      2.35280
     -3.94000      5.51305      3.22237      2.29067
     -3.93000      5.46418      3.18906      2.27512
     -3.92000      5.57216      3.24644      2.32572
     -3.91000      5.61311      3.26408      2.34903
     -3.90000      5.84750      3.39685      2.45065
     -3.89000      6.17638      3.58527      2.59111
     -3.88000      6.23894      3.61826      2.62068
     -3.87000      6.29250      3.64416      2.64834
     -3.86000      6.33314      3.66264      2.67050
     -3.85000      6.24195      3.60627      2.63569
     -3.84000      5.91236      3.41156      2.50080
     -3.83000      5.03361      2.89972      2.13389
     -3.82000      4.10685      2.36104      1.74581
     -3.81000      3.77700      2.16811      1.60890
     -3.80000      3.73865      2.14473      1.59392
     -3.79000      3.66662      2.10095      1.56566
     -3.78000      3.29970      1.88578      1.41392
     -3.77000      2.78118      1.58428      1.19690
     -3.76000      2.73990      1.55584      1.18406
     -3.75000      3.35300      1.90232      1.45068
     -3.74000      3.68520      2.09280      1.59240
     -3.73000      3.02921      1.72032      1.30889
     -3.72000      2.21273      1.25402      0.95871
     -3.71000      2.01391      1.13923      0.87468
     -3.70000      2.27768      1.28747      0.99021
     -3.69000      2.63801      1.48895      1.14906
     -3.68000      2.77692      1.56316      1.21376
     -3.67000      2.80407      1.57264      1.23143
     -3.66000      2.70296      1.51078      1.19217
     -3.65000      2.55262      1.42667      1.12595
     -3.64000      2.33502      1.30885      1.02617
     -3.63000      2.14814      1.20517      0.94297
     -3.62000      2.12622      1.18910      0.93712
     -3.61000      2.21428      1.23227      0.98202
     -3.60000      2.23516      1.23945      0.99572
     -3.59000      2.23524      1.23750      0.99775
     -3.58000      2.41694      1.33647      1.08047
     -3.57000      2.52653      1.39408      1.13244
     -3.56000      2.48882      1.36897      1.11985
     -3.55000      2.60129      1.42596      1.17532
     -3.54000      2.95661      1.61522      1.34139
     -3.53000      3.02790      1.65201      1.37589
     -3.52000      2.53073      1.38283      1.14791
     -3.51000      2.19629      1.20128      0.99501
     -3.50000      2.20498      1.20464      1.00034
     -3.49000      2.37176      1.29207      1.07969
     -3.48000      2.48391      1.34974      1.13416
     -3.47000      2.44884      1.32783      1.12101
     -3.46000      2.47414      1.33779      1.13635
     -3.45000      2.42712      1.30937      1.11776
     -3.44000      2.34185      1.26190      1.07995
     -3.43000      2.23860      1.20553      1.03307
     -3.42000      2.12781      1.14169      0.98612
     -3.41000      2.18196      1.16500      1.01697
     -3.40000      2.31733      1.23443      1.08290
     -3.39000      2.49095      1.32284      1.16811
     -3.38000      2.50454      1.32669      1.17785
     -3.37000      2.09470      1.11135      0.98335
     -3.36000      1.65412      0.88102      0.77310
     -3.35000      1.51710      0.80699      0.71010
     -3.34000      1.59507      0.84455      0.75052
     -3.33000      1.67295      0.88452      0.78842
     -3.32000      1.50954      0.79945      0.71009
     -3.31000      1.23822      0.65577      0.58245
     -3.30000      1.28927      0.68115      0.60812
     -3.29000      1.55864      0.82194      0.73669
     -3.28000      1.61842      0.85106      0.76736
     -3.27000      1.45520      0.76230      0.69290
     -3.26000      1.33842      0.69900      0.63942
     -3.25000      1.37023      0.71502      0.65521
     -3.24000      1.37152      0.71493      0.65658
     -3.23000      1.34077      0.69700      0.64377
     -3.22000      1.59559      0.82537      0.77021
     -3.21000      1.98743      1.02236      0.96506
     -3.20000      1.99886      1.02657      0.97229
     -3.19000      1.59104      0.81964      0.77140
     -3.18000      1.19748      0.61802      0.57946
     -3.17000      1.11087      0.57083      0.54003
     -3.16000      1.13412      0.57937      0.55475
     -3.15000      1.08463      0.55497      0.52966
     -3.14000      1.05927      0.54454      0.51473
     -3.13000      1.05704      0.54239      0.51465
     -3.12000      1.04308      0.53159      0.51149
     -3.11000      1.04259      0.52994      0.51265
     -3.10000      1.05251      0.53739      0.51512
     -3.09000      1.17447      0.59915      0.57532
     -3.08000      1.33230      0.67337      0.65892
     -3.07000      1.33428      0.66705      0.66723
     -3.06000      1.08022      0.53439      0.54583
     -3.05000      0.93208      0.45664      0.47544
     -3.04000      1.04919      0.51251      0.53668
     -3.03000      1.22880      0.59922      0.62958
     -3.02000      1.38684      0.66760      0.71924
     -3.01000      1.51611      0.72850      0.78761
     -3.00000      1.50941      0.73409      0.77532
     -2.99000      1.31515      0.63697      0.67818
     -2.98000      1.17494      0.55405      0.62089
     -2.97000      1.19107      0.54213      0.64894
     -2.96000      1.13470      0.50486      0.62984
     -2.95000      0.99786      0.44457      0.55330
     -2.94000      0.98577      0.44314      0.54263
     -2.93000      1.02883      0.47215      0.55669
     -2.92000      1.16813      0.53971      0.62843
     -2.91000      1.25282      0.56790      0.68492
     -2.90000      1.13072      0.50489      0.62583
     -2.89000      1.02735      0.45519      0.57216
     -2.88000      1.05014      0.46364      0.58651
     -2.87000      1.15839      0.50601      0.65237
     -2.86000      1.22731      0.53807      0.68924
     -2.85000      1.30362      0.57881      0.72481
     -2.84000      1.24001      0.54769      0.69232
     -2.83000      1.10047      0.47655      0.62392
     -2.82000      1.17779      0.49883      0.67896
     -2.81000      1.41491      0.60123      0.81368
     -2.80000      1.48644      0.63555      0.85089
     -2.79000      1.40762      0.61033      0.79729
     -2.78000      1.27961      0.55648      0.72313
     -2.77000      1.15451      0.48953      0.66498
     -2.76000      1.09918      0.44592      0.65326
     -2.75000      1.10249      0.43832      0.66417
     -2.74000      1.22439      0.49344      0.73095
     -2.73000      1.32051      0.54160      0.77891
     -2.72000      1.28325      0.53222      0.75103
     -2.71000      1.15951      0.47943      0.68008
     -2.70000      1.11747      0.44459      0.67288
     -2.69000      1.12027      0.43312      0.68715
     -2.68000      1.12458      0.44440      0.68017
     -2.67000      1.27658      0.51319      0.76339
     -2.66000      1.33666      0.53312      0.80354
     -2.65000      1.31513      0.51166      0.80347
     -2.64000      1.63471      0.61878      1.01593
     -2.63000      2.19207      0.81484      1.37722
     -2.62000      2.60517      0.96226      1.64290
     -2.61000      2.75771      1.02304      1.73467
     -2.60000      2.72486      1.01130      1.71356
     -2.59000      2.73679      1.02155      1.71524
     -2.58000      2.70974      1.00515      1.70460
     -2.57000      2.62567      0.95861      1.66706
     -2.56000      2.55985      0.93300      1.62685
     -2.55000      2.41690      0.87801      1.53889
     -2.54000      2.33704      0.84002      1.49702
     -2.53000      2.52638      0.91281      1.61357
     -2.52000      2.68238      0.97509      1.70729
     -2.51000      2.59407      0.93808      1.65600
     -2.50000      2.40450      0.86259      1.54191
     -2.49000      2.20633      0.78656      1.41977
     -2.48000      2.08656      0.74126      1.34530
     -2.47000      2.20798      0.78823      1.41975
     -2.46000      2.50043      0.90026      1.60018
     -2.45000      2.59025      0.93380      1.65645
     -2.44000      2.45394      0.87927      1.57466
     -2.43000      2.31735      0.82857      1.48878
     -2.42000      2.12168      0.75548      1.36620
     -2.41000      2.01079      0.71440      1.29639
     -2.40000      2.04508      0.72383      1.32125
     -2.39000      2.08662      0.73046      1.35616
     -2.38000      2.14858      0.74926      1.39932
     -2.37000      2.21117      0.77917      1.43200
     -2.36000      2.28904      0.81634      1.47270
     -2.35000      2.40964      0.86233      1.54730
     -2.34000      2.40937      0.85725      1.55212
     -2.33000      2.23925      0.78395      1.45530
     -2.32000      2.13577      0.73794      1.39783
     -2.31000      2.19863      0.75885      1.43979
     -2.30000      2.19103      0.75151      1.43952
     -2.29000      2.08153      0.70317      1.37836
     -2.28000      2.05099      0.69427      1.35672
     -2.27000      2.06640      0.70768      1.35871
     -2.26000      2.17812      0.73589      1.44223
     -2.25000      2.34615      0.78387      1.56228
     -2.24000      2.48608      0.83523      1.65085
     -2.23000      2.56230      0.87103      1.69127
     -2.22000      2.52224      0.86690      1.65534
     -2.21000      2.42466      0.83843      1.58623
     -2.20000      2.42117      0.83188      1.58929
     -2.19000      2.44347      0.82377      1.61970
     -2.18000      2.36211      0.78563      1.57649
     -2.17000      2.39109      0.78785      1.60324
     -2.16000      2.69185      0.87329      1.81856
     -2.15000      2.94005      0.94610      1.99395
     -2.14000      3.04639      0.98276      2.06363
     -2.13000      2.99243      0.96539      2.02704
     -2.12000      2.78653      0.90380      1.88274
     -2.11000      2.75413      0.90733      1.84680
     -2.10000      2.88582      0.95782      1.92799
     -2.09000      2.84783      0.93903      1.90880
     -2.08000      2.64135      0.84952      1.79183
     -2.07000      2.39567      0.75319      1.64249
     -2.06000      2.28238      0.71753      1.56485
     -2.05000      2.41956      0.76440      1.65516
     -2.04000      2.75233      0.86798      1.88435
     -2.03000      3.00018      0.94469      2.05548
     -2.02000      3.07916      0.96965      2.10951
     -2.01000      3.03005      0.95842      2.07164
     -2.00000      2.95389      0.93082      2.02306
     -1.99000      3.02052      0.94468      2.07584
     -1.98000      3.14079      0.98733      2.15346
     -1.97000      3.16593      1.00116      2.16478
     -1.96000      3.16175      0.98861      2.17314
     -1.95000      3.20727      0.98856      2.21871
     -1.94000      3.18147      0.98374      2.19773
     -1.93000      3.02548      0.94445      2.08103
     -1.92000      3.00148      0.93856      2.06292
     -1.91000      3.19065      0.98290      2.20775
     -1.90000      3.08034      0.93523      2.14511
     -1.89000      2.82054      0.85331      1.96723
     -1.88000      3.03888      0.92336      2.11552
     -1.87000      3.55690      1.07239      2.48451
     -1.86000      3.84052      1.15077      2.68975
     -1.85000      3.79797      1.14407      2.65390
     -1.84000      3.59428      1.07399      2.52029
     -1.83000      3.40456      1.00131      2.40326
     -1.82000      3.31577      0.96623      2.34954
     -1.81000      3.38732      0.98693      2.40039
     -1.80000      3.33137      0.97210      2.35927
     -1.79000      3.28998      0.96252      2.32746
     -1.78000      3.46213      1.01722      2.44491
     -1.77000      3.63116      1.07079      2.56037
     -1.76000      3.54502      1.04788      2.49714
     -1.75000      3.44285      1.01108      2.43177
     -1.74000      3.58787      1.04396      2.54391
     -1.73000      3.62572      1.05217      2.57355
     -1.72000      3.65482      1.05706      2.59776
     -1.71000      3.78975      1.09470      2.69505
     -1.70000      3.71478      1.07501      2.63977
     -1.69000      3.46160      1.00024      2.46137
     -1.68000      3.43624      0.98994      2.44630
     -1.67000      3.38737      0.97406      2.41330
     -1.66000      3.35687      0.96274      2.39413
     -1.65000      3.59338      1.02729      2.56610
     -1.64000      3.75326      1.06638      2.68688
     -1.63000      3.85023      1.09617      2.75406
     -1.62000      3.87972      1.11745      2.76228
     -1.61000      3.82783      1.10836      2.71947
     -1.60000      3.67032      1.05308      2.61724
     -1.59000      3.44164      0.96419      2.47744
     -1.58000      3.33022      0.91409      2.41614
     -1.57000      3.35342      0.91846      2.43496
     -1.56000      3.66042      1.00785      2.65257
     -1.55000      4.02475      1.10632      2.91843
     -1.54000      4.31443      1.17825      3.13618
     -1.53000      4.38125      1.19809      3.18316
     -1.52000      4.09119      1.12967      2.96152
     -1.51000      3.79799      1.05314      2.74484
     -1.50000      3.81905      1.05215      2.76690
     -1.49000      3.92325      1.07558      2.84767
     -1.48000      3.72621      1.02191      2.70430
     -1.47000      3.53205      0.96766      2.56439
     -1.46000      3.79104      1.03283      2.75822
     -1.45000      4.15922      1.12584      3.03339
     -1.44000      4.11191      1.11359      2.99832
     -1.43000      3.83740      1.04048      2.79692
     -1.42000      3.99558      1.07444      2.92114
     -1.41000      4.27620      1.14302      3.13318
     -1.40000      4.27208      1.14271      3.12938
     -1.39000      4.16615      1.11403      3.05212
     -1.38000      4.17765      1.11087      3.06679
     -1.37000      4.12538      1.09179      3.03358
     -1.36000      4.05823      1.07186      2.98637
     -1.35000      4.25303      1.13187      3.12117
     -1.34000      4.61651      1.23508      3.38143
     -1.33000      4.77358      1.26646      3.50712
     -1.32000      4.59141      1.20938      3.38203
     -1.31000      4.35269      1.14737      3.20532
     -1.30000      4.12553      1.08647      3.03906
     -1.29000      4.19732      1.10378      3.09354
     -1.28000      4.61403      1.20162      3.41240
     -1.27000      4.87191      1.25059      3.62133
     -1.26000      5.17076      1.32120      3.84956
     -1.25000      5.47379      1.39855      4.07525
     -1.24000      5.18181      1.31888      3.86293
     -1.23000      4.80474      1.22221      3.58253
     -1.22000      4.89179      1.24900      3.64279
     -1.21000      5.12889      1.31018      3.81871
     -1.20000      4.89711      1.25253      3.64458
     -1.19000      4.67774      1.18776      3.48998
     -1.18000      4.90751      1.23194      3.67557
     -1.17000      5.16233      1.29625      3.86608
     -1.16000      5.38123      1.35537      4.02585
     -1.15000      5.72632      1.43485      4.29147
     -1.14000      6.10885      1.51443      4.59442
     -1.13000      6.16971      1.52036      4.64935
     -1.12000      5.84700      1.43804      4.40896
     -1.11000      5.70607      1.40173      4.30434
     -1.10000      5.82160      1.42293      4.39867
     -1.09000      5.94395      1.44036      4.50359
     -1.08000      6.33960      1.52903      4.81057
     -1.07000      6.24911      1.50552      4.74358
     -1.06000      6.03375      1.45557      4.57818
     -1.05000      6.59505      1.58298      5.01207
     -1.04000      7.41671      1.76363      5.65308
     -1.03000      7.45453      1.76798      5.68655
     -1.02000      6.78773      1.61711      5.17062
     -1.01000      6.65862      1.58756      5.07106
     -1.00000      6.60251      1.56638      5.03613
     -0.99000      5.90722      1.39917      4.50804
     -0.98000      5.28026      1.25219      4.02807
     -0.97000      5.16682      1.22280      3.94402
     -0.96000      5.42367      1.27902      4.14465
     -0.95000      5.67927      1.33442      4.34485
     -0.94000      5.57577      1.30734      4.26842
     -0.93000      5.00629      1.17202      3.83427
     -0.92000      4.50138      1.05250      3.44888
     -0.91000      4.43709      1.03477      3.40232
     -0.90000      4.86808      1.13007      3.73802
     -0.89000      5.31784      1.23076      4.08708
     -0.88000      5.25575      1.21788      4.03787
     -0.87000      4.78214      1.10895      3.67319
     -0.86000      4.38448      1.01311      3.37137
     -0.85000      4.26800      0.98127      3.28674
     -0.84000      4.28802      0.98182      3.30620
     -0.83000      4.26253      0.97245      3.29008
     -0.82000      4.23826      0.96349      3.27477
     -0.81000      4.45852      1.01186      3.44665
     -0.80000      4.49452      1.02054      3.47398
     -0.79000      3.13694      0.71560      2.42134
     -0.78000     -3.55542     -0.79139     -2.76404
     -0.77000    -14.13949     -3.17658    -10.96291
     -0.76000    -11.88950     -2.67580     -9.21369
     -0.75000     -1.29275     -0.29616     -0.99659
     -0.74000      3.07691      0.68379      2.39312
     -0.73000      3.58249      0.79147      2.79102
     -0.72000      3.71963      0.81489      2.90474
     -0.71000      3.77099      0.82600      2.94499
     -0.70000      3.33696      0.73769      2.59927
     -0.69000      3.09763      0.69093      2.40670
     -0.68000      3.20762      0.70936      2.49826
     -0.67000      3.16637      0.69162      2.47475
     -0.66000      3.21166      0.69868      2.51298
     -0.65000      3.37443      0.73444      2.63999
     -0.64000      3.24166      0.70275      2.53891
     -0.63000      2.65808      0.57314      2.08495
     -0.62000      2.30268      0.49488      1.80780
     -0.61000      2.52427      0.54333      1.98094
     -0.60000      2.85470      0.61408      2.24062
     -0.59000      3.10776      0.66315      2.44460
     -0.58000      2.86139      0.60687      2.25452
     -0.57000      2.28002      0.48768      1.79233
     -0.56000      2.15978      0.46520      1.69458
     -0.55000      2.37594      0.50617      1.86976
     -0.54000      2.73810      0.57603      2.16207
     -0.53000      2.89907      0.60827      2.29080
     -0.52000      2.44663      0.51371      1.93292
     -0.51000      1.89844      0.39501      1.50343
     -0.50000      1.76180      0.36317      1.39863
     -0.49000      2.12154      0.43685      1.68469
     -0.48000      2.49293      0.51178      1.98115
     -0.47000      2.21034      0.45263      1.75771
     -0.46000      1.78347      0.36554      1.41793
     -0.45000      1.79724      0.36944      1.42779
     -0.44000      2.06206      0.42202      1.64004
     -0.43000      2.29262      0.46532      1.82729
     -0.42000      2.16148      0.43530      1.72618
     -0.41000      1.82436      0.36598      1.45838
     -0.40000      1.62942      0.32764      1.30178
     -0.39000      1.62162      0.32448      1.29713
     -0.38000      1.80041      0.35581      1.44460
     -0.37000      1.75192      0.34527      1.40665
     -0.36000      1.57437      0.31134      1.26303
     -0.35000      1.51326      0.29879      1.21447
     -0.34000      1.53910      0.30096      1.23814
     -0.33000      1.71417      0.33258      1.38160
     -0.32000      1.75026      0.34102      1.40924
     -0.31000      1.67994      0.33023      1.34971
     -0.30000      1.49874      0.29336      1.20538
     -0.29000      1.35209      0.26012      1.09197
     -0.28000      1.26841      0.24123      1.02718
     -0.27000      1.22085      0.23104      0.98981
     -0.26000      1.36952      0.25860      1.11093
     -0.25000      1.38153      0.26188      1.11965
     -0.24000      1.23116      0.23356      0.99760
     -0.23000      1.18000      0.22147      0.95852
     -0.22000      1.32500      0.24655      1.07845
     -0.21000      1.37782      0.25561      1.12221
     -0.20000      1.07902      0.19978      0.87923
     -0.19000      0.87676      0.16116      0.71561
     -0.18000      0.99596      0.18150      0.81446
     -0.17000      1.09564      0.19894      0.89670
     -0.16000      0.96657      0.17595      0.79061
     -0.15000      0.92543      0.16816      0.75727
     -0.14000      1.00314      0.18057      0.82257
     -0.13000      0.95838      0.17185      0.78653
     -0.12000      0.79778      0.14281      0.65497
     -0.11000      0.74013      0.13134      0.60879
     -0.10000      0.74671      0.13163      0.61508
     -0.09000      0.70209      0.12321      0.57888
     -0.08000      0.67103      0.11707      0.55396
     -0.07000      0.64726      0.11242      0.53485
     -0.06000      0.57241      0.09943      0.47297
     -0.05000      0.39397      0.06752      0.32644
     -0.04000     -0.89969     -0.16407     -0.73563
     -0.03000     -5.82787     -1.04235     -4.78552
     -0.02000    -12.28015     -2.16165    -10.11851
     -0.01000    -17.83946     -3.02629    -14.81317
      0.00000    -21.04395     -3.49111    -17.55284
      0.01000    -12.08153     -1.99520    -10.08632
      0.02000     -2.67582     -0.44161     -2.23421
      0.03000     -0.21944     -0.03621     -0.18323
      0.04000     -0.00663     -0.00109     -0.00553
      0.05000      0.00000      0.00000      0.00000
      0.06000      0.00000      0.00000      0.00000
      0.07000      0.00000      0.00000      0.00000
      0.08000      0.00000      0.00000      0.00000
      0.09000      0.00000      0.00000      0.00000
      0.10000      0.00000      0.00000      0.00000
      0.11000      0.00000      0.00000      0.00000
      0.12000      0.00000      0.00000      0.00000
      0.13000      0.00000      0.00000      0.00000
      0.14000      0.00000      0.00000      0.00000
      0.15000      0.00000      0.00000      0.00000
      0.16000      0.00000      0.00000      0.00000
      0.17000      0.00000      0.00000      0.00000
      0.18000      0.00000      0.00000      0.00000
      0.19000      0.00000      0.00000      0.00000
      0.20000      0.00000      0.00000      0.00000
      0.21000      0.00000      0.00000      0.00000
      0.22000      0.00000      0.00000      0.00000
      0.23000      0.00000      0.00000      0.00000
      0.24000      0.00000      0.00000      0.00000
      0.25000      0.00000      0.00000      0.00000
      0.26000      0.00000      0.00000      0.00000
      0.27000      0.00000      0.00000      0.00000
      0.28000      0.00000      0.00000      0.00000
      0.29000      0.00000      0.00000      0.00000
      0.30000      0.00000      0.00000      0.00000
      0.31000      0.00000      0.00000      0.00000
      0.32000      0.00000      0.00000      0.00000
      0.33000      0.00000      0.00000      0.00000
      0.34000      0.00000      0.00000      0.00000
      0.35000      0.00000      0.00000      0.00000
      0.36000      0.00000      0.00000      0.00000
      0.37000      0.00000      0.00000      0.00000
      0.38000      0.00000      0.00000      0.00000
      0.39000      0.00000      0.00000      0.00000
      0.40000      0.00000      0.00000      0.00000
      0.41000      0.00000      0.00000      0.00000
      0.42000      0.00000      0.00000      0.00000
      0.43000      0.00000      0.00000      0.00000
      0.44000      0.00000      0.00000      0.00000
      0.45000      0.00000      0.00000      0.00000
      0.46000      0.00000      0.00000      0.00000
      0.47000      0.00000      0.00000      0.00000
      0.48000      0.00000      0.00000      0.00000
      0.49000      0.00000      0.00000      0.00000
      0.50000      0.00000      0.00000      0.00000
      0.51000      0.00000      0.00000      0.00000
      0.52000      0.00000      0.00000      0.00000
      0.53000      0.00000      0.00000      0.00000
      0.54000      0.00000      0.00000      0.00000
      0.55000      0.00000      0.00000      0.00000
      0.56000      0.00000      0.00000      0.00000
      0.57000      0.00000      0.00000      0.00000
      0.58000      0.00000      0.00000      0.00000
      0.59000      0.00000      0.00000      0.00000
      0.60000      0.00000      0.00000      0.00000
      0.61000      0.00000      0.00000      0.00000
      0.62000      0.00000      0.00000      0.00000
      0.63000      0.00000      0.00000      0.00000
      0.64000      0.00000      0.00000      0.00000
      0.65000      0.00000      0.00000      0.00000
      0.66000      0.00000      0.00000      0.00000
      0.67000      0.00000      0.00000      0.00000
      0.68000      0.00000      0.00000      0.00000
      0.69000      0.00000      0.00000      0.00000
      0.70000      0.00000      0.00000      0.00000
      0.71000      0.00000      0.00000      0.00000
      0.72000      0.00000      0.00000      0.00000
      0.73000      0.00000      0.00000      0.00000
      0.74000      0.00000      0.00000      0.00000
      0.75000      0.00000      0.00000      0.00000
      0.76000      0.00000      0.00000      0.00000
      0.77000      0.00000      0.00000      0.00000
      0.78000      0.00000      0.00000      0.00000
      0.79000      0.00000      0.00000      0.00000
      0.80000      0.00000      0.00000      0.00000
      0.81000      0.00000      0.00000      0.00000
      0.82000      0.00000      0.00000      0.00000
      0.83000      0.00000      0.00000      0.00000
      0.84000      0.00000      0.00000      0.00000
      0.85000      0.00000      0.00000      0.00000
      0.86000      0.00000      0.00000      0.00000
      0.87000      0.00000      0.00000      0.00000
      0.88000      0.00000      0.00000      0.00000
      0.89000      0.00000      0.00000      0.00000
      0.90000      0.00000      0.00000      0.00000
      0.91000      0.00000      0.00000      0.00000
      0.92000      0.00000      0.00000      0.00000
      0.93000      0.00000      0.00000      0.00000
      0.94000      0.00000      0.00000      0.00000
      0.95000      0.00000      0.00000      0.00000
      0.96000      0.00000      0.00000      0.00000
      0.97000      0.00000      0.00000      0.00000
      0.98000      0.00000      0.00000      0.00000
      0.99000      0.00000      0.00000      0.00000
      1.00000      0.00000      0.00000      0.00000
      1.01000      0.00000      0.00000      0.00000
      1.02000      0.00000      0.00000      0.00000
      1.03000      0.00000      0.00000      0.00000
      1.04000      0.00000      0.00000      0.00000
      1.05000      0.00000      0.00000      0.00000
      1.06000      0.00000      0.00000      0.00000
      1.07000      0.00000      0.00000      0.00000
      1.08000      0.00000      0.00000      0.00000
      1.09000      0.00000      0.00000      0.00000
      1.10000      0.00000      0.00000      0.00000
      1.11000      0.00000      0.00000      0.00000
      1.12000      0.00000      0.00000      0.00000
      1.13000     -0.00277     -0.00262     -0.00015
      1.14000     -0.09597     -0.09080     -0.00517
      1.15000     -1.22238     -1.15649     -0.06589
      1.16000     -5.72752     -5.41879     -0.30874
      1.17000     -9.87260     -9.34043     -0.53217
      1.18000     -6.26039     -5.92293     -0.33746
      1.19000     -1.46024     -1.38153     -0.07871
      1.20000     -0.12288     -0.11632     -0.00656
      1.21000      0.00841      0.00764      0.00077
      1.22000      0.02288      0.02105      0.00183
      1.23000      0.01564      0.01439      0.00125
      1.24000      0.00392      0.00361      0.00031
      1.25000      0.00037      0.00034      0.00003
      1.26000      0.00017      0.00015      0.00002
      1.27000      0.00228      0.00203      0.00025
      1.28000      0.01253      0.01116      0.00137
      1.29000      0.02893      0.02574      0.00319
      1.30000      0.03515      0.03122      0.00392
      1.31000      0.02579      0.02287      0.00291
      1.32000      0.00943      0.00836      0.00107
      1.33000      0.00141      0.00125      0.00016
      1.34000      0.00038      0.00033      0.00005
      1.35000      0.00345      0.00298      0.00046
      1.36000      0.01469      0.01272      0.00197
      1.37000      0.02306      0.01996      0.00310
      1.38000      0.01347      0.01166      0.00181
      1.39000      0.00568      0.00488      0.00080
      1.40000      0.01855      0.01583      0.00272
      1.41000      0.04330      0.03694      0.00636
      1.42000      0.03787      0.03230      0.00557
      1.43000      0.01521      0.01295      0.00226
      1.44000      0.01602      0.01357      0.00245
      1.45000      0.02828      0.02391      0.00438
      1.46000      0.03565      0.03003      0.00562
      1.47000      0.04953      0.04156      0.00796
      1.48000      0.05807      0.04865      0.00942
      1.49000      0.04274      0.03577      0.00698
      1.50000      0.02991      0.02497      0.00494
      1.51000      0.02216      0.01847      0.00369
      1.52000      0.01782      0.01478      0.00303
      1.53000      0.02352      0.01946      0.00406
      1.54000      0.01806      0.01493      0.00313
      1.55000      0.01646      0.01355      0.00292
      1.56000      0.03801      0.03122      0.00679
      1.57000      0.04359      0.03580      0.00780
      1.58000      0.02232      0.01830      0.00401
      1.59000      0.02499      0.02040      0.00459
      1.60000      0.04847      0.03953      0.00894
      1.61000      0.05734      0.04671      0.01063
      1.62000      0.07184      0.05843      0.01340
      1.63000      0.06662      0.05415      0.01247
      1.64000      0.03973      0.03223      0.00750
      1.65000      0.02756      0.02230      0.00526
      1.66000      0.02281      0.01844      0.00437
      1.67000      0.02594      0.02096      0.00498
      1.68000      0.02697      0.02173      0.00524
      1.69000      0.04057      0.03257      0.00800
      1.70000      0.04466      0.03582      0.00883
      1.71000      0.02595      0.02079      0.00516
      1.72000      0.04210      0.03361      0.00850
      1.73000      0.09470      0.07554      0.01915
      1.74000      0.11672      0.09305      0.02367
      1.75000      0.10712      0.08534      0.02179
      1.76000      0.07270      0.05789      0.01480
      1.77000      0.03791      0.03014      0.00777
      1.78000      0.04865      0.03856      0.01009
      1.79000      0.06586      0.05217      0.01369
      1.80000      0.06238      0.04941      0.01296
      1.81000      0.05690      0.04509      0.01180
      1.82000      0.03661      0.02902      0.00760
      1.83000      0.03129      0.02467      0.00662
      1.84000      0.07434      0.05850      0.01584
      1.85000      0.10771      0.08476      0.02295
      1.86000      0.09724      0.07647      0.02077
      1.87000      0.09713      0.07624      0.02090
      1.88000      0.09088      0.07124      0.01963
      1.89000      0.05974      0.04679      0.01295
      1.90000      0.04497      0.03517      0.00980
      1.91000      0.05703      0.04457      0.01246
      1.92000      0.06667      0.05212      0.01455
      1.93000      0.06578      0.05143      0.01435
      1.94000      0.06220      0.04854      0.01367
      1.95000      0.07495      0.05836      0.01659
      1.96000      0.09125      0.07100      0.02025
      1.97000      0.09649      0.07501      0.02148
      1.98000      0.07616      0.05916      0.01700
      1.99000      0.05568      0.04325      0.01243
      2.00000      0.09271      0.07197      0.02074
      2.01000      0.11331      0.08788      0.02543
      2.02000      0.09407      0.07286      0.02121
      2.03000      0.14115      0.10922      0.03193
      2.04000      0.17804      0.13772      0.04032
      2.05000      0.12350      0.09546      0.02804
      2.06000      0.07147      0.05516      0.01632
      2.07000      0.06894      0.05313      0.01581
      2.08000      0.08018      0.06175      0.01843
      2.09000      0.09086      0.06996      0.02090
      2.10000      0.09383      0.07230      0.02152
      2.11000      0.09856      0.07596      0.02260
      2.12000      0.13766      0.10586      0.03180
      2.13000      0.16080      0.12353      0.03727
      2.14000      0.15065      0.11568      0.03497
      2.15000      0.16420      0.12599      0.03821
      2.16000      0.12779      0.09798      0.02980
      2.17000      0.08791      0.06734      0.02057
      2.18000      0.09005      0.06903      0.02102
      2.19000      0.10922      0.08379      0.02543
      2.20000      0.16102      0.12333      0.03769
      2.21000      0.17232      0.13187      0.04045
      2.22000      0.12620      0.09659      0.02961
      2.23000      0.09861      0.07542      0.02320
      2.24000      0.07907      0.06037      0.01870
      2.25000      0.06858      0.05230      0.01628
      2.26000      0.08952      0.06822      0.02130
      2.27000      0.13935      0.10618      0.03317
      2.28000      0.20467      0.15605      0.04863
      2.29000      0.22502      0.17159      0.05343
      2.30000      0.18558      0.14140      0.04418
      2.31000      0.14204      0.10816      0.03388
      2.32000      0.11032      0.08395      0.02637
      2.33000      0.08296      0.06297      0.02000
      2.34000      0.07713      0.05845      0.01869
      2.35000      0.14182      0.10760      0.03422
      2.36000      0.25526      0.19382      0.06144
      2.37000      0.30636      0.23258      0.07379
      2.38000      0.28118      0.21333      0.06785
      2.39000      0.19973      0.15155      0.04819
      2.40000      0.10531      0.07992      0.02538
      2.41000      0.09740      0.07372      0.02368
      2.42000      0.15067      0.11394      0.03673
      2.43000      0.17549      0.13272      0.04277
      2.44000      0.20097      0.15204      0.04893
      2.45000      0.21971      0.16643      0.05328
      2.46000      0.19786      0.14994      0.04792
      2.47000      0.18275      0.13826      0.04449
      2.48000      0.19322      0.14607      0.04715
      2.49000      0.18195      0.13749      0.04446
      2.50000      0.17965      0.13565      0.04400
      2.51000      0.24118      0.18202      0.05916
      2.52000      0.29873      0.22532      0.07341
      2.53000      0.26353      0.19879      0.06474
      2.54000      0.22814      0.17224      0.05590
      2.55000      0.22925      0.17306      0.05618
      2.56000      0.20004      0.15089      0.04915
      2.57000      0.13272      0.10003      0.03269
      2.58000      0.08617      0.06487      0.02130
      2.59000      0.14527      0.10936      0.03591
      2.60000      0.21806      0.16431      0.05376
      2.61000      0.24969      0.18817      0.06152
      2.62000      0.26861      0.20226      0.06636
      2.63000      0.26967      0.20297      0.06670
      2.64000      0.26859      0.20211      0.06649
      2.65000      0.27062      0.20328      0.06733
      2.66000      0.29502      0.22121      0.07381
      2.67000      0.32026      0.24004      0.08022
      2.68000      0.34057      0.25533      0.08523
      2.69000      0.28974      0.21833      0.07141
      2.70000     -0.36267     -0.25522     -0.10744
      2.71000     -3.71658     -2.68070     -1.03588
      2.72000     -9.03472     -6.52455     -2.51016
      2.73000     -7.75616     -5.59945     -2.15671
      2.74000     -2.17498     -1.56268     -0.61230
      2.75000      0.11453      0.09261      0.02192
      2.76000      0.34749      0.25958      0.08792
      2.77000      0.40057      0.29873      0.10183
      2.78000      0.45496      0.33850      0.11646
      2.79000      0.38303      0.28395      0.09907
      2.80000      0.30366      0.22477      0.07890
      2.81000      0.33026      0.24509      0.08516
      2.82000      0.42406      0.31557      0.10848
      2.83000      0.45624      0.33974      0.11650
      2.84000      0.41430      0.30791      0.10639
      2.85000      0.41629      0.30787      0.10842
      2.86000      0.55140      0.40656      0.14483
      2.87000      0.63868      0.47155      0.16713
      2.88000      0.56756      0.41918      0.14838
      2.89000      0.48488      0.35709      0.12779
      2.90000      0.45877      0.33723      0.12155
      2.91000      0.49387      0.36380      0.13007
      2.92000      0.56054      0.41407      0.14647
      2.93000      0.59681      0.44126      0.15555
      2.94000      0.47368      0.34993      0.12374
      2.95000      0.33521      0.24601      0.08920
      2.96000      0.41778      0.30426      0.11351
      2.97000      0.66381      0.48442      0.17939
      2.98000      0.82973      0.60803      0.22169
      2.99000      0.85319      0.62661      0.22658
      3.00000      0.80020      0.58784      0.21235
      3.01000      0.68860      0.50564      0.18296
      3.02000      0.60509      0.44445      0.16064
      3.03000      0.58320      0.42880      0.15440
      3.04000      0.58163      0.42805      0.15358
      3.05000      0.56429      0.41461      0.14968
      3.06000      0.56567      0.41217      0.15350
      3.07000      0.59100      0.42842      0.16258
      3.08000      0.63731      0.46278      0.17453
      3.09000      0.72756      0.52799      0.19957
      3.10000      0.84084      0.61022      0.23062
      3.11000      0.87103      0.63403      0.23700
      3.12000      0.83633      0.60950      0.22682
      3.13000      0.74474      0.54193      0.20281
      3.14000      0.59824      0.43321      0.16504
      3.15000      0.55622      0.40099      0.15523
      3.16000      0.60183      0.43439      0.16744
      3.17000      0.71353      0.51778      0.19576
      3.18000      0.93019      0.67582      0.25437
      3.19000      1.03266      0.74877      0.28388
      3.20000      0.82169      0.59438      0.22732
      3.21000      0.59046      0.42609      0.16437
      3.22000      0.64547      0.46747      0.17800
      3.23000      0.73404      0.53201      0.20202
      3.24000      0.69763      0.50293      0.19470
      3.25000      0.77114      0.55421      0.21693
      3.26000      1.24203      0.89318      0.34885
      3.27000      1.87797      1.35129      0.52669
      3.28000      1.94621      1.40112      0.54508
      3.29000      1.70453      1.22667      0.47786
      3.30000      1.78506      1.28162      0.50343
      3.31000      1.92170      1.37753      0.54417
      3.32000      1.69560      1.21457      0.48103
      3.33000      1.59442      1.13900      0.45542
      3.34000      1.89025      1.34643      0.54382
      3.35000      2.09624      1.48973      0.60651
      3.36000      2.04887      1.45563      0.59324
      3.37000      1.91969      1.36462      0.55507
      3.38000      1.85783      1.31851      0.53931
      3.39000      2.12766      1.50563      0.62203
      3.40000      2.29542      1.62314      0.67228
      3.41000      2.08893      1.47903      0.60989
      3.42000      1.98072      1.40342      0.57730
      3.43000      1.99412      1.40892      0.58520
      3.44000      2.08280      1.46649      0.61631
      3.45000      2.12169      1.49063      0.63107
      3.46000      2.01694      1.41350      0.60344
      3.47000      1.95627      1.36780      0.58847
      3.48000      2.04686      1.43376      0.61311
      3.49000      2.06807      1.45685      0.61122
      3.50000      1.83287      1.29212      0.54075
      3.51000      1.73017      1.21209      0.51808
      3.52000      1.99124      1.38769      0.60355
      3.53000      2.22155      1.54422      0.67733
      3.54000      2.27233      1.58022      0.69211
      3.55000      2.40487      1.67748      0.72739
      3.56000      2.61016      1.82022      0.78993
      3.57000      2.59091      1.80186      0.78905
      3.58000      2.09757      1.45662      0.64095
      3.59000      1.66235      1.15196      0.51038
      3.60000      1.71937      1.18406      0.53531
      3.61000      1.98233      1.35626      0.62608
      3.62000      2.23010      1.52698      0.70312
      3.63000      2.38169      1.63555      0.74614
      3.64000      2.41068      1.65467      0.75600
      3.65000      2.28939      1.57115      0.71824
      3.66000      2.07155      1.41894      0.65261
      3.67000      2.04699      1.39412      0.65287
      3.68000      2.14668      1.45716      0.68952
      3.69000      2.19313      1.48869      0.70443
      3.70000      2.24164      1.51848      0.72315
      3.71000      2.27269      1.53934      0.73335
      3.72000      2.12462      1.44285      0.68178
      3.73000      1.93740      1.31366      0.62374
      3.74000      2.08578      1.41039      0.67539
      3.75000      2.46164      1.66395      0.79769
      3.76000      2.58225      1.74692      0.83532
      3.77000      2.44003      1.64927      0.79076
      3.78000      2.40538      1.62003      0.78535
      3.79000      2.50697      1.68571      0.82126
      3.80000      2.30724      1.55026      0.75698
      3.81000      1.94382      1.30240      0.64142
      3.82000      1.80103      1.20408      0.59695
      3.83000      1.89736      1.27122      0.62614
      3.84000      2.14717      1.43832      0.70885
      3.85000      2.45677      1.63532      0.82145
      3.86000      2.62536      1.72627      0.89909
      3.87000      2.68548      1.74116      0.94432
      3.88000      2.76089      1.77097      0.98992
      3.89000      2.84137      1.81131      1.03006
      3.90000      2.93197      1.86696      1.06501
      3.91000      3.05562      1.95022      1.10540
      3.92000      3.10423      1.98722      1.11701
      3.93000      2.89326      1.84836      1.04490
      3.94000      2.58945      1.64430      0.94516
      3.95000      2.74816      1.74748      1.00068
      3.96000      3.17842      2.03665      1.14177
      3.97000      3.54351      2.26690      1.27661
      3.98000      3.71335      2.35014      1.36320
      3.99000      3.74849      2.35517      1.39332
      4.00000      3.58162      2.23742      1.34420
      4.01000      3.34641      2.07533      1.27108
      4.02000      3.25603      2.01590      1.24013
      4.03000      3.25154      2.01760      1.23394
      4.04000      3.07101      1.90437      1.16664
      4.05000      3.00757      1.86429      1.14327
      4.06000      3.00223      1.86404      1.13819
      4.07000      3.02224      1.88321      1.13903
      4.08000      3.25374      2.03019      1.22354
      4.09000      3.31966      2.05897      1.26068
      4.10000      3.22124      1.97568      1.24556
      4.11000      3.19045      1.94910      1.24135
      4.12000      3.17350      1.93839      1.23511
      4.13000      2.98833      1.82534      1.16299
      4.14000      2.67433      1.63624      1.03809
      4.15000      2.50798      1.53603      0.97196
      4.16000      2.45246      1.50173      0.95073
      4.17000      2.57317      1.58470      0.98847
      4.18000      2.65742      1.64271      1.01471
      4.19000      2.66815      1.64289      1.02526
      4.20000      2.65045      1.62466      1.02580
      4.21000      2.57840      1.56539      1.01301
      4.22000      2.42681      1.45702      0.96979
      4.23000      2.26559      1.35374      0.91185
      4.24000      2.29222      1.37454      0.91768
      4.25000      2.42857      1.45819      0.97038
      4.26000      2.38448      1.42762      0.95686
      4.27000      2.25409      1.34647      0.90762
      4.28000      2.16583      1.28911      0.87671
      4.29000      2.19846      1.30776      0.89070
      4.30000      2.21763      1.31817      0.89946
      4.31000      2.09410      1.24194      0.85216
      4.32000      2.16390      1.28606      0.87783
      4.33000      2.32100      1.37848      0.94252
      4.34000      2.22145      1.31111      0.91034
      4.35000      2.01466      1.18776      0.82689
      4.36000      1.97201      1.16338      0.80863
      4.37000      1.92228      1.12593      0.79635
      4.38000      1.95842      1.13424      0.82418
      4.39000      2.14978      1.23793      0.91185
      4.40000      2.13288      1.23089      0.90199
      4.41000      2.04330      1.19015      0.85315
      4.42000      2.00111      1.17598      0.82513
      4.43000      1.82903      1.06853      0.76050
      4.44000      1.65895      0.95407      0.70489
      4.45000      1.47924      0.84564      0.63360
      4.46000      1.36823      0.78547      0.58276
      4.47000      1.45024      0.83282      0.61742
      4.48000      1.44247      0.82280      0.61967
      4.49000      1.30522      0.73909      0.56613
      4.50000      1.26612      0.71027      0.55585
      4.51000      1.35059      0.75191      0.59868
      4.52000      1.45407      0.80635      0.64772
      4.53000      1.70471      0.93829      0.76642
      4.54000      1.93708      1.05764      0.87944
      4.55000      2.04655      1.11745      0.92910
      4.56000      2.04078      1.11051      0.93027
      4.57000      1.90617      1.02083      0.88534
      4.58000      1.65302      0.86644      0.78657
      4.59000      1.51184      0.78121      0.73063
      4.60000      1.56503      0.81096      0.75407
      4.61000      1.55336      0.81349      0.73987
      4.62000      1.27912      0.67859      0.60053
      4.63000      1.05277      0.57052      0.48224
      4.64000      1.01284      0.55795      0.45489
      4.65000      0.97003      0.53682      0.43321
      4.66000      0.89662      0.49178      0.40484
      4.67000      0.94483      0.50389      0.44094
      4.68000      1.11854      0.57398      0.54456
      4.69000      1.31129      0.65634      0.65495
      4.70000      1.34898      0.67127      0.67770
      4.71000      1.24844      0.62410      0.62434
      4.72000      1.24219      0.62880      0.61338
      4.73000      1.29194      0.66371      0.62824
      4.74000      1.33325      0.68961      0.64363
      4.75000      1.32085      0.68060      0.64025
      4.76000      1.10136      0.56488      0.53648
      4.77000      0.87065      0.44720      0.42344
      4.78000      0.88410      0.45025      0.43385
      4.79000      1.00532      0.50134      0.50399
      4.80000      1.03799      0.50937      0.52862
      4.81000      1.06267      0.51495      0.54772
      4.82000      1.45086      0.68875      0.76211
      4.83000      1.91481      0.89519      1.01962
      4.84000      1.69683      0.79253      0.90431
      4.85000      1.13621      0.54312      0.59308
      4.86000      0.88096      0.43579      0.44517
      4.87000      0.89501      0.44638      0.44863
      4.88000      1.12547      0.55789      0.56758
      4.89000      1.24191      0.61525      0.62667
      4.90000      1.15457      0.57364      0.58092
      4.91000      1.22809      0.60760      0.62050
      4.92000      1.35475      0.66336      0.69139
      4.93000      1.48160      0.71922      0.76238
      4.94000      1.34503      0.64900      0.69603
      4.95000      1.01621      0.48887      0.52734
      4.96000      0.84209      0.40768      0.43441
      4.97000      0.72435      0.35648      0.36787
      4.98000      0.57629      0.28802      0.28827
      4.99000      0.44906      0.22395      0.22511
      5.00000      0.39336      0.19384      0.19953
      5.01000      0.39427      0.19669      0.19758
      5.02000      0.46123      0.23327      0.22795
      5.03000      0.47759      0.24351      0.23408
      5.04000      0.43005      0.22192      0.20813
      5.05000      0.47067      0.23981      0.23085
      5.06000      0.53528      0.26587      0.26940
      5.07000      0.51725      0.25693      0.26033
      5.08000      0.49417      0.25121      0.24297
      5.09000      0.46548      0.23693      0.22855
      5.10000      0.48920      0.24967      0.23953
      5.11000      0.63649      0.32674      0.30975
      5.12000      0.81930      0.41601      0.40329
      5.13000      0.93615      0.47243      0.46372
      5.14000      0.93234      0.47257      0.45978
      5.15000      0.98990      0.49756      0.49234
      5.16000      1.19762      0.59594      0.60168
      5.17000      1.27048      0.63373      0.63675
      5.18000      1.34970      0.67637      0.67332
      5.19000      1.47879      0.74493      0.73386
      5.20000      1.27700      0.65406      0.62294
      5.21000      0.95588      0.50450      0.45138
      5.22000      0.88378      0.47592      0.40786
      5.23000      1.04477      0.56621      0.47857
      5.24000      1.17434      0.64032      0.53401
      5.25000      1.06522      0.58278      0.48244
      5.26000      0.99438      0.54734      0.44704
      5.27000      0.97656      0.53929      0.43727
      5.28000      0.95145      0.52494      0.42651
      5.29000      1.05160      0.58104      0.47057
      5.30000      1.17225      0.64620      0.52605
      5.31000      1.18117      0.64854      0.53263
      5.32000      1.32880      0.72504      0.60376
      5.33000      1.82159      0.98829      0.83331
      5.34000      2.71185      1.48936      1.22249
      5.35000      4.00067      2.23373      1.76694
      5.36000      5.16071      2.89613      2.26457
      5.37000      5.42387      3.03853      2.38535
      5.38000      4.97838      2.79159      2.18679
      5.39000      4.74285      2.67588      2.06697
      5.40000      4.81164      2.72830      2.08334
      5.41000      5.04032      2.86390      2.17641
      5.42000      5.34376      3.03403      2.30974
      5.43000      5.54199      3.14019      2.40180
      5.44000      5.45190      3.08990      2.36200
      5.45000      5.36513      3.05739      2.30773
      5.46000      5.41781      3.10147      2.31633
      5.47000      5.32000      3.04270      2.27730
      5.48000      5.60426      3.18966      2.41460
      5.49000      6.16092      3.48811      2.67281
      5.50000      6.39350      3.61129      2.78221
      5.51000      6.23990      3.52282      2.71708
      5.52000      6.18811      3.48838      2.69973
      5.53000      6.52851      3.68078      2.84773
      5.54000      6.64989      3.74659      2.90331
      5.55000      6.03555      3.39514      2.64040
      5.56000      5.28193      2.95319      2.32874
      5.57000      5.01214      2.77180      2.24034
      5.58000      4.78996      2.63302      2.15694
      5.59000      4.64985      2.55241      2.09744
      5.60000      4.72508      2.58477      2.14031
      5.61000      4.54770      2.47321      2.07449
      5.62000      3.96431      2.14964      1.81467
      5.63000      3.50639      1.90737      1.59901
      5.64000      3.54302      1.92868      1.61434
      5.65000      3.81204      2.05476      1.75729
      5.66000      3.84524      2.05217      1.79307
      5.67000      3.63643      1.93132      1.70511
      5.68000      3.45147      1.82516      1.62631
      5.69000      3.45801      1.82632      1.63169
      5.70000      3.62412      1.92285      1.70128
      5.71000      3.56052      1.88723      1.67328
      5.72000      3.47398      1.83122      1.64275
      5.73000      3.67538      1.94300      1.73238
      5.74000      3.62800      1.92537      1.70263
      5.75000      3.59094      1.91127      1.67967
      5.76000      3.92704      2.09530      1.83174
      5.77000      4.00040      2.13030      1.87010
      5.78000      3.82284      2.04251      1.78033
      5.79000      3.59976      1.93472      1.66504
      5.80000      3.39859      1.83593      1.56266
      5.81000      3.48960      1.89753      1.59206
      5.82000      3.59191      1.94865      1.64325
      5.83000      3.41642      1.83581      1.58061
      5.84000      3.08483      1.66495      1.41988
      5.85000      3.00022      1.64919      1.35102
      5.86000      3.09613      1.70331      1.39282
      5.87000      3.05768      1.66376      1.39392
      5.88000      3.14294      1.70101      1.44193
      5.89000      3.23997      1.76147      1.47850
      5.90000      3.13189      1.71871      1.41319
      5.91000      3.22088      1.78018      1.44069
      5.92000      3.37679      1.87418      1.50262
      5.93000      3.33319      1.86078      1.47241
      5.94000      3.15789      1.77202      1.38588
      5.95000      2.82372      1.58616      1.23756
      5.96000      2.60726      1.46895      1.13831
      5.97000      2.58551      1.46325      1.12226
      5.98000      2.32497      1.31304      1.01194
      5.99000      1.93435      1.09448      0.83987
      6.00000      1.79880      1.03202      0.76678
      6.01000      1.99261      1.15728      0.83533
      6.02000      2.26797      1.32028      0.94769
      6.03000      2.23475      1.30153      0.93322
      6.04000      2.04103      1.19109      0.84994
      6.05000      1.94115      1.13784      0.80332
      6.06000      1.91446      1.13272      0.78174
      6.07000      1.90445      1.12954      0.77491
      6.08000      1.80944      1.06236      0.74708
      6.09000      1.66500      0.97209      0.69292
      6.10000      1.66531      0.97813      0.68718
      6.11000      1.95454      1.15151      0.80303
      6.12000      2.24419      1.32188      0.92231
      6.13000      2.13528      1.25966      0.87562
      6.14000      1.91024      1.13242      0.77782
      6.15000      1.66875      0.99100      0.67775
      6.16000      1.61606      0.94770      0.66836
      6.17000      1.68656      0.98664      0.69992
      6.18000      1.57884      0.93083      0.64800
      6.19000      1.39524      0.82634      0.56890
      6.20000      1.33462      0.79647      0.53816
      6.21000      1.50515      0.90333      0.60182
      6.22000      1.70799      1.02439      0.68360
      6.23000      1.89802      1.12996      0.76806
      6.24000      1.89322      1.11614      0.77709
      6.25000      1.56931      0.92621      0.64310
      6.26000      1.48719      0.88760      0.59959
      6.27000      1.73384      1.04048      0.69336
      6.28000      1.81909      1.09206      0.72703
      6.29000      1.62096      0.97477      0.64619
