Energy-E_F (eV)    DOS (1/eV)    PDOS (1/eV)  of atom type Cd S  
     -5.77649      0.00000      0.00000      0.00000
     -5.76649      0.00000      0.00000      0.00000
     -5.75649      0.00000      0.00000      0.00000
     -5.74649      0.00000      0.00000      0.00000
     -5.73649      0.00000      0.00000      0.00000
     -5.72649      0.00000      0.00000      0.00000
     -5.71649      0.00000      0.00000      0.00000
     -5.70649      0.00000      0.00000      0.00000
     -5.69649     -0.00165      0.00000      0.00000
     -5.68649     -0.07645      0.00000      0.00000
     -5.67649     -1.29959      0.00000      0.00000
     -5.66649     -8.12628      0.00000      0.00000
     -5.65649    -18.68615      0.00000      0.00000
     -5.64649    -15.77581      0.00000      0.00000
     -5.63649     -4.83316      0.00000      0.00000
     -5.62649     -0.44653      0.00000      0.00000
     -5.61649      0.11999      0.00000      0.00000
     -5.60649      0.14132      0.00000      0.00000
     -5.59649      0.12445      0.00000      0.00000
     -5.58649      0.11125      0.00000      0.00000
     -5.57649      0.13243      0.00000      0.00000
     -5.56649      0.22121      0.00000      0.00000
     -5.55649      0.26281      0.00000      0.00000
     -5.54649      0.25270      0.00000      0.00000
     -5.53649      0.26746      0.00000      0.00000
     -5.52649      0.26379      0.00000      0.00000
     -5.51649      0.24279      0.00000      0.00000
     -5.50649      0.24985      0.00000      0.00000
     -5.49649      0.32212      0.00000      0.00000
     -5.48649      0.36115      0.00000      0.00000
     -5.47649      0.30195      0.00000      0.00000
     -5.46649      0.26068      0.00000      0.00000
     -5.45649      0.26141      0.00000      0.00000
     -5.44649      0.23846      0.00000      0.00000
     -5.43649      0.23044      0.00000      0.00000
     -5.42649      0.32038      0.00000      0.00000
     -5.41649      0.43273      0.00000      0.00000
     -5.40649      0.47042      0.00000      0.00000
     -5.39649      0.45994      0.00000      0.00000
     -5.38649      0.45044      0.00000      0.00000
     -5.37649      0.41649      0.00000      0.00000
     -5.36649      0.39540      0.00000      0.00000
     -5.35649      0.44118      0.00000      0.00000
     -5.34649      0.50696      0.00000      0.00000
     -5.33649      0.49264      0.00000      0.00000
     -5.32649      0.45544      0.00000      0.00000
     -5.31649      0.47960      0.00000      0.00000
     -5.30649      0.52045      0.00000      0.00000
     -5.29649      0.53706      0.00000      0.00000
     -5.28649      0.52491      0.00000      0.00000
     -5.27649      0.52711      0.00000      0.00000
     -5.26649      0.73429      0.00000      0.00000
     -5.25649      1.18452      0.00000      0.00000
     -5.24649      1.61394      0.00000      0.00000
     -5.23649      1.94426      0.00000      0.00000
     -5.22649      2.28423      0.00000      0.00000
     -5.21649      2.67644      0.00000      0.00000
     -5.20649      3.08549      0.00000      0.00000
     -5.19649      3.23179      0.00000      0.00000
     -5.18649      3.39324      0.00000      0.00000
     -5.17649      3.87301      0.00000      0.00000
     -5.16649      4.27245      0.00000      0.00000
     -5.15649      4.61831      0.00000      0.00000
     -5.14649      5.10998      0.00000      0.00000
     -5.13649      5.62034      0.00000      0.00000
     -5.12649      6.09370      0.00000      0.00000
     -5.11649      6.38719      0.00000      0.00000
     -5.10649      6.55125      0.00000      0.00000
     -5.09649      6.84480      0.00000      0.00000
     -5.08649      7.08952      0.00000      0.00000
     -5.07649      7.28366      0.00000      0.00000
     -5.06649      7.64490      0.00000      0.00000
     -5.05649      8.02903      0.00000      0.00000
     -5.04649      8.87502      0.00000      0.00000
     -5.03649     10.30458      0.00000      0.00000
     -5.02649     11.79829      0.00000      0.00000
     -5.01649     12.51959      0.00000      0.00000
     -5.00649     11.97866      0.00000      0.00000
     -4.99649     10.67229      0.00000      0.00000
     -4.98649      9.25366      0.00000      0.00000
     -4.97649      8.14832      0.00000      0.00000
     -4.96649      7.43520      0.00000      0.00000
     -4.95649      7.06526      0.00000      0.00000
     -4.94649      7.04269      0.00000      0.00000
     -4.93649      6.61790      0.00000      0.00000
     -4.92649      5.58533      0.00000      0.00000
     -4.91649      4.87875      0.00000      0.00000
     -4.90649      5.05358      0.00000      0.00000
     -4.89649      5.60336      0.00000      0.00000
     -4.88649      5.38282      0.00000      0.00000
     -4.87649      4.49338      0.00000      0.00000
     -4.86649      4.02121      0.00000      0.00000
     -4.85649      4.30476      0.00000      0.00000
     -4.84649      5.08873      0.00000      0.00000
     -4.83649      5.67142      0.00000      0.00000
     -4.82649      5.10268      0.00000      0.00000
     -4.81649      3.75652      0.00000      0.00000
     -4.80649      3.00051      0.00000      0.00000
     -4.79649      3.09025      0.00000      0.00000
     -4.78649      3.51911      0.00000      0.00000
     -4.77649      4.08240      0.00000      0.00000
     -4.76649      4.32128      0.00000      0.00000
     -4.75649      3.91853      0.00000      0.00000
     -4.74649      3.38905      0.00000      0.00000
     -4.73649      3.13212      0.00000      0.00000
     -4.72649      3.38693      0.00000      0.00000
     -4.71649      4.05887      0.00000      0.00000
     -4.70649      4.64357      0.00000      0.00000
     -4.69649      4.83578      0.00000      0.00000
     -4.68649      4.45010      0.00000      0.00000
     -4.67649      3.55850      0.00000      0.00000
     -4.66649      2.87384      0.00000      0.00000
     -4.65649      2.65056      0.00000      0.00000
     -4.64649      2.83873      0.00000      0.00000
     -4.63649      3.24883      0.00000      0.00000
     -4.62649      3.80824      0.00000      0.00000
     -4.61649      4.29261      0.00000      0.00000
     -4.60649      4.12570      0.00000      0.00000
     -4.59649      3.40757      0.00000      0.00000
     -4.58649      2.99866      0.00000      0.00000
     -4.57649      3.07874      0.00000      0.00000
     -4.56649      3.43373      0.00000      0.00000
     -4.55649      3.86241      0.00000      0.00000
     -4.54649      4.27789      0.00000      0.00000
     -4.53649      4.74251      0.00000      0.00000
     -4.52649      4.73287      0.00000      0.00000
     -4.51649      4.28607      0.00000      0.00000
     -4.50649      3.79207      0.00000      0.00000
     -4.49649      3.21085      0.00000      0.00000
     -4.48649      2.75426      0.00000      0.00000
     -4.47649      2.73985      0.00000      0.00000
     -4.46649      3.28272      0.00000      0.00000
     -4.45649      4.10650      0.00000      0.00000
     -4.44649      4.25531      0.00000      0.00000
     -4.43649      3.81206      0.00000      0.00000
     -4.42649      3.66201      0.00000      0.00000
     -4.41649      3.70854      0.00000      0.00000
     -4.40649      3.66995      0.00000      0.00000
     -4.39649      3.55436      0.00000      0.00000
     -4.38649      3.92617      0.00000      0.00000
     -4.37649      4.94447      0.00000      0.00000
     -4.36649      4.99892      0.00000      0.00000
     -4.35649      3.83457      0.00000      0.00000
     -4.34649      3.27619      0.00000      0.00000
     -4.33649      3.59731      0.00000      0.00000
     -4.32649      3.86539      0.00000      0.00000
     -4.31649      3.64952      0.00000      0.00000
     -4.30649      3.34866      0.00000      0.00000
     -4.29649      3.29746      0.00000      0.00000
     -4.28649      3.18480      0.00000      0.00000
     -4.27649      2.69411      0.00000      0.00000
     -4.26649      2.29169      0.00000      0.00000
     -4.25649      2.30198      0.00000      0.00000
     -4.24649      2.41853      0.00000      0.00000
     -4.23649      2.60191      0.00000      0.00000
     -4.22649      2.88798      0.00000      0.00000
     -4.21649      3.11091      0.00000      0.00000
     -4.20649      1.82642      0.00000      0.00000
     -4.19649     -8.61516      0.00000      0.00000
     -4.18649    -24.49705      0.00000      0.00000
     -4.17649    -15.41236      0.00000      0.00000
     -4.16649      5.95323      0.00000      0.00000
     -4.15649     14.90876      0.00000      0.00000
     -4.14649     18.21927      0.00000      0.00000
     -4.13649     22.03001      0.00000      0.00000
     -4.12649     25.65182      0.00000      0.00000
     -4.11649     27.42462      0.00000      0.00000
     -4.10649     27.49438      0.00000      0.00000
     -4.09649     26.58624      0.00000      0.00000
     -4.08649     25.70618      0.00000      0.00000
     -4.07649     25.94074      0.00000      0.00000
     -4.06649     27.18187      0.00000      0.00000
     -4.05649     29.06174      0.00000      0.00000
     -4.04649     30.71430      0.00000      0.00000
     -4.03649     29.68527      0.00000      0.00000
     -4.02649     21.85086      0.00000      0.00000
     -4.01649     15.02567      0.00000      0.00000
     -4.00649     21.15045      0.00000      0.00000
     -3.99649     28.32367      0.00000      0.00000
     -3.98649     30.09889      0.00000      0.00000
     -3.97649     28.95928      0.00000      0.00000
     -3.96649     26.44096      0.00000      0.00000
     -3.95649     24.58053      0.00000      0.00000
     -3.94649     23.54683      0.00000      0.00000
     -3.93649     22.23206      0.00000      0.00000
     -3.92649     20.51172      0.00000      0.00000
     -3.91649     19.58165      0.00000      0.00000
     -3.90649     19.01380      0.00000      0.00000
     -3.89649     17.61245      0.00000      0.00000
     -3.88649     16.04811      0.00000      0.00000
     -3.87649     15.76236      0.00000      0.00000
     -3.86649     16.40331      0.00000      0.00000
     -3.85649     16.19633      0.00000      0.00000
     -3.84649     15.68517      0.00000      0.00000
     -3.83649     16.14933      0.00000      0.00000
     -3.82649     16.35842      0.00000      0.00000
     -3.81649     15.99182      0.00000      0.00000
     -3.80649     15.68662      0.00000      0.00000
     -3.79649     15.71366      0.00000      0.00000
     -3.78649     16.08956      0.00000      0.00000
     -3.77649     16.80131      0.00000      0.00000
     -3.76649     18.00171      0.00000      0.00000
     -3.75649     18.39329      0.00000      0.00000
     -3.74649     15.20496      0.00000      0.00000
     -3.73649      6.27420      0.00000      0.00000
     -3.72649      3.63958      0.00000      0.00000
     -3.71649     15.01533      0.00000      0.00000
     -3.70649     22.69261      0.00000      0.00000
     -3.69649     23.68133      0.00000      0.00000
     -3.68649     23.53959      0.00000      0.00000
     -3.67649     24.34576      0.00000      0.00000
     -3.66649     27.07981      0.00000      0.00000
     -3.65649     30.54350      0.00000      0.00000
     -3.64649     33.03085      0.00000      0.00000
     -3.63649     33.90942      0.00000      0.00000
     -3.62649     33.41627      0.00000      0.00000
     -3.61649     33.43214      0.00000      0.00000
     -3.60649     34.08175      0.00000      0.00000
     -3.59649     35.37653      0.00000      0.00000
     -3.58649     36.60758      0.00000      0.00000
     -3.57649     32.58823      0.00000      0.00000
     -3.56649     19.96451      0.00000      0.00000
     -3.55649     13.58755      0.00000      0.00000
     -3.54649     20.83262      0.00000      0.00000
     -3.53649     25.71429      0.00000      0.00000
     -3.52649     25.79858      0.00000      0.00000
     -3.51649     25.20575      0.00000      0.00000
     -3.50649     24.39093      0.00000      0.00000
     -3.49649     22.37006      0.00000      0.00000
     -3.48649     20.38955      0.00000      0.00000
     -3.47649     19.95395      0.00000      0.00000
     -3.46649     20.83067      0.00000      0.00000
     -3.45649     23.34637      0.00000      0.00000
     -3.44649     26.47666      0.00000      0.00000
     -3.43649     27.25759      0.00000      0.00000
     -3.42649     26.00765      0.00000      0.00000
     -3.41649     24.07409      0.00000      0.00000
     -3.40649     21.82276      0.00000      0.00000
     -3.39649     19.76248      0.00000      0.00000
     -3.38649     18.76000      0.00000      0.00000
     -3.37649     18.84178      0.00000      0.00000
     -3.36649     19.24482      0.00000      0.00000
     -3.35649     19.69624      0.00000      0.00000
     -3.34649     19.79316      0.00000      0.00000
     -3.33649     19.09768      0.00000      0.00000
     -3.32649     17.91835      0.00000      0.00000
     -3.31649     16.41722      0.00000      0.00000
     -3.30649     14.88356      0.00000      0.00000
     -3.29649     14.74757      0.00000      0.00000
     -3.28649     16.00493      0.00000      0.00000
     -3.27649     17.51773      0.00000      0.00000
     -3.26649     18.80589      0.00000      0.00000
     -3.25649     20.10658      0.00000      0.00000
     -3.24649     20.61620      0.00000      0.00000
     -3.23649     20.99270      0.00000      0.00000
     -3.22649     22.73298      0.00000      0.00000
     -3.21649     25.64760      0.00000      0.00000
     -3.20649     27.98082      0.00000      0.00000
     -3.19649     29.09627      0.00000      0.00000
     -3.18649     30.13753      0.00000      0.00000
     -3.17649     30.96660      0.00000      0.00000
     -3.16649     30.79680      0.00000      0.00000
     -3.15649     31.02518      0.00000      0.00000
     -3.14649     32.20648      0.00000      0.00000
     -3.13649     32.92276      0.00000      0.00000
     -3.12649     32.25423      0.00000      0.00000
     -3.11649     26.05468      0.00000      0.00000
     -3.10649     12.00409      0.00000      0.00000
     -3.09649      7.75710      0.00000      0.00000
     -3.08649     18.80230      0.00000      0.00000
     -3.07649     24.23272      0.00000      0.00000
     -3.06649     23.04755      0.00000      0.00000
     -3.05649     22.46715      0.00000      0.00000
     -3.04649     22.83210      0.00000      0.00000
     -3.03649     22.87223      0.00000      0.00000
     -3.02649     22.36247      0.00000      0.00000
     -3.01649     21.36728      0.00000      0.00000
     -3.00649     20.64067      0.00000      0.00000
     -2.99649     21.56815      0.00000      0.00000
     -2.98649     23.65152      0.00000      0.00000
     -2.97649     25.71125      0.00000      0.00000
     -2.96649     27.74260      0.00000      0.00000
     -2.95649     29.42522      0.00000      0.00000
     -2.94649     31.28474      0.00000      0.00000
     -2.93649     33.41213      0.00000      0.00000
     -2.92649     33.98008      0.00000      0.00000
     -2.91649     29.28459      0.00000      0.00000
     -2.90649     18.08953      0.00000      0.00000
     -2.89649     12.65707      0.00000      0.00000
     -2.88649     15.89401      0.00000      0.00000
     -2.87649     25.59347      0.00000      0.00000
     -2.86649     36.60135      0.00000      0.00000
     -2.85649     37.51451      0.00000      0.00000
     -2.84649     33.14476      0.00000      0.00000
     -2.83649     29.41585      0.00000      0.00000
     -2.82649     27.45954      0.00000      0.00000
     -2.81649     26.95335      0.00000      0.00000
     -2.80649     26.32291      0.00000      0.00000
     -2.79649     24.76588      0.00000      0.00000
     -2.78649     24.11255      0.00000      0.00000
     -2.77649     25.89965      0.00000      0.00000
     -2.76649     28.85116      0.00000      0.00000
     -2.75649     31.30362      0.00000      0.00000
     -2.74649     33.48245      0.00000      0.00000
     -2.73649     36.70228      0.00000      0.00000
     -2.72649     40.82131      0.00000      0.00000
     -2.71649     44.05482      0.00000      0.00000
     -2.70649     45.63930      0.00000      0.00000
     -2.69649     45.92729      0.00000      0.00000
     -2.68649     44.86233      0.00000      0.00000
     -2.67649     42.50194      0.00000      0.00000
     -2.66649     39.45248      0.00000      0.00000
     -2.65649     36.88855      0.00000      0.00000
     -2.64649     34.95524      0.00000      0.00000
     -2.63649     33.04762      0.00000      0.00000
     -2.62649     29.43281      0.00000      0.00000
     -2.61649     20.31091      0.00000      0.00000
     -2.60649      7.59928      0.00000      0.00000
     -2.59649      8.77411      0.00000      0.00000
     -2.58649     19.64641      0.00000      0.00000
     -2.57649     24.48700      0.00000      0.00000
     -2.56649     25.74062      0.00000      0.00000
     -2.55649     27.13888      0.00000      0.00000
     -2.54649     27.61277      0.00000      0.00000
     -2.53649     25.38578      0.00000      0.00000
     -2.52649     22.56905      0.00000      0.00000
     -2.51649     21.90236      0.00000      0.00000
     -2.50649     22.35849      0.00000      0.00000
     -2.49649     19.54775      0.00000      0.00000
     -2.48649      9.24903      0.00000      0.00000
     -2.47649      3.92709      0.00000      0.00000
     -2.46649     13.04308      0.00000      0.00000
     -2.45649     19.92979      0.00000      0.00000
     -2.44649     20.15076      0.00000      0.00000
     -2.43649     18.76098      0.00000      0.00000
     -2.42649     16.79035      0.00000      0.00000
     -2.41649     14.40190      0.00000      0.00000
     -2.40649     12.89111      0.00000      0.00000
     -2.39649     12.80345      0.00000      0.00000
     -2.38649     13.06955      0.00000      0.00000
     -2.37649     12.68527      0.00000      0.00000
     -2.36649     11.84733      0.00000      0.00000
     -2.35649     11.17937      0.00000      0.00000
     -2.34649     10.67435      0.00000      0.00000
     -2.33649      9.77393      0.00000      0.00000
     -2.32649      8.43934      0.00000      0.00000
     -2.31649      7.56690      0.00000      0.00000
     -2.30649      7.31021      0.00000      0.00000
     -2.29649      6.99323      0.00000      0.00000
     -2.28649      6.46927      0.00000      0.00000
     -2.27649      5.82518      0.00000      0.00000
     -2.26649      5.23181      0.00000      0.00000
     -2.25649      4.93040      0.00000      0.00000
     -2.24649      5.11140      0.00000      0.00000
     -2.23649      5.52056      0.00000      0.00000
     -2.22649      5.75025      0.00000      0.00000
     -2.21649      5.97791      0.00000      0.00000
     -2.20649      6.47881      0.00000      0.00000
     -2.19649      7.02931      0.00000      0.00000
     -2.18649      6.89519      0.00000      0.00000
     -2.17649      6.52703      0.00000      0.00000
     -2.16649      6.67005      0.00000      0.00000
     -2.15649      6.98018      0.00000      0.00000
     -2.14649      6.69843      0.00000      0.00000
     -2.13649      5.81033      0.00000      0.00000
     -2.12649      5.11527      0.00000      0.00000
     -2.11649      4.92974      0.00000      0.00000
     -2.10649      5.08925      0.00000      0.00000
     -2.09649      5.35600      0.00000      0.00000
     -2.08649      5.58382      0.00000      0.00000
     -2.07649      6.16335      0.00000      0.00000
     -2.06649      6.74627      0.00000      0.00000
     -2.05649      6.57706      0.00000      0.00000
     -2.04649      6.22223      0.00000      0.00000
     -2.03649      6.16063      0.00000      0.00000
     -2.02649      6.40300      0.00000      0.00000
     -2.01649      6.76589      0.00000      0.00000
     -2.00649      7.15715      0.00000      0.00000
     -1.99649      7.49429      0.00000      0.00000
     -1.98649      7.38499      0.00000      0.00000
     -1.97649      6.87672      0.00000      0.00000
     -1.96649      6.64492      0.00000      0.00000
     -1.95649      6.39152      0.00000      0.00000
     -1.94649      6.06315      0.00000      0.00000
     -1.93649      6.37394      0.00000      0.00000
     -1.92649      6.95991      0.00000      0.00000
     -1.91649      6.89261      0.00000      0.00000
     -1.90649      6.43909      0.00000      0.00000
     -1.89649      5.96613      0.00000      0.00000
     -1.88649      5.68725      0.00000      0.00000
     -1.87649      6.09527      0.00000      0.00000
     -1.86649      7.26603      0.00000      0.00000
     -1.85649      8.40185      0.00000      0.00000
     -1.84649      8.86457      0.00000      0.00000
     -1.83649      8.57031      0.00000      0.00000
     -1.82649      8.11953      0.00000      0.00000
     -1.81649      7.46749      0.00000      0.00000
     -1.80649      7.00414      0.00000      0.00000
     -1.79649      7.15538      0.00000      0.00000
     -1.78649      7.38582      0.00000      0.00000
     -1.77649      7.43792      0.00000      0.00000
     -1.76649      7.53937      0.00000      0.00000
     -1.75649      7.68148      0.00000      0.00000
     -1.74649      7.63546      0.00000      0.00000
     -1.73649      7.87157      0.00000      0.00000
     -1.72649      8.71142      0.00000      0.00000
     -1.71649      9.54329      0.00000      0.00000
     -1.70649      9.83866      0.00000      0.00000
     -1.69649     10.02438      0.00000      0.00000
     -1.68649     10.43605      0.00000      0.00000
     -1.67649     10.84566      0.00000      0.00000
     -1.66649     10.39797      0.00000      0.00000
     -1.65649      9.06281      0.00000      0.00000
     -1.64649      8.21055      0.00000      0.00000
     -1.63649      8.52573      0.00000      0.00000
     -1.62649      9.37702      0.00000      0.00000
     -1.61649      9.85284      0.00000      0.00000
     -1.60649      9.96505      0.00000      0.00000
     -1.59649     10.21197      0.00000      0.00000
     -1.58649     10.49486      0.00000      0.00000
     -1.57649     10.40010      0.00000      0.00000
     -1.56649      9.97908      0.00000      0.00000
     -1.55649      9.71391      0.00000      0.00000
     -1.54649      9.55303      0.00000      0.00000
     -1.53649      9.25029      0.00000      0.00000
     -1.52649      8.78033      0.00000      0.00000
     -1.51649      8.38602      0.00000      0.00000
     -1.50649      8.16517      0.00000      0.00000
     -1.49649      8.23157      0.00000      0.00000
     -1.48649      8.46524      0.00000      0.00000
     -1.47649      8.73121      0.00000      0.00000
     -1.46649      8.90865      0.00000      0.00000
     -1.45649      8.60197      0.00000      0.00000
     -1.44649      8.09701      0.00000      0.00000
     -1.43649      7.86852      0.00000      0.00000
     -1.42649      7.65147      0.00000      0.00000
     -1.41649      7.18611      0.00000      0.00000
     -1.40649      6.95027      0.00000      0.00000
     -1.39649      7.09455      0.00000      0.00000
     -1.38649      7.32493      0.00000      0.00000
     -1.37649      7.41544      0.00000      0.00000
     -1.36649      7.22725      0.00000      0.00000
     -1.35649      6.98633      0.00000      0.00000
     -1.34649      6.91730      0.00000      0.00000
     -1.33649      6.74335      0.00000      0.00000
     -1.32649      6.55305      0.00000      0.00000
     -1.31649      6.65259      0.00000      0.00000
     -1.30649      6.98778      0.00000      0.00000
     -1.29649      7.13525      0.00000      0.00000
     -1.28649      7.02003      0.00000      0.00000
     -1.27649      6.90578      0.00000      0.00000
     -1.26649      6.80396      0.00000      0.00000
     -1.25649      6.38493      0.00000      0.00000
     -1.24649      5.92295      0.00000      0.00000
     -1.23649      6.01626      0.00000      0.00000
     -1.22649      6.46603      0.00000      0.00000
     -1.21649      6.68438      0.00000      0.00000
     -1.20649      6.54000      0.00000      0.00000
     -1.19649      6.38695      0.00000      0.00000
     -1.18649      6.36187      0.00000      0.00000
     -1.17649      5.18996      0.00000      0.00000
     -1.16649     -1.82534      0.00000      0.00000
     -1.15649    -16.00512      0.00000      0.00000
     -1.14649    -24.31824      0.00000      0.00000
     -1.13649    -19.44602      0.00000      0.00000
     -1.12649     -5.38737      0.00000      0.00000
     -1.11649      4.00779      0.00000      0.00000
     -1.10649      5.93849      0.00000      0.00000
     -1.09649      5.38840      0.00000      0.00000
     -1.08649      4.61813      0.00000      0.00000
     -1.07649      4.07266      0.00000      0.00000
     -1.06649      4.10410      0.00000      0.00000
     -1.05649      4.87190      0.00000      0.00000
     -1.04649      5.61012      0.00000      0.00000
     -1.03649      5.69856      0.00000      0.00000
     -1.02649      5.23499      0.00000      0.00000
     -1.01649      4.59481      0.00000      0.00000
     -1.00649      3.97682      0.00000      0.00000
     -0.99649      3.66297      0.00000      0.00000
     -0.98649      3.81099      0.00000      0.00000
     -0.97649      4.08937      0.00000      0.00000
     -0.96649      4.35829      0.00000      0.00000
     -0.95649      4.52089      0.00000      0.00000
     -0.94649      4.43856      0.00000      0.00000
     -0.93649      4.02884      0.00000      0.00000
     -0.92649      3.46835      0.00000      0.00000
     -0.91649      3.39310      0.00000      0.00000
     -0.90649      3.62893      0.00000      0.00000
     -0.89649      3.70888      0.00000      0.00000
     -0.88649      3.68890      0.00000      0.00000
     -0.87649      3.92396      0.00000      0.00000
     -0.86649      4.01286      0.00000      0.00000
     -0.85649      3.61855      0.00000      0.00000
     -0.84649      3.34231      0.00000      0.00000
     -0.83649      3.44101      0.00000      0.00000
     -0.82649      3.39765      0.00000      0.00000
     -0.81649      3.36799      0.00000      0.00000
     -0.80649      3.56897      0.00000      0.00000
     -0.79649      3.62555      0.00000      0.00000
     -0.78649      3.41301      0.00000      0.00000
     -0.77649      3.14349      0.00000      0.00000
     -0.76649      2.83750      0.00000      0.00000
     -0.75649      2.67869      0.00000      0.00000
     -0.74649      2.73330      0.00000      0.00000
     -0.73649      2.89879      0.00000      0.00000
     -0.72649      3.30044      0.00000      0.00000
     -0.71649      3.44089      0.00000      0.00000
     -0.70649      3.08157      0.00000      0.00000
     -0.69649      2.69703      0.00000      0.00000
     -0.68649      2.48079      0.00000      0.00000
     -0.67649      2.36278      0.00000      0.00000
     -0.66649      2.53246      0.00000      0.00000
     -0.65649      2.88608      0.00000      0.00000
     -0.64649      3.17462      0.00000      0.00000
     -0.63649      3.24233      0.00000      0.00000
     -0.62649      2.93644      0.00000      0.00000
     -0.61649      2.45688      0.00000      0.00000
     -0.60649      2.04935      0.00000      0.00000
     -0.59649      1.88202      0.00000      0.00000
     -0.58649      2.01915      0.00000      0.00000
     -0.57649      2.37518      0.00000      0.00000
     -0.56649      2.59257      0.00000      0.00000
     -0.55649      2.57518      0.00000      0.00000
     -0.54649      2.48862      0.00000      0.00000
     -0.53649      2.29269      0.00000      0.00000
     -0.52649      1.97488      0.00000      0.00000
     -0.51649      1.90505      0.00000      0.00000
     -0.50649      2.20073      0.00000      0.00000
     -0.49649      2.45871      0.00000      0.00000
     -0.48649      2.39716      0.00000      0.00000
     -0.47649      2.25644      0.00000      0.00000
     -0.46649      2.04519      0.00000      0.00000
     -0.45649      1.81857      0.00000      0.00000
     -0.44649      1.75245      0.00000      0.00000
     -0.43649      1.77949      0.00000      0.00000
     -0.42649      1.75374      0.00000      0.00000
     -0.41649      1.70222      0.00000      0.00000
     -0.40649      1.76838      0.00000      0.00000
     -0.39649      1.91706      0.00000      0.00000
     -0.38649      1.86764      0.00000      0.00000
     -0.37649      1.64462      0.00000      0.00000
     -0.36649      1.53477      0.00000      0.00000
     -0.35649      1.58192      0.00000      0.00000
     -0.34649      1.69585      0.00000      0.00000
     -0.33649      1.84405      0.00000      0.00000
     -0.32649      1.80642      0.00000      0.00000
     -0.31649      1.43555      0.00000      0.00000
     -0.30649      1.18143      0.00000      0.00000
     -0.29649      1.25410      0.00000      0.00000
     -0.28649      1.40593      0.00000      0.00000
     -0.27649      1.46757      0.00000      0.00000
     -0.26649      1.34177      0.00000      0.00000
     -0.25649      1.10759      0.00000      0.00000
     -0.24649      1.05416      0.00000      0.00000
     -0.23649      1.18571      0.00000      0.00000
     -0.22649      1.27499      0.00000      0.00000
     -0.21649      1.30389      0.00000      0.00000
     -0.20649      1.22354      0.00000      0.00000
     -0.19649      1.00314      0.00000      0.00000
     -0.18649      0.89669      0.00000      0.00000
     -0.17649      0.94811      0.00000      0.00000
     -0.16649      0.89408      0.00000      0.00000
     -0.15649      0.85062      0.00000      0.00000
     -0.14649      0.86368      0.00000      0.00000
     -0.13649      0.38760      0.00000      0.00000
     -0.12649     -3.46630      0.00000      0.00000
     -0.11649    -14.11135      0.00000      0.00000
     -0.10649    -18.59315      0.00000      0.00000
     -0.09649     -8.64027      0.00000      0.00000
     -0.08649     -1.09817      0.00000      0.00000
     -0.07649      0.37759      0.00000      0.00000
     -0.06649      0.41243      0.00000      0.00000
     -0.05649      0.39107      0.00000      0.00000
     -0.04649      0.31892      0.00000      0.00000
     -0.03649     -0.60314      0.00000      0.00000
     -0.02649     -6.71828      0.00000      0.00000
     -0.01649    -22.28526      0.00000      0.00000
     -0.00649    -33.48548      0.00000      0.00000
      0.00351    -25.09757      0.00000      0.00000
      0.01351     -8.83100      0.00000      0.00000
      0.02351     -1.29258      0.00000      0.00000
      0.03351     -0.07296      0.00000      0.00000
      0.04351     -0.00153      0.00000      0.00000
      0.05351      0.00000      0.00000      0.00000
      0.06351      0.00000      0.00000      0.00000
      0.07351      0.00000      0.00000      0.00000
      0.08351      0.00000      0.00000      0.00000
      0.09351      0.00000      0.00000      0.00000
      0.10351      0.00000      0.00000      0.00000
      0.11351      0.00000      0.00000      0.00000
      0.12351      0.00000      0.00000      0.00000
      0.13351      0.00000      0.00000      0.00000
      0.14351      0.00000      0.00000      0.00000
      0.15351      0.00000      0.00000      0.00000
      0.16351      0.00000      0.00000      0.00000
      0.17351      0.00000      0.00000      0.00000
      0.18351      0.00000      0.00000      0.00000
      0.19351      0.00000      0.00000      0.00000
      0.20351      0.00000      0.00000      0.00000
      0.21351      0.00000      0.00000      0.00000
      0.22351      0.00000      0.00000      0.00000
      0.23351      0.00000      0.00000      0.00000
      0.24351      0.00000      0.00000      0.00000
      0.25351      0.00000      0.00000      0.00000
      0.26351      0.00000      0.00000      0.00000
      0.27351      0.00000      0.00000      0.00000
      0.28351      0.00000      0.00000      0.00000
      0.29351      0.00000      0.00000      0.00000
      0.30351      0.00000      0.00000      0.00000
      0.31351      0.00000      0.00000      0.00000
      0.32351      0.00000      0.00000      0.00000
      0.33351      0.00000      0.00000      0.00000
      0.34351      0.00000      0.00000      0.00000
      0.35351      0.00000      0.00000      0.00000
      0.36351      0.00000      0.00000      0.00000
      0.37351      0.00000      0.00000      0.00000
      0.38351      0.00000      0.00000      0.00000
      0.39351      0.00000      0.00000      0.00000
      0.40351      0.00000      0.00000      0.00000
      0.41351      0.00000      0.00000      0.00000
      0.42351      0.00000      0.00000      0.00000
      0.43351      0.00000      0.00000      0.00000
      0.44351      0.00000      0.00000      0.00000
      0.45351      0.00000      0.00000      0.00000
      0.46351     -0.00405      0.00000      0.00000
      0.47351     -0.15133      0.00000      0.00000
      0.48351     -2.08191      0.00000      0.00000
      0.49351    -10.53703      0.00000      0.00000
      0.50351    -19.61914      0.00000      0.00000
      0.51351    -13.43839      0.00000      0.00000
      0.52351     -3.38626      0.00000      0.00000
      0.53351     -0.31391      0.00000      0.00000
      0.54351     -0.01070      0.00000      0.00000
      0.55351     -0.00005      0.00000      0.00000
      0.56351      0.00176      0.00000      0.00000
      0.57351      0.01377      0.00000      0.00000
      0.58351      0.03957      0.00000      0.00000
      0.59351      0.04183      0.00000      0.00000
      0.60351      0.01627      0.00000      0.00000
      0.61351      0.00233      0.00000      0.00000
      0.62351      0.00012      0.00000      0.00000
      0.63351      0.00000      0.00000      0.00000
      0.64351      0.00000      0.00000      0.00000
      0.65351      0.00000      0.00000      0.00000
      0.66351      0.00008      0.00000      0.00000
      0.67351      0.00168      0.00000      0.00000
      0.68351      0.01354      0.00000      0.00000
      0.69351      0.04249      0.00000      0.00000
      0.70351      0.06236      0.00000      0.00000
      0.71351      0.06104      0.00000      0.00000
      0.72351      0.03828      0.00000      0.00000
      0.73351      0.01081      0.00000      0.00000
      0.74351      0.00117      0.00000      0.00000
      0.75351      0.00005      0.00000      0.00000
      0.76351      0.00000      0.00000      0.00000
      0.77351      0.00006      0.00000      0.00000
      0.78351      0.00145      0.00000      0.00000
      0.79351      0.01218      0.00000      0.00000
      0.80351      0.03771      0.00000      0.00000
      0.81351      0.04312      0.00000      0.00000
      0.82351      0.01821      0.00000      0.00000
      0.83351      0.00285      0.00000      0.00000
      0.84351      0.00055      0.00000      0.00000
      0.85351      0.00641      0.00000      0.00000
      0.86351      0.03906      0.00000      0.00000
      0.87351      0.08787      0.00000      0.00000
      0.88351      0.07337      0.00000      0.00000
      0.89351      0.02841      0.00000      0.00000
      0.90351      0.03007      0.00000      0.00000
      0.91351      0.04613      0.00000      0.00000
      0.92351      0.02971      0.00000      0.00000
      0.93351      0.01805      0.00000      0.00000
      0.94351      0.04420      0.00000      0.00000
      0.95351      0.08608      0.00000      0.00000
      0.96351      0.11055      0.00000      0.00000
      0.97351      0.08849      0.00000      0.00000
      0.98351      0.06122      0.00000      0.00000
      0.99351      0.04264      0.00000      0.00000
      1.00351      0.01600      0.00000      0.00000
      1.01351      0.00967      0.00000      0.00000
      1.02351      0.03024      0.00000      0.00000
      1.03351      0.04549      0.00000      0.00000
      1.04351      0.02595      0.00000      0.00000
      1.05351      0.00724      0.00000      0.00000
      1.06351      0.01761      0.00000      0.00000
      1.07351      0.06468      0.00000      0.00000
      1.08351      0.09094      0.00000      0.00000
      1.09351      0.05191      0.00000      0.00000
      1.10351      0.03990      0.00000      0.00000
      1.11351      0.08343      0.00000      0.00000
      1.12351      0.10194      0.00000      0.00000
      1.13351      0.08702      0.00000      0.00000
      1.14351      0.09169      0.00000      0.00000
      1.15351      0.10577      0.00000      0.00000
      1.16351      0.08478      0.00000      0.00000
      1.17351      0.06239      0.00000      0.00000
      1.18351      0.05381      0.00000      0.00000
      1.19351      0.05239      0.00000      0.00000
      1.20351      0.03787      0.00000      0.00000
      1.21351      0.01329      0.00000      0.00000
      1.22351      0.01167      0.00000      0.00000
      1.23351      0.04909      0.00000      0.00000
      1.24351      0.09048      0.00000      0.00000
      1.25351      0.06474      0.00000      0.00000
      1.26351      0.03343      0.00000      0.00000
      1.27351      0.07276      0.00000      0.00000
      1.28351      0.15848      0.00000      0.00000
      1.29351      0.23421      0.00000      0.00000
      1.30351      0.24380      0.00000      0.00000
      1.31351      0.14992      0.00000      0.00000
      1.32351      0.04661      0.00000      0.00000
      1.33351      0.02939      0.00000      0.00000
      1.34351      0.09483      0.00000      0.00000
      1.35351      0.16364      0.00000      0.00000
      1.36351      0.13684      0.00000      0.00000
      1.37351      0.07929      0.00000      0.00000
      1.38351      0.05247      0.00000      0.00000
      1.39351      0.03606      0.00000      0.00000
      1.40351      0.06690      0.00000      0.00000
      1.41351      0.13254      0.00000      0.00000
      1.42351      0.16515      0.00000      0.00000
      1.43351      0.17218      0.00000      0.00000
      1.44351      0.16534      0.00000      0.00000
      1.45351      0.15176      0.00000      0.00000
      1.46351      0.11892      0.00000      0.00000
      1.47351      0.07646      0.00000      0.00000
      1.48351      0.06990      0.00000      0.00000
      1.49351      0.10502      0.00000      0.00000
      1.50351      0.16426      0.00000      0.00000
      1.51351      0.15541      0.00000      0.00000
      1.52351      0.08735      0.00000      0.00000
      1.53351      0.07572      0.00000      0.00000
      1.54351      0.11640      0.00000      0.00000
      1.55351      0.17354      0.00000      0.00000
      1.56351      0.18895      0.00000      0.00000
      1.57351      0.16551      0.00000      0.00000
      1.58351      0.13665      0.00000      0.00000
      1.59351      0.10901      0.00000      0.00000
      1.60351      0.12266      0.00000      0.00000
      1.61351      0.18773      0.00000      0.00000
      1.62351      0.22097      0.00000      0.00000
      1.63351      0.20132      0.00000      0.00000
      1.64351      0.22214      0.00000      0.00000
      1.65351      0.24376      0.00000      0.00000
      1.66351      0.19751      0.00000      0.00000
      1.67351      0.12524      0.00000      0.00000
      1.68351      0.10905      0.00000      0.00000
      1.69351      0.15059      0.00000      0.00000
      1.70351      0.19550      0.00000      0.00000
      1.71351      0.22289      0.00000      0.00000
      1.72351      0.19867      0.00000      0.00000
      1.73351      0.17579      0.00000      0.00000
      1.74351      0.22940      0.00000      0.00000
      1.75351      0.29019      0.00000      0.00000
      1.76351      0.29023      0.00000      0.00000
      1.77351      0.26138      0.00000      0.00000
      1.78351      0.21749      0.00000      0.00000
      1.79351      0.14481      0.00000      0.00000
      1.80351      0.13375      0.00000      0.00000
      1.81351      0.20548      0.00000      0.00000
      1.82351      0.28690      0.00000      0.00000
      1.83351      0.28602      0.00000      0.00000
      1.84351      0.23348      0.00000      0.00000
      1.85351      0.21207      0.00000      0.00000
      1.86351      0.18851      0.00000      0.00000
      1.87351      0.15265      0.00000      0.00000
      1.88351      0.13267      0.00000      0.00000
      1.89351      0.15851      0.00000      0.00000
      1.90351      0.24163      0.00000      0.00000
      1.91351      0.33050      0.00000      0.00000
      1.92351      0.39163      0.00000      0.00000
      1.93351      0.37409      0.00000      0.00000
      1.94351      0.28789      0.00000      0.00000
      1.95351      0.23083      0.00000      0.00000
      1.96351      0.15849      0.00000      0.00000
      1.97351      0.11915      0.00000      0.00000
      1.98351      0.17945      0.00000      0.00000
      1.99351      0.25987      0.00000      0.00000
      2.00351      0.36502      0.00000      0.00000
      2.01351      0.52777      0.00000      0.00000
      2.02351      0.52818      0.00000      0.00000
      2.03351      0.37626      0.00000      0.00000
      2.04351      0.28834      0.00000      0.00000
      2.05351      0.22738      0.00000      0.00000
      2.06351      0.19883      0.00000      0.00000
      2.07351      0.27469      0.00000      0.00000
      2.08351      0.38381      0.00000      0.00000
      2.09351      0.40146      0.00000      0.00000
      2.10351      0.36996      0.00000      0.00000
      2.11351      0.35993      0.00000      0.00000
      2.12351      0.32299      0.00000      0.00000
      2.13351      0.32167      0.00000      0.00000
      2.14351      0.38268      0.00000      0.00000
      2.15351      0.34745      0.00000      0.00000
      2.16351      0.31353      0.00000      0.00000
      2.17351      0.37132      0.00000      0.00000
      2.18351      0.41005      0.00000      0.00000
      2.19351      0.46930      0.00000      0.00000
      2.20351      0.52438      0.00000      0.00000
      2.21351      0.43097      0.00000      0.00000
      2.22351      0.34187      0.00000      0.00000
      2.23351      0.33708      0.00000      0.00000
      2.24351      0.29366      0.00000      0.00000
      2.25351      0.23706      0.00000      0.00000
      2.26351      0.30828      0.00000      0.00000
      2.27351      0.44408      0.00000      0.00000
      2.28351      0.46774      0.00000      0.00000
      2.29351      0.42173      0.00000      0.00000
      2.30351      0.41142      0.00000      0.00000
      2.31351      0.43446      0.00000      0.00000
      2.32351      0.40712      0.00000      0.00000
      2.33351      0.40498      0.00000      0.00000
      2.34351      0.48497      0.00000      0.00000
      2.35351      0.53694      0.00000      0.00000
      2.36351      0.57595      0.00000      0.00000
      2.37351      0.60496      0.00000      0.00000
      2.38351      0.50225      0.00000      0.00000
      2.39351      0.39017      0.00000      0.00000
      2.40351      0.41625      0.00000      0.00000
      2.41351      0.53603      0.00000      0.00000
      2.42351      0.62051      0.00000      0.00000
      2.43351      0.69168      0.00000      0.00000
      2.44351      0.71583      0.00000      0.00000
      2.45351      0.62252      0.00000      0.00000
      2.46351      0.49398      0.00000      0.00000
      2.47351      0.43089      0.00000      0.00000
      2.48351      0.48870      0.00000      0.00000
      2.49351      0.59185      0.00000      0.00000
      2.50351      0.61517      0.00000      0.00000
      2.51351      0.52910      0.00000      0.00000
      2.52351      0.50409      0.00000      0.00000
      2.53351      0.61911      0.00000      0.00000
      2.54351      0.67598      0.00000      0.00000
      2.55351      0.59939      0.00000      0.00000
      2.56351      0.55889      0.00000      0.00000
      2.57351      0.68236      0.00000      0.00000
      2.58351      0.86718      0.00000      0.00000
      2.59351      0.85784      0.00000      0.00000
      2.60351      0.67060      0.00000      0.00000
      2.61351      0.55180      0.00000      0.00000
      2.62351      0.52218      0.00000      0.00000
      2.63351      0.11780      0.00000      0.00000
      2.64351     -3.62765      0.00000      0.00000
      2.65351    -14.23003      0.00000      0.00000
      2.66351    -18.53283      0.00000      0.00000
      2.67351     -8.38358      0.00000      0.00000
      2.68351     -0.78453      0.00000      0.00000
      2.69351      0.81424      0.00000      0.00000
      2.70351      1.01131      0.00000      0.00000
      2.71351      1.01733      0.00000      0.00000
      2.72351      1.14804      0.00000      0.00000
      2.73351      1.27429      0.00000      0.00000
      2.74351      1.23374      0.00000      0.00000
      2.75351      1.19678      0.00000      0.00000
      2.76351      1.15061      0.00000      0.00000
      2.77351      0.95205      0.00000      0.00000
      2.78351      0.78298      0.00000      0.00000
      2.79351      0.87867      0.00000      0.00000
      2.80351      1.04317      0.00000      0.00000
      2.81351      1.14330      0.00000      0.00000
      2.82351      1.32915      0.00000      0.00000
      2.83351      1.54782      0.00000      0.00000
      2.84351      1.55724      0.00000      0.00000
      2.85351      1.31436      0.00000      0.00000
      2.86351      1.19832      0.00000      0.00000
      2.87351      1.19970      0.00000      0.00000
      2.88351      0.96353      0.00000      0.00000
      2.89351      0.74158      0.00000      0.00000
      2.90351      0.86245      0.00000      0.00000
      2.91351      1.12358      0.00000      0.00000
      2.92351      1.27932      0.00000      0.00000
      2.93351      1.42938      0.00000      0.00000
      2.94351      1.53678      0.00000      0.00000
      2.95351      1.57890      0.00000      0.00000
      2.96351      1.37724      0.00000      0.00000
      2.97351      1.10927      0.00000      0.00000
      2.98351      1.14687      0.00000      0.00000
      2.99351      1.19046      0.00000      0.00000
      3.00351      1.00730      0.00000      0.00000
      3.01351      0.84560      0.00000      0.00000
      3.02351      0.84811      0.00000      0.00000
      3.03351      0.86282      0.00000      0.00000
      3.04351      0.81014      0.00000      0.00000
      3.05351      0.80412      0.00000      0.00000
      3.06351      1.11360      0.00000      0.00000
      3.07351      1.89993      0.00000      0.00000
      3.08351      2.92502      0.00000      0.00000
      3.09351      3.41060      0.00000      0.00000
      3.10351      2.93069      0.00000      0.00000
      3.11351      2.31667      0.00000      0.00000
      3.12351      1.90660      0.00000      0.00000
      3.13351      1.61335      0.00000      0.00000
      3.14351      1.53726      0.00000      0.00000
      3.15351      1.44833      0.00000      0.00000
      3.16351      1.29758      0.00000      0.00000
      3.17351      1.33731      0.00000      0.00000
      3.18351      1.59533      0.00000      0.00000
      3.19351      1.77307      0.00000      0.00000
      3.20351      1.86490      0.00000      0.00000
      3.21351      1.94169      0.00000      0.00000
      3.22351      2.04135      0.00000      0.00000
      3.23351      2.38655      0.00000      0.00000
      3.24351      2.95189      0.00000      0.00000
      3.25351      3.37748      0.00000      0.00000
      3.26351      3.42142      0.00000      0.00000
      3.27351      3.48657      0.00000      0.00000
      3.28351      3.48239      0.00000      0.00000
      3.29351      3.22126      0.00000      0.00000
      3.30351      2.91577      0.00000      0.00000
      3.31351      2.56609      0.00000      0.00000
      3.32351      2.37932      0.00000      0.00000
      3.33351      2.55080      0.00000      0.00000
      3.34351      2.87550      0.00000      0.00000
      3.35351      3.22322      0.00000      0.00000
      3.36351      3.62197      0.00000      0.00000
      3.37351      3.96997      0.00000      0.00000
      3.38351      3.94436      0.00000      0.00000
      3.39351      3.67008      0.00000      0.00000
      3.40351      3.62557      0.00000      0.00000
      3.41351      3.70677      0.00000      0.00000
      3.42351      3.48925      0.00000      0.00000
      3.43351      3.21023      0.00000      0.00000
      3.44351      3.45589      0.00000      0.00000
      3.45351      3.99961      0.00000      0.00000
      3.46351      4.08173      0.00000      0.00000
      3.47351      3.49808      0.00000      0.00000
      3.48351      2.85870      0.00000      0.00000
      3.49351      2.70186      0.00000      0.00000
      3.50351      2.69928      0.00000      0.00000
      3.51351      2.57096      0.00000      0.00000
      3.52351      2.62583      0.00000      0.00000
      3.53351      2.90474      0.00000      0.00000
      3.54351      3.26518      0.00000      0.00000
      3.55351      3.70141      0.00000      0.00000
      3.56351      4.10616      0.00000      0.00000
      3.57351      4.11790      0.00000      0.00000
      3.58351      3.62010      0.00000      0.00000
      3.59351      3.18202      0.00000      0.00000
      3.60351      3.06878      0.00000      0.00000
      3.61351      3.18661      0.00000      0.00000
      3.62351      3.35939      0.00000      0.00000
      3.63351      3.30071      0.00000      0.00000
      3.64351      3.29523      0.00000      0.00000
      3.65351      3.43171      0.00000      0.00000
      3.66351      3.37090      0.00000      0.00000
      3.67351      3.07562      0.00000      0.00000
      3.68351      2.80633      0.00000      0.00000
      3.69351      3.00532      0.00000      0.00000
      3.70351      3.40365      0.00000      0.00000
      3.71351      3.84670      0.00000      0.00000
      3.72351      4.20356      0.00000      0.00000
      3.73351      4.18905      0.00000      0.00000
      3.74351      3.81565      0.00000      0.00000
      3.75351      3.47996      0.00000      0.00000
      3.76351      3.64273      0.00000      0.00000
      3.77351      3.86160      0.00000      0.00000
      3.78351      3.72981      0.00000      0.00000
      3.79351      3.49463      0.00000      0.00000
      3.80351      3.34395      0.00000      0.00000
      3.81351      3.26282      0.00000      0.00000
      3.82351      3.23703      0.00000      0.00000
      3.83351      3.24272      0.00000      0.00000
      3.84351      3.42484      0.00000      0.00000
      3.85351      3.52422      0.00000      0.00000
      3.86351      3.38236      0.00000      0.00000
      3.87351      3.41181      0.00000      0.00000
      3.88351      3.64387      0.00000      0.00000
      3.89351      3.66542      0.00000      0.00000
      3.90351      3.42191      0.00000      0.00000
      3.91351      3.06216      0.00000      0.00000
      3.92351      2.72558      0.00000      0.00000
      3.93351      2.91674      0.00000      0.00000
      3.94351      3.17485      0.00000      0.00000
      3.95351      3.11492      0.00000      0.00000
      3.96351      3.23439      0.00000      0.00000
      3.97351      3.47760      0.00000      0.00000
      3.98351      3.40474      0.00000      0.00000
      3.99351      3.13940      0.00000      0.00000
      4.00351      2.93749      0.00000      0.00000
      4.01351      2.79622      0.00000      0.00000
      4.02351      2.88280      0.00000      0.00000
      4.03351      3.52483      0.00000      0.00000
      4.04351      4.46868      0.00000      0.00000
      4.05351      4.88548      0.00000      0.00000
      4.06351      4.63302      0.00000      0.00000
      4.07351      4.05195      0.00000      0.00000
      4.08351      3.58193      0.00000      0.00000
      4.09351      3.49390      0.00000      0.00000
      4.10351      3.72032      0.00000      0.00000
      4.11351      3.97943      0.00000      0.00000
      4.12351      3.97017      0.00000      0.00000
      4.13351      3.95831      0.00000      0.00000
      4.14351      4.15851      0.00000      0.00000
      4.15351      4.57810      0.00000      0.00000
      4.16351      4.87030      0.00000      0.00000
      4.17351      4.65477      0.00000      0.00000
      4.18351      4.31524      0.00000      0.00000
      4.19351      4.31294      0.00000      0.00000
      4.20351      4.53846      0.00000      0.00000
      4.21351      4.65042      0.00000      0.00000
      4.22351      4.53901      0.00000      0.00000
      4.23351      4.71292      0.00000      0.00000
      4.24351      5.30685      0.00000      0.00000
      4.25351      5.56750      0.00000      0.00000
      4.26351      5.45230      0.00000      0.00000
      4.27351      5.33441      0.00000      0.00000
      4.28351      5.05833      0.00000      0.00000
      4.29351      4.83139      0.00000      0.00000
      4.30351      5.13766      0.00000      0.00000
      4.31351      5.37419      0.00000      0.00000
      4.32351      4.99842      0.00000      0.00000
      4.33351      4.37400      0.00000      0.00000
      4.34351      3.91242      0.00000      0.00000
      4.35351      3.87977      0.00000      0.00000
      4.36351      4.43975      0.00000      0.00000
      4.37351      5.15501      0.00000      0.00000
      4.38351      5.21658      0.00000      0.00000
      4.39351      4.57799      0.00000      0.00000
      4.40351      3.95329      0.00000      0.00000
      4.41351      3.65660      0.00000      0.00000
      4.42351      3.50943      0.00000      0.00000
      4.43351      3.43995      0.00000      0.00000
      4.44351      3.26199      0.00000      0.00000
      4.45351      3.26818      0.00000      0.00000
      4.46351      3.17678      0.00000      0.00000
      4.47351      3.04081      0.00000      0.00000
      4.48351      3.21659      0.00000      0.00000
      4.49351      3.33595      0.00000      0.00000
      4.50351      3.18316      0.00000      0.00000
      4.51351      2.88121      0.00000      0.00000
      4.52351      2.56926      0.00000      0.00000
      4.53351      2.42886      0.00000      0.00000
      4.54351      2.74833      0.00000      0.00000
      4.55351      3.23488      0.00000      0.00000
      4.56351      3.60206      0.00000      0.00000
      4.57351      3.83727      0.00000      0.00000
      4.58351      3.80410      0.00000      0.00000
      4.59351      3.54882      0.00000      0.00000
      4.60351      3.34837      0.00000      0.00000
      4.61351      3.11786      0.00000      0.00000
      4.62351      3.22857      0.00000      0.00000
      4.63351      3.59361      0.00000      0.00000
      4.64351      3.70391      0.00000      0.00000
      4.65351      3.56176      0.00000      0.00000
      4.66351      3.15605      0.00000      0.00000
      4.67351      2.87412      0.00000      0.00000
      4.68351      2.85366      0.00000      0.00000
      4.69351      2.77606      0.00000      0.00000
      4.70351      2.55434      0.00000      0.00000
      4.71351      2.24190      0.00000      0.00000
      4.72351      1.93462      0.00000      0.00000
      4.73351      1.77876      0.00000      0.00000
      4.74351      1.97829      0.00000      0.00000
      4.75351      2.52564      0.00000      0.00000
      4.76351      2.73896      0.00000      0.00000
      4.77351      2.73283      0.00000      0.00000
      4.78351      2.69153      0.00000      0.00000
      4.79351      2.44115      0.00000      0.00000
      4.80351      2.25876      0.00000      0.00000
      4.81351      2.20877      0.00000      0.00000
      4.82351      2.25002      0.00000      0.00000
      4.83351      2.25426      0.00000      0.00000
      4.84351      1.99200      0.00000      0.00000
      4.85351      1.76363      0.00000      0.00000
      4.86351      1.83552      0.00000      0.00000
      4.87351      1.93613      0.00000      0.00000
      4.88351      1.88284      0.00000      0.00000
      4.89351      1.72845      0.00000      0.00000
      4.90351      1.81019      0.00000      0.00000
      4.91351      2.37001      0.00000      0.00000
      4.92351      3.29682      0.00000      0.00000
      4.93351      4.00798      0.00000      0.00000
      4.94351      3.98027      0.00000      0.00000
      4.95351      3.42539      0.00000      0.00000
      4.96351      2.82692      0.00000      0.00000
      4.97351      2.61325      0.00000      0.00000
      4.98351      2.68635      0.00000      0.00000
      4.99351      2.46407      0.00000      0.00000
      5.00351      1.86686      0.00000      0.00000
      5.01351      1.38118      0.00000      0.00000
      5.02351      1.13853      0.00000      0.00000
      5.03351      1.05690      0.00000      0.00000
      5.04351      1.16462      0.00000      0.00000
      5.05351      1.26021      0.00000      0.00000
      5.06351      1.25753      0.00000      0.00000
      5.07351      1.26607      0.00000      0.00000
      5.08351      1.37697      0.00000      0.00000
      5.09351      1.72468      0.00000      0.00000
      5.10351      2.29915      0.00000      0.00000
      5.11351      2.74919      0.00000      0.00000
      5.12351      2.85178      0.00000      0.00000
      5.13351      2.61479      0.00000      0.00000
      5.14351      2.08310      0.00000      0.00000
      5.15351      1.65358      0.00000      0.00000
      5.16351      1.48465      0.00000      0.00000
      5.17351      1.63909      0.00000      0.00000
      5.18351      2.26017      0.00000      0.00000
      5.19351      2.83615      0.00000      0.00000
      5.20351      2.75591      0.00000      0.00000
      5.21351      2.28414      0.00000      0.00000
      5.22351      2.10524      0.00000      0.00000
      5.23351      2.40931      0.00000      0.00000
      5.24351      2.91919      0.00000      0.00000
      5.25351      3.30519      0.00000      0.00000
      5.26351      3.43881      0.00000      0.00000
      5.27351      3.33178      0.00000      0.00000
      5.28351      3.03724      0.00000      0.00000
      5.29351      2.48074      0.00000      0.00000
      5.30351      2.05077      0.00000      0.00000
      5.31351      1.80109      0.00000      0.00000
      5.32351      1.51335      0.00000      0.00000
      5.33351      1.34988      0.00000      0.00000
      5.34351      1.37928      0.00000      0.00000
      5.35351      1.51123      0.00000      0.00000
      5.36351      1.68049      0.00000      0.00000
      5.37351      1.66322      0.00000      0.00000
      5.38351      1.56581      0.00000      0.00000
      5.39351      1.51778      0.00000      0.00000
      5.40351      1.45911      0.00000      0.00000
      5.41351      1.40155      0.00000      0.00000
      5.42351      1.33591      0.00000      0.00000
      5.43351      1.40014      0.00000      0.00000
      5.44351      1.59083      0.00000      0.00000
      5.45351      1.84467      0.00000      0.00000
      5.46351      2.19738      0.00000      0.00000
      5.47351      2.40519      0.00000      0.00000
      5.48351      2.37728      0.00000      0.00000
      5.49351      2.53478      0.00000      0.00000
      5.50351      2.88518      0.00000      0.00000
