Energy-E_F (eV)    DOS (1/eV)    PDOS (1/eV)  of atom type C  
 -84625.07765      0.00000      0.00000
 -84625.06765      0.00000      0.00000
 -84625.05765      0.00000      0.00000
 -84625.04765      0.00000      0.00000
 -84625.03765      0.00000      0.00000
 -84625.02765      0.00000      0.00000
 -84625.01765      0.00000      0.00000
 -84625.00765      0.00000      0.00000
 -84624.99765      0.00000      0.00000
 -84624.98765      0.00000      0.00000
 -84624.97765      0.00000      0.00000
 -84624.96765      0.00000      0.00000
 -84624.95765      0.00000      0.00000
 -84624.94765      0.00000      0.00000
 -84624.93765      0.00000      0.00000
 -84624.92765      0.00000      0.00000
 -84624.91765      0.00000      0.00000
 -84624.90765      0.00000      0.00000
 -84624.89765      0.00000      0.00000
 -84624.88765      0.00000      0.00000
 -84624.87765      0.00000      0.00000
 -84624.86765      0.00000      0.00000
 -84624.85765      0.00000      0.00000
 -84624.84765      0.00000      0.00000
 -84624.83765      0.00000      0.00000
 -84624.82765      0.00000      0.00000
 -84624.81765      0.00000      0.00000
 -84624.80765      0.00000      0.00000
 -84624.79765      0.00000      0.00000
 -84624.78765      0.00000      0.00000
 -84624.77765      0.00000      0.00000
 -84624.76765      0.00000      0.00000
 -84624.75765      0.00000      0.00000
 -84624.74765      0.00000      0.00000
 -84624.73765      0.00000      0.00000
 -84624.72765      0.00000      0.00000
 -84624.71765      0.00000      0.00000
 -84624.70765      0.00000      0.00000
 -84624.69765      0.00000      0.00000
 -84624.68765      0.00000      0.00000
 -84624.67765      0.00000      0.00000
 -84624.66765      0.00000      0.00000
 -84624.65765      0.00000      0.00000
 -84624.64765      0.00000      0.00000
 -84624.63765      0.00000      0.00000
 -84624.62765      0.00000      0.00000
 -84624.61765      0.00000      0.00000
 -84624.60765      0.00000      0.00000
 -84624.59765      0.00000      0.00000
 -84624.58765      0.00000      0.00000
 -84624.57765      0.00000      0.00000
 -84624.56765      0.00000      0.00000
 -84624.55765      0.00000      0.00000
 -84624.54765      0.00000      0.00000
 -84624.53765      0.00000      0.00000
 -84624.52765      0.00000      0.00000
 -84624.51765      0.00000      0.00000
 -84624.50765      0.00000      0.00000
 -84624.49765      0.00000      0.00000
 -84624.48765      0.00000      0.00000
 -84624.47765      0.00000      0.00000
 -84624.46765      0.00000      0.00000
 -84624.45765      0.00000      0.00000
 -84624.44765      0.00000      0.00000
 -84624.43765      0.00000      0.00000
 -84624.42765      0.00000      0.00000
 -84624.41765      0.00000      0.00000
 -84624.40765      0.00000      0.00000
 -84624.39765      0.00000      0.00000
 -84624.38765      0.00000      0.00000
 -84624.37765      0.00000      0.00000
 -84624.36765      0.00000      0.00000
 -84624.35765      0.00000      0.00000
 -84624.34765      0.00000      0.00000
 -84624.33765      0.00000      0.00000
 -84624.32765      0.00000      0.00000
 -84624.31765      0.00000      0.00000
 -84624.30765      0.00000      0.00000
 -84624.29765      0.00000      0.00000
 -84624.28765      0.00000      0.00000
 -84624.27765      0.00000      0.00000
 -84624.26765      0.00000      0.00000
 -84624.25765      0.00000      0.00000
 -84624.24765      0.00000      0.00000
 -84624.23765      0.00000      0.00000
 -84624.22765      0.00000      0.00000
 -84624.21765      0.00000      0.00000
 -84624.20765      0.00000      0.00000
 -84624.19765      0.00000      0.00000
 -84624.18765      0.00000      0.00000
 -84624.17765      0.00000      0.00000
 -84624.16765      0.00000      0.00000
 -84624.15765      0.00000      0.00000
 -84624.14765      0.00000      0.00000
 -84624.13765      0.00000      0.00000
 -84624.12765      0.00000      0.00000
 -84624.11765      0.00000      0.00000
 -84624.10765      0.00000      0.00000
 -84624.09765      0.00000      0.00000
 -84624.08765      0.00000      0.00000
 -84624.07765      0.00000      0.00000
 -84624.06765      0.00000      0.00000
 -84624.05765      0.00000      0.00000
 -84624.04765      0.00000      0.00000
 -84624.03765      0.00000      0.00000
 -84624.02765      0.00000      0.00000
 -84624.01765      0.00000      0.00000
 -84624.00765      0.00000      0.00000
 -84623.99765      0.00000      0.00000
 -84623.98765      0.00000      0.00000
 -84623.97765      0.00000      0.00000
 -84623.96765      0.00000      0.00000
 -84623.95765      0.00000      0.00000
 -84623.94765      0.00000      0.00000
 -84623.93765      0.00000      0.00000
 -84623.92765      0.00000      0.00000
 -84623.91765      0.00000      0.00000
 -84623.90765      0.00000      0.00000
 -84623.89765      0.00000      0.00000
 -84623.88765      0.00000      0.00000
 -84623.87765      0.00000      0.00000
 -84623.86765      0.00000      0.00000
 -84623.85765      0.00000      0.00000
 -84623.84765      0.00000      0.00000
 -84623.83765      0.00000      0.00000
 -84623.82765      0.00000      0.00000
 -84623.81765      0.00000      0.00000
 -84623.80765      0.00000      0.00000
 -84623.79765      0.00000      0.00000
 -84623.78765      0.00000      0.00000
 -84623.77765      0.00000      0.00000
 -84623.76765      0.00000      0.00000
 -84623.75765      0.00000      0.00000
 -84623.74765      0.00000      0.00000
 -84623.73765      0.00000      0.00000
 -84623.72765      0.00000      0.00000
 -84623.71765      0.00000      0.00000
 -84623.70765      0.00000      0.00000
 -84623.69765      0.00000      0.00000
 -84623.68765      0.00000      0.00000
 -84623.67765      0.00000      0.00000
 -84623.66765      0.00000      0.00000
 -84623.65765      0.00000      0.00000
 -84623.64765      0.00000      0.00000
 -84623.63765      0.00000      0.00000
 -84623.62765      0.00000      0.00000
 -84623.61765      0.00000      0.00000
 -84623.60765      0.00000      0.00000
 -84623.59765      0.00000      0.00000
 -84623.58765      0.00000      0.00000
 -84623.57765      0.00000      0.00000
 -84623.56765      0.00000      0.00000
 -84623.55765      0.00000      0.00000
 -84623.54765      0.00000      0.00000
 -84623.53765      0.00000      0.00000
 -84623.52765      0.00000      0.00000
 -84623.51765      0.00000      0.00000
 -84623.50765      0.00000      0.00000
 -84623.49765      0.00000      0.00000
 -84623.48765      0.00000      0.00000
 -84623.47765      0.00000      0.00000
 -84623.46765      0.00000      0.00000
 -84623.45765      0.00000      0.00000
 -84623.44765      0.00000      0.00000
 -84623.43765      0.00000      0.00000
 -84623.42765      0.00000      0.00000
 -84623.41765      0.00000      0.00000
 -84623.40765      0.00000      0.00000
 -84623.39765      0.00000      0.00000
 -84623.38765      0.00000      0.00000
 -84623.37765      0.00000      0.00000
 -84623.36765      0.00000      0.00000
 -84623.35765      0.00000      0.00000
 -84623.34765      0.00000      0.00000
 -84623.33765      0.00000      0.00000
 -84623.32765      0.00000      0.00000
 -84623.31765      0.00000      0.00000
 -84623.30765      0.00000      0.00000
 -84623.29765      0.00000      0.00000
 -84623.28765      0.00000      0.00000
 -84623.27765      0.00000      0.00000
 -84623.26765      0.00000      0.00000
 -84623.25765      0.00000      0.00000
 -84623.24765      0.00000      0.00000
 -84623.23765      0.00000      0.00000
 -84623.22765      0.00000      0.00000
 -84623.21765      0.00000      0.00000
 -84623.20765      0.00000      0.00000
 -84623.19765      0.00000      0.00000
 -84623.18765      0.00000      0.00000
 -84623.17765      0.00000      0.00000
 -84623.16765      0.00000      0.00000
 -84623.15765      0.00000      0.00000
 -84623.14765      0.00000      0.00000
 -84623.13765      0.00000      0.00000
 -84623.12765      0.00000      0.00000
 -84623.11765      0.00000      0.00000
 -84623.10765      0.00000      0.00000
 -84623.09765      0.00000      0.00000
 -84623.08765      0.00000      0.00000
 -84623.07765      0.00000      0.00000
 -84623.06765      0.00000      0.00000
 -84623.05765      0.00000      0.00000
 -84623.04765      0.00000      0.00000
 -84623.03765      0.00000      0.00000
 -84623.02765      0.00000      0.00000
 -84623.01765      0.00000      0.00000
 -84623.00765      0.00000      0.00000
 -84622.99765      0.00000      0.00000
 -84622.98765      0.00000      0.00000
 -84622.97765      0.00000      0.00000
 -84622.96765      0.00000      0.00000
 -84622.95765      0.00000      0.00000
 -84622.94765      0.00000      0.00000
 -84622.93765      0.00000      0.00000
 -84622.92765      0.00000      0.00000
 -84622.91765      0.00000      0.00000
 -84622.90765      0.00000      0.00000
 -84622.89765      0.00000      0.00000
 -84622.88765      0.00000      0.00000
 -84622.87765      0.00000      0.00000
 -84622.86765      0.00000      0.00000
 -84622.85765      0.00000      0.00000
 -84622.84765      0.00000      0.00000
 -84622.83765      0.00000      0.00000
 -84622.82765      0.00000      0.00000
 -84622.81765      0.00000      0.00000
 -84622.80765      0.00000      0.00000
 -84622.79765      0.00000      0.00000
 -84622.78765      0.00000      0.00000
 -84622.77765      0.00000      0.00000
 -84622.76765      0.00000      0.00000
 -84622.75765      0.00000      0.00000
 -84622.74765      0.00000      0.00000
 -84622.73765      0.00000      0.00000
 -84622.72765      0.00000      0.00000
 -84622.71765      0.00000      0.00000
 -84622.70765      0.00000      0.00000
 -84622.69765      0.00000      0.00000
 -84622.68765      0.00000      0.00000
 -84622.67765      0.00000      0.00000
 -84622.66765      0.00000      0.00000
 -84622.65765      0.00000      0.00000
 -84622.64765      0.00000      0.00000
 -84622.63765      0.00000      0.00000
 -84622.62765      0.00000      0.00000
 -84622.61765      0.00000      0.00000
 -84622.60765      0.00000      0.00000
 -84622.59765      0.00000      0.00000
 -84622.58765      0.00000      0.00000
 -84622.57765      0.00000      0.00000
 -84622.56765      0.00000      0.00000
 -84622.55765      0.00000      0.00000
 -84622.54765      0.00000      0.00000
 -84622.53765      0.00000      0.00000
 -84622.52765      0.00000      0.00000
 -84622.51765      0.00000      0.00000
 -84622.50765      0.00000      0.00000
 -84622.49765      0.00000      0.00000
 -84622.48765      0.00000      0.00000
 -84622.47765      0.00000      0.00000
 -84622.46765      0.00000      0.00000
 -84622.45765      0.00000      0.00000
 -84622.44765      0.00000      0.00000
 -84622.43765      0.00000      0.00000
 -84622.42765      0.00000      0.00000
 -84622.41765      0.00000      0.00000
 -84622.40765      0.00000      0.00000
 -84622.39765      0.00000      0.00000
 -84622.38765      0.00000      0.00000
 -84622.37765      0.00000      0.00000
 -84622.36765      0.00000      0.00000
 -84622.35765      0.00000      0.00000
 -84622.34765      0.00000      0.00000
 -84622.33765      0.00000      0.00000
 -84622.32765      0.00000      0.00000
 -84622.31765      0.00000      0.00000
 -84622.30765      0.00000      0.00000
 -84622.29765      0.00000      0.00000
 -84622.28765      0.00000      0.00000
 -84622.27765      0.00000      0.00000
 -84622.26765      0.00000      0.00000
 -84622.25765      0.00000      0.00000
 -84622.24765      0.00000      0.00000
 -84622.23765      0.00000      0.00000
 -84622.22765      0.00000      0.00000
 -84622.21765      0.00000      0.00000
 -84622.20765      0.00000      0.00000
 -84622.19765      0.00000      0.00000
 -84622.18765      0.00000      0.00000
 -84622.17765      0.00000      0.00000
 -84622.16765      0.00000      0.00000
 -84622.15765      0.00000      0.00000
 -84622.14765      0.00000      0.00000
 -84622.13765      0.00000      0.00000
 -84622.12765      0.00000      0.00000
 -84622.11765      0.00000      0.00000
 -84622.10765      0.00000      0.00000
 -84622.09765      0.00000      0.00000
 -84622.08765      0.00000      0.00000
 -84622.07765      0.00000      0.00000
 -84622.06765      0.00000      0.00000
 -84622.05765      0.00000      0.00000
 -84622.04765      0.00000      0.00000
 -84622.03765      0.00000      0.00000
 -84622.02765      0.00000      0.00000
 -84622.01765      0.00000      0.00000
 -84622.00765      0.00000      0.00000
 -84621.99765      0.00000      0.00000
 -84621.98765      0.00000      0.00000
 -84621.97765      0.00000      0.00000
 -84621.96765      0.00000      0.00000
 -84621.95765      0.00000      0.00000
 -84621.94765      0.00000      0.00000
 -84621.93765      0.00000      0.00000
 -84621.92765      0.00000      0.00000
 -84621.91765      0.00000      0.00000
 -84621.90765      0.00000      0.00000
 -84621.89765      0.00000      0.00000
 -84621.88765      0.00000      0.00000
 -84621.87765      0.00000      0.00000
 -84621.86765      0.00000      0.00000
 -84621.85765      0.00000      0.00000
 -84621.84765      0.00000      0.00000
 -84621.83765      0.00000      0.00000
 -84621.82765      0.00000      0.00000
 -84621.81765      0.00000      0.00000
 -84621.80765      0.00000      0.00000
 -84621.79765      0.00000      0.00000
 -84621.78765      0.00000      0.00000
 -84621.77765      0.00000      0.00000
 -84621.76765      0.00000      0.00000
 -84621.75765      0.00000      0.00000
 -84621.74765      0.00000      0.00000
 -84621.73765      0.00000      0.00000
 -84621.72765      0.00000      0.00000
 -84621.71765      0.00000      0.00000
 -84621.70765      0.00000      0.00000
 -84621.69765      0.00000      0.00000
 -84621.68765      0.00000      0.00000
 -84621.67765      0.00000      0.00000
 -84621.66765      0.00000      0.00000
 -84621.65765      0.00000      0.00000
 -84621.64765      0.00000      0.00000
 -84621.63765      0.00000      0.00000
 -84621.62765      0.00000      0.00000
 -84621.61765      0.00000      0.00000
 -84621.60765      0.00000      0.00000
 -84621.59765      0.00000      0.00000
 -84621.58765      0.00000      0.00000
 -84621.57765      0.00000      0.00000
 -84621.56765      0.00000      0.00000
 -84621.55765      0.00000      0.00000
 -84621.54765      0.00000      0.00000
 -84621.53765      0.00000      0.00000
 -84621.52765      0.00000      0.00000
 -84621.51765      0.00000      0.00000
 -84621.50765      0.00000      0.00000
 -84621.49765      0.00000      0.00000
 -84621.48765      0.00000      0.00000
 -84621.47765      0.00000      0.00000
 -84621.46765      0.00000      0.00000
 -84621.45765      0.00000      0.00000
 -84621.44765      0.00000      0.00000
 -84621.43765      0.00000      0.00000
 -84621.42765      0.00000      0.00000
 -84621.41765      0.00000      0.00000
 -84621.40765      0.00000      0.00000
 -84621.39765      0.00000      0.00000
 -84621.38765      0.00000      0.00000
 -84621.37765      0.00000      0.00000
 -84621.36765      0.00000      0.00000
 -84621.35765      0.00000      0.00000
 -84621.34765      0.00000      0.00000
 -84621.33765      0.00000      0.00000
 -84621.32765      0.00000      0.00000
 -84621.31765      0.00000      0.00000
 -84621.30765      0.00000      0.00000
 -84621.29765      0.00000      0.00000
 -84621.28765      0.00000      0.00000
 -84621.27765      0.00000      0.00000
 -84621.26765      0.00000      0.00000
 -84621.25765      0.00000      0.00000
 -84621.24765      0.00000      0.00000
 -84621.23765      0.00000      0.00000
 -84621.22765      0.00000      0.00000
 -84621.21765      0.00000      0.00000
 -84621.20765      0.00000      0.00000
 -84621.19765      0.00000      0.00000
 -84621.18765      0.00000      0.00000
 -84621.17765      0.00000      0.00000
 -84621.16765      0.00000      0.00000
 -84621.15765      0.00000      0.00000
 -84621.14765      0.00000      0.00000
 -84621.13765      0.00000      0.00000
 -84621.12765      0.00000      0.00000
 -84621.11765      0.00000      0.00000
 -84621.10765      0.00000      0.00000
 -84621.09765      0.00000      0.00000
 -84621.08765      0.00000      0.00000
 -84621.07765      0.00000      0.00000
 -84621.06765      0.00000      0.00000
 -84621.05765      0.00000      0.00000
 -84621.04765      0.00000      0.00000
 -84621.03765      0.00000      0.00000
 -84621.02765      0.00000      0.00000
 -84621.01765      0.00000      0.00000
 -84621.00765      0.00000      0.00000
 -84620.99765      0.00000      0.00000
 -84620.98765      0.00000      0.00000
 -84620.97765      0.00000      0.00000
 -84620.96765      0.00000      0.00000
 -84620.95765      0.00000      0.00000
 -84620.94765      0.00000      0.00000
 -84620.93765      0.00000      0.00000
 -84620.92765      0.00000      0.00000
 -84620.91765      0.00000      0.00000
 -84620.90765      0.00000      0.00000
 -84620.89765      0.00000      0.00000
 -84620.88765      0.00000      0.00000
 -84620.87765      0.00000      0.00000
 -84620.86765      0.00000      0.00000
 -84620.85765      0.00000      0.00000
 -84620.84765      0.00000      0.00000
 -84620.83765      0.00000      0.00000
 -84620.82765      0.00000      0.00000
 -84620.81765      0.00000      0.00000
 -84620.80765      0.00000      0.00000
 -84620.79765      0.00000      0.00000
 -84620.78765      0.00000      0.00000
 -84620.77765      0.00000      0.00000
 -84620.76765      0.00000      0.00000
 -84620.75765      0.00000      0.00000
 -84620.74765      0.00000      0.00000
 -84620.73765      0.00000      0.00000
 -84620.72765      0.00000      0.00000
 -84620.71765      0.00000      0.00000
 -84620.70765      0.00000      0.00000
 -84620.69765      0.00000      0.00000
 -84620.68765      0.00000      0.00000
 -84620.67765      0.00000      0.00000
 -84620.66765      0.00000      0.00000
 -84620.65765      0.00000      0.00000
 -84620.64765      0.00000      0.00000
 -84620.63765      0.00000      0.00000
 -84620.62765      0.00000      0.00000
 -84620.61765      0.00000      0.00000
 -84620.60765      0.00000      0.00000
 -84620.59765      0.00000      0.00000
 -84620.58765      0.00000      0.00000
 -84620.57765      0.00000      0.00000
 -84620.56765      0.00000      0.00000
 -84620.55765      0.00000      0.00000
 -84620.54765      0.00000      0.00000
 -84620.53765      0.00000      0.00000
 -84620.52765      0.00000      0.00000
 -84620.51765      0.00000      0.00000
 -84620.50765      0.00000      0.00000
 -84620.49765      0.00000      0.00000
 -84620.48765      0.00000      0.00000
 -84620.47765      0.00000      0.00000
 -84620.46765      0.00000      0.00000
 -84620.45765      0.00000      0.00000
 -84620.44765      0.00000      0.00000
 -84620.43765      0.00000      0.00000
 -84620.42765      0.00000      0.00000
 -84620.41765      0.00000      0.00000
 -84620.40765      0.00000      0.00000
 -84620.39765      0.00000      0.00000
 -84620.38765      0.00000      0.00000
 -84620.37765      0.00000      0.00000
 -84620.36765      0.00000      0.00000
 -84620.35765      0.00000      0.00000
 -84620.34765      0.00000      0.00000
 -84620.33765      0.00000      0.00000
 -84620.32765      0.00000      0.00000
 -84620.31765      0.00000      0.00000
 -84620.30765      0.00000      0.00000
 -84620.29765      0.00000      0.00000
 -84620.28765      0.00000      0.00000
 -84620.27765      0.00000      0.00000
 -84620.26765      0.00000      0.00000
 -84620.25765      0.00000      0.00000
 -84620.24765      0.00000      0.00000
 -84620.23765      0.00000      0.00000
 -84620.22765      0.00000      0.00000
 -84620.21765      0.00000      0.00000
 -84620.20765      0.00000      0.00000
 -84620.19765      0.00000      0.00000
 -84620.18765      0.00000      0.00000
 -84620.17765      0.00000      0.00000
 -84620.16765      0.00000      0.00000
 -84620.15765      0.00000      0.00000
 -84620.14765      0.00000      0.00000
 -84620.13765      0.00000      0.00000
 -84620.12765      0.00000      0.00000
 -84620.11765      0.00000      0.00000
 -84620.10765      0.00000      0.00000
 -84620.09765      0.00000      0.00000
 -84620.08765      0.00000      0.00000
 -84620.07765      0.00000      0.00000
 -84620.06765      0.00000      0.00000
 -84620.05765      0.00000      0.00000
 -84620.04765      0.00000      0.00000
 -84620.03765      0.00000      0.00000
 -84620.02765      0.00000      0.00000
 -84620.01765      0.00000      0.00000
 -84620.00765      0.00000      0.00000
 -84619.99765      0.00000      0.00000
 -84619.98765      0.00000      0.00000
 -84619.97765      0.00000      0.00000
 -84619.96765      0.00000      0.00000
 -84619.95765      0.00000      0.00000
 -84619.94765      0.00000      0.00000
 -84619.93765      0.00000      0.00000
 -84619.92765      0.00000      0.00000
 -84619.91765      0.00000      0.00000
 -84619.90765      0.00000      0.00000
 -84619.89765      0.00000      0.00000
 -84619.88765      0.00000      0.00000
 -84619.87765      0.00000      0.00000
 -84619.86765      0.00000      0.00000
 -84619.85765      0.00000      0.00000
 -84619.84765      0.00000      0.00000
 -84619.83765      0.00000      0.00000
 -84619.82765      0.00000      0.00000
 -84619.81765      0.00000      0.00000
 -84619.80765      0.00000      0.00000
 -84619.79765      0.00000      0.00000
 -84619.78765      0.00000      0.00000
 -84619.77765      0.00000      0.00000
 -84619.76765      0.00000      0.00000
 -84619.75765      0.00000      0.00000
 -84619.74765      0.00000      0.00000
 -84619.73765      0.00000      0.00000
 -84619.72765      0.00000      0.00000
 -84619.71765      0.00000      0.00000
 -84619.70765      0.00000      0.00000
 -84619.69765      0.00000      0.00000
 -84619.68765      0.00000      0.00000
 -84619.67765      0.00000      0.00000
 -84619.66765      0.00000      0.00000
 -84619.65765      0.00000      0.00000
 -84619.64765      0.00000      0.00000
 -84619.63765      0.00000      0.00000
 -84619.62765      0.00000      0.00000
 -84619.61765      0.00000      0.00000
 -84619.60765      0.00000      0.00000
 -84619.59765      0.00000      0.00000
 -84619.58765      0.00000      0.00000
 -84619.57765      0.00000      0.00000
 -84619.56765      0.00000      0.00000
 -84619.55765      0.00000      0.00000
 -84619.54765      0.00000      0.00000
 -84619.53765      0.00000      0.00000
 -84619.52765      0.00000      0.00000
 -84619.51765      0.00000      0.00000
 -84619.50765      0.00000      0.00000
 -84619.49765      0.00000      0.00000
 -84619.48765      0.00000      0.00000
 -84619.47765      0.00000      0.00000
 -84619.46765      0.00000      0.00000
 -84619.45765      0.00000      0.00000
 -84619.44765      0.00000      0.00000
 -84619.43765      0.00000      0.00000
 -84619.42765      0.00000      0.00000
 -84619.41765      0.00000      0.00000
 -84619.40765      0.00000      0.00000
 -84619.39765      0.00000      0.00000
 -84619.38765      0.00000      0.00000
 -84619.37765      0.00000      0.00000
 -84619.36765      0.00000      0.00000
 -84619.35765      0.00000      0.00000
 -84619.34765      0.00000      0.00000
 -84619.33765      0.00000      0.00000
 -84619.32765      0.00000      0.00000
 -84619.31765      0.00000      0.00000
 -84619.30765      0.00000      0.00000
 -84619.29765      0.00000      0.00000
 -84619.28765      0.00000      0.00000
 -84619.27765      0.00000      0.00000
 -84619.26765      0.00000      0.00000
 -84619.25765      0.00000      0.00000
 -84619.24765      0.00000      0.00000
 -84619.23765      0.00000      0.00000
 -84619.22765      0.00000      0.00000
 -84619.21765      0.00000      0.00000
 -84619.20765      0.00000      0.00000
 -84619.19765      0.00000      0.00000
 -84619.18765      0.00000      0.00000
 -84619.17765      0.00000      0.00000
 -84619.16765      0.00000      0.00000
 -84619.15765      0.00000      0.00000
 -84619.14765      0.00000      0.00000
 -84619.13765      0.00000      0.00000
 -84619.12765      0.00000      0.00000
 -84619.11765      0.00000      0.00000
 -84619.10765      0.00000      0.00000
 -84619.09765      0.00000      0.00000
 -84619.08765      0.00000      0.00000
 -84619.07765      0.00000      0.00000
 -84619.06765      0.00000      0.00000
 -84619.05765      0.00000      0.00000
 -84619.04765      0.00000      0.00000
 -84619.03765      0.00000      0.00000
 -84619.02765      0.00000      0.00000
 -84619.01765      0.00000      0.00000
 -84619.00765      0.00000      0.00000
 -84618.99765      0.00000      0.00000
 -84618.98765      0.00000      0.00000
 -84618.97765      0.00000      0.00000
 -84618.96765      0.00000      0.00000
 -84618.95765      0.00000      0.00000
 -84618.94765      0.00000      0.00000
 -84618.93765      0.00000      0.00000
 -84618.92765      0.00000      0.00000
 -84618.91765      0.00000      0.00000
 -84618.90765      0.00000      0.00000
 -84618.89765      0.00000      0.00000
 -84618.88765      0.00000      0.00000
 -84618.87765      0.00000      0.00000
 -84618.86765      0.00000      0.00000
 -84618.85765      0.00000      0.00000
 -84618.84765      0.00000      0.00000
 -84618.83765      0.00000      0.00000
 -84618.82765      0.00000      0.00000
 -84618.81765      0.00000      0.00000
 -84618.80765      0.00000      0.00000
 -84618.79765      0.00000      0.00000
 -84618.78765      0.00000      0.00000
 -84618.77765      0.00000      0.00000
 -84618.76765      0.00000      0.00000
 -84618.75765      0.00000      0.00000
 -84618.74765      0.00000      0.00000
 -84618.73765      0.00000      0.00000
 -84618.72765      0.00000      0.00000
 -84618.71765      0.00000      0.00000
 -84618.70765      0.00000      0.00000
 -84618.69765      0.00000      0.00000
 -84618.68765      0.00000      0.00000
 -84618.67765      0.00000      0.00000
 -84618.66765      0.00000      0.00000
 -84618.65765      0.00000      0.00000
 -84618.64765      0.00000      0.00000
 -84618.63765      0.00000      0.00000
 -84618.62765      0.00000      0.00000
 -84618.61765      0.00000      0.00000
 -84618.60765      0.00000      0.00000
 -84618.59765      0.00000      0.00000
 -84618.58765      0.00000      0.00000
 -84618.57765      0.00000      0.00000
 -84618.56765      0.00000      0.00000
 -84618.55765      0.00000      0.00000
 -84618.54765      0.00000      0.00000
 -84618.53765      0.00000      0.00000
 -84618.52765      0.00000      0.00000
 -84618.51765      0.00000      0.00000
 -84618.50765      0.00000      0.00000
 -84618.49765      0.00000      0.00000
 -84618.48765      0.00000      0.00000
 -84618.47765      0.00000      0.00000
 -84618.46765      0.00000      0.00000
 -84618.45765      0.00000      0.00000
 -84618.44765      0.00000      0.00000
 -84618.43765      0.00000      0.00000
 -84618.42765      0.00000      0.00000
 -84618.41765      0.00000      0.00000
 -84618.40765      0.00000      0.00000
 -84618.39765      0.00000      0.00000
 -84618.38765      0.00000      0.00000
 -84618.37765      0.00000      0.00000
 -84618.36765      0.00000      0.00000
 -84618.35765      0.00000      0.00000
 -84618.34765      0.00000      0.00000
 -84618.33765      0.00000      0.00000
 -84618.32765      0.00000      0.00000
 -84618.31765      0.00000      0.00000
 -84618.30765      0.00000      0.00000
 -84618.29765      0.00000      0.00000
 -84618.28765      0.00000      0.00000
 -84618.27765      0.00000      0.00000
 -84618.26765      0.00000      0.00000
 -84618.25765      0.00000      0.00000
 -84618.24765      0.00000      0.00000
 -84618.23765      0.00000      0.00000
 -84618.22765      0.00000      0.00000
 -84618.21765      0.00000      0.00000
 -84618.20765      0.00000      0.00000
 -84618.19765      0.00000      0.00000
 -84618.18765      0.00000      0.00000
 -84618.17765      0.00000      0.00000
 -84618.16765      0.00000      0.00000
 -84618.15765      0.00000      0.00000
 -84618.14765      0.00000      0.00000
 -84618.13765      0.00000      0.00000
 -84618.12765      0.00000      0.00000
 -84618.11765      0.00000      0.00000
 -84618.10765      0.00000      0.00000
 -84618.09765      0.00000      0.00000
 -84618.08765      0.00000      0.00000
 -84618.07765      0.00000      0.00000
 -84618.06765      0.00000      0.00000
 -84618.05765      0.00000      0.00000
 -84618.04765      0.00000      0.00000
 -84618.03765      0.00000      0.00000
 -84618.02765      0.00000      0.00000
 -84618.01765      0.00000      0.00000
 -84618.00765      0.00000      0.00000
 -84617.99765      0.00000      0.00000
 -84617.98765      0.00000      0.00000
 -84617.97765      0.00000      0.00000
 -84617.96765      0.00000      0.00000
 -84617.95765      0.00000      0.00000
 -84617.94765      0.00000      0.00000
 -84617.93765      0.00000      0.00000
 -84617.92765      0.00000      0.00000
 -84617.91765      0.00000      0.00000
 -84617.90765      0.00000      0.00000
 -84617.89765      0.00000      0.00000
 -84617.88765      0.00000      0.00000
 -84617.87765      0.00000      0.00000
 -84617.86765      0.00000      0.00000
 -84617.85765      0.00000      0.00000
 -84617.84765      0.00000      0.00000
 -84617.83765      0.00000      0.00000
 -84617.82765      0.00000      0.00000
 -84617.81765      0.00000      0.00000
 -84617.80765      0.00000      0.00000
 -84617.79765      0.00000      0.00000
 -84617.78765      0.00000      0.00000
 -84617.77765      0.00000      0.00000
 -84617.76765      0.00000      0.00000
 -84617.75765      0.00000      0.00000
 -84617.74765      0.00000      0.00000
 -84617.73765      0.00000      0.00000
 -84617.72765      0.00000      0.00000
 -84617.71765      0.00000      0.00000
 -84617.70765      0.00000      0.00000
 -84617.69765      0.00000      0.00000
 -84617.68765      0.00000      0.00000
 -84617.67765      0.00000      0.00000
 -84617.66765      0.00000      0.00000
 -84617.65765      0.00000      0.00000
 -84617.64765      0.00000      0.00000
 -84617.63765      0.00000      0.00000
 -84617.62765      0.00000      0.00000
 -84617.61765      0.00000      0.00000
 -84617.60765      0.00000      0.00000
 -84617.59765      0.00000      0.00000
 -84617.58765      0.00000      0.00000
 -84617.57765      0.00000      0.00000
 -84617.56765      0.00000      0.00000
 -84617.55765      0.00000      0.00000
 -84617.54765      0.00000      0.00000
 -84617.53765      0.00000      0.00000
 -84617.52765      0.00000      0.00000
 -84617.51765      0.00000      0.00000
 -84617.50765      0.00000      0.00000
 -84617.49765      0.00000      0.00000
 -84617.48765      0.00000      0.00000
 -84617.47765      0.00000      0.00000
 -84617.46765      0.00000      0.00000
 -84617.45765      0.00000      0.00000
 -84617.44765      0.00000      0.00000
 -84617.43765      0.00000      0.00000
 -84617.42765      0.00000      0.00000
 -84617.41765      0.00000      0.00000
 -84617.40765      0.00000      0.00000
 -84617.39765      0.00000      0.00000
 -84617.38765      0.00000      0.00000
 -84617.37765      0.00000      0.00000
 -84617.36765      0.00000      0.00000
 -84617.35765      0.00000      0.00000
 -84617.34765      0.00000      0.00000
 -84617.33765      0.00000      0.00000
 -84617.32765      0.00000      0.00000
 -84617.31765      0.00000      0.00000
 -84617.30765      0.00000      0.00000
 -84617.29765      0.00000      0.00000
 -84617.28765      0.00000      0.00000
 -84617.27765      0.00000      0.00000
 -84617.26765      0.00000      0.00000
 -84617.25765      0.00000      0.00000
 -84617.24765      0.00000      0.00000
 -84617.23765      0.00000      0.00000
 -84617.22765      0.00000      0.00000
 -84617.21765      0.00000      0.00000
 -84617.20765      0.00000      0.00000
 -84617.19765      0.00000      0.00000
 -84617.18765      0.00000      0.00000
 -84617.17765      0.00000      0.00000
 -84617.16765      0.00000      0.00000
 -84617.15765      0.00000      0.00000
 -84617.14765      0.00000      0.00000
 -84617.13765      0.00000      0.00000
 -84617.12765      0.00000      0.00000
 -84617.11765      0.00000      0.00000
 -84617.10765      0.00000      0.00000
 -84617.09765      0.00000      0.00000
 -84617.08765      0.00000      0.00000
 -84617.07765      0.00000      0.00000
 -84617.06765      0.00000      0.00000
 -84617.05765      0.00000      0.00000
 -84617.04765      0.00000      0.00000
 -84617.03765      0.00000      0.00000
 -84617.02765      0.00000      0.00000
 -84617.01765      0.00000      0.00000
 -84617.00765      0.00000      0.00000
 -84616.99765      0.00000      0.00000
 -84616.98765      0.00000      0.00000
 -84616.97765      0.00000      0.00000
 -84616.96765      0.00000      0.00000
 -84616.95765      0.00000      0.00000
 -84616.94765      0.00000      0.00000
 -84616.93765      0.00000      0.00000
 -84616.92765      0.00000      0.00000
 -84616.91765      0.00000      0.00000
 -84616.90765      0.00000      0.00000
 -84616.89765      0.00000      0.00000
 -84616.88765      0.00000      0.00000
 -84616.87765      0.00000      0.00000
 -84616.86765      0.00000      0.00000
 -84616.85765      0.00000      0.00000
 -84616.84765      0.00000      0.00000
 -84616.83765      0.00000      0.00000
 -84616.82765      0.00000      0.00000
 -84616.81765      0.00000      0.00000
 -84616.80765      0.00000      0.00000
 -84616.79765      0.00000      0.00000
 -84616.78765      0.00000      0.00000
 -84616.77765      0.00000      0.00000
 -84616.76765      0.00000      0.00000
 -84616.75765      0.00000      0.00000
 -84616.74765      0.00000      0.00000
 -84616.73765      0.00000      0.00000
 -84616.72765      0.00000      0.00000
 -84616.71765      0.00000      0.00000
 -84616.70765      0.00000      0.00000
 -84616.69765      0.00000      0.00000
 -84616.68765      0.00000      0.00000
 -84616.67765      0.00000      0.00000
 -84616.66765      0.00000      0.00000
 -84616.65765      0.00000      0.00000
 -84616.64765      0.00000      0.00000
 -84616.63765      0.00000      0.00000
 -84616.62765      0.00000      0.00000
 -84616.61765      0.00000      0.00000
 -84616.60765      0.00000      0.00000
 -84616.59765      0.00000      0.00000
 -84616.58765      0.00000      0.00000
 -84616.57765      0.00000      0.00000
 -84616.56765      0.00000      0.00000
 -84616.55765      0.00000      0.00000
 -84616.54765      0.00000      0.00000
 -84616.53765      0.00000      0.00000
 -84616.52765      0.00000      0.00000
 -84616.51765      0.00000      0.00000
 -84616.50765      0.00000      0.00000
 -84616.49765      0.00000      0.00000
 -84616.48765      0.00000      0.00000
 -84616.47765      0.00000      0.00000
 -84616.46765      0.00000      0.00000
 -84616.45765      0.00000      0.00000
 -84616.44765      0.00000      0.00000
 -84616.43765      0.00000      0.00000
 -84616.42765      0.00000      0.00000
 -84616.41765      0.00000      0.00000
 -84616.40765      0.00000      0.00000
 -84616.39765      0.00000      0.00000
 -84616.38765      0.00000      0.00000
 -84616.37765      0.00000      0.00000
 -84616.36765      0.00000      0.00000
 -84616.35765      0.00000      0.00000
 -84616.34765      0.00000      0.00000
 -84616.33765      0.00000      0.00000
 -84616.32765      0.00000      0.00000
 -84616.31765      0.00000      0.00000
 -84616.30765      0.00000      0.00000
 -84616.29765      0.00000      0.00000
 -84616.28765      0.00000      0.00000
 -84616.27765      0.00000      0.00000
 -84616.26765      0.00000      0.00000
 -84616.25765      0.00000      0.00000
 -84616.24765      0.00000      0.00000
 -84616.23765      0.00000      0.00000
 -84616.22765      0.00000      0.00000
 -84616.21765      0.00000      0.00000
 -84616.20765      0.00000      0.00000
 -84616.19765      0.00000      0.00000
 -84616.18765      0.00000      0.00000
 -84616.17765      0.00000      0.00000
 -84616.16765      0.00000      0.00000
 -84616.15765      0.00000      0.00000
 -84616.14765      0.00000      0.00000
 -84616.13765      0.00000      0.00000
 -84616.12765      0.00000      0.00000
 -84616.11765      0.00000      0.00000
 -84616.10765      0.00000      0.00000
 -84616.09765      0.00000      0.00000
 -84616.08765      0.00000      0.00000
 -84616.07765      0.00000      0.00000
 -84616.06765      0.00000      0.00000
 -84616.05765      0.00000      0.00000
 -84616.04765      0.00000      0.00000
 -84616.03765      0.00000      0.00000
 -84616.02765      0.00000      0.00000
 -84616.01765      0.00000      0.00000
 -84616.00765      0.00000      0.00000
 -84615.99765      0.00000      0.00000
 -84615.98765      0.00000      0.00000
 -84615.97765      0.00000      0.00000
 -84615.96765      0.00000      0.00000
 -84615.95765      0.00000      0.00000
 -84615.94765      0.00000      0.00000
 -84615.93765      0.00000      0.00000
 -84615.92765      0.00000      0.00000
 -84615.91765      0.00000      0.00000
 -84615.90765      0.00000      0.00000
 -84615.89765      0.00000      0.00000
 -84615.88765      0.00000      0.00000
 -84615.87765      0.00000      0.00000
 -84615.86765      0.00000      0.00000
 -84615.85765      0.00000      0.00000
 -84615.84765      0.00000      0.00000
 -84615.83765      0.00000      0.00000
 -84615.82765      0.00022      0.00000
 -84615.81765      0.00408      0.00000
 -84615.80765      0.02809      0.00000
 -84615.79765      0.07109      0.00000
 -84615.78765      0.06617      0.00000
 -84615.77765      0.02266      0.00000
 -84615.76765      0.00286      0.00000
 -84615.75765      0.00013      0.00000
 -84615.74765      0.00000      0.00000
 -84615.73765      0.00000      0.00000
 -84615.72765      0.00000      0.00000
 -84615.71765      0.00000      0.00000
 -84615.70765      0.00000      0.00000
 -84615.69765      0.00000      0.00000
 -84615.68765      0.00000      0.00000
 -84615.67765      0.00000      0.00000
 -84615.66765      0.00000      0.00000
 -84615.65765      0.00000      0.00000
 -84615.64765      0.00000      0.00000
 -84615.63765      0.00000      0.00000
 -84615.62765      0.00000      0.00000
 -84615.61765      0.00000      0.00000
 -84615.60765      0.00000      0.00000
 -84615.59765      0.00000      0.00000
 -84615.58765      0.00000      0.00000
 -84615.57765      0.00000      0.00000
 -84615.56765      0.00000      0.00000
 -84615.55765      0.00000      0.00000
 -84615.54765      0.00000      0.00000
 -84615.53765      0.00000      0.00000
 -84615.52765      0.00000      0.00000
 -84615.51765      0.00000      0.00000
 -84615.50765      0.00000      0.00000
 -84615.49765      0.00000      0.00000
 -84615.48765      0.00000      0.00000
 -84615.47765      0.00000      0.00000
 -84615.46765      0.00000      0.00000
 -84615.45765      0.00000      0.00000
 -84615.44765      0.00000      0.00000
 -84615.43765      0.00000      0.00000
 -84615.42765      0.00000      0.00000
 -84615.41765      0.00000      0.00000
 -84615.40765      0.00000      0.00000
 -84615.39765      0.00000      0.00000
 -84615.38765      0.00000      0.00000
 -84615.37765      0.00000      0.00000
 -84615.36765      0.00000      0.00000
 -84615.35765      0.00000      0.00000
 -84615.34765      0.00000      0.00000
 -84615.33765      0.00000      0.00000
 -84615.32765      0.00000      0.00000
 -84615.31765      0.00000      0.00000
 -84615.30765      0.00000      0.00000
 -84615.29765      0.00000      0.00000
 -84615.28765      0.00000      0.00000
 -84615.27765      0.00000      0.00000
 -84615.26765      0.00000      0.00000
 -84615.25765      0.00000      0.00000
 -84615.24765      0.00000      0.00000
 -84615.23765      0.00000      0.00000
 -84615.22765      0.00000      0.00000
 -84615.21765      0.00000      0.00000
 -84615.20765      0.00000      0.00000
 -84615.19765      0.00000      0.00000
 -84615.18765      0.00000      0.00000
 -84615.17765      0.00000      0.00000
 -84615.16765      0.00000      0.00000
 -84615.15765      0.00000      0.00000
 -84615.14765      0.00000      0.00000
 -84615.13765      0.00000      0.00000
 -84615.12765      0.00000      0.00000
 -84615.11765      0.00000      0.00000
 -84615.10765      0.00000      0.00000
 -84615.09765      0.00000      0.00000
 -84615.08765      0.00000      0.00000
 -84615.07765      0.00000      0.00000
 -84615.06765      0.00000      0.00000
 -84615.05765      0.00000      0.00000
 -84615.04765      0.00000      0.00000
 -84615.03765      0.00000      0.00000
 -84615.02765      0.00000      0.00000
 -84615.01765      0.00000      0.00000
 -84615.00765      0.00000      0.00000
 -84614.99765      0.00000      0.00000
 -84614.98765      0.00000      0.00000
 -84614.97765      0.00000      0.00000
 -84614.96765      0.00000      0.00000
 -84614.95765      0.00000      0.00000
 -84614.94765      0.00000      0.00000
 -84614.93765      0.00000      0.00000
 -84614.92765      0.00000      0.00000
 -84614.91765      0.00000      0.00000
 -84614.90765      0.00000      0.00000
 -84614.89765      0.00000      0.00000
 -84614.88765      0.00000      0.00000
 -84614.87765      0.00000      0.00000
 -84614.86765      0.00000      0.00000
 -84614.85765      0.00000      0.00000
 -84614.84765      0.00000      0.00000
 -84614.83765      0.00000      0.00000
 -84614.82765      0.00000      0.00000
 -84614.81765      0.00000      0.00000
 -84614.80765      0.00000      0.00000
 -84614.79765      0.00000      0.00000
 -84614.78765      0.00000      0.00000
 -84614.77765      0.00000      0.00000
 -84614.76765      0.00000      0.00000
 -84614.75765      0.00000      0.00000
 -84614.74765      0.00000      0.00000
 -84614.73765      0.00000      0.00000
 -84614.72765      0.00000      0.00000
 -84614.71765      0.00000      0.00000
 -84614.70765      0.00000      0.00000
 -84614.69765      0.00000      0.00000
 -84614.68765      0.00000      0.00000
 -84614.67765      0.00000      0.00000
 -84614.66765      0.00000      0.00000
 -84614.65765      0.00000      0.00000
 -84614.64765      0.00000      0.00000
 -84614.63765      0.00000      0.00000
 -84614.62765      0.00000      0.00000
 -84614.61765      0.00000      0.00000
 -84614.60765      0.00000      0.00000
 -84614.59765      0.00000      0.00000
 -84614.58765      0.00000      0.00000
 -84614.57765      0.00000      0.00000
 -84614.56765      0.00000      0.00000
 -84614.55765      0.00000      0.00000
 -84614.54765      0.00000      0.00000
 -84614.53765      0.00000      0.00000
 -84614.52765      0.00000      0.00000
 -84614.51765      0.00000      0.00000
 -84614.50765      0.00000      0.00000
 -84614.49765      0.00000      0.00000
 -84614.48765      0.00000      0.00000
 -84614.47765      0.00000      0.00000
 -84614.46765      0.00000      0.00000
 -84614.45765      0.00000      0.00000
 -84614.44765      0.00000      0.00000
 -84614.43765      0.00000      0.00000
 -84614.42765      0.00000      0.00000
 -84614.41765      0.00000      0.00000
 -84614.40765      0.00000      0.00000
 -84614.39765      0.00000      0.00000
 -84614.38765      0.00000      0.00000
 -84614.37765      0.00000      0.00000
 -84614.36765      0.00000      0.00000
 -84614.35765      0.00000      0.00000
 -84614.34765      0.00000      0.00000
 -84614.33765      0.00000      0.00000
 -84614.32765      0.00000      0.00000
 -84614.31765      0.00000      0.00000
 -84614.30765      0.00000      0.00000
 -84614.29765      0.00000      0.00000
 -84614.28765      0.00000      0.00000
 -84614.27765      0.00000      0.00000
 -84614.26765      0.00000      0.00000
 -84614.25765      0.00000      0.00000
 -84614.24765      0.00000      0.00000
 -84614.23765      0.00000      0.00000
 -84614.22765      0.00000      0.00000
 -84614.21765      0.00000      0.00000
 -84614.20765      0.00000      0.00000
 -84614.19765      0.00000      0.00000
 -84614.18765      0.00000      0.00000
 -84614.17765      0.00000      0.00000
 -84614.16765      0.00000      0.00000
 -84614.15765      0.00000      0.00000
 -84614.14765      0.00000      0.00000
 -84614.13765      0.00000      0.00000
 -84614.12765      0.00000      0.00000
 -84614.11765      0.00000      0.00000
 -84614.10765      0.00000      0.00000
 -84614.09765      0.00000      0.00000
 -84614.08765      0.00000      0.00000
 -84614.07765      0.00000      0.00000
 -84614.06765      0.00000      0.00000
 -84614.05765      0.00000      0.00000
 -84614.04765      0.00000      0.00000
 -84614.03765      0.00000      0.00000
 -84614.02765      0.00000      0.00000
 -84614.01765      0.00000      0.00000
 -84614.00765      0.00000      0.00000
 -84613.99765      0.00000      0.00000
 -84613.98765      0.00000      0.00000
 -84613.97765      0.00000      0.00000
 -84613.96765      0.00000      0.00000
 -84613.95765      0.00000      0.00000
 -84613.94765      0.00000      0.00000
 -84613.93765      0.00000      0.00000
 -84613.92765      0.00000      0.00000
 -84613.91765      0.00000      0.00000
 -84613.90765      0.00000      0.00000
 -84613.89765      0.00000      0.00000
 -84613.88765      0.00000      0.00000
 -84613.87765      0.00000      0.00000
 -84613.86765      0.00000      0.00000
 -84613.85765      0.00000      0.00000
 -84613.84765      0.00000      0.00000
 -84613.83765      0.00000      0.00000
 -84613.82765      0.00000      0.00000
 -84613.81765      0.00000      0.00000
 -84613.80765      0.00000      0.00000
 -84613.79765      0.00000      0.00000
 -84613.78765      0.00000      0.00000
 -84613.77765      0.00000      0.00000
 -84613.76765      0.00000      0.00000
 -84613.75765      0.00000      0.00000
 -84613.74765      0.00000      0.00000
 -84613.73765      0.00000      0.00000
 -84613.72765      0.00000      0.00000
 -84613.71765      0.00000      0.00000
 -84613.70765      0.00000      0.00000
 -84613.69765      0.00000      0.00000
 -84613.68765      0.00000      0.00000
 -84613.67765      0.00000      0.00000
 -84613.66765      0.00000      0.00000
 -84613.65765      0.00000      0.00000
 -84613.64765      0.00000      0.00000
 -84613.63765      0.00000      0.00000
 -84613.62765      0.00000      0.00000
 -84613.61765      0.00000      0.00000
 -84613.60765      0.00000      0.00000
 -84613.59765      0.00000      0.00000
 -84613.58765      0.00000      0.00000
 -84613.57765      0.00000      0.00000
 -84613.56765      0.00000      0.00000
 -84613.55765      0.00000      0.00000
 -84613.54765      0.00000      0.00000
 -84613.53765      0.00000      0.00000
 -84613.52765      0.00000      0.00000
 -84613.51765      0.00000      0.00000
 -84613.50765      0.00000      0.00000
 -84613.49765      0.00000      0.00000
 -84613.48765      0.00000      0.00000
 -84613.47765      0.00000      0.00000
 -84613.46765      0.00000      0.00000
 -84613.45765      0.00000      0.00000
 -84613.44765      0.00000      0.00000
 -84613.43765      0.00000      0.00000
 -84613.42765      0.00000      0.00000
 -84613.41765      0.00000      0.00000
 -84613.40765      0.00000      0.00000
 -84613.39765      0.00000      0.00000
 -84613.38765      0.00000      0.00000
 -84613.37765      0.00000      0.00000
 -84613.36765      0.00000      0.00000
 -84613.35765      0.00000      0.00000
 -84613.34765      0.00000      0.00000
 -84613.33765      0.00000      0.00000
 -84613.32765      0.00000      0.00000
 -84613.31765      0.00000      0.00000
 -84613.30765      0.00000      0.00000
 -84613.29765      0.00000      0.00000
 -84613.28765      0.00000      0.00000
 -84613.27765      0.00000      0.00000
 -84613.26765      0.00000      0.00000
 -84613.25765      0.00000      0.00000
 -84613.24765      0.00000      0.00000
 -84613.23765      0.00000      0.00000
 -84613.22765      0.00000      0.00000
 -84613.21765      0.00000      0.00000
 -84613.20765      0.00000      0.00000
 -84613.19765      0.00000      0.00000
 -84613.18765      0.00000      0.00000
 -84613.17765      0.00000      0.00000
 -84613.16765      0.00000      0.00000
 -84613.15765      0.00000      0.00000
 -84613.14765      0.00000      0.00000
 -84613.13765      0.00000      0.00000
 -84613.12765      0.00000      0.00000
 -84613.11765      0.00000      0.00000
 -84613.10765      0.00000      0.00000
 -84613.09765      0.00000      0.00000
 -84613.08765      0.00000      0.00000
 -84613.07765      0.00000      0.00000
 -84613.06765      0.00000      0.00000
 -84613.05765      0.00000      0.00000
 -84613.04765      0.00000      0.00000
 -84613.03765      0.00000      0.00000
 -84613.02765      0.00000      0.00000
 -84613.01765      0.00000      0.00000
 -84613.00765      0.00000      0.00000
 -84612.99765      0.00000      0.00000
 -84612.98765      0.00000      0.00000
 -84612.97765      0.00000      0.00000
 -84612.96765      0.00000      0.00000
 -84612.95765      0.00000      0.00000
 -84612.94765      0.00000      0.00000
 -84612.93765      0.00000      0.00000
 -84612.92765      0.00000      0.00000
 -84612.91765      0.00000      0.00000
 -84612.90765      0.00000      0.00000
 -84612.89765      0.00000      0.00000
 -84612.88765      0.00000      0.00000
 -84612.87765      0.00000      0.00000
 -84612.86765      0.00000      0.00000
 -84612.85765      0.00000      0.00000
 -84612.84765      0.00000      0.00000
 -84612.83765      0.00000      0.00000
 -84612.82765      0.00000      0.00000
 -84612.81765      0.00000      0.00000
 -84612.80765      0.00000      0.00000
 -84612.79765      0.00000      0.00000
 -84612.78765      0.00000      0.00000
 -84612.77765      0.00000      0.00000
 -84612.76765      0.00000      0.00000
 -84612.75765      0.00000      0.00000
 -84612.74765      0.00000      0.00000
 -84612.73765      0.00000      0.00000
 -84612.72765      0.00000      0.00000
 -84612.71765      0.00000      0.00000
 -84612.70765      0.00000      0.00000
 -84612.69765      0.00000      0.00000
 -84612.68765      0.00000      0.00000
 -84612.67765      0.00000      0.00000
 -84612.66765      0.00000      0.00000
 -84612.65765      0.00000      0.00000
 -84612.64765      0.00000      0.00000
 -84612.63765      0.00000      0.00000
 -84612.62765      0.00000      0.00000
 -84612.61765      0.00000      0.00000
 -84612.60765      0.00000      0.00000
 -84612.59765      0.00000      0.00000
 -84612.58765      0.00000      0.00000
 -84612.57765      0.00000      0.00000
 -84612.56765      0.00000      0.00000
 -84612.55765      0.00000      0.00000
 -84612.54765      0.00000      0.00000
 -84612.53765      0.00000      0.00000
 -84612.52765      0.00000      0.00000
 -84612.51765      0.00000      0.00000
 -84612.50765      0.00000      0.00000
 -84612.49765      0.00000      0.00000
 -84612.48765      0.00000      0.00000
 -84612.47765      0.00000      0.00000
 -84612.46765      0.00000      0.00000
 -84612.45765      0.00000      0.00000
 -84612.44765      0.00000      0.00000
 -84612.43765      0.00000      0.00000
 -84612.42765      0.00000      0.00000
 -84612.41765      0.00000      0.00000
 -84612.40765      0.00000      0.00000
 -84612.39765      0.00000      0.00000
 -84612.38765      0.00000      0.00000
 -84612.37765      0.00000      0.00000
 -84612.36765      0.00000      0.00000
 -84612.35765      0.00000      0.00000
 -84612.34765      0.00000      0.00000
 -84612.33765      0.00000      0.00000
 -84612.32765      0.00000      0.00000
 -84612.31765      0.00000      0.00000
 -84612.30765      0.00000      0.00000
 -84612.29765      0.00000      0.00000
 -84612.28765      0.00000      0.00000
 -84612.27765      0.00000      0.00000
 -84612.26765      0.00000      0.00000
 -84612.25765      0.00000      0.00000
 -84612.24765      0.00000      0.00000
 -84612.23765      0.00000      0.00000
 -84612.22765      0.00000      0.00000
 -84612.21765      0.00000      0.00000
 -84612.20765      0.00000      0.00000
 -84612.19765      0.00000      0.00000
 -84612.18765      0.00000      0.00000
 -84612.17765      0.00000      0.00000
 -84612.16765      0.00000      0.00000
 -84612.15765      0.00000      0.00000
 -84612.14765      0.00000      0.00000
 -84612.13765      0.00000      0.00000
 -84612.12765      0.00000      0.00000
 -84612.11765      0.00000      0.00000
 -84612.10765      0.00000      0.00000
 -84612.09765      0.00000      0.00000
 -84612.08765      0.00000      0.00000
 -84612.07765      0.00000      0.00000
 -84612.06765      0.00000      0.00000
 -84612.05765      0.00000      0.00000
 -84612.04765      0.00000      0.00000
 -84612.03765      0.00000      0.00000
 -84612.02765      0.00000      0.00000
 -84612.01765      0.00000      0.00000
 -84612.00765      0.00000      0.00000
 -84611.99765      0.00000      0.00000
 -84611.98765      0.00000      0.00000
 -84611.97765      0.00000      0.00000
 -84611.96765      0.00000      0.00000
 -84611.95765      0.00000      0.00000
 -84611.94765      0.00000      0.00000
 -84611.93765      0.00000      0.00000
 -84611.92765      0.00000      0.00000
 -84611.91765      0.00000      0.00000
 -84611.90765      0.00000      0.00000
 -84611.89765      0.00000      0.00000
 -84611.88765      0.00000      0.00000
 -84611.87765      0.00000      0.00000
 -84611.86765      0.00000      0.00000
 -84611.85765      0.00000      0.00000
 -84611.84765      0.00000      0.00000
 -84611.83765      0.00000      0.00000
 -84611.82765      0.00000      0.00000
 -84611.81765      0.00000      0.00000
 -84611.80765      0.00000      0.00000
 -84611.79765      0.00000      0.00000
 -84611.78765      0.00000      0.00000
 -84611.77765      0.00000      0.00000
 -84611.76765      0.00000      0.00000
 -84611.75765      0.00000      0.00000
 -84611.74765      0.00000      0.00000
 -84611.73765      0.00000      0.00000
 -84611.72765      0.00000      0.00000
 -84611.71765      0.00000      0.00000
 -84611.70765      0.00000      0.00000
 -84611.69765      0.00000      0.00000
 -84611.68765      0.00000      0.00000
 -84611.67765      0.00000      0.00000
 -84611.66765      0.00000      0.00000
 -84611.65765      0.00000      0.00000
 -84611.64765      0.00000      0.00000
 -84611.63765      0.00000      0.00000
 -84611.62765      0.00000      0.00000
 -84611.61765      0.00000      0.00000
 -84611.60765      0.00000      0.00000
 -84611.59765      0.00000      0.00000
 -84611.58765      0.00000      0.00000
 -84611.57765      0.00000      0.00000
 -84611.56765      0.00000      0.00000
 -84611.55765      0.00000      0.00000
 -84611.54765      0.00000      0.00000
 -84611.53765      0.00000      0.00000
 -84611.52765      0.00000      0.00000
 -84611.51765      0.00000      0.00000
 -84611.50765      0.00000      0.00000
 -84611.49765      0.00000      0.00000
 -84611.48765      0.00000      0.00000
 -84611.47765      0.00000      0.00000
 -84611.46765      0.00000      0.00000
 -84611.45765      0.00000      0.00000
 -84611.44765      0.00000      0.00000
 -84611.43765      0.00000      0.00000
 -84611.42765      0.00000      0.00000
 -84611.41765      0.00000      0.00000
 -84611.40765      0.00000      0.00000
 -84611.39765      0.00000      0.00000
 -84611.38765      0.00000      0.00000
 -84611.37765      0.00000      0.00000
 -84611.36765      0.00000      0.00000
 -84611.35765      0.00000      0.00000
 -84611.34765      0.00000      0.00000
 -84611.33765      0.00000      0.00000
 -84611.32765      0.00000      0.00000
 -84611.31765      0.00000      0.00000
 -84611.30765      0.00000      0.00000
 -84611.29765      0.00000      0.00000
 -84611.28765      0.00000      0.00000
 -84611.27765      0.00000      0.00000
 -84611.26765      0.00000      0.00000
 -84611.25765      0.00000      0.00000
 -84611.24765      0.00000      0.00000
 -84611.23765      0.00000      0.00000
 -84611.22765      0.00000      0.00000
 -84611.21765      0.00000      0.00000
 -84611.20765      0.00000      0.00000
 -84611.19765      0.00000      0.00000
 -84611.18765      0.00000      0.00000
 -84611.17765      0.00000      0.00000
 -84611.16765      0.00000      0.00000
 -84611.15765      0.00000      0.00000
 -84611.14765      0.00000      0.00000
 -84611.13765      0.00000      0.00000
 -84611.12765      0.00000      0.00000
 -84611.11765      0.00000      0.00000
 -84611.10765      0.00000      0.00000
 -84611.09765      0.00000      0.00000
 -84611.08765      0.00000      0.00000
 -84611.07765      0.00000      0.00000
 -84611.06765      0.00000      0.00000
 -84611.05765      0.00000      0.00000
 -84611.04765      0.00000      0.00000
 -84611.03765      0.00000      0.00000
 -84611.02765      0.00000      0.00000
 -84611.01765      0.00000      0.00000
 -84611.00765      0.00000      0.00000
 -84610.99765      0.00000      0.00000
 -84610.98765      0.00000      0.00000
 -84610.97765      0.00000      0.00000
 -84610.96765      0.00000      0.00000
 -84610.95765      0.00000      0.00000
 -84610.94765      0.00000      0.00000
 -84610.93765      0.00000      0.00000
 -84610.92765      0.00000      0.00000
 -84610.91765      0.00000      0.00000
 -84610.90765      0.00000      0.00000
 -84610.89765      0.00000      0.00000
 -84610.88765      0.00000      0.00000
 -84610.87765      0.00000      0.00000
