Energy-E_F (eV)    DOS (1/eV)    PDOS (1/eV)  of atom type C  
-118605.41871      0.00000      0.00000
-118605.40871      0.00000      0.00000
-118605.39871      0.00000      0.00000
-118605.38871      0.00000      0.00000
-118605.37871      0.00000      0.00000
-118605.36871      0.00000      0.00000
-118605.35871      0.00000      0.00000
-118605.34871      0.00000      0.00000
-118605.33871      0.00000      0.00000
-118605.32871      0.00000      0.00000
-118605.31871      0.00000      0.00000
-118605.30871      0.00000      0.00000
-118605.29871      0.00000      0.00000
-118605.28871      0.00000      0.00000
-118605.27871      0.00000      0.00000
-118605.26871      0.00000      0.00000
-118605.25871      0.00000      0.00000
-118605.24871      0.00000      0.00000
-118605.23871      0.00000      0.00000
-118605.22871      0.00000      0.00000
-118605.21871      0.00000      0.00000
-118605.20871      0.00000      0.00000
-118605.19871      0.00000      0.00000
-118605.18871      0.00000      0.00000
-118605.17871      0.00000      0.00000
-118605.16871      0.00000      0.00000
-118605.15871      0.00000      0.00000
-118605.14871      0.00000      0.00000
-118605.13871      0.00000      0.00000
-118605.12871      0.00000      0.00000
-118605.11871      0.00000      0.00000
-118605.10871      0.00000      0.00000
-118605.09871      0.00000      0.00000
-118605.08871      0.00000      0.00000
-118605.07871      0.00000      0.00000
-118605.06871      0.00000      0.00000
-118605.05871      0.00000      0.00000
-118605.04871      0.00000      0.00000
-118605.03871      0.00000      0.00000
-118605.02871      0.00000      0.00000
-118605.01871      0.00000      0.00000
-118605.00871      0.00000      0.00000
-118604.99871      0.00000      0.00000
-118604.98871      0.00000      0.00000
-118604.97871      0.00000      0.00000
-118604.96871      0.00000      0.00000
-118604.95871      0.00000      0.00000
-118604.94871      0.00000      0.00000
-118604.93871      0.00000      0.00000
-118604.92871      0.00000      0.00000
-118604.91871      0.00000      0.00000
-118604.90871      0.00000      0.00000
-118604.89871      0.00000      0.00000
-118604.88871      0.00000      0.00000
-118604.87871      0.00000      0.00000
-118604.86871      0.00000      0.00000
-118604.85871      0.00000      0.00000
-118604.84871      0.00000      0.00000
-118604.83871      0.00000      0.00000
-118604.82871      0.00000      0.00000
-118604.81871      0.00000      0.00000
-118604.80871      0.00000      0.00000
-118604.79871      0.00000      0.00000
-118604.78871      0.00000      0.00000
-118604.77871      0.00000      0.00000
-118604.76871      0.00000      0.00000
-118604.75871      0.00000      0.00000
-118604.74871      0.00000      0.00000
-118604.73871      0.00000      0.00000
-118604.72871      0.00000      0.00000
-118604.71871      0.00000      0.00000
-118604.70871      0.00000      0.00000
-118604.69871      0.00000      0.00000
-118604.68871      0.00000      0.00000
-118604.67871      0.00000      0.00000
-118604.66871      0.00000      0.00000
-118604.65871      0.00000      0.00000
-118604.64871      0.00000      0.00000
-118604.63871      0.00000      0.00000
-118604.62871      0.00000      0.00000
-118604.61871      0.00000      0.00000
-118604.60871      0.00000      0.00000
-118604.59871      0.00000      0.00000
-118604.58871      0.00000      0.00000
-118604.57871      0.00000      0.00000
-118604.56871      0.00000      0.00000
-118604.55871      0.00000      0.00000
-118604.54871      0.00000      0.00000
-118604.53871      0.00000      0.00000
-118604.52871      0.00000      0.00000
-118604.51871      0.00000      0.00000
-118604.50871      0.00000      0.00000
-118604.49871      0.00000      0.00000
-118604.48871      0.00000      0.00000
-118604.47871      0.00000      0.00000
-118604.46871      0.00000      0.00000
-118604.45871      0.00000      0.00000
-118604.44871      0.00000      0.00000
-118604.43871      0.00000      0.00000
-118604.42871      0.00000      0.00000
-118604.41871      0.00000      0.00000
-118604.40871      0.00000      0.00000
-118604.39871      0.00000      0.00000
-118604.38871      0.00000      0.00000
-118604.37871      0.00000      0.00000
-118604.36871      0.00000      0.00000
-118604.35871      0.00000      0.00000
-118604.34871      0.00000      0.00000
-118604.33871      0.00000      0.00000
-118604.32871      0.00000      0.00000
-118604.31871      0.00000      0.00000
-118604.30871      0.00000      0.00000
-118604.29871      0.00000      0.00000
-118604.28871      0.00000      0.00000
-118604.27871      0.00000      0.00000
-118604.26871      0.00000      0.00000
-118604.25871      0.00000      0.00000
-118604.24871      0.00000      0.00000
-118604.23871      0.00000      0.00000
-118604.22871      0.00000      0.00000
-118604.21871      0.00000      0.00000
-118604.20871      0.00000      0.00000
-118604.19871      0.00000      0.00000
-118604.18871      0.00000      0.00000
-118604.17871      0.00000      0.00000
-118604.16871      0.00000      0.00000
-118604.15871      0.00000      0.00000
-118604.14871      0.00000      0.00000
-118604.13871      0.00000      0.00000
-118604.12871      0.00000      0.00000
-118604.11871      0.00000      0.00000
-118604.10871      0.00000      0.00000
-118604.09871      0.00000      0.00000
-118604.08871      0.00000      0.00000
-118604.07871      0.00000      0.00000
-118604.06871      0.00000      0.00000
-118604.05871      0.00000      0.00000
-118604.04871      0.00000      0.00000
-118604.03871      0.00000      0.00000
-118604.02871      0.00000      0.00000
-118604.01871      0.00000      0.00000
-118604.00871      0.00000      0.00000
-118603.99871      0.00000      0.00000
-118603.98871      0.00000      0.00000
-118603.97871      0.00000      0.00000
-118603.96871      0.00000      0.00000
-118603.95871      0.00000      0.00000
-118603.94871      0.00000      0.00000
-118603.93871      0.00000      0.00000
-118603.92871      0.00000      0.00000
-118603.91871      0.00000      0.00000
-118603.90871      0.00000      0.00000
-118603.89871      0.00000      0.00000
-118603.88871      0.00000      0.00000
-118603.87871      0.00000      0.00000
-118603.86871      0.00000      0.00000
-118603.85871      0.00000      0.00000
-118603.84871      0.00000      0.00000
-118603.83871      0.00000      0.00000
-118603.82871      0.00000      0.00000
-118603.81871      0.00000      0.00000
-118603.80871      0.00000      0.00000
-118603.79871      0.00000      0.00000
-118603.78871      0.00000      0.00000
-118603.77871      0.00000      0.00000
-118603.76871      0.00000      0.00000
-118603.75871      0.00000      0.00000
-118603.74871      0.00000      0.00000
-118603.73871      0.00000      0.00000
-118603.72871      0.00000      0.00000
-118603.71871      0.00000      0.00000
-118603.70871      0.00000      0.00000
-118603.69871      0.00000      0.00000
-118603.68871      0.00000      0.00000
-118603.67871      0.00000      0.00000
-118603.66871      0.00000      0.00000
-118603.65871      0.00000      0.00000
-118603.64871      0.00000      0.00000
-118603.63871      0.00000      0.00000
-118603.62871      0.00000      0.00000
-118603.61871      0.00000      0.00000
-118603.60871      0.00000      0.00000
-118603.59871      0.00000      0.00000
-118603.58871      0.00000      0.00000
-118603.57871      0.00000      0.00000
-118603.56871      0.00000      0.00000
-118603.55871      0.00000      0.00000
-118603.54871      0.00000      0.00000
-118603.53871      0.00000      0.00000
-118603.52871      0.00000      0.00000
-118603.51871      0.00000      0.00000
-118603.50871      0.00000      0.00000
-118603.49871      0.00000      0.00000
-118603.48871      0.00000      0.00000
-118603.47871      0.00000      0.00000
-118603.46871      0.00000      0.00000
-118603.45871      0.00000      0.00000
-118603.44871      0.00000      0.00000
-118603.43871      0.00000      0.00000
-118603.42871      0.00000      0.00000
-118603.41871      0.00000      0.00000
-118603.40871      0.00000      0.00000
-118603.39871      0.00000      0.00000
-118603.38871      0.00000      0.00000
-118603.37871      0.00000      0.00000
-118603.36871      0.00000      0.00000
-118603.35871      0.00000      0.00000
-118603.34871      0.00000      0.00000
-118603.33871      0.00000      0.00000
-118603.32871      0.00000      0.00000
-118603.31871      0.00000      0.00000
-118603.30871      0.00000      0.00000
-118603.29871      0.00000      0.00000
-118603.28871      0.00000      0.00000
-118603.27871      0.00000      0.00000
-118603.26871      0.00000      0.00000
-118603.25871      0.00000      0.00000
-118603.24871      0.00000      0.00000
-118603.23871      0.00000      0.00000
-118603.22871      0.00000      0.00000
-118603.21871      0.00000      0.00000
-118603.20871      0.00000      0.00000
-118603.19871      0.00000      0.00000
-118603.18871      0.00000      0.00000
-118603.17871      0.00000      0.00000
-118603.16871      0.00000      0.00000
-118603.15871      0.00000      0.00000
-118603.14871      0.00000      0.00000
-118603.13871      0.00000      0.00000
-118603.12871      0.00000      0.00000
-118603.11871      0.00000      0.00000
-118603.10871      0.00000      0.00000
-118603.09871      0.00000      0.00000
-118603.08871      0.00000      0.00000
-118603.07871      0.00000      0.00000
-118603.06871      0.00000      0.00000
-118603.05871      0.00000      0.00000
-118603.04871      0.00000      0.00000
-118603.03871      0.00000      0.00000
-118603.02871      0.00000      0.00000
-118603.01871      0.00000      0.00000
-118603.00871      0.00000      0.00000
-118602.99871      0.00000      0.00000
-118602.98871      0.00000      0.00000
-118602.97871      0.00000      0.00000
-118602.96871      0.00000      0.00000
-118602.95871      0.00000      0.00000
-118602.94871      0.00000      0.00000
-118602.93871      0.00000      0.00000
-118602.92871      0.00000      0.00000
-118602.91871      0.00000      0.00000
-118602.90871      0.00000      0.00000
-118602.89871      0.00000      0.00000
-118602.88871      0.00000      0.00000
-118602.87871      0.00000      0.00000
-118602.86871      0.00000      0.00000
-118602.85871      0.00000      0.00000
-118602.84871      0.00000      0.00000
-118602.83871      0.00000      0.00000
-118602.82871      0.00000      0.00000
-118602.81871      0.00000      0.00000
-118602.80871      0.00000      0.00000
-118602.79871      0.00000      0.00000
-118602.78871      0.00000      0.00000
-118602.77871      0.00000      0.00000
-118602.76871      0.00000      0.00000
-118602.75871      0.00000      0.00000
-118602.74871      0.00000      0.00000
-118602.73871      0.00000      0.00000
-118602.72871      0.00000      0.00000
-118602.71871      0.00000      0.00000
-118602.70871      0.00000      0.00000
-118602.69871      0.00000      0.00000
-118602.68871      0.00000      0.00000
-118602.67871      0.00000      0.00000
-118602.66871      0.00000      0.00000
-118602.65871      0.00000      0.00000
-118602.64871      0.00000      0.00000
-118602.63871      0.00000      0.00000
-118602.62871      0.00000      0.00000
-118602.61871      0.00000      0.00000
-118602.60871      0.00000      0.00000
-118602.59871      0.00000      0.00000
-118602.58871      0.00000      0.00000
-118602.57871      0.00000      0.00000
-118602.56871      0.00000      0.00000
-118602.55871      0.00000      0.00000
-118602.54871      0.00000      0.00000
-118602.53871      0.00000      0.00000
-118602.52871      0.00000      0.00000
-118602.51871      0.00000      0.00000
-118602.50871      0.00000      0.00000
-118602.49871      0.00000      0.00000
-118602.48871      0.00000      0.00000
-118602.47871      0.00000      0.00000
-118602.46871      0.00000      0.00000
-118602.45871      0.00000      0.00000
-118602.44871      0.00000      0.00000
-118602.43871      0.00000      0.00000
-118602.42871      0.00000      0.00000
-118602.41871      0.00000      0.00000
-118602.40871      0.00000      0.00000
-118602.39871      0.00000      0.00000
-118602.38871      0.00000      0.00000
-118602.37871      0.00000      0.00000
-118602.36871      0.00000      0.00000
-118602.35871      0.00000      0.00000
-118602.34871      0.00000      0.00000
-118602.33871      0.00000      0.00000
-118602.32871      0.00000      0.00000
-118602.31871      0.00000      0.00000
-118602.30871      0.00000      0.00000
-118602.29871      0.00000      0.00000
-118602.28871      0.00000      0.00000
-118602.27871      0.00000      0.00000
-118602.26871      0.00000      0.00000
-118602.25871      0.00000      0.00000
-118602.24871      0.00000      0.00000
-118602.23871      0.00000      0.00000
-118602.22871      0.00000      0.00000
-118602.21871      0.00000      0.00000
-118602.20871      0.00000      0.00000
-118602.19871      0.00000      0.00000
-118602.18871      0.00000      0.00000
-118602.17871      0.00000      0.00000
-118602.16871      0.00000      0.00000
-118602.15871      0.00000      0.00000
-118602.14871      0.00000      0.00000
-118602.13871      0.00000      0.00000
-118602.12871      0.00000      0.00000
-118602.11871      0.00000      0.00000
-118602.10871      0.00000      0.00000
-118602.09871      0.00000      0.00000
-118602.08871      0.00000      0.00000
-118602.07871      0.00000      0.00000
-118602.06871      0.00000      0.00000
-118602.05871      0.00000      0.00000
-118602.04871      0.00000      0.00000
-118602.03871      0.00000      0.00000
-118602.02871      0.00000      0.00000
-118602.01871      0.00000      0.00000
-118602.00871      0.00000      0.00000
-118601.99871      0.00000      0.00000
-118601.98871      0.00000      0.00000
-118601.97871      0.00000      0.00000
-118601.96871      0.00000      0.00000
-118601.95871      0.00000      0.00000
-118601.94871      0.00000      0.00000
-118601.93871      0.00000      0.00000
-118601.92871      0.00000      0.00000
-118601.91871      0.00000      0.00000
-118601.90871      0.00000      0.00000
-118601.89871      0.00000      0.00000
-118601.88871      0.00000      0.00000
-118601.87871      0.00000      0.00000
-118601.86871      0.00000      0.00000
-118601.85871      0.00000      0.00000
-118601.84871      0.00000      0.00000
-118601.83871      0.00000      0.00000
-118601.82871      0.00000      0.00000
-118601.81871      0.00000      0.00000
-118601.80871      0.00000      0.00000
-118601.79871      0.00000      0.00000
-118601.78871      0.00000      0.00000
-118601.77871      0.00000      0.00000
-118601.76871      0.00000      0.00000
-118601.75871      0.00000      0.00000
-118601.74871      0.00000      0.00000
-118601.73871      0.00000      0.00000
-118601.72871      0.00000      0.00000
-118601.71871      0.00000      0.00000
-118601.70871      0.00000      0.00000
-118601.69871      0.00000      0.00000
-118601.68871      0.00000      0.00000
-118601.67871      0.00000      0.00000
-118601.66871      0.00000      0.00000
-118601.65871      0.00000      0.00000
-118601.64871      0.00000      0.00000
-118601.63871      0.00000      0.00000
-118601.62871      0.00000      0.00000
-118601.61871      0.00000      0.00000
-118601.60871      0.00000      0.00000
-118601.59871      0.00000      0.00000
-118601.58871      0.00000      0.00000
-118601.57871      0.00000      0.00000
-118601.56871      0.00000      0.00000
-118601.55871      0.00000      0.00000
-118601.54871      0.00000      0.00000
-118601.53871      0.00000      0.00000
-118601.52871      0.00000      0.00000
-118601.51871      0.00000      0.00000
-118601.50871      0.00000      0.00000
-118601.49871      0.00000      0.00000
-118601.48871      0.00000      0.00000
-118601.47871      0.00000      0.00000
-118601.46871      0.00000      0.00000
-118601.45871      0.00000      0.00000
-118601.44871      0.00000      0.00000
-118601.43871      0.00000      0.00000
-118601.42871      0.00000      0.00000
-118601.41871      0.00000      0.00000
-118601.40871      0.00000      0.00000
-118601.39871      0.00000      0.00000
-118601.38871      0.00000      0.00000
-118601.37871      0.00000      0.00000
-118601.36871      0.00000      0.00000
-118601.35871      0.00000      0.00000
-118601.34871      0.00000      0.00000
-118601.33871      0.00000      0.00000
-118601.32871      0.00000      0.00000
-118601.31871      0.00000      0.00000
-118601.30871      0.00000      0.00000
-118601.29871      0.00000      0.00000
-118601.28871      0.00000      0.00000
-118601.27871      0.00000      0.00000
-118601.26871      0.00000      0.00000
-118601.25871      0.00000      0.00000
-118601.24871      0.00000      0.00000
-118601.23871      0.00000      0.00000
-118601.22871      0.00000      0.00000
-118601.21871      0.00000      0.00000
-118601.20871      0.00000      0.00000
-118601.19871      0.00000      0.00000
-118601.18871      0.00000      0.00000
-118601.17871      0.00000      0.00000
-118601.16871      0.00000      0.00000
-118601.15871      0.00000      0.00000
-118601.14871      0.00000      0.00000
-118601.13871      0.00000      0.00000
-118601.12871      0.00000      0.00000
-118601.11871      0.00000      0.00000
-118601.10871      0.00000      0.00000
-118601.09871      0.00000      0.00000
-118601.08871      0.00000      0.00000
-118601.07871      0.00000      0.00000
-118601.06871      0.00000      0.00000
-118601.05871      0.00000      0.00000
-118601.04871      0.00000      0.00000
-118601.03871      0.00000      0.00000
-118601.02871      0.00000      0.00000
-118601.01871      0.00000      0.00000
-118601.00871      0.00000      0.00000
-118600.99871      0.00000      0.00000
-118600.98871      0.00000      0.00000
-118600.97871      0.00000      0.00000
-118600.96871      0.00000      0.00000
-118600.95871      0.00000      0.00000
-118600.94871      0.00000      0.00000
-118600.93871      0.00000      0.00000
-118600.92871      0.00000      0.00000
-118600.91871      0.00000      0.00000
-118600.90871      0.00000      0.00000
-118600.89871      0.00000      0.00000
-118600.88871      0.00000      0.00000
-118600.87871      0.00000      0.00000
-118600.86871      0.00000      0.00000
-118600.85871      0.00000      0.00000
-118600.84871      0.00000      0.00000
-118600.83871      0.00000      0.00000
-118600.82871      0.00000      0.00000
-118600.81871      0.00000      0.00000
-118600.80871      0.00000      0.00000
-118600.79871      0.00000      0.00000
-118600.78871      0.00000      0.00000
-118600.77871      0.00000      0.00000
-118600.76871      0.00000      0.00000
-118600.75871      0.00000      0.00000
-118600.74871      0.00000      0.00000
-118600.73871      0.00000      0.00000
-118600.72871      0.00000      0.00000
-118600.71871      0.00000      0.00000
-118600.70871      0.00000      0.00000
-118600.69871      0.00000      0.00000
-118600.68871      0.00000      0.00000
-118600.67871      0.00000      0.00000
-118600.66871      0.00000      0.00000
-118600.65871      0.00000      0.00000
-118600.64871      0.00000      0.00000
-118600.63871      0.00000      0.00000
-118600.62871      0.00000      0.00000
-118600.61871      0.00000      0.00000
-118600.60871      0.00000      0.00000
-118600.59871      0.00000      0.00000
-118600.58871      0.00000      0.00000
-118600.57871      0.00000      0.00000
-118600.56871      0.00000      0.00000
-118600.55871      0.00000      0.00000
-118600.54871      0.00000      0.00000
-118600.53871      0.00000      0.00000
-118600.52871      0.00000      0.00000
-118600.51871      0.00000      0.00000
-118600.50871      0.00000      0.00000
-118600.49871      0.00000      0.00000
-118600.48871      0.00000      0.00000
-118600.47871      0.00000      0.00000
-118600.46871      0.00000      0.00000
-118600.45871      0.00000      0.00000
-118600.44871      0.00000      0.00000
-118600.43871      0.00000      0.00000
-118600.42871      0.00000      0.00000
-118600.41871      0.00000      0.00000
-118600.40871      0.00000      0.00000
-118600.39871      0.00000      0.00000
-118600.38871      0.00000      0.00000
-118600.37871      0.00000      0.00000
-118600.36871      0.00000      0.00000
-118600.35871      0.00000      0.00000
-118600.34871      0.00000      0.00000
-118600.33871      0.00000      0.00000
-118600.32871      0.00000      0.00000
-118600.31871      0.00000      0.00000
-118600.30871      0.00000      0.00000
-118600.29871      0.00000      0.00000
-118600.28871      0.00000      0.00000
-118600.27871      0.00000      0.00000
-118600.26871      0.00000      0.00000
-118600.25871      0.00000      0.00000
-118600.24871      0.00000      0.00000
-118600.23871      0.00000      0.00000
-118600.22871      0.00000      0.00000
-118600.21871      0.00000      0.00000
-118600.20871      0.00000      0.00000
-118600.19871      0.00000      0.00000
-118600.18871      0.00000      0.00000
-118600.17871      0.00000      0.00000
-118600.16871      0.00000      0.00000
-118600.15871      0.00000      0.00000
-118600.14871      0.00000      0.00000
-118600.13871      0.00000      0.00000
-118600.12871      0.00000      0.00000
-118600.11871      0.00000      0.00000
-118600.10871      0.00000      0.00000
-118600.09871      0.00000      0.00000
-118600.08871      0.00000      0.00000
-118600.07871      0.00000      0.00000
-118600.06871      0.00000      0.00000
-118600.05871      0.00000      0.00000
-118600.04871      0.00000      0.00000
-118600.03871      0.00000      0.00000
-118600.02871      0.00000      0.00000
-118600.01871      0.00000      0.00000
-118600.00871      0.00000      0.00000
-118599.99871      0.00000      0.00000
-118599.98871      0.00000      0.00000
-118599.97871      0.00000      0.00000
-118599.96871      0.00000      0.00000
-118599.95871      0.00000      0.00000
-118599.94871      0.00000      0.00000
-118599.93871      0.00000      0.00000
-118599.92871      0.00000      0.00000
-118599.91871      0.00000      0.00000
-118599.90871      0.00000      0.00000
-118599.89871      0.00000      0.00000
-118599.88871      0.00000      0.00000
-118599.87871      0.00000      0.00000
-118599.86871      0.00000      0.00000
-118599.85871      0.00000      0.00000
-118599.84871      0.00000      0.00000
-118599.83871      0.00000      0.00000
-118599.82871      0.00000      0.00000
-118599.81871      0.00000      0.00000
-118599.80871      0.00000      0.00000
-118599.79871      0.00000      0.00000
-118599.78871      0.00000      0.00000
-118599.77871      0.00000      0.00000
-118599.76871      0.00000      0.00000
-118599.75871      0.00000      0.00000
-118599.74871      0.00000      0.00000
-118599.73871      0.00000      0.00000
-118599.72871      0.00000      0.00000
-118599.71871      0.00000      0.00000
-118599.70871      0.00000      0.00000
-118599.69871      0.00000      0.00000
-118599.68871      0.00000      0.00000
-118599.67871      0.00000      0.00000
-118599.66871      0.00000      0.00000
-118599.65871      0.00000      0.00000
-118599.64871      0.00000      0.00000
-118599.63871      0.00000      0.00000
-118599.62871      0.00000      0.00000
-118599.61871      0.00000      0.00000
-118599.60871      0.00000      0.00000
-118599.59871      0.00000      0.00000
-118599.58871      0.00000      0.00000
-118599.57871      0.00000      0.00000
-118599.56871      0.00000      0.00000
-118599.55871      0.00000      0.00000
-118599.54871      0.00000      0.00000
-118599.53871      0.00000      0.00000
-118599.52871      0.00000      0.00000
-118599.51871      0.00000      0.00000
-118599.50871      0.00000      0.00000
-118599.49871      0.00000      0.00000
-118599.48871      0.00000      0.00000
-118599.47871      0.00000      0.00000
-118599.46871      0.00000      0.00000
-118599.45871      0.00000      0.00000
-118599.44871      0.00000      0.00000
-118599.43871      0.00000      0.00000
-118599.42871      0.00000      0.00000
-118599.41871      0.00000      0.00000
-118599.40871      0.00000      0.00000
-118599.39871      0.00000      0.00000
-118599.38871      0.00000      0.00000
-118599.37871      0.00000      0.00000
-118599.36871      0.00000      0.00000
-118599.35871      0.00000      0.00000
-118599.34871      0.00000      0.00000
-118599.33871      0.00000      0.00000
-118599.32871      0.00000      0.00000
-118599.31871      0.00000      0.00000
-118599.30871      0.00000      0.00000
-118599.29871      0.00000      0.00000
-118599.28871      0.00000      0.00000
-118599.27871      0.00000      0.00000
-118599.26871      0.00000      0.00000
-118599.25871      0.00000      0.00000
-118599.24871      0.00000      0.00000
-118599.23871      0.00000      0.00000
-118599.22871      0.00000      0.00000
-118599.21871      0.00000      0.00000
-118599.20871      0.00000      0.00000
-118599.19871      0.00000      0.00000
-118599.18871      0.00000      0.00000
-118599.17871      0.00000      0.00000
-118599.16871      0.00000      0.00000
-118599.15871      0.00000      0.00000
-118599.14871      0.00000      0.00000
-118599.13871      0.00000      0.00000
-118599.12871      0.00000      0.00000
-118599.11871      0.00000      0.00000
-118599.10871      0.00000      0.00000
-118599.09871      0.00000      0.00000
-118599.08871      0.00000      0.00000
-118599.07871      0.00000      0.00000
-118599.06871      0.00000      0.00000
-118599.05871      0.00000      0.00000
-118599.04871      0.00000      0.00000
-118599.03871      0.00000      0.00000
-118599.02871      0.00000      0.00000
-118599.01871      0.00000      0.00000
-118599.00871      0.00000      0.00000
-118598.99871      0.00000      0.00000
-118598.98871      0.00000      0.00000
-118598.97871      0.00000      0.00000
-118598.96871      0.00000      0.00000
-118598.95871      0.00000      0.00000
-118598.94871      0.00000      0.00000
-118598.93871      0.00000      0.00000
-118598.92871      0.00000      0.00000
-118598.91871      0.00000      0.00000
-118598.90871      0.00000      0.00000
-118598.89871      0.00000      0.00000
-118598.88871      0.00000      0.00000
-118598.87871      0.00000      0.00000
-118598.86871      0.00000      0.00000
-118598.85871      0.00000      0.00000
-118598.84871      0.00000      0.00000
-118598.83871      0.00000      0.00000
-118598.82871      0.00000      0.00000
-118598.81871      0.00000      0.00000
-118598.80871      0.00000      0.00000
-118598.79871      0.00000      0.00000
-118598.78871      0.00000      0.00000
-118598.77871      0.00000      0.00000
-118598.76871      0.00000      0.00000
-118598.75871      0.00000      0.00000
-118598.74871      0.00000      0.00000
-118598.73871      0.00000      0.00000
-118598.72871      0.00000      0.00000
-118598.71871      0.00000      0.00000
-118598.70871      0.00000      0.00000
-118598.69871      0.00000      0.00000
-118598.68871      0.00000      0.00000
-118598.67871      0.00000      0.00000
-118598.66871      0.00000      0.00000
-118598.65871      0.00000      0.00000
-118598.64871      0.00000      0.00000
-118598.63871      0.00000      0.00000
-118598.62871      0.00000      0.00000
-118598.61871      0.00000      0.00000
-118598.60871      0.00000      0.00000
-118598.59871      0.00000      0.00000
-118598.58871      0.00000      0.00000
-118598.57871      0.00000      0.00000
-118598.56871      0.00000      0.00000
-118598.55871      0.00000      0.00000
-118598.54871      0.00000      0.00000
-118598.53871      0.00000      0.00000
-118598.52871      0.00000      0.00000
-118598.51871      0.00000      0.00000
-118598.50871      0.00000      0.00000
-118598.49871      0.00000      0.00000
-118598.48871      0.00000      0.00000
-118598.47871      0.00000      0.00000
-118598.46871      0.00000      0.00000
-118598.45871      0.00000      0.00000
-118598.44871      0.00000      0.00000
-118598.43871      0.00000      0.00000
-118598.42871      0.00000      0.00000
-118598.41871      0.00000      0.00000
-118598.40871      0.00000      0.00000
-118598.39871      0.00000      0.00000
-118598.38871      0.00000      0.00000
-118598.37871      0.00000      0.00000
-118598.36871      0.00000      0.00000
-118598.35871      0.00000      0.00000
-118598.34871      0.00000      0.00000
-118598.33871      0.00000      0.00000
-118598.32871      0.00000      0.00000
-118598.31871      0.00000      0.00000
-118598.30871      0.00000      0.00000
-118598.29871      0.00000      0.00000
-118598.28871      0.00000      0.00000
-118598.27871      0.00000      0.00000
-118598.26871      0.00000      0.00000
-118598.25871      0.00000      0.00000
-118598.24871      0.00000      0.00000
-118598.23871      0.00000      0.00000
-118598.22871      0.00000      0.00000
-118598.21871      0.00000      0.00000
-118598.20871      0.00000      0.00000
-118598.19871      0.00000      0.00000
-118598.18871      0.00000      0.00000
-118598.17871      0.00000      0.00000
-118598.16871      0.00000      0.00000
-118598.15871      0.00000      0.00000
-118598.14871      0.00000      0.00000
-118598.13871      0.00000      0.00000
-118598.12871      0.00000      0.00000
-118598.11871      0.00000      0.00000
-118598.10871      0.00000      0.00000
-118598.09871      0.00000      0.00000
-118598.08871      0.00000      0.00000
-118598.07871      0.00000      0.00000
-118598.06871      0.00000      0.00000
-118598.05871      0.00000      0.00000
-118598.04871      0.00000      0.00000
-118598.03871      0.00000      0.00000
-118598.02871      0.00000      0.00000
-118598.01871      0.00000      0.00000
-118598.00871      0.00000      0.00000
-118597.99871      0.00000      0.00000
-118597.98871      0.00000      0.00000
-118597.97871      0.00000      0.00000
-118597.96871      0.00000      0.00000
-118597.95871      0.00000      0.00000
-118597.94871      0.00000      0.00000
-118597.93871      0.00000      0.00000
-118597.92871      0.00000      0.00000
-118597.91871      0.00000      0.00000
-118597.90871      0.00000      0.00000
-118597.89871      0.00000      0.00000
-118597.88871      0.00000      0.00000
-118597.87871      0.00000      0.00000
-118597.86871      0.00000      0.00000
-118597.85871      0.00000      0.00000
-118597.84871      0.00000      0.00000
-118597.83871      0.00000      0.00000
-118597.82871      0.00000      0.00000
-118597.81871      0.00000      0.00000
-118597.80871      0.00000      0.00000
-118597.79871      0.00000      0.00000
-118597.78871      0.00000      0.00000
-118597.77871      0.00000      0.00000
-118597.76871      0.00000      0.00000
-118597.75871      0.00000      0.00000
-118597.74871      0.00000      0.00000
-118597.73871      0.00000      0.00000
-118597.72871      0.00000      0.00000
-118597.71871      0.00000      0.00000
-118597.70871      0.00000      0.00000
-118597.69871      0.00000      0.00000
-118597.68871      0.00000      0.00000
-118597.67871      0.00000      0.00000
-118597.66871      0.00000      0.00000
-118597.65871      0.00000      0.00000
-118597.64871      0.00000      0.00000
-118597.63871      0.00000      0.00000
-118597.62871      0.00000      0.00000
-118597.61871      0.00000      0.00000
-118597.60871      0.00000      0.00000
-118597.59871      0.00000      0.00000
-118597.58871      0.00000      0.00000
-118597.57871      0.00000      0.00000
-118597.56871      0.00000      0.00000
-118597.55871      0.00000      0.00000
-118597.54871      0.00000      0.00000
-118597.53871      0.00000      0.00000
-118597.52871      0.00000      0.00000
-118597.51871      0.00000      0.00000
-118597.50871      0.00000      0.00000
-118597.49871      0.00000      0.00000
-118597.48871      0.00000      0.00000
-118597.47871      0.00000      0.00000
-118597.46871      0.00000      0.00000
-118597.45871      0.00000      0.00000
-118597.44871      0.00000      0.00000
-118597.43871      0.00000      0.00000
-118597.42871      0.00000      0.00000
-118597.41871      0.00000      0.00000
-118597.40871      0.00000      0.00000
-118597.39871      0.00000      0.00000
-118597.38871      0.00000      0.00000
-118597.37871      0.00000      0.00000
-118597.36871      0.00000      0.00000
-118597.35871      0.00000      0.00000
-118597.34871      0.00000      0.00000
-118597.33871      0.00000      0.00000
-118597.32871      0.00000      0.00000
-118597.31871      0.00000      0.00000
-118597.30871      0.00000      0.00000
-118597.29871      0.00000      0.00000
-118597.28871      0.00000      0.00000
-118597.27871      0.00000      0.00000
-118597.26871      0.00000      0.00000
-118597.25871      0.00000      0.00000
-118597.24871      0.00000      0.00000
-118597.23871      0.00000      0.00000
-118597.22871      0.00000      0.00000
-118597.21871      0.00000      0.00000
-118597.20871      0.00000      0.00000
-118597.19871      0.00000      0.00000
-118597.18871      0.00000      0.00000
-118597.17871      0.00000      0.00000
-118597.16871      0.00000      0.00000
-118597.15871      0.00000      0.00000
-118597.14871      0.00000      0.00000
-118597.13871      0.00000      0.00000
-118597.12871      0.00000      0.00000
-118597.11871      0.00000      0.00000
-118597.10871      0.00000      0.00000
-118597.09871      0.00000      0.00000
-118597.08871      0.00000      0.00000
-118597.07871      0.00000      0.00000
-118597.06871      0.00000      0.00000
-118597.05871      0.00000      0.00000
-118597.04871      0.00000      0.00000
-118597.03871      0.00000      0.00000
-118597.02871      0.00000      0.00000
-118597.01871      0.00000      0.00000
-118597.00871      0.00000      0.00000
-118596.99871      0.00000      0.00000
-118596.98871      0.00000      0.00000
-118596.97871      0.00000      0.00000
-118596.96871      0.00000      0.00000
-118596.95871      0.00000      0.00000
-118596.94871      0.00000      0.00000
-118596.93871      0.00000      0.00000
-118596.92871      0.00000      0.00000
-118596.91871      0.00000      0.00000
-118596.90871      0.00000      0.00000
-118596.89871      0.00000      0.00000
-118596.88871      0.00000      0.00000
-118596.87871      0.00000      0.00000
-118596.86871      0.00000      0.00000
-118596.85871      0.00000      0.00000
-118596.84871      0.00000      0.00000
-118596.83871      0.00000      0.00000
-118596.82871      0.00000      0.00000
-118596.81871      0.00000      0.00000
-118596.80871      0.00000      0.00000
-118596.79871      0.00000      0.00000
-118596.78871      0.00000      0.00000
-118596.77871      0.00000      0.00000
-118596.76871      0.00000      0.00000
-118596.75871      0.00000      0.00000
-118596.74871      0.00000      0.00000
-118596.73871      0.00000      0.00000
-118596.72871      0.00000      0.00000
-118596.71871      0.00000      0.00000
-118596.70871      0.00000      0.00000
-118596.69871      0.00000      0.00000
-118596.68871      0.00000      0.00000
-118596.67871      0.00000      0.00000
-118596.66871      0.00000      0.00000
-118596.65871      0.00000      0.00000
-118596.64871      0.00000      0.00000
-118596.63871      0.00000      0.00000
-118596.62871      0.00000      0.00000
-118596.61871      0.00000      0.00000
-118596.60871      0.00000      0.00000
-118596.59871      0.00000      0.00000
-118596.58871      0.00000      0.00000
-118596.57871      0.00000      0.00000
-118596.56871      0.00000      0.00000
-118596.55871      0.00000      0.00000
-118596.54871      0.00000      0.00000
-118596.53871      0.00000      0.00000
-118596.52871      0.00000      0.00000
-118596.51871      0.00000      0.00000
-118596.50871      0.00000      0.00000
-118596.49871      0.00000      0.00000
-118596.48871      0.00000      0.00000
-118596.47871      0.00000      0.00000
-118596.46871      0.00000      0.00000
-118596.45871      0.00000      0.00000
-118596.44871      0.00000      0.00000
-118596.43871      0.00000      0.00000
-118596.42871      0.00000      0.00000
-118596.41871      0.00000      0.00000
-118596.40871      0.00000      0.00000
-118596.39871      0.00000      0.00000
-118596.38871      0.00000      0.00000
-118596.37871      0.00000      0.00000
-118596.36871      0.00000      0.00000
-118596.35871      0.00000      0.00000
-118596.34871      0.00000      0.00000
-118596.33871      0.00000      0.00000
-118596.32871      0.00000      0.00000
-118596.31871      0.00000      0.00000
-118596.30871      0.00000      0.00000
-118596.29871      0.00000      0.00000
-118596.28871      0.00000      0.00000
-118596.27871      0.00000      0.00000
-118596.26871      0.00000      0.00000
-118596.25871      0.00000      0.00000
-118596.24871      0.00000      0.00000
-118596.23871      0.00000      0.00000
-118596.22871      0.00000      0.00000
-118596.21871      0.00000      0.00000
-118596.20871      0.00000      0.00000
-118596.19871      0.00000      0.00000
-118596.18871      0.00000      0.00000
-118596.17871      0.00000      0.00000
-118596.16871      0.00011      0.00011
-118596.15871      0.00204      0.00204
-118596.14871      0.01405      0.01405
-118596.13871      0.03554      0.03554
-118596.12871      0.03309      0.03309
-118596.11871      0.01133      0.01133
-118596.10871      0.00143      0.00143
-118596.09871      0.00007      0.00007
-118596.08871      0.00000      0.00000
-118596.07871      0.00000      0.00000
-118596.06871      0.00000      0.00000
-118596.05871      0.00000      0.00000
-118596.04871      0.00000      0.00000
-118596.03871      0.00000      0.00000
-118596.02871      0.00000      0.00000
-118596.01871      0.00000      0.00000
-118596.00871      0.00000      0.00000
-118595.99871      0.00000      0.00000
-118595.98871      0.00000      0.00000
-118595.97871      0.00000      0.00000
-118595.96871      0.00000      0.00000
-118595.95871      0.00000      0.00000
-118595.94871      0.00000      0.00000
-118595.93871      0.00000      0.00000
-118595.92871      0.00000      0.00000
-118595.91871      0.00000      0.00000
-118595.90871      0.00000      0.00000
-118595.89871      0.00000      0.00000
-118595.88871      0.00000      0.00000
-118595.87871      0.00000      0.00000
-118595.86871      0.00000      0.00000
-118595.85871      0.00000      0.00000
-118595.84871      0.00000      0.00000
-118595.83871      0.00000      0.00000
-118595.82871      0.00000      0.00000
-118595.81871      0.00000      0.00000
-118595.80871      0.00000      0.00000
-118595.79871      0.00000      0.00000
-118595.78871      0.00000      0.00000
-118595.77871      0.00000      0.00000
-118595.76871      0.00000      0.00000
-118595.75871      0.00000      0.00000
-118595.74871      0.00000      0.00000
-118595.73871      0.00000      0.00000
-118595.72871      0.00000      0.00000
-118595.71871      0.00000      0.00000
-118595.70871      0.00000      0.00000
-118595.69871      0.00000      0.00000
-118595.68871      0.00000      0.00000
-118595.67871      0.00000      0.00000
-118595.66871      0.00000      0.00000
-118595.65871      0.00000      0.00000
-118595.64871      0.00000      0.00000
-118595.63871      0.00000      0.00000
-118595.62871      0.00000      0.00000
-118595.61871      0.00000      0.00000
-118595.60871      0.00000      0.00000
-118595.59871      0.00000      0.00000
-118595.58871      0.00000      0.00000
-118595.57871      0.00000      0.00000
-118595.56871      0.00000      0.00000
-118595.55871      0.00000      0.00000
-118595.54871      0.00000      0.00000
-118595.53871      0.00000      0.00000
-118595.52871      0.00000      0.00000
-118595.51871      0.00000      0.00000
-118595.50871      0.00000      0.00000
-118595.49871      0.00000      0.00000
-118595.48871      0.00000      0.00000
-118595.47871      0.00000      0.00000
-118595.46871      0.00000      0.00000
-118595.45871      0.00000      0.00000
-118595.44871      0.00000      0.00000
-118595.43871      0.00000      0.00000
-118595.42871      0.00000      0.00000
-118595.41871      0.00000      0.00000
-118595.40871      0.00000      0.00000
-118595.39871      0.00000      0.00000
-118595.38871      0.00000      0.00000
-118595.37871      0.00000      0.00000
-118595.36871      0.00000      0.00000
-118595.35871      0.00000      0.00000
-118595.34871      0.00000      0.00000
-118595.33871      0.00000      0.00000
-118595.32871      0.00000      0.00000
-118595.31871      0.00000      0.00000
-118595.30871      0.00000      0.00000
-118595.29871      0.00000      0.00000
-118595.28871      0.00000      0.00000
-118595.27871      0.00000      0.00000
-118595.26871      0.00000      0.00000
-118595.25871      0.00000      0.00000
-118595.24871      0.00000      0.00000
-118595.23871      0.00000      0.00000
-118595.22871      0.00000      0.00000
-118595.21871      0.00000      0.00000
-118595.20871      0.00000      0.00000
-118595.19871      0.00000      0.00000
-118595.18871      0.00000      0.00000
-118595.17871      0.00000      0.00000
-118595.16871      0.00000      0.00000
-118595.15871      0.00000      0.00000
-118595.14871      0.00000      0.00000
-118595.13871      0.00000      0.00000
-118595.12871      0.00000      0.00000
-118595.11871      0.00000      0.00000
-118595.10871      0.00000      0.00000
-118595.09871      0.00000      0.00000
-118595.08871      0.00000      0.00000
-118595.07871      0.00000      0.00000
-118595.06871      0.00000      0.00000
-118595.05871      0.00000      0.00000
-118595.04871      0.00000      0.00000
-118595.03871      0.00000      0.00000
-118595.02871      0.00000      0.00000
-118595.01871      0.00000      0.00000
-118595.00871      0.00000      0.00000
-118594.99871      0.00000      0.00000
-118594.98871      0.00000      0.00000
-118594.97871      0.00000      0.00000
-118594.96871      0.00000      0.00000
-118594.95871      0.00000      0.00000
-118594.94871      0.00000      0.00000
-118594.93871      0.00000      0.00000
-118594.92871      0.00000      0.00000
-118594.91871      0.00000      0.00000
-118594.90871      0.00000      0.00000
-118594.89871      0.00000      0.00000
-118594.88871      0.00000      0.00000
-118594.87871      0.00000      0.00000
-118594.86871      0.00000      0.00000
-118594.85871      0.00000      0.00000
-118594.84871      0.00000      0.00000
-118594.83871      0.00000      0.00000
-118594.82871      0.00000      0.00000
-118594.81871      0.00000      0.00000
-118594.80871      0.00000      0.00000
-118594.79871      0.00000      0.00000
-118594.78871      0.00000      0.00000
-118594.77871      0.00000      0.00000
-118594.76871      0.00000      0.00000
-118594.75871      0.00000      0.00000
-118594.74871      0.00000      0.00000
-118594.73871      0.00000      0.00000
-118594.72871      0.00000      0.00000
-118594.71871      0.00000      0.00000
-118594.70871      0.00000      0.00000
-118594.69871      0.00000      0.00000
-118594.68871      0.00000      0.00000
-118594.67871      0.00000      0.00000
-118594.66871      0.00000      0.00000
-118594.65871      0.00000      0.00000
-118594.64871      0.00000      0.00000
-118594.63871      0.00000      0.00000
-118594.62871      0.00000      0.00000
-118594.61871      0.00000      0.00000
-118594.60871      0.00000      0.00000
-118594.59871      0.00000      0.00000
-118594.58871      0.00000      0.00000
-118594.57871      0.00000      0.00000
-118594.56871      0.00000      0.00000
-118594.55871      0.00000      0.00000
-118594.54871      0.00000      0.00000
-118594.53871      0.00000      0.00000
-118594.52871      0.00000      0.00000
-118594.51871      0.00000      0.00000
-118594.50871      0.00000      0.00000
-118594.49871      0.00000      0.00000
-118594.48871      0.00000      0.00000
-118594.47871      0.00000      0.00000
-118594.46871      0.00000      0.00000
-118594.45871      0.00000      0.00000
-118594.44871      0.00000      0.00000
-118594.43871      0.00000      0.00000
-118594.42871      0.00000      0.00000
-118594.41871      0.00000      0.00000
-118594.40871      0.00000      0.00000
-118594.39871      0.00000      0.00000
-118594.38871      0.00000      0.00000
-118594.37871      0.00000      0.00000
-118594.36871      0.00000      0.00000
-118594.35871      0.00000      0.00000
-118594.34871      0.00000      0.00000
-118594.33871      0.00000      0.00000
-118594.32871      0.00000      0.00000
-118594.31871      0.00000      0.00000
-118594.30871      0.00000      0.00000
-118594.29871      0.00000      0.00000
-118594.28871      0.00000      0.00000
-118594.27871      0.00000      0.00000
-118594.26871      0.00000      0.00000
-118594.25871      0.00000      0.00000
-118594.24871      0.00000      0.00000
-118594.23871      0.00000      0.00000
-118594.22871      0.00000      0.00000
-118594.21871      0.00000      0.00000
-118594.20871      0.00000      0.00000
-118594.19871      0.00000      0.00000
-118594.18871      0.00000      0.00000
-118594.17871      0.00000      0.00000
-118594.16871      0.00000      0.00000
-118594.15871      0.00000      0.00000
-118594.14871      0.00000      0.00000
-118594.13871      0.00000      0.00000
-118594.12871      0.00000      0.00000
-118594.11871      0.00000      0.00000
-118594.10871      0.00000      0.00000
-118594.09871      0.00000      0.00000
-118594.08871      0.00000      0.00000
-118594.07871      0.00000      0.00000
-118594.06871      0.00000      0.00000
-118594.05871      0.00000      0.00000
-118594.04871      0.00000      0.00000
-118594.03871      0.00000      0.00000
-118594.02871      0.00000      0.00000
-118594.01871      0.00000      0.00000
-118594.00871      0.00000      0.00000
-118593.99871      0.00000      0.00000
-118593.98871      0.00000      0.00000
-118593.97871      0.00000      0.00000
-118593.96871      0.00000      0.00000
-118593.95871      0.00000      0.00000
-118593.94871      0.00000      0.00000
-118593.93871      0.00000      0.00000
-118593.92871      0.00000      0.00000
-118593.91871      0.00000      0.00000
-118593.90871      0.00000      0.00000
-118593.89871      0.00000      0.00000
-118593.88871      0.00000      0.00000
-118593.87871      0.00000      0.00000
-118593.86871      0.00000      0.00000
-118593.85871      0.00000      0.00000
-118593.84871      0.00000      0.00000
-118593.83871      0.00000      0.00000
-118593.82871      0.00000      0.00000
-118593.81871      0.00000      0.00000
-118593.80871      0.00000      0.00000
-118593.79871      0.00000      0.00000
-118593.78871      0.00000      0.00000
-118593.77871      0.00000      0.00000
-118593.76871      0.00000      0.00000
-118593.75871      0.00000      0.00000
-118593.74871      0.00000      0.00000
-118593.73871      0.00000      0.00000
-118593.72871      0.00000      0.00000
-118593.71871      0.00000      0.00000
-118593.70871      0.00000      0.00000
-118593.69871      0.00000      0.00000
-118593.68871      0.00000      0.00000
-118593.67871      0.00000      0.00000
-118593.66871      0.00000      0.00000
-118593.65871      0.00000      0.00000
-118593.64871      0.00000      0.00000
-118593.63871      0.00000      0.00000
-118593.62871      0.00000      0.00000
-118593.61871      0.00000      0.00000
-118593.60871      0.00000      0.00000
-118593.59871      0.00000      0.00000
-118593.58871      0.00000      0.00000
-118593.57871      0.00000      0.00000
-118593.56871      0.00000      0.00000
-118593.55871      0.00000      0.00000
-118593.54871      0.00000      0.00000
-118593.53871      0.00000      0.00000
-118593.52871      0.00000      0.00000
-118593.51871      0.00000      0.00000
-118593.50871      0.00000      0.00000
-118593.49871      0.00000      0.00000
-118593.48871      0.00000      0.00000
-118593.47871      0.00000      0.00000
-118593.46871      0.00000      0.00000
-118593.45871      0.00000      0.00000
-118593.44871      0.00000      0.00000
-118593.43871      0.00000      0.00000
-118593.42871      0.00000      0.00000
-118593.41871      0.00000      0.00000
-118593.40871      0.00000      0.00000
-118593.39871      0.00000      0.00000
-118593.38871      0.00000      0.00000
-118593.37871      0.00000      0.00000
-118593.36871      0.00000      0.00000
-118593.35871      0.00000      0.00000
-118593.34871      0.00000      0.00000
-118593.33871      0.00000      0.00000
-118593.32871      0.00000      0.00000
-118593.31871      0.00000      0.00000
-118593.30871      0.00000      0.00000
-118593.29871      0.00000      0.00000
-118593.28871      0.00000      0.00000
-118593.27871      0.00000      0.00000
-118593.26871      0.00000      0.00000
-118593.25871      0.00000      0.00000
-118593.24871      0.00000      0.00000
-118593.23871      0.00000      0.00000
-118593.22871      0.00000      0.00000
-118593.21871      0.00000      0.00000
-118593.20871      0.00000      0.00000
-118593.19871      0.00000      0.00000
-118593.18871      0.00000      0.00000
-118593.17871      0.00000      0.00000
-118593.16871      0.00000      0.00000
-118593.15871      0.00000      0.00000
-118593.14871      0.00000      0.00000
-118593.13871      0.00000      0.00000
-118593.12871      0.00000      0.00000
-118593.11871      0.00000      0.00000
-118593.10871      0.00000      0.00000
-118593.09871      0.00000      0.00000
-118593.08871      0.00000      0.00000
-118593.07871      0.00000      0.00000
-118593.06871      0.00000      0.00000
-118593.05871      0.00000      0.00000
-118593.04871      0.00000      0.00000
-118593.03871      0.00000      0.00000
-118593.02871      0.00000      0.00000
-118593.01871      0.00000      0.00000
-118593.00871      0.00000      0.00000
-118592.99871      0.00000      0.00000
-118592.98871      0.00000      0.00000
-118592.97871      0.00000      0.00000
-118592.96871      0.00000      0.00000
-118592.95871      0.00000      0.00000
-118592.94871      0.00000      0.00000
-118592.93871      0.00000      0.00000
-118592.92871      0.00000      0.00000
-118592.91871      0.00000      0.00000
-118592.90871      0.00000      0.00000
-118592.89871      0.00000      0.00000
-118592.88871      0.00000      0.00000
-118592.87871      0.00000      0.00000
-118592.86871      0.00000      0.00000
-118592.85871      0.00000      0.00000
-118592.84871      0.00000      0.00000
-118592.83871      0.00000      0.00000
-118592.82871      0.00000      0.00000
-118592.81871      0.00000      0.00000
-118592.80871      0.00000      0.00000
-118592.79871      0.00000      0.00000
-118592.78871      0.00000      0.00000
-118592.77871      0.00000      0.00000
-118592.76871      0.00000      0.00000
-118592.75871      0.00000      0.00000
-118592.74871      0.00000      0.00000
-118592.73871      0.00000      0.00000
-118592.72871      0.00000      0.00000
-118592.71871      0.00000      0.00000
-118592.70871      0.00000      0.00000
-118592.69871      0.00000      0.00000
-118592.68871      0.00000      0.00000
-118592.67871      0.00000      0.00000
-118592.66871      0.00000      0.00000
-118592.65871      0.00000      0.00000
-118592.64871      0.00000      0.00000
-118592.63871      0.00000      0.00000
-118592.62871      0.00000      0.00000
-118592.61871      0.00000      0.00000
-118592.60871      0.00000      0.00000
-118592.59871      0.00000      0.00000
-118592.58871      0.00000      0.00000
-118592.57871      0.00000      0.00000
-118592.56871      0.00000      0.00000
-118592.55871      0.00000      0.00000
-118592.54871      0.00000      0.00000
-118592.53871      0.00000      0.00000
-118592.52871      0.00000      0.00000
-118592.51871      0.00000      0.00000
-118592.50871      0.00000      0.00000
-118592.49871      0.00000      0.00000
-118592.48871      0.00000      0.00000
-118592.47871      0.00000      0.00000
-118592.46871      0.00000      0.00000
-118592.45871      0.00000      0.00000
-118592.44871      0.00000      0.00000
-118592.43871      0.00000      0.00000
-118592.42871      0.00000      0.00000
-118592.41871      0.00000      0.00000
-118592.40871      0.00000      0.00000
-118592.39871      0.00000      0.00000
-118592.38871      0.00000      0.00000
-118592.37871      0.00000      0.00000
-118592.36871      0.00000      0.00000
-118592.35871      0.00000      0.00000
-118592.34871      0.00000      0.00000
-118592.33871      0.00000      0.00000
-118592.32871      0.00000      0.00000
-118592.31871      0.00000      0.00000
-118592.30871      0.00000      0.00000
-118592.29871      0.00000      0.00000
-118592.28871      0.00000      0.00000
-118592.27871      0.00000      0.00000
-118592.26871      0.00000      0.00000
-118592.25871      0.00000      0.00000
-118592.24871      0.00000      0.00000
-118592.23871      0.00000      0.00000
-118592.22871      0.00000      0.00000
-118592.21871      0.00000      0.00000
-118592.20871      0.00000      0.00000
-118592.19871      0.00000      0.00000
-118592.18871      0.00000      0.00000
-118592.17871      0.00000      0.00000
-118592.16871      0.00000      0.00000
-118592.15871      0.00000      0.00000
-118592.14871      0.00000      0.00000
-118592.13871      0.00000      0.00000
-118592.12871      0.00000      0.00000
-118592.11871      0.00000      0.00000
-118592.10871      0.00000      0.00000
-118592.09871      0.00000      0.00000
-118592.08871      0.00000      0.00000
-118592.07871      0.00000      0.00000
-118592.06871      0.00000      0.00000
-118592.05871      0.00000      0.00000
-118592.04871      0.00000      0.00000
-118592.03871      0.00000      0.00000
-118592.02871      0.00000      0.00000
-118592.01871      0.00000      0.00000
-118592.00871      0.00000      0.00000
-118591.99871      0.00000      0.00000
-118591.98871      0.00000      0.00000
-118591.97871      0.00000      0.00000
-118591.96871      0.00000      0.00000
-118591.95871      0.00000      0.00000
-118591.94871      0.00000      0.00000
-118591.93871      0.00000      0.00000
-118591.92871      0.00000      0.00000
-118591.91871      0.00000      0.00000
-118591.90871      0.00000      0.00000
-118591.89871      0.00000      0.00000
-118591.88871      0.00000      0.00000
-118591.87871      0.00000      0.00000
-118591.86871      0.00000      0.00000
-118591.85871      0.00000      0.00000
-118591.84871      0.00000      0.00000
-118591.83871      0.00000      0.00000
-118591.82871      0.00000      0.00000
-118591.81871      0.00000      0.00000
-118591.80871      0.00000      0.00000
-118591.79871      0.00000      0.00000
-118591.78871      0.00000      0.00000
-118591.77871      0.00000      0.00000
-118591.76871      0.00000      0.00000
-118591.75871      0.00000      0.00000
-118591.74871      0.00000      0.00000
-118591.73871      0.00000      0.00000
-118591.72871      0.00000      0.00000
-118591.71871      0.00000      0.00000
-118591.70871      0.00000      0.00000
-118591.69871      0.00000      0.00000
-118591.68871      0.00000      0.00000
-118591.67871      0.00000      0.00000
-118591.66871      0.00000      0.00000
-118591.65871      0.00000      0.00000
-118591.64871      0.00000      0.00000
-118591.63871      0.00000      0.00000
-118591.62871      0.00000      0.00000
-118591.61871      0.00000      0.00000
-118591.60871      0.00000      0.00000
-118591.59871      0.00000      0.00000
-118591.58871      0.00000      0.00000
-118591.57871      0.00000      0.00000
-118591.56871      0.00000      0.00000
-118591.55871      0.00000      0.00000
-118591.54871      0.00000      0.00000
-118591.53871      0.00000      0.00000
-118591.52871      0.00000      0.00000
-118591.51871      0.00000      0.00000
-118591.50871      0.00000      0.00000
-118591.49871      0.00000      0.00000
-118591.48871      0.00000      0.00000
-118591.47871      0.00000      0.00000
-118591.46871      0.00000      0.00000
-118591.45871      0.00000      0.00000
-118591.44871      0.00000      0.00000
-118591.43871      0.00000      0.00000
-118591.42871      0.00000      0.00000
-118591.41871      0.00000      0.00000
-118591.40871      0.00000      0.00000
-118591.39871      0.00000      0.00000
-118591.38871      0.00000      0.00000
-118591.37871      0.00000      0.00000
-118591.36871      0.00000      0.00000
-118591.35871      0.00000      0.00000
-118591.34871      0.00000      0.00000
-118591.33871      0.00000      0.00000
-118591.32871      0.00000      0.00000
-118591.31871      0.00000      0.00000
-118591.30871      0.00000      0.00000
-118591.29871      0.00000      0.00000
-118591.28871      0.00000      0.00000
-118591.27871      0.00000      0.00000
-118591.26871      0.00000      0.00000
-118591.25871      0.00000      0.00000
-118591.24871      0.00000      0.00000
-118591.23871      0.00000      0.00000
-118591.22871      0.00000      0.00000
-118591.21871      0.00000      0.00000
