Energy-E_F (eV)    DOS (1/eV)    PDOS (1/eV)  of atom type C  
     -4.99335      2.05327      0.00000
     -4.98335      1.50646      0.00000
     -4.97335      0.80761      0.00000
     -4.96335      1.24954      0.00000
     -4.95335      2.00061      0.00000
     -4.94335      1.62552      0.00000
     -4.93335      1.01712      0.00000
     -4.92335      1.01424      0.00000
     -4.91335      1.56235      0.00000
     -4.90335      2.10672      0.00000
     -4.89335      2.20500      0.00000
     -4.88335      2.01215      0.00000
     -4.87335      1.52483      0.00000
     -4.86335      1.37243      0.00000
     -4.85335      1.75696      0.00000
     -4.84335      1.93358      0.00000
     -4.83335      1.55922      0.00000
     -4.82335      1.34328      0.00000
     -4.81335      2.05380      0.00000
     -4.80335      3.13461      0.00000
     -4.79335      3.11277      0.00000
     -4.78335      2.33510      0.00000
     -4.77335      1.53167      0.00000
     -4.76335      0.81755      0.00000
     -4.75335      0.55607      0.00000
     -4.74335      0.46493      0.00000
     -4.73335      0.34209      0.00000
     -4.72335      0.47103      0.00000
     -4.71335      0.56013      0.00000
     -4.70335      0.93010      0.00000
     -4.69335      1.83753      0.00000
     -4.68335      2.42753      0.00000
     -4.67335      2.52440      0.00000
     -4.66335      2.04538      0.00000
     -4.65335      1.53107      0.00000
     -4.64335      1.51070      0.00000
     -4.63335      1.31178      0.00000
     -4.62335      0.98518      0.00000
     -4.61335      1.09713      0.00000
     -4.60335      1.45825      0.00000
     -4.59335      1.28596      0.00000
     -4.58335      0.86709      0.00000
     -4.57335      0.90015      0.00000
     -4.56335      0.98157      0.00000
     -4.55335      0.99934      0.00000
     -4.54335      1.25484      0.00000
     -4.53335      1.96120      0.00000
     -4.52335      1.87533      0.00000
     -4.51335      0.81901      0.00000
     -4.50335      0.43923      0.00000
     -4.49335      0.90176      0.00000
     -4.48335      1.33833      0.00000
     -4.47335      1.03213      0.00000
     -4.46335      0.45318      0.00000
     -4.45335      0.45861      0.00000
     -4.44335      0.98406      0.00000
     -4.43335      1.28796      0.00000
     -4.42335      1.34682      0.00000
     -4.41335      1.02536      0.00000
     -4.40335      0.78496      0.00000
     -4.39335      1.08310      0.00000
     -4.38335      1.57313      0.00000
     -4.37335      2.29527      0.00000
     -4.36335      2.82584      0.00000
     -4.35335      2.75794      0.00000
     -4.34335      3.12976      0.00000
     -4.33335      3.65277      0.00000
     -4.32335      2.63918      0.00000
     -4.31335      1.28150      0.00000
     -4.30335      0.85787      0.00000
     -4.29335      0.95225      0.00000
     -4.28335      1.40913      0.00000
     -4.27335      1.72514      0.00000
     -4.26335      1.63897      0.00000
     -4.25335      1.45022      0.00000
     -4.24335      1.25460      0.00000
     -4.23335      1.44799      0.00000
     -4.22335      1.31196      0.00000
     -4.21335      0.56664      0.00000
     -4.20335      0.10149      0.00000
     -4.19335      0.02711      0.00000
     -4.18335      0.20732      0.00000
     -4.17335      0.90511      0.00000
     -4.16335      1.96030      0.00000
     -4.15335      2.53903      0.00000
     -4.14335      2.06701      0.00000
     -4.13335      1.32058      0.00000
     -4.12335      1.09479      0.00000
     -4.11335      1.08759      0.00000
     -4.10335      1.25173      0.00000
     -4.09335      1.25361      0.00000
     -4.08335      1.34264      0.00000
     -4.07335      1.79241      0.00000
     -4.06335      2.23255      0.00000
     -4.05335      2.26468      0.00000
     -4.04335      1.89463      0.00000
     -4.03335      1.23780      0.00000
     -4.02335      1.10168      0.00000
     -4.01335      1.54378      0.00000
     -4.00335      1.47805      0.00000
     -3.99335      0.78191      0.00000
     -3.98335      0.68602      0.00000
     -3.97335      0.98247      0.00000
     -3.96335      0.97868      0.00000
     -3.95335      0.68841      0.00000
     -3.94335      0.62796      0.00000
     -3.93335      1.00053      0.00000
     -3.92335      1.27217      0.00000
     -3.91335      1.18786      0.00000
     -3.90335      1.22193      0.00000
     -3.89335      1.24293      0.00000
     -3.88335      0.91401      0.00000
     -3.87335      1.00906      0.00000
     -3.86335      1.27108      0.00000
     -3.85335      1.25238      0.00000
     -3.84335      1.22390      0.00000
     -3.83335      1.35972      0.00000
     -3.82335      1.41208      0.00000
     -3.81335      1.69105      0.00000
     -3.80335      1.72864      0.00000
     -3.79335      1.55216      0.00000
     -3.78335      1.38916      0.00000
     -3.77335      1.16764      0.00000
     -3.76335      1.48407      0.00000
     -3.75335      2.00842      0.00000
     -3.74335      2.11402      0.00000
     -3.73335      2.04249      0.00000
     -3.72335      1.68141      0.00000
     -3.71335      1.47143      0.00000
     -3.70335      1.48321      0.00000
     -3.69335      1.50841      0.00000
     -3.68335      1.17383      0.00000
     -3.67335      0.89122      0.00000
     -3.66335      1.10518      0.00000
     -3.65335      1.79945      0.00000
     -3.64335      2.53137      0.00000
     -3.63335      2.46308      0.00000
     -3.62335      1.87478      0.00000
     -3.61335      1.20412      0.00000
     -3.60335      0.70584      0.00000
     -3.59335      0.66956      0.00000
     -3.58335      0.73187      0.00000
     -3.57335      0.83518      0.00000
     -3.56335      1.21997      0.00000
     -3.55335      1.51433      0.00000
     -3.54335      1.19770      0.00000
     -3.53335      0.79651      0.00000
     -3.52335      0.65280      0.00000
     -3.51335      0.49211      0.00000
     -3.50335      0.75228      0.00000
     -3.49335      1.56157      0.00000
     -3.48335      2.10133      0.00000
     -3.47335      1.85921      0.00000
     -3.46335      1.51765      0.00000
     -3.45335      1.84920      0.00000
     -3.44335      1.90061      0.00000
     -3.43335      1.28783      0.00000
     -3.42335      1.06866      0.00000
     -3.41335      1.09218      0.00000
     -3.40335      0.72575      0.00000
     -3.39335      0.33732      0.00000
     -3.38335      0.36296      0.00000
     -3.37335      0.59939      0.00000
     -3.36335      0.90499      0.00000
     -3.35335      1.15314      0.00000
     -3.34335      1.72716      0.00000
     -3.33335      2.37021      0.00000
     -3.32335      2.07482      0.00000
     -3.31335      1.10834      0.00000
     -3.30335      0.49022      0.00000
     -3.29335      0.47267      0.00000
     -3.28335      0.99286      0.00000
     -3.27335      1.52720      0.00000
     -3.26335      1.69736      0.00000
     -3.25335      1.72136      0.00000
     -3.24335      1.34282      0.00000
     -3.23335      0.78518      0.00000
     -3.22335      0.57275      0.00000
     -3.21335      0.42563      0.00000
     -3.20335      0.39673      0.00000
     -3.19335      0.76165      0.00000
     -3.18335      1.18190      0.00000
     -3.17335      1.59166      0.00000
     -3.16335      1.96833      0.00000
     -3.15335      2.11872      0.00000
     -3.14335      2.03764      0.00000
     -3.13335      1.89552      0.00000
     -3.12335      2.39174      0.00000
     -3.11335      2.52834      0.00000
     -3.10335      1.61787      0.00000
     -3.09335      0.91585      0.00000
     -3.08335      1.22146      0.00000
     -3.07335      2.24218      0.00000
     -3.06335      2.81137      0.00000
     -3.05335      2.40052      0.00000
     -3.04335      1.41610      0.00000
     -3.03335      0.89121      0.00000
     -3.02335      0.77529      0.00000
     -3.01335      0.76296      0.00000
     -3.00335      1.00283      0.00000
     -2.99335      1.25561      0.00000
     -2.98335      1.38756      0.00000
     -2.97335      1.61071      0.00000
     -2.96335      1.34346      0.00000
     -2.95335      0.75748      0.00000
     -2.94335      0.42099      0.00000
     -2.93335      0.33003      0.00000
     -2.92335      0.32642      0.00000
     -2.91335      0.38935      0.00000
     -2.90335      0.63526      0.00000
     -2.89335      0.91865      0.00000
     -2.88335      1.22130      0.00000
     -2.87335      1.33188      0.00000
     -2.86335      0.94623      0.00000
     -2.85335      0.58248      0.00000
     -2.84335      0.45247      0.00000
     -2.83335      0.72350      0.00000
     -2.82335      1.05996      0.00000
     -2.81335      0.96255      0.00000
     -2.80335      0.84620      0.00000
     -2.79335      0.75182      0.00000
     -2.78335      0.86029      0.00000
     -2.77335      1.15753      0.00000
     -2.76335      1.44973      0.00000
     -2.75335      1.88876      0.00000
     -2.74335      2.08383      0.00000
     -2.73335      1.72075      0.00000
     -2.72335      1.32275      0.00000
     -2.71335      0.85553      0.00000
     -2.70335      0.65218      0.00000
     -2.69335      0.58863      0.00000
     -2.68335      0.35495      0.00000
     -2.67335      0.42731      0.00000
     -2.66335      1.17800      0.00000
     -2.65335      2.02023      0.00000
     -2.64335      1.96753      0.00000
     -2.63335      1.24849      0.00000
     -2.62335      0.81231      0.00000
     -2.61335      0.67487      0.00000
     -2.60335      0.61902      0.00000
     -2.59335      0.86661      0.00000
     -2.58335      1.14936      0.00000
     -2.57335      1.02177      0.00000
     -2.56335      1.05337      0.00000
     -2.55335      1.38789      0.00000
     -2.54335      1.22511      0.00000
     -2.53335      1.10704      0.00000
     -2.52335      1.49080      0.00000
     -2.51335      1.60297      0.00000
     -2.50335      1.21354      0.00000
     -2.49335      0.53484      0.00000
     -2.48335      0.23237      0.00000
     -2.47335      0.40536      0.00000
     -2.46335      0.50642      0.00000
     -2.45335      0.56825      0.00000
     -2.44335      0.83921      0.00000
     -2.43335      0.65111      0.00000
     -2.42335      0.23890      0.00000
     -2.41335      0.19058      0.00000
     -2.40335      0.23330      0.00000
     -2.39335      0.15763      0.00000
     -2.38335      0.25262      0.00000
     -2.37335      0.50188      0.00000
     -2.36335      0.62303      0.00000
     -2.35335      0.75906      0.00000
     -2.34335      0.63443      0.00000
     -2.33335      0.49182      0.00000
     -2.32335      0.67340      0.00000
     -2.31335      0.55366      0.00000
     -2.30335      0.27564      0.00000
     -2.29335      0.24645      0.00000
     -2.28335      0.17992      0.00000
     -2.27335      0.05654      0.00000
     -2.26335      0.07956      0.00000
     -2.25335      0.50189      0.00000
     -2.24335      1.46458      0.00000
     -2.23335      2.13072      0.00000
     -2.22335      1.97867      0.00000
     -2.21335      1.67129      0.00000
     -2.20335      1.25478      0.00000
     -2.19335      0.86102      0.00000
     -2.18335      0.93675      0.00000
     -2.17335      0.89244      0.00000
     -2.16335      0.54340      0.00000
     -2.15335      0.32895      0.00000
     -2.14335      0.22301      0.00000
     -2.13335      0.21666      0.00000
     -2.12335      0.38077      0.00000
     -2.11335      0.52179      0.00000
     -2.10335      0.53510      0.00000
     -2.09335      0.49147      0.00000
     -2.08335      0.67018      0.00000
     -2.07335      1.11653      0.00000
     -2.06335      1.18573      0.00000
     -2.05335      1.09935      0.00000
     -2.04335      1.16224      0.00000
     -2.03335      0.91770      0.00000
     -2.02335      0.59757      0.00000
     -2.01335      0.45694      0.00000
     -2.00335      0.38147      0.00000
     -1.99335      0.42061      0.00000
     -1.98335      0.49309      0.00000
     -1.97335      0.34926      0.00000
     -1.96335      0.39334      0.00000
     -1.95335      0.59815      0.00000
     -1.94335      0.73331      0.00000
     -1.93335      0.75448      0.00000
     -1.92335      0.52447      0.00000
     -1.91335      0.49196      0.00000
     -1.90335      0.41068      0.00000
     -1.89335      0.17191      0.00000
     -1.88335      0.27024      0.00000
     -1.87335      0.87823      0.00000
     -1.86335      1.32816      0.00000
     -1.85335      1.03426      0.00000
     -1.84335      0.59110      0.00000
     -1.83335      0.36090      0.00000
     -1.82335      0.17174      0.00000
     -1.81335      0.03859      0.00000
     -1.80335      0.00339      0.00000
     -1.79335      0.00011      0.00000
     -1.78335      0.00024      0.00000
     -1.77335      0.00715      0.00000
     -1.76335      0.07831      0.00000
     -1.75335      0.31931      0.00000
     -1.74335      0.51489      0.00000
     -1.73335      0.42911      0.00000
     -1.72335      0.28150      0.00000
     -1.71335      0.15728      0.00000
     -1.70335      0.24513      0.00000
     -1.69335      0.56671      0.00000
     -1.68335      0.80183      0.00000
     -1.67335      0.68382      0.00000
     -1.66335      0.69776      0.00000
     -1.65335      0.92180      0.00000
     -1.64335      0.85515      0.00000
     -1.63335      0.77023      0.00000
     -1.62335      0.83195      0.00000
     -1.61335      0.77094      0.00000
     -1.60335      0.37551      0.00000
     -1.59335      0.16812      0.00000
     -1.58335      0.43479      0.00000
     -1.57335      0.77946      0.00000
     -1.56335      0.81163      0.00000
     -1.55335      0.79139      0.00000
     -1.54335      0.60079      0.00000
     -1.53335      0.28936      0.00000
     -1.52335      0.10359      0.00000
     -1.51335      0.15419      0.00000
     -1.50335      0.46853      0.00000
     -1.49335      0.75618      0.00000
     -1.48335      0.72867      0.00000
     -1.47335      0.73118      0.00000
     -1.46335      0.81562      0.00000
     -1.45335      0.59321      0.00000
     -1.44335      0.44545      0.00000
     -1.43335      0.45377      0.00000
     -1.42335      0.25223      0.00000
     -1.41335      0.06196      0.00000
     -1.40335      0.06619      0.00000
     -1.39335      0.36013      0.00000
     -1.38335      0.88261      0.00000
     -1.37335      0.97637      0.00000
     -1.36335      0.51177      0.00000
     -1.35335      0.12151      0.00000
     -1.34335      0.01309      0.00000
     -1.33335      0.02271      0.00000
     -1.32335      0.15925      0.00000
     -1.31335      0.41940      0.00000
     -1.30335      0.41315      0.00000
     -1.29335      0.20667      0.00000
     -1.28335      0.21089      0.00000
     -1.27335      0.21902      0.00000
     -1.26335      0.09126      0.00000
     -1.25335      0.01657      0.00000
     -1.24335      0.03817      0.00000
     -1.23335      0.22412      0.00000
     -1.22335      0.56783      0.00000
     -1.21335      0.60879      0.00000
     -1.20335      0.26773      0.00000
     -1.19335      0.04948      0.00000
     -1.18335      0.03906      0.00000
     -1.17335      0.15233      0.00000
     -1.16335      0.25266      0.00000
     -1.15335      0.25014      0.00000
     -1.14335      0.35228      0.00000
     -1.13335      0.58776      0.00000
     -1.12335      0.73000      0.00000
     -1.11335      0.44610      0.00000
     -1.10335      0.12881      0.00000
     -1.09335      0.12070      0.00000
     -1.08335      0.26029      0.00000
     -1.07335      0.38359      0.00000
     -1.06335      0.58047      0.00000
     -1.05335      0.66789      0.00000
     -1.04335      0.64690      0.00000
     -1.03335      0.55871      0.00000
     -1.02335      0.33971      0.00000
     -1.01335      0.38178      0.00000
     -1.00335      0.59329      0.00000
     -0.99335      0.65877      0.00000
     -0.98335      0.49845      0.00000
     -0.97335      0.25861      0.00000
     -0.96335      0.17089      0.00000
     -0.95335      0.09769      0.00000
     -0.94335      0.06891      0.00000
     -0.93335      0.24430      0.00000
     -0.92335      0.50169      0.00000
     -0.91335      0.48797      0.00000
     -0.90335      0.32056      0.00000
     -0.89335      0.16241      0.00000
     -0.88335      0.16200      0.00000
     -0.87335      0.23553      0.00000
     -0.86335      0.14978      0.00000
     -0.85335      0.07103      0.00000
     -0.84335      0.16096      0.00000
     -0.83335      0.28068      0.00000
     -0.82335      0.30222      0.00000
     -0.81335      0.25518      0.00000
     -0.80335      0.11364      0.00000
     -0.79335      0.02055      0.00000
     -0.78335      0.01211      0.00000
     -0.77335      0.10766      0.00000
     -0.76335      0.42724      0.00000
     -0.75335      0.67630      0.00000
     -0.74335      0.42284      0.00000
     -0.73335      0.10276      0.00000
     -0.72335      0.01179      0.00000
     -0.71335      0.03620      0.00000
     -0.70335      0.20977      0.00000
     -0.69335      0.45126      0.00000
     -0.68335      0.35733      0.00000
     -0.67335      0.10922      0.00000
     -0.66335      0.06121      0.00000
     -0.65335      0.17616      0.00000
     -0.64335      0.22688      0.00000
     -0.63335      0.10775      0.00000
     -0.62335      0.01883      0.00000
     -0.61335      0.00136      0.00000
     -0.60335      0.00547      0.00000
     -0.59335      0.07751      0.00000
     -0.58335      0.42974      0.00000
     -0.57335      0.96245      0.00000
     -0.56335      0.93035      0.00000
     -0.55335      0.42195      0.00000
     -0.54335      0.09253      0.00000
     -0.53335      0.00919      0.00000
     -0.52335      0.00038      0.00000
     -0.51335      0.00036      0.00000
     -0.50335      0.00784      0.00000
     -0.49335      0.06441      0.00000
     -0.48335      0.19464      0.00000
     -0.47335      0.21818      0.00000
     -0.46335      0.11426      0.00000
     -0.45335      0.14133      0.00000
     -0.44335      0.23782      0.00000
     -0.43335      0.19139      0.00000
     -0.42335      0.15118      0.00000
     -0.41335      0.14817      0.00000
     -0.40335      0.07570      0.00000
     -0.39335      0.01587      0.00000
     -0.38335      0.00163      0.00000
     -0.37335      0.00863      0.00000
     -0.36335      0.08628      0.00000
     -0.35335      0.33028      0.00000
     -0.34335      0.53160      0.00000
     -0.33335      0.54938      0.00000
     -0.32335      0.51461      0.00000
     -0.31335      0.26463      0.00000
     -0.30335      0.05387      0.00000
     -0.29335      0.00408      0.00000
     -0.28335      0.00011      0.00000
     -0.27335      0.00000      0.00000
     -0.26335      0.00000      0.00000
     -0.25335      0.00000      0.00000
     -0.24335      0.00001      0.00000
     -0.23335      0.00026      0.00000
     -0.22335      0.00464      0.00000
     -0.21335      0.03025      0.00000
     -0.20335      0.07261      0.00000
     -0.19335      0.06415      0.00000
     -0.18335      0.02215      0.00000
     -0.17335      0.02592      0.00000
     -0.16335      0.15867      0.00000
     -0.15335      0.40920      0.00000
     -0.14335      0.40382      0.00000
     -0.13335      0.15238      0.00000
     -0.12335      0.02192      0.00000
     -0.11335      0.00120      0.00000
     -0.10335      0.00003      0.00000
     -0.09335      0.00015      0.00000
     -0.08335      0.00335      0.00000
     -0.07335      0.02960      0.00000
     -0.06335      0.10362      0.00000
     -0.05335      0.14697      0.00000
     -0.04335      0.08514      0.00000
     -0.03335      0.01990      0.00000
     -0.02335      0.00183      0.00000
     -0.01335      0.00006      0.00000
     -0.00335      0.00000      0.00000
      0.00665      0.00000      0.00000
      0.01665      0.00000      0.00000
      0.02665      0.00000      0.00000
      0.03665      0.00000      0.00000
      0.04665      0.00000      0.00000
      0.05665      0.00000      0.00000
      0.06665      0.00000      0.00000
      0.07665      0.00000      0.00000
      0.08665      0.00000      0.00000
      0.09665      0.00000      0.00000
      0.10665      0.00000      0.00000
      0.11665      0.00000      0.00000
      0.12665      0.00000      0.00000
      0.13665      0.00000      0.00000
      0.14665      0.00000      0.00000
      0.15665      0.00000      0.00000
      0.16665      0.00000      0.00000
      0.17665      0.00000      0.00000
      0.18665      0.00000      0.00000
      0.19665      0.00000      0.00000
      0.20665      0.00000      0.00000
      0.21665      0.00000      0.00000
      0.22665      0.00000      0.00000
      0.23665      0.00000      0.00000
      0.24665      0.00000      0.00000
      0.25665      0.00000      0.00000
      0.26665      0.00000      0.00000
      0.27665      0.00000      0.00000
      0.28665      0.00000      0.00000
      0.29665      0.00000      0.00000
      0.30665      0.00000      0.00000
      0.31665      0.00000      0.00000
      0.32665      0.00000      0.00000
      0.33665      0.00000      0.00000
      0.34665      0.00000      0.00000
      0.35665      0.00000      0.00000
      0.36665      0.00000      0.00000
      0.37665      0.00000      0.00000
      0.38665      0.00000      0.00000
      0.39665      0.00000      0.00000
      0.40665      0.00000      0.00000
      0.41665      0.00000      0.00000
      0.42665      0.00000      0.00000
      0.43665      0.00000      0.00000
      0.44665      0.00000      0.00000
      0.45665      0.00000      0.00000
      0.46665      0.00000      0.00000
      0.47665      0.00000      0.00000
      0.48665      0.00000      0.00000
      0.49665      0.00000      0.00000
      0.50665      0.00000      0.00000
      0.51665      0.00000      0.00000
      0.52665      0.00000      0.00000
      0.53665      0.00000      0.00000
      0.54665      0.00000      0.00000
      0.55665      0.00000      0.00000
      0.56665      0.00000      0.00000
      0.57665      0.00000      0.00000
      0.58665      0.00000      0.00000
      0.59665      0.00000      0.00000
      0.60665      0.00000      0.00000
      0.61665      0.00000      0.00000
      0.62665      0.00000      0.00000
      0.63665      0.00000      0.00000
      0.64665      0.00000      0.00000
      0.65665      0.00000      0.00000
      0.66665      0.00000      0.00000
      0.67665      0.00000      0.00000
      0.68665      0.00000      0.00000
      0.69665      0.00000      0.00000
      0.70665      0.00000      0.00000
      0.71665      0.00000      0.00000
      0.72665      0.00000      0.00000
      0.73665      0.00000      0.00000
      0.74665      0.00000      0.00000
      0.75665      0.00000      0.00000
      0.76665      0.00000      0.00000
      0.77665      0.00000      0.00000
      0.78665      0.00000      0.00000
      0.79665      0.00000      0.00000
      0.80665      0.00000      0.00000
      0.81665      0.00000      0.00000
      0.82665      0.00000      0.00000
      0.83665      0.00000      0.00000
      0.84665      0.00000      0.00000
      0.85665      0.00000      0.00000
      0.86665      0.00000      0.00000
      0.87665      0.00000      0.00000
      0.88665      0.00000      0.00000
      0.89665      0.00000      0.00000
      0.90665      0.00000      0.00000
      0.91665      0.00000      0.00000
      0.92665      0.00000      0.00000
      0.93665      0.00000      0.00000
      0.94665      0.00000      0.00000
      0.95665      0.00000      0.00000
      0.96665      0.00000      0.00000
      0.97665      0.00000      0.00000
      0.98665      0.00000      0.00000
      0.99665      0.00000      0.00000
      1.00665      0.00000      0.00000
      1.01665      0.00000      0.00000
      1.02665      0.00000      0.00000
      1.03665      0.00000      0.00000
      1.04665      0.00000      0.00000
      1.05665      0.00000      0.00000
      1.06665      0.00000      0.00000
      1.07665      0.00000      0.00000
      1.08665      0.00000      0.00000
      1.09665      0.00000      0.00000
      1.10665      0.00000      0.00000
      1.11665      0.00000      0.00000
      1.12665      0.00000      0.00000
      1.13665      0.00000      0.00000
      1.14665      0.00000      0.00000
      1.15665      0.00000      0.00000
      1.16665      0.00000      0.00000
      1.17665      0.00000      0.00000
      1.18665      0.00000      0.00000
      1.19665      0.00000      0.00000
      1.20665      0.00000      0.00000
      1.21665      0.00000      0.00000
      1.22665      0.00000      0.00000
      1.23665      0.00000      0.00000
      1.24665      0.00000      0.00000
      1.25665      0.00000      0.00000
      1.26665      0.00000      0.00000
      1.27665      0.00000      0.00000
      1.28665      0.00000      0.00000
      1.29665      0.00000      0.00000
      1.30665      0.00000      0.00000
      1.31665      0.00000      0.00000
      1.32665      0.00000      0.00000
      1.33665      0.00000      0.00000
      1.34665      0.00000      0.00000
      1.35665      0.00000      0.00000
      1.36665      0.00000      0.00000
      1.37665      0.00000      0.00000
      1.38665      0.00000      0.00000
      1.39665      0.00000      0.00000
      1.40665      0.00000      0.00000
      1.41665      0.00000      0.00000
      1.42665      0.00000      0.00000
      1.43665      0.00000      0.00000
      1.44665      0.00000      0.00000
      1.45665      0.00000      0.00000
      1.46665      0.00000      0.00000
      1.47665      0.00000      0.00000
      1.48665      0.00000      0.00000
      1.49665      0.00000      0.00000
      1.50665      0.00000      0.00000
      1.51665      0.00000      0.00000
      1.52665      0.00000      0.00000
      1.53665      0.00000      0.00000
      1.54665      0.00000      0.00000
      1.55665      0.00000      0.00000
      1.56665      0.00000      0.00000
      1.57665      0.00000      0.00000
      1.58665      0.00000      0.00000
      1.59665      0.00000      0.00000
      1.60665      0.00000      0.00000
      1.61665      0.00000      0.00000
      1.62665      0.00000      0.00000
      1.63665      0.00000      0.00000
      1.64665      0.00000      0.00000
      1.65665      0.00000      0.00000
      1.66665      0.00000      0.00000
      1.67665      0.00000      0.00000
      1.68665      0.00000      0.00000
      1.69665      0.00000      0.00000
      1.70665      0.00000      0.00000
      1.71665      0.00000      0.00000
      1.72665      0.00000      0.00000
      1.73665      0.00000      0.00000
      1.74665      0.00000      0.00000
      1.75665      0.00000      0.00000
      1.76665      0.00000      0.00000
      1.77665      0.00000      0.00000
      1.78665      0.00000      0.00000
      1.79665      0.00000      0.00000
      1.80665      0.00000      0.00000
      1.81665      0.00000      0.00000
      1.82665      0.00000      0.00000
      1.83665      0.00000      0.00000
      1.84665      0.00000      0.00000
      1.85665      0.00000      0.00000
      1.86665      0.00000      0.00000
      1.87665      0.00000      0.00000
      1.88665      0.00000      0.00000
      1.89665      0.00000      0.00000
      1.90665      0.00000      0.00000
      1.91665      0.00000      0.00000
      1.92665      0.00000      0.00000
      1.93665      0.00000      0.00000
      1.94665      0.00000      0.00000
      1.95665      0.00000      0.00000
      1.96665      0.00000      0.00000
      1.97665      0.00000      0.00000
      1.98665      0.00000      0.00000
      1.99665      0.00000      0.00000
      2.00665      0.00000      0.00000
      2.01665      0.00000      0.00000
      2.02665      0.00000      0.00000
      2.03665      0.00000      0.00000
      2.04665      0.00000      0.00000
      2.05665      0.00000      0.00000
      2.06665      0.00000      0.00000
      2.07665      0.00000      0.00000
      2.08665      0.00000      0.00000
      2.09665      0.00000      0.00000
      2.10665      0.00000      0.00000
      2.11665      0.00000      0.00000
      2.12665      0.00000      0.00000
      2.13665      0.00000      0.00000
      2.14665      0.00000      0.00000
      2.15665      0.00000      0.00000
      2.16665      0.00000      0.00000
      2.17665      0.00000      0.00000
      2.18665      0.00000      0.00000
      2.19665      0.00000      0.00000
      2.20665      0.00000      0.00000
      2.21665      0.00000      0.00000
      2.22665      0.00000      0.00000
      2.23665      0.00000      0.00000
      2.24665      0.00000      0.00000
      2.25665      0.00000      0.00000
      2.26665      0.00000      0.00000
      2.27665      0.00000      0.00000
      2.28665      0.00000      0.00000
      2.29665      0.00000      0.00000
      2.30665      0.00000      0.00000
      2.31665      0.00000      0.00000
      2.32665      0.00000      0.00000
      2.33665      0.00000      0.00000
      2.34665      0.00000      0.00000
      2.35665      0.00000      0.00000
      2.36665      0.00000      0.00000
      2.37665      0.00000      0.00000
      2.38665      0.00000      0.00000
      2.39665      0.00000      0.00000
      2.40665      0.00000      0.00000
      2.41665      0.00000      0.00000
      2.42665      0.00000      0.00000
      2.43665      0.00000      0.00000
      2.44665      0.00000      0.00000
      2.45665      0.00000      0.00000
      2.46665      0.00000      0.00000
      2.47665      0.00000      0.00000
      2.48665      0.00000      0.00000
      2.49665      0.00000      0.00000
      2.50665      0.00000      0.00000
      2.51665      0.00000      0.00000
      2.52665      0.00000      0.00000
      2.53665      0.00000      0.00000
      2.54665      0.00000      0.00000
      2.55665      0.00000      0.00000
      2.56665      0.00000      0.00000
      2.57665      0.00000      0.00000
      2.58665      0.00000      0.00000
      2.59665      0.00000      0.00000
      2.60665      0.00000      0.00000
      2.61665      0.00000      0.00000
      2.62665      0.00000      0.00000
      2.63665      0.00000      0.00000
      2.64665      0.00000      0.00000
      2.65665      0.00000      0.00000
      2.66665      0.00000      0.00000
      2.67665      0.00000      0.00000
      2.68665      0.00000      0.00000
      2.69665      0.00000      0.00000
      2.70665      0.00000      0.00000
      2.71665      0.00000      0.00000
      2.72665      0.00000      0.00000
      2.73665      0.00000      0.00000
      2.74665      0.00000      0.00000
      2.75665      0.00000      0.00000
      2.76665      0.00000      0.00000
      2.77665      0.00000      0.00000
      2.78665      0.00000      0.00000
      2.79665      0.00000      0.00000
      2.80665      0.00000      0.00000
      2.81665      0.00000      0.00000
      2.82665      0.00000      0.00000
      2.83665      0.00000      0.00000
      2.84665      0.00000      0.00000
      2.85665      0.00000      0.00000
      2.86665      0.00000      0.00000
      2.87665      0.00000      0.00000
      2.88665      0.00000      0.00000
      2.89665      0.00000      0.00000
      2.90665      0.00000      0.00000
      2.91665      0.00000      0.00000
      2.92665      0.00000      0.00000
      2.93665      0.00000      0.00000
      2.94665      0.00000      0.00000
      2.95665      0.00000      0.00000
      2.96665      0.00000      0.00000
      2.97665      0.00000      0.00000
      2.98665      0.00000      0.00000
      2.99665      0.00000      0.00000
      3.00665      0.00000      0.00000
      3.01665      0.00000      0.00000
      3.02665      0.00000      0.00000
      3.03665      0.00000      0.00000
      3.04665      0.00000      0.00000
      3.05665      0.00000      0.00000
      3.06665      0.00000      0.00000
      3.07665      0.00000      0.00000
      3.08665      0.00000      0.00000
      3.09665      0.00000      0.00000
      3.10665      0.00000      0.00000
      3.11665      0.00000      0.00000
      3.12665      0.00000      0.00000
      3.13665      0.00000      0.00000
      3.14665      0.00000      0.00000
      3.15665      0.00000      0.00000
      3.16665      0.00000      0.00000
      3.17665      0.00000      0.00000
      3.18665      0.00000      0.00000
      3.19665      0.00000      0.00000
      3.20665      0.00000      0.00000
      3.21665      0.00000      0.00000
      3.22665      0.00000      0.00000
      3.23665      0.00000      0.00000
      3.24665      0.00000      0.00000
      3.25665      0.00000      0.00000
      3.26665      0.00000      0.00000
      3.27665      0.00000      0.00000
      3.28665      0.00000      0.00000
      3.29665      0.00000      0.00000
      3.30665      0.00000      0.00000
      3.31665      0.00000      0.00000
      3.32665      0.00000      0.00000
      3.33665      0.00000      0.00000
      3.34665      0.00000      0.00000
      3.35665      0.00000      0.00000
      3.36665      0.00000      0.00000
      3.37665      0.00000      0.00000
      3.38665      0.00000      0.00000
      3.39665      0.00000      0.00000
      3.40665      0.00000      0.00000
      3.41665      0.00000      0.00000
      3.42665      0.00000      0.00000
      3.43665      0.00000      0.00000
      3.44665      0.00000      0.00000
      3.45665      0.00000      0.00000
      3.46665      0.00000      0.00000
      3.47665      0.00000      0.00000
      3.48665      0.00000      0.00000
      3.49665      0.00000      0.00000
      3.50665      0.00000      0.00000
      3.51665      0.00000      0.00000
      3.52665      0.00000      0.00000
      3.53665      0.00000      0.00000
      3.54665      0.00000      0.00000
      3.55665      0.00000      0.00000
      3.56665      0.00000      0.00000
      3.57665      0.00000      0.00000
      3.58665      0.00000      0.00000
      3.59665      0.00000      0.00000
      3.60665      0.00000      0.00000
      3.61665      0.00000      0.00000
      3.62665      0.00000      0.00000
      3.63665      0.00000      0.00000
      3.64665      0.00000      0.00000
      3.65665      0.00000      0.00000
      3.66665      0.00000      0.00000
      3.67665      0.00000      0.00000
      3.68665      0.00000      0.00000
      3.69665      0.00000      0.00000
      3.70665      0.00000      0.00000
      3.71665      0.00000      0.00000
      3.72665      0.00000      0.00000
      3.73665      0.00000      0.00000
      3.74665      0.00000      0.00000
      3.75665      0.00000      0.00000
      3.76665      0.00000      0.00000
      3.77665      0.00000      0.00000
      3.78665      0.00000      0.00000
      3.79665      0.00000      0.00000
      3.80665      0.00000      0.00000
      3.81665      0.00000      0.00000
      3.82665      0.00000      0.00000
      3.83665      0.00000      0.00000
      3.84665      0.00000      0.00000
      3.85665      0.00000      0.00000
      3.86665      0.00000      0.00000
      3.87665      0.00000      0.00000
      3.88665      0.00000      0.00000
      3.89665      0.00000      0.00000
      3.90665      0.00000      0.00000
      3.91665      0.00000      0.00000
      3.92665      0.00000      0.00000
      3.93665      0.00000      0.00000
      3.94665      0.00000      0.00000
      3.95665      0.00000      0.00000
      3.96665      0.00000      0.00000
      3.97665      0.00000      0.00000
      3.98665      0.00000      0.00000
      3.99665      0.00000      0.00000
      4.00665      0.00000      0.00000
      4.01665      0.00000      0.00000
      4.02665      0.00000      0.00000
      4.03665      0.00000      0.00000
      4.04665      0.00000      0.00000
      4.05665      0.00000      0.00000
      4.06665      0.00000      0.00000
      4.07665      0.00000      0.00000
      4.08665      0.00000      0.00000
      4.09665      0.00000      0.00000
      4.10665      0.00000      0.00000
      4.11665      0.00000      0.00000
      4.12665      0.00000      0.00000
      4.13665      0.00000      0.00000
      4.14665      0.00000      0.00000
      4.15665      0.00000      0.00000
      4.16665      0.00000      0.00000
      4.17665      0.00000      0.00000
      4.18665      0.00000      0.00000
      4.19665      0.00000      0.00000
      4.20665      0.00000      0.00000
      4.21665      0.00000      0.00000
      4.22665      0.00000      0.00000
      4.23665      0.00000      0.00000
      4.24665      0.00001      0.00000
      4.25665      0.00061      0.00000
      4.26665      0.01165      0.00000
      4.27665      0.08184      0.00000
      4.28665      0.21334      0.00000
      4.29665      0.23359      0.00000
      4.30665      0.26771      0.00000
      4.31665      0.45175      0.00000
      4.32665      0.36933      0.00000
      4.33665      0.11426      0.00000
      4.34665      0.01315      0.00000
      4.35665      0.00077      0.00000
      4.36665      0.00541      0.00000
      4.37665      0.05104      0.00000
      4.38665      0.17862      0.00000
      4.39665      0.24814      0.00000
      4.40665      0.22330      0.00000
      4.41665      0.24851      0.00000
      4.42665      0.16776      0.00000
      4.43665      0.04439      0.00000
      4.44665      0.00435      0.00000
      4.45665      0.00016      0.00000
      4.46665      0.00004      0.00000
      4.47665      0.00153      0.00000
      4.48665      0.02213      0.00000
      4.49665      0.11773      0.00000
      4.50665      0.23035      0.00000
      4.51665      0.16581      0.00000
      4.52665      0.04391      0.00000
      4.53665      0.00428      0.00000
      4.54665      0.00024      0.00000
      4.55665      0.00339      0.00000
      4.56665      0.05117      0.00000
      4.57665      0.29366      0.00000
      4.58665      0.65720      0.00000
      4.59665      0.68966      0.00000
      4.60665      0.77430      0.00000
      4.61665      0.95764      0.00000
      4.62665      0.55413      0.00000
      4.63665      0.17806      0.00000
      4.64665      0.19889      0.00000
      4.65665      0.22079      0.00000
      4.66665      0.11092      0.00000
      4.67665      0.15394      0.00000
      4.68665      0.44581      0.00000
      4.69665      0.67293      0.00000
      4.70665      0.63221      0.00000
      4.71665      0.34545      0.00000
      4.72665      0.08305      0.00000
      4.73665      0.00769      0.00000
      4.74665      0.00026      0.00000
      4.75665      0.00001      0.00000
      4.76665      0.00048      0.00000
      4.77665      0.01335      0.00000
      4.78665      0.14312      0.00000
      4.79665      0.59762      0.00000
      4.80665      1.01545      0.00000
      4.81665      0.78376      0.00000
      4.82665      0.37390      0.00000
      4.83665      0.35077      0.00000
      4.84665      0.53252      0.00000
      4.85665      0.61679      0.00000
      4.86665      0.73702      0.00000
      4.87665      0.52471      0.00000
      4.88665      0.15236      0.00000
      4.89665      0.01765      0.00000
      4.90665      0.01526      0.00000
      4.91665      0.09485      0.00000
      4.92665      0.25025      0.00000
      4.93665      0.38969      0.00000
      4.94665      0.56665      0.00000
      4.95665      0.57605      0.00000
      4.96665      0.33600      0.00000
      4.97665      0.13059      0.00000
      4.98665      0.14788      0.00000
      4.99665      0.23415      0.00000
      5.00665      0.14971      0.00000
      5.01665      0.03636      0.00000
      5.02665      0.02347      0.00000
      5.03665      0.14891      0.00000
      5.04665      0.40750      0.00000
      5.05665      0.44487      0.00000
      5.06665      0.35083      0.00000
      5.07665      0.46550      0.00000
      5.08665      0.38497      0.00000
      5.09665      0.21275      0.00000
      5.10665      0.35923      0.00000
      5.11665      0.45868      0.00000
      5.12665      0.25603      0.00000
      5.13665      0.24667      0.00000
      5.14665      0.47067      0.00000
      5.15665      0.55478      0.00000
      5.16665      0.88066      0.00000
      5.17665      1.18640      0.00000
      5.18665      0.79252      0.00000
      5.19665      0.59921      0.00000
      5.20665      0.88493      0.00000
      5.21665      1.16055      0.00000
      5.22665      1.15364      0.00000
      5.23665      0.91611      0.00000
      5.24665      1.03030      0.00000
      5.25665      1.30722      0.00000
      5.26665      0.94244      0.00000
      5.27665      0.79431      0.00000
      5.28665      1.52372      0.00000
      5.29665      1.62258      0.00000
      5.30665      0.76812      0.00000
      5.31665      0.27795      0.00000
      5.32665      0.34405      0.00000
      5.33665      0.44135      0.00000
      5.34665      0.45307      0.00000
      5.35665      0.67028      0.00000
      5.36665      0.78084      0.00000
      5.37665      0.72079      0.00000
      5.38665      0.82880      0.00000
      5.39665      0.83287      0.00000
      5.40665      0.50621      0.00000
      5.41665      0.14749      0.00000
      5.42665      0.02592      0.00000
      5.43665      0.08236      0.00000
      5.44665      0.33939      0.00000
      5.45665      0.65459      0.00000
      5.46665      0.65348      0.00000
      5.47665      0.45070      0.00000
      5.48665      0.40413      0.00000
      5.49665      0.55309      0.00000
      5.50665      0.61220      0.00000
      5.51665      0.56670      0.00000
      5.52665      0.38105      0.00000
      5.53665      0.33948      0.00000
      5.54665      0.56068      0.00000
      5.55665      0.96546      0.00000
      5.56665      1.38618      0.00000
      5.57665      1.30334      0.00000
      5.58665      0.65568      0.00000
      5.59665      0.46640      0.00000
      5.60665      0.84601      0.00000
      5.61665      1.02479      0.00000
      5.62665      0.80654      0.00000
      5.63665      0.61008      0.00000
      5.64665      0.72322      0.00000
      5.65665      1.12085      0.00000
      5.66665      1.41461      0.00000
      5.67665      1.11157      0.00000
      5.68665      0.53952      0.00000
      5.69665      0.19709      0.00000
      5.70665      0.19106      0.00000
      5.71665      0.27796      0.00000
      5.72665      0.38033      0.00000
      5.73665      0.68642      0.00000
      5.74665      0.99196      0.00000
      5.75665      0.95556      0.00000
      5.76665      0.48440      0.00000
      5.77665      0.21646      0.00000
      5.78665      0.64457      0.00000
      5.79665      1.46626      0.00000
      5.80665      1.69003      0.00000
      5.81665      1.40359      0.00000
      5.82665      1.07908      0.00000
      5.83665      0.84274      0.00000
      5.84665      0.66383      0.00000
      5.85665      0.97069      0.00000
      5.86665      1.11926      0.00000
      5.87665      0.72595      0.00000
      5.88665      0.32240      0.00000
      5.89665      0.09654      0.00000
      5.90665      0.12323      0.00000
      5.91665      0.44495      0.00000
      5.92665      0.93220      0.00000
      5.93665      1.55047      0.00000
      5.94665      2.02221      0.00000
      5.95665      1.87944      0.00000
      5.96665      1.28454      0.00000
      5.97665      0.61353      0.00000
      5.98665      0.75232      0.00000
      5.99665      1.64083      0.00000
      6.00665      2.19836      0.00000
      6.01665      1.85464      0.00000
      6.02665      1.39685      0.00000
      6.03665      1.17612      0.00000
      6.04665      0.75781      0.00000
      6.05665      0.62260      0.00000
      6.06665      1.00005      0.00000
      6.07665      0.87976      0.00000
      6.08665      0.37075      0.00000
      6.09665      0.43397      0.00000
      6.10665      1.01117      0.00000
      6.11665      1.24203      0.00000
      6.12665      1.09152      0.00000
      6.13665      1.22141      0.00000
      6.14665      1.66555      0.00000
      6.15665      1.78502      0.00000
      6.16665      1.66824      0.00000
      6.17665      1.05710      0.00000
      6.18665      0.54623      0.00000
      6.19665      0.61512      0.00000
      6.20665      0.74250      0.00000
      6.21665      0.63644      0.00000
      6.22665      0.97951      0.00000
      6.23665      1.36847      0.00000
      6.24665      1.15755      0.00000
      6.25665      0.87594      0.00000
      6.26665      0.77142      0.00000
      6.27665      0.55710      0.00000
      6.28665      0.62680      0.00000
      6.29665      0.79531      0.00000
      6.30665      0.90638      0.00000
      6.31665      1.00473      0.00000
      6.32665      0.70608      0.00000
      6.33665      0.55776      0.00000
      6.34665      0.59018      0.00000
      6.35665      0.71079      0.00000
      6.36665      0.78680      0.00000
      6.37665      0.65730      0.00000
      6.38665      0.63746      0.00000
      6.39665      0.56603      0.00000
      6.40665      0.55684      0.00000
      6.41665      0.76054      0.00000
      6.42665      0.97837      0.00000
      6.43665      0.95477      0.00000
      6.44665      0.66820      0.00000
      6.45665      0.83132      0.00000
      6.46665      1.21333      0.00000
      6.47665      1.12589      0.00000
      6.48665      1.23997      0.00000
      6.49665      1.31603      0.00000
      6.50665      0.95014      0.00000
      6.51665      0.74684      0.00000
      6.52665      0.81936      0.00000
      6.53665      1.21941      0.00000
      6.54665      1.65214      0.00000
      6.55665      1.71839      0.00000
      6.56665      1.57342      0.00000
      6.57665      1.44981      0.00000
      6.58665      1.68303      0.00000
      6.59665      2.40178      0.00000
      6.60665      2.78378      0.00000
      6.61665      1.88665      0.00000
      6.62665      0.87996      0.00000
      6.63665      0.58687      0.00000
      6.64665      0.61726      0.00000
      6.65665      0.74611      0.00000
      6.66665      0.97951      0.00000
      6.67665      0.94103      0.00000
      6.68665      0.75654      0.00000
      6.69665      0.86390      0.00000
      6.70665      0.77788      0.00000
      6.71665      0.35583      0.00000
      6.72665      0.29716      0.00000
      6.73665      0.93763      0.00000
      6.74665      1.63029      0.00000
      6.75665      1.51015      0.00000
      6.76665      1.13515      0.00000
      6.77665      1.12429      0.00000
      6.78665      1.10886      0.00000
      6.79665      0.91746      0.00000
      6.80665      0.76134      0.00000
      6.81665      0.75036      0.00000
      6.82665      0.94703      0.00000
      6.83665      1.40955      0.00000
      6.84665      1.54512      0.00000
      6.85665      1.22654      0.00000
      6.86665      0.94223      0.00000
      6.87665      0.84396      0.00000
      6.88665      0.95193      0.00000
      6.89665      0.91133      0.00000
      6.90665      0.75397      0.00000
      6.91665      0.79112      0.00000
      6.92665      0.87815      0.00000
      6.93665      1.32890      0.00000
      6.94665      2.14484      0.00000
      6.95665      2.39326      0.00000
      6.96665      1.71751      0.00000
      6.97665      1.35300      0.00000
      6.98665      1.70686      0.00000
      6.99665      2.17007      0.00000
      7.00665      2.22409      0.00000
      7.01665      1.71675      0.00000
      7.02665      1.59867      0.00000
      7.03665      1.72019      0.00000
      7.04665      1.39110      0.00000
      7.05665      1.01831      0.00000
      7.06665      0.81201      0.00000
      7.07665      1.04208      0.00000
      7.08665      1.27309      0.00000
      7.09665      1.28057      0.00000
      7.10665      1.51875      0.00000
      7.11665      1.80108      0.00000
      7.12665      1.63623      0.00000
      7.13665      1.26278      0.00000
      7.14665      1.36132      0.00000
      7.15665      1.52048      0.00000
      7.16665      1.30798      0.00000
      7.17665      1.09478      0.00000
      7.18665      1.47662      0.00000
      7.19665      1.84036      0.00000
      7.20665      1.29397      0.00000
      7.21665      0.45388      0.00000
      7.22665      0.28910      0.00000
      7.23665      0.92927      0.00000
      7.24665      1.54801      0.00000
      7.25665      1.13097      0.00000
      7.26665      0.57861      0.00000
      7.27665      0.73370      0.00000
      7.28665      1.14346      0.00000
      7.29665      1.12748      0.00000
      7.30665      0.80719      0.00000
      7.31665      1.00325      0.00000
      7.32665      1.78847      0.00000
      7.33665      2.36667      0.00000
      7.34665      2.07381      0.00000
      7.35665      1.43483      0.00000
      7.36665      1.19106      0.00000
      7.37665      1.47986      0.00000
      7.38665      2.11244      0.00000
      7.39665      2.20424      0.00000
      7.40665      1.62305      0.00000
      7.41665      0.92810      0.00000
      7.42665      0.79281      0.00000
      7.43665      1.20061      0.00000
      7.44665      1.63645      0.00000
      7.45665      1.68995      0.00000
      7.46665      1.64005      0.00000
      7.47665      1.52260      0.00000
      7.48665      1.23022      0.00000
      7.49665      1.02015      0.00000
      7.50665      0.86034      0.00000
      7.51665      0.77718      0.00000
      7.52665      0.90344      0.00000
      7.53665      1.34080      0.00000
      7.54665      1.89596      0.00000
      7.55665      1.96749      0.00000
      7.56665      1.26736      0.00000
      7.57665      0.81304      0.00000
      7.58665      1.52814      0.00000
      7.59665      2.71864      0.00000
      7.60665      2.41990      0.00000
      7.61665      1.34414      0.00000
      7.62665      1.09410      0.00000
      7.63665      1.29061      0.00000
      7.64665      1.00280      0.00000
      7.65665      0.83139      0.00000
      7.66665      1.01638      0.00000
      7.67665      1.06482      0.00000
      7.68665      1.52381      0.00000
      7.69665      1.95426      0.00000
      7.70665      1.61992      0.00000
      7.71665      1.30437      0.00000
      7.72665      1.29210      0.00000
      7.73665      1.27203      0.00000
      7.74665      1.20789      0.00000
      7.75665      0.91801      0.00000
      7.76665      0.52924      0.00000
      7.77665      0.26688      0.00000
      7.78665      0.32014      0.00000
      7.79665      0.96499      0.00000
      7.80665      1.64707      0.00000
      7.81665      1.78972      0.00000
      7.82665      1.76631      0.00000
      7.83665      2.14936      0.00000
      7.84665      2.73511      0.00000
      7.85665      2.35542      0.00000
      7.86665      1.41514      0.00000
      7.87665      1.07000      0.00000
      7.88665      1.30291      0.00000
      7.89665      2.19620      0.00000
      7.90665      3.45059      0.00000
      7.91665      4.11113      0.00000
      7.92665      3.54984      0.00000
      7.93665      2.79426      0.00000
      7.94665      2.37933      0.00000
      7.95665      1.68317      0.00000
      7.96665      1.14462      0.00000
      7.97665      1.28777      0.00000
      7.98665      1.28845      0.00000
      7.99665      1.56914      0.00000
      8.00665      2.30444      0.00000
      8.01665      2.05167      0.00000
      8.02665      1.57814      0.00000
      8.03665      1.34256      0.00000
      8.04665      0.87036      0.00000
      8.05665      0.62424      0.00000
      8.06665      0.52608      0.00000
      8.07665      0.90380      0.00000
      8.08665      1.88150      0.00000
      8.09665      2.08884      0.00000
      8.10665      1.56040      0.00000
      8.11665      1.85844      0.00000
      8.12665      2.49440      0.00000
      8.13665      2.97559      0.00000
      8.14665      3.25273      0.00000
      8.15665      3.83106      0.00000
      8.16665      4.57587      0.00000
      8.17665      4.14033      0.00000
      8.18665      3.00807      0.00000
      8.19665      2.63382      0.00000
      8.20665      2.23087      0.00000
      8.21665      2.00800      0.00000
      8.22665      2.51886      0.00000
      8.23665      2.20807      0.00000
      8.24665      1.37694      0.00000
      8.25665      1.47808      0.00000
      8.26665      1.79205      0.00000
      8.27665      1.72234      0.00000
      8.28665      2.03386      0.00000
      8.29665      2.46095      0.00000
      8.30665      2.52759      0.00000
      8.31665      2.44920      0.00000
      8.32665      2.25811      0.00000
      8.33665      2.30349      0.00000
      8.34665      1.76985      0.00000
      8.35665      1.19604      0.00000
      8.36665      1.73795      0.00000
      8.37665      2.45984      0.00000
      8.38665      2.58134      0.00000
      8.39665      2.52643      0.00000
      8.40665      2.28097      0.00000
      8.41665      1.87059      0.00000
      8.42665      1.48237      0.00000
      8.43665      1.49252      0.00000
      8.44665      1.40428      0.00000
      8.45665      1.16477      0.00000
      8.46665      1.31746      0.00000
      8.47665      1.85314      0.00000
      8.48665      2.14984      0.00000
      8.49665      1.67093      0.00000
      8.50665      1.39518      0.00000
      8.51665      1.91833      0.00000
      8.52665      2.34796      0.00000
      8.53665      2.04558      0.00000
      8.54665      1.45085      0.00000
      8.55665      1.31498      0.00000
      8.56665      1.93394      0.00000
      8.57665      2.52386      0.00000
      8.58665      2.38308      0.00000
      8.59665      2.40794      0.00000
      8.60665      3.53556      0.00000
      8.61665      4.17723      0.00000
      8.62665      2.96476      0.00000
      8.63665      1.27931      0.00000
      8.64665      0.65304      0.00000
      8.65665      0.65552      0.00000
      8.66665      0.89720      0.00000
      8.67665      1.03502      0.00000
      8.68665      1.16812      0.00000
      8.69665      1.84635      0.00000
      8.70665      2.50722      0.00000
      8.71665      2.82591      0.00000
      8.72665      3.36665      0.00000
      8.73665      3.90896      0.00000
      8.74665      3.38527      0.00000
      8.75665      1.94874      0.00000
      8.76665      1.29022      0.00000
      8.77665      1.13707      0.00000
      8.78665      1.06039      0.00000
      8.79665      1.47015      0.00000
      8.80665      1.85546      0.00000
      8.81665      1.84145      0.00000
      8.82665      2.04966      0.00000
      8.83665      2.10487      0.00000
      8.84665      1.66507      0.00000
      8.85665      1.68081      0.00000
      8.86665      1.97404      0.00000
      8.87665      2.23428      0.00000
      8.88665      2.33772      0.00000
      8.89665      2.14030      0.00000
      8.90665      1.69130      0.00000
      8.91665      1.49121      0.00000
      8.92665      1.53066      0.00000
      8.93665      1.59617      0.00000
      8.94665      2.22404      0.00000
      8.95665      2.69938      0.00000
      8.96665      2.57193      0.00000
      8.97665      2.81486      0.00000
      8.98665      3.35977      0.00000
      8.99665      3.17480      0.00000
      9.00665      2.55075      0.00000
      9.01665      2.90600      0.00000
      9.02665      3.10739      0.00000
      9.03665      2.45144      0.00000
      9.04665      2.28434      0.00000
      9.05665      2.36555      0.00000
      9.06665      2.16566      0.00000
      9.07665      2.13680      0.00000
      9.08665      2.17926      0.00000
      9.09665      1.92792      0.00000
      9.10665      1.97474      0.00000
      9.11665      2.17879      0.00000
      9.12665      1.90541      0.00000
      9.13665      1.43700      0.00000
      9.14665      1.02109      0.00000
      9.15665      1.22330      0.00000
      9.16665      2.25319      0.00000
      9.17665      3.01349      0.00000
      9.18665      2.59670      0.00000
      9.19665      1.63890      0.00000
      9.20665      1.22092      0.00000
