Energy-E_F (eV)    DOS (1/eV)    PDOS (1/eV)  of atom type C  
     -4.99000      1.02663      1.02663
     -4.98000      0.75326      0.75326
     -4.97000      0.40381      0.40381
     -4.96000      0.62472      0.62472
     -4.95000      1.00022      1.00022
     -4.94000      0.81272      0.81272
     -4.93000      0.50858      0.50858
     -4.92000      0.50691      0.50691
     -4.91000      0.78091      0.78091
     -4.90000      1.05358      1.05358
     -4.89000      1.10280      1.10280
     -4.88000      1.00608      1.00608
     -4.87000      0.76245      0.76245
     -4.86000      0.68629      0.68629
     -4.85000      0.87851      0.87851
     -4.84000      0.96674      0.96674
     -4.83000      0.77950      0.77950
     -4.82000      0.67152      0.67152
     -4.81000      1.02677      1.02677
     -4.80000      1.56742      1.56742
     -4.79000      1.55658      1.55658
     -4.78000      1.16750      1.16750
     -4.77000      0.76584      0.76584
     -4.76000      0.40886      0.40886
     -4.75000      0.27808      0.27808
     -4.74000      0.23247      0.23247
     -4.73000      0.17107      0.17107
     -4.72000      0.23554      0.23554
     -4.71000      0.28004      0.28004
     -4.70000      0.46501      0.46501
     -4.69000      0.91866      0.91866
     -4.68000      1.21355      1.21355
     -4.67000      1.26209      1.26209
     -4.66000      1.02282      1.02282
     -4.65000      0.76565      0.76565
     -4.64000      0.75544      0.75544
     -4.63000      0.65595      0.65595
     -4.62000      0.49262      0.49262
     -4.61000      0.54853      0.54853
     -4.60000      0.72903      0.72903
     -4.59000      0.64295      0.64295
     -4.58000      0.43351      0.43351
     -4.57000      0.45006      0.45006
     -4.56000      0.49089      0.49089
     -4.55000      0.49978      0.49978
     -4.54000      0.62737      0.62737
     -4.53000      0.98052      0.98052
     -4.52000      0.93772      0.93772
     -4.51000      0.40956      0.40956
     -4.50000      0.21963      0.21963
     -4.49000      0.45086      0.45086
     -4.48000      0.66907      0.66907
     -4.47000      0.51606      0.51606
     -4.46000      0.22667      0.22667
     -4.45000      0.22934      0.22934
     -4.44000      0.49199      0.49199
     -4.43000      0.64384      0.64384
     -4.42000      0.67333      0.67333
     -4.41000      0.51276      0.51276
     -4.40000      0.39252      0.39252
     -4.39000      0.54161      0.54161
     -4.38000      0.78663      0.78663
     -4.37000      1.14767      1.14767
     -4.36000      1.41289      1.41289
     -4.35000      1.37874      1.37874
     -4.34000      1.56467      1.56467
     -4.33000      1.82648      1.82648
     -4.32000      1.31978      1.31978
     -4.31000      0.64084      0.64084
     -4.30000      0.42897      0.42897
     -4.29000      0.47610      0.47610
     -4.28000      0.70452      0.70452
     -4.27000      0.86255      0.86255
     -4.26000      0.81947      0.81947
     -4.25000      0.72514      0.72514
     -4.24000      0.62730      0.62730
     -4.23000      0.72397      0.72397
     -4.22000      0.65603      0.65603
     -4.21000      0.28339      0.28339
     -4.20000      0.05076      0.05076
     -4.19000      0.01354      0.01354
     -4.18000      0.10354      0.10354
     -4.17000      0.45228      0.45228
     -4.16000      0.98006      0.98006
     -4.15000      1.26978      1.26978
     -4.14000      1.03379      1.03379
     -4.13000      0.66035      0.66035
     -4.12000      0.54726      0.54726
     -4.11000      0.54368      0.54368
     -4.10000      0.62584      0.62584
     -4.09000      0.62679      0.62679
     -4.08000      0.67132      0.67132
     -4.07000      0.89632      0.89632
     -4.06000      1.11635      1.11635
     -4.05000      1.13234      1.13234
     -4.04000      0.94722      0.94722
     -4.03000      0.61874      0.61874
     -4.02000      0.55078      0.55078
     -4.01000      0.77201      0.77201
     -4.00000      0.73918      0.73918
     -3.99000      0.39092      0.39092
     -3.98000      0.34293      0.34293
     -3.97000      0.49119      0.49119
     -3.96000      0.48929      0.48929
     -3.95000      0.34434      0.34434
     -3.94000      0.31408      0.31408
     -3.93000      0.50011      0.50011
     -3.92000      0.63609      0.63609
     -3.91000      0.59401      0.59401
     -3.90000      0.61087      0.61087
     -3.89000      0.62145      0.62145
     -3.88000      0.45705      0.45705
     -3.87000      0.50453      0.50453
     -3.86000      0.63556      0.63556
     -3.85000      0.62625      0.62625
     -3.84000      0.61202      0.61202
     -3.83000      0.67981      0.67981
     -3.82000      0.70590      0.70590
     -3.81000      0.84547      0.84547
     -3.80000      0.86434      0.86434
     -3.79000      0.77599      0.77599
     -3.78000      0.69461      0.69461
     -3.77000      0.58403      0.58403
     -3.76000      0.74222      0.74222
     -3.75000      1.00439      1.00439
     -3.74000      1.05706      1.05706
     -3.73000      1.02100      1.02100
     -3.72000      0.84052      0.84052
     -3.71000      0.73572      0.73572
     -3.70000      0.74169      0.74169
     -3.69000      0.75416      0.75416
     -3.68000      0.58676      0.58676
     -3.67000      0.44547      0.44547
     -3.66000      0.55248      0.55248
     -3.65000      0.89959      0.89959
     -3.64000      1.26584      1.26584
     -3.63000      1.23174      1.23174
     -3.62000      0.93746      0.93746
     -3.61000      0.60212      0.60212
     -3.60000      0.35284      0.35284
     -3.59000      0.33468      0.33468
     -3.58000      0.36586      0.36586
     -3.57000      0.41749      0.41749
     -3.56000      0.61012      0.61012
     -3.55000      0.75753      0.75753
     -3.54000      0.59925      0.59925
     -3.53000      0.39824      0.39824
     -3.52000      0.32609      0.32609
     -3.51000      0.24588      0.24588
     -3.50000      0.37604      0.37604
     -3.49000      0.78059      0.78059
     -3.48000      1.05038      1.05038
     -3.47000      0.92977      0.92977
     -3.46000      0.75920      0.75920
     -3.45000      0.92478      0.92478
     -3.44000      0.95034      0.95034
     -3.43000      0.64376      0.64376
     -3.42000      0.53414      0.53414
     -3.41000      0.54609      0.54609
     -3.40000      0.36299      0.36299
     -3.39000      0.16869      0.16869
     -3.38000      0.18123      0.18123
     -3.37000      0.29868      0.29868
     -3.36000      0.45148      0.45148
     -3.35000      0.57762      0.57762
     -3.34000      0.86548      0.86548
     -3.33000      1.18645      1.18645
     -3.32000      1.03703      1.03703
     -3.31000      0.55309      0.55309
     -3.30000      0.24477      0.24477
     -3.29000      0.23613      0.23613
     -3.28000      0.49622      0.49622
     -3.27000      0.76349      0.76349
     -3.26000      0.84865      0.84865
     -3.25000      0.86095      0.86095
     -3.24000      0.67162      0.67162
     -3.23000      0.39247      0.39247
     -3.22000      0.28627      0.28627
     -3.21000      0.21273      0.21273
     -3.20000      0.19804      0.19804
     -3.19000      0.38081      0.38081
     -3.18000      0.59149      0.59149
     -3.17000      0.79604      0.79604
     -3.16000      0.98377      0.98377
     -3.15000      1.05870      1.05870
     -3.14000      1.01760      1.01760
     -3.13000      0.94683      0.94683
     -3.12000      1.19767      1.19767
     -3.11000      1.26717      1.26717
     -3.10000      0.80977      0.80977
     -3.09000      0.45648      0.45648
     -3.08000      0.61000      0.61000
     -3.07000      1.12097      1.12097
     -3.06000      1.40539      1.40539
     -3.05000      1.20007      1.20007
     -3.04000      0.70813      0.70813
     -3.03000      0.44558      0.44558
     -3.02000      0.38758      0.38758
     -3.01000      0.38153      0.38153
     -3.00000      0.50127      0.50127
     -2.99000      0.62765      0.62765
     -2.98000      0.69318      0.69318
     -2.97000      0.80482      0.80482
     -2.96000      0.67267      0.67267
     -2.95000      0.37956      0.37956
     -2.94000      0.21097      0.21097
     -2.93000      0.16593      0.16593
     -2.92000      0.16296      0.16296
     -2.91000      0.19316      0.19316
     -2.90000      0.31718      0.31718
     -2.89000      0.45946      0.45946
     -2.88000      0.61036      0.61036
     -2.87000      0.66505      0.66505
     -2.86000      0.47361      0.47361
     -2.85000      0.29372      0.29372
     -2.84000      0.22589      0.22589
     -2.83000      0.36073      0.36073
     -2.82000      0.53023      0.53023
     -2.81000      0.48226      0.48226
     -2.80000      0.42324      0.42324
     -2.79000      0.37518      0.37518
     -2.78000      0.42975      0.42975
     -2.77000      0.57868      0.57868
     -2.76000      0.72471      0.72471
     -2.75000      0.94400      0.94400
     -2.74000      1.04150      1.04150
     -2.73000      0.85979      0.85979
     -2.72000      0.66271      0.66271
     -2.71000      0.42965      0.42965
     -2.70000      0.32513      0.32513
     -2.69000      0.29357      0.29357
     -2.68000      0.17733      0.17733
     -2.67000      0.21348      0.21348
     -2.66000      0.58889      0.58889
     -2.65000      1.01021      1.01021
     -2.64000      0.98375      0.98375
     -2.63000      0.62418      0.62418
     -2.62000      0.40632      0.40632
     -2.61000      0.33761      0.33761
     -2.60000      0.30951      0.30951
     -2.59000      0.43329      0.43329
     -2.58000      0.57472      0.57472
     -2.57000      0.51090      0.51090
     -2.56000      0.52683      0.52683
     -2.55000      0.69409      0.69409
     -2.54000      0.61242      0.61242
     -2.53000      0.55340      0.55340
     -2.52000      0.74546      0.74546
     -2.51000      0.80158      0.80158
     -2.50000      0.60666      0.60666
     -2.49000      0.26730      0.26730
     -2.48000      0.11615      0.11615
     -2.47000      0.20235      0.20235
     -2.46000      0.25195      0.25195
     -2.45000      0.28440      0.28440
     -2.44000      0.42228      0.42228
     -2.43000      0.32536      0.32536
     -2.42000      0.11853      0.11853
     -2.41000      0.09515      0.09515
     -2.40000      0.11663      0.11663
     -2.39000      0.07882      0.07882
     -2.38000      0.12643      0.12643
     -2.37000      0.25098      0.25098
     -2.36000      0.31142      0.31142
     -2.35000      0.37946      0.37946
     -2.34000      0.31721      0.31721
     -2.33000      0.24599      0.24599
     -2.32000      0.33672      0.33672
     -2.31000      0.27674      0.27674
     -2.30000      0.13778      0.13778
     -2.29000      0.12322      0.12322
     -2.28000      0.08994      0.08994
     -2.27000      0.02826      0.02826
     -2.26000      0.03976      0.03976
     -2.25000      0.25088      0.25088
     -2.24000      0.73219      0.73219
     -2.23000      1.06532      1.06532
     -2.22000      0.98923      0.98923
     -2.21000      0.83554      0.83554
     -2.20000      0.62770      0.62770
     -2.19000      0.43082      0.43082
     -2.18000      0.46840      0.46840
     -2.17000      0.44616      0.44616
     -2.16000      0.27162      0.27162
     -2.15000      0.16443      0.16443
     -2.14000      0.11149      0.11149
     -2.13000      0.10831      0.10831
     -2.12000      0.19032      0.19032
     -2.11000      0.26086      0.26086
     -2.10000      0.26772      0.26772
     -2.09000      0.24590      0.24590
     -2.08000      0.33499      0.33499
     -2.07000      0.55779      0.55779
     -2.06000      0.59148      0.59148
     -2.05000      0.55020      0.55020
     -2.04000      0.58398      0.58398
     -2.03000      0.45833      0.45833
     -2.02000      0.29761      0.29761
     -2.01000      0.22823      0.22823
     -2.00000      0.19086      0.19086
     -1.99000      0.21047      0.21047
     -1.98000      0.24659      0.24659
     -1.97000      0.17463      0.17463
     -1.96000      0.19668      0.19668
     -1.95000      0.29909      0.29909
     -1.94000      0.36669      0.36669
     -1.93000      0.37723      0.37723
     -1.92000      0.26218      0.26218
     -1.91000      0.24595      0.24595
     -1.90000      0.20535      0.20535
     -1.89000      0.08597      0.08597
     -1.88000      0.13520      0.13520
     -1.87000      0.43929      0.43929
     -1.86000      0.66416      0.66416
     -1.85000      0.51705      0.51705
     -1.84000      0.29546      0.29546
     -1.83000      0.18037      0.18037
     -1.82000      0.08580      0.08580
     -1.81000      0.01927      0.01927
     -1.80000      0.00169      0.00169
     -1.79000      0.00006      0.00006
     -1.78000      0.00012      0.00012
     -1.77000      0.00358      0.00358
     -1.76000      0.03919      0.03919
     -1.75000      0.15970      0.15970
     -1.74000      0.25737      0.25737
     -1.73000      0.21439      0.21439
     -1.72000      0.14076      0.14076
     -1.71000      0.07866      0.07866
     -1.70000      0.12251      0.12251
     -1.69000      0.28354      0.28354
     -1.68000      0.40110      0.40110
     -1.67000      0.34183      0.34183
     -1.66000      0.34874      0.34874
     -1.65000      0.46077      0.46077
     -1.64000      0.42766      0.42766
     -1.63000      0.38518      0.38518
     -1.62000      0.41589      0.41589
     -1.61000      0.38548      0.38548
     -1.60000      0.18783      0.18783
     -1.59000      0.08408      0.08408
     -1.58000      0.21731      0.21731
     -1.57000      0.38960      0.38960
     -1.56000      0.40533      0.40533
     -1.55000      0.39431      0.39431
     -1.54000      0.30191      0.30191
     -1.53000      0.14739      0.14739
     -1.52000      0.05075      0.05075
     -1.51000      0.07620      0.07620
     -1.50000      0.23423      0.23423
     -1.49000      0.37803      0.37803
     -1.48000      0.36413      0.36413
     -1.47000      0.36543      0.36543
     -1.46000      0.40786      0.40786
     -1.45000      0.29667      0.29667
     -1.44000      0.22268      0.22268
     -1.43000      0.22694      0.22694
     -1.42000      0.12621      0.12621
     -1.41000      0.03101      0.03101
     -1.40000      0.03311      0.03311
     -1.39000      0.18011      0.18011
     -1.38000      0.44132      0.44132
     -1.37000      0.48814      0.48814
     -1.36000      0.25586      0.25586
     -1.35000      0.06075      0.06075
     -1.34000      0.00655      0.00655
     -1.33000      0.01138      0.01138
     -1.32000      0.07971      0.07971
     -1.31000      0.20977      0.20977
     -1.30000      0.20651      0.20651
     -1.29000      0.10330      0.10330
     -1.28000      0.10548      0.10548
     -1.27000      0.10947      0.10947
     -1.26000      0.04557      0.04557
     -1.25000      0.00827      0.00827
     -1.24000      0.01912      0.01912
     -1.23000      0.11218      0.11218
     -1.22000      0.28402      0.28402
     -1.21000      0.30430      0.30430
     -1.20000      0.13374      0.13374
     -1.19000      0.02470      0.02470
     -1.18000      0.01953      0.01953
     -1.17000      0.07617      0.07617
     -1.16000      0.12629      0.12629
     -1.15000      0.12496      0.12496
     -1.14000      0.17618      0.17618
     -1.13000      0.29415      0.29415
     -1.12000      0.36505      0.36505
     -1.11000      0.22289      0.22289
     -1.10000      0.06426      0.06426
     -1.09000      0.06011      0.06011
     -1.08000      0.13006      0.13006
     -1.07000      0.19207      0.19207
     -1.06000      0.29040      0.29040
     -1.05000      0.33389      0.33389
     -1.04000      0.32334      0.32334
     -1.03000      0.27938      0.27938
     -1.02000      0.16998      0.16998
     -1.01000      0.19086      0.19086
     -1.00000      0.29654      0.29654
     -0.99000      0.32914      0.32914
     -0.98000      0.24777      0.24777
     -0.97000      0.12936      0.12936
     -0.96000      0.08904      0.08904
     -0.95000      0.04883      0.04883
     -0.94000      0.03300      0.03300
     -0.93000      0.12186      0.12186
     -0.92000      0.25091      0.25091
     -0.91000      0.24410      0.24410
     -0.90000      0.16023      0.16023
     -0.89000      0.08099      0.08099
     -0.88000      0.08078      0.08078
     -0.87000      0.11775      0.11775
     -0.86000      0.07505      0.07505
     -0.85000      0.03558      0.03558
     -0.84000      0.08048      0.08048
     -0.83000      0.14037      0.14037
     -0.82000      0.15116      0.15116
     -0.81000      0.12758      0.12758
     -0.80000      0.05679      0.05679
     -0.79000      0.01026      0.01026
     -0.78000      0.00607      0.00607
     -0.77000      0.05394      0.05394
     -0.76000      0.21382      0.21382
     -0.75000      0.33813      0.33813
     -0.74000      0.21122      0.21122
     -0.73000      0.05129      0.05129
     -0.72000      0.00588      0.00588
     -0.71000      0.01814      0.01814
     -0.70000      0.10502      0.10502
     -0.69000      0.22569      0.22569
     -0.68000      0.17853      0.17853
     -0.67000      0.05452      0.05452
     -0.66000      0.03060      0.03060
     -0.65000      0.08810      0.08810
     -0.64000      0.11343      0.11343
     -0.63000      0.05386      0.05386
     -0.62000      0.00941      0.00941
     -0.61000      0.00068      0.00068
     -0.60000      0.00274      0.00274
     -0.59000      0.03879      0.03879
     -0.58000      0.21489      0.21489
     -0.57000      0.48088      0.48088
     -0.56000      0.46480      0.46480
     -0.55000      0.21126      0.21126
     -0.54000      0.04657      0.04657
     -0.53000      0.00466      0.00466
     -0.52000      0.00020      0.00020
     -0.51000      0.00018      0.00018
     -0.50000      0.00395      0.00395
     -0.49000      0.03234      0.03234
     -0.48000      0.09748      0.09748
     -0.47000      0.10899      0.10899
     -0.46000      0.05706      0.05706
     -0.45000      0.07081      0.07081
     -0.44000      0.11836      0.11836
     -0.43000      0.09371      0.09371
     -0.42000      0.07668      0.07668
     -0.41000      0.07773      0.07773
     -0.40000      0.03694      0.03694
     -0.39000      0.00659      0.00659
     -0.38000      0.00059      0.00059
     -0.37000      0.00431      0.00431
     -0.36000      0.04313      0.04313
     -0.35000      0.16510      0.16510
     -0.34000      0.26589      0.26589
     -0.33000      0.27498      0.27498
     -0.32000      0.25731      0.25731
     -0.31000      0.13208      0.13208
     -0.30000      0.02684      0.02684
     -0.29000      0.00203      0.00203
     -0.28000      0.00006      0.00006
     -0.27000      0.00000      0.00000
     -0.26000      0.00000      0.00000
     -0.25000      0.00000      0.00000
     -0.24000      0.00000      0.00000
     -0.23000      0.00012      0.00012
     -0.22000      0.00224      0.00224
     -0.21000      0.01482      0.01482
     -0.20000      0.03610      0.03610
     -0.19000      0.03236      0.03236
     -0.18000      0.01133      0.01133
     -0.17000      0.01313      0.01313
     -0.16000      0.07990      0.07990
     -0.15000      0.20517      0.20517
     -0.14000      0.20144      0.20144
     -0.13000      0.07557      0.07557
     -0.12000      0.01080      0.01080
     -0.11000      0.00059      0.00059
     -0.10000      0.00001      0.00001
     -0.09000      0.00004      0.00004
     -0.08000      0.00122      0.00122
     -0.07000      0.01323      0.01323
     -0.06000      0.05275      0.05275
     -0.05000      0.07739      0.07739
     -0.04000      0.04177      0.04177
     -0.03000      0.00829      0.00829
     -0.02000      0.00061      0.00061
     -0.01000      0.00002      0.00002
      0.00000      0.00000      0.00000
      0.01000      0.00000      0.00000
      0.02000      0.00000      0.00000
      0.03000      0.00000      0.00000
      0.04000      0.00000      0.00000
      0.05000      0.00000      0.00000
      0.06000      0.00000      0.00000
      0.07000      0.00000      0.00000
      0.08000      0.00000      0.00000
      0.09000      0.00000      0.00000
      0.10000      0.00000      0.00000
      0.11000      0.00000      0.00000
      0.12000      0.00000      0.00000
      0.13000      0.00000      0.00000
      0.14000      0.00000      0.00000
      0.15000      0.00000      0.00000
      0.16000      0.00000      0.00000
      0.17000      0.00000      0.00000
      0.18000      0.00000      0.00000
      0.19000      0.00000      0.00000
      0.20000      0.00000      0.00000
      0.21000      0.00000      0.00000
      0.22000      0.00000      0.00000
      0.23000      0.00000      0.00000
      0.24000      0.00000      0.00000
      0.25000      0.00000      0.00000
      0.26000      0.00000      0.00000
      0.27000      0.00000      0.00000
      0.28000      0.00000      0.00000
      0.29000      0.00000      0.00000
      0.30000      0.00000      0.00000
      0.31000      0.00000      0.00000
      0.32000      0.00000      0.00000
      0.33000      0.00000      0.00000
      0.34000      0.00000      0.00000
      0.35000      0.00000      0.00000
      0.36000      0.00000      0.00000
      0.37000      0.00000      0.00000
      0.38000      0.00000      0.00000
      0.39000      0.00000      0.00000
      0.40000      0.00000      0.00000
      0.41000      0.00000      0.00000
      0.42000      0.00000      0.00000
      0.43000      0.00000      0.00000
      0.44000      0.00000      0.00000
      0.45000      0.00000      0.00000
      0.46000      0.00000      0.00000
      0.47000      0.00000      0.00000
      0.48000      0.00000      0.00000
      0.49000      0.00000      0.00000
      0.50000      0.00000      0.00000
      0.51000      0.00000      0.00000
      0.52000      0.00000      0.00000
      0.53000      0.00000      0.00000
      0.54000      0.00000      0.00000
      0.55000      0.00000      0.00000
      0.56000      0.00000      0.00000
      0.57000      0.00000      0.00000
      0.58000      0.00000      0.00000
      0.59000      0.00000      0.00000
      0.60000      0.00000      0.00000
      0.61000      0.00000      0.00000
      0.62000      0.00000      0.00000
      0.63000      0.00000      0.00000
      0.64000      0.00000      0.00000
      0.65000      0.00000      0.00000
      0.66000      0.00000      0.00000
      0.67000      0.00000      0.00000
      0.68000      0.00000      0.00000
      0.69000      0.00000      0.00000
      0.70000      0.00000      0.00000
      0.71000      0.00000      0.00000
      0.72000      0.00000      0.00000
      0.73000      0.00000      0.00000
      0.74000      0.00000      0.00000
      0.75000      0.00000      0.00000
      0.76000      0.00000      0.00000
      0.77000      0.00000      0.00000
      0.78000      0.00000      0.00000
      0.79000      0.00000      0.00000
      0.80000      0.00000      0.00000
      0.81000      0.00000      0.00000
      0.82000      0.00000      0.00000
      0.83000      0.00000      0.00000
      0.84000      0.00000      0.00000
      0.85000      0.00000      0.00000
      0.86000      0.00000      0.00000
      0.87000      0.00000      0.00000
      0.88000      0.00000      0.00000
      0.89000      0.00000      0.00000
      0.90000      0.00000      0.00000
      0.91000      0.00000      0.00000
      0.92000      0.00000      0.00000
      0.93000      0.00000      0.00000
      0.94000      0.00000      0.00000
      0.95000      0.00000      0.00000
      0.96000      0.00000      0.00000
      0.97000      0.00000      0.00000
      0.98000      0.00000      0.00000
      0.99000      0.00000      0.00000
      1.00000      0.00000      0.00000
      1.01000      0.00000      0.00000
      1.02000      0.00000      0.00000
      1.03000      0.00000      0.00000
      1.04000      0.00000      0.00000
      1.05000      0.00000      0.00000
      1.06000      0.00000      0.00000
      1.07000      0.00000      0.00000
      1.08000      0.00000      0.00000
      1.09000      0.00000      0.00000
      1.10000      0.00000      0.00000
      1.11000      0.00000      0.00000
      1.12000      0.00000      0.00000
      1.13000      0.00000      0.00000
      1.14000      0.00000      0.00000
      1.15000      0.00000      0.00000
      1.16000      0.00000      0.00000
      1.17000      0.00000      0.00000
      1.18000      0.00000      0.00000
      1.19000      0.00000      0.00000
      1.20000      0.00000      0.00000
      1.21000      0.00000      0.00000
      1.22000      0.00000      0.00000
      1.23000      0.00000      0.00000
      1.24000      0.00000      0.00000
      1.25000      0.00000      0.00000
      1.26000      0.00000      0.00000
      1.27000      0.00000      0.00000
      1.28000      0.00000      0.00000
      1.29000      0.00000      0.00000
      1.30000      0.00000      0.00000
      1.31000      0.00000      0.00000
      1.32000      0.00000      0.00000
      1.33000      0.00000      0.00000
      1.34000      0.00000      0.00000
      1.35000      0.00000      0.00000
      1.36000      0.00000      0.00000
      1.37000      0.00000      0.00000
      1.38000      0.00000      0.00000
      1.39000      0.00000      0.00000
      1.40000      0.00000      0.00000
      1.41000      0.00000      0.00000
      1.42000      0.00000      0.00000
      1.43000      0.00000      0.00000
      1.44000      0.00000      0.00000
      1.45000      0.00000      0.00000
      1.46000      0.00000      0.00000
      1.47000      0.00000      0.00000
      1.48000      0.00000      0.00000
      1.49000      0.00000      0.00000
      1.50000      0.00000      0.00000
      1.51000      0.00000      0.00000
      1.52000      0.00000      0.00000
      1.53000      0.00000      0.00000
      1.54000      0.00000      0.00000
      1.55000      0.00000      0.00000
      1.56000      0.00000      0.00000
      1.57000      0.00000      0.00000
      1.58000      0.00000      0.00000
      1.59000      0.00000      0.00000
      1.60000      0.00000      0.00000
      1.61000      0.00000      0.00000
      1.62000      0.00000      0.00000
      1.63000      0.00000      0.00000
      1.64000      0.00000      0.00000
      1.65000      0.00000      0.00000
      1.66000      0.00000      0.00000
      1.67000      0.00000      0.00000
      1.68000      0.00000      0.00000
      1.69000      0.00000      0.00000
      1.70000      0.00000      0.00000
      1.71000      0.00000      0.00000
      1.72000      0.00000      0.00000
      1.73000      0.00000      0.00000
      1.74000      0.00000      0.00000
      1.75000      0.00000      0.00000
      1.76000      0.00000      0.00000
      1.77000      0.00000      0.00000
      1.78000      0.00000      0.00000
      1.79000      0.00000      0.00000
      1.80000      0.00000      0.00000
      1.81000      0.00000      0.00000
      1.82000      0.00000      0.00000
      1.83000      0.00000      0.00000
      1.84000      0.00000      0.00000
      1.85000      0.00000      0.00000
      1.86000      0.00000      0.00000
      1.87000      0.00000      0.00000
      1.88000      0.00000      0.00000
      1.89000      0.00000      0.00000
      1.90000      0.00000      0.00000
      1.91000      0.00000      0.00000
      1.92000      0.00000      0.00000
      1.93000      0.00000      0.00000
      1.94000      0.00000      0.00000
      1.95000      0.00000      0.00000
      1.96000      0.00000      0.00000
      1.97000      0.00000      0.00000
      1.98000      0.00000      0.00000
      1.99000      0.00000      0.00000
      2.00000      0.00000      0.00000
      2.01000      0.00000      0.00000
      2.02000      0.00000      0.00000
      2.03000      0.00000      0.00000
      2.04000      0.00000      0.00000
      2.05000      0.00000      0.00000
      2.06000      0.00000      0.00000
      2.07000      0.00000      0.00000
      2.08000      0.00000      0.00000
      2.09000      0.00000      0.00000
      2.10000      0.00000      0.00000
      2.11000      0.00000      0.00000
      2.12000      0.00000      0.00000
      2.13000      0.00000      0.00000
      2.14000      0.00000      0.00000
      2.15000      0.00000      0.00000
      2.16000      0.00000      0.00000
      2.17000      0.00000      0.00000
      2.18000      0.00000      0.00000
      2.19000      0.00000      0.00000
      2.20000      0.00000      0.00000
      2.21000      0.00000      0.00000
      2.22000      0.00000      0.00000
      2.23000      0.00000      0.00000
      2.24000      0.00000      0.00000
      2.25000      0.00000      0.00000
      2.26000      0.00000      0.00000
      2.27000      0.00000      0.00000
      2.28000      0.00000      0.00000
      2.29000      0.00000      0.00000
      2.30000      0.00000      0.00000
      2.31000      0.00000      0.00000
      2.32000      0.00000      0.00000
      2.33000      0.00000      0.00000
      2.34000      0.00000      0.00000
      2.35000      0.00000      0.00000
      2.36000      0.00000      0.00000
      2.37000      0.00000      0.00000
      2.38000      0.00000      0.00000
      2.39000      0.00000      0.00000
      2.40000      0.00000      0.00000
      2.41000      0.00000      0.00000
      2.42000      0.00000      0.00000
      2.43000      0.00000      0.00000
      2.44000      0.00000      0.00000
      2.45000      0.00000      0.00000
      2.46000      0.00000      0.00000
      2.47000      0.00000      0.00000
      2.48000      0.00000      0.00000
      2.49000      0.00000      0.00000
      2.50000      0.00000      0.00000
      2.51000      0.00000      0.00000
      2.52000      0.00000      0.00000
      2.53000      0.00000      0.00000
      2.54000      0.00000      0.00000
      2.55000      0.00000      0.00000
      2.56000      0.00000      0.00000
      2.57000      0.00000      0.00000
      2.58000      0.00000      0.00000
      2.59000      0.00000      0.00000
      2.60000      0.00000      0.00000
      2.61000      0.00000      0.00000
      2.62000      0.00000      0.00000
      2.63000      0.00000      0.00000
      2.64000      0.00000      0.00000
      2.65000      0.00000      0.00000
      2.66000      0.00000      0.00000
      2.67000      0.00000      0.00000
      2.68000      0.00000      0.00000
      2.69000      0.00000      0.00000
      2.70000      0.00000      0.00000
      2.71000      0.00000      0.00000
      2.72000      0.00000      0.00000
      2.73000      0.00000      0.00000
      2.74000      0.00000      0.00000
      2.75000      0.00000      0.00000
      2.76000      0.00000      0.00000
      2.77000      0.00000      0.00000
      2.78000      0.00000      0.00000
      2.79000      0.00000      0.00000
      2.80000      0.00000      0.00000
      2.81000      0.00000      0.00000
      2.82000      0.00000      0.00000
      2.83000      0.00000      0.00000
      2.84000      0.00000      0.00000
      2.85000      0.00000      0.00000
      2.86000      0.00000      0.00000
      2.87000      0.00000      0.00000
      2.88000      0.00000      0.00000
      2.89000      0.00000      0.00000
      2.90000      0.00000      0.00000
      2.91000      0.00000      0.00000
      2.92000      0.00000      0.00000
      2.93000      0.00000      0.00000
      2.94000      0.00000      0.00000
      2.95000      0.00000      0.00000
      2.96000      0.00000      0.00000
      2.97000      0.00000      0.00000
      2.98000      0.00000      0.00000
      2.99000      0.00000      0.00000
      3.00000      0.00000      0.00000
      3.01000      0.00000      0.00000
      3.02000      0.00000      0.00000
      3.03000      0.00000      0.00000
      3.04000      0.00000      0.00000
      3.05000      0.00000      0.00000
      3.06000      0.00000      0.00000
      3.07000      0.00000      0.00000
      3.08000      0.00000      0.00000
      3.09000      0.00000      0.00000
      3.10000      0.00000      0.00000
      3.11000      0.00000      0.00000
      3.12000      0.00000      0.00000
      3.13000      0.00000      0.00000
      3.14000      0.00000      0.00000
      3.15000      0.00000      0.00000
      3.16000      0.00000      0.00000
      3.17000      0.00000      0.00000
      3.18000      0.00000      0.00000
      3.19000      0.00000      0.00000
      3.20000      0.00000      0.00000
      3.21000      0.00000      0.00000
      3.22000      0.00000      0.00000
      3.23000      0.00000      0.00000
      3.24000      0.00000      0.00000
      3.25000      0.00000      0.00000
      3.26000      0.00000      0.00000
      3.27000      0.00000      0.00000
      3.28000      0.00000      0.00000
      3.29000      0.00000      0.00000
      3.30000      0.00000      0.00000
      3.31000      0.00000      0.00000
      3.32000      0.00000      0.00000
      3.33000      0.00000      0.00000
      3.34000      0.00000      0.00000
      3.35000      0.00000      0.00000
      3.36000      0.00000      0.00000
      3.37000      0.00000      0.00000
      3.38000      0.00000      0.00000
      3.39000      0.00000      0.00000
      3.40000      0.00000      0.00000
      3.41000      0.00000      0.00000
      3.42000      0.00000      0.00000
      3.43000      0.00000      0.00000
      3.44000      0.00000      0.00000
      3.45000      0.00000      0.00000
      3.46000      0.00000      0.00000
      3.47000      0.00000      0.00000
      3.48000      0.00000      0.00000
      3.49000      0.00000      0.00000
      3.50000      0.00000      0.00000
      3.51000      0.00000      0.00000
      3.52000      0.00000      0.00000
      3.53000      0.00000      0.00000
      3.54000      0.00000      0.00000
      3.55000      0.00000      0.00000
      3.56000      0.00000      0.00000
      3.57000      0.00000      0.00000
      3.58000      0.00000      0.00000
      3.59000      0.00000      0.00000
      3.60000      0.00000      0.00000
      3.61000      0.00000      0.00000
      3.62000      0.00000      0.00000
      3.63000      0.00000      0.00000
      3.64000      0.00000      0.00000
      3.65000      0.00000      0.00000
      3.66000      0.00000      0.00000
      3.67000      0.00000      0.00000
      3.68000      0.00000      0.00000
      3.69000      0.00000      0.00000
      3.70000      0.00000      0.00000
      3.71000      0.00000      0.00000
      3.72000      0.00000      0.00000
      3.73000      0.00000      0.00000
      3.74000      0.00000      0.00000
      3.75000      0.00000      0.00000
      3.76000      0.00000      0.00000
      3.77000      0.00000      0.00000
      3.78000      0.00000      0.00000
      3.79000      0.00000      0.00000
      3.80000      0.00000      0.00000
      3.81000      0.00000      0.00000
      3.82000      0.00000      0.00000
      3.83000      0.00000      0.00000
      3.84000      0.00000      0.00000
      3.85000      0.00000      0.00000
      3.86000      0.00000      0.00000
      3.87000      0.00000      0.00000
      3.88000      0.00000      0.00000
      3.89000      0.00000      0.00000
      3.90000      0.00000      0.00000
      3.91000      0.00000      0.00000
      3.92000      0.00000      0.00000
      3.93000      0.00000      0.00000
      3.94000      0.00000      0.00000
      3.95000      0.00000      0.00000
      3.96000      0.00000      0.00000
      3.97000      0.00000      0.00000
      3.98000      0.00000      0.00000
      3.99000      0.00000      0.00000
      4.00000      0.00000      0.00000
      4.01000      0.00000      0.00000
      4.02000      0.00000      0.00000
      4.03000      0.00000      0.00000
      4.04000      0.00000      0.00000
      4.05000      0.00000      0.00000
      4.06000      0.00000      0.00000
      4.07000      0.00000      0.00000
      4.08000      0.00000      0.00000
      4.09000      0.00000      0.00000
      4.10000      0.00000      0.00000
      4.11000      0.00000      0.00000
      4.12000      0.00000      0.00000
      4.13000      0.00000      0.00000
      4.14000      0.00000      0.00000
      4.15000      0.00000      0.00000
      4.16000      0.00000      0.00000
      4.17000      0.00000      0.00000
      4.18000      0.00000      0.00000
      4.19000      0.00000      0.00000
      4.20000      0.00000      0.00000
      4.21000      0.00000      0.00000
      4.22000      0.00000      0.00000
      4.23000      0.00000      0.00000
      4.24000      0.00000      0.00000
      4.25000      0.00001      0.00001
      4.26000      0.00030      0.00030
      4.27000      0.00582      0.00582
      4.28000      0.04092      0.04092
      4.29000      0.10667      0.10667
      4.30000      0.11680      0.11680
      4.31000      0.13385      0.13385
      4.32000      0.22587      0.22587
      4.33000      0.18467      0.18467
      4.34000      0.05714      0.05714
      4.35000      0.00658      0.00658
      4.36000      0.00039      0.00039
      4.37000      0.00271      0.00271
      4.38000      0.02551      0.02551
      4.39000      0.08930      0.08930
      4.40000      0.12407      0.12407
      4.41000      0.11165      0.11165
      4.42000      0.12426      0.12426
      4.43000      0.08388      0.08388
      4.44000      0.02220      0.02220
      4.45000      0.00217      0.00217
      4.46000      0.00008      0.00008
      4.47000      0.00002      0.00002
      4.48000      0.00077      0.00077
      4.49000      0.01106      0.01106
      4.50000      0.05886      0.05886
      4.51000      0.11517      0.11517
      4.52000      0.08291      0.08291
      4.53000      0.02196      0.02196
      4.54000      0.00214      0.00214
      4.55000      0.00012      0.00012
      4.56000      0.00169      0.00169
      4.57000      0.02558      0.02558
      4.58000      0.14682      0.14682
      4.59000      0.32860      0.32860
      4.60000      0.34483      0.34483
      4.61000      0.38714      0.38714
      4.62000      0.47882      0.47882
      4.63000      0.27709      0.27709
      4.64000      0.08903      0.08903
      4.65000      0.09944      0.09944
      4.66000      0.11040      0.11040
      4.67000      0.05547      0.05547
      4.68000      0.07696      0.07696
      4.69000      0.22289      0.22289
      4.70000      0.33647      0.33647
      4.71000      0.31612      0.31612
      4.72000      0.17273      0.17273
      4.73000      0.04153      0.04153
      4.74000      0.00384      0.00384
      4.75000      0.00013      0.00013
      4.76000      0.00000      0.00000
      4.77000      0.00024      0.00024
      4.78000      0.00667      0.00667
      4.79000      0.07155      0.07155
      4.80000      0.29878      0.29878
      4.81000      0.50771      0.50771
      4.82000      0.39190      0.39190
      4.83000      0.18697      0.18697
      4.84000      0.17539      0.17539
      4.85000      0.26626      0.26626
      4.86000      0.30840      0.30840
      4.87000      0.36851      0.36851
      4.88000      0.26236      0.26236
      4.89000      0.07619      0.07619
      4.90000      0.00883      0.00883
      4.91000      0.00763      0.00763
      4.92000      0.04742      0.04742
      4.93000      0.12511      0.12511
      4.94000      0.19483      0.19483
      4.95000      0.28332      0.28332
      4.96000      0.28805      0.28805
      4.97000      0.16802      0.16802
      4.98000      0.06529      0.06529
      4.99000      0.07392      0.07392
      5.00000      0.11707      0.11707
      5.01000      0.07488      0.07488
      5.02000      0.01819      0.01819
      5.03000      0.01173      0.01173
      5.04000      0.07445      0.07445
      5.05000      0.20374      0.20374
      5.06000      0.22245      0.22245
      5.07000      0.17542      0.17542
      5.08000      0.23275      0.23275
      5.09000      0.19249      0.19249
      5.10000      0.10636      0.10636
      5.11000      0.17958      0.17958
      5.12000      0.22935      0.22935
      5.13000      0.12804      0.12804
      5.14000      0.12333      0.12333
      5.15000      0.23532      0.23532
      5.16000      0.27737      0.27737
      5.17000      0.44028      0.44028
      5.18000      0.59321      0.59321
      5.19000      0.39631      0.39631
      5.20000      0.29961      0.29961
      5.21000      0.44246      0.44246
      5.22000      0.58027      0.58027
      5.23000      0.57682      0.57682
      5.24000      0.45805      0.45805
      5.25000      0.51513      0.51513
      5.26000      0.65362      0.65362
      5.27000      0.47123      0.47123
      5.28000      0.39711      0.39711
      5.29000      0.76182      0.76182
      5.30000      0.81135      0.81135
      5.31000      0.38411      0.38411
      5.32000      0.13897      0.13897
      5.33000      0.17197      0.17197
      5.34000      0.22065      0.22065
      5.35000      0.22656      0.22656
      5.36000      0.33514      0.33514
      5.37000      0.39044      0.39044
      5.38000      0.36041      0.36041
      5.39000      0.41440      0.41440
      5.40000      0.41645      0.41645
      5.41000      0.25313      0.25313
      5.42000      0.07375      0.07375
      5.43000      0.01296      0.01296
      5.44000      0.04116      0.04116
      5.45000      0.16963      0.16963
      5.46000      0.32719      0.32719
      5.47000      0.32668      0.32668
      5.48000      0.22540      0.22540
      5.49000      0.20216      0.20216
      5.50000      0.27658      0.27658
      5.51000      0.30611      0.30611
      5.52000      0.28336      0.28336
      5.53000      0.19053      0.19053
      5.54000      0.16972      0.16972
      5.55000      0.28029      0.28029
      5.56000      0.48249      0.48249
      5.57000      0.69284      0.69284
      5.58000      0.65185      0.65185
      5.59000      0.32743      0.32743
      5.60000      0.23110      0.23110
      5.61000      0.42376      0.42376
      5.62000      0.51609      0.51609
      5.63000      0.40293      0.40293
      5.64000      0.30402      0.30402
      5.65000      0.36140      0.36140
      5.66000      0.56052      0.56052
      5.67000      0.70785      0.70785
      5.68000      0.55623      0.55623
      5.69000      0.26930      0.26930
      5.70000      0.09808      0.09808
      5.71000      0.09539      0.09539
      5.72000      0.13889      0.13889
      5.73000      0.18991      0.18991
      5.74000      0.34296      0.34296
      5.75000      0.49589      0.49589
      5.76000      0.47799      0.47799
      5.77000      0.24258      0.24258
      5.78000      0.10836      0.10836
      5.79000      0.32227      0.32227
      5.80000      0.73308      0.73308
      5.81000      0.84496      0.84496
      5.82000      0.70179      0.70179
      5.83000      0.53956      0.53956
      5.84000      0.42141      0.42141
      5.85000      0.33193      0.33193
      5.86000      0.48527      0.48527
      5.87000      0.55960      0.55960
      5.88000      0.36306      0.36306
      5.89000      0.16127      0.16127
      5.90000      0.04829      0.04829
      5.91000      0.06160      0.06160
      5.92000      0.22244      0.22244
      5.93000      0.46604      0.46604
      5.94000      0.77496      0.77496
      5.95000      1.01028      1.01028
      5.96000      0.93930      0.93930
      5.97000      0.64309      0.64309
      5.98000      0.30740      0.30740
      5.99000      0.37661      0.37661
      6.00000      0.82146      0.82146
      6.01000      1.09923      1.09923
      6.02000      0.92628      0.92628
      6.03000      0.69785      0.69785
      6.04000      0.58785      0.58785
      6.05000      0.37800      0.37800
      6.06000      0.30979      0.30979
      6.07000      0.50279      0.50279
      6.08000      0.44228      0.44228
      6.09000      0.18391      0.18391
      6.10000      0.21617      0.21617
      6.11000      0.50547      0.50547
      6.12000      0.62104      0.62104
      6.13000      0.54578      0.54578
      6.14000      0.61066      0.61066
      6.15000      0.83269      0.83269
      6.16000      0.89241      0.89241
      6.17000      0.83414      0.83414
      6.18000      0.52868      0.52868
      6.19000      0.27318      0.27318
      6.20000      0.30757      0.30757
      6.21000      0.37126      0.37126
      6.22000      0.31820      0.31820
      6.23000      0.48970      0.48970
      6.24000      0.68430      0.68430
      6.25000      0.57909      0.57909
      6.26000      0.43825      0.43825
      6.27000      0.38545      0.38545
      6.28000      0.27805      0.27805
      6.29000      0.31299      0.31299
      6.30000      0.39770      0.39770
      6.31000      0.45346      0.45346
      6.32000      0.50252      0.50252
      6.33000      0.35313      0.35313
      6.34000      0.27889      0.27889
      6.35000      0.29504      0.29504
      6.36000      0.35532      0.35532
      6.37000      0.39345      0.39345
      6.38000      0.32872      0.32872
      6.39000      0.31874      0.31874
      6.40000      0.28302      0.28302
      6.41000      0.27843      0.27843
      6.42000      0.38035      0.38035
      6.43000      0.48925      0.48925
      6.44000      0.47730      0.47730
      6.45000      0.33394      0.33394
      6.46000      0.41549      0.41549
      6.47000      0.60668      0.60668
      6.48000      0.56300      0.56300
      6.49000      0.61998      0.61998
      6.50000      0.65810      0.65810
      6.51000      0.47515      0.47515
      6.52000      0.37339      0.37339
      6.53000      0.40963      0.40963
      6.54000      0.60958      0.60958
      6.55000      0.82525      0.82525
      6.56000      0.85810      0.85810
      6.57000      0.78753      0.78753
      6.58000      0.72708      0.72708
      6.59000      0.84244      0.84244
      6.60000      1.19975      1.19975
      6.61000      1.39109      1.39109
      6.62000      0.94334      0.94334
      6.63000      0.44005      0.44005
      6.64000      0.29337      0.29337
      6.65000      0.30857      0.30857
      6.66000      0.37299      0.37299
      6.67000      0.48966      0.48966
      6.68000      0.47064      0.47064
      6.69000      0.37838      0.37838
      6.70000      0.43186      0.43186
      6.71000      0.38899      0.38899
      6.72000      0.17809      0.17809
      6.73000      0.14876      0.14876
      6.74000      0.46887      0.46887
      6.75000      0.81351      0.81351
      6.76000      0.75434      0.75434
      6.77000      0.57168      0.57168
      6.78000      0.56256      0.56256
      6.79000      0.55264      0.55264
      6.80000      0.45820      0.45820
      6.81000      0.38058      0.38058
      6.82000      0.37529      0.37529
      6.83000      0.47367      0.47367
      6.84000      0.70458      0.70458
      6.85000      0.77235      0.77235
      6.86000      0.61332      0.61332
      6.87000      0.47118      0.47118
      6.88000      0.42200      0.42200
      6.89000      0.47598      0.47598
      6.90000      0.45568      0.45568
      6.91000      0.37696      0.37696
      6.92000      0.39555      0.39555
      6.93000      0.43908      0.43908
      6.94000      0.66437      0.66437
      6.95000      1.07231      1.07231
      6.96000      1.19664      1.19664
      6.97000      0.85872      0.85872
      6.98000      0.67625      0.67625
      6.99000      0.85326      0.85326
      7.00000      1.08514      1.08514
      7.01000      1.11226      1.11226
      7.02000      0.85846      0.85846
      7.03000      0.79939      0.79939
      7.04000      0.86019      0.86019
      7.05000      0.69563      0.69563
      7.06000      0.50925      0.50925
      7.07000      0.40608      0.40608
      7.08000      0.52089      0.52089
      7.09000      0.63649      0.63649
      7.10000      0.64045      0.64045
      7.11000      0.75933      0.75933
      7.12000      0.90027      0.90027
      7.13000      0.81808      0.81808
      7.14000      0.63151      0.63151
      7.15000      0.68065      0.68065
      7.16000      0.76015      0.76015
      7.17000      0.65395      0.65395
      7.18000      0.54727      0.54727
      7.19000      0.73823      0.73823
      7.20000      0.92035      0.92035
      7.21000      0.64723      0.64723
      7.22000      0.22703      0.22703
      7.23000      0.14445      0.14445
      7.24000      0.46436      0.46436
      7.25000      0.77395      0.77395
      7.26000      0.56576      0.56576
      7.27000      0.28938      0.28938
      7.28000      0.36674      0.36674
      7.29000      0.57176      0.57176
      7.30000      0.56380      0.56380
      7.31000      0.40319      0.40319
      7.32000      0.49998      0.49998
      7.33000      0.89380      0.89380
      7.34000      1.18616      1.18616
      7.35000      1.03750      1.03750
      7.36000      0.71654      0.71654
      7.37000      0.59534      0.59534
      7.38000      0.73985      0.73985
      7.39000      1.05642      1.05642
      7.40000      1.10281      1.10281
      7.41000      0.81166      0.81166
      7.42000      0.46385      0.46385
      7.43000      0.39615      0.39615
      7.44000      0.59951      0.59951
      7.45000      0.81616      0.81616
      7.46000      0.84465      0.84465
      7.47000      0.82499      0.82499
      7.48000      0.76180      0.76180
      7.49000      0.61305      0.61305
      7.50000      0.50960      0.50960
      7.51000      0.43014      0.43014
      7.52000      0.38861      0.38861
      7.53000      0.45182      0.45182
      7.54000      0.67057      0.67057
      7.55000      0.94839      0.94839
      7.56000      0.98373      0.98373
      7.57000      0.63323      0.63323
      7.58000      0.40619      0.40619
      7.59000      0.76367      0.76367
      7.60000      1.35931      1.35931
      7.61000      1.21031      1.21031
      7.62000      0.67199      0.67199
      7.63000      0.54671      0.54671
      7.64000      0.64544      0.64544
      7.65000      0.50174      0.50174
      7.66000      0.41576      0.41576
      7.67000      0.50814      0.50814
      7.68000      0.53228      0.53228
      7.69000      0.76172      0.76172
      7.70000      0.97712      0.97712
      7.71000      0.81004      0.81004
      7.72000      0.65227      0.65227
      7.73000      0.64606      0.64606
      7.74000      0.63596      0.63596
      7.75000      0.60400      0.60400
      7.76000      0.45915      0.45915
      7.77000      0.26472      0.26472
      7.78000      0.13346      0.13346
      7.79000      0.15995      0.15995
      7.80000      0.48238      0.48238
      7.81000      0.82370      0.82370
      7.82000      0.89494      0.89494
      7.83000      0.88290      0.88290
      7.84000      1.07424      1.07424
      7.85000      1.36744      1.36744
      7.86000      1.17789      1.17789
      7.87000      0.70774      0.70774
      7.88000      0.53521      0.53521
      7.89000      0.65146      0.65146
      7.90000      1.09776      1.09776
      7.91000      1.72462      1.72462
      7.92000      2.05512      2.05512
      7.93000      1.77517      1.77517
      7.94000      1.39743      1.39743
      7.95000      1.19007      1.19007
      7.96000      0.84199      0.84199
      7.97000      0.57230      0.57230
      7.98000      0.64351      0.64351
      7.99000      0.64244      0.64244
      8.00000      0.78306      0.78306
      8.01000      1.15730      1.15730
      8.02000      1.02776      1.02776
      8.03000      0.78642      0.78642
      8.04000      0.67058      0.67058
      8.05000      0.43538      0.43538
      8.06000      0.31220      0.31220
      8.07000      0.26289      0.26289
      8.08000      0.45121      0.45121
      8.09000      0.94003      0.94003
      8.10000      1.04486      1.04486
      8.11000      0.78081      0.78081
      8.12000      0.92889      0.92889
      8.13000      1.24598      1.24598
      8.14000      1.48846      1.48846
      8.15000      1.62700      1.62700
      8.16000      1.91412      1.91412
      8.17000      2.28945      2.28945
      8.18000      2.07339      2.07339
      8.19000      1.50398      1.50398
      8.20000      1.31601      1.31601
      8.21000      1.11385      1.11385
      8.22000      1.00392      1.00392
      8.23000      1.26066      1.26066
      8.24000      1.10352      1.10352
      8.25000      0.68768      0.68768
      8.26000      0.73858      0.73858
      8.27000      0.89602      0.89602
      8.28000      0.86125      0.86125
      8.29000      1.01639      1.01639
      8.30000      1.22987      1.22987
      8.31000      1.26267      1.26267
      8.32000      1.22213      1.22213
      8.33000      1.13102      1.13102
      8.34000      1.15767      1.15767
      8.35000      0.88407      0.88407
      8.36000      0.59524      0.59524
      8.37000      0.86744      0.86744
      8.38000      1.23002      1.23002
      8.39000      1.29116      1.29116
      8.40000      1.26340      1.26340
      8.41000      1.14114      1.14114
      8.42000      0.93537      0.93537
      8.43000      0.74042      0.74042
      8.44000      0.74554      0.74554
      8.45000      0.70297      0.70297
      8.46000      0.58232      0.58232
      8.47000      0.65512      0.65512
      8.48000      0.92793      0.92793
      8.49000      1.07991      1.07991
      8.50000      0.83448      0.83448
      8.51000      0.69231      0.69231
      8.52000      0.95132      0.95132
      8.53000      1.17842      1.17842
      8.54000      1.03175      1.03175
      8.55000      0.73072      0.73072
      8.56000      0.66096      0.66096
      8.57000      0.96372      0.96372
      8.58000      1.25851      1.25851
      8.59000      1.19072      1.19072
      8.60000      1.20440      1.20440
      8.61000      1.76904      1.76904
      8.62000      2.08894      2.08894
      8.63000      1.48088      1.48088
      8.64000      0.63869      0.63869
      8.65000      0.32641      0.32641
      8.66000      0.32737      0.32737
      8.67000      0.44872      0.44872
      8.68000      0.51833      0.51833
      8.69000      0.58466      0.58466
      8.70000      0.92316      0.92316
      8.71000      1.25302      1.25302
      8.72000      1.41268      1.41268
      8.73000      1.68423      1.68423
      8.74000      1.95510      1.95510
      8.75000      1.69190      1.69190
      8.76000      0.97367      0.97367
      8.77000      0.64457      0.64457
      8.78000      0.56794      0.56794
      8.79000      0.53013      0.53013
      8.80000      0.73569      0.73569
      8.81000      0.92815      0.92815
      8.82000      0.91998      0.91998
      8.83000      1.02365      1.02365
      8.84000      1.05247      1.05247
      8.85000      0.83318      0.83318
      8.86000      0.84089      0.84089
      8.87000      0.98744      0.98744
      8.88000      1.11766      1.11766
      8.89000      1.16907      1.16907
      8.90000      1.06961      1.06961
      8.91000      0.84489      0.84489
      8.92000      0.74565      0.74565
      8.93000      0.76561      0.76561
      8.94000      0.79794      0.79794
      8.95000      1.11237      1.11237
      8.96000      1.34993      1.34993
      8.97000      1.28577      1.28577
      8.98000      1.40716      1.40716
      8.99000      1.67958      1.67958
      9.00000      1.58746      1.58746
      9.01000      1.27591      1.27591
      9.02000      1.45315      1.45315
      9.03000      1.55328      1.55328
      9.04000      1.22544      1.22544
      9.05000      1.14205      1.14205
      9.06000      1.18275      1.18275
      9.07000      1.08302      1.08302
      9.08000      1.06864      1.06864
      9.09000      1.08964      1.08964
      9.10000      0.96365      0.96365
      9.11000      0.98693      0.98693
      9.12000      1.09017      1.09017
      9.13000      0.95311      0.95311
      9.14000      0.71807      0.71807
      9.15000      0.51033      0.51033
      9.16000      0.61171      0.61171
      9.17000      1.12676      1.12676
      9.18000      1.50668      1.50668
      9.19000      1.29800      1.29800
      9.20000      0.81928      0.81928
      9.21000      0.61049      0.61049
