Energy-E_F (eV)    DOS (1/eV)    PDOS (1/eV)  of atom type Si 
     -5.06619      0.00068      0.00000
     -5.05619      0.01816      0.00000
     -5.04619      0.18103      0.00000
     -5.03619      0.67542      0.00000
     -5.02619      0.98016      0.00000
     -5.01619      0.66092      0.00000
     -5.00619      0.30443      0.00000
     -4.99619      0.09465      0.00000
     -4.98619      0.01348      0.00000
     -4.97619      0.00074      0.00000
     -4.96619      0.00002      0.00000
     -4.95619      0.00026      0.00000
     -4.94619      0.00807      0.00000
     -4.93619      0.09887      0.00000
     -4.92619      0.51552      0.00000
     -4.91619      1.34073      0.00000
     -4.90619      2.11404      0.00000
     -4.89619      2.26232      0.00000
     -4.88619      1.62239      0.00000
     -4.87619      0.67741      0.00000
     -4.86619      0.13719      0.00000
     -4.85619      0.01211      0.00000
     -4.84619      0.00719      0.00000
     -4.83619      0.06523      0.00000
     -4.82619      0.23198      0.00000
     -4.81619      0.31620      0.00000
     -4.80619      0.26160      0.00000
     -4.79619      0.39845      0.00000
     -4.78619      0.44505      0.00000
     -4.77619      0.19432      0.00000
     -4.76619      0.03137      0.00000
     -4.75619      0.00336      0.00000
     -4.74619      0.02704      0.00000
     -4.73619      0.17838      0.00000
     -4.72619      0.43356      0.00000
     -4.71619      0.38770      0.00000
     -4.70619      0.12761      0.00000
     -4.69619      0.01777      0.00000
     -4.68619      0.03936      0.00000
     -4.67619      0.25188      0.00000
     -4.66619      0.68799      0.00000
     -4.65619      0.88900      0.00000
     -4.64619      0.76170      0.00000
     -4.63619      0.97694      0.00000
     -4.62619      1.71196      0.00000
     -4.61619      2.17873      0.00000
     -4.60619      1.75784      0.00000
     -4.59619      1.14536      0.00000
     -4.58619      1.47861      0.00000
     -4.57619      2.31274      0.00000
     -4.56619      2.22088      0.00000
     -4.55619      1.34493      0.00000
     -4.54619      0.77104      0.00000
     -4.53619      0.53626      0.00000
     -4.52619      0.28206      0.00000
     -4.51619      0.37452      0.00000
     -4.50619      1.08687      0.00000
     -4.49619      2.20568      0.00000
     -4.48619      3.10032      0.00000
     -4.47619      3.38761      0.00000
     -4.46619      3.08481      0.00000
     -4.45619      2.44756      0.00000
     -4.44619      2.07948      0.00000
     -4.43619      1.59032      0.00000
     -4.42619      1.14044      0.00000
     -4.41619      1.66374      0.00000
     -4.40619      2.51892      0.00000
     -4.39619      2.80252      0.00000
     -4.38619      2.73961      0.00000
     -4.37619      2.32471      0.00000
     -4.36619      1.55289      0.00000
     -4.35619      1.27194      0.00000
     -4.34619      1.43763      0.00000
     -4.33619      1.57035      0.00000
     -4.32619      1.72203      0.00000
     -4.31619      1.72175      0.00000
     -4.30619      1.48352      0.00000
     -4.29619      1.65564      0.00000
     -4.28619      1.94872      0.00000
     -4.27619      1.98350      0.00000
     -4.26619      1.94715      0.00000
     -4.25619      1.87066      0.00000
     -4.24619      1.55502      0.00000
     -4.23619      1.27198      0.00000
     -4.22619      1.60154      0.00000
     -4.21619      2.48155      0.00000
     -4.20619      3.16975      0.00000
     -4.19619      3.19963      0.00000
     -4.18619      2.52767      0.00000
     -4.17619      1.79569      0.00000
     -4.16619      1.44805      0.00000
     -4.15619      1.44745      0.00000
     -4.14619      1.30446      0.00000
     -4.13619      1.05856      0.00000
     -4.12619      1.19864      0.00000
     -4.11619      1.59035      0.00000
     -4.10619      1.70675      0.00000
     -4.09619      1.32903      0.00000
     -4.08619      0.93413      0.00000
     -4.07619      0.92919      0.00000
     -4.06619      1.67967      0.00000
     -4.05619      2.55521      0.00000
     -4.04619      2.63218      0.00000
     -4.03619      1.95104      0.00000
     -4.02619      1.12554      0.00000
     -4.01619      0.84738      0.00000
     -4.00619      1.33804      0.00000
     -3.99619      2.39692      0.00000
     -3.98619      2.79405      0.00000
     -3.97619      2.20062      0.00000
     -3.96619      1.30953      0.00000
     -3.95619      0.86262      0.00000
     -3.94619      1.04506      0.00000
     -3.93619      1.20442      0.00000
     -3.92619      1.75339      0.00000
     -3.91619      2.79286      0.00000
     -3.90619      3.41160      0.00000
     -3.89619      3.41156      0.00000
     -3.88619      2.64644      0.00000
     -3.87619      2.26704      0.00000
     -3.86619      2.21777      0.00000
     -3.85619      2.01484      0.00000
     -3.84619      1.75236      0.00000
     -3.83619      1.60882      0.00000
     -3.82619      2.03047      0.00000
     -3.81619      2.70949      0.00000
     -3.80619      2.66194      0.00000
     -3.79619      2.22911      0.00000
     -3.78619      2.17431      0.00000
     -3.77619      1.96038      0.00000
     -3.76619      1.68262      0.00000
     -3.75619      1.30439      0.00000
     -3.74619      1.13482      0.00000
     -3.73619      1.36609      0.00000
     -3.72619      1.64834      0.00000
     -3.71619      1.69008      0.00000
     -3.70619      1.37295      0.00000
     -3.69619      1.67335      0.00000
     -3.68619      3.17046      0.00000
     -3.67619      3.69588      0.00000
     -3.66619      2.34408      0.00000
     -3.65619      1.92193      0.00000
     -3.64619      2.38701      0.00000
     -3.63619      2.20819      0.00000
     -3.62619      2.43339      0.00000
     -3.61619      3.06264      0.00000
     -3.60619      2.80222      0.00000
     -3.59619      1.97734      0.00000
     -3.58619      1.73920      0.00000
     -3.57619      2.08042      0.00000
     -3.56619      2.09363      0.00000
     -3.55619      1.82005      0.00000
     -3.54619      1.89042      0.00000
     -3.53619      2.22213      0.00000
     -3.52619      2.42657      0.00000
     -3.51619      2.10154      0.00000
     -3.50619      1.60759      0.00000
     -3.49619      1.25589      0.00000
     -3.48619      1.50665      0.00000
     -3.47619      2.58568      0.00000
     -3.46619      3.59289      0.00000
     -3.45619      3.87288      0.00000
     -3.44619      2.84812      0.00000
     -3.43619      1.70548      0.00000
     -3.42619      1.99991      0.00000
     -3.41619      2.66414      0.00000
     -3.40619      2.75677      0.00000
     -3.39619      2.78706      0.00000
     -3.38619      2.80017      0.00000
     -3.37619      1.89258      0.00000
     -3.36619      1.22422      0.00000
     -3.35619      1.64920      0.00000
     -3.34619      2.63896      0.00000
     -3.33619      3.43025      0.00000
     -3.32619      2.97977      0.00000
     -3.31619      1.97997      0.00000
     -3.30619      1.47624      0.00000
     -3.29619      1.63108      0.00000
     -3.28619      1.83485      0.00000
     -3.27619      1.59714      0.00000
     -3.26619      1.79063      0.00000
     -3.25619      2.32183      0.00000
     -3.24619      2.27678      0.00000
     -3.23619      2.46472      0.00000
     -3.22619      3.25442      0.00000
     -3.21619      4.48954      0.00000
     -3.20619      4.84245      0.00000
     -3.19619      3.92670      0.00000
     -3.18619      3.18923      0.00000
     -3.17619      2.86852      0.00000
     -3.16619      2.14582      0.00000
     -3.15619      1.29083      0.00000
     -3.14619      1.46882      0.00000
     -3.13619      2.08521      0.00000
     -3.12619      2.97633      0.00000
     -3.11619      4.00089      0.00000
     -3.10619      3.99349      0.00000
     -3.09619      2.78260      0.00000
     -3.08619      2.06873      0.00000
     -3.07619      2.24100      0.00000
     -3.06619      2.88302      0.00000
     -3.05619      3.58418      0.00000
     -3.04619      3.36193      0.00000
     -3.03619      2.71359      0.00000
     -3.02619      3.12257      0.00000
     -3.01619      3.73238      0.00000
     -3.00619      3.40909      0.00000
     -2.99619      3.17164      0.00000
     -2.98619      3.14467      0.00000
     -2.97619      2.69026      0.00000
     -2.96619      2.99912      0.00000
     -2.95619      3.54730      0.00000
     -2.94619      3.28596      0.00000
     -2.93619      3.21631      0.00000
     -2.92619      3.35507      0.00000
     -2.91619      2.80807      0.00000
     -2.90619      2.63079      0.00000
     -2.89619      3.05018      0.00000
     -2.88619      2.72110      0.00000
     -2.87619      2.09200      0.00000
     -2.86619      2.24212      0.00000
     -2.85619      2.49843      0.00000
     -2.84619      2.31200      0.00000
     -2.83619      2.41392      0.00000
     -2.82619      2.70719      0.00000
     -2.81619      2.97403      0.00000
     -2.80619      3.64926      0.00000
     -2.79619      4.60974      0.00000
     -2.78619      4.47645      0.00000
     -2.77619      2.92422      0.00000
     -2.76619      2.12780      0.00000
     -2.75619      1.92930      0.00000
     -2.74619      2.24242      0.00000
     -2.73619      3.60621      0.00000
     -2.72619      4.23376      0.00000
     -2.71619      3.53913      0.00000
     -2.70619      2.55514      0.00000
     -2.69619      2.22331      0.00000
     -2.68619      2.90553      0.00000
     -2.67619      2.99572      0.00000
     -2.66619      2.27901      0.00000
     -2.65619      2.12245      0.00000
     -2.64619      2.05655      0.00000
     -2.63619      2.03086      0.00000
     -2.62619      2.07412      0.00000
     -2.61619      2.45333      0.00000
     -2.60619      3.34374      0.00000
     -2.59619      3.91095      0.00000
     -2.58619      3.63769      0.00000
     -2.57619      3.31625      0.00000
     -2.56619      3.06749      0.00000
     -2.55619      2.73931      0.00000
     -2.54619      2.89202      0.00000
     -2.53619      2.59531      0.00000
     -2.52619      1.62217      0.00000
     -2.51619      1.70770      0.00000
     -2.50619      2.56077      0.00000
     -2.49619      2.89489      0.00000
     -2.48619      2.88566      0.00000
     -2.47619      2.39524      0.00000
     -2.46619      2.10070      0.00000
     -2.45619      2.41690      0.00000
     -2.44619      2.36439      0.00000
     -2.43619      2.11169      0.00000
     -2.42619      2.29301      0.00000
     -2.41619      2.83224      0.00000
     -2.40619      3.43501      0.00000
     -2.39619      3.93403      0.00000
     -2.38619      3.53682      0.00000
     -2.37619      2.71703      0.00000
     -2.36619      2.78467      0.00000
     -2.35619      2.85904      0.00000
     -2.34619      2.97151      0.00000
     -2.33619      3.86384      0.00000
     -2.32619      4.69718      0.00000
     -2.31619      3.89475      0.00000
     -2.30619      2.11781      0.00000
     -2.29619      1.06918      0.00000
     -2.28619      0.70857      0.00000
     -2.27619      0.72461      0.00000
     -2.26619      1.08513      0.00000
     -2.25619      1.63404      0.00000
     -2.24619      2.56148      0.00000
     -2.23619      2.88321      0.00000
     -2.22619      2.81987      0.00000
     -2.21619      2.94427      0.00000
     -2.20619      2.83164      0.00000
     -2.19619      2.85111      0.00000
     -2.18619      2.96658      0.00000
     -2.17619      3.03471      0.00000
     -2.16619      2.59432      0.00000
     -2.15619      2.37619      0.00000
     -2.14619      2.97654      0.00000
     -2.13619      2.75218      0.00000
     -2.12619      1.55727      0.00000
     -2.11619      1.22715      0.00000
     -2.10619      1.87097      0.00000
     -2.09619      2.22162      0.00000
     -2.08619      2.56893      0.00000
     -2.07619      3.21419      0.00000
     -2.06619      2.91279      0.00000
     -2.05619      2.12380      0.00000
     -2.04619      2.53036      0.00000
     -2.03619      3.18307      0.00000
     -2.02619      3.28594      0.00000
     -2.01619      2.98401      0.00000
     -2.00619      2.41200      0.00000
     -1.99619      1.86900      0.00000
     -1.98619      1.68233      0.00000
     -1.97619      2.50900      0.00000
     -1.96619      3.80950      0.00000
     -1.95619      3.44126      0.00000
     -1.94619      1.86038      0.00000
     -1.93619      1.32253      0.00000
     -1.92619      1.83018      0.00000
     -1.91619      2.56246      0.00000
     -1.90619      2.97964      0.00000
     -1.89619      2.70244      0.00000
     -1.88619      1.80998      0.00000
     -1.87619      1.41945      0.00000
     -1.86619      2.14525      0.00000
     -1.85619      2.78109      0.00000
     -1.84619      2.69253      0.00000
     -1.83619      2.44342      0.00000
     -1.82619      2.36945      0.00000
     -1.81619      2.39037      0.00000
     -1.80619      2.64501      0.00000
     -1.79619      2.35132      0.00000
     -1.78619      1.65460      0.00000
     -1.77619      1.33243      0.00000
     -1.76619      1.62908      0.00000
     -1.75619      2.29045      0.00000
     -1.74619      2.96310      0.00000
     -1.73619      2.84341      0.00000
     -1.72619      1.99151      0.00000
     -1.71619      1.33562      0.00000
     -1.70619      1.66833      0.00000
     -1.69619      2.58813      0.00000
     -1.68619      3.19786      0.00000
     -1.67619      3.58253      0.00000
     -1.66619      3.55562      0.00000
     -1.65619      3.14729      0.00000
     -1.64619      2.34205      0.00000
     -1.63619      1.41768      0.00000
     -1.62619      0.66849      0.00000
     -1.61619      0.41745      0.00000
     -1.60619      1.08573      0.00000
     -1.59619      2.50538      0.00000
     -1.58619      3.86858      0.00000
     -1.57619      4.13684      0.00000
     -1.56619      3.41038      0.00000
     -1.55619      2.76587      0.00000
     -1.54619      2.23069      0.00000
     -1.53619      1.77222      0.00000
     -1.52619      2.04733      0.00000
     -1.51619      2.26936      0.00000
     -1.50619      2.06587      0.00000
     -1.49619      1.73459      0.00000
     -1.48619      1.51324      0.00000
     -1.47619      1.59780      0.00000
     -1.46619      2.02668      0.00000
     -1.45619      2.26294      0.00000
     -1.44619      1.68505      0.00000
     -1.43619      0.94237      0.00000
     -1.42619      0.82844      0.00000
     -1.41619      1.44371      0.00000
     -1.40619      2.14778      0.00000
     -1.39619      2.57533      0.00000
     -1.38619      3.06263      0.00000
     -1.37619      2.91831      0.00000
     -1.36619      2.26262      0.00000
     -1.35619      1.70897      0.00000
     -1.34619      1.45146      0.00000
     -1.33619      1.29271      0.00000
     -1.32619      1.44224      0.00000
     -1.31619      2.01308      0.00000
     -1.30619      2.33478      0.00000
     -1.29619      2.34890      0.00000
     -1.28619      2.05355      0.00000
     -1.27619      1.24598      0.00000
     -1.26619      0.58996      0.00000
     -1.25619      0.50496      0.00000
     -1.24619      0.82339      0.00000
     -1.23619      1.20623      0.00000
     -1.22619      1.35753      0.00000
     -1.21619      1.21513      0.00000
     -1.20619      1.03133      0.00000
     -1.19619      1.13601      0.00000
     -1.18619      1.27223      0.00000
     -1.17619      1.51665      0.00000
     -1.16619      1.69569      0.00000
     -1.15619      1.33522      0.00000
     -1.14619      1.04505      0.00000
     -1.13619      1.29887      0.00000
     -1.12619      1.54336      0.00000
     -1.11619      1.09995      0.00000
     -1.10619      0.72207      0.00000
     -1.09619      1.10943      0.00000
     -1.08619      1.44224      0.00000
     -1.07619      0.95192      0.00000
     -1.06619      0.58247      0.00000
     -1.05619      1.01487      0.00000
     -1.04619      1.47854      0.00000
     -1.03619      1.39950      0.00000
     -1.02619      1.18256      0.00000
     -1.01619      1.37220      0.00000
     -1.00619      1.49343      0.00000
     -0.99619      1.11714      0.00000
     -0.98619      1.25530      0.00000
     -0.97619      1.51441      0.00000
     -0.96619      0.94405      0.00000
     -0.95619      0.43824      0.00000
     -0.94619      0.47308      0.00000
     -0.93619      0.36418      0.00000
     -0.92619      0.12080      0.00000
     -0.91619      0.09997      0.00000
     -0.90619      0.23402      0.00000
     -0.89619      0.36541      0.00000
     -0.88619      0.69023      0.00000
     -0.87619      0.94431      0.00000
     -0.86619      0.86603      0.00000
     -0.85619      1.38245      0.00000
     -0.84619      1.90451      0.00000
     -0.83619      1.29747      0.00000
     -0.82619      0.58980      0.00000
     -0.81619      0.53117      0.00000
     -0.80619      0.83445      0.00000
     -0.79619      1.12214      0.00000
     -0.78619      1.34475      0.00000
     -0.77619      1.24955      0.00000
     -0.76619      0.87913      0.00000
     -0.75619      0.55842      0.00000
     -0.74619      0.37033      0.00000
     -0.73619      0.48917      0.00000
     -0.72619      0.79141      0.00000
     -0.71619      1.01210      0.00000
     -0.70619      1.08374      0.00000
     -0.69619      1.09898      0.00000
     -0.68619      0.79037      0.00000
     -0.67619      0.33611      0.00000
     -0.66619      0.18441      0.00000
     -0.65619      0.23677      0.00000
     -0.64619      0.15448      0.00000
     -0.63619      0.03800      0.00000
     -0.62619      0.01374      0.00000
     -0.61619      0.11775      0.00000
     -0.60619      0.51104      0.00000
     -0.59619      0.88111      0.00000
     -0.58619      0.69907      0.00000
     -0.57619      0.57471      0.00000
     -0.56619      0.75014      0.00000
     -0.55619      0.72318      0.00000
     -0.54619      0.82463      0.00000
     -0.53619      0.82681      0.00000
     -0.52619      0.47100      0.00000
     -0.51619      0.29594      0.00000
     -0.50619      0.38576      0.00000
     -0.49619      0.58216      0.00000
     -0.48619      0.64314      0.00000
     -0.47619      0.57261      0.00000
     -0.46619      0.71509      0.00000
     -0.45619      0.61202      0.00000
     -0.44619      0.36609      0.00000
     -0.43619      0.37040      0.00000
     -0.42619      0.63531      0.00000
     -0.41619      0.92171      0.00000
     -0.40619      0.61198      0.00000
     -0.39619      0.16171      0.00000
     -0.38619      0.01663      0.00000
     -0.37619      0.00128      0.00000
     -0.36619      0.01193      0.00000
     -0.35619      0.08589      0.00000
     -0.34619      0.25679      0.00000
     -0.33619      0.44610      0.00000
     -0.32619      0.65166      0.00000
     -0.31619      0.62814      0.00000
     -0.30619      0.41131      0.00000
     -0.29619      0.43145      0.00000
     -0.28619      0.48048      0.00000
     -0.27619      0.39459      0.00000
     -0.26619      0.22806      0.00000
     -0.25619      0.06641      0.00000
     -0.24619      0.00832      0.00000
     -0.23619      0.00877      0.00000
     -0.22619      0.06005      0.00000
     -0.21619      0.23120      0.00000
     -0.20619      0.50489      0.00000
     -0.19619      0.56160      0.00000
     -0.18619      0.46519      0.00000
     -0.17619      0.53566      0.00000
     -0.16619      0.40306      0.00000
     -0.15619      0.13670      0.00000
     -0.14619      0.02105      0.00000
     -0.13619      0.00581      0.00000
     -0.12619      0.04463      0.00000
     -0.11619      0.16717      0.00000
     -0.10619      0.23528      0.00000
     -0.09619      0.16677      0.00000
     -0.08619      0.19765      0.00000
     -0.07619      0.22831      0.00000
     -0.06619      0.10854      0.00000
     -0.05619      0.03081      0.00000
     -0.04619      0.06181      0.00000
     -0.03619      0.12931      0.00000
     -0.02619      0.12405      0.00000
     -0.01619      0.05332      0.00000
     -0.00619      0.00964      0.00000
      0.00381      0.00069      0.00000
      0.01381      0.00002      0.00000
      0.02381      0.00000      0.00000
      0.03381      0.00000      0.00000
      0.04381      0.00000      0.00000
      0.05381      0.00000      0.00000
      0.06381      0.00000      0.00000
      0.07381      0.00000      0.00000
      0.08381      0.00000      0.00000
      0.09381      0.00000      0.00000
      0.10381      0.00000      0.00000
      0.11381      0.00000      0.00000
      0.12381      0.00000      0.00000
      0.13381      0.00000      0.00000
      0.14381      0.00000      0.00000
      0.15381      0.00000      0.00000
      0.16381      0.00000      0.00000
      0.17381      0.00000      0.00000
      0.18381      0.00000      0.00000
      0.19381      0.00000      0.00000
      0.20381      0.00000      0.00000
      0.21381      0.00000      0.00000
      0.22381      0.00000      0.00000
      0.23381      0.00000      0.00000
      0.24381      0.00000      0.00000
      0.25381      0.00000      0.00000
      0.26381      0.00000      0.00000
      0.27381      0.00000      0.00000
      0.28381      0.00000      0.00000
      0.29381      0.00000      0.00000
      0.30381      0.00000      0.00000
      0.31381      0.00000      0.00000
      0.32381      0.00000      0.00000
      0.33381      0.00000      0.00000
      0.34381      0.00000      0.00000
      0.35381      0.00000      0.00000
      0.36381      0.00000      0.00000
      0.37381      0.00000      0.00000
      0.38381      0.00000      0.00000
      0.39381      0.00000      0.00000
      0.40381      0.00000      0.00000
      0.41381      0.00000      0.00000
      0.42381      0.00000      0.00000
      0.43381      0.00000      0.00000
      0.44381      0.00000      0.00000
      0.45381      0.00000      0.00000
      0.46381      0.00000      0.00000
      0.47381      0.00000      0.00000
      0.48381      0.00000      0.00000
      0.49381      0.00000      0.00000
      0.50381      0.00000      0.00000
      0.51381      0.00000      0.00000
      0.52381      0.00000      0.00000
      0.53381      0.00000      0.00000
      0.54381      0.00000      0.00000
      0.55381      0.00000      0.00000
      0.56381      0.00000      0.00000
      0.57381      0.00000      0.00000
      0.58381      0.00000      0.00000
      0.59381      0.00000      0.00000
      0.60381      0.00000      0.00000
      0.61381      0.00000      0.00000
      0.62381      0.00000      0.00000
      0.63381      0.00000      0.00000
      0.64381      0.00000      0.00000
      0.65381      0.00000      0.00000
      0.66381      0.00000      0.00000
      0.67381      0.00000      0.00000
      0.68381      0.00000      0.00000
      0.69381      0.00000      0.00000
      0.70381      0.00000      0.00000
      0.71381      0.00000      0.00000
      0.72381      0.00000      0.00000
      0.73381      0.00000      0.00000
      0.74381      0.00000      0.00000
      0.75381      0.00000      0.00000
      0.76381      0.00000      0.00000
      0.77381      0.00000      0.00000
      0.78381      0.00000      0.00000
      0.79381      0.00000      0.00000
      0.80381      0.00000      0.00000
      0.81381      0.00000      0.00000
      0.82381      0.00000      0.00000
      0.83381      0.00000      0.00000
      0.84381      0.00000      0.00000
      0.85381      0.00000      0.00000
      0.86381      0.00000      0.00000
      0.87381      0.00000      0.00000
      0.88381      0.00000      0.00000
      0.89381      0.00000      0.00000
      0.90381      0.00000      0.00000
      0.91381      0.00000      0.00000
      0.92381      0.00000      0.00000
      0.93381      0.00000      0.00000
      0.94381      0.00000      0.00000
      0.95381      0.00000      0.00000
      0.96381      0.00000      0.00000
      0.97381      0.00000      0.00000
      0.98381      0.00000      0.00000
      0.99381      0.00000      0.00000
      1.00381      0.00000      0.00000
      1.01381      0.00000      0.00000
      1.02381      0.00000      0.00000
      1.03381      0.00000      0.00000
      1.04381      0.00000      0.00000
      1.05381      0.00000      0.00000
      1.06381      0.00000      0.00000
      1.07381      0.00000      0.00000
      1.08381      0.00000      0.00000
      1.09381      0.00000      0.00000
      1.10381      0.00000      0.00000
      1.11381      0.00000      0.00000
      1.12381      0.00000      0.00000
      1.13381      0.00000      0.00000
      1.14381      0.00000      0.00000
      1.15381      0.00000      0.00000
      1.16381      0.00000      0.00000
      1.17381      0.00000      0.00000
      1.18381      0.00001      0.00000
      1.19381      0.00053      0.00000
      1.20381      0.01181      0.00000
      1.21381      0.10130      0.00000
      1.22381      0.33782      0.00000
      1.23381      0.44334      0.00000
      1.24381      0.24354      0.00000
      1.25381      0.14684      0.00000
      1.26381      0.27594      0.00000
      1.27381      0.36628      0.00000
      1.28381      0.28474      0.00000
      1.29381      0.11208      0.00000
      1.30381      0.01839      0.00000
      1.31381      0.00280      0.00000
      1.32381      0.02336      0.00000
      1.33381      0.12158      0.00000
      1.34381      0.24115      0.00000
      1.35381      0.23671      0.00000
      1.36381      0.24682      0.00000
      1.37381      0.21404      0.00000
      1.38381      0.11453      0.00000
      1.39381      0.23839      0.00000
      1.40381      0.60209      0.00000
      1.41381      0.89114      0.00000
      1.42381      0.99671      0.00000
      1.43381      0.89519      0.00000
      1.44381      0.68098      0.00000
      1.45381      0.56180      0.00000
      1.46381      0.90134      0.00000
      1.47381      1.15752      0.00000
      1.48381      0.82510      0.00000
      1.49381      0.63790      0.00000
      1.50381      0.53597      0.00000
      1.51381      0.30889      0.00000
      1.52381      0.09943      0.00000
      1.53381      0.02124      0.00000
      1.54381      0.08357      0.00000
      1.55381      0.37388      0.00000
      1.56381      0.76076      0.00000
      1.57381      0.95812      0.00000
      1.58381      0.93574      0.00000
      1.59381      0.80699      0.00000
      1.60381      0.77974      0.00000
      1.61381      0.45401      0.00000
      1.62381      0.12445      0.00000
      1.63381      0.16794      0.00000
      1.64381      0.52267      0.00000
      1.65381      0.76889      0.00000
      1.66381      0.73557      0.00000
      1.67381      0.69405      0.00000
      1.68381      0.76544      0.00000
      1.69381      0.70695      0.00000
      1.70381      0.42989      0.00000
      1.71381      0.60180      0.00000
      1.72381      1.12684      0.00000
      1.73381      1.60871      0.00000
      1.74381      1.69594      0.00000
      1.75381      1.53294      0.00000
      1.76381      1.68979      0.00000
      1.77381      1.39128      0.00000
      1.78381      0.69337      0.00000
      1.79381      0.37586      0.00000
      1.80381      0.50041      0.00000
      1.81381      0.88442      0.00000
      1.82381      1.08375      0.00000
      1.83381      0.87873      0.00000
      1.84381      1.07897      0.00000
      1.85381      1.37033      0.00000
      1.86381      1.10732      0.00000
      1.87381      0.79468      0.00000
      1.88381      0.80296      0.00000
      1.89381      1.02463      0.00000
      1.90381      0.88623      0.00000
      1.91381      0.84340      0.00000
      1.92381      1.05016      0.00000
      1.93381      1.01601      0.00000
      1.94381      1.11229      0.00000
      1.95381      1.34629      0.00000
      1.96381      1.11376      0.00000
      1.97381      0.86526      0.00000
      1.98381      1.16079      0.00000
      1.99381      1.51408      0.00000
      2.00381      1.29639      0.00000
      2.01381      0.54655      0.00000
      2.02381      0.21419      0.00000
      2.03381      0.65837      0.00000
      2.04381      1.38653      0.00000
      2.05381      1.40154      0.00000
      2.06381      1.61047      0.00000
      2.07381      2.43345      0.00000
      2.08381      2.40009      0.00000
      2.09381      1.65807      0.00000
      2.10381      1.18768      0.00000
      2.11381      1.26239      0.00000
      2.12381      1.24146      0.00000
      2.13381      0.92177      0.00000
      2.14381      0.82999      0.00000
      2.15381      0.67939      0.00000
      2.16381      0.73173      0.00000
      2.17381      1.40691      0.00000
      2.18381      2.33720      0.00000
      2.19381      2.73186      0.00000
      2.20381      2.42536      0.00000
      2.21381      2.44317      0.00000
      2.22381      2.36512      0.00000
      2.23381      1.69972      0.00000
      2.24381      1.20892      0.00000
      2.25381      1.54058      0.00000
      2.26381      2.09505      0.00000
      2.27381      1.49641      0.00000
      2.28381      0.86399      0.00000
      2.29381      1.23085      0.00000
      2.30381      1.79569      0.00000
      2.31381      2.01730      0.00000
      2.32381      1.99109      0.00000
      2.33381      2.27940      0.00000
      2.34381      2.72161      0.00000
      2.35381      2.15972      0.00000
      2.36381      1.33179      0.00000
      2.37381      1.08708      0.00000
      2.38381      1.09500      0.00000
      2.39381      1.49363      0.00000
      2.40381      1.90709      0.00000
      2.41381      1.74666      0.00000
      2.42381      1.42912      0.00000
      2.43381      1.87990      0.00000
      2.44381      2.51175      0.00000
      2.45381      2.35733      0.00000
      2.46381      2.18198      0.00000
      2.47381      1.66640      0.00000
      2.48381      0.86302      0.00000
      2.49381      0.73725      0.00000
      2.50381      1.30425      0.00000
      2.51381      2.00345      0.00000
      2.52381      2.47641      0.00000
      2.53381      2.59451      0.00000
      2.54381      2.85015      0.00000
      2.55381      3.29340      0.00000
      2.56381      2.83189      0.00000
      2.57381      1.97721      0.00000
      2.58381      1.48969      0.00000
      2.59381      1.66652      0.00000
      2.60381      2.47632      0.00000
      2.61381      3.00648      0.00000
      2.62381      2.33523      0.00000
      2.63381      2.26348      0.00000
      2.64381      3.02715      0.00000
      2.65381      3.02422      0.00000
      2.66381      2.04853      0.00000
      2.67381      1.60939      0.00000
      2.68381      2.47443      0.00000
      2.69381      3.30109      0.00000
      2.70381      3.37639      0.00000
      2.71381      3.71880      0.00000
      2.72381      3.92399      0.00000
      2.73381      3.43230      0.00000
      2.74381      2.77505      0.00000
      2.75381      2.24703      0.00000
      2.76381      2.40949      0.00000
      2.77381      3.23204      0.00000
      2.78381      3.07857      0.00000
      2.79381      2.22096      0.00000
      2.80381      2.59611      0.00000
      2.81381      3.53701      0.00000
      2.82381      3.37140      0.00000
      2.83381      3.04322      0.00000
      2.84381      3.21672      0.00000
      2.85381      3.32650      0.00000
      2.86381      3.06555      0.00000
      2.87381      2.47953      0.00000
      2.88381      2.27743      0.00000
      2.89381      3.07668      0.00000
      2.90381      3.16618      0.00000
      2.91381      2.14121      0.00000
      2.92381      2.64224      0.00000
      2.93381      4.37625      0.00000
      2.94381      4.90793      0.00000
      2.95381      4.67382      0.00000
      2.96381      3.82318      0.00000
      2.97381      2.47777      0.00000
      2.98381      1.65106      0.00000
      2.99381      1.64347      0.00000
      3.00381      1.98438      0.00000
      3.01381      2.33814      0.00000
      3.02381      2.59402      0.00000
      3.03381      2.64076      0.00000
      3.04381      2.09076      0.00000
      3.05381      1.80718      0.00000
      3.06381      2.77331      0.00000
      3.07381      4.19513      0.00000
      3.08381      4.58882      0.00000
      3.09381      3.51581      0.00000
      3.10381      2.26519      0.00000
      3.11381      1.74190      0.00000
      3.12381      1.68826      0.00000
      3.13381      1.53293      0.00000
      3.14381      1.79003      0.00000
      3.15381      2.66733      0.00000
      3.16381      2.71361      0.00000
      3.17381      1.67276      0.00000
      3.18381      1.41468      0.00000
      3.19381      2.65743      0.00000
      3.20381      3.90650      0.00000
      3.21381      3.51510      0.00000
      3.22381      2.68184      0.00000
      3.23381      2.59778      0.00000
      3.24381      2.16216      0.00000
      3.25381      1.87936      0.00000
      3.26381      2.74752      0.00000
      3.27381      3.25221      0.00000
      3.28381      3.52412      0.00000
      3.29381      3.82168      0.00000
      3.30381      2.85402      0.00000
      3.31381      1.50116      0.00000
      3.32381      1.46296      0.00000
      3.33381      2.17500      0.00000
      3.34381      2.40447      0.00000
      3.35381      2.05028      0.00000
      3.36381      1.71558      0.00000
      3.37381      1.41871      0.00000
      3.38381      1.12230      0.00000
      3.39381      1.40989      0.00000
      3.40381      2.45761      0.00000
      3.41381      2.82078      0.00000
      3.42381      1.94961      0.00000
      3.43381      1.31705      0.00000
      3.44381      1.64742      0.00000
      3.45381      2.22865      0.00000
      3.46381      2.90693      0.00000
      3.47381      3.79241      0.00000
      3.48381      3.18409      0.00000
      3.49381      1.62336      0.00000
      3.50381      1.30396      0.00000
      3.51381      1.72366      0.00000
      3.52381      1.89535      0.00000
      3.53381      1.54661      0.00000
      3.54381      1.41802      0.00000
      3.55381      1.92016      0.00000
      3.56381      2.24510      0.00000
      3.57381      2.42234      0.00000
      3.58381      2.79089      0.00000
      3.59381      2.16408      0.00000
      3.60381      1.57657      0.00000
      3.61381      2.17573      0.00000
      3.62381      2.57156      0.00000
      3.63381      1.81849      0.00000
      3.64381      1.06759      0.00000
      3.65381      1.20958      0.00000
      3.66381      1.31257      0.00000
      3.67381      1.21505      0.00000
      3.68381      1.65740      0.00000
      3.69381      2.45529      0.00000
      3.70381      2.92561      0.00000
      3.71381      2.46230      0.00000
      3.72381      1.59937      0.00000
      3.73381      1.41216      0.00000
      3.74381      1.67234      0.00000
      3.75381      2.11104      0.00000
      3.76381      1.99809      0.00000
      3.77381      1.75052      0.00000
      3.78381      1.81858      0.00000
      3.79381      1.91255      0.00000
      3.80381      2.60595      0.00000
      3.81381      2.80527      0.00000
      3.82381      2.38106      0.00000
      3.83381      1.85364      0.00000
      3.84381      1.06223      0.00000
      3.85381      1.01141      0.00000
      3.86381      1.89027      0.00000
      3.87381      2.65305      0.00000
      3.88381      2.73754      0.00000
      3.89381      2.41809      0.00000
      3.90381      2.01940      0.00000
      3.91381      1.55566      0.00000
      3.92381      1.34079      0.00000
      3.93381      1.42024      0.00000
      3.94381      1.47271      0.00000
      3.95381      1.32006      0.00000
      3.96381      1.62123      0.00000
      3.97381      2.20504      0.00000
      3.98381      2.25481      0.00000
      3.99381      2.12489      0.00000
      4.00381      2.02529      0.00000
      4.01381      2.35356      0.00000
      4.02381      3.37882      0.00000
      4.03381      3.02417      0.00000
      4.04381      2.03740      0.00000
      4.05381      2.43058      0.00000
      4.06381      3.72277      0.00000
      4.07381      4.06328      0.00000
      4.08381      3.43393      0.00000
      4.09381      3.23058      0.00000
      4.10381      3.77563      0.00000
      4.11381      4.02177      0.00000
      4.12381      3.30098      0.00000
      4.13381      2.85799      0.00000
      4.14381      3.84870      0.00000
      4.15381      5.26776      0.00000
      4.16381      6.51763      0.00000
      4.17381      7.27121      0.00000
      4.18381      6.38656      0.00000
      4.19381      4.76176      0.00000
      4.20381      4.00105      0.00000
      4.21381      3.93121      0.00000
      4.22381      3.82708      0.00000
      4.23381      3.64165      0.00000
      4.24381      4.11570      0.00000
      4.25381      4.88138      0.00000
      4.26381      4.49339      0.00000
      4.27381      3.86028      0.00000
      4.28381      4.59069      0.00000
      4.29381      4.81463      0.00000
      4.30381      3.70316      0.00000
      4.31381      2.55936      0.00000
      4.32381      2.33220      0.00000
      4.33381      2.51548      0.00000
      4.34381      2.23276      0.00000
      4.35381      2.11404      0.00000
      4.36381      2.41463      0.00000
      4.37381      3.35791      0.00000
      4.38381      4.38631      0.00000
      4.39381      4.60881      0.00000
      4.40381      4.38146      0.00000
      4.41381      4.18851      0.00000
      4.42381      3.99260      0.00000
      4.43381      3.57532      0.00000
      4.44381      3.33057      0.00000
      4.45381      3.21410      0.00000
      4.46381      3.22721      0.00000
      4.47381      3.27093      0.00000
      4.48381      3.53432      0.00000
      4.49381      4.31359      0.00000
      4.50381      4.61180      0.00000
      4.51381      3.97413      0.00000
      4.52381      3.45792      0.00000
      4.53381      3.36317      0.00000
      4.54381      4.09192      0.00000
      4.55381      4.24205      0.00000
      4.56381      3.12407      0.00000
      4.57381      2.88504      0.00000
      4.58381      3.02585      0.00000
      4.59381      2.10169      0.00000
      4.60381      1.99601      0.00000
      4.61381      3.23186      0.00000
      4.62381      3.86674      0.00000
      4.63381      3.22046      0.00000
      4.64381      3.17071      0.00000
      4.65381      3.32167      0.00000
      4.66381      3.43339      0.00000
      4.67381      3.43351      0.00000
      4.68381      2.76109      0.00000
      4.69381      2.36066      0.00000
      4.70381      1.87736      0.00000
      4.71381      1.62674      0.00000
      4.72381      2.04315      0.00000
      4.73381      2.42145      0.00000
      4.74381      2.46722      0.00000
      4.75381      2.38994      0.00000
      4.76381      2.78342      0.00000
      4.77381      3.32691      0.00000
      4.78381      3.21022      0.00000
      4.79381      2.81521      0.00000
      4.80381      2.34825      0.00000
      4.81381      1.82061      0.00000
      4.82381      1.48259      0.00000
      4.83381      1.60398      0.00000
      4.84381      1.66824      0.00000
      4.85381      1.65779      0.00000
      4.86381      2.30421      0.00000
      4.87381      2.74335      0.00000
      4.88381      1.83138      0.00000
      4.89381      1.07483      0.00000
      4.90381      1.61023      0.00000
      4.91381      2.42284      0.00000
      4.92381      2.58994      0.00000
      4.93381      2.45670      0.00000
      4.94381      3.03628      0.00000
      4.95381      3.10911      0.00000
      4.96381      2.04066      0.00000
      4.97381      1.56941      0.00000
      4.98381      2.17489      0.00000
      4.99381      2.18799      0.00000
      5.00381      1.56672      0.00000
      5.01381      1.98329      0.00000
      5.02381      3.53089      0.00000
      5.03381      5.24554      0.00000
      5.04381      5.70137      0.00000
      5.05381      4.52360      0.00000
      5.06381      3.27989      0.00000
      5.07381      2.46703      0.00000
      5.08381      1.91785      0.00000
      5.09381      1.95227      0.00000
      5.10381      2.31622      0.00000
      5.11381      2.09048      0.00000
      5.12381      1.85775      0.00000
      5.13381      1.82002      0.00000
      5.14381      2.17593      0.00000
      5.15381      2.56759      0.00000
      5.16381      2.09180      0.00000
      5.17381      1.34333      0.00000
      5.18381      0.91325      0.00000
      5.19381      0.90234      0.00000
      5.20381      1.76006      0.00000
      5.21381      2.85677      0.00000
      5.22381      2.89892      0.00000
      5.23381      2.32562      0.00000
      5.24381      2.16762      0.00000
      5.25381      2.40554      0.00000
      5.26381      2.17500      0.00000
      5.27381      1.48664      0.00000
      5.28381      1.35721      0.00000
      5.29381      1.65119      0.00000
      5.30381      1.58607      0.00000
      5.31381      2.04351      0.00000
      5.32381      2.88908      0.00000
      5.33381      2.82725      0.00000
      5.34381      2.06987      0.00000
      5.35381      1.85110      0.00000
      5.36381      2.70327      0.00000
      5.37381      3.38386      0.00000
      5.38381      2.74285      0.00000
      5.39381      1.95232      0.00000
      5.40381      2.00800      0.00000
      5.41381      2.31561      0.00000
      5.42381      2.49569      0.00000
      5.43381      3.02746      0.00000
      5.44381      3.95120      0.00000
      5.45381      4.15758      0.00000
      5.46381      3.83224      0.00000
      5.47381      3.77833      0.00000
      5.48381      3.53658      0.00000
      5.49381      2.33809      0.00000
      5.50381      1.34148      0.00000
      5.51381      1.51198      0.00000
      5.52381      2.66579      0.00000
      5.53381      3.51851      0.00000
      5.54381      3.26001      0.00000
      5.55381      2.65251      0.00000
      5.56381      2.52296      0.00000
      5.57381      2.87107      0.00000
      5.58381      3.78667      0.00000
      5.59381      4.38162      0.00000
      5.60381      3.33519      0.00000
      5.61381      1.92173      0.00000
      5.62381      1.74935      0.00000
      5.63381      1.92117      0.00000
      5.64381      2.06681      0.00000
      5.65381      2.76607      0.00000
      5.66381      3.41106      0.00000
      5.67381      3.41127      0.00000
      5.68381      3.07847      0.00000
      5.69381      2.67124      0.00000
      5.70381      2.79395      0.00000
      5.71381      2.70669      0.00000
      5.72381      1.53149      0.00000
      5.73381      0.91521      0.00000
      5.74381      1.71001      0.00000
      5.75381      2.51755      0.00000
      5.76381      2.22605      0.00000
      5.77381      1.72084      0.00000
      5.78381      1.92159      0.00000
      5.79381      2.78986      0.00000
      5.80381      3.49060      0.00000
      5.81381      3.37178      0.00000
      5.82381      2.94238      0.00000
      5.83381      2.39335      0.00000
      5.84381      1.84946      0.00000
      5.85381      1.64596      0.00000
      5.86381      1.75311      0.00000
      5.87381      2.12769      0.00000
      5.88381      2.72136      0.00000
      5.89381      3.05297      0.00000
      5.90381      2.50837      0.00000
      5.91381      1.57071      0.00000
      5.92381      1.32645      0.00000
      5.93381      2.04401      0.00000
      5.94381      3.07273      0.00000
      5.95381      3.82555      0.00000
      5.96381      3.72797      0.00000
      5.97381      2.68803      0.00000
      5.98381      2.02744      0.00000
      5.99381      2.15267      0.00000
      6.00381      1.75760      0.00000
      6.01381      0.78459      0.00000
      6.02381      0.42195      0.00000
      6.03381      1.04003      0.00000
      6.04381      2.11658      0.00000
      6.05381      2.62732      0.00000
      6.06381      2.59981      0.00000
      6.07381      2.46798      0.00000
      6.08381      2.57694      0.00000
      6.09381      2.65748      0.00000
      6.10381      2.59899      0.00000
      6.11381      2.47218      0.00000
      6.12381      2.03061      0.00000
      6.13381      1.78248      0.00000
      6.14381      2.31635      0.00000
      6.15381      2.78933      0.00000
      6.16381      3.39531      0.00000
      6.17381      3.81068      0.00000
