Energy-E_F (eV)    DOS (1/eV)    PDOS (1/eV)  of atom type Si 
     -4.99480      2.16994      0.00000
     -4.98480      2.04977      0.00000
     -4.97480      1.09362      0.00000
     -4.96480      0.26941      0.00000
     -4.95480      0.03468      0.00000
     -4.94480      0.07878      0.00000
     -4.93480      0.31331      0.00000
     -4.92480      0.46493      0.00000
     -4.91480      0.25382      0.00000
     -4.90480      0.05098      0.00000
     -4.89480      0.00401      0.00000
     -4.88480      0.00724      0.00000
     -4.87480      0.07807      0.00000
     -4.86480      0.31406      0.00000
     -4.85480      0.46481      0.00000
     -4.84480      0.25424      0.00000
     -4.83480      0.07353      0.00000
     -4.82480      0.16607      0.00000
     -4.81480      0.43626      0.00000
     -4.80480      0.52978      0.00000
     -4.79480      0.54091      0.00000
     -4.78480      0.54406      0.00000
     -4.77480      0.43215      0.00000
     -4.76480      0.43428      0.00000
     -4.75480      0.62080      0.00000
     -4.74480      0.64417      0.00000
     -4.73480      0.39389      0.00000
     -4.72480      0.27928      0.00000
     -4.71480      0.17752      0.00000
     -4.70480      0.05303      0.00000
     -4.69480      0.05992      0.00000
     -4.68480      0.28257      0.00000
     -4.67480      0.66287      0.00000
     -4.66480      1.10266      0.00000
     -4.65480      1.63775      0.00000
     -4.64480      1.90740      0.00000
     -4.63480      1.68820      0.00000
     -4.62480      0.85407      0.00000
     -4.61480      0.20490      0.00000
     -4.60480      0.16602      0.00000
     -4.59480      0.57498      0.00000
     -4.58480      1.13329      0.00000
     -4.57480      1.26333      0.00000
     -4.56480      0.88485      0.00000
     -4.55480      0.77967      0.00000
     -4.54480      1.06367      0.00000
     -4.53480      1.08475      0.00000
     -4.52480      0.62989      0.00000
     -4.51480      0.43917      0.00000
     -4.50480      0.48786      0.00000
     -4.49480      0.41868      0.00000
     -4.48480      0.85014      0.00000
     -4.47480      1.68280      0.00000
     -4.46480      2.07718      0.00000
     -4.45480      2.06226      0.00000
     -4.44480      1.62058      0.00000
     -4.43480      1.59145      0.00000
     -4.42480      2.40154      0.00000
     -4.41480      2.29734      0.00000
     -4.40480      1.41181      0.00000
     -4.39480      1.03894      0.00000
     -4.38480      1.32261      0.00000
     -4.37480      1.57820      0.00000
     -4.36480      1.63072      0.00000
     -4.35480      2.12636      0.00000
     -4.34480      2.62688      0.00000
     -4.33480      3.06860      0.00000
     -4.32480      3.44330      0.00000
     -4.31480      3.10708      0.00000
     -4.30480      2.66836      0.00000
     -4.29480      2.06411      0.00000
     -4.28480      2.02063      0.00000
     -4.27480      2.69874      0.00000
     -4.26480      2.75372      0.00000
     -4.25480      2.37169      0.00000
     -4.24480      2.05919      0.00000
     -4.23480      1.62614      0.00000
     -4.22480      1.80028      0.00000
     -4.21480      2.43957      0.00000
     -4.20480      2.87310      0.00000
     -4.19480      3.17647      0.00000
     -4.18480      3.19618      0.00000
     -4.17480      2.96615      0.00000
     -4.16480      2.36977      0.00000
     -4.15480      1.66651      0.00000
     -4.14480      1.23670      0.00000
     -4.13480      1.61295      0.00000
     -4.12480      2.50994      0.00000
     -4.11480      2.89176      0.00000
     -4.10480      3.04254      0.00000
     -4.09480      2.50004      0.00000
     -4.08480      1.45610      0.00000
     -4.07480      1.25081      0.00000
     -4.06480      1.45488      0.00000
     -4.05480      1.51544      0.00000
     -4.04480      1.70956      0.00000
     -4.03480      2.49625      0.00000
     -4.02480      2.79000      0.00000
     -4.01480      2.47236      0.00000
     -4.00480      1.98640      0.00000
     -3.99480      1.25456      0.00000
     -3.98480      0.99035      0.00000
     -3.97480      1.59955      0.00000
     -3.96480      2.10421      0.00000
     -3.95480      1.85183      0.00000
     -3.94480      1.22909      0.00000
     -3.93480      1.44102      0.00000
     -3.92480      2.45252      0.00000
     -3.91480      2.84939      0.00000
     -3.90480      3.00786      0.00000
     -3.89480      3.43647      0.00000
     -3.88480      3.53132      0.00000
     -3.87480      2.95308      0.00000
     -3.86480      2.32728      0.00000
     -3.85480      2.55556      0.00000
     -3.84480      2.74184      0.00000
     -3.83480      1.78277      0.00000
     -3.82480      1.34393      0.00000
     -3.81480      2.05176      0.00000
     -3.80480      1.97399      0.00000
     -3.79480      1.19957      0.00000
     -3.78480      1.27763      0.00000
     -3.77480      1.66841      0.00000
     -3.76480      1.58333      0.00000
     -3.75480      1.16120      0.00000
     -3.74480      1.12477      0.00000
     -3.73480      1.21223      0.00000
     -3.72480      1.39396      0.00000
     -3.71480      2.02094      0.00000
     -3.70480      2.05729      0.00000
     -3.69480      1.44261      0.00000
     -3.68480      1.25277      0.00000
     -3.67480      1.83615      0.00000
     -3.66480      2.45026      0.00000
     -3.65480      2.60949      0.00000
     -3.64480      3.24545      0.00000
     -3.63480      3.89390      0.00000
     -3.62480      2.90656      0.00000
     -3.61480      2.03070      0.00000
     -3.60480      2.73885      0.00000
     -3.59480      2.76756      0.00000
     -3.58480      2.33095      0.00000
     -3.57480      2.44758      0.00000
     -3.56480      1.91732      0.00000
     -3.55480      1.31620      0.00000
     -3.54480      1.46321      0.00000
     -3.53480      1.65650      0.00000
     -3.52480      1.59735      0.00000
     -3.51480      2.11711      0.00000
     -3.50480      3.09453      0.00000
     -3.49480      2.48463      0.00000
     -3.48480      1.14936      0.00000
     -3.47480      0.92172      0.00000
     -3.46480      1.40568      0.00000
     -3.45480      2.39619      0.00000
     -3.44480      3.52763      0.00000
     -3.43480      3.52741      0.00000
     -3.42480      2.87424      0.00000
     -3.41480      2.16991      0.00000
     -3.40480      1.55456      0.00000
     -3.39480      1.93036      0.00000
     -3.38480      2.98014      0.00000
     -3.37480      3.18554      0.00000
     -3.36480      2.76077      0.00000
     -3.35480      2.27338      0.00000
     -3.34480      1.49417      0.00000
     -3.33480      1.14491      0.00000
     -3.32480      1.24970      0.00000
     -3.31480      1.86775      0.00000
     -3.30480      2.82553      0.00000
     -3.29480      2.95676      0.00000
     -3.28480      2.18827      0.00000
     -3.27480      1.98681      0.00000
     -3.26480      2.09020      0.00000
     -3.25480      1.57719      0.00000
     -3.24480      1.43638      0.00000
     -3.23480      2.32639      0.00000
     -3.22480      2.52811      0.00000
     -3.21480      2.09449      0.00000
     -3.20480      2.45558      0.00000
     -3.19480      3.62085      0.00000
     -3.18480      4.47216      0.00000
     -3.17480      4.44438      0.00000
     -3.16480      3.64574      0.00000
     -3.15480      2.04765      0.00000
     -3.14480      1.53105      0.00000
     -3.13480      1.85011      0.00000
     -3.12480      1.81505      0.00000
     -3.11480      1.84469      0.00000
     -3.10480      2.58233      0.00000
     -3.09480      3.84629      0.00000
     -3.08480      4.46747      0.00000
     -3.07480      4.07790      0.00000
     -3.06480      3.44858      0.00000
     -3.05480      2.57663      0.00000
     -3.04480      1.82509      0.00000
     -3.03480      1.94366      0.00000
     -3.02480      2.79241      0.00000
     -3.01480      3.15395      0.00000
     -3.00480      2.86442      0.00000
     -2.99480      2.71954      0.00000
     -2.98480      3.12529      0.00000
     -2.97480      3.92972      0.00000
     -2.96480      3.65716      0.00000
     -2.95480      2.40416      0.00000
     -2.94480      1.86025      0.00000
     -2.93480      2.94442      0.00000
     -2.92480      3.84975      0.00000
     -2.91480      3.48170      0.00000
     -2.90480      3.11176      0.00000
     -2.89480      2.83342      0.00000
     -2.88480      2.67663      0.00000
     -2.87480      2.86946      0.00000
     -2.86480      2.96819      0.00000
     -2.85480      3.07105      0.00000
     -2.84480      2.89507      0.00000
     -2.83480      2.67957      0.00000
     -2.82480      2.70240      0.00000
     -2.81480      2.64196      0.00000
     -2.80480      2.45153      0.00000
     -2.79480      2.27328      0.00000
     -2.78480      2.85747      0.00000
     -2.77480      3.59058      0.00000
     -2.76480      3.92543      0.00000
     -2.75480      3.79881      0.00000
     -2.74480      3.17103      0.00000
     -2.73480      2.26891      0.00000
     -2.72480      1.78265      0.00000
     -2.71480      2.34941      0.00000
     -2.70480      3.38429      0.00000
     -2.69480      4.27222      0.00000
     -2.68480      4.55269      0.00000
     -2.67480      3.25608      0.00000
     -2.66480      2.10198      0.00000
     -2.65480      2.40621      0.00000
     -2.64480      2.54155      0.00000
     -2.63480      2.16592      0.00000
     -2.62480      2.31838      0.00000
     -2.61480      2.40227      0.00000
     -2.60480      1.93491      0.00000
     -2.59480      2.00721      0.00000
     -2.58480      2.93623      0.00000
     -2.57480      3.66660      0.00000
     -2.56480      3.80472      0.00000
     -2.55480      3.74314      0.00000
     -2.54480      3.57812      0.00000
     -2.53480      2.85498      0.00000
     -2.52480      1.94606      0.00000
     -2.51480      1.97501      0.00000
     -2.50480      2.49561      0.00000
     -2.49480      2.16876      0.00000
     -2.48480      2.26541      0.00000
     -2.47480      2.95847      0.00000
     -2.46480      2.72518      0.00000
     -2.45480      2.28926      0.00000
     -2.44480      2.72731      0.00000
     -2.43480      2.77390      0.00000
     -2.42480      2.01805      0.00000
     -2.41480      1.73634      0.00000
     -2.40480      2.00155      0.00000
     -2.39480      2.36824      0.00000
     -2.38480      3.19663      0.00000
     -2.37480      3.74630      0.00000
     -2.36480      3.76904      0.00000
     -2.35480      3.09577      0.00000
     -2.34480      2.63106      0.00000
     -2.33480      3.20359      0.00000
     -2.32480      3.84814      0.00000
     -2.31480      3.98507      0.00000
     -2.30480      3.97824      0.00000
     -2.29480      3.91683      0.00000
     -2.28480      3.47391      0.00000
     -2.27480      2.06359      0.00000
     -2.26480      1.02874      0.00000
     -2.25480      1.03106      0.00000
     -2.24480      1.02930      0.00000
     -2.23480      1.12381      0.00000
     -2.22480      1.90827      0.00000
     -2.21480      2.48128      0.00000
     -2.20480      2.32756      0.00000
     -2.19480      2.49296      0.00000
     -2.18480      2.92981      0.00000
     -2.17480      3.00732      0.00000
     -2.16480      3.08882      0.00000
     -2.15480      2.99186      0.00000
     -2.14480      2.52822      0.00000
     -2.13480      2.16981      0.00000
     -2.12480      2.87208      0.00000
     -2.11480      3.48454      0.00000
     -2.10480      2.76713      0.00000
     -2.09480      1.90272      0.00000
     -2.08480      1.74146      0.00000
     -2.07480      1.73874      0.00000
     -2.06480      1.58935      0.00000
     -2.05480      1.68002      0.00000
     -2.04480      2.73084      0.00000
     -2.03480      3.98974      0.00000
     -2.02480      4.05534      0.00000
     -2.01480      3.28462      0.00000
     -2.00480      3.01985      0.00000
     -1.99480      2.78711      0.00000
     -1.98480      2.37812      0.00000
     -1.97480      1.85357      0.00000
     -1.96480      1.20689      0.00000
     -1.95480      1.51363      0.00000
     -1.94480      2.91799      0.00000
     -1.93480      3.97479      0.00000
     -1.92480      3.28472      0.00000
     -1.91480      1.92065      0.00000
     -1.90480      1.99521      0.00000
     -1.89480      2.74072      0.00000
     -1.88480      2.93317      0.00000
     -1.87480      2.76548      0.00000
     -1.86480      1.74064      0.00000
     -1.85480      0.94639      0.00000
     -1.84480      1.75510      0.00000
     -1.83480      2.84654      0.00000
     -1.82480      2.65488      0.00000
     -1.81480      2.12522      0.00000
     -1.80480      2.29898      0.00000
     -1.79480      3.06067      0.00000
     -1.78480      3.56712      0.00000
     -1.77480      3.05492      0.00000
     -1.76480      2.02842      0.00000
     -1.75480      1.53721      0.00000
     -1.74480      1.47679      0.00000
     -1.73480      1.79831      0.00000
     -1.72480      2.50671      0.00000
     -1.71480      2.63464      0.00000
     -1.70480      2.10421      0.00000
     -1.69480      1.63033      0.00000
     -1.68480      1.57356      0.00000
     -1.67480      1.96020      0.00000
     -1.66480      2.40509      0.00000
     -1.65480      3.45190      0.00000
     -1.64480      4.52776      0.00000
     -1.63480      3.66837      0.00000
     -1.62480      2.02325      0.00000
     -1.61480      1.19855      0.00000
     -1.60480      0.93215      0.00000
     -1.59480      1.13831      0.00000
     -1.58480      1.79734      0.00000
     -1.57480      2.48816      0.00000
     -1.56480      3.31890      0.00000
     -1.55480      3.90044      0.00000
     -1.54480      3.26830      0.00000
     -1.53480      2.27648      0.00000
     -1.52480      1.85617      0.00000
     -1.51480      2.51223      0.00000
     -1.50480      3.04620      0.00000
     -1.49480      2.34777      0.00000
     -1.48480      1.54250      0.00000
     -1.47480      1.65238      0.00000
     -1.46480      2.11180      0.00000
     -1.45480      2.03417      0.00000
     -1.44480      1.57991      0.00000
     -1.43480      1.44312      0.00000
     -1.42480      1.68642      0.00000
     -1.41480      1.75096      0.00000
     -1.40480      1.92717      0.00000
     -1.39480      1.95134      0.00000
     -1.38480      1.59679      0.00000
     -1.37480      2.14127      0.00000
     -1.36480      2.96670      0.00000
     -1.35480      2.57541      0.00000
     -1.34480      1.78982      0.00000
     -1.33480      1.51968      0.00000
     -1.32480      1.68259      0.00000
     -1.31480      2.01019      0.00000
     -1.30480      2.37436      0.00000
     -1.29480      2.64785      0.00000
     -1.28480      2.59765      0.00000
     -1.27480      1.58931      0.00000
     -1.26480      0.61823      0.00000
     -1.25480      0.59933      0.00000
     -1.24480      0.83701      0.00000
     -1.23480      0.81007      0.00000
     -1.22480      0.59836      0.00000
     -1.21480      0.72023      0.00000
     -1.20480      1.41524      0.00000
     -1.19480      2.13813      0.00000
     -1.18480      2.14660      0.00000
     -1.17480      1.80835      0.00000
     -1.16480      1.54980      0.00000
     -1.15480      1.21046      0.00000
     -1.14480      0.95410      0.00000
     -1.13480      1.07060      0.00000
     -1.12480      1.23000      0.00000
     -1.11480      1.33076      0.00000
     -1.10480      1.33391      0.00000
     -1.09480      1.19296      0.00000
     -1.08480      1.12356      0.00000
     -1.07480      0.85844      0.00000
     -1.06480      0.68564      0.00000
     -1.05480      1.20776      0.00000
     -1.04480      1.61452      0.00000
     -1.03480      1.26913      0.00000
     -1.02480      1.11518      0.00000
     -1.01480      1.55242      0.00000
     -1.00480      1.49944      0.00000
     -0.99480      1.03418      0.00000
     -0.98480      1.17588      0.00000
     -0.97480      1.35515      0.00000
     -0.96480      0.93360      0.00000
     -0.95480      0.59173      0.00000
     -0.94480      0.49079      0.00000
     -0.93480      0.23356      0.00000
     -0.92480      0.10548      0.00000
     -0.91480      0.21590      0.00000
     -0.90480      0.36799      0.00000
     -0.89480      0.56611      0.00000
     -0.88480      0.67885      0.00000
     -0.87480      0.70885      0.00000
     -0.86480      1.26461      0.00000
     -0.85480      1.89346      0.00000
     -0.84480      1.58099      0.00000
     -0.83480      0.79151      0.00000
     -0.82480      0.52214      0.00000
     -0.81480      0.81131      0.00000
     -0.80480      1.07862      0.00000
     -0.79480      1.17419      0.00000
     -0.78480      1.26614      0.00000
     -0.77480      1.08659      0.00000
     -0.76480      0.71085      0.00000
     -0.75480      0.43578      0.00000
     -0.74480      0.56458      0.00000
     -0.73480      0.84481      0.00000
     -0.72480      0.91330      0.00000
     -0.71480      0.92726      0.00000
     -0.70480      1.10843      0.00000
     -0.69480      0.91077      0.00000
     -0.68480      0.39540      0.00000
     -0.67480      0.22560      0.00000
     -0.66480      0.23291      0.00000
     -0.65480      0.11450      0.00000
     -0.64480      0.02363      0.00000
     -0.63480      0.03704      0.00000
     -0.62480      0.20088      0.00000
     -0.61480      0.53906      0.00000
     -0.60480      0.76595      0.00000
     -0.59480      0.64243      0.00000
     -0.58480      0.62309      0.00000
     -0.57480      0.96395      0.00000
     -0.56480      1.08463      0.00000
     -0.55480      0.80266      0.00000
     -0.54480      0.47267      0.00000
     -0.53480      0.33992      0.00000
     -0.52480      0.32660      0.00000
     -0.51480      0.39600      0.00000
     -0.50480      0.58264      0.00000
     -0.49480      0.57673      0.00000
     -0.48480      0.44357      0.00000
     -0.47480      0.52867      0.00000
     -0.46480      0.55284      0.00000
     -0.45480      0.58094      0.00000
     -0.44480      0.61871      0.00000
     -0.43480      0.76363      0.00000
     -0.42480      0.82527      0.00000
     -0.41480      0.47243      0.00000
     -0.40480      0.12473      0.00000
     -0.39480      0.01426      0.00000
     -0.38480      0.00140      0.00000
     -0.37480      0.01345      0.00000
     -0.36480      0.09171      0.00000
     -0.35480      0.26128      0.00000
     -0.34480      0.45648      0.00000
     -0.33480      0.69988      0.00000
     -0.32480      0.71047      0.00000
     -0.31480      0.48446      0.00000
     -0.30480      0.37415      0.00000
     -0.29480      0.42493      0.00000
     -0.28480      0.37894      0.00000
     -0.27480      0.16981      0.00000
     -0.26480      0.03272      0.00000
     -0.25480      0.00302      0.00000
     -0.24480      0.00833      0.00000
     -0.23480      0.05679      0.00000
     -0.22480      0.21164      0.00000
     -0.21480      0.47459      0.00000
     -0.20480      0.56072      0.00000
     -0.19480      0.45039      0.00000
     -0.18480      0.50661      0.00000
     -0.17480      0.42147      0.00000
     -0.16480      0.18357      0.00000
     -0.15480      0.04797      0.00000
     -0.14480      0.00857      0.00000
     -0.13480      0.02518      0.00000
     -0.12480      0.12505      0.00000
     -0.11480      0.23277      0.00000
     -0.10480      0.17085      0.00000
     -0.09480      0.12438      0.00000
     -0.08480      0.21715      0.00000
     -0.07480      0.19844      0.00000
     -0.06480      0.06912      0.00000
     -0.05480      0.02399      0.00000
     -0.04480      0.07008      0.00000
     -0.03480      0.13424      0.00000
     -0.02480      0.11677      0.00000
     -0.01480      0.04526      0.00000
     -0.00480      0.00731      0.00000
      0.00520      0.00046      0.00000
      0.01520      0.00001      0.00000
      0.02520      0.00000      0.00000
      0.03520      0.00000      0.00000
      0.04520      0.00000      0.00000
      0.05520      0.00000      0.00000
      0.06520      0.00000      0.00000
      0.07520      0.00000      0.00000
      0.08520      0.00000      0.00000
      0.09520      0.00000      0.00000
      0.10520      0.00000      0.00000
      0.11520      0.00000      0.00000
      0.12520      0.00000      0.00000
      0.13520      0.00000      0.00000
      0.14520      0.00000      0.00000
      0.15520      0.00000      0.00000
      0.16520      0.00000      0.00000
      0.17520      0.00000      0.00000
      0.18520      0.00000      0.00000
      0.19520      0.00000      0.00000
      0.20520      0.00000      0.00000
      0.21520      0.00000      0.00000
      0.22520      0.00000      0.00000
      0.23520      0.00000      0.00000
      0.24520      0.00000      0.00000
      0.25520      0.00000      0.00000
      0.26520      0.00000      0.00000
      0.27520      0.00000      0.00000
      0.28520      0.00000      0.00000
      0.29520      0.00000      0.00000
      0.30520      0.00000      0.00000
      0.31520      0.00000      0.00000
      0.32520      0.00000      0.00000
      0.33520      0.00000      0.00000
      0.34520      0.00000      0.00000
      0.35520      0.00000      0.00000
      0.36520      0.00000      0.00000
      0.37520      0.00000      0.00000
      0.38520      0.00000      0.00000
      0.39520      0.00000      0.00000
      0.40520      0.00000      0.00000
      0.41520      0.00000      0.00000
      0.42520      0.00000      0.00000
      0.43520      0.00000      0.00000
      0.44520      0.00000      0.00000
      0.45520      0.00000      0.00000
      0.46520      0.00000      0.00000
      0.47520      0.00000      0.00000
      0.48520      0.00000      0.00000
      0.49520      0.00000      0.00000
      0.50520      0.00000      0.00000
      0.51520      0.00000      0.00000
      0.52520      0.00000      0.00000
      0.53520      0.00000      0.00000
      0.54520      0.00000      0.00000
      0.55520      0.00000      0.00000
      0.56520      0.00000      0.00000
      0.57520      0.00000      0.00000
      0.58520      0.00000      0.00000
      0.59520      0.00000      0.00000
      0.60520      0.00000      0.00000
      0.61520      0.00000      0.00000
      0.62520      0.00000      0.00000
      0.63520      0.00000      0.00000
      0.64520      0.00000      0.00000
      0.65520      0.00000      0.00000
      0.66520      0.00000      0.00000
      0.67520      0.00000      0.00000
      0.68520      0.00000      0.00000
      0.69520      0.00000      0.00000
      0.70520      0.00000      0.00000
      0.71520      0.00000      0.00000
      0.72520      0.00000      0.00000
      0.73520      0.00000      0.00000
      0.74520      0.00017      0.00000
      0.75520      0.00517      0.00000
      0.76520      0.06099      0.00000
      0.77520      0.27203      0.00000
      0.78520      0.46196      0.00000
      0.79520      0.32365      0.00000
      0.80520      0.22377      0.00000
      0.81520      0.35339      0.00000
      0.82520      0.38165      0.00000
      0.83520      0.20648      0.00000
      0.84520      0.04979      0.00000
      0.85520      0.01043      0.00000
      0.86520      0.05331      0.00000
      0.87520      0.19042      0.00000
      0.88520      0.30435      0.00000
      0.89520      0.31314      0.00000
      0.90520      0.22101      0.00000
      0.91520      0.07395      0.00000
      0.92520      0.01379      0.00000
      0.93520      0.06379      0.00000
      0.94520      0.37062      0.00000
      0.95520      0.87182      0.00000
      0.96520      1.01764      0.00000
      0.97520      1.16259      0.00000
      0.98520      1.34957      0.00000
      0.99520      1.14534      0.00000
      1.00520      0.86155      0.00000
      1.01520      0.67004      0.00000
      1.02520      0.62002      0.00000
      1.03520      0.58873      0.00000
      1.04520      0.47464      0.00000
      1.05520      0.31924      0.00000
      1.06520      0.43935      0.00000
      1.07520      0.46808      0.00000
      1.08520      0.40167      0.00000
      1.09520      0.59365      0.00000
      1.10520      0.88707      0.00000
      1.11520      1.04439      0.00000
      1.12520      0.91754      0.00000
      1.13520      0.64482      0.00000
      1.14520      0.28772      0.00000
      1.15520      0.24788      0.00000
      1.16520      0.77220      0.00000
      1.17520      1.24116      0.00000
      1.18520      1.03699      0.00000
      1.19520      0.58455      0.00000
      1.20520      0.21564      0.00000
      1.21520      0.10511      0.00000
      1.22520      0.32074      0.00000
      1.23520      0.67460      0.00000
      1.24520      0.96882      0.00000
      1.25520      1.35402      0.00000
      1.26520      1.87330      0.00000
      1.27520      2.21571      0.00000
      1.28520      2.25394      0.00000
      1.29520      2.01548      0.00000
      1.30520      1.45331      0.00000
      1.31520      0.94510      0.00000
      1.32520      0.73455      0.00000
      1.33520      0.77972      0.00000
      1.34520      0.80085      0.00000
      1.35520      0.63625      0.00000
      1.36520      0.55054      0.00000
      1.37520      0.71485      0.00000
      1.38520      0.83511      0.00000
      1.39520      0.86976      0.00000
      1.40520      1.13854      0.00000
      1.41520      1.31801      0.00000
      1.42520      1.52093      0.00000
      1.43520      1.77674      0.00000
      1.44520      1.57062      0.00000
      1.45520      1.38541      0.00000
      1.46520      1.54533      0.00000
      1.47520      1.38488      0.00000
      1.48520      0.92946      0.00000
      1.49520      0.64490      0.00000
      1.50520      0.75896      0.00000
      1.51520      0.79930      0.00000
      1.52520      0.50339      0.00000
      1.53520      0.56723      0.00000
      1.54520      1.24606      0.00000
      1.55520      1.95592      0.00000
      1.56520      2.18532      0.00000
      1.57520      1.61996      0.00000
      1.58520      1.06371      0.00000
      1.59520      1.30418      0.00000
      1.60520      1.45094      0.00000
      1.61520      0.94086      0.00000
      1.62520      0.79045      0.00000
      1.63520      1.40774      0.00000
      1.64520      2.37027      0.00000
      1.65520      2.77830      0.00000
      1.66520      2.35114      0.00000
      1.67520      1.57533      0.00000
      1.68520      1.50353      0.00000
      1.69520      2.47043      0.00000
      1.70520      2.80214      0.00000
      1.71520      2.03514      0.00000
      1.72520      1.42023      0.00000
      1.73520      0.95262      0.00000
      1.74520      0.83935      0.00000
      1.75520      1.42047      0.00000
      1.76520      2.08151      0.00000
      1.77520      2.52975      0.00000
      1.78520      2.54590      0.00000
      1.79520      2.36677      0.00000
      1.80520      2.43532      0.00000
      1.81520      2.24939      0.00000
      1.82520      2.01383      0.00000
      1.83520      1.86662      0.00000
      1.84520      1.69445      0.00000
      1.85520      1.78960      0.00000
      1.86520      2.21640      0.00000
      1.87520      2.56443      0.00000
      1.88520      2.41974      0.00000
      1.89520      1.81405      0.00000
      1.90520      1.76676      0.00000
      1.91520      1.73478      0.00000
      1.92520      1.55354      0.00000
      1.93520      1.71326      0.00000
      1.94520      1.32349      0.00000
      1.95520      0.88572      0.00000
      1.96520      1.32135      0.00000
      1.97520      1.99298      0.00000
      1.98520      2.18792      0.00000
      1.99520      2.05588      0.00000
      2.00520      2.37492      0.00000
      2.01520      2.74495      0.00000
      2.02520      2.95057      0.00000
      2.03520      3.60337      0.00000
      2.04520      4.12422      0.00000
      2.05520      3.77136      0.00000
      2.06520      2.79144      0.00000
      2.07520      2.09073      0.00000
      2.08520      2.36485      0.00000
      2.09520      3.54533      0.00000
      2.10520      4.28264      0.00000
      2.11520      3.71346      0.00000
      2.12520      2.62586      0.00000
      2.13520      1.60265      0.00000
      2.14520      1.12515      0.00000
      2.15520      0.97901      0.00000
      2.16520      1.01465      0.00000
      2.17520      1.72295      0.00000
      2.18520      2.44333      0.00000
      2.19520      2.88985      0.00000
      2.20520      3.57420      0.00000
      2.21520      4.61586      0.00000
      2.22520      5.33819      0.00000
      2.23520      5.05660      0.00000
      2.24520      5.20861      0.00000
      2.25520      6.42381      0.00000
      2.26520      5.51299      0.00000
      2.27520      3.02466      0.00000
      2.28520      1.87186      0.00000
      2.29520      2.10951      0.00000
      2.30520      2.70884      0.00000
      2.31520      2.84094      0.00000
      2.32520      2.94721      0.00000
      2.33520      3.27136      0.00000
      2.34520      4.10327      0.00000
      2.35520      4.41136      0.00000
      2.36520      3.44651      0.00000
      2.37520      3.16559      0.00000
      2.38520      4.03678      0.00000
      2.39520      4.74938      0.00000
      2.40520      3.59574      0.00000
      2.41520      1.99594      0.00000
      2.42520      1.92360      0.00000
      2.43520      2.66765      0.00000
      2.44520      2.84532      0.00000
      2.45520      2.91022      0.00000
      2.46520      2.90624      0.00000
      2.47520      2.21691      0.00000
      2.48520      1.81460      0.00000
      2.49520      2.56125      0.00000
      2.50520      3.27533      0.00000
      2.51520      3.28472      0.00000
      2.52520      3.46568      0.00000
      2.53520      3.36421      0.00000
      2.54520      2.95115      0.00000
      2.55520      2.82001      0.00000
      2.56520      2.54127      0.00000
      2.57520      2.36147      0.00000
      2.58520      2.11803      0.00000
      2.59520      2.32917      0.00000
      2.60520      3.17283      0.00000
      2.61520      3.83109      0.00000
      2.62520      3.68207      0.00000
      2.63520      2.67858      0.00000
      2.64520      2.29253      0.00000
      2.65520      2.17760      0.00000
      2.66520      2.22960      0.00000
      2.67520      2.43958      0.00000
      2.68520      2.50833      0.00000
      2.69520      2.63111      0.00000
      2.70520      2.58759      0.00000
      2.71520      2.46050      0.00000
      2.72520      2.22828      0.00000
      2.73520      2.49734      0.00000
      2.74520      2.78668      0.00000
      2.75520      2.72366      0.00000
      2.76520      3.20148      0.00000
      2.77520      3.42707      0.00000
      2.78520      2.85621      0.00000
      2.79520      2.34428      0.00000
      2.80520      1.71435      0.00000
      2.81520      1.41705      0.00000
      2.82520      1.92022      0.00000
      2.83520      2.16674      0.00000
      2.84520      2.34538      0.00000
      2.85520      3.15710      0.00000
      2.86520      3.48308      0.00000
      2.87520      2.59965      0.00000
      2.88520      2.09415      0.00000
      2.89520      2.05971      0.00000
      2.90520      1.76035      0.00000
      2.91520      1.60503      0.00000
      2.92520      1.79340      0.00000
      2.93520      1.86710      0.00000
      2.94520      1.86741      0.00000
      2.95520      1.98762      0.00000
      2.96520      2.76405      0.00000
      2.97520      3.30032      0.00000
      2.98520      2.80981      0.00000
      2.99520      1.97517      0.00000
      3.00520      1.65174      0.00000
      3.01520      1.85570      0.00000
      3.02520      1.77744      0.00000
      3.03520      1.70973      0.00000
      3.04520      1.93977      0.00000
      3.05520      1.68119      0.00000
      3.06520      1.61332      0.00000
      3.07520      2.31425      0.00000
      3.08520      2.35852      0.00000
      3.09520      1.70479      0.00000
      3.10520      1.84293      0.00000
      3.11520      1.93656      0.00000
      3.12520      1.62497      0.00000
      3.13520      1.94597      0.00000
      3.14520      2.45891      0.00000
      3.15520      2.74757      0.00000
      3.16520      2.40003      0.00000
      3.17520      1.65222      0.00000
      3.18520      1.77435      0.00000
      3.19520      2.77039      0.00000
      3.20520      3.38564      0.00000
      3.21520      2.72019      0.00000
      3.22520      1.83825      0.00000
      3.23520      1.97645      0.00000
      3.24520      2.34710      0.00000
      3.25520      2.78518      0.00000
      3.26520      2.99009      0.00000
      3.27520      2.77173      0.00000
      3.28520      2.59220      0.00000
      3.29520      2.94343      0.00000
      3.30520      3.98858      0.00000
      3.31520      4.37119      0.00000
      3.32520      3.94872      0.00000
      3.33520      4.82969      0.00000
      3.34520      5.89524      0.00000
      3.35520      5.71630      0.00000
      3.36520      5.02907      0.00000
      3.37520      3.94144      0.00000
      3.38520      3.34809      0.00000
      3.39520      4.34737      0.00000
      3.40520      5.87187      0.00000
      3.41520      6.63167      0.00000
      3.42520      6.91453      0.00000
      3.43520      5.47070      0.00000
      3.44520      4.30128      0.00000
      3.45520      4.57650      0.00000
      3.46520      4.02284      0.00000
      3.47520      3.63133      0.00000
      3.48520      4.10849      0.00000
      3.49520      4.04984      0.00000
      3.50520      3.65023      0.00000
      3.51520      3.46361      0.00000
      3.52520      2.72851      0.00000
      3.53520      2.34095      0.00000
      3.54520      2.56347      0.00000
      3.55520      2.30116      0.00000
      3.56520      1.75441      0.00000
      3.57520      2.48734      0.00000
      3.58520      4.17994      0.00000
      3.59520      4.70374      0.00000
      3.60520      4.51726      0.00000
      3.61520      4.76848      0.00000
      3.62520      4.34747      0.00000
      3.63520      3.21566      0.00000
      3.64520      2.37278      0.00000
      3.65520      1.83727      0.00000
      3.66520      1.63568      0.00000
      3.67520      2.21790      0.00000
      3.68520      2.96465      0.00000
      3.69520      3.47311      0.00000
      3.70520      4.03555      0.00000
      3.71520      4.08686      0.00000
      3.72520      3.57592      0.00000
      3.73520      3.78800      0.00000
      3.74520      4.07896      0.00000
      3.75520      3.21284      0.00000
      3.76520      2.23093      0.00000
      3.77520      2.47643      0.00000
      3.78520      4.03248      0.00000
      3.79520      5.45994      0.00000
      3.80520      5.89267      0.00000
      3.81520      5.16191      0.00000
      3.82520      4.67688      0.00000
      3.83520      4.05607      0.00000
      3.84520      3.20274      0.00000
      3.85520      2.76628      0.00000
      3.86520      2.57768      0.00000
      3.87520      2.86368      0.00000
      3.88520      2.66483      0.00000
      3.89520      2.37971      0.00000
      3.90520      2.58613      0.00000
      3.91520      2.24850      0.00000
      3.92520      1.86698      0.00000
      3.93520      2.11458      0.00000
      3.94520      2.52650      0.00000
      3.95520      2.65670      0.00000
      3.96520      2.28833      0.00000
      3.97520      1.66042      0.00000
      3.98520      1.89109      0.00000
      3.99520      2.90651      0.00000
      4.00520      3.18905      0.00000
      4.01520      2.87002      0.00000
      4.02520      2.94359      0.00000
      4.03520      3.21470      0.00000
      4.04520      3.89585      0.00000
      4.05520      3.80964      0.00000
      4.06520      2.84365      0.00000
      4.07520      2.56448      0.00000
      4.08520      2.84868      0.00000
      4.09520      2.67693      0.00000
      4.10520      2.35705      0.00000
      4.11520      2.20563      0.00000
      4.12520      2.19329      0.00000
      4.13520      1.73004      0.00000
      4.14520      1.30761      0.00000
      4.15520      2.09786      0.00000
      4.16520      2.65025      0.00000
      4.17520      2.34789      0.00000
      4.18520      2.18175      0.00000
      4.19520      1.46830      0.00000
      4.20520      1.05374      0.00000
      4.21520      1.69254      0.00000
      4.22520      1.94489      0.00000
      4.23520      1.61518      0.00000
      4.24520      1.38566      0.00000
      4.25520      1.23842      0.00000
      4.26520      1.36161      0.00000
      4.27520      2.14164      0.00000
      4.28520      3.10080      0.00000
      4.29520      2.82805      0.00000
      4.30520      2.37463      0.00000
      4.31520      3.07074      0.00000
      4.32520      3.55404      0.00000
      4.33520      2.77568      0.00000
      4.34520      2.30880      0.00000
      4.35520      2.64373      0.00000
      4.36520      2.83993      0.00000
      4.37520      1.93238      0.00000
      4.38520      1.16410      0.00000
      4.39520      1.91802      0.00000
      4.40520      3.22605      0.00000
      4.41520      3.52338      0.00000
      4.42520      3.74580      0.00000
      4.43520      4.74123      0.00000
      4.44520      5.09387      0.00000
      4.45520      4.07847      0.00000
      4.46520      2.98148      0.00000
      4.47520      2.49514      0.00000
      4.48520      1.84910      0.00000
      4.49520      1.43874      0.00000
      4.50520      1.49377      0.00000
      4.51520      2.21876      0.00000
      4.52520      3.63141      0.00000
      4.53520      3.88219      0.00000
      4.54520      2.80920      0.00000
      4.55520      1.99615      0.00000
      4.56520      1.60085      0.00000
      4.57520      1.52798      0.00000
      4.58520      1.97966      0.00000
      4.59520      2.33574      0.00000
      4.60520      1.97136      0.00000
      4.61520      1.40422      0.00000
      4.62520      1.65006      0.00000
      4.63520      1.95317      0.00000
      4.64520      2.06644      0.00000
      4.65520      2.45647      0.00000
      4.66520      3.54502      0.00000
      4.67520      4.25203      0.00000
      4.68520      3.93953      0.00000
      4.69520      2.93846      0.00000
      4.70520      2.64023      0.00000
      4.71520      3.44863      0.00000
      4.72520      3.63524      0.00000
      4.73520      3.03822      0.00000
      4.74520      2.63977      0.00000
      4.75520      1.95339      0.00000
      4.76520      1.23814      0.00000
      4.77520      1.07793      0.00000
      4.78520      1.69632      0.00000
      4.79520      2.69258      0.00000
      4.80520      2.79134      0.00000
      4.81520      1.93873      0.00000
      4.82520      1.36410      0.00000
      4.83520      1.77781      0.00000
      4.84520      2.83092      0.00000
      4.85520      3.68233      0.00000
      4.86520      3.37737      0.00000
      4.87520      2.84581      0.00000
      4.88520      3.32351      0.00000
      4.89520      4.04227      0.00000
      4.90520      4.33333      0.00000
      4.91520      3.94937      0.00000
      4.92520      3.35533      0.00000
      4.93520      3.06697      0.00000
      4.94520      2.80333      0.00000
      4.95520      2.13637      0.00000
      4.96520      1.52160      0.00000
      4.97520      1.69576      0.00000
      4.98520      2.13978      0.00000
      4.99520      2.43962      0.00000
      5.00520      2.89656      0.00000
      5.01520      2.92518      0.00000
      5.02520      2.32706      0.00000
      5.03520      2.02719      0.00000
      5.04520      2.04961      0.00000
      5.05520      2.48995      0.00000
      5.06520      3.48874      0.00000
      5.07520      3.31174      0.00000
      5.08520      1.91221      0.00000
      5.09520      1.85933      0.00000
      5.10520      2.60498      0.00000
      5.11520      2.68845      0.00000
      5.12520      2.36749      0.00000
      5.13520      2.05662      0.00000
      5.14520      1.75342      0.00000
      5.15520      1.57169      0.00000
      5.16520      1.60643      0.00000
      5.17520      1.64714      0.00000
      5.18520      1.49216      0.00000
      5.19520      1.59080      0.00000
      5.20520      2.33587      0.00000
      5.21520      2.92839      0.00000
      5.22520      2.95461      0.00000
      5.23520      2.77182      0.00000
      5.24520      2.22960      0.00000
      5.25520      1.92556      0.00000
      5.26520      1.98694      0.00000
      5.27520      1.80606      0.00000
      5.28520      1.59310      0.00000
      5.29520      2.10800      0.00000
      5.30520      2.85879      0.00000
      5.31520      3.03291      0.00000
      5.32520      2.93686      0.00000
      5.33520      3.14392      0.00000
      5.34520      3.60456      0.00000
      5.35520      3.81872      0.00000
      5.36520      2.87156      0.00000
      5.37520      2.03540      0.00000
      5.38520      2.67829      0.00000
      5.39520      3.07279      0.00000
      5.40520      2.40251      0.00000
      5.41520      1.92543      0.00000
      5.42520      1.88944      0.00000
      5.43520      1.78227      0.00000
      5.44520      1.71757      0.00000
      5.45520      1.78297      0.00000
      5.46520      2.02788      0.00000
      5.47520      2.07882      0.00000
      5.48520      1.75291      0.00000
      5.49520      2.05833      0.00000
      5.50520      2.35276      0.00000
      5.51520      1.84192      0.00000
      5.52520      1.90954      0.00000
      5.53520      2.81319      0.00000
      5.54520      2.96717      0.00000
      5.55520      2.80833      0.00000
      5.56520      2.90679      0.00000
      5.57520      2.88345      0.00000
      5.58520      3.14402      0.00000
      5.59520      2.93796      0.00000
      5.60520      2.49410      0.00000
      5.61520      2.40019      0.00000
      5.62520      2.45122      0.00000
      5.63520      2.39728      0.00000
      5.64520      2.22100      0.00000
      5.65520      1.88318      0.00000
      5.66520      2.23204      0.00000
      5.67520      2.88285      0.00000
      5.68520      2.45364      0.00000
      5.69520      1.54825      0.00000
      5.70520      0.80760      0.00000
      5.71520      0.35521      0.00000
      5.72520      0.52487      0.00000
      5.73520      1.29628      0.00000
      5.74520      2.46188      0.00000
      5.75520      2.95152      0.00000
      5.76520      2.07609      0.00000
      5.77520      1.34855      0.00000
      5.78520      1.42226      0.00000
      5.79520      1.45443      0.00000
      5.80520      1.60669      0.00000
      5.81520      2.05735      0.00000
      5.82520      2.74701      0.00000
      5.83520      3.57576      0.00000
      5.84520      3.31772      0.00000
      5.85520      2.53498      0.00000
      5.86520      2.66813      0.00000
      5.87520      2.98806      0.00000
      5.88520      2.63145      0.00000
      5.89520      2.22777      0.00000
      5.90520      2.07674      0.00000
      5.91520      2.17615      0.00000
      5.92520      2.43135      0.00000
      5.93520      2.24372      0.00000
      5.94520      2.05170      0.00000
      5.95520      2.42096      0.00000
      5.96520      2.47379      0.00000
      5.97520      1.90142      0.00000
      5.98520      1.50523      0.00000
      5.99520      1.48129      0.00000
      6.00520      1.82677      0.00000
      6.01520      2.35123      0.00000
      6.02520      2.63508      0.00000
      6.03520      2.30475      0.00000
      6.04520      2.27823      0.00000
      6.05520      2.47263      0.00000
      6.06520      2.19824      0.00000
      6.07520      2.04867      0.00000
      6.08520      2.48931      0.00000
      6.09520      3.12800      0.00000
      6.10520      2.97335      0.00000
      6.11520      2.43782      0.00000
      6.12520      2.97282      0.00000
      6.13520      3.00839      0.00000
      6.14520      1.56200      0.00000
      6.15520      0.37466      0.00000
      6.16520      0.24480      0.00000
      6.17520      1.02700      0.00000
      6.18520      2.03199      0.00000
      6.19520      1.87004      0.00000
      6.20520      1.16637      0.00000
      6.21520      0.74013      0.00000
      6.22520      0.82398      0.00000
      6.23520      1.14474      0.00000
      6.24520      1.06265      0.00000
