Energy-E_F (eV)    DOS (1/eV)    PDOS (1/eV)  of atom type Si 
     -4.99000      1.08450      1.08450
     -4.98000      1.02582      1.02582
     -4.97000      0.54851      0.54851
     -4.96000      0.13548      0.13548
     -4.95000      0.01744      0.01744
     -4.94000      0.03922      0.03922
     -4.93000      0.15632      0.15632
     -4.92000      0.23252      0.23252
     -4.91000      0.12725      0.12725
     -4.90000      0.02562      0.02562
     -4.89000      0.00202      0.00202
     -4.88000      0.00359      0.00359
     -4.87000      0.03878      0.03878
     -4.86000      0.15654      0.15654
     -4.85000      0.23249      0.23249
     -4.84000      0.12761      0.12761
     -4.83000      0.03689      0.03689
     -4.82000      0.08280      0.08280
     -4.81000      0.21785      0.21785
     -4.80000      0.26474      0.26474
     -4.79000      0.27020      0.27020
     -4.78000      0.27220      0.27220
     -4.77000      0.21633      0.21633
     -4.76000      0.21705      0.21705
     -4.75000      0.31009      0.31009
     -4.74000      0.32228      0.32228
     -4.73000      0.19725      0.19725
     -4.72000      0.13973      0.13973
     -4.71000      0.08898      0.08898
     -4.70000      0.02663      0.02663
     -4.69000      0.02979      0.02979
     -4.68000      0.14076      0.14076
     -4.67000      0.33098      0.33098
     -4.66000      0.55073      0.55073
     -4.65000      0.81808      0.81808
     -4.64000      0.95350      0.95350
     -4.63000      0.84494      0.84494
     -4.62000      0.42835      0.42835
     -4.61000      0.10288      0.10288
     -4.60000      0.08247      0.08247
     -4.59000      0.28637      0.28637
     -4.58000      0.56604      0.56604
     -4.57000      0.63203      0.63203
     -4.56000      0.44283      0.44283
     -4.55000      0.38922      0.38922
     -4.54000      0.53109      0.53109
     -4.53000      0.54311      0.54311
     -4.52000      0.31611      0.31611
     -4.51000      0.21948      0.21948
     -4.50000      0.24408      0.24408
     -4.49000      0.20935      0.20935
     -4.48000      0.42349      0.42349
     -4.47000      0.83987      0.83987
     -4.46000      1.03797      1.03797
     -4.45000      1.03139      1.03139
     -4.44000      0.81153      0.81153
     -4.43000      0.79464      0.79464
     -4.42000      1.19929      1.19929
     -4.41000      1.15020      1.15020
     -4.40000      0.70760      0.70760
     -4.39000      0.51939      0.51939
     -4.38000      0.66017      0.66017
     -4.37000      0.78906      0.78906
     -4.36000      0.81499      0.81499
     -4.35000      1.06190      1.06190
     -4.34000      1.31266      1.31266
     -4.33000      1.53324      1.53324
     -4.32000      1.72165      1.72165
     -4.31000      1.55457      1.55457
     -4.30000      1.33546      1.33546
     -4.29000      1.03343      1.03343
     -4.28000      1.00946      1.00946
     -4.27000      1.34836      1.34836
     -4.26000      1.37715      1.37715
     -4.25000      1.18592      1.18592
     -4.24000      1.03030      1.03030
     -4.23000      0.81369      0.81369
     -4.22000      0.89875      0.89875
     -4.21000      1.21844      1.21844
     -4.20000      1.43569      1.43569
     -4.19000      1.58772      1.58772
     -4.18000      1.59810      1.59810
     -4.17000      1.48403      1.48403
     -4.16000      1.18686      1.18686
     -4.15000      0.83521      0.83521
     -4.14000      0.61895      0.61895
     -4.13000      0.80468      0.80468
     -4.12000      1.25291      1.25291
     -4.11000      1.44461      1.44461
     -4.10000      1.52105      1.52105
     -4.09000      1.25288      1.25288
     -4.08000      0.73020      0.73020
     -4.07000      0.62526      0.62526
     -4.06000      0.72692      0.72692
     -4.05000      0.75778      0.75778
     -4.04000      0.85352      0.85352
     -4.03000      1.24626      1.24626
     -4.02000      1.39529      1.39529
     -4.01000      1.23705      1.23705
     -4.00000      0.99449      0.99449
     -3.99000      0.62897      0.62897
     -3.98000      0.49447      0.49447
     -3.97000      0.79785      0.79785
     -3.96000      1.05182      1.05182
     -3.95000      0.92779      0.92779
     -3.94000      0.61563      0.61563
     -3.93000      0.71856      0.71856
     -3.92000      1.22436      1.22436
     -3.91000      1.42433      1.42433
     -3.90000      1.50331      1.50331
     -3.89000      1.71752      1.71752
     -3.88000      1.76578      1.76578
     -3.87000      1.47805      1.47805
     -3.86000      1.16440      1.16440
     -3.85000      1.27669      1.27669
     -3.84000      1.37182      1.37182
     -3.83000      0.89380      0.89380
     -3.82000      0.67092      0.67092
     -3.81000      1.02412      1.02412
     -3.80000      0.98898      0.98898
     -3.79000      0.60116      0.60116
     -3.78000      0.63796      0.63796
     -3.77000      0.83380      0.83380
     -3.76000      0.79241      0.79241
     -3.75000      0.58120      0.58120
     -3.74000      0.56192      0.56192
     -3.73000      0.60635      0.60635
     -3.72000      0.69623      0.69623
     -3.71000      1.00915      1.00915
     -3.70000      1.02948      1.02948
     -3.69000      0.72253      0.72253
     -3.68000      0.62607      0.62607
     -3.67000      0.91596      0.91596
     -3.66000      1.22374      1.22374
     -3.65000      1.30377      1.30377
     -3.64000      1.62013      1.62013
     -3.63000      1.94745      1.94745
     -3.62000      1.45765      1.45765
     -3.61000      1.01586      1.01586
     -3.60000      1.36783      1.36783
     -3.59000      1.38453      1.38453
     -3.58000      1.16485      1.16485
     -3.57000      1.22416      1.22416
     -3.56000      0.96113      0.96113
     -3.55000      0.65899      0.65899
     -3.54000      0.73087      0.73087
     -3.53000      0.82835      0.82835
     -3.52000      0.79855      0.79855
     -3.51000      1.05596      1.05596
     -3.50000      1.54599      1.54599
     -3.49000      1.24544      1.24544
     -3.48000      0.57651      0.57651
     -3.47000      0.46015      0.46015
     -3.46000      0.70118      0.70118
     -3.45000      1.19526      1.19526
     -3.44000      1.76223      1.76223
     -3.43000      1.76472      1.76472
     -3.42000      1.43824      1.43824
     -3.41000      1.08706      1.08706
     -3.40000      0.77835      0.77835
     -3.39000      0.96340      0.96340
     -3.38000      1.48793      1.48793
     -3.37000      1.59286      1.59286
     -3.36000      1.38113      1.38113
     -3.35000      1.13901      1.13901
     -3.34000      0.74899      0.74899
     -3.33000      0.57243      0.57243
     -3.32000      0.62389      0.62389
     -3.31000      0.93155      0.93155
     -3.30000      1.41149      1.41149
     -3.29000      1.48000      1.48000
     -3.28000      1.09568      1.09568
     -3.27000      0.99241      0.99241
     -3.26000      1.04495      1.04495
     -3.25000      0.79014      0.79014
     -3.24000      0.71688      0.71688
     -3.23000      1.16093      1.16093
     -3.22000      1.26534      1.26534
     -3.21000      1.04780      1.04780
     -3.20000      1.22597      1.22597
     -3.19000      1.80743      1.80743
     -3.18000      2.23516      2.23516
     -3.17000      2.22243      2.22243
     -3.16000      1.82597      1.82597
     -3.15000      1.02762      1.02762
     -3.14000      0.76542      0.76542
     -3.13000      0.92458      0.92458
     -3.12000      0.90782      0.90782
     -3.11000      0.92148      0.92148
     -3.10000      1.28797      1.28797
     -3.09000      1.92043      1.92043
     -3.08000      2.23353      2.23353
     -3.07000      2.03979      2.03979
     -3.06000      1.72556      1.72556
     -3.05000      1.29102      1.29102
     -3.04000      0.91384      0.91384
     -3.03000      0.97020      0.97020
     -3.02000      1.39417      1.39417
     -3.01000      1.57745      1.57745
     -3.00000      1.43291      1.43291
     -2.99000      1.35920      1.35920
     -2.98000      1.56020      1.56020
     -2.97000      1.96409      1.96409
     -2.96000      1.83190      1.83190
     -2.95000      1.20508      1.20508
     -2.94000      0.92905      0.92905
     -2.93000      1.46842      1.46842
     -2.92000      1.92461      1.92461
     -2.91000      1.74219      1.74219
     -2.90000      1.55639      1.55639
     -2.89000      1.41770      1.41770
     -2.88000      1.33832      1.33832
     -2.87000      1.43430      1.43430
     -2.86000      1.48382      1.48382
     -2.85000      1.53555      1.53555
     -2.84000      1.44864      1.44864
     -2.83000      1.33981      1.33981
     -2.82000      1.35022      1.35022
     -2.81000      1.32077      1.32077
     -2.80000      1.22672      1.22672
     -2.79000      1.13640      1.13640
     -2.78000      1.42617      1.42617
     -2.77000      1.79446      1.79446
     -2.76000      1.96291      1.96291
     -2.75000      1.90102      1.90102
     -2.74000      1.58761      1.58761
     -2.73000      1.13629      1.13629
     -2.72000      0.89101      0.89101
     -2.71000      1.17184      1.17184
     -2.70000      1.68918      1.68918
     -2.69000      2.13358      2.13358
     -2.68000      2.27782      2.27782
     -2.67000      1.63314      1.63314
     -2.66000      1.05243      1.05243
     -2.65000      1.20222      1.20222
     -2.64000      1.27140      1.27140
     -2.63000      1.08329      1.08329
     -2.62000      1.15855      1.15855
     -2.61000      1.20195      1.20195
     -2.60000      0.96801      0.96801
     -2.59000      1.00218      1.00218
     -2.58000      1.46582      1.46582
     -2.57000      1.83174      1.83174
     -2.56000      1.90162      1.90162
     -2.55000      1.87168      1.87168
     -2.54000      1.79027      1.79027
     -2.53000      1.43031      1.43031
     -2.52000      0.97440      0.97440
     -2.51000      0.98540      0.98540
     -2.50000      1.24775      1.24775
     -2.49000      1.08636      1.08636
     -2.48000      1.13124      1.13124
     -2.47000      1.47839      1.47839
     -2.46000      1.36396      1.36396
     -2.45000      1.14388      1.14388
     -2.44000      1.36158      1.36158
     -2.43000      1.38869      1.38869
     -2.42000      1.01184      1.01184
     -2.41000      0.86838      0.86838
     -2.40000      1.00008      1.00008
     -2.39000      1.18183      1.18183
     -2.38000      1.59582      1.59582
     -2.37000      1.87266      1.87266
     -2.36000      1.88561      1.88561
     -2.35000      1.55030      1.55030
     -2.34000      1.31554      1.31554
     -2.33000      1.60009      1.60009
     -2.32000      1.92380      1.92380
     -2.31000      1.99206      1.99206
     -2.30000      1.98831      1.98831
     -2.29000      1.95854      1.95854
     -2.28000      1.73950      1.73950
     -2.27000      1.03568      1.03568
     -2.26000      0.51513      0.51513
     -2.25000      0.51516      0.51516
     -2.24000      0.51527      0.51527
     -2.23000      0.56085      0.56085
     -2.22000      0.95166      0.95166
     -2.21000      1.23987      1.23987
     -2.20000      1.16384      1.16384
     -2.19000      1.24529      1.24529
     -2.18000      1.46484      1.46484
     -2.17000      1.50368      1.50368
     -2.16000      1.54437      1.54437
     -2.15000      1.49684      1.49684
     -2.14000      1.26579      1.26579
     -2.13000      1.08454      1.08454
     -2.12000      1.43332      1.43332
     -2.11000      1.74256      1.74256
     -2.10000      1.38670      1.38670
     -2.09000      0.95263      0.95263
     -2.08000      0.87048      0.87048
     -2.07000      0.86958      0.86958
     -2.06000      0.79510      0.79510
     -2.05000      0.83856      0.83856
     -2.04000      1.36196      1.36196
     -2.03000      1.99322      1.99322
     -2.02000      2.02948      2.02948
     -2.01000      1.64328      1.64328
     -2.00000      1.50920      1.50920
     -1.99000      1.39454      1.39454
     -1.98000      1.19053      1.19053
     -1.97000      0.92875      0.92875
     -1.96000      0.60420      0.60420
     -1.95000      0.75416      0.75416
     -1.94000      1.45558      1.45558
     -1.93000      1.98716      1.98716
     -1.92000      1.64574      1.64574
     -1.91000      0.96222      0.96222
     -1.90000      0.99571      0.99571
     -1.89000      1.36904      1.36904
     -1.88000      1.46621      1.46621
     -1.87000      1.38419      1.38419
     -1.86000      0.87370      0.87370
     -1.85000      0.47330      0.47330
     -1.84000      0.87426      0.87426
     -1.83000      1.42196      1.42196
     -1.82000      1.32909      1.32909
     -1.81000      1.06347      1.06347
     -1.80000      1.14807      1.14807
     -1.79000      1.52817      1.52817
     -1.78000      1.78348      1.78348
     -1.77000      1.52986      1.52986
     -1.76000      1.01628      1.01628
     -1.75000      0.76931      0.76931
     -1.74000      0.73811      0.73811
     -1.73000      0.89734      0.89734
     -1.72000      1.25195      1.25195
     -1.71000      1.31821      1.31821
     -1.70000      1.05292      1.05292
     -1.69000      0.81531      0.81531
     -1.68000      0.78653      0.78653
     -1.67000      0.97966      0.97966
     -1.66000      1.20139      1.20139
     -1.65000      1.72298      1.72298
     -1.64000      2.26237      2.26237
     -1.63000      1.83793      1.83793
     -1.62000      1.01795      1.01795
     -1.61000      0.60079      0.60079
     -1.60000      0.46460      0.46460
     -1.59000      0.56676      0.56676
     -1.58000      0.89481      0.89481
     -1.57000      1.23961      1.23961
     -1.56000      1.66097      1.66097
     -1.55000      1.95494      1.95494
     -1.54000      1.63575      1.63575
     -1.53000      1.13894      1.13894
     -1.52000      0.92700      0.92700
     -1.51000      1.25347      1.25347
     -1.50000      1.52226      1.52226
     -1.49000      1.17435      1.17435
     -1.48000      0.77323      0.77323
     -1.47000      0.82696      0.82696
     -1.46000      1.05780      1.05780
     -1.45000      1.01911      1.01911
     -1.44000      0.78600      0.78600
     -1.43000      0.71595      0.71595
     -1.42000      0.85102      0.85102
     -1.41000      0.87912      0.87912
     -1.40000      0.95652      0.95652
     -1.39000      0.97874      0.97874
     -1.38000      0.80105      0.80105
     -1.37000      1.06719      1.06719
     -1.36000      1.48084      1.48084
     -1.35000      1.28725      1.28725
     -1.34000      0.89487      0.89487
     -1.33000      0.76368      0.76368
     -1.32000      0.84368      0.84368
     -1.31000      1.00240      1.00240
     -1.30000      1.18542      1.18542
     -1.29000      1.32434      1.32434
     -1.28000      1.30031      1.30031
     -1.27000      0.79632      0.79632
     -1.26000      0.30963      0.30963
     -1.25000      0.29916      0.29916
     -1.24000      0.41862      0.41862
     -1.23000      0.40438      0.40438
     -1.22000      0.29589      0.29589
     -1.21000      0.36061      0.36061
     -1.20000      0.71148      0.71148
     -1.19000      1.06685      1.06685
     -1.18000      1.07129      1.07129
     -1.17000      0.90437      0.90437
     -1.16000      0.77625      0.77625
     -1.15000      0.60702      0.60702
     -1.14000      0.47738      0.47738
     -1.13000      0.53475      0.53475
     -1.12000      0.61473      0.61473
     -1.11000      0.66513      0.66513
     -1.10000      0.66788      0.66788
     -1.09000      0.59806      0.59806
     -1.08000      0.56166      0.56166
     -1.07000      0.42860      0.42860
     -1.06000      0.34164      0.34164
     -1.05000      0.60171      0.60171
     -1.04000      0.80552      0.80552
     -1.03000      0.63323      0.63323
     -1.02000      0.56132      0.56132
     -1.01000      0.77902      0.77902
     -1.00000      0.74883      0.74883
     -0.99000      0.51697      0.51697
     -0.98000      0.58787      0.58787
     -0.97000      0.67793      0.67793
     -0.96000      0.46723      0.46723
     -0.95000      0.29584      0.29584
     -0.94000      0.24563      0.24563
     -0.93000      0.11712      0.11712
     -0.92000      0.05235      0.05235
     -0.91000      0.10718      0.10718
     -0.90000      0.18352      0.18352
     -0.89000      0.28262      0.28262
     -0.88000      0.33997      0.33997
     -0.87000      0.35459      0.35459
     -0.86000      0.63121      0.63121
     -0.85000      0.94685      0.94685
     -0.84000      0.79212      0.79212
     -0.83000      0.39640      0.39640
     -0.82000      0.26051      0.26051
     -0.81000      0.40509      0.40509
     -0.80000      0.53848      0.53848
     -0.79000      0.58362      0.58362
     -0.78000      0.63402      0.63402
     -0.77000      0.55015      0.55015
     -0.76000      0.35485      0.35485
     -0.75000      0.21447      0.21447
     -0.74000      0.28005      0.28005
     -0.73000      0.42258      0.42258
     -0.72000      0.45853      0.45853
     -0.71000      0.46458      0.46458
     -0.70000      0.55434      0.55434
     -0.69000      0.45592      0.45592
     -0.68000      0.19844      0.19844
     -0.67000      0.11338      0.11338
     -0.66000      0.11631      0.11631
     -0.65000      0.05679      0.05679
     -0.64000      0.01162      0.01162
     -0.63000      0.01817      0.01817
     -0.62000      0.09953      0.09953
     -0.61000      0.26901      0.26901
     -0.60000      0.38343      0.38343
     -0.59000      0.32178      0.32178
     -0.58000      0.31137      0.31137
     -0.57000      0.48124      0.48124
     -0.56000      0.54242      0.54242
     -0.55000      0.40221      0.40221
     -0.54000      0.23669      0.23669
     -0.53000      0.17031      0.17031
     -0.52000      0.16283      0.16283
     -0.51000      0.19446      0.19446
     -0.50000      0.29049      0.29049
     -0.49000      0.29582      0.29582
     -0.48000      0.22265      0.22265
     -0.47000      0.26091      0.26091
     -0.46000      0.27389      0.27389
     -0.45000      0.28893      0.28893
     -0.44000      0.30982      0.30982
     -0.43000      0.38277      0.38277
     -0.42000      0.41402      0.41402
     -0.41000      0.23710      0.23710
     -0.40000      0.06264      0.06264
     -0.39000      0.00717      0.00717
     -0.38000      0.00072      0.00072
     -0.37000      0.00694      0.00694
     -0.36000      0.04666      0.04666
     -0.35000      0.13106      0.13106
     -0.34000      0.22701      0.22701
     -0.33000      0.34874      0.34874
     -0.32000      0.35475      0.35475
     -0.31000      0.24244      0.24244
     -0.30000      0.18822      0.18822
     -0.29000      0.21342      0.21342
     -0.28000      0.18942      0.18942
     -0.27000      0.08434      0.08434
     -0.26000      0.01613      0.01613
     -0.25000      0.00132      0.00132
     -0.24000      0.00258      0.00258
     -0.23000      0.02485      0.02485
     -0.22000      0.10969      0.10969
     -0.21000      0.24397      0.24397
     -0.20000      0.27727      0.27727
     -0.19000      0.22075      0.22075
     -0.18000      0.25181      0.25181
     -0.17000      0.21185      0.21185
     -0.16000      0.09323      0.09323
     -0.15000      0.02493      0.02493
     -0.14000      0.00462      0.00462
     -0.13000      0.01337      0.01337
     -0.12000      0.06451      0.06451
     -0.11000      0.11674      0.11674
     -0.10000      0.08353      0.08353
     -0.09000      0.06152      0.06152
     -0.08000      0.10870      0.10870
     -0.07000      0.09885      0.09885
     -0.06000      0.03387      0.03387
     -0.05000      0.00957      0.00957
     -0.04000      0.03315      0.03315
     -0.03000      0.07422      0.07422
     -0.02000      0.06149      0.06149
     -0.01000      0.01874      0.01874
      0.00000      0.00210      0.00210
      0.01000      0.00009      0.00009
      0.02000      0.00000      0.00000
      0.03000      0.00000      0.00000
      0.04000      0.00000      0.00000
      0.05000      0.00000      0.00000
      0.06000      0.00000      0.00000
      0.07000      0.00000      0.00000
      0.08000      0.00000      0.00000
      0.09000      0.00000      0.00000
      0.10000      0.00000      0.00000
      0.11000      0.00000      0.00000
      0.12000      0.00000      0.00000
      0.13000      0.00000      0.00000
      0.14000      0.00000      0.00000
      0.15000      0.00000      0.00000
      0.16000      0.00000      0.00000
      0.17000      0.00000      0.00000
      0.18000      0.00000      0.00000
      0.19000      0.00000      0.00000
      0.20000      0.00000      0.00000
      0.21000      0.00000      0.00000
      0.22000      0.00000      0.00000
      0.23000      0.00000      0.00000
      0.24000      0.00000      0.00000
      0.25000      0.00000      0.00000
      0.26000      0.00000      0.00000
      0.27000      0.00000      0.00000
      0.28000      0.00000      0.00000
      0.29000      0.00000      0.00000
      0.30000      0.00000      0.00000
      0.31000      0.00000      0.00000
      0.32000      0.00000      0.00000
      0.33000      0.00000      0.00000
      0.34000      0.00000      0.00000
      0.35000      0.00000      0.00000
      0.36000      0.00000      0.00000
      0.37000      0.00000      0.00000
      0.38000      0.00000      0.00000
      0.39000      0.00000      0.00000
      0.40000      0.00000      0.00000
      0.41000      0.00000      0.00000
      0.42000      0.00000      0.00000
      0.43000      0.00000      0.00000
      0.44000      0.00000      0.00000
      0.45000      0.00000      0.00000
      0.46000      0.00000      0.00000
      0.47000      0.00000      0.00000
      0.48000      0.00000      0.00000
      0.49000      0.00000      0.00000
      0.50000      0.00000      0.00000
      0.51000      0.00000      0.00000
      0.52000      0.00000      0.00000
      0.53000      0.00000      0.00000
      0.54000      0.00000      0.00000
      0.55000      0.00000      0.00000
      0.56000      0.00000      0.00000
      0.57000      0.00000      0.00000
      0.58000      0.00000      0.00000
      0.59000      0.00000      0.00000
      0.60000      0.00000      0.00000
      0.61000      0.00000      0.00000
      0.62000      0.00000      0.00000
      0.63000      0.00000      0.00000
      0.64000      0.00000      0.00000
      0.65000      0.00000      0.00000
      0.66000      0.00000      0.00000
      0.67000      0.00000      0.00000
      0.68000      0.00000      0.00000
      0.69000      0.00000      0.00000
      0.70000      0.00000      0.00000
      0.71000      0.00000      0.00000
      0.72000      0.00000      0.00000
      0.73000      0.00000      0.00000
      0.74000      0.00000      0.00000
      0.75000      0.00008      0.00008
      0.76000      0.00258      0.00258
      0.77000      0.03043      0.03043
      0.78000      0.13589      0.13589
      0.79000      0.23097      0.23097
      0.80000      0.16193      0.16193
      0.81000      0.11187      0.11187
      0.82000      0.17664      0.17664
      0.83000      0.19087      0.19087
      0.84000      0.10333      0.10333
      0.85000      0.02493      0.02493
      0.86000      0.00521      0.00521
      0.87000      0.02661      0.02661
      0.88000      0.09513      0.09513
      0.89000      0.15217      0.15217
      0.90000      0.15661      0.15661
      0.91000      0.11056      0.11056
      0.92000      0.03701      0.03701
      0.93000      0.00689      0.00689
      0.94000      0.03180      0.03180
      0.95000      0.18497      0.18497
      0.96000      0.43565      0.43565
      0.97000      0.50890      0.50890
      0.98000      0.58122      0.58122
      0.99000      0.67472      0.67472
      1.00000      0.57271      0.57271
      1.01000      0.43101      0.43101
      1.02000      0.33518      0.33518
      1.03000      0.31004      0.31004
      1.04000      0.29437      0.29437
      1.05000      0.23740      0.23740
      1.06000      0.15953      0.15953
      1.07000      0.21950      0.21950
      1.08000      0.23419      0.23419
      1.09000      0.20088      0.20088
      1.10000      0.29669      0.29669
      1.11000      0.44348      0.44348
      1.12000      0.52222      0.52222
      1.13000      0.45882      0.45882
      1.14000      0.32256      0.32256
      1.15000      0.14399      0.14399
      1.16000      0.12370      0.12370
      1.17000      0.38557      0.38557
      1.18000      0.62052      0.62052
      1.19000      0.51887      0.51887
      1.20000      0.29262      0.29262
      1.21000      0.10797      0.10797
      1.22000      0.05246      0.05246
      1.23000      0.16007      0.16007
      1.24000      0.33715      0.33715
      1.25000      0.48436      0.48436
      1.26000      0.67665      0.67665
      1.27000      0.93611      0.93611
      1.28000      1.10758      1.10758
      1.29000      1.12693      1.12693
      1.30000      1.00801      1.00801
      1.31000      0.72710      0.72710
      1.32000      0.47279      0.47279
      1.33000      0.36726      0.36726
      1.34000      0.38985      0.38985
      1.35000      0.40071      0.40071
      1.36000      0.31837      0.31837
      1.37000      0.27524      0.27524
      1.38000      0.35731      0.35731
      1.39000      0.41759      0.41759
      1.40000      0.43457      0.43457
      1.41000      0.56870      0.56870
      1.42000      0.65888      0.65888
      1.43000      0.76043      0.76043
      1.44000      0.88850      0.88850
      1.45000      0.78579      0.78579
      1.46000      0.69284      0.69284
      1.47000      0.77249      0.77249
      1.48000      0.69249      0.69249
      1.49000      0.46499      0.46499
      1.50000      0.32249      0.32249
      1.51000      0.37912      0.37912
      1.52000      0.39976      0.39976
      1.53000      0.25209      0.25209
      1.54000      0.28323      0.28323
      1.55000      0.62214      0.62214
      1.56000      0.97751      0.97751
      1.57000      1.09303      1.09303
      1.58000      0.81066      0.81066
      1.59000      0.53192      0.53192
      1.60000      0.65166      0.65166
      1.61000      0.72573      0.72573
      1.62000      0.47091      0.47091
      1.63000      0.39510      0.39510
      1.64000      0.70308      0.70308
      1.65000      1.18413      1.18413
      1.66000      1.38909      1.38909
      1.67000      1.17635      1.17635
      1.68000      0.78824      0.78824
      1.69000      0.75078      0.75078
      1.70000      1.23388      1.23388
      1.71000      1.40174      1.40174
      1.72000      1.01868      1.01868
      1.73000      0.71049      0.71049
      1.74000      0.47677      0.47677
      1.75000      0.41937      0.41937
      1.76000      0.70936      0.70936
      1.77000      1.04002      1.04002
      1.78000      1.26444      1.26444
      1.79000      1.27332      1.27332
      1.80000      1.18373      1.18373
      1.81000      1.21762      1.21762
      1.82000      1.12496      1.12496
      1.83000      1.00705      1.00705
      1.84000      0.93357      0.93357
      1.85000      0.84719      0.84719
      1.86000      0.89413      0.89413
      1.87000      1.10768      1.10768
      1.88000      1.28228      1.28228
      1.89000      1.21048      1.21048
      1.90000      0.90708      0.90708
      1.91000      0.88282      0.88282
      1.92000      0.86819      0.86819
      1.93000      0.77709      0.77709
      1.94000      0.85660      0.85660
      1.95000      0.66244      0.66244
      1.96000      0.44275      0.44275
      1.97000      0.65961      0.65961
      1.98000      0.99603      0.99603
      1.99000      1.09412      1.09412
      2.00000      1.02777      1.02777
      2.01000      1.18667      1.18667
      2.02000      1.37221      1.37221
      2.03000      1.47456      1.47456
      2.04000      1.80071      1.80071
      2.05000      2.06226      2.06226
      2.06000      1.88676      1.88676
      2.07000      1.39706      1.39706
      2.08000      1.04569      1.04569
      2.09000      1.18055      1.18055
      2.10000      1.77039      1.77039
      2.11000      2.14111      2.14111
      2.12000      1.85830      1.85830
      2.13000      1.31503      1.31503
      2.14000      0.80272      0.80272
      2.15000      0.56275      0.56275
      2.16000      0.48993      0.48993
      2.17000      0.50717      0.50717
      2.18000      0.86029      0.86029
      2.19000      1.22032      1.22032
      2.20000      1.44312      1.44312
      2.21000      1.78514      1.78514
      2.22000      2.30612      2.30612
      2.23000      2.66924      2.66924
      2.24000      2.52928      2.52928
      2.25000      2.60237      2.60237
      2.26000      3.21072      3.21072
      2.27000      2.76086      2.76086
      2.28000      1.51571      1.51571
      2.29000      0.93635      0.93635
      2.30000      1.05379      1.05379
      2.31000      1.35384      1.35384
      2.32000      1.42044      1.42044
      2.33000      1.47335      1.47335
      2.34000      1.63466      1.63466
      2.35000      2.04984      2.04984
      2.36000      2.20680      2.20680
      2.37000      1.72506      1.72506
      2.38000      1.58154      1.58154
      2.39000      2.01553      2.01553
      2.40000      2.37529      2.37529
      2.41000      1.80187      1.80187
      2.42000      0.99966      0.99966
      2.43000      0.96016      0.96016
      2.44000      1.33245      1.33245
      2.45000      1.42262      1.42262
      2.46000      1.45391      1.45391
      2.47000      1.45073      1.45073
      2.48000      1.11054      1.11054
      2.49000      0.91408      0.91408
      2.50000      1.27836      1.27836
      2.51000      1.63450      1.63450
      2.52000      1.64214      1.64214
      2.53000      1.73211      1.73211
      2.54000      1.68086      1.68086
      2.55000      1.47417      1.47417
      2.56000      1.41496      1.41496
      2.57000      1.27388      1.27388
      2.58000      1.17887      1.17887
      2.59000      1.05828      1.05828
      2.60000      1.16282      1.16282
      2.61000      1.58420      1.58420
      2.62000      1.91417      1.91417
      2.63000      1.84299      1.84299
      2.64000      1.34179      1.34179
      2.65000      1.14621      1.14621
      2.66000      1.08859      1.08859
      2.67000      1.11474      1.11474
      2.68000      1.22116      1.22116
      2.69000      1.25509      1.25509
      2.70000      1.31366      1.31366
      2.71000      1.29110      1.29110
      2.72000      1.23260      1.23260
      2.73000      1.11619      1.11619
      2.74000      1.24596      1.24596
      2.75000      1.39306      1.39306
      2.76000      1.36155      1.36155
      2.77000      1.59850      1.59850
      2.78000      1.71372      1.71372
      2.79000      1.43012      1.43012
      2.80000      1.17385      1.17385
      2.81000      0.85890      0.85890
      2.82000      0.70820      0.70820
      2.83000      0.95890      0.95890
      2.84000      1.08294      1.08294
      2.85000      1.17085      1.17085
      2.86000      1.57560      1.57560
      2.87000      1.74243      1.74243
      2.88000      1.30289      1.30289
      2.89000      1.04798      1.04798
      2.90000      1.03020      1.03020
      2.91000      0.88054      0.88054
      2.92000      0.80230      0.80230
      2.93000      0.89648      0.89648
      2.94000      0.93359      0.93359
      2.95000      0.93392      0.93392
      2.96000      0.99232      0.99232
      2.97000      1.37854      1.37854
      2.98000      1.65046      1.65046
      2.99000      1.40801      1.40801
      3.00000      0.99034      0.99034
      3.01000      0.82623      0.82623
      3.02000      0.92718      0.92718
      3.03000      0.88843      0.88843
      3.04000      0.85300      0.85300
      3.05000      0.96891      0.96891
      3.06000      0.84477      0.84477
      3.07000      0.80564      0.80564
      3.08000      1.15253      1.15253
      3.09000      1.18065      1.18065
      3.10000      0.85445      0.85445
      3.11000      0.92078      0.92078
      3.12000      0.96929      0.96929
      3.13000      0.81306      0.81306
      3.14000      0.97180      0.97180
      3.15000      1.22766      1.22766
      3.16000      1.37297      1.37297
      3.17000      1.20236      1.20236
      3.18000      0.82700      0.82700
      3.19000      0.88469      0.88469
      3.20000      1.38285      1.38285
      3.21000      1.69361      1.69361
      3.22000      1.36381      1.36381
      3.23000      0.92056      0.92056
      3.24000      0.98727      0.98727
      3.25000      1.17181      1.17181
      3.26000      1.39080      1.39080
      3.27000      1.49538      1.49538
      3.28000      1.38668      1.38668
      3.29000      1.29535      1.29535
      3.30000      1.46938      1.46938
      3.31000      1.99313      1.99313
      3.32000      2.18658      2.18658
      3.33000      1.97330      1.97330
      3.34000      2.41039      2.41039
      3.35000      2.94918      2.94918
      3.36000      2.86017      2.86017
      3.37000      2.51423      2.51423
      3.38000      1.97315      1.97315
      3.39000      1.67413      1.67413
      3.40000      2.16822      2.16822
      3.41000      2.93182      2.93182
      3.42000      3.31383      3.31383
      3.43000      3.45776      3.45776
      3.44000      2.74005      2.74005
      3.45000      2.15095      2.15095
      3.46000      2.28798      2.28798
      3.47000      2.01233      2.01233
      3.48000      1.81233      1.81233
      3.49000      2.05060      2.05060
      3.50000      2.02700      2.02700
      3.51000      1.84106      1.84106
      3.52000      1.73526      1.73526
      3.53000      1.35855      1.35855
      3.54000      1.16882      1.16882
      3.55000      1.28266      1.28266
      3.56000      1.15306      1.15306
      3.57000      0.87859      0.87859
      3.58000      1.24001      1.24001
      3.59000      2.08522      2.08522
      3.60000      2.35091      2.35091
      3.61000      2.25907      2.25907
      3.62000      2.38578      2.38578
      3.63000      2.17591      2.17591
      3.64000      1.60998      1.60998
      3.65000      1.18712      1.18712
      3.66000      0.91928      0.91928
      3.67000      0.81834      0.81834
      3.68000      1.10796      1.10796
      3.69000      1.48001      1.48001
      3.70000      1.73307      1.73307
      3.71000      2.01575      2.01575
      3.72000      2.04466      2.04466
      3.73000      1.78885      1.78885
      3.74000      1.89118      1.89118
      3.75000      2.04010      2.04010
      3.76000      1.61083      1.61083
      3.77000      1.11651      1.11651
      3.78000      1.23219      1.23219
      3.79000      2.00975      2.00975
      3.80000      2.72745      2.72745
      3.81000      2.94750      2.94750
      3.82000      2.58317      2.58317
      3.83000      2.33999      2.33999
      3.84000      2.03207      2.03207
      3.85000      1.60430      1.60430
      3.86000      1.38427      1.38427
      3.87000      1.28869      1.28869
      3.88000      1.43233      1.43233
      3.89000      1.33375      1.33375
      3.90000      1.18882      1.18882
      3.91000      1.29297      1.29297
      3.92000      1.12611      1.12611
      3.93000      0.93333      0.93333
      3.94000      1.05540      1.05540
      3.95000      1.26205      1.26205
      3.96000      1.32989      1.32989
      3.97000      1.14759      1.14759
      3.98000      0.83135      0.83135
      3.99000      0.94126      0.94126
      4.00000      1.44807      1.44807
      4.01000      1.59571      1.59571
      4.02000      1.43725      1.43725
      4.03000      1.47045      1.47045
      4.04000      1.60330      1.60330
      4.05000      1.94579      1.94579
      4.06000      1.90971      1.90971
      4.07000      1.42565      1.42565
      4.08000      1.28054      1.28054
      4.09000      1.42244      1.42244
      4.10000      1.34034      1.34034
      4.11000      1.18057      1.18057
      4.12000      1.10337      1.10337
      4.13000      1.09758      1.09758
      4.14000      0.86805      0.86805
      4.15000      0.65397      0.65397
      4.16000      1.04598      1.04598
      4.17000      1.32481      1.32481
      4.18000      1.17307      1.17307
      4.19000      1.09138      1.09138
      4.20000      0.73749      0.73749
      4.21000      0.52521      0.52521
      4.22000      0.84231      0.84231
      4.23000      0.97437      0.97437
      4.24000      0.81047      0.81047
      4.25000      0.69360      0.69360
      4.26000      0.61886      0.61886
      4.27000      0.67933      0.67933
      4.28000      1.06711      1.06711
      4.29000      1.54847      1.54847
      4.30000      1.41614      1.41614
      4.31000      1.18787      1.18787
      4.32000      1.53342      1.53342
      4.33000      1.77782      1.77782
      4.34000      1.38974      1.38974
      4.35000      1.15222      1.15222
      4.36000      1.31789      1.31789
      4.37000      1.42118      1.42118
      4.38000      0.97301      0.97301
      4.39000      0.58249      0.58249
      4.40000      0.95166      0.95166
      4.41000      1.60894      1.60894
      4.42000      1.76262      1.76262
      4.43000      1.87048      1.87048
      4.44000      2.36591      2.36591
      4.45000      2.54720      2.54720
      4.46000      2.04568      2.04568
      4.47000      1.49492      1.49492
      4.48000      1.25113      1.25113
      4.49000      0.92730      0.92730
      4.50000      0.71912      0.71912
      4.51000      0.74486      0.74486
      4.52000      1.10346      1.10346
      4.53000      1.81176      1.81176
      4.54000      1.94573      1.94573
      4.55000      1.40916      1.40916
      4.56000      0.99922      0.99922
      4.57000      0.80295      0.80295
      4.58000      0.76517      0.76517
      4.59000      0.98751      0.98751
      4.60000      1.16575      1.16575
      4.61000      0.98795      0.98795
      4.62000      0.70331      0.70331
      4.63000      0.82362      0.82362
      4.64000      0.97655      0.97655
      4.65000      1.03158      1.03158
      4.66000      1.22058      1.22058
      4.67000      1.76615      1.76615
      4.68000      2.12847      2.12847
      4.69000      1.97440      1.97440
      4.70000      1.47333      1.47333
      4.71000      1.31993      1.31993
      4.72000      1.72222      1.72222
      4.73000      1.81721      1.81721
      4.74000      1.51898      1.51898
      4.75000      1.32237      1.32237
      4.76000      0.98261      0.98261
      4.77000      0.62184      0.62184
      4.78000      0.53605      0.53605
      4.79000      0.84161      0.84161
      4.80000      1.34280      1.34280
      4.81000      1.39933      1.39933
      4.82000      0.97453      0.97453
      4.83000      0.68276      0.68276
      4.84000      0.88406      0.88406
      4.85000      1.40968      1.40968
      4.86000      1.84002      1.84002
      4.87000      1.69211      1.69211
      4.88000      1.42188      1.42188
      4.89000      1.65726      1.65726
      4.90000      2.01768      2.01768
      4.91000      2.16706      2.16706
      4.92000      1.97784      1.97784
      4.93000      1.67950      1.67950
      4.94000      1.53420      1.53420
      4.95000      1.40199      1.40199
      4.96000      1.07223      1.07223
      4.97000      0.76196      0.76196
      4.98000      0.84447      0.84447
      4.99000      1.06787      1.06787
      5.00000      1.21902      1.21902
      5.01000      1.44710      1.44710
      5.02000      1.46711      1.46711
      5.03000      1.16663      1.16663
      5.04000      1.01206      1.01206
      5.05000      1.02260      1.02260
      5.06000      1.24080      1.24080
      5.07000      1.73918      1.73918
      5.08000      1.66426      1.66426
      5.09000      0.96332      0.96332
      5.10000      0.92518      0.92518
      5.11000      1.29998      1.29998
      5.12000      1.34685      1.34685
      5.13000      1.18449      1.18449
      5.14000      1.03016      1.03016
      5.15000      0.87951      0.87951
      5.16000      0.78803      0.78803
      5.17000      0.80404      0.80404
      5.18000      0.82413      0.82413
      5.19000      0.74412      0.74412
      5.20000      0.78828      0.78828
      5.21000      1.15749      1.15749
      5.22000      1.46253      1.46253
      5.23000      1.47935      1.47935
      5.24000      1.39048      1.39048
      5.25000      1.12117      1.12117
      5.26000      0.96363      0.96363
      5.27000      0.99198      0.99198
      5.28000      0.90544      0.90544
      5.29000      0.79613      0.79613
      5.30000      1.04864      1.04864
      5.31000      1.42499      1.42499
      5.32000      1.51509      1.51509
      5.33000      1.46722      1.46722
      5.34000      1.56923      1.56923
      5.35000      1.79590      1.79590
      5.36000      1.91000      1.91000
      5.37000      1.44940      1.44940
      5.38000      1.02132      1.02132
      5.39000      1.33318      1.33318
      5.40000      1.53785      1.53785
      5.41000      1.20794      1.20794
      5.42000      0.96534      0.96534
      5.43000      0.94390      0.94390
      5.44000      0.89044      0.89044
      5.45000      0.85623      0.85623
      5.46000      0.88918      0.88918
      5.47000      1.01231      1.01231
      5.48000      1.04296      1.04296
      5.49000      0.88011      0.88011
      5.50000      1.02739      1.02739
      5.51000      1.17520      1.17520
      5.52000      0.92330      0.92330
      5.53000      0.95061      0.95061
      5.54000      1.39986      1.39986
      5.55000      1.48104      1.48104
      5.56000      1.39982      1.39982
      5.57000      1.45684      1.45684
      5.58000      1.44591      1.44591
      5.59000      1.57375      1.57375
      5.60000      1.46968      1.46968
      5.61000      1.24410      1.24410
      5.62000      1.19651      1.19651
      5.63000      1.22669      1.22669
      5.64000      1.20121      1.20121
      5.65000      1.11549      1.11549
      5.66000      0.94351      0.94351
      5.67000      1.10765      1.10765
      5.68000      1.43874      1.43874
      5.69000      1.23604      1.23604
      5.70000      0.78380      0.78380
      5.71000      0.40921      0.40921
      5.72000      0.17762      0.17762
      5.73000      0.25859      0.25859
      5.74000      0.63975      0.63975
      5.75000      1.21930      1.21930
      5.76000      1.47664      1.47664
      5.77000      1.04605      1.04605
      5.78000      0.67162      0.67162
      5.79000      0.70150      0.70150
      5.80000      0.70700      0.70700
      5.81000      0.79716      0.79716
      5.82000      1.06989      1.06989
      5.83000      1.39687      1.39687
      5.84000      1.76672      1.76672
      5.85000      1.65026      1.65026
      5.86000      1.26273      1.26273
      5.87000      1.32148      1.32148
      5.88000      1.49728      1.49728
      5.89000      1.32775      1.32775
      5.90000      1.11921      1.11921
      5.91000      1.03664      1.03664
      5.92000      1.08132      1.08132
      5.93000      1.21395      1.21395
      5.94000      1.12833      1.12833
      5.95000      1.02654      1.02654
      5.96000      1.20634      1.20634
      5.97000      1.23912      1.23912
      5.98000      0.95540      0.95540
      5.99000      0.75533      0.75533
      6.00000      0.74037      0.74037
      6.01000      0.90815      0.90815
      6.02000      1.17222      1.17222
      6.03000      1.31975      1.31975
      6.04000      1.15437      1.15437
      6.05000      1.13452      1.13452
      6.06000      1.23729      1.23729
      6.07000      1.10542      1.10542
      6.08000      1.02622      1.02622
      6.09000      1.23658      1.23658
      6.10000      1.55384      1.55384
      6.11000      1.49358      1.49358
      6.12000      1.21933      1.21933
      6.13000      1.47695      1.47695
      6.14000      1.51363      1.51363
      6.15000      0.79945      0.79945
      6.16000      0.19448      0.19448
      6.17000      0.11889      0.11889
      6.18000      0.50138      0.50138
      6.19000      1.01100      1.01100
      6.20000      0.94352      0.94352
      6.21000      0.58744      0.58744
      6.22000      0.35956      0.35956
      6.23000      0.38904      0.38904
      6.24000      0.57391      0.57391
      6.25000      0.56865      0.56865
      6.26000      0.45638      0.45638
      6.27000      0.38150      0.38150
      6.28000      0.45616      0.45616
      6.29000      0.63966      0.63966
      6.30000      0.78667      0.78667
      6.31000      0.75232      0.75232
      6.32000      0.76384      0.76384
      6.33000      0.71389      0.71389
      6.34000      0.68769      0.68769
      6.35000      1.01694      1.01694
      6.36000      1.49839      1.49839
      6.37000      1.69561      1.69561
      6.38000      1.65691      1.65691
      6.39000      1.40987      1.40987
      6.40000      1.17068      1.17068
      6.41000      1.18679      1.18679
      6.42000      1.22984      1.22984
      6.43000      1.23760      1.23760
      6.44000      1.06868      1.06868
      6.45000      1.05108      1.05108
      6.46000      1.37752      1.37752
      6.47000      1.43761      1.43761
      6.48000      1.04193      1.04193
