Energy-E_F (eV)    DOS (1/eV)    PDOS (1/eV)  of atom type Si 
     -5.06230      0.00034      0.00034
     -5.05230      0.00901      0.00901
     -5.04230      0.09004      0.09004
     -5.03230      0.33685      0.33685
     -5.02230      0.49014      0.49014
     -5.01230      0.33114      0.33114
     -5.00230      0.15264      0.15264
     -4.99230      0.04753      0.04753
     -4.98230      0.00678      0.00678
     -4.97230      0.00037      0.00037
     -4.96230      0.00001      0.00001
     -4.95230      0.00013      0.00013
     -4.94230      0.00399      0.00399
     -4.93230      0.04908      0.04908
     -4.92230      0.25668      0.25668
     -4.91230      0.66902      0.66902
     -4.90230      1.05626      1.05626
     -4.89230      1.13156      1.13156
     -4.88230      0.81261      0.81261
     -4.87230      0.33999      0.33999
     -4.86230      0.06903      0.06903
     -4.85230      0.00611      0.00611
     -4.84230      0.00358      0.00358
     -4.83230      0.03248      0.03248
     -4.82230      0.11578      0.11578
     -4.81230      0.15813      0.15813
     -4.80230      0.13071      0.13071
     -4.79230      0.19891      0.19891
     -4.78230      0.22275      0.22275
     -4.77230      0.09755      0.09755
     -4.76230      0.01579      0.01579
     -4.75230      0.00169      0.00169
     -4.74230      0.01347      0.01347
     -4.73230      0.08900      0.08900
     -4.72230      0.21665      0.21665
     -4.71230      0.19404      0.19404
     -4.70230      0.06396      0.06396
     -4.69230      0.00890      0.00890
     -4.68230      0.01951      0.01951
     -4.67230      0.12522      0.12522
     -4.66230      0.34314      0.34314
     -4.65230      0.44466      0.44466
     -4.64230      0.38105      0.38105
     -4.63230      0.48689      0.48689
     -4.62230      0.85392      0.85392
     -4.61230      1.08936      1.08936
     -4.60230      0.88081      0.88081
     -4.59230      0.57349      0.57349
     -4.58230      0.73739      0.73739
     -4.57230      1.15508      1.15508
     -4.56230      1.11230      1.11230
     -4.55230      0.67436      0.67436
     -4.54230      0.38586      0.38586
     -4.53230      0.26859      0.26859
     -4.52230      0.14144      0.14144
     -4.51230      0.18624      0.18624
     -4.50230      0.54108      0.54108
     -4.49230      1.10027      1.10027
     -4.48230      1.54878      1.54878
     -4.47230      1.69356      1.69356
     -4.46230      1.54361      1.54361
     -4.45230      1.22517      1.22517
     -4.44230      1.04051      1.04051
     -4.43230      0.79683      0.79683
     -4.42230      0.57039      0.57039
     -4.41230      0.82968      0.82968
     -4.40230      1.25800      1.25800
     -4.39230      1.40138      1.40138
     -4.38230      1.37060      1.37060
     -4.37230      1.16400      1.16400
     -4.36230      0.77766      0.77766
     -4.35230      0.63566      0.63566
     -4.34230      0.71855      0.71855
     -4.33230      0.78492      0.78492
     -4.32230      0.86057      0.86057
     -4.31230      0.86122      0.86122
     -4.30230      0.74175      0.74175
     -4.29230      0.82684      0.82684
     -4.28230      0.97395      0.97395
     -4.27230      0.99187      0.99187
     -4.26230      0.97363      0.97363
     -4.25230      0.93586      0.93586
     -4.24230      0.77854      0.77854
     -4.23230      0.63616      0.63616
     -4.22230      0.79917      0.79917
     -4.21230      1.23876      1.23876
     -4.20230      1.58441      1.58441
     -4.19230      1.60090      1.60090
     -4.18230      1.26530      1.26530
     -4.17230      0.89882      0.89882
     -4.16230      0.72416      0.72416
     -4.15230      0.72366      0.72366
     -4.14230      0.65305      0.65305
     -4.13230      0.52960      0.52960
     -4.12230      0.59852      0.59852
     -4.11230      0.79431      0.79431
     -4.10230      0.85421      0.85421
     -4.09230      0.66587      0.66587
     -4.08230      0.46746      0.46746
     -4.07230      0.46323      0.46323
     -4.06230      0.83718      0.83718
     -4.05230      1.27623      1.27623
     -4.04230      1.31714      1.31714
     -4.03230      0.97773      0.97773
     -4.02230      0.56435      0.56435
     -4.01230      0.42341      0.42341
     -4.00230      0.66668      0.66668
     -3.99230      1.19606      1.19606
     -3.98230      1.39783      1.39783
     -3.97230      1.10247      1.10247
     -3.96230      0.65677      0.65677
     -3.95230      0.43184      0.43184
     -3.94230      0.52223      0.52223
     -3.93230      0.60169      0.60169
     -3.92230      0.87463      0.87463
     -3.91230      1.39416      1.39416
     -3.90230      1.70435      1.70435
     -3.89230      1.70663      1.70663
     -3.88230      1.32494      1.32494
     -3.87230      1.13363      1.13363
     -3.86230      1.10928      1.10928
     -3.85230      1.00816      1.00816
     -3.84230      0.87676      0.87676
     -3.83230      0.80386      0.80386
     -3.82230      1.01341      1.01341
     -3.81230      1.35370      1.35370
     -3.80230      1.33223      1.33223
     -3.79230      1.11539      1.11539
     -3.78230      1.08756      1.08756
     -3.77230      0.98065      0.98065
     -3.76230      0.84181      0.84181
     -3.75230      0.65316      0.65316
     -3.74230      0.56726      0.56726
     -3.73230      0.68252      0.68252
     -3.72230      0.82367      0.82367
     -3.71230      0.84532      0.84532
     -3.70230      0.68690      0.68690
     -3.69230      0.83465      0.83465
     -3.68230      1.58158      1.58158
     -3.67230      1.84959      1.84959
     -3.66230      1.17492      1.17492
     -3.65230      0.95996      0.95996
     -3.64230      1.19306      1.19306
     -3.63230      1.10451      1.10451
     -3.62230      1.21478      1.21478
     -3.61230      1.53065      1.53065
     -3.60230      1.40352      1.40352
     -3.59230      0.99071      0.99071
     -3.58230      0.86910      0.86910
     -3.57230      1.03982      1.03982
     -3.56230      1.04763      1.04763
     -3.55230      0.91012      0.91012
     -3.54230      0.94433      0.94433
     -3.53230      1.10982      1.10982
     -3.52230      1.21327      1.21327
     -3.51230      1.05199      1.05199
     -3.50230      0.80485      0.80485
     -3.49230      0.62834      0.62834
     -3.48230      0.75121      0.75121
     -3.47230      1.28972      1.28972
     -3.46230      1.79473      1.79473
     -3.45230      1.93747      1.93747
     -3.44230      1.42776      1.42776
     -3.43230      0.85380      0.85380
     -3.42230      0.99775      0.99775
     -3.41230      1.33091      1.33091
     -3.40230      1.37853      1.37853
     -3.39230      1.39330      1.39330
     -3.38230      1.40174      1.40174
     -3.37230      0.94924      0.94924
     -3.36230      0.61200      0.61200
     -3.35230      0.82262      0.82262
     -3.34230      1.31655      1.31655
     -3.33230      1.71447      1.71447
     -3.32230      1.49231      1.49231
     -3.31230      0.99200      0.99200
     -3.30230      0.73835      0.73835
     -3.29230      0.81445      0.81445
     -3.28230      0.91760      0.91760
     -3.27230      0.79931      0.79931
     -3.26230      0.89402      0.89402
     -3.25230      1.16028      1.16028
     -3.24230      1.13881      1.13881
     -3.23230      1.23142      1.23142
     -3.22230      1.62431      1.62431
     -3.21230      2.24100      2.24100
     -3.20230      2.42234      2.42234
     -3.19230      1.96694      1.96694
     -3.18230      1.59671      1.59671
     -3.17230      1.43473      1.43473
     -3.16230      1.07486      1.07486
     -3.15230      0.64619      0.64619
     -3.14230      0.73304      0.73304
     -3.13230      1.04111      1.04111
     -3.12230      1.48505      1.48505
     -3.11230      1.99777      1.99777
     -3.10230      1.99856      1.99856
     -3.09230      1.39488      1.39488
     -3.08230      1.03487      1.03487
     -3.07230      1.11962      1.11962
     -3.06230      1.43970      1.43970
     -3.05230      1.79108      1.79108
     -3.04230      1.68264      1.68264
     -3.03230      1.35726      1.35726
     -3.02230      1.55890      1.55890
     -3.01230      1.86601      1.86601
     -3.00230      1.70597      1.70597
     -2.99230      1.58577      1.58577
     -2.98230      1.57298      1.57298
     -2.97230      1.34576      1.34576
     -2.96230      1.49731      1.49731
     -2.95230      1.77297      1.77297
     -2.94230      1.64361      1.64361
     -2.93230      1.60744      1.60744
     -2.92230      1.67873      1.67873
     -2.91230      1.40630      1.40630
     -2.90230      1.31460      1.31460
     -2.89230      1.52450      1.52450
     -2.88230      1.36247      1.36247
     -2.87230      1.04703      1.04703
     -2.86230      1.11952      1.11952
     -2.85230      1.24879      1.24879
     -2.84230      1.15665      1.15665
     -2.83230      1.20698      1.20698
     -2.82230      1.35303      1.35303
     -2.81230      1.48566      1.48566
     -2.80230      1.82217      1.82217
     -2.79230      2.30285      2.30285
     -2.78230      2.24126      2.24126
     -2.77230      1.46604      1.46604
     -2.76230      1.06440      1.06440
     -2.75230      0.96484      0.96484
     -2.74230      1.11824      1.11824
     -2.73230      1.79888      1.79888
     -2.72230      2.11710      2.11710
     -2.71230      1.77252      1.77252
     -2.70230      1.28009      1.28009
     -2.69230      1.11159      1.11159
     -2.68230      1.45171      1.45171
     -2.67230      1.49935      1.49935
     -2.66230      1.14048      1.14048
     -2.65230      1.06109      1.06109
     -2.64230      1.02858      1.02858
     -2.63230      1.01538      1.01538
     -2.62230      1.03718      1.03718
     -2.61230      1.22497      1.22497
     -2.60230      1.66871      1.66871
     -2.59230      1.95405      1.95405
     -2.58230      1.81958      1.81958
     -2.57230      1.65929      1.65929
     -2.56230      1.53576      1.53576
     -2.55230      1.36960      1.36960
     -2.54230      1.44493      1.44493
     -2.53230      1.30068      1.30068
     -2.52230      0.81322      0.81322
     -2.51230      0.85146      0.85146
     -2.50230      1.27856      1.27856
     -2.49230      1.44659      1.44659
     -2.48230      1.44260      1.44260
     -2.47230      1.19926      1.19926
     -2.46230      1.05138      1.05138
     -2.45230      1.20877      1.20877
     -2.44230      1.18326      1.18326
     -2.43230      1.05525      1.05525
     -2.42230      1.14417      1.14417
     -2.41230      1.41414      1.41414
     -2.40230      1.71667      1.71667
     -2.39230      1.96744      1.96744
     -2.38230      1.77088      1.77088
     -2.37230      1.35903      1.35903
     -2.36230      1.39181      1.39181
     -2.35230      1.43005      1.43005
     -2.34230      1.48455      1.48455
     -2.33230      1.92874      1.92874
     -2.32230      2.34817      2.34817
     -2.31230      1.95133      1.95133
     -2.30230      1.06272      1.06272
     -2.29230      0.53595      0.53595
     -2.28230      0.35529      0.35529
     -2.27230      0.36175      0.36175
     -2.26230      0.54132      0.54132
     -2.25230      0.81497      0.81497
     -2.24230      1.27814      1.27814
     -2.23230      1.44141      1.44141
     -2.22230      1.40917      1.40917
     -2.21230      1.47242      1.47242
     -2.20230      1.41671      1.41671
     -2.19230      1.42610      1.42610
     -2.18230      1.48354      1.48354
     -2.17230      1.51748      1.51748
     -2.16230      1.29801      1.29801
     -2.15230      1.18732      1.18732
     -2.14230      1.48740      1.48740
     -2.13230      1.37889      1.37889
     -2.12230      0.78125      0.78125
     -2.11230      0.61265      0.61265
     -2.10230      0.93405      0.93405
     -2.09230      1.11034      1.11034
     -2.08230      1.28264      1.28264
     -2.07230      1.60577      1.60577
     -2.06230      1.45891      1.45891
     -2.05230      1.06293      1.06293
     -2.04230      1.26310      1.26310
     -2.03230      1.59057      1.59057
     -2.02230      1.64329      1.64329
     -2.01230      1.49304      1.49304
     -2.00230      1.20744      1.20744
     -1.99230      0.93579      0.93579
     -1.98230      0.84016      0.84016
     -1.97230      1.25052      1.25052
     -1.96230      1.90353      1.90353
     -1.95230      1.72497      1.72497
     -1.94230      0.93314      0.93314
     -1.93230      0.66055      0.66055
     -1.92230      0.91301      0.91301
     -1.91230      1.27973      1.27973
     -1.90230      1.48955      1.48955
     -1.89230      1.35310      1.35310
     -1.88230      0.90752      0.90752
     -1.87230      0.70912      0.70912
     -1.86230      1.07017      1.07017
     -1.85230      1.38973      1.38973
     -1.84230      1.34747      1.34747
     -1.83230      1.22232      1.22232
     -1.82230      1.18487      1.18487
     -1.81230      1.19448      1.19448
     -1.80230      1.32200      1.32200
     -1.79230      1.17707      1.17707
     -1.78230      0.82906      0.82906
     -1.77230      0.66647      0.66647
     -1.76230      0.81348      0.81348
     -1.75230      1.14302      1.14302
     -1.74230      1.47988      1.47988
     -1.73230      1.42285      1.42285
     -1.72230      0.99794      0.99794
     -1.71230      0.66893      0.66893
     -1.70230      0.83279      0.83279
     -1.69230      1.29190      1.29190
     -1.68230      1.59755      1.59755
     -1.67230      1.79148      1.79148
     -1.66230      1.77860      1.77860
     -1.65230      1.57352      1.57352
     -1.64230      1.17402      1.17402
     -1.63230      0.71403      0.71403
     -1.62230      0.33471      0.33471
     -1.61230      0.20658      0.20658
     -1.60230      0.53910      0.53910
     -1.59230      1.24619      1.24619
     -1.58230      1.93076      1.93076
     -1.57230      2.07424      2.07424
     -1.56230      1.71163      1.71163
     -1.55230      1.38298      1.38298
     -1.54230      1.11433      1.11433
     -1.53230      0.88596      0.88596
     -1.52230      1.02216      1.02216
     -1.51230      1.13326      1.13326
     -1.50230      1.03383      1.03383
     -1.49230      0.86897      0.86897
     -1.48230      0.75745      0.75745
     -1.47230      0.79747      0.79747
     -1.46230      1.00896      1.00896
     -1.45230      1.13660      1.13660
     -1.44230      0.85006      0.85006
     -1.43230      0.46558      0.46558
     -1.42230      0.41474      0.41474
     -1.41230      0.72188      0.72188
     -1.40230      1.07212      1.07212
     -1.39230      1.28606      1.28606
     -1.38230      1.52810      1.52810
     -1.37230      1.45714      1.45714
     -1.36230      1.13615      1.13615
     -1.35230      0.86034      0.86034
     -1.34230      0.72442      0.72442
     -1.33230      0.64502      0.64502
     -1.32230      0.72033      0.72033
     -1.31230      1.00612      1.00612
     -1.30230      1.16727      1.16727
     -1.29230      1.17392      1.17392
     -1.28230      1.02775      1.02775
     -1.27230      0.62438      0.62438
     -1.26230      0.29492      0.29492
     -1.25230      0.25215      0.25215
     -1.24230      0.40916      0.40916
     -1.23230      0.60223      0.60223
     -1.22230      0.68401      0.68401
     -1.21230      0.60855      0.60855
     -1.20230      0.51346      0.51346
     -1.19230      0.56639      0.56639
     -1.18230      0.63513      0.63513
     -1.17230      0.75732      0.75732
     -1.16230      0.84858      0.84858
     -1.15230      0.66965      0.66965
     -1.14230      0.52339      0.52339
     -1.13230      0.64847      0.64847
     -1.12230      0.77154      0.77154
     -1.11230      0.55132      0.55132
     -1.10230      0.36220      0.36220
     -1.09230      0.55426      0.55426
     -1.08230      0.72025      0.72025
     -1.07230      0.47621      0.47621
     -1.06230      0.29069      0.29069
     -1.05230      0.50458      0.50458
     -1.04230      0.73586      0.73586
     -1.03230      0.70286      0.70286
     -1.02230      0.59584      0.59584
     -1.01230      0.68389      0.68389
     -1.00230      0.74680      0.74680
     -0.99230      0.55953      0.55953
     -0.98230      0.62720      0.62720
     -0.97230      0.75748      0.75748
     -0.96230      0.47287      0.47287
     -0.95230      0.21918      0.21918
     -0.94230      0.23642      0.23642
     -0.93230      0.18246      0.18246
     -0.92230      0.06052      0.06052
     -0.91230      0.04941      0.04941
     -0.90230      0.11643      0.11643
     -0.89230      0.18236      0.18236
     -0.88230      0.34392      0.34392
     -0.87230      0.47234      0.47234
     -0.86230      0.43407      0.43407
     -0.85230      0.69072      0.69072
     -0.84230      0.95245      0.95245
     -0.83230      0.65005      0.65005
     -0.82230      0.29505      0.29505
     -0.81230      0.26500      0.26500
     -0.80230      0.41621      0.41621
     -0.79230      0.55839      0.55839
     -0.78230      0.67137      0.67137
     -0.77230      0.63149      0.63149
     -0.76230      0.44116      0.44116
     -0.75230      0.27638      0.27638
     -0.74230      0.18332      0.18332
     -0.73230      0.24320      0.24320
     -0.72230      0.39531      0.39531
     -0.71230      0.50742      0.50742
     -0.70230      0.54310      0.54310
     -0.69230      0.54996      0.54996
     -0.68230      0.39566      0.39566
     -0.67230      0.16857      0.16857
     -0.66230      0.09278      0.09278
     -0.65230      0.11846      0.11846
     -0.64230      0.07676      0.07676
     -0.63230      0.01875      0.01875
     -0.62230      0.00675      0.00675
     -0.61230      0.05826      0.05826
     -0.60230      0.25432      0.25432
     -0.59230      0.44058      0.44058
     -0.58230      0.35058      0.35058
     -0.57230      0.28760      0.28760
     -0.56230      0.37496      0.37496
     -0.55230      0.36138      0.36138
     -0.54230      0.41163      0.41163
     -0.53230      0.41373      0.41373
     -0.52230      0.23648      0.23648
     -0.51230      0.14789      0.14789
     -0.50230      0.18967      0.18967
     -0.49230      0.28965      0.28965
     -0.48230      0.32864      0.32864
     -0.47230      0.28716      0.28716
     -0.46230      0.35377      0.35377
     -0.45230      0.30509      0.30509
     -0.44230      0.18259      0.18259
     -0.43230      0.18485      0.18485
     -0.42230      0.31730      0.31730
     -0.41230      0.46168      0.46168
     -0.40230      0.30747      0.30747
     -0.39230      0.08139      0.08139
     -0.38230      0.00838      0.00838
     -0.37230      0.00066      0.00066
     -0.36230      0.00617      0.00617
     -0.35230      0.04379      0.04379
     -0.34230      0.12894      0.12894
     -0.33230      0.22190      0.22190
     -0.32230      0.32478      0.32478
     -0.31230      0.31389      0.31389
     -0.30230      0.20526      0.20526
     -0.29230      0.21593      0.21593
     -0.28230      0.24150      0.24150
     -0.27230      0.19791      0.19791
     -0.26230      0.11359      0.11359
     -0.25230      0.03281      0.03281
     -0.24230      0.00393      0.00393
     -0.23230      0.00280      0.00280
     -0.22230      0.02650      0.02650
     -0.21230      0.11952      0.11952
     -0.20230      0.25916      0.25916
     -0.19230      0.27769      0.27769
     -0.18230      0.22785      0.22785
     -0.17230      0.26572      0.26572
     -0.16230      0.20327      0.20327
     -0.15230      0.07049      0.07049
     -0.14230      0.01119      0.01119
     -0.13230      0.00317      0.00317
     -0.12230      0.02356      0.02356
     -0.11230      0.08563      0.08563
     -0.10230      0.11702      0.11702
     -0.09230      0.08164      0.08164
     -0.08230      0.09859      0.09859
     -0.07230      0.11388      0.11388
     -0.06230      0.05355      0.05355
     -0.05230      0.01325      0.01325
     -0.04230      0.02838      0.02838
     -0.03230      0.07087      0.07087
     -0.02230      0.06645      0.06645
     -0.01230      0.02293      0.02293
     -0.00230      0.00291      0.00291
      0.00770      0.00014      0.00014
      0.01770      0.00000      0.00000
      0.02770      0.00000      0.00000
      0.03770      0.00000      0.00000
      0.04770      0.00000      0.00000
      0.05770      0.00000      0.00000
      0.06770      0.00000      0.00000
      0.07770      0.00000      0.00000
      0.08770      0.00000      0.00000
      0.09770      0.00000      0.00000
      0.10770      0.00000      0.00000
      0.11770      0.00000      0.00000
      0.12770      0.00000      0.00000
      0.13770      0.00000      0.00000
      0.14770      0.00000      0.00000
      0.15770      0.00000      0.00000
      0.16770      0.00000      0.00000
      0.17770      0.00000      0.00000
      0.18770      0.00000      0.00000
      0.19770      0.00000      0.00000
      0.20770      0.00000      0.00000
      0.21770      0.00000      0.00000
      0.22770      0.00000      0.00000
      0.23770      0.00000      0.00000
      0.24770      0.00000      0.00000
      0.25770      0.00000      0.00000
      0.26770      0.00000      0.00000
      0.27770      0.00000      0.00000
      0.28770      0.00000      0.00000
      0.29770      0.00000      0.00000
      0.30770      0.00000      0.00000
      0.31770      0.00000      0.00000
      0.32770      0.00000      0.00000
      0.33770      0.00000      0.00000
      0.34770      0.00000      0.00000
      0.35770      0.00000      0.00000
      0.36770      0.00000      0.00000
      0.37770      0.00000      0.00000
      0.38770      0.00000      0.00000
      0.39770      0.00000      0.00000
      0.40770      0.00000      0.00000
      0.41770      0.00000      0.00000
      0.42770      0.00000      0.00000
      0.43770      0.00000      0.00000
      0.44770      0.00000      0.00000
      0.45770      0.00000      0.00000
      0.46770      0.00000      0.00000
      0.47770      0.00000      0.00000
      0.48770      0.00000      0.00000
      0.49770      0.00000      0.00000
      0.50770      0.00000      0.00000
      0.51770      0.00000      0.00000
      0.52770      0.00000      0.00000
      0.53770      0.00000      0.00000
      0.54770      0.00000      0.00000
      0.55770      0.00000      0.00000
      0.56770      0.00000      0.00000
      0.57770      0.00000      0.00000
      0.58770      0.00000      0.00000
      0.59770      0.00000      0.00000
      0.60770      0.00000      0.00000
      0.61770      0.00000      0.00000
      0.62770      0.00000      0.00000
      0.63770      0.00000      0.00000
      0.64770      0.00000      0.00000
      0.65770      0.00000      0.00000
      0.66770      0.00000      0.00000
      0.67770      0.00000      0.00000
      0.68770      0.00000      0.00000
      0.69770      0.00000      0.00000
      0.70770      0.00000      0.00000
      0.71770      0.00000      0.00000
      0.72770      0.00000      0.00000
      0.73770      0.00000      0.00000
      0.74770      0.00000      0.00000
      0.75770      0.00000      0.00000
      0.76770      0.00000      0.00000
      0.77770      0.00000      0.00000
      0.78770      0.00000      0.00000
      0.79770      0.00000      0.00000
      0.80770      0.00000      0.00000
      0.81770      0.00000      0.00000
      0.82770      0.00000      0.00000
      0.83770      0.00000      0.00000
      0.84770      0.00000      0.00000
      0.85770      0.00000      0.00000
      0.86770      0.00000      0.00000
      0.87770      0.00000      0.00000
      0.88770      0.00000      0.00000
      0.89770      0.00000      0.00000
      0.90770      0.00000      0.00000
      0.91770      0.00000      0.00000
      0.92770      0.00000      0.00000
      0.93770      0.00000      0.00000
      0.94770      0.00000      0.00000
      0.95770      0.00000      0.00000
      0.96770      0.00000      0.00000
      0.97770      0.00000      0.00000
      0.98770      0.00000      0.00000
      0.99770      0.00000      0.00000
      1.00770      0.00000      0.00000
      1.01770      0.00000      0.00000
      1.02770      0.00000      0.00000
      1.03770      0.00000      0.00000
      1.04770      0.00000      0.00000
      1.05770      0.00000      0.00000
      1.06770      0.00000      0.00000
      1.07770      0.00000      0.00000
      1.08770      0.00000      0.00000
      1.09770      0.00000      0.00000
      1.10770      0.00000      0.00000
      1.11770      0.00000      0.00000
      1.12770      0.00000      0.00000
      1.13770      0.00000      0.00000
      1.14770      0.00000      0.00000
      1.15770      0.00000      0.00000
      1.16770      0.00000      0.00000
      1.17770      0.00000      0.00000
      1.18770      0.00000      0.00000
      1.19770      0.00026      0.00026
      1.20770      0.00589      0.00589
      1.21770      0.05057      0.05057
      1.22770      0.16880      0.16880
      1.23770      0.22171      0.22171
      1.24770      0.12188      0.12188
      1.25770      0.07340      0.07340
      1.26770      0.13788      0.13788
      1.27770      0.18310      0.18310
      1.28770      0.14245      0.14245
      1.29770      0.05614      0.05614
      1.30770      0.00922      0.00922
      1.31770      0.00140      0.00140
      1.32770      0.01166      0.01166
      1.33770      0.06074      0.06074
      1.34770      0.12053      0.12053
      1.35770      0.11825      0.11825
      1.36770      0.12330      0.12330
      1.37770      0.10716      0.10716
      1.38770      0.05736      0.05736
      1.39770      0.11901      0.11901
      1.40770      0.30076      0.30076
      1.41770      0.44541      0.44541
      1.42770      0.49845      0.49845
      1.43770      0.44783      0.44783
      1.44770      0.34063      0.34063
      1.45770      0.28076      0.28076
      1.46770      0.45029      0.45029
      1.47770      0.57883      0.57883
      1.48770      0.41279      0.41279
      1.49770      0.31899      0.31899
      1.50770      0.26809      0.26809
      1.51770      0.15462      0.15462
      1.52770      0.04983      0.04983
      1.53770      0.01063      0.01063
      1.54770      0.04164      0.04164
      1.55770      0.18663      0.18663
      1.56770      0.38025      0.38025
      1.57770      0.47908      0.47908
      1.58770      0.46795      0.46795
      1.59770      0.40357      0.40357
      1.60770      0.38997      0.38997
      1.61770      0.22722      0.22722
      1.62770      0.06229      0.06229
      1.63770      0.08377      0.08377
      1.64770      0.26098      0.26098
      1.65770      0.38441      0.38441
      1.66770      0.36794      0.36794
      1.67770      0.34684      0.34684
      1.68770      0.38235      0.38235
      1.69770      0.35378      0.35378
      1.70770      0.21524      0.21524
      1.71770      0.30062      0.30062
      1.72770      0.56307      0.56307
      1.73770      0.80406      0.80406
      1.74770      0.84805      0.84805
      1.75770      0.76638      0.76638
      1.76770      0.84483      0.84483
      1.77770      0.69629      0.69629
      1.78770      0.34719      0.34719
      1.79770      0.18794      0.18794
      1.80770      0.24977      0.24977
      1.81770      0.44155      0.44155
      1.82770      0.54193      0.54193
      1.83770      0.43972      0.43972
      1.84770      0.53918      0.53918
      1.85770      0.68524      0.68524
      1.86770      0.55413      0.55413
      1.87770      0.39753      0.39753
      1.88770      0.40131      0.40131
      1.89770      0.51223      0.51223
      1.90770      0.44311      0.44311
      1.91770      0.42129      0.42129
      1.92770      0.52502      0.52502
      1.93770      0.50811      0.50811
      1.94770      0.55606      0.55606
      1.95770      0.67317      0.67317
      1.96770      0.55719      0.55719
      1.97770      0.43248      0.43248
      1.98770      0.58009      0.58009
      1.99770      0.75700      0.75700
      2.00770      0.64873      0.64873
      2.01770      0.27385      0.27385
      2.02770      0.10701      0.10701
      2.03770      0.32830      0.32830
      2.04770      0.69273      0.69273
      2.05770      0.70108      0.70108
      2.06770      0.80482      0.80482
      2.07770      1.21619      1.21619
      2.08770      1.20025      1.20025
      2.09770      0.82960      0.82960
      2.10770      0.59418      0.59418
      2.11770      0.63106      0.63106
      2.12770      0.62096      0.62096
      2.13770      0.46097      0.46097
      2.14770      0.41502      0.41502
      2.15770      0.34003      0.34003
      2.16770      0.36550      0.36550
      2.17770      0.70224      0.70224
      2.18770      1.16746      1.16746
      2.19770      1.36584      1.36584
      2.20770      1.21272      1.21272
      2.21770      1.22157      1.22157
      2.22770      1.18329      1.18329
      2.23770      0.85071      0.85071
      2.24770      0.60481      0.60481
      2.25770      0.76968      0.76968
      2.26770      1.04756      1.04756
      2.27770      0.74918      0.74918
      2.28770      0.43184      0.43184
      2.29770      0.61456      0.61456
      2.30770      0.89751      0.89751
      2.31770      1.00885      1.00885
      2.32770      0.99562      0.99562
      2.33770      1.13904      1.13904
      2.34770      1.36051      1.36051
      2.35770      1.08094      1.08094
      2.36770      0.66650      0.66650
      2.37770      0.54350      0.54350
      2.38770      0.54709      0.54709
      2.39770      0.74621      0.74621
      2.40770      0.95370      0.95370
      2.41770      0.87375      0.87375
      2.42770      0.71425      0.71425
      2.43770      0.93863      0.93863
      2.44770      1.25548      1.25548
      2.45770      1.17903      1.17903
      2.46770      1.09109      1.09109
      2.47770      0.83451      0.83451
      2.48770      0.43269      0.43269
      2.49770      0.36874      0.36874
      2.50770      0.65108      0.65108
      2.51770      1.00010      1.00010
      2.52770      1.23746      1.23746
      2.53770      1.29734      1.29734
      2.54770      1.42448      1.42448
      2.55770      1.64688      1.64688
      2.56770      1.41734      1.41734
      2.57770      0.98948      0.98948
      2.58770      0.74498      0.74498
      2.59770      0.83248      0.83248
      2.60770      1.23682      1.23682
      2.61770      1.50375      1.50375
      2.62770      1.16853      1.16853
      2.63770      1.13066      1.13066
      2.64770      1.51300      1.51300
      2.65770      1.51331      1.51331
      2.66770      1.02536      1.02536
      2.67770      0.80355      0.80355
      2.68770      1.23470      1.23470
      2.69770      1.64995      1.64995
      2.70770      1.68808      1.68808
      2.71770      1.85861      1.85861
      2.72770      1.96247      1.96247
      2.73770      1.71733      1.71733
      2.74770      1.38896      1.38896
      2.75770      1.12429      1.12429
      2.76770      1.20269      1.20269
      2.77770      1.61428      1.61428
      2.78770      1.54112      1.54112
      2.79770      1.11208      1.11208
      2.80770      1.29662      1.29662
      2.81770      1.76764      1.76764
      2.82770      1.68625      1.68625
      2.83770      1.52168      1.52168
      2.84770      1.60815      1.60815
      2.85770      1.66334      1.66334
      2.86770      1.53382      1.53382
      2.87770      1.24105      1.24105
      2.88770      1.13762      1.13762
      2.89770      1.53623      1.53623
      2.90770      1.58431      1.58431
      2.91770      1.07218      1.07218
      2.92770      1.31831      1.31831
      2.93770      2.18551      2.18551
      2.94770      2.45367      2.45367
      2.95770      2.33742      2.33742
      2.96770      1.91397      1.91397
      2.97770      1.24164      1.24164
      2.98770      0.82665      0.82665
      2.99770      0.82106      0.82106
      3.00770      0.99076      0.99076
      3.01770      1.16886      1.16886
      3.02770      1.29707      1.29707
      3.03770      1.32080      1.32080
      3.04770      1.04654      1.04654
      3.05770      0.90282      0.90282
      3.06770      1.38387      1.38387
      3.07770      2.09538      2.09538
      3.08770      2.29505      2.29505
      3.09770      1.76024      1.76024
      3.10770      1.13429      1.13429
      3.11770      0.87191      0.87191
      3.12770      0.84477      0.84477
      3.13770      0.76657      0.76657
      3.14770      0.89324      0.89324
      3.15770      1.33215      1.33215
      3.16770      1.35845      1.35845
      3.17770      0.83829      0.83829
      3.18770      0.70575      0.70575
      3.19770      1.32478      1.32478
      3.20770      1.95190      1.95190
      3.21770      1.75977      1.75977
      3.22770      1.34143      1.34143
      3.23770      1.29879      1.29879
      3.24770      1.08298      1.08298
      3.25770      0.93846      0.93846
      3.26770      1.37077      1.37077
      3.27770      1.62379      1.62379
      3.28770      1.76112      1.76112
      3.29770      1.91702      1.91702
      3.30770      1.43244      1.43244
      3.31770      0.74954      0.74954
      3.32770      0.72822      0.72822
      3.33770      1.08522      1.08522
      3.34770      1.20267      1.20267
      3.35770      1.02708      1.02708
      3.36770      0.85904      0.85904
      3.37770      0.70997      0.70997
      3.38770      0.56120      0.56120
      3.39770      0.70270      0.70270
      3.40770      1.22599      1.22599
      3.41770      1.41174      1.41174
      3.42770      0.97800      0.97800
      3.43770      0.65871      0.65871
      3.44770      0.82176      0.82176
      3.45770      1.11299      1.11299
      3.46770      1.45227      1.45227
      3.47770      1.89560      1.89560
      3.48770      1.59507      1.59507
      3.49770      0.81374      0.81374
      3.50770      0.65006      0.65006
      3.51770      0.86153      0.86153
      3.52770      0.95054      0.95054
      3.53770      0.77298      0.77298
      3.54770      0.70656      0.70656
      3.55770      0.95845      0.95845
      3.56770      1.12263      1.12263
      3.57770      1.20916      1.20916
      3.58770      1.39508      1.39508
      3.59770      1.08574      1.08574
      3.60770      0.78877      0.78877
      3.61770      1.08525      1.08525
      3.62770      1.28581      1.28581
      3.63770      0.91250      0.91250
      3.64770      0.53477      0.53477
      3.65770      0.60414      0.60414
      3.66770      0.65771      0.65771
      3.67770      0.60769      0.60769
      3.68770      0.82663      0.82663
      3.69770      1.22457      1.22457
      3.70770      1.46182      1.46182
      3.71770      1.23449      1.23449
      3.72770      0.80248      0.80248
      3.73770      0.70602      0.70602
      3.74770      0.83385      0.83385
      3.75770      1.05408      1.05408
      3.76770      1.00001      1.00001
      3.77770      0.87496      0.87496
      3.78770      0.90946      0.90946
      3.79770      0.95555      0.95555
      3.80770      1.30100      1.30100
      3.81770      1.40287      1.40287
      3.82770      1.19088      1.19088
      3.83770      0.92932      0.92932
      3.84770      0.53362      0.53362
      3.85770      0.50360      0.50360
      3.86770      0.94355      0.94355
      3.87770      1.32718      1.32718
      3.88770      1.36868      1.36868
      3.89770      1.20977      1.20977
      3.90770      1.01048      1.01048
      3.91770      0.77760      0.77760
      3.92770      0.66956      0.66956
      3.93770      0.71038      0.71038
      3.94770      0.73730      0.73730
      3.95770      0.66051      0.66051
      3.96770      0.80916      0.80916
      3.97770      1.10136      1.10136
      3.98770      1.12831      1.12831
      3.99770      1.06312      1.06312
      4.00770      1.01237      1.01237
      4.01770      1.17285      1.17285
      4.02770      1.68695      1.68695
      4.03770      1.51641      1.51641
      4.04770      1.02062      1.02062
      4.05770      1.21175      1.21175
      4.06770      1.85789      1.85789
      4.07770      2.03249      2.03249
      4.08770      1.71806      1.71806
      4.09770      1.61495      1.61495
      4.10770      1.88759      1.88759
      4.11770      2.01239      2.01239
      4.12770      1.65308      1.65308
      4.13770      1.42859      1.42859
      4.14770      1.91931      1.91931
      4.15770      2.62848      2.62848
      4.16770      3.25489      3.25489
      4.17770      3.63474      3.63474
      4.18770      3.19860      3.19860
      4.19770      2.38651      2.38651
      4.20770      1.99951      1.99951
      4.21770      1.96374      1.96374
      4.22770      1.91434      1.91434
      4.23770      1.82151      1.82151
      4.24770      2.05527      2.05527
      4.25770      2.43887      2.43887
      4.26770      2.24937      2.24937
      4.27770      1.93026      1.93026
      4.28770      2.29159      2.29159
      4.29770      2.40780      2.40780
      4.30770      1.85711      1.85711
      4.31770      1.28328      1.28328
      4.32770      1.16423      1.16423
      4.33770      1.25755      1.25755
      4.34770      1.11793      1.11793
      4.35770      1.05690      1.05690
      4.36770      1.20406      1.20406
      4.37770      1.66949      1.66949
      4.38770      2.18688      2.18688
      4.39770      2.31107      2.31107
      4.40770      2.20215      2.20215
      4.41770      2.09530      2.09530
      4.42770      1.99297      1.99297
      4.43770      1.78740      1.78740
      4.44770      1.66753      1.66753
      4.45770      1.60789      1.60789
      4.46770      1.61409      1.61409
      4.47770      1.63528      1.63528
      4.48770      1.76352      1.76352
      4.49770      2.14944      2.14944
      4.50770      2.30703      2.30703
      4.51770      1.99586      1.99586
      4.52770      1.72911      1.72911
      4.53770      1.67760      1.67760
      4.54770      2.04372      2.04372
      4.55770      2.12368      2.12368
      4.56770      1.56412      1.56412
      4.57770      1.43980      1.43980
      4.58770      1.51535      1.51535
      4.59770      1.05652      1.05652
      4.60770      0.99716      0.99716
      4.61770      1.61164      1.61164
      4.62770      1.93291      1.93291
      4.63770      1.61086      1.61086
      4.64770      1.58481      1.58481
      4.65770      1.66142      1.66142
      4.66770      1.71567      1.71567
      4.67770      1.71802      1.71802
      4.68770      1.38182      1.38182
      4.69770      1.18143      1.18143
      4.70770      0.93985      0.93985
      4.71770      0.80908      0.80908
      4.72770      1.01733      1.01733
      4.73770      1.21706      1.21706
      4.74770      1.24017      1.24017
      4.75770      1.19093      1.19093
      4.76770      1.38458      1.38458
      4.77770      1.66126      1.66126
      4.78770      1.60671      1.60671
      4.79770      1.40944      1.40944
      4.80770      1.17887      1.17887
      4.81770      0.91361      0.91361
      4.82770      0.74148      0.74148
      4.83770      0.80173      0.80173
      4.84770      0.83401      0.83401
      4.85770      0.82602      0.82602
      4.86770      1.14831      1.14831
      4.87770      1.37317      1.37317
      4.88770      0.92047      0.92047
      4.89770      0.53636      0.53636
      4.90770      0.80099      0.80099
      4.91770      1.21001      1.21001
      4.92770      1.29631      1.29631
      4.93770      1.22552      1.22552
      4.94770      1.51356      1.51356
      4.95770      1.55834      1.55834
      4.96770      1.02646      1.02646
      4.97770      0.78412      0.78412
      4.98770      1.08514      1.08514
      4.99770      1.09782      1.09782
      5.00770      0.78474      0.78474
      5.01770      0.98544      0.98544
      5.02770      1.75617      1.75617
      5.03770      2.61707      2.61707
      5.04770      2.85438      2.85438
      5.05770      2.26735      2.26735
      5.06770      1.64236      1.64236
      5.07770      1.23725      1.23725
      5.08770      0.96201      0.96201
      5.09770      0.97464      0.97464
      5.10770      1.15715      1.15715
      5.11770      1.04731      1.04731
      5.12770      0.93009      0.93009
      5.13770      0.90876      0.90876
      5.14770      1.08361      1.08361
      5.15770      1.28339      1.28339
      5.16770      1.05002      1.05002
      5.17770      0.67511      0.67511
      5.18770      0.45874      0.45874
      5.19770      0.44921      0.44921
      5.20770      0.87355      0.87355
      5.21770      1.42554      1.42554
      5.22770      1.45345      1.45345
      5.23770      1.16576      1.16576
      5.24770      1.08210      1.08210
      5.25770      1.20177      1.20177
      5.26770      1.09131      1.09131
      5.27770      0.74613      0.74613
      5.28770      0.67725      0.67725
      5.29770      0.82539      0.82539
      5.30770      0.79172      0.79172
      5.31770      1.01586      1.01586
      5.32770      1.44297      1.44297
      5.33770      1.41719      1.41719
      5.34770      1.03674      1.03674
      5.35770      0.92125      0.92125
      5.36770      1.34476      1.34476
      5.37770      1.69297      1.69297
      5.38770      1.37907      1.37907
      5.39770      0.97986      0.97986
      5.40770      1.00268      1.00268
      5.41770      1.15687      1.15687
      5.42770      1.24687      1.24687
      5.43770      1.50858      1.50858
      5.44770      1.97205      1.97205
      5.45770      2.07989      2.07989
      5.46770      1.91534      1.91534
      5.47770      1.88622      1.88622
      5.48770      1.77246      1.77246
      5.49770      1.17861      1.17861
      5.50770      0.67397      0.67397
      5.51770      0.75192      0.75192
      5.52770      1.32599      1.32599
      5.53770      1.75618      1.75618
      5.54770      1.63162      1.63162
      5.55770      1.32814      1.32814
      5.56770      1.26209      1.26209
      5.57770      1.43162      1.43162
      5.58770      1.88356      1.88356
      5.59770      2.19067      2.19067
      5.60770      1.68095      1.68095
      5.61770      0.96790      0.96790
      5.62770      0.87353      0.87353
      5.63770      0.95857      0.95857
      5.64770      1.02810      1.02810
      5.65770      1.37656      1.37656
      5.66770      1.70462      1.70462
      5.67770      1.71019      1.71019
      5.68770      1.54440      1.54440
      5.69770      1.33679      1.33679
      5.70770      1.39340      1.39340
      5.71770      1.35732      1.35732
      5.72770      0.77384      0.77384
      5.73770      0.45645      0.45645
      5.74770      0.84702      0.84702
      5.75770      1.25671      1.25671
      5.76770      1.11620      1.11620
      5.77770      0.86270      0.86270
      5.78770      0.95719      0.95719
      5.79770      1.38575      1.38575
      5.80770      1.74215      1.74215
      5.81770      1.69112      1.69112
      5.82770      1.47762      1.47762
      5.83770      1.20186      1.20186
      5.84770      0.92546      0.92546
      5.85770      0.82069      0.82069
      5.86770      0.87379      0.87379
      5.87770      1.05979      1.05979
      5.88770      1.35625      1.35625
      5.89770      1.52691      1.52691
      5.90770      1.26223      1.26223
      5.91770      0.79061      0.79061
      5.92770      0.65970      0.65970
      5.93770      1.01464      1.01464
      5.94770      1.53336      1.53336
      5.95770      1.91192      1.91192
      5.96770      1.86391      1.86391
      5.97770      1.34700      1.34700
      5.98770      1.01514      1.01514
      5.99770      1.07893      1.07893
      6.00770      0.88701      0.88701
      6.01770      0.39815      0.39815
      6.02770      0.20912      0.20912
      6.03770      0.51132      0.51132
      6.04770      1.05106      1.05106
      6.05770      1.31261      1.31261
      6.06770      1.30110      1.30110
      6.07770      1.23449      1.23449
      6.08770      1.28587      1.28587
      6.09770      1.32990      1.32990
      6.10770      1.30087      1.30087
      6.11770      1.23644      1.23644
      6.12770      1.01911      1.01911
      6.13770      0.89053      0.89053
      6.14770      1.15527      1.15527
      6.15770      1.39512      1.39512
      6.16770      1.69441      1.69441
      6.17770      1.90474      1.90474
