cpu-bind=MASK - n2cn0353, task  0  0 [2147415]: mask |BBBBBBBB|BBBBBBBB||BBBBBBBB|BBBBBBBB||BBBBBBBB|BBBBBBBB||BBBBBBBB|BBBBBBBB||||BBBBBBBB|BBBBBBBB||BBBBBBBB|BBBBBBBB||BBBBBBBB|BBBBBBBB||BBBBBBBB|BBBBBBBB|  set
The following modules were not unloaded:
  (Use "module --force purge" to unload all):

  1) pc2fs   2) slurm/23.11.5-1   3) DefaultModules
cpu-bind=MASK - n2cn0353, task  0  0 [2147833]: mask |BBBBBBBB|BBBBBBBB||--------|--------||--------|--------||--------|--------||||--------|--------||--------|--------||--------|--------||--------|--------|  set
cpu-bind=MASK - n2cn0353, task  1  1 [2147834]: mask |--------|--------||BBBBBBBB|BBBBBBBB||--------|--------||--------|--------||||--------|--------||--------|--------||--------|--------||--------|--------|  set
cpu-bind=MASK - n2cn0353, task  2  2 [2147835]: mask |--------|--------||--------|--------||BBBBBBBB|BBBBBBBB||--------|--------||||--------|--------||--------|--------||--------|--------||--------|--------|  set
cpu-bind=MASK - n2cn0353, task  3  3 [2147836]: mask |--------|--------||--------|--------||--------|--------||BBBBBBBB|BBBBBBBB||||--------|--------||--------|--------||--------|--------||--------|--------|  set
cpu-bind=MASK - n2cn0353, task  4  4 [2147837]: mask |--------|--------||--------|--------||--------|--------||--------|--------||||BBBBBBBB|BBBBBBBB||--------|--------||--------|--------||--------|--------|  set
cpu-bind=MASK - n2cn0353, task  5  5 [2147838]: mask |--------|--------||--------|--------||--------|--------||--------|--------||||--------|--------||BBBBBBBB|BBBBBBBB||--------|--------||--------|--------|  set
cpu-bind=MASK - n2cn0353, task  6  6 [2147839]: mask |--------|--------||--------|--------||--------|--------||--------|--------||||--------|--------||--------|--------||BBBBBBBB|BBBBBBBB||--------|--------|  set
cpu-bind=MASK - n2cn0353, task  7  7 [2147840]: mask |--------|--------||--------|--------||--------|--------||--------|--------||||--------|--------||--------|--------||--------|--------||BBBBBBBB|BBBBBBBB|  set
2024-08-14 12:00:56.329843: I tensorflow/tsl/cuda/cudart_stub.cc:28] Could not find cuda drivers on your machine, GPU will not be used.
2024-08-14 12:00:56.329846: I tensorflow/tsl/cuda/cudart_stub.cc:28] Could not find cuda drivers on your machine, GPU will not be used.
2024-08-14 12:00:56.328287: I tensorflow/tsl/cuda/cudart_stub.cc:28] Could not find cuda drivers on your machine, GPU will not be used.
2024-08-14 12:00:56.328294: I tensorflow/tsl/cuda/cudart_stub.cc:28] Could not find cuda drivers on your machine, GPU will not be used.
2024-08-14 12:00:56.328786: I tensorflow/tsl/cuda/cudart_stub.cc:28] Could not find cuda drivers on your machine, GPU will not be used.
2024-08-14 12:00:56.329537: I tensorflow/tsl/cuda/cudart_stub.cc:28] Could not find cuda drivers on your machine, GPU will not be used.
2024-08-14 12:00:56.328289: I tensorflow/tsl/cuda/cudart_stub.cc:28] Could not find cuda drivers on your machine, GPU will not be used.
2024-08-14 12:00:56.328292: I tensorflow/tsl/cuda/cudart_stub.cc:28] Could not find cuda drivers on your machine, GPU will not be used.
2024-08-14 12:00:57.832269: E tensorflow/compiler/xla/stream_executor/cuda/cuda_dnn.cc:9342] Unable to register cuDNN factory: Attempting to register factory for plugin cuDNN when one has already been registered
2024-08-14 12:00:57.832305: E tensorflow/compiler/xla/stream_executor/cuda/cuda_fft.cc:609] Unable to register cuFFT factory: Attempting to register factory for plugin cuFFT when one has already been registered
2024-08-14 12:00:57.832284: E tensorflow/compiler/xla/stream_executor/cuda/cuda_dnn.cc:9342] Unable to register cuDNN factory: Attempting to register factory for plugin cuDNN when one has already been registered
2024-08-14 12:00:57.832328: E tensorflow/compiler/xla/stream_executor/cuda/cuda_fft.cc:609] Unable to register cuFFT factory: Attempting to register factory for plugin cuFFT when one has already been registered
2024-08-14 12:00:57.832285: E tensorflow/compiler/xla/stream_executor/cuda/cuda_dnn.cc:9342] Unable to register cuDNN factory: Attempting to register factory for plugin cuDNN when one has already been registered
2024-08-14 12:00:57.832327: E tensorflow/compiler/xla/stream_executor/cuda/cuda_fft.cc:609] Unable to register cuFFT factory: Attempting to register factory for plugin cuFFT when one has already been registered
2024-08-14 12:00:57.832287: E tensorflow/compiler/xla/stream_executor/cuda/cuda_dnn.cc:9342] Unable to register cuDNN factory: Attempting to register factory for plugin cuDNN when one has already been registered
2024-08-14 12:00:57.832329: E tensorflow/compiler/xla/stream_executor/cuda/cuda_fft.cc:609] Unable to register cuFFT factory: Attempting to register factory for plugin cuFFT when one has already been registered
2024-08-14 12:00:57.832297: E tensorflow/compiler/xla/stream_executor/cuda/cuda_dnn.cc:9342] Unable to register cuDNN factory: Attempting to register factory for plugin cuDNN when one has already been registered
2024-08-14 12:00:57.832340: E tensorflow/compiler/xla/stream_executor/cuda/cuda_fft.cc:609] Unable to register cuFFT factory: Attempting to register factory for plugin cuFFT when one has already been registered
2024-08-14 12:00:57.832299: E tensorflow/compiler/xla/stream_executor/cuda/cuda_dnn.cc:9342] Unable to register cuDNN factory: Attempting to register factory for plugin cuDNN when one has already been registered
2024-08-14 12:00:57.832345: E tensorflow/compiler/xla/stream_executor/cuda/cuda_fft.cc:609] Unable to register cuFFT factory: Attempting to register factory for plugin cuFFT when one has already been registered
2024-08-14 12:00:57.832295: E tensorflow/compiler/xla/stream_executor/cuda/cuda_dnn.cc:9342] Unable to register cuDNN factory: Attempting to register factory for plugin cuDNN when one has already been registered
2024-08-14 12:00:57.832337: E tensorflow/compiler/xla/stream_executor/cuda/cuda_fft.cc:609] Unable to register cuFFT factory: Attempting to register factory for plugin cuFFT when one has already been registered
2024-08-14 12:00:57.832298: E tensorflow/compiler/xla/stream_executor/cuda/cuda_dnn.cc:9342] Unable to register cuDNN factory: Attempting to register factory for plugin cuDNN when one has already been registered
2024-08-14 12:00:57.832347: E tensorflow/compiler/xla/stream_executor/cuda/cuda_fft.cc:609] Unable to register cuFFT factory: Attempting to register factory for plugin cuFFT when one has already been registered
2024-08-14 12:00:57.837188: E tensorflow/compiler/xla/stream_executor/cuda/cuda_blas.cc:1518] Unable to register cuBLAS factory: Attempting to register factory for plugin cuBLAS when one has already been registered
2024-08-14 12:00:57.837193: E tensorflow/compiler/xla/stream_executor/cuda/cuda_blas.cc:1518] Unable to register cuBLAS factory: Attempting to register factory for plugin cuBLAS when one has already been registered
2024-08-14 12:00:57.837193: E tensorflow/compiler/xla/stream_executor/cuda/cuda_blas.cc:1518] Unable to register cuBLAS factory: Attempting to register factory for plugin cuBLAS when one has already been registered
2024-08-14 12:00:57.837191: E tensorflow/compiler/xla/stream_executor/cuda/cuda_blas.cc:1518] Unable to register cuBLAS factory: Attempting to register factory for plugin cuBLAS when one has already been registered
2024-08-14 12:00:57.837194: E tensorflow/compiler/xla/stream_executor/cuda/cuda_blas.cc:1518] Unable to register cuBLAS factory: Attempting to register factory for plugin cuBLAS when one has already been registered
2024-08-14 12:00:57.837205: E tensorflow/compiler/xla/stream_executor/cuda/cuda_blas.cc:1518] Unable to register cuBLAS factory: Attempting to register factory for plugin cuBLAS when one has already been registered
2024-08-14 12:00:57.837194: E tensorflow/compiler/xla/stream_executor/cuda/cuda_blas.cc:1518] Unable to register cuBLAS factory: Attempting to register factory for plugin cuBLAS when one has already been registered
2024-08-14 12:00:57.837172: E tensorflow/compiler/xla/stream_executor/cuda/cuda_blas.cc:1518] Unable to register cuBLAS factory: Attempting to register factory for plugin cuBLAS when one has already been registered
DeePMD-kit: Cannot find libcudart.so.11.0
implib-gen: libcudart.so.11.0: failed to load library 'libcudart.so.11.0' via callback 'DP_cudart_dlopen'
implib-gen: libcudart.so.11.0: failed to resolve symbol '__cudaRegisterFatBinary', library failed to load
implib-gen: libcudart.so.11.0: failed to load library 'libcudart.so.11.0' via callback 'DP_cudart_dlopen'
implib-gen: libcudart.so.11.0: failed to resolve symbol '__cudaRegisterFunction', library failed to load
implib-gen: libcudart.so.11.0: failed to load library 'libcudart.so.11.0' via callback 'DP_cudart_dlopen'
implib-gen: libcudart.so.11.0: failed to resolve symbol '__cudaRegisterFatBinaryEnd', library failed to load
DeePMD-kit: Cannot find libcudart.so.11.0
implib-gen: libcudart.so.11.0: failed to load library 'libcudart.so.11.0' via callback 'DP_cudart_dlopen'
implib-gen: libcudart.so.11.0: failed to resolve symbol '__cudaRegisterFatBinary', library failed to load
implib-gen: libcudart.so.11.0: failed to load library 'libcudart.so.11.0' via callback 'DP_cudart_dlopen'
implib-gen: libcudart.so.11.0: failed to resolve symbol '__cudaRegisterFunction', library failed to load
implib-gen: libcudart.so.11.0: failed to load library 'libcudart.so.11.0' via callback 'DP_cudart_dlopen'
implib-gen: libcudart.so.11.0: failed to resolve symbol '__cudaRegisterFatBinaryEnd', library failed to load
DeePMD-kit: Cannot find libcudart.so.11.0
implib-gen: libcudart.so.11.0: failed to load library 'libcudart.so.11.0' via callback 'DP_cudart_dlopen'
implib-gen: libcudart.so.11.0: failed to resolve symbol '__cudaRegisterFatBinary', library failed to load
implib-gen: libcudart.so.11.0: failed to load library 'libcudart.so.11.0' via callback 'DP_cudart_dlopen'
implib-gen: libcudart.so.11.0: failed to resolve symbol '__cudaRegisterFunction', library failed to load
implib-gen: libcudart.so.11.0: failed to load library 'libcudart.so.11.0' via callback 'DP_cudart_dlopen'
implib-gen: libcudart.so.11.0: failed to resolve symbol '__cudaRegisterFatBinaryEnd', library failed to load
DeePMD-kit: Cannot find libcudart.so.11.0
implib-gen: libcudart.so.11.0: failed to load library 'libcudart.so.11.0' via callback 'DP_cudart_dlopen'
implib-gen: libcudart.so.11.0: failed to resolve symbol '__cudaRegisterFatBinary', library failed to load
implib-gen: libcudart.so.11.0: failed to load library 'libcudart.so.11.0' via callback 'DP_cudart_dlopen'
implib-gen: libcudart.so.11.0: failed to resolve symbol '__cudaRegisterFunction', library failed to load
implib-gen: libcudart.so.11.0: failed to load library 'libcudart.so.11.0' via callback 'DP_cudart_dlopen'
implib-gen: libcudart.so.11.0: failed to resolve symbol '__cudaRegisterFatBinaryEnd', library failed to load
DeePMD-kit: Cannot find libcudart.so.11.0
implib-gen: libcudart.so.11.0: failed to load library 'libcudart.so.11.0' via callback 'DP_cudart_dlopen'
implib-gen: libcudart.so.11.0: failed to resolve symbol '__cudaRegisterFatBinary', library failed to load
implib-gen: libcudart.so.11.0: failed to load library 'libcudart.so.11.0' via callback 'DP_cudart_dlopen'
implib-gen: libcudart.so.11.0: failed to resolve symbol '__cudaRegisterFunction', library failed to load
implib-gen: libcudart.so.11.0: failed to load library 'libcudart.so.11.0' via callback 'DP_cudart_dlopen'
implib-gen: libcudart.so.11.0: failed to resolve symbol '__cudaRegisterFatBinaryEnd', library failed to load
DeePMD-kit: Cannot find libcudart.so.11.0
implib-gen: libcudart.so.11.0: failed to load library 'libcudart.so.11.0' via callback 'DP_cudart_dlopen'
implib-gen: libcudart.so.11.0: failed to resolve symbol '__cudaRegisterFatBinary', library failed to load
DeePMD-kit: Cannot find libcudart.so.11.0
implib-gen: libcudart.so.11.0: failed to load library 'libcudart.so.11.0' via callback 'DP_cudart_dlopen'
implib-gen: libcudart.so.11.0: failed to resolve symbol '__cudaRegisterFatBinary', library failed to load
implib-gen: libcudart.so.11.0: failed to load library 'libcudart.so.11.0' via callback 'DP_cudart_dlopen'
implib-gen: libcudart.so.11.0: failed to resolve symbol '__cudaRegisterFunction', library failed to load
implib-gen: libcudart.so.11.0: failed to load library 'libcudart.so.11.0' via callback 'DP_cudart_dlopen'
implib-gen: libcudart.so.11.0: failed to resolve symbol '__cudaRegisterFatBinaryEnd', library failed to load
implib-gen: libcudart.so.11.0: failed to load library 'libcudart.so.11.0' via callback 'DP_cudart_dlopen'
implib-gen: libcudart.so.11.0: failed to resolve symbol '__cudaRegisterFunction', library failed to load
implib-gen: libcudart.so.11.0: failed to load library 'libcudart.so.11.0' via callback 'DP_cudart_dlopen'
implib-gen: libcudart.so.11.0: failed to resolve symbol '__cudaRegisterFatBinaryEnd', library failed to load
DeePMD-kit: Cannot find libcudart.so.11.0
implib-gen: libcudart.so.11.0: failed to load library 'libcudart.so.11.0' via callback 'DP_cudart_dlopen'
implib-gen: libcudart.so.11.0: failed to resolve symbol '__cudaRegisterFatBinary', library failed to load
implib-gen: libcudart.so.11.0: failed to load library 'libcudart.so.11.0' via callback 'DP_cudart_dlopen'
implib-gen: libcudart.so.11.0: failed to resolve symbol '__cudaRegisterFunction', library failed to load
implib-gen: libcudart.so.11.0: failed to load library 'libcudart.so.11.0' via callback 'DP_cudart_dlopen'
implib-gen: libcudart.so.11.0: failed to resolve symbol '__cudaRegisterFatBinaryEnd', library failed to load
[n2cn0353:2147834] MCW rank 1 bound to socket 0[core 16[hwt 0]]: [././././././././././././././././B/././././././././././././././././././././././././././././././././././././././././././././././.][./././././././././././././././././././././././././././././././././././././././././././././././././././././././././././././././.]
[n2cn0353:2147835] MCW rank 2 bound to socket 0[core 32[hwt 0]]: [././././././././././././././././././././././././././././././././B/././././././././././././././././././././././././././././././.][./././././././././././././././././././././././././././././././././././././././././././././././././././././././././././././././.]
[n2cn0353:2147834] MCW rank 1 bound to socket 0[core 16[hwt 0]]: [././././././././././././././././B/././././././././././././././././././././././././././././././././././././././././././././././.][./././././././././././././././././././././././././././././././././././././././././././././././././././././././././././././././.]
[n2cn0353:2147835] MCW rank 2 bound to socket 0[core 32[hwt 0]]: [././././././././././././././././././././././././././././././././B/././././././././././././././././././././././././././././././.][./././././././././././././././././././././././././././././././././././././././././././././././././././././././././././././././.]
[n2cn0353:2147833] MCW rank 0 bound to socket 0[core 0[hwt 0]]: [B/././././././././././././././././././././././././././././././././././././././././././././././././././././././././././././././.][./././././././././././././././././././././././././././././././././././././././././././././././././././././././././././././././.]
[n2cn0353:2147833] MCW rank 0 bound to socket 0[core 0[hwt 0]]: [B/././././././././././././././././././././././././././././././././././././././././././././././././././././././././././././././.][./././././././././././././././././././././././././././././././././././././././././././././././././././././././././././././././.]
[n2cn0353:2147836] MCW rank 3 bound to socket 0[core 48[hwt 0]]: [././././././././././././././././././././././././././././././././././././././././././././././././B/././././././././././././././.][./././././././././././././././././././././././././././././././././././././././././././././././././././././././././././././././.]
[n2cn0353:2147837] MCW rank 4 bound to socket 1[core 64[hwt 0]]: [./././././././././././././././././././././././././././././././././././././././././././././././././././././././././././././././.][B/././././././././././././././././././././././././././././././././././././././././././././././././././././././././././././././.]
[n2cn0353:2147840] MCW rank 7 bound to socket 1[core 112[hwt 0]]: [./././././././././././././././././././././././././././././././././././././././././././././././././././././././././././././././.][././././././././././././././././././././././././././././././././././././././././././././././././B/././././././././././././././.]
[n2cn0353:2147836] MCW rank 3 bound to socket 0[core 48[hwt 0]]: [././././././././././././././././././././././././././././././././././././././././././././././././B/././././././././././././././.][./././././././././././././././././././././././././././././././././././././././././././././././././././././././././././././././.]
[n2cn0353:2147837] MCW rank 4 bound to socket 1[core 64[hwt 0]]: [./././././././././././././././././././././././././././././././././././././././././././././././././././././././././././././././.][B/././././././././././././././././././././././././././././././././././././././././././././././././././././././././././././././.]
[n2cn0353:2147840] MCW rank 7 bound to socket 1[core 112[hwt 0]]: [./././././././././././././././././././././././././././././././././././././././././././././././././././././././././././././././.][././././././././././././././././././././././././././././././././././././././././././././././././B/././././././././././././././.]
[n2cn0353:2147839] MCW rank 6 bound to socket 1[core 96[hwt 0]]: [./././././././././././././././././././././././././././././././././././././././././././././././././././././././././././././././.][././././././././././././././././././././././././././././././././B/././././././././././././././././././././././././././././././.]
[n2cn0353:2147839] MCW rank 6 bound to socket 1[core 96[hwt 0]]: [./././././././././././././././././././././././././././././././././././././././././././././././././././././././././././././././.][././././././././././././././././././././././././././././././././B/././././././././././././././././././././././././././././././.]
[n2cn0353:2147838] MCW rank 5 bound to socket 1[core 80[hwt 0]]: [./././././././././././././././././././././././././././././././././././././././././././././././././././././././././././././././.][././././././././././././././././B/././././././././././././././././././././././././././././././././././././././././././././././.]
[n2cn0353:2147838] MCW rank 5 bound to socket 1[core 80[hwt 0]]: [./././././././././././././././././././././././././././././././././././././././././././././././././././././././././././././././.][././././././././././././././././B/././././././././././././././././././././././././././././././././././././././././././././././.]
At line 805 of file /pc2/groups/hpc-prf-metdyn/metdyn02_Remi/cp2k/vanilla/cp2k/src/kpoint_coulomb_2c.F
Fortran runtime error: Index '2056' of dimension 1 of array 'testcos' above upper bound of 2048

Error termination. Backtrace:
At line 805 of file /pc2/groups/hpc-prf-metdyn/metdyn02_Remi/cp2k/vanilla/cp2k/src/kpoint_coulomb_2c.F
Fortran runtime error: Index '2049' of dimension 1 of array 'testcos' above upper bound of 2048

Error termination. Backtrace:
At line 805 of file /pc2/groups/hpc-prf-metdyn/metdyn02_Remi/cp2k/vanilla/cp2k/src/kpoint_coulomb_2c.F
Fortran runtime error: Index '2050' of dimension 1 of array 'testcos' above upper bound of 2048

Error termination. Backtrace:
At line 805 of file /pc2/groups/hpc-prf-metdyn/metdyn02_Remi/cp2k/vanilla/cp2k/src/kpoint_coulomb_2c.F
Fortran runtime error: Index '2051' of dimension 1 of array 'testcos' above upper bound of 2048

Error termination. Backtrace:
At line 805 of file /pc2/groups/hpc-prf-metdyn/metdyn02_Remi/cp2k/vanilla/cp2k/src/kpoint_coulomb_2c.F
Fortran runtime error: Index '2052' of dimension 1 of array 'testcos' above upper bound of 2048

Error termination. Backtrace:
At line 805 of file /pc2/groups/hpc-prf-metdyn/metdyn02_Remi/cp2k/vanilla/cp2k/src/kpoint_coulomb_2c.F
Fortran runtime error: Index '2053' of dimension 1 of array 'testcos' above upper bound of 2048

Error termination. Backtrace:
At line 805 of file /pc2/groups/hpc-prf-metdyn/metdyn02_Remi/cp2k/vanilla/cp2k/src/kpoint_coulomb_2c.F
Fortran runtime error: Index '2054' of dimension 1 of array 'testcos' above upper bound of 2048

Error termination. Backtrace:
At line 805 of file /pc2/groups/hpc-prf-metdyn/metdyn02_Remi/cp2k/vanilla/cp2k/src/kpoint_coulomb_2c.F
Fortran runtime error: Index '2055' of dimension 1 of array 'testcos' above upper bound of 2048

Error termination. Backtrace:
#0  0x21543a3 in __kpoint_coulomb_2c_MOD_build_2c_coulomb_matrix_kp_small_cell
	at /pc2/groups/hpc-prf-metdyn/metdyn02_Remi/cp2k/vanilla/cp2k/src/kpoint_coulomb_2c.F:805
#0  0x21543a3 in __kpoint_coulomb_2c_MOD_build_2c_coulomb_matrix_kp_small_cell
	at /pc2/groups/hpc-prf-metdyn/metdyn02_Remi/cp2k/vanilla/cp2k/src/kpoint_coulomb_2c.F:805
#0  0x21543a3 in __kpoint_coulomb_2c_MOD_build_2c_coulomb_matrix_kp_small_cell
	at /pc2/groups/hpc-prf-metdyn/metdyn02_Remi/cp2k/vanilla/cp2k/src/kpoint_coulomb_2c.F:805
#0  0x21543a3 in __kpoint_coulomb_2c_MOD_build_2c_coulomb_matrix_kp_small_cell
	at /pc2/groups/hpc-prf-metdyn/metdyn02_Remi/cp2k/vanilla/cp2k/src/kpoint_coulomb_2c.F:805
#0  0x21543a3 in __kpoint_coulomb_2c_MOD_build_2c_coulomb_matrix_kp_small_cell
	at /pc2/groups/hpc-prf-metdyn/metdyn02_Remi/cp2k/vanilla/cp2k/src/kpoint_coulomb_2c.F:805
#0  0x21543a3 in __kpoint_coulomb_2c_MOD_build_2c_coulomb_matrix_kp_small_cell
	at /pc2/groups/hpc-prf-metdyn/metdyn02_Remi/cp2k/vanilla/cp2k/src/kpoint_coulomb_2c.F:805
#0  0x21543a3 in __kpoint_coulomb_2c_MOD_build_2c_coulomb_matrix_kp_small_cell
	at /pc2/groups/hpc-prf-metdyn/metdyn02_Remi/cp2k/vanilla/cp2k/src/kpoint_coulomb_2c.F:805
#0  0x21543a3 in __kpoint_coulomb_2c_MOD_build_2c_coulomb_matrix_kp_small_cell
	at /pc2/groups/hpc-prf-metdyn/metdyn02_Remi/cp2k/vanilla/cp2k/src/kpoint_coulomb_2c.F:805
#1  0x2443e91 in compute_minv_and_vsqrt
	at /pc2/groups/hpc-prf-metdyn/metdyn02_Remi/cp2k/vanilla/cp2k/src/gw_small_cell_full_kp.F:706
#2  0x2443e91 in compute_w_real_space
	at /pc2/groups/hpc-prf-metdyn/metdyn02_Remi/cp2k/vanilla/cp2k/src/gw_small_cell_full_kp.F:557
#3  0x244992e in __gw_small_cell_full_kp_MOD_gw_calc_small_cell_full_kp
	at /pc2/groups/hpc-prf-metdyn/metdyn02_Remi/cp2k/vanilla/cp2k/src/gw_small_cell_full_kp.F:93
#1  0x2443e91 in compute_minv_and_vsqrt
	at /pc2/groups/hpc-prf-metdyn/metdyn02_Remi/cp2k/vanilla/cp2k/src/gw_small_cell_full_kp.F:706
#2  0x2443e91 in compute_w_real_space
	at /pc2/groups/hpc-prf-metdyn/metdyn02_Remi/cp2k/vanilla/cp2k/src/gw_small_cell_full_kp.F:557
#3  0x244992e in __gw_small_cell_full_kp_MOD_gw_calc_small_cell_full_kp
	at /pc2/groups/hpc-prf-metdyn/metdyn02_Remi/cp2k/vanilla/cp2k/src/gw_small_cell_full_kp.F:93
#1  0x2443e91 in compute_minv_and_vsqrt
	at /pc2/groups/hpc-prf-metdyn/metdyn02_Remi/cp2k/vanilla/cp2k/src/gw_small_cell_full_kp.F:706
#2  0x2443e91 in compute_w_real_space
	at /pc2/groups/hpc-prf-metdyn/metdyn02_Remi/cp2k/vanilla/cp2k/src/gw_small_cell_full_kp.F:557
#3  0x244992e in __gw_small_cell_full_kp_MOD_gw_calc_small_cell_full_kp
	at /pc2/groups/hpc-prf-metdyn/metdyn02_Remi/cp2k/vanilla/cp2k/src/gw_small_cell_full_kp.F:93
#1  0x2443e91 in compute_minv_and_vsqrt
	at /pc2/groups/hpc-prf-metdyn/metdyn02_Remi/cp2k/vanilla/cp2k/src/gw_small_cell_full_kp.F:706
#2  0x2443e91 in compute_w_real_space
	at /pc2/groups/hpc-prf-metdyn/metdyn02_Remi/cp2k/vanilla/cp2k/src/gw_small_cell_full_kp.F:557
#3  0x244992e in __gw_small_cell_full_kp_MOD_gw_calc_small_cell_full_kp
	at /pc2/groups/hpc-prf-metdyn/metdyn02_Remi/cp2k/vanilla/cp2k/src/gw_small_cell_full_kp.F:93
#1  0x2443e91 in compute_minv_and_vsqrt
	at /pc2/groups/hpc-prf-metdyn/metdyn02_Remi/cp2k/vanilla/cp2k/src/gw_small_cell_full_kp.F:706
#2  0x2443e91 in compute_w_real_space
	at /pc2/groups/hpc-prf-metdyn/metdyn02_Remi/cp2k/vanilla/cp2k/src/gw_small_cell_full_kp.F:557
#3  0x244992e in __gw_small_cell_full_kp_MOD_gw_calc_small_cell_full_kp
	at /pc2/groups/hpc-prf-metdyn/metdyn02_Remi/cp2k/vanilla/cp2k/src/gw_small_cell_full_kp.F:93
#1  0x2443e91 in compute_minv_and_vsqrt
	at /pc2/groups/hpc-prf-metdyn/metdyn02_Remi/cp2k/vanilla/cp2k/src/gw_small_cell_full_kp.F:706
#2  0x2443e91 in compute_w_real_space
	at /pc2/groups/hpc-prf-metdyn/metdyn02_Remi/cp2k/vanilla/cp2k/src/gw_small_cell_full_kp.F:557
#3  0x244992e in __gw_small_cell_full_kp_MOD_gw_calc_small_cell_full_kp
	at /pc2/groups/hpc-prf-metdyn/metdyn02_Remi/cp2k/vanilla/cp2k/src/gw_small_cell_full_kp.F:93
#1  0x2443e91 in compute_minv_and_vsqrt
	at /pc2/groups/hpc-prf-metdyn/metdyn02_Remi/cp2k/vanilla/cp2k/src/gw_small_cell_full_kp.F:706
#2  0x2443e91 in compute_w_real_space
	at /pc2/groups/hpc-prf-metdyn/metdyn02_Remi/cp2k/vanilla/cp2k/src/gw_small_cell_full_kp.F:557
#3  0x244992e in __gw_small_cell_full_kp_MOD_gw_calc_small_cell_full_kp
	at /pc2/groups/hpc-prf-metdyn/metdyn02_Remi/cp2k/vanilla/cp2k/src/gw_small_cell_full_kp.F:93
#1  0x2443e91 in compute_minv_and_vsqrt
	at /pc2/groups/hpc-prf-metdyn/metdyn02_Remi/cp2k/vanilla/cp2k/src/gw_small_cell_full_kp.F:706
#2  0x2443e91 in compute_w_real_space
	at /pc2/groups/hpc-prf-metdyn/metdyn02_Remi/cp2k/vanilla/cp2k/src/gw_small_cell_full_kp.F:557
#3  0x244992e in __gw_small_cell_full_kp_MOD_gw_calc_small_cell_full_kp
	at /pc2/groups/hpc-prf-metdyn/metdyn02_Remi/cp2k/vanilla/cp2k/src/gw_small_cell_full_kp.F:93
#4  0x204f294 in __gw_main_MOD_gw
	at /pc2/groups/hpc-prf-metdyn/metdyn02_Remi/cp2k/vanilla/cp2k/src/gw_main.F:59
#4  0x204f294 in __gw_main_MOD_gw
	at /pc2/groups/hpc-prf-metdyn/metdyn02_Remi/cp2k/vanilla/cp2k/src/gw_main.F:59
#4  0x204f294 in __gw_main_MOD_gw
	at /pc2/groups/hpc-prf-metdyn/metdyn02_Remi/cp2k/vanilla/cp2k/src/gw_main.F:59
#4  0x204f294 in __gw_main_MOD_gw
	at /pc2/groups/hpc-prf-metdyn/metdyn02_Remi/cp2k/vanilla/cp2k/src/gw_main.F:59
#4  0x204f294 in __gw_main_MOD_gw
	at /pc2/groups/hpc-prf-metdyn/metdyn02_Remi/cp2k/vanilla/cp2k/src/gw_main.F:59
#4  0x204f294 in __gw_main_MOD_gw
	at /pc2/groups/hpc-prf-metdyn/metdyn02_Remi/cp2k/vanilla/cp2k/src/gw_main.F:59
#4  0x204f294 in __gw_main_MOD_gw
	at /pc2/groups/hpc-prf-metdyn/metdyn02_Remi/cp2k/vanilla/cp2k/src/gw_main.F:59
#4  0x204f294 in __gw_main_MOD_gw
	at /pc2/groups/hpc-prf-metdyn/metdyn02_Remi/cp2k/vanilla/cp2k/src/gw_main.F:59
#5  0x185d842 in __post_scf_bandstructure_methods_MOD_post_scf_bandstructure
	at /pc2/groups/hpc-prf-metdyn/metdyn02_Remi/cp2k/vanilla/cp2k/src/post_scf_bandstructure_methods.F:55
#5  0x185d842 in __post_scf_bandstructure_methods_MOD_post_scf_bandstructure
	at /pc2/groups/hpc-prf-metdyn/metdyn02_Remi/cp2k/vanilla/cp2k/src/post_scf_bandstructure_methods.F:55
#5  0x185d842 in __post_scf_bandstructure_methods_MOD_post_scf_bandstructure
	at /pc2/groups/hpc-prf-metdyn/metdyn02_Remi/cp2k/vanilla/cp2k/src/post_scf_bandstructure_methods.F:55
#5  0x185d842 in __post_scf_bandstructure_methods_MOD_post_scf_bandstructure
	at /pc2/groups/hpc-prf-metdyn/metdyn02_Remi/cp2k/vanilla/cp2k/src/post_scf_bandstructure_methods.F:55
#5  0x185d842 in __post_scf_bandstructure_methods_MOD_post_scf_bandstructure
	at /pc2/groups/hpc-prf-metdyn/metdyn02_Remi/cp2k/vanilla/cp2k/src/post_scf_bandstructure_methods.F:55
#5  0x185d842 in __post_scf_bandstructure_methods_MOD_post_scf_bandstructure
	at /pc2/groups/hpc-prf-metdyn/metdyn02_Remi/cp2k/vanilla/cp2k/src/post_scf_bandstructure_methods.F:55
#5  0x185d842 in __post_scf_bandstructure_methods_MOD_post_scf_bandstructure
	at /pc2/groups/hpc-prf-metdyn/metdyn02_Remi/cp2k/vanilla/cp2k/src/post_scf_bandstructure_methods.F:55
#5  0x185d842 in __post_scf_bandstructure_methods_MOD_post_scf_bandstructure
	at /pc2/groups/hpc-prf-metdyn/metdyn02_Remi/cp2k/vanilla/cp2k/src/post_scf_bandstructure_methods.F:55
#6  0x104bf84 in __qs_energy_utils_MOD_qs_energies_properties
	at /pc2/groups/hpc-prf-metdyn/metdyn02_Remi/cp2k/vanilla/cp2k/src/qs_energy_utils.F:205
#6  0x104bf84 in __qs_energy_utils_MOD_qs_energies_properties
	at /pc2/groups/hpc-prf-metdyn/metdyn02_Remi/cp2k/vanilla/cp2k/src/qs_energy_utils.F:205
#6  0x104bf84 in __qs_energy_utils_MOD_qs_energies_properties
	at /pc2/groups/hpc-prf-metdyn/metdyn02_Remi/cp2k/vanilla/cp2k/src/qs_energy_utils.F:205
#6  0x104bf84 in __qs_energy_utils_MOD_qs_energies_properties
	at /pc2/groups/hpc-prf-metdyn/metdyn02_Remi/cp2k/vanilla/cp2k/src/qs_energy_utils.F:205
#6  0x104bf84 in __qs_energy_utils_MOD_qs_energies_properties
	at /pc2/groups/hpc-prf-metdyn/metdyn02_Remi/cp2k/vanilla/cp2k/src/qs_energy_utils.F:205
#6  0x104bf84 in __qs_energy_utils_MOD_qs_energies_properties
	at /pc2/groups/hpc-prf-metdyn/metdyn02_Remi/cp2k/vanilla/cp2k/src/qs_energy_utils.F:205
#6  0x104bf84 in __qs_energy_utils_MOD_qs_energies_properties
	at /pc2/groups/hpc-prf-metdyn/metdyn02_Remi/cp2k/vanilla/cp2k/src/qs_energy_utils.F:205
#6  0x104bf84 in __qs_energy_utils_MOD_qs_energies_properties
	at /pc2/groups/hpc-prf-metdyn/metdyn02_Remi/cp2k/vanilla/cp2k/src/qs_energy_utils.F:205
#7  0xf8faae in __qs_energy_MOD_qs_energies
	at /pc2/groups/hpc-prf-metdyn/metdyn02_Remi/cp2k/vanilla/cp2k/src/qs_energy.F:145
#7  0xf8faae in __qs_energy_MOD_qs_energies
	at /pc2/groups/hpc-prf-metdyn/metdyn02_Remi/cp2k/vanilla/cp2k/src/qs_energy.F:145
#7  0xf8faae in __qs_energy_MOD_qs_energies
	at /pc2/groups/hpc-prf-metdyn/metdyn02_Remi/cp2k/vanilla/cp2k/src/qs_energy.F:145
#7  0xf8faae in __qs_energy_MOD_qs_energies
	at /pc2/groups/hpc-prf-metdyn/metdyn02_Remi/cp2k/vanilla/cp2k/src/qs_energy.F:145
#7  0xf8faae in __qs_energy_MOD_qs_energies
	at /pc2/groups/hpc-prf-metdyn/metdyn02_Remi/cp2k/vanilla/cp2k/src/qs_energy.F:145
#7  0xf8faae in __qs_energy_MOD_qs_energies
	at /pc2/groups/hpc-prf-metdyn/metdyn02_Remi/cp2k/vanilla/cp2k/src/qs_energy.F:145
#7  0xf8faae in __qs_energy_MOD_qs_energies
	at /pc2/groups/hpc-prf-metdyn/metdyn02_Remi/cp2k/vanilla/cp2k/src/qs_energy.F:145
#7  0xf8faae in __qs_energy_MOD_qs_energies
	at /pc2/groups/hpc-prf-metdyn/metdyn02_Remi/cp2k/vanilla/cp2k/src/qs_energy.F:145
#8  0x10dd48a in __qs_force_MOD_qs_calc_energy_force
	at /pc2/groups/hpc-prf-metdyn/metdyn02_Remi/cp2k/vanilla/cp2k/src/qs_force.F:115
#8  0x10dd48a in __qs_force_MOD_qs_calc_energy_force
	at /pc2/groups/hpc-prf-metdyn/metdyn02_Remi/cp2k/vanilla/cp2k/src/qs_force.F:115
#8  0x10dd48a in __qs_force_MOD_qs_calc_energy_force
	at /pc2/groups/hpc-prf-metdyn/metdyn02_Remi/cp2k/vanilla/cp2k/src/qs_force.F:115
#8  0x10dd48a in __qs_force_MOD_qs_calc_energy_force
	at /pc2/groups/hpc-prf-metdyn/metdyn02_Remi/cp2k/vanilla/cp2k/src/qs_force.F:115
#8  0x10dd48a in __qs_force_MOD_qs_calc_energy_force
	at /pc2/groups/hpc-prf-metdyn/metdyn02_Remi/cp2k/vanilla/cp2k/src/qs_force.F:115
#8  0x10dd48a in __qs_force_MOD_qs_calc_energy_force
	at /pc2/groups/hpc-prf-metdyn/metdyn02_Remi/cp2k/vanilla/cp2k/src/qs_force.F:115
#8  0x10dd48a in __qs_force_MOD_qs_calc_energy_force
	at /pc2/groups/hpc-prf-metdyn/metdyn02_Remi/cp2k/vanilla/cp2k/src/qs_force.F:115
#8  0x10dd48a in __qs_force_MOD_qs_calc_energy_force
	at /pc2/groups/hpc-prf-metdyn/metdyn02_Remi/cp2k/vanilla/cp2k/src/qs_force.F:115
#9  0xc0ede0 in __force_env_methods_MOD_force_env_calc_energy_force
	at /pc2/groups/hpc-prf-metdyn/metdyn02_Remi/cp2k/vanilla/cp2k/src/force_env_methods.F:259
#9  0xc0ede0 in __force_env_methods_MOD_force_env_calc_energy_force
	at /pc2/groups/hpc-prf-metdyn/metdyn02_Remi/cp2k/vanilla/cp2k/src/force_env_methods.F:259
#9  0xc0ede0 in __force_env_methods_MOD_force_env_calc_energy_force
	at /pc2/groups/hpc-prf-metdyn/metdyn02_Remi/cp2k/vanilla/cp2k/src/force_env_methods.F:259
#9  0xc0ede0 in __force_env_methods_MOD_force_env_calc_energy_force
	at /pc2/groups/hpc-prf-metdyn/metdyn02_Remi/cp2k/vanilla/cp2k/src/force_env_methods.F:259
#9  0xc0ede0 in __force_env_methods_MOD_force_env_calc_energy_force
	at /pc2/groups/hpc-prf-metdyn/metdyn02_Remi/cp2k/vanilla/cp2k/src/force_env_methods.F:259
#9  0xc0ede0 in __force_env_methods_MOD_force_env_calc_energy_force
	at /pc2/groups/hpc-prf-metdyn/metdyn02_Remi/cp2k/vanilla/cp2k/src/force_env_methods.F:259
#9  0xc0ede0 in __force_env_methods_MOD_force_env_calc_energy_force
	at /pc2/groups/hpc-prf-metdyn/metdyn02_Remi/cp2k/vanilla/cp2k/src/force_env_methods.F:259
#9  0xc0ede0 in __force_env_methods_MOD_force_env_calc_energy_force
	at /pc2/groups/hpc-prf-metdyn/metdyn02_Remi/cp2k/vanilla/cp2k/src/force_env_methods.F:259
#10  0x6a11e0 in cp2k_run
	at /pc2/groups/hpc-prf-metdyn/metdyn02_Remi/cp2k/vanilla/cp2k/src/start/cp2k_runs.F:359
#11  0x6a2cf2 in __cp2k_runs_MOD_run_input
	at /pc2/groups/hpc-prf-metdyn/metdyn02_Remi/cp2k/vanilla/cp2k/src/start/cp2k_runs.F:968
#10  0x6a11e0 in cp2k_run
	at /pc2/groups/hpc-prf-metdyn/metdyn02_Remi/cp2k/vanilla/cp2k/src/start/cp2k_runs.F:359
#11  0x6a2cf2 in __cp2k_runs_MOD_run_input
	at /pc2/groups/hpc-prf-metdyn/metdyn02_Remi/cp2k/vanilla/cp2k/src/start/cp2k_runs.F:968
#10  0x6a11e0 in cp2k_run
	at /pc2/groups/hpc-prf-metdyn/metdyn02_Remi/cp2k/vanilla/cp2k/src/start/cp2k_runs.F:359
#11  0x6a2cf2 in __cp2k_runs_MOD_run_input
	at /pc2/groups/hpc-prf-metdyn/metdyn02_Remi/cp2k/vanilla/cp2k/src/start/cp2k_runs.F:968
#10  0x6a11e0 in cp2k_run
	at /pc2/groups/hpc-prf-metdyn/metdyn02_Remi/cp2k/vanilla/cp2k/src/start/cp2k_runs.F:359
#11  0x6a2cf2 in __cp2k_runs_MOD_run_input
	at /pc2/groups/hpc-prf-metdyn/metdyn02_Remi/cp2k/vanilla/cp2k/src/start/cp2k_runs.F:968
#10  0x6a11e0 in cp2k_run
	at /pc2/groups/hpc-prf-metdyn/metdyn02_Remi/cp2k/vanilla/cp2k/src/start/cp2k_runs.F:359
#11  0x6a2cf2 in __cp2k_runs_MOD_run_input
	at /pc2/groups/hpc-prf-metdyn/metdyn02_Remi/cp2k/vanilla/cp2k/src/start/cp2k_runs.F:968
#10  0x6a11e0 in cp2k_run
	at /pc2/groups/hpc-prf-metdyn/metdyn02_Remi/cp2k/vanilla/cp2k/src/start/cp2k_runs.F:359
#10  0x6a11e0 in cp2k_run
	at /pc2/groups/hpc-prf-metdyn/metdyn02_Remi/cp2k/vanilla/cp2k/src/start/cp2k_runs.F:359
#10  0x6a11e0 in cp2k_run
	at /pc2/groups/hpc-prf-metdyn/metdyn02_Remi/cp2k/vanilla/cp2k/src/start/cp2k_runs.F:359
#11  0x6a2cf2 in __cp2k_runs_MOD_run_input
	at /pc2/groups/hpc-prf-metdyn/metdyn02_Remi/cp2k/vanilla/cp2k/src/start/cp2k_runs.F:968
#11  0x6a2cf2 in __cp2k_runs_MOD_run_input
	at /pc2/groups/hpc-prf-metdyn/metdyn02_Remi/cp2k/vanilla/cp2k/src/start/cp2k_runs.F:968
#11  0x6a2cf2 in __cp2k_runs_MOD_run_input
	at /pc2/groups/hpc-prf-metdyn/metdyn02_Remi/cp2k/vanilla/cp2k/src/start/cp2k_runs.F:968
#12  0x697ad8 in cp2k
	at /pc2/groups/hpc-prf-metdyn/metdyn02_Remi/cp2k/vanilla/cp2k/src/start/cp2k.F:379
#13  0x697df4 in main
	at /pc2/groups/hpc-prf-metdyn/metdyn02_Remi/cp2k/vanilla/cp2k/src/start/cp2k.F:44
#12  0x697ad8 in cp2k
	at /pc2/groups/hpc-prf-metdyn/metdyn02_Remi/cp2k/vanilla/cp2k/src/start/cp2k.F:379
#13  0x697df4 in main
	at /pc2/groups/hpc-prf-metdyn/metdyn02_Remi/cp2k/vanilla/cp2k/src/start/cp2k.F:44
#12  0x697ad8 in cp2k
	at /pc2/groups/hpc-prf-metdyn/metdyn02_Remi/cp2k/vanilla/cp2k/src/start/cp2k.F:379
#13  0x697df4 in main
	at /pc2/groups/hpc-prf-metdyn/metdyn02_Remi/cp2k/vanilla/cp2k/src/start/cp2k.F:44
#12  0x697ad8 in cp2k
	at /pc2/groups/hpc-prf-metdyn/metdyn02_Remi/cp2k/vanilla/cp2k/src/start/cp2k.F:379
#13  0x697df4 in main
	at /pc2/groups/hpc-prf-metdyn/metdyn02_Remi/cp2k/vanilla/cp2k/src/start/cp2k.F:44
#12  0x697ad8 in cp2k
	at /pc2/groups/hpc-prf-metdyn/metdyn02_Remi/cp2k/vanilla/cp2k/src/start/cp2k.F:379
#13  0x697df4 in main
	at /pc2/groups/hpc-prf-metdyn/metdyn02_Remi/cp2k/vanilla/cp2k/src/start/cp2k.F:44
#12  0x697ad8 in cp2k
	at /pc2/groups/hpc-prf-metdyn/metdyn02_Remi/cp2k/vanilla/cp2k/src/start/cp2k.F:379
#13  0x697df4 in main
	at /pc2/groups/hpc-prf-metdyn/metdyn02_Remi/cp2k/vanilla/cp2k/src/start/cp2k.F:44
#12  0x697ad8 in cp2k
	at /pc2/groups/hpc-prf-metdyn/metdyn02_Remi/cp2k/vanilla/cp2k/src/start/cp2k.F:379
#13  0x697df4 in main
	at /pc2/groups/hpc-prf-metdyn/metdyn02_Remi/cp2k/vanilla/cp2k/src/start/cp2k.F:44
#12  0x697ad8 in cp2k
	at /pc2/groups/hpc-prf-metdyn/metdyn02_Remi/cp2k/vanilla/cp2k/src/start/cp2k.F:379
#13  0x697df4 in main
	at /pc2/groups/hpc-prf-metdyn/metdyn02_Remi/cp2k/vanilla/cp2k/src/start/cp2k.F:44

=================================================================
==2147838==ERROR: LeakSanitizer: detected memory leaks

Direct leak of 896 byte(s) in 7 object(s) allocated from:

=================================================================
==2147836==ERROR: LeakSanitizer: detected memory leaks

Direct leak of 896 byte(s) in 7 object(s) allocated from:

=================================================================
==2147833==ERROR: LeakSanitizer: detected memory leaks

Direct leak of 896 byte(s) in 7 object(s) allocated from:

=================================================================
==2147834==ERROR: LeakSanitizer: detected memory leaks

Direct leak of 896 byte(s) in 7 object(s) allocated from:
    #0 0x146716f6fce5 in __interceptor_malloc ../../../../libsanitizer/lsan/lsan_interceptors.cpp:75
    #1 0x14669082748e in ucs_malloc debug/memtrack.c:319
    #2 0x61a0000053ff  (<unknown module>)

Direct leak of 221 byte(s) in 10 object(s) allocated from:
    #0 0x146716f6fce5 in __interceptor_malloc ../../../../libsanitizer/lsan/lsan_interceptors.cpp:75
    #1 0x14671438f68d in __strdup (/lib64/libc.so.6+0x9f68d) (BuildId: bcf7d4714a96a09aa490186eff807f4877855aa8)

Direct leak of 192 byte(s) in 6 object(s) allocated from:
    #0 0x146716f6fce5 in __interceptor_malloc ../../../../libsanitizer/lsan/lsan_interceptors.cpp:75
    #1 0x14669082748e in ucs_malloc debug/memtrack.c:319
    #2 0x1466908c8f04 in ucp_ep_create_to_worker_addr core/ucp_ep.c:830

Direct leak of 165 byte(s) in 1 object(s) allocated from:
    #0 0x146716f6dfc6 in __interceptor_realloc ../../../../libsanitizer/lsan/lsan_interceptors.cpp:98
    #1 0x14671437ec3a in vasprintf (/lib64/libc.so.6+0x8ec3a) (BuildId: bcf7d4714a96a09aa490186eff807f4877855aa8)

Direct leak of 160 byte(s) in 1 object(s) allocated from:
    #0 0x1531add85ce5 in __interceptor_malloc ../../../../libsanitizer/lsan/lsan_interceptors.cpp:75
    #1 0x15312764048e in ucs_malloc debug/memtrack.c:319
    #2 0x61a0000053ff  (<unknown module>)

Direct leak of 220 byte(s) in 10 object(s) allocated from:
    #0 0x1531add85ce5 in __interceptor_malloc ../../../../libsanitizer/lsan/lsan_interceptors.cpp:75
    #1 0x1531ab1a568d in __strdup (/lib64/libc.so.6+0x9f68d) (BuildId: bcf7d4714a96a09aa490186eff807f4877855aa8)

Direct leak of 192 byte(s) in 6 object(s) allocated from:
    #0 0x1531add85ce5 in __interceptor_malloc ../../../../libsanitizer/lsan/lsan_interceptors.cpp:75
    #1 0x15312764048e in ucs_malloc debug/memtrack.c:319
    #2 0x1531276e1f04 in ucp_ep_create_to_worker_addr core/ucp_ep.c:830

Direct leak of 165 byte(s) in 1 object(s) allocated from:
    #0 0x1531add83fc6 in __interceptor_realloc ../../../../libsanitizer/lsan/lsan_interceptors.cpp:98
    #1 0x1531ab194c3a in vasprintf (/lib64/libc.so.6+0x8ec3a) (BuildId: bcf7d4714a96a09aa490186eff807f4877855aa8)

Direct leak of 160 byte(s) in 1 object(s) allocated from:
    #0 0x151b8acd4ce5 in __interceptor_malloc ../../../../libsanitizer/lsan/lsan_interceptors.cpp:75
    #1 0x151afc58748e in ucs_malloc debug/memtrack.c:319
    #2 0x61a0000053ff  (<unknown module>)

Direct leak of 216 byte(s) in 10 object(s) allocated from:
    #0 0x151b8acd4ce5 in __interceptor_malloc ../../../../libsanitizer/lsan/lsan_interceptors.cpp:75
    #1 0x151b880f468d in __strdup (/lib64/libc.so.6+0x9f68d) (BuildId: bcf7d4714a96a09aa490186eff807f4877855aa8)

Direct leak of 192 byte(s) in 6 object(s) allocated from:
    #0 0x151b8acd4ce5 in __interceptor_malloc ../../../../libsanitizer/lsan/lsan_interceptors.cpp:75
    #1 0x151afc58748e in ucs_malloc debug/memtrack.c:319
    #2 0x151afc628f04 in ucp_ep_create_to_worker_addr core/ucp_ep.c:830

Direct leak of 165 byte(s) in 1 object(s) allocated from:
    #0 0x151b8acd2fc6 in __interceptor_realloc ../../../../libsanitizer/lsan/lsan_interceptors.cpp:98
    #1 0x151b880e3c3a in vasprintf (/lib64/libc.so.6+0x8ec3a) (BuildId: bcf7d4714a96a09aa490186eff807f4877855aa8)

Direct leak of 160 byte(s) in 1 object(s) allocated from:
    #0 0x15136d466ce5 in __interceptor_malloc ../../../../libsanitizer/lsan/lsan_interceptors.cpp:75
    #1 0x1512e6d2048e in ucs_malloc debug/memtrack.c:319
    #2 0x61a0000053ff  (<unknown module>)

Direct leak of 220 byte(s) in 10 object(s) allocated from:
    #0 0x15136d466ce5 in __interceptor_malloc ../../../../libsanitizer/lsan/lsan_interceptors.cpp:75
    #1 0x15136a88668d in __strdup (/lib64/libc.so.6+0x9f68d) (BuildId: bcf7d4714a96a09aa490186eff807f4877855aa8)

Direct leak of 192 byte(s) in 6 object(s) allocated from:
    #0 0x15136d466ce5 in __interceptor_malloc ../../../../libsanitizer/lsan/lsan_interceptors.cpp:75
    #1 0x1512e6d2048e in ucs_malloc debug/memtrack.c:319
    #2 0x1512e6dc1f04 in ucp_ep_create_to_worker_addr core/ucp_ep.c:830

Direct leak of 165 byte(s) in 1 object(s) allocated from:
    #0 0x15136d464fc6 in __interceptor_realloc ../../../../libsanitizer/lsan/lsan_interceptors.cpp:98
    #1 0x15136a875c3a in vasprintf (/lib64/libc.so.6+0x8ec3a) (BuildId: bcf7d4714a96a09aa490186eff807f4877855aa8)

Direct leak of 160 byte(s) in 1 object(s) allocated from:
    #0 0x146716f6e212 in __interceptor_posix_memalign ../../../../libsanitizer/lsan/lsan_interceptors.cpp:110
    #1 0x146690827647 in ucs_posix_memalign debug/memtrack.c:347
    #2 0x7ffc07702baf  ([stack]+0x4bbaf)

Direct leak of 160 byte(s) in 1 object(s) allocated from:
    #0 0x1531add84212 in __interceptor_posix_memalign ../../../../libsanitizer/lsan/lsan_interceptors.cpp:110
    #1 0x153127640647 in ucs_posix_memalign debug/memtrack.c:347
    #2 0x7ffd7ec684cf  ([stack]+0x4b4cf)

Direct leak of 160 byte(s) in 1 object(s) allocated from:
    #0 0x151b8acd3212 in __interceptor_posix_memalign ../../../../libsanitizer/lsan/lsan_interceptors.cpp:110
    #1 0x151afc587647 in ucs_posix_memalign debug/memtrack.c:347
    #2 0x7ffe19bc656f  ([stack]+0x6656f)

Direct leak of 160 byte(s) in 1 object(s) allocated from:
    #0 0x15136d465212 in __interceptor_posix_memalign ../../../../libsanitizer/lsan/lsan_interceptors.cpp:110
    #1 0x1512e6d20647 in ucs_posix_memalign debug/memtrack.c:347
    #2 0x7ffc49b7fa0f  ([stack]+0x66a0f)

Direct leak of 160 byte(s) in 1 object(s) allocated from:
    #0 0x146716f6e212 in __interceptor_posix_memalign ../../../../libsanitizer/lsan/lsan_interceptors.cpp:110
    #1 0x146690827647 in ucs_posix_memalign debug/memtrack.c:347
    #2 0x7ffc07702acf  ([stack]+0x4bacf)

Direct leak of 72 byte(s) in 1 object(s) allocated from:
    #0 0x146716f6dfc6 in __interceptor_realloc ../../../../libsanitizer/lsan/lsan_interceptors.cpp:98
    #1 0x1467133a3733 in opal_argv_append_nosize (/opt/software/pc2/EB-SW/software/OpenMPI/4.1.6-GCC-13.2.0/lib/libopen-pal.so.40+0x5a733)

Direct leak of 64 byte(s) in 1 object(s) allocated from:
    #0 0x1531add84212 in __interceptor_posix_memalign ../../../../libsanitizer/lsan/lsan_interceptors.cpp:110
    #1 0x153127640647 in ucs_posix_memalign debug/memtrack.c:347
    #2 0x7ffd7ec683ef  ([stack]+0x4b3ef)

Direct leak of 72 byte(s) in 1 object(s) allocated from:
    #0 0x1531add83fc6 in __interceptor_realloc ../../../../libsanitizer/lsan/lsan_interceptors.cpp:98
    #1 0x1531aa1b9733 in opal_argv_append_nosize (/opt/software/pc2/EB-SW/software/OpenMPI/4.1.6-GCC-13.2.0/lib/libopen-pal.so.40+0x5a733)

Direct leak of 64 byte(s) in 1 object(s) allocated from:
    #0 0x151b8acd3212 in __interceptor_posix_memalign ../../../../libsanitizer/lsan/lsan_interceptors.cpp:110
    #1 0x151afc587647 in ucs_posix_memalign debug/memtrack.c:347
    #2 0x7ffe19bc648f  ([stack]+0x6648f)

Direct leak of 72 byte(s) in 1 object(s) allocated from:
    #0 0x151b8acd2fc6 in __interceptor_realloc ../../../../libsanitizer/lsan/lsan_interceptors.cpp:98
    #1 0x151b87108733 in opal_argv_append_nosize (/opt/software/pc2/EB-SW/software/OpenMPI/4.1.6-GCC-13.2.0/lib/libopen-pal.so.40+0x5a733)

Direct leak of 64 byte(s) in 1 object(s) allocated from:
    #0 0x15136d465212 in __interceptor_posix_memalign ../../../../libsanitizer/lsan/lsan_interceptors.cpp:110
    #1 0x1512e6d20647 in ucs_posix_memalign debug/memtrack.c:347
    #2 0x7ffc49b7f92f  ([stack]+0x6692f)

Direct leak of 72 byte(s) in 1 object(s) allocated from:
    #0 0x15136d464fc6 in __interceptor_realloc ../../../../libsanitizer/lsan/lsan_interceptors.cpp:98
    #1 0x15136989a733 in opal_argv_append_nosize (/opt/software/pc2/EB-SW/software/OpenMPI/4.1.6-GCC-13.2.0/lib/libopen-pal.so.40+0x5a733)

Direct leak of 64 byte(s) in 1 object(s) allocated from:
    #0 0x146716f6dfc6 in __interceptor_realloc ../../../../libsanitizer/lsan/lsan_interceptors.cpp:98
    #1 0x1467133a3733 in opal_argv_append_nosize (/opt/software/pc2/EB-SW/software/OpenMPI/4.1.6-GCC-13.2.0/lib/libopen-pal.so.40+0x5a733)
    #2 0x6d0063696e7374  (<unknown module>)

Direct leak of 64 byte(s) in 1 object(s) allocated from:
    #0 0x146716f6fce5 in __interceptor_malloc ../../../../libsanitizer/lsan/lsan_interceptors.cpp:75
    #1 0x14669589beea in mca_mpool_hugepage_open (/opt/software/pc2/EB-SW/software/OpenMPI/4.1.6-GCC-13.2.0/lib/openmpi/mca_mpool_hugepage.so+0x2eea)

Direct leak of 48 byte(s) in 2 object(s) allocated from:
    #0 0x146716f6fce5 in __interceptor_malloc ../../../../libsanitizer/lsan/lsan_interceptors.cpp:75
    #1 0x14669082748e in ucs_malloc debug/memtrack.c:319

Direct leak of 34 byte(s) in 1 object(s) allocated from:
    #0 0x146716f6fce5 in __interceptor_malloc ../../../../libsanitizer/lsan/lsan_interceptors.cpp:75
    #1 0x14671437ec77 in vasprintf (/lib64/libc.so.6+0x8ec77) (BuildId: bcf7d4714a96a09aa490186eff807f4877855aa8)

Direct leak of 8 byte(s) in 1 object(s) allocated from:
    #0 0x1531add83fc6 in __interceptor_realloc ../../../../libsanitizer/lsan/lsan_interceptors.cpp:98
    #1 0x1531aa1b9733 in opal_argv_append_nosize (/opt/software/pc2/EB-SW/software/OpenMPI/4.1.6-GCC-13.2.0/lib/libopen-pal.so.40+0x5a733)
    #2 0x6d0063696e7374  (<unknown module>)

Direct leak of 64 byte(s) in 1 object(s) allocated from:
    #0 0x1531add85ce5 in __interceptor_malloc ../../../../libsanitizer/lsan/lsan_interceptors.cpp:75
    #1 0x15312c6b4eea in mca_mpool_hugepage_open (/opt/software/pc2/EB-SW/software/OpenMPI/4.1.6-GCC-13.2.0/lib/openmpi/mca_mpool_hugepage.so+0x2eea)

Direct leak of 48 byte(s) in 2 object(s) allocated from:
    #0 0x1531add85ce5 in __interceptor_malloc ../../../../libsanitizer/lsan/lsan_interceptors.cpp:75
    #1 0x15312764048e in ucs_malloc debug/memtrack.c:319

Direct leak of 33 byte(s) in 1 object(s) allocated from:
    #0 0x1531add85ce5 in __interceptor_malloc ../../../../libsanitizer/lsan/lsan_interceptors.cpp:75
    #1 0x1531ab194c77 in vasprintf (/lib64/libc.so.6+0x8ec77) (BuildId: bcf7d4714a96a09aa490186eff807f4877855aa8)

Direct leak of 8 byte(s) in 1 object(s) allocated from:
    #0 0x151b8acd2fc6 in __interceptor_realloc ../../../../libsanitizer/lsan/lsan_interceptors.cpp:98
    #1 0x151b87108733 in opal_argv_append_nosize (/opt/software/pc2/EB-SW/software/OpenMPI/4.1.6-GCC-13.2.0/lib/libopen-pal.so.40+0x5a733)
    #2 0x6d0063696e7374  (<unknown module>)

Direct leak of 64 byte(s) in 1 object(s) allocated from:
    #0 0x151b8acd4ce5 in __interceptor_malloc ../../../../libsanitizer/lsan/lsan_interceptors.cpp:75
    #1 0x151b09602eea in mca_mpool_hugepage_open (/opt/software/pc2/EB-SW/software/OpenMPI/4.1.6-GCC-13.2.0/lib/openmpi/mca_mpool_hugepage.so+0x2eea)

Direct leak of 48 byte(s) in 2 object(s) allocated from:
    #0 0x151b8acd4ce5 in __interceptor_malloc ../../../../libsanitizer/lsan/lsan_interceptors.cpp:75
    #1 0x151afc58748e in ucs_malloc debug/memtrack.c:319

Direct leak of 29 byte(s) in 1 object(s) allocated from:
    #0 0x151b8acd4ce5 in __interceptor_malloc ../../../../libsanitizer/lsan/lsan_interceptors.cpp:75
    #1 0x151b880e3c77 in vasprintf (/lib64/libc.so.6+0x8ec77) (BuildId: bcf7d4714a96a09aa490186eff807f4877855aa8)

Direct leak of 8 byte(s) in 1 object(s) allocated from:
    #0 0x15136d464fc6 in __interceptor_realloc ../../../../libsanitizer/lsan/lsan_interceptors.cpp:98
    #1 0x15136989a733 in opal_argv_append_nosize (/opt/software/pc2/EB-SW/software/OpenMPI/4.1.6-GCC-13.2.0/lib/libopen-pal.so.40+0x5a733)
    #2 0x6d0063696e7374  (<unknown module>)

Direct leak of 64 byte(s) in 1 object(s) allocated from:
    #0 0x15136d466ce5 in __interceptor_malloc ../../../../libsanitizer/lsan/lsan_interceptors.cpp:75
    #1 0x1512ebd94eea in mca_mpool_hugepage_open (/opt/software/pc2/EB-SW/software/OpenMPI/4.1.6-GCC-13.2.0/lib/openmpi/mca_mpool_hugepage.so+0x2eea)

Direct leak of 48 byte(s) in 2 object(s) allocated from:
    #0 0x15136d466ce5 in __interceptor_malloc ../../../../libsanitizer/lsan/lsan_interceptors.cpp:75
    #1 0x1512e6d2048e in ucs_malloc debug/memtrack.c:319

Direct leak of 33 byte(s) in 1 object(s) allocated from:
    #0 0x15136d466ce5 in __interceptor_malloc ../../../../libsanitizer/lsan/lsan_interceptors.cpp:75
    #1 0x15136a875c77 in vasprintf (/lib64/libc.so.6+0x8ec77) (BuildId: bcf7d4714a96a09aa490186eff807f4877855aa8)

Direct leak of 8 byte(s) in 1 object(s) allocated from:
    #0 0x146716f6fce5 in __interceptor_malloc ../../../../libsanitizer/lsan/lsan_interceptors.cpp:75
    #1 0x14669082748e in ucs_malloc debug/memtrack.c:319
    #2 0x61a000004dff  (<unknown module>)

Indirect leak of 448 byte(s) in 7 object(s) allocated from:
    #0 0x146716f6dfc6 in __interceptor_realloc ../../../../libsanitizer/lsan/lsan_interceptors.cpp:98
    #1 0x146690871ff8 in kh_resize_uct_mm_remote_seg sm/mm/base/mm_ep.h:17

Indirect leak of 256 byte(s) in 4 object(s) allocated from:
    #0 0x146716f6f83a in __interceptor_calloc ../../../../libsanitizer/lsan/lsan_interceptors.cpp:90
    #1 0x14669448052f in mlx5_reg_mr (/usr/lib64/libibverbs/libmlx5-rdmav34.so+0x5552f) (BuildId: 008bb119357366b38e620d08c72528912717a460)

Indirect leak of 224 byte(s) in 7 object(s) allocated from:
    #0 0x146716f6dfc6 in __interceptor_realloc ../../../../libsanitizer/lsan/lsan_interceptors.cpp:98
    #1 0x146690871fdf in kh_resize_uct_mm_remote_seg sm/mm/base/mm_ep.h:17

Indirect leak of 35 byte(s) in 10 object(s) allocated from:
    #0 0x146716f6fce5 in __interceptor_malloc ../../../../libsanitizer/lsan/lsan_interceptors.cpp:75
    #1 0x14671438f68d in __strdup (/lib64/libc.so.6+0x9f68d) (BuildId: bcf7d4714a96a09aa490186eff807f4877855aa8)

Indirect leak of 34 byte(s) in 6 object(s) allocated from:
    #0 0x1531add85ce5 in __interceptor_malloc ../../../../libsanitizer/lsan/lsan_interceptors.cpp:75
    #1 0x15312764048e in ucs_malloc debug/memtrack.c:319
    #2 0x61a000004dff  (<unknown module>)

Indirect leak of 448 byte(s) in 7 object(s) allocated from:
    #0 0x1531add83fc6 in __interceptor_realloc ../../../../libsanitizer/lsan/lsan_interceptors.cpp:98
    #1 0x15312768aff8 in kh_resize_uct_mm_remote_seg sm/mm/base/mm_ep.h:17

Indirect leak of 256 byte(s) in 4 object(s) allocated from:
    #0 0x1531add8583a in __interceptor_calloc ../../../../libsanitizer/lsan/lsan_interceptors.cpp:90
    #1 0x15312b29952f in mlx5_reg_mr (/usr/lib64/libibverbs/libmlx5-rdmav34.so+0x5552f) (BuildId: 008bb119357366b38e620d08c72528912717a460)

Indirect leak of 224 byte(s) in 7 object(s) allocated from:
    #0 0x1531add83fc6 in __interceptor_realloc ../../../../libsanitizer/lsan/lsan_interceptors.cpp:98
    #1 0x15312768afdf in kh_resize_uct_mm_remote_seg sm/mm/base/mm_ep.h:17

Indirect leak of 35 byte(s) in 10 object(s) allocated from:
    #0 0x1531add85ce5 in __interceptor_malloc ../../../../libsanitizer/lsan/lsan_interceptors.cpp:75
    #1 0x1531ab1a568d in __strdup (/lib64/libc.so.6+0x9f68d) (BuildId: bcf7d4714a96a09aa490186eff807f4877855aa8)

Indirect leak of 34 byte(s) in 6 object(s) allocated from:
    #0 0x1531add85ce5 in __interceptor_malloc ../../../../libsanitizer/lsan/lsan_interceptors.cpp:75
    #1 0x1531ab1a568d in __strdup (/lib64/libc.so.6+0x9f68d) (BuildId: bcf7d4714a96a09aa490186eff807f4877855aa8)
    #2 0x1531aa1b967f in opal_arch_set_fortran_logical_size (/opt/software/pc2/EB-SW/software/OpenMPI/4.1.6-GCC-13.2.0/lib/libopen-pal.so.40+0x5a67f)

Indirect leak of 28 byte(s) in 7 object(s) allocated from:
    #0 0x1531add85ce5 in __interceptor_malloc ../../../../libsanitizer/lsan/lsan_interceptors.cpp:75
    #1 0x15312768adee in kh_resize_uct_mm_remote_seg sm/mm/base/mm_ep.h:17

SUMMARY: LeakSanitizer: 3107 byte(s) leaked in 74 allocation(s).
    #0 0x151b8acd4ce5 in __interceptor_malloc ../../../../libsanitizer/lsan/lsan_interceptors.cpp:75
    #1 0x151afc58748e in ucs_malloc debug/memtrack.c:319
    #2 0x61a000004dff  (<unknown module>)

Indirect leak of 448 byte(s) in 7 object(s) allocated from:
    #0 0x151b8acd2fc6 in __interceptor_realloc ../../../../libsanitizer/lsan/lsan_interceptors.cpp:98
    #1 0x151afc5d1ff8 in kh_resize_uct_mm_remote_seg sm/mm/base/mm_ep.h:17

Indirect leak of 256 byte(s) in 4 object(s) allocated from:
    #0 0x151b8acd483a in __interceptor_calloc ../../../../libsanitizer/lsan/lsan_interceptors.cpp:90
    #1 0x151b001e652f in mlx5_reg_mr (/usr/lib64/libibverbs/libmlx5-rdmav34.so+0x5552f) (BuildId: 008bb119357366b38e620d08c72528912717a460)

Indirect leak of 224 byte(s) in 7 object(s) allocated from:
    #0 0x151b8acd2fc6 in __interceptor_realloc ../../../../libsanitizer/lsan/lsan_interceptors.cpp:98
    #1 0x151afc5d1fdf in kh_resize_uct_mm_remote_seg sm/mm/base/mm_ep.h:17

Indirect leak of 69 byte(s) in 16 object(s) allocated from:
    #0 0x151b8acd4ce5 in __interceptor_malloc ../../../../libsanitizer/lsan/lsan_interceptors.cpp:75
    #1 0x151b880f468d in __strdup (/lib64/libc.so.6+0x9f68d) (BuildId: bcf7d4714a96a09aa490186eff807f4877855aa8)

Indirect leak of 28 byte(s) in 7 object(s) allocated from:
    #0 0x151b8acd4ce5 in __interceptor_malloc ../../../../libsanitizer/lsan/lsan_interceptors.cpp:75
    #1 0x151afc5d1dee in kh_resize_uct_mm_remote_seg sm/mm/base/mm_ep.h:17

SUMMARY: LeakSanitizer: 3099 byte(s) leaked in 74 allocation(s).
    #0 0x15136d466ce5 in __interceptor_malloc ../../../../libsanitizer/lsan/lsan_interceptors.cpp:75
    #1 0x1512e6d2048e in ucs_malloc debug/memtrack.c:319
    #2 0x61a000004dff  (<unknown module>)

Indirect leak of 448 byte(s) in 7 object(s) allocated from:
    #0 0x15136d464fc6 in __interceptor_realloc ../../../../libsanitizer/lsan/lsan_interceptors.cpp:98
    #1 0x1512e6d6aff8 in kh_resize_uct_mm_remote_seg sm/mm/base/mm_ep.h:17

Indirect leak of 256 byte(s) in 4 object(s) allocated from:
    #0 0x15136d46683a in __interceptor_calloc ../../../../libsanitizer/lsan/lsan_interceptors.cpp:90
    #1 0x1512ea97952f in mlx5_reg_mr (/usr/lib64/libibverbs/libmlx5-rdmav34.so+0x5552f) (BuildId: 008bb119357366b38e620d08c72528912717a460)

Indirect leak of 224 byte(s) in 7 object(s) allocated from:
    #0 0x15136d464fc6 in __interceptor_realloc ../../../../libsanitizer/lsan/lsan_interceptors.cpp:98
    #1 0x1512e6d6afdf in kh_resize_uct_mm_remote_seg sm/mm/base/mm_ep.h:17

Indirect leak of 35 byte(s) in 10 object(s) allocated from:
    #0 0x15136d466ce5 in __interceptor_malloc ../../../../libsanitizer/lsan/lsan_interceptors.cpp:75
    #1 0x15136a88668d in __strdup (/lib64/libc.so.6+0x9f68d) (BuildId: bcf7d4714a96a09aa490186eff807f4877855aa8)

Indirect leak of 34 byte(s) in 6 object(s) allocated from:
    #0 0x15136d466ce5 in __interceptor_malloc ../../../../libsanitizer/lsan/lsan_interceptors.cpp:75
    #1 0x15136a88668d in __strdup (/lib64/libc.so.6+0x9f68d) (BuildId: bcf7d4714a96a09aa490186eff807f4877855aa8)
    #2 0x15136989a67f in opal_arch_set_fortran_logical_size (/opt/software/pc2/EB-SW/software/OpenMPI/4.1.6-GCC-13.2.0/lib/libopen-pal.so.40+0x5a67f)

Indirect leak of 28 byte(s) in 7 object(s) allocated from:
    #0 0x146716f6fce5 in __interceptor_malloc ../../../../libsanitizer/lsan/lsan_interceptors.cpp:75
    #1 0x14671438f68d in __strdup (/lib64/libc.so.6+0x9f68d) (BuildId: bcf7d4714a96a09aa490186eff807f4877855aa8)
    #2 0x7ffc077031df  ([stack]+0x4c1df)

Indirect leak of 28 byte(s) in 7 object(s) allocated from:
    #0 0x146716f6fce5 in __interceptor_malloc ../../../../libsanitizer/lsan/lsan_interceptors.cpp:75
    #1 0x146690871dee in kh_resize_uct_mm_remote_seg sm/mm/base/mm_ep.h:17

SUMMARY: LeakSanitizer: 3109 byte(s) leaked in 74 allocation(s).
    #0 0x15136d466ce5 in __interceptor_malloc ../../../../libsanitizer/lsan/lsan_interceptors.cpp:75
    #1 0x1512e6d6adee in kh_resize_uct_mm_remote_seg sm/mm/base/mm_ep.h:17

SUMMARY: LeakSanitizer: 3107 byte(s) leaked in 74 allocation(s).

=================================================================
==2147839==ERROR: LeakSanitizer: detected memory leaks

Direct leak of 896 byte(s) in 7 object(s) allocated from:
    #0 0x152241551ce5 in __interceptor_malloc ../../../../libsanitizer/lsan/lsan_interceptors.cpp:75
    #1 0x1521bae0c48e in ucs_malloc debug/memtrack.c:319
    #2 0x61a0000053ff  (<unknown module>)

Direct leak of 221 byte(s) in 10 object(s) allocated from:
    #0 0x152241551ce5 in __interceptor_malloc ../../../../libsanitizer/lsan/lsan_interceptors.cpp:75
    #1 0x15223e97168d in __strdup (/lib64/libc.so.6+0x9f68d) (BuildId: bcf7d4714a96a09aa490186eff807f4877855aa8)

Direct leak of 192 byte(s) in 6 object(s) allocated from:
    #0 0x152241551ce5 in __interceptor_malloc ../../../../libsanitizer/lsan/lsan_interceptors.cpp:75
    #1 0x1521bae0c48e in ucs_malloc debug/memtrack.c:319
    #2 0x1521baeadf04 in ucp_ep_create_to_worker_addr core/ucp_ep.c:830

Direct leak of 165 byte(s) in 1 object(s) allocated from:
    #0 0x15224154ffc6 in __interceptor_realloc ../../../../libsanitizer/lsan/lsan_interceptors.cpp:98
    #1 0x15223e960c3a in vasprintf (/lib64/libc.so.6+0x8ec3a) (BuildId: bcf7d4714a96a09aa490186eff807f4877855aa8)

Direct leak of 160 byte(s) in 1 object(s) allocated from:
    #0 0x152241550212 in __interceptor_posix_memalign ../../../../libsanitizer/lsan/lsan_interceptors.cpp:110
    #1 0x1521bae0c647 in ucs_posix_memalign debug/memtrack.c:347
    #2 0x7ffd3f18ea8f  ([stack]+0x4ba8f)

Direct leak of 160 byte(s) in 1 object(s) allocated from:

=================================================================
==2147835==ERROR: LeakSanitizer: detected memory leaks

Direct leak of 896 byte(s) in 7 object(s) allocated from:

=================================================================
==2147840==ERROR: LeakSanitizer: detected memory leaks

Direct leak of 896 byte(s) in 7 object(s) allocated from:

=================================================================
==2147837==ERROR: LeakSanitizer: detected memory leaks

Direct leak of 896 byte(s) in 7 object(s) allocated from:
    #0 0x152241550212 in __interceptor_posix_memalign ../../../../libsanitizer/lsan/lsan_interceptors.cpp:110
    #1 0x1521bae0c647 in ucs_posix_memalign debug/memtrack.c:347
    #2 0x7ffd3f18e9af  ([stack]+0x4b9af)

Direct leak of 72 byte(s) in 1 object(s) allocated from:
    #0 0x15224154ffc6 in __interceptor_realloc ../../../../libsanitizer/lsan/lsan_interceptors.cpp:98
    #1 0x15223d985733 in opal_argv_append_nosize (/opt/software/pc2/EB-SW/software/OpenMPI/4.1.6-GCC-13.2.0/lib/libopen-pal.so.40+0x5a733)

Direct leak of 64 byte(s) in 1 object(s) allocated from:
    #0 0x1530ea14dce5 in __interceptor_malloc ../../../../libsanitizer/lsan/lsan_interceptors.cpp:75
    #1 0x153063a0548e in ucs_malloc debug/memtrack.c:319
    #2 0x61a0000053ff  (<unknown module>)

Direct leak of 220 byte(s) in 10 object(s) allocated from:
    #0 0x1530ea14dce5 in __interceptor_malloc ../../../../libsanitizer/lsan/lsan_interceptors.cpp:75
    #1 0x1530e756d68d in __strdup (/lib64/libc.so.6+0x9f68d) (BuildId: bcf7d4714a96a09aa490186eff807f4877855aa8)

Direct leak of 192 byte(s) in 6 object(s) allocated from:
    #0 0x1530ea14dce5 in __interceptor_malloc ../../../../libsanitizer/lsan/lsan_interceptors.cpp:75
    #1 0x153063a0548e in ucs_malloc debug/memtrack.c:319
    #2 0x153063aa6f04 in ucp_ep_create_to_worker_addr core/ucp_ep.c:830

Direct leak of 165 byte(s) in 1 object(s) allocated from:
    #0 0x1530ea14bfc6 in __interceptor_realloc ../../../../libsanitizer/lsan/lsan_interceptors.cpp:98
    #1 0x1530e755cc3a in vasprintf (/lib64/libc.so.6+0x8ec3a) (BuildId: bcf7d4714a96a09aa490186eff807f4877855aa8)

Direct leak of 160 byte(s) in 1 object(s) allocated from:
    #0 0x1467bab3dce5 in __interceptor_malloc ../../../../libsanitizer/lsan/lsan_interceptors.cpp:75
    #1 0x1467343f448e in ucs_malloc debug/memtrack.c:319
    #2 0x61a0000053ff  (<unknown module>)

Direct leak of 225 byte(s) in 10 object(s) allocated from:
    #0 0x1467bab3dce5 in __interceptor_malloc ../../../../libsanitizer/lsan/lsan_interceptors.cpp:75
    #1 0x1467b7f5d68d in __strdup (/lib64/libc.so.6+0x9f68d) (BuildId: bcf7d4714a96a09aa490186eff807f4877855aa8)

Direct leak of 192 byte(s) in 6 object(s) allocated from:
    #0 0x1467bab3dce5 in __interceptor_malloc ../../../../libsanitizer/lsan/lsan_interceptors.cpp:75
    #1 0x1467343f448e in ucs_malloc debug/memtrack.c:319
    #2 0x146734495f04 in ucp_ep_create_to_worker_addr core/ucp_ep.c:830

Direct leak of 165 byte(s) in 1 object(s) allocated from:
    #0 0x1467bab3bfc6 in __interceptor_realloc ../../../../libsanitizer/lsan/lsan_interceptors.cpp:98
    #1 0x1467b7f4cc3a in vasprintf (/lib64/libc.so.6+0x8ec3a) (BuildId: bcf7d4714a96a09aa490186eff807f4877855aa8)

Direct leak of 160 byte(s) in 1 object(s) allocated from:
    #0 0x14da969bece5 in __interceptor_malloc ../../../../libsanitizer/lsan/lsan_interceptors.cpp:75
    #1 0x14da1027348e in ucs_malloc debug/memtrack.c:319
    #2 0x61a0000053ff  (<unknown module>)

Direct leak of 220 byte(s) in 10 object(s) allocated from:
    #0 0x14da969bece5 in __interceptor_malloc ../../../../libsanitizer/lsan/lsan_interceptors.cpp:75
    #1 0x14da93dde68d in __strdup (/lib64/libc.so.6+0x9f68d) (BuildId: bcf7d4714a96a09aa490186eff807f4877855aa8)

Direct leak of 192 byte(s) in 6 object(s) allocated from:
    #0 0x14da969bece5 in __interceptor_malloc ../../../../libsanitizer/lsan/lsan_interceptors.cpp:75
    #1 0x14da1027348e in ucs_malloc debug/memtrack.c:319
    #2 0x14da10314f04 in ucp_ep_create_to_worker_addr core/ucp_ep.c:830

Direct leak of 165 byte(s) in 1 object(s) allocated from:
    #0 0x14da969bcfc6 in __interceptor_realloc ../../../../libsanitizer/lsan/lsan_interceptors.cpp:98
    #1 0x14da93dcdc3a in vasprintf (/lib64/libc.so.6+0x8ec3a) (BuildId: bcf7d4714a96a09aa490186eff807f4877855aa8)

Direct leak of 160 byte(s) in 1 object(s) allocated from:
    #0 0x15224154ffc6 in __interceptor_realloc ../../../../libsanitizer/lsan/lsan_interceptors.cpp:98
    #1 0x15223d985733 in opal_argv_append_nosize (/opt/software/pc2/EB-SW/software/OpenMPI/4.1.6-GCC-13.2.0/lib/libopen-pal.so.40+0x5a733)
    #2 0x6d0063696e7374  (<unknown module>)

Direct leak of 64 byte(s) in 1 object(s) allocated from:
    #0 0x152241551ce5 in __interceptor_malloc ../../../../libsanitizer/lsan/lsan_interceptors.cpp:75
    #1 0x1521bfe81eea in mca_mpool_hugepage_open (/opt/software/pc2/EB-SW/software/OpenMPI/4.1.6-GCC-13.2.0/lib/openmpi/mca_mpool_hugepage.so+0x2eea)

Direct leak of 48 byte(s) in 2 object(s) allocated from:
    #0 0x152241551ce5 in __interceptor_malloc ../../../../libsanitizer/lsan/lsan_interceptors.cpp:75
    #1 0x1521bae0c48e in ucs_malloc debug/memtrack.c:319

Direct leak of 34 byte(s) in 1 object(s) allocated from:
    #0 0x152241551ce5 in __interceptor_malloc ../../../../libsanitizer/lsan/lsan_interceptors.cpp:75
    #1 0x15223e960c77 in vasprintf (/lib64/libc.so.6+0x8ec77) (BuildId: bcf7d4714a96a09aa490186eff807f4877855aa8)

Direct leak of 8 byte(s) in 1 object(s) allocated from:
    #0 0x1530ea14c212 in __interceptor_posix_memalign ../../../../libsanitizer/lsan/lsan_interceptors.cpp:110
    #1 0x153063a05647 in ucs_posix_memalign debug/memtrack.c:347
    #2 0x7ffdf768764f  ([stack]+0x4b64f)

Direct leak of 160 byte(s) in 1 object(s) allocated from:
    #0 0x1467bab3c212 in __interceptor_posix_memalign ../../../../libsanitizer/lsan/lsan_interceptors.cpp:110
    #1 0x1467343f4647 in ucs_posix_memalign debug/memtrack.c:347
    #2 0x7ffc46db960f  ([stack]+0x4b60f)

Direct leak of 160 byte(s) in 1 object(s) allocated from:
    #0 0x14da969bd212 in __interceptor_posix_memalign ../../../../libsanitizer/lsan/lsan_interceptors.cpp:110
    #1 0x14da10273647 in ucs_posix_memalign debug/memtrack.c:347
    #2 0x7ffc2a7d1bef  ([stack]+0x4bbef)

Direct leak of 160 byte(s) in 1 object(s) allocated from:
    #0 0x152241551ce5 in __interceptor_malloc ../../../../libsanitizer/lsan/lsan_interceptors.cpp:75
    #1 0x1521bae0c48e in ucs_malloc debug/memtrack.c:319
    #2 0x61a000004dff  (<unknown module>)

Indirect leak of 448 byte(s) in 7 object(s) allocated from:
    #0 0x15224154ffc6 in __interceptor_realloc ../../../../libsanitizer/lsan/lsan_interceptors.cpp:98
    #1 0x1521bae56ff8 in kh_resize_uct_mm_remote_seg sm/mm/base/mm_ep.h:17

Indirect leak of 256 byte(s) in 4 object(s) allocated from:
    #0 0x15224155183a in __interceptor_calloc ../../../../libsanitizer/lsan/lsan_interceptors.cpp:90
    #1 0x1521bea6652f in mlx5_reg_mr (/usr/lib64/libibverbs/libmlx5-rdmav34.so+0x5552f) (BuildId: 008bb119357366b38e620d08c72528912717a460)

Indirect leak of 224 byte(s) in 7 object(s) allocated from:
    #0 0x15224154ffc6 in __interceptor_realloc ../../../../libsanitizer/lsan/lsan_interceptors.cpp:98
    #1 0x1521bae56fdf in kh_resize_uct_mm_remote_seg sm/mm/base/mm_ep.h:17

Indirect leak of 35 byte(s) in 10 object(s) allocated from:
    #0 0x152241551ce5 in __interceptor_malloc ../../../../libsanitizer/lsan/lsan_interceptors.cpp:75
    #1 0x15223e97168d in __strdup (/lib64/libc.so.6+0x9f68d) (BuildId: bcf7d4714a96a09aa490186eff807f4877855aa8)

Indirect leak of 34 byte(s) in 6 object(s) allocated from:
    #0 0x1530ea14c212 in __interceptor_posix_memalign ../../../../libsanitizer/lsan/lsan_interceptors.cpp:110
    #1 0x153063a05647 in ucs_posix_memalign debug/memtrack.c:347
    #2 0x7ffdf768756f  ([stack]+0x4b56f)

Direct leak of 72 byte(s) in 1 object(s) allocated from:
    #0 0x1530ea14bfc6 in __interceptor_realloc ../../../../libsanitizer/lsan/lsan_interceptors.cpp:98
    #1 0x1530e6581733 in opal_argv_append_nosize (/opt/software/pc2/EB-SW/software/OpenMPI/4.1.6-GCC-13.2.0/lib/libopen-pal.so.40+0x5a733)

Direct leak of 64 byte(s) in 1 object(s) allocated from:
    #0 0x1467bab3c212 in __interceptor_posix_memalign ../../../../libsanitizer/lsan/lsan_interceptors.cpp:110
    #1 0x1467343f4647 in ucs_posix_memalign debug/memtrack.c:347
    #2 0x7ffc46db952f  ([stack]+0x4b52f)

Direct leak of 72 byte(s) in 1 object(s) allocated from:
    #0 0x1467bab3bfc6 in __interceptor_realloc ../../../../libsanitizer/lsan/lsan_interceptors.cpp:98
    #1 0x1467b6f71733 in opal_argv_append_nosize (/opt/software/pc2/EB-SW/software/OpenMPI/4.1.6-GCC-13.2.0/lib/libopen-pal.so.40+0x5a733)

Direct leak of 64 byte(s) in 1 object(s) allocated from:
    #0 0x14da969bd212 in __interceptor_posix_memalign ../../../../libsanitizer/lsan/lsan_interceptors.cpp:110
    #1 0x14da10273647 in ucs_posix_memalign debug/memtrack.c:347
    #2 0x7ffc2a7d1b0f  ([stack]+0x4bb0f)

Direct leak of 72 byte(s) in 1 object(s) allocated from:
    #0 0x14da969bcfc6 in __interceptor_realloc ../../../../libsanitizer/lsan/lsan_interceptors.cpp:98
    #1 0x14da92df2733 in opal_argv_append_nosize (/opt/software/pc2/EB-SW/software/OpenMPI/4.1.6-GCC-13.2.0/lib/libopen-pal.so.40+0x5a733)

Direct leak of 64 byte(s) in 1 object(s) allocated from:
    #0 0x152241551ce5 in __interceptor_malloc ../../../../libsanitizer/lsan/lsan_interceptors.cpp:75
    #1 0x15223e97168d in __strdup (/lib64/libc.so.6+0x9f68d) (BuildId: bcf7d4714a96a09aa490186eff807f4877855aa8)
    #2 0x7ffd3f18f4c7  ([stack]+0x4c4c7)

Indirect leak of 28 byte(s) in 7 object(s) allocated from:
    #0 0x152241551ce5 in __interceptor_malloc ../../../../libsanitizer/lsan/lsan_interceptors.cpp:75
    #1 0x1521bae56dee in kh_resize_uct_mm_remote_seg sm/mm/base/mm_ep.h:17

SUMMARY: LeakSanitizer: 3109 byte(s) leaked in 74 allocation(s).
    #0 0x1530ea14bfc6 in __interceptor_realloc ../../../../libsanitizer/lsan/lsan_interceptors.cpp:98
    #1 0x1530e6581733 in opal_argv_append_nosize (/opt/software/pc2/EB-SW/software/OpenMPI/4.1.6-GCC-13.2.0/lib/libopen-pal.so.40+0x5a733)
    #2 0x6d0063696e7374  (<unknown module>)

Direct leak of 64 byte(s) in 1 object(s) allocated from:
    #0 0x1530ea14dce5 in __interceptor_malloc ../../../../libsanitizer/lsan/lsan_interceptors.cpp:75
    #1 0x153068a79eea in mca_mpool_hugepage_open (/opt/software/pc2/EB-SW/software/OpenMPI/4.1.6-GCC-13.2.0/lib/openmpi/mca_mpool_hugepage.so+0x2eea)

Direct leak of 48 byte(s) in 2 object(s) allocated from:
    #0 0x1530ea14dce5 in __interceptor_malloc ../../../../libsanitizer/lsan/lsan_interceptors.cpp:75
    #1 0x153063a0548e in ucs_malloc debug/memtrack.c:319

Direct leak of 33 byte(s) in 1 object(s) allocated from:
    #0 0x1530ea14dce5 in __interceptor_malloc ../../../../libsanitizer/lsan/lsan_interceptors.cpp:75
    #1 0x1530e755cc77 in vasprintf (/lib64/libc.so.6+0x8ec77) (BuildId: bcf7d4714a96a09aa490186eff807f4877855aa8)

Direct leak of 8 byte(s) in 1 object(s) allocated from:
    #0 0x1467bab3bfc6 in __interceptor_realloc ../../../../libsanitizer/lsan/lsan_interceptors.cpp:98
    #1 0x1467b6f71733 in opal_argv_append_nosize (/opt/software/pc2/EB-SW/software/OpenMPI/4.1.6-GCC-13.2.0/lib/libopen-pal.so.40+0x5a733)
    #2 0x6d0063696e7374  (<unknown module>)

Direct leak of 64 byte(s) in 1 object(s) allocated from:
    #0 0x1467bab3dce5 in __interceptor_malloc ../../../../libsanitizer/lsan/lsan_interceptors.cpp:75
    #1 0x146739468eea in mca_mpool_hugepage_open (/opt/software/pc2/EB-SW/software/OpenMPI/4.1.6-GCC-13.2.0/lib/openmpi/mca_mpool_hugepage.so+0x2eea)

Direct leak of 48 byte(s) in 2 object(s) allocated from:
    #0 0x1467bab3dce5 in __interceptor_malloc ../../../../libsanitizer/lsan/lsan_interceptors.cpp:75
    #1 0x1467343f448e in ucs_malloc debug/memtrack.c:319

Direct leak of 38 byte(s) in 1 object(s) allocated from:
    #0 0x1467bab3dce5 in __interceptor_malloc ../../../../libsanitizer/lsan/lsan_interceptors.cpp:75
    #1 0x1467b7f4cc77 in vasprintf (/lib64/libc.so.6+0x8ec77) (BuildId: bcf7d4714a96a09aa490186eff807f4877855aa8)

Direct leak of 8 byte(s) in 1 object(s) allocated from:
    #0 0x14da969bcfc6 in __interceptor_realloc ../../../../libsanitizer/lsan/lsan_interceptors.cpp:98
    #1 0x14da92df2733 in opal_argv_append_nosize (/opt/software/pc2/EB-SW/software/OpenMPI/4.1.6-GCC-13.2.0/lib/libopen-pal.so.40+0x5a733)
    #2 0x6d0063696e7374  (<unknown module>)

Direct leak of 64 byte(s) in 1 object(s) allocated from:
    #0 0x14da969bece5 in __interceptor_malloc ../../../../libsanitizer/lsan/lsan_interceptors.cpp:75
    #1 0x14da152e9eea in mca_mpool_hugepage_open (/opt/software/pc2/EB-SW/software/OpenMPI/4.1.6-GCC-13.2.0/lib/openmpi/mca_mpool_hugepage.so+0x2eea)

Direct leak of 48 byte(s) in 2 object(s) allocated from:
    #0 0x14da969bece5 in __interceptor_malloc ../../../../libsanitizer/lsan/lsan_interceptors.cpp:75
    #1 0x14da1027348e in ucs_malloc debug/memtrack.c:319

Direct leak of 33 byte(s) in 1 object(s) allocated from:
    #0 0x14da969bece5 in __interceptor_malloc ../../../../libsanitizer/lsan/lsan_interceptors.cpp:75
    #1 0x14da93dcdc77 in vasprintf (/lib64/libc.so.6+0x8ec77) (BuildId: bcf7d4714a96a09aa490186eff807f4877855aa8)

Direct leak of 8 byte(s) in 1 object(s) allocated from:
    #0 0x1530ea14dce5 in __interceptor_malloc ../../../../libsanitizer/lsan/lsan_interceptors.cpp:75
    #1 0x153063a0548e in ucs_malloc debug/memtrack.c:319
    #2 0x61a000004dff  (<unknown module>)

Indirect leak of 448 byte(s) in 7 object(s) allocated from:
    #0 0x1530ea14bfc6 in __interceptor_realloc ../../../../libsanitizer/lsan/lsan_interceptors.cpp:98
    #1 0x153063a4fff8 in kh_resize_uct_mm_remote_seg sm/mm/base/mm_ep.h:17

Indirect leak of 256 byte(s) in 4 object(s) allocated from:
    #0 0x1530ea14d83a in __interceptor_calloc ../../../../libsanitizer/lsan/lsan_interceptors.cpp:90
    #1 0x15306765e52f in mlx5_reg_mr (/usr/lib64/libibverbs/libmlx5-rdmav34.so+0x5552f) (BuildId: 008bb119357366b38e620d08c72528912717a460)

Indirect leak of 224 byte(s) in 7 object(s) allocated from:
    #0 0x1530ea14bfc6 in __interceptor_realloc ../../../../libsanitizer/lsan/lsan_interceptors.cpp:98
    #1 0x153063a4ffdf in kh_resize_uct_mm_remote_seg sm/mm/base/mm_ep.h:17

Indirect leak of 35 byte(s) in 10 object(s) allocated from:
    #0 0x1530ea14dce5 in __interceptor_malloc ../../../../libsanitizer/lsan/lsan_interceptors.cpp:75
    #1 0x1530e756d68d in __strdup (/lib64/libc.so.6+0x9f68d) (BuildId: bcf7d4714a96a09aa490186eff807f4877855aa8)

Indirect leak of 34 byte(s) in 6 object(s) allocated from:
    #0 0x1467bab3dce5 in __interceptor_malloc ../../../../libsanitizer/lsan/lsan_interceptors.cpp:75
    #1 0x1467343f448e in ucs_malloc debug/memtrack.c:319
    #2 0x61a000004dff  (<unknown module>)

Indirect leak of 448 byte(s) in 7 object(s) allocated from:
    #0 0x14da969bece5 in __interceptor_malloc ../../../../libsanitizer/lsan/lsan_interceptors.cpp:75
    #1 0x14da1027348e in ucs_malloc debug/memtrack.c:319
    #2 0x61a000004dff  (<unknown module>)

Indirect leak of 448 byte(s) in 7 object(s) allocated from:
    #0 0x1467bab3bfc6 in __interceptor_realloc ../../../../libsanitizer/lsan/lsan_interceptors.cpp:98
    #1 0x14673443eff8 in kh_resize_uct_mm_remote_seg sm/mm/base/mm_ep.h:17

Indirect leak of 256 byte(s) in 4 object(s) allocated from:
    #0 0x14da969bcfc6 in __interceptor_realloc ../../../../libsanitizer/lsan/lsan_interceptors.cpp:98
    #1 0x14da102bdff8 in kh_resize_uct_mm_remote_seg sm/mm/base/mm_ep.h:17

Indirect leak of 256 byte(s) in 4 object(s) allocated from:
    #0 0x1467bab3d83a in __interceptor_calloc ../../../../libsanitizer/lsan/lsan_interceptors.cpp:90
    #1 0x14673804d52f in mlx5_reg_mr (/usr/lib64/libibverbs/libmlx5-rdmav34.so+0x5552f) (BuildId: 008bb119357366b38e620d08c72528912717a460)

Indirect leak of 224 byte(s) in 7 object(s) allocated from:
    #0 0x1467bab3bfc6 in __interceptor_realloc ../../../../libsanitizer/lsan/lsan_interceptors.cpp:98
    #1 0x14673443efdf in kh_resize_uct_mm_remote_seg sm/mm/base/mm_ep.h:17

Indirect leak of 35 byte(s) in 10 object(s) allocated from:
    #0 0x14da969be83a in __interceptor_calloc ../../../../libsanitizer/lsan/lsan_interceptors.cpp:90
    #1 0x14da13ece52f in mlx5_reg_mr (/usr/lib64/libibverbs/libmlx5-rdmav34.so+0x5552f) (BuildId: 008bb119357366b38e620d08c72528912717a460)

Indirect leak of 224 byte(s) in 7 object(s) allocated from:
    #0 0x14da969bcfc6 in __interceptor_realloc ../../../../libsanitizer/lsan/lsan_interceptors.cpp:98
    #1 0x14da102bdfdf in kh_resize_uct_mm_remote_seg sm/mm/base/mm_ep.h:17

Indirect leak of 35 byte(s) in 10 object(s) allocated from:
    #0 0x1467bab3dce5 in __interceptor_malloc ../../../../libsanitizer/lsan/lsan_interceptors.cpp:75
    #1 0x1467b7f5d68d in __strdup (/lib64/libc.so.6+0x9f68d) (BuildId: bcf7d4714a96a09aa490186eff807f4877855aa8)

Indirect leak of 34 byte(s) in 6 object(s) allocated from:
    #0 0x14da969bece5 in __interceptor_malloc ../../../../libsanitizer/lsan/lsan_interceptors.cpp:75
    #1 0x14da93dde68d in __strdup (/lib64/libc.so.6+0x9f68d) (BuildId: bcf7d4714a96a09aa490186eff807f4877855aa8)

Indirect leak of 34 byte(s) in 6 object(s) allocated from:
    #0 0x1530ea14dce5 in __interceptor_malloc ../../../../libsanitizer/lsan/lsan_interceptors.cpp:75
    #1 0x1530e756d68d in __strdup (/lib64/libc.so.6+0x9f68d) (BuildId: bcf7d4714a96a09aa490186eff807f4877855aa8)
    #2 0x7ffdf7688087  ([stack]+0x4c087)

Indirect leak of 28 byte(s) in 7 object(s) allocated from:
    #0 0x1530ea14dce5 in __interceptor_malloc ../../../../libsanitizer/lsan/lsan_interceptors.cpp:75
    #1 0x153063a4fdee in kh_resize_uct_mm_remote_seg sm/mm/base/mm_ep.h:17

SUMMARY: LeakSanitizer: 3107 byte(s) leaked in 74 allocation(s).
    #0 0x1467bab3dce5 in __interceptor_malloc ../../../../libsanitizer/lsan/lsan_interceptors.cpp:75
    #1 0x1467b7f5d68d in __strdup (/lib64/libc.so.6+0x9f68d) (BuildId: bcf7d4714a96a09aa490186eff807f4877855aa8)
    #2 0x7ffc46dba047  ([stack]+0x4c047)

Indirect leak of 28 byte(s) in 7 object(s) allocated from:
    #0 0x1467bab3dce5 in __interceptor_malloc ../../../../libsanitizer/lsan/lsan_interceptors.cpp:75
    #1 0x14673443edee in kh_resize_uct_mm_remote_seg sm/mm/base/mm_ep.h:17

SUMMARY: LeakSanitizer: 3117 byte(s) leaked in 74 allocation(s).
    #0 0x14da969bece5 in __interceptor_malloc ../../../../libsanitizer/lsan/lsan_interceptors.cpp:75
    #1 0x14da93dde68d in __strdup (/lib64/libc.so.6+0x9f68d) (BuildId: bcf7d4714a96a09aa490186eff807f4877855aa8)
    #2 0x7ffc2a7d221f  ([stack]+0x4c21f)

Indirect leak of 28 byte(s) in 7 object(s) allocated from:
    #0 0x14da969bece5 in __interceptor_malloc ../../../../libsanitizer/lsan/lsan_interceptors.cpp:75
    #1 0x14da102bddee in kh_resize_uct_mm_remote_seg sm/mm/base/mm_ep.h:17

SUMMARY: LeakSanitizer: 3107 byte(s) leaked in 74 allocation(s).
srun: error: n2cn0353: tasks 0-7: Exited with exit code 23
srun: Terminating StepId=11702608.0
