cpu-bind=MASK - n2cn0560, task  0  0 [3150091]: mask |BBBBBBBB|BBBBBBBB||BBBBBBBB|BBBBBBBB||BBBBBBBB|BBBBBBBB||BBBBBBBB|BBBBBBBB||||BBBBBBBB|BBBBBBBB||BBBBBBBB|BBBBBBBB||BBBBBBBB|BBBBBBBB||BBBBBBBB|BBBBBBBB|  set
The following modules were not unloaded:
  (Use "module --force purge" to unload all):

  1) pc2fs   2) slurm/23.11.5-1   3) DefaultModules
cpu-bind=MASK - n2cn0560, task  0  0 [3150507]: mask |BBBBBBBB|BBBBBBBB||--------|--------||--------|--------||--------|--------||||--------|--------||--------|--------||--------|--------||--------|--------|  set
cpu-bind=MASK - n2cn0560, task  1  1 [3150508]: mask |--------|--------||BBBBBBBB|BBBBBBBB||--------|--------||--------|--------||||--------|--------||--------|--------||--------|--------||--------|--------|  set
cpu-bind=MASK - n2cn0560, task  2  2 [3150509]: mask |--------|--------||--------|--------||BBBBBBBB|BBBBBBBB||--------|--------||||--------|--------||--------|--------||--------|--------||--------|--------|  set
cpu-bind=MASK - n2cn0560, task  3  3 [3150510]: mask |--------|--------||--------|--------||--------|--------||BBBBBBBB|BBBBBBBB||||--------|--------||--------|--------||--------|--------||--------|--------|  set
cpu-bind=MASK - n2cn0560, task  4  4 [3150511]: mask |--------|--------||--------|--------||--------|--------||--------|--------||||BBBBBBBB|BBBBBBBB||--------|--------||--------|--------||--------|--------|  set
cpu-bind=MASK - n2cn0560, task  5  5 [3150512]: mask |--------|--------||--------|--------||--------|--------||--------|--------||||--------|--------||BBBBBBBB|BBBBBBBB||--------|--------||--------|--------|  set
cpu-bind=MASK - n2cn0560, task  6  6 [3150513]: mask |--------|--------||--------|--------||--------|--------||--------|--------||||--------|--------||--------|--------||BBBBBBBB|BBBBBBBB||--------|--------|  set
cpu-bind=MASK - n2cn0560, task  7  7 [3150514]: mask |--------|--------||--------|--------||--------|--------||--------|--------||||--------|--------||--------|--------||--------|--------||BBBBBBBB|BBBBBBBB|  set
2024-08-14 13:15:50.874561: I tensorflow/tsl/cuda/cudart_stub.cc:28] Could not find cuda drivers on your machine, GPU will not be used.
2024-08-14 13:15:50.874562: I tensorflow/tsl/cuda/cudart_stub.cc:28] Could not find cuda drivers on your machine, GPU will not be used.
2024-08-14 13:15:50.874551: I tensorflow/tsl/cuda/cudart_stub.cc:28] Could not find cuda drivers on your machine, GPU will not be used.
2024-08-14 13:15:50.874559: I tensorflow/tsl/cuda/cudart_stub.cc:28] Could not find cuda drivers on your machine, GPU will not be used.
2024-08-14 13:15:50.874565: I tensorflow/tsl/cuda/cudart_stub.cc:28] Could not find cuda drivers on your machine, GPU will not be used.
2024-08-14 13:15:50.874558: I tensorflow/tsl/cuda/cudart_stub.cc:28] Could not find cuda drivers on your machine, GPU will not be used.
2024-08-14 13:15:50.874562: I tensorflow/tsl/cuda/cudart_stub.cc:28] Could not find cuda drivers on your machine, GPU will not be used.
2024-08-14 13:15:50.874557: I tensorflow/tsl/cuda/cudart_stub.cc:28] Could not find cuda drivers on your machine, GPU will not be used.
2024-08-14 13:15:52.333829: E tensorflow/compiler/xla/stream_executor/cuda/cuda_dnn.cc:9342] Unable to register cuDNN factory: Attempting to register factory for plugin cuDNN when one has already been registered
2024-08-14 13:15:52.333877: E tensorflow/compiler/xla/stream_executor/cuda/cuda_fft.cc:609] Unable to register cuFFT factory: Attempting to register factory for plugin cuFFT when one has already been registered
2024-08-14 13:15:52.333822: E tensorflow/compiler/xla/stream_executor/cuda/cuda_dnn.cc:9342] Unable to register cuDNN factory: Attempting to register factory for plugin cuDNN when one has already been registered
2024-08-14 13:15:52.333866: E tensorflow/compiler/xla/stream_executor/cuda/cuda_fft.cc:609] Unable to register cuFFT factory: Attempting to register factory for plugin cuFFT when one has already been registered
2024-08-14 13:15:52.333820: E tensorflow/compiler/xla/stream_executor/cuda/cuda_dnn.cc:9342] Unable to register cuDNN factory: Attempting to register factory for plugin cuDNN when one has already been registered
2024-08-14 13:15:52.333866: E tensorflow/compiler/xla/stream_executor/cuda/cuda_fft.cc:609] Unable to register cuFFT factory: Attempting to register factory for plugin cuFFT when one has already been registered
2024-08-14 13:15:52.333809: E tensorflow/compiler/xla/stream_executor/cuda/cuda_dnn.cc:9342] Unable to register cuDNN factory: Attempting to register factory for plugin cuDNN when one has already been registered
2024-08-14 13:15:52.333862: E tensorflow/compiler/xla/stream_executor/cuda/cuda_fft.cc:609] Unable to register cuFFT factory: Attempting to register factory for plugin cuFFT when one has already been registered
2024-08-14 13:15:52.333822: E tensorflow/compiler/xla/stream_executor/cuda/cuda_dnn.cc:9342] Unable to register cuDNN factory: Attempting to register factory for plugin cuDNN when one has already been registered
2024-08-14 13:15:52.333861: E tensorflow/compiler/xla/stream_executor/cuda/cuda_fft.cc:609] Unable to register cuFFT factory: Attempting to register factory for plugin cuFFT when one has already been registered
2024-08-14 13:15:52.333821: E tensorflow/compiler/xla/stream_executor/cuda/cuda_dnn.cc:9342] Unable to register cuDNN factory: Attempting to register factory for plugin cuDNN when one has already been registered
2024-08-14 13:15:52.333863: E tensorflow/compiler/xla/stream_executor/cuda/cuda_fft.cc:609] Unable to register cuFFT factory: Attempting to register factory for plugin cuFFT when one has already been registered
2024-08-14 13:15:52.333829: E tensorflow/compiler/xla/stream_executor/cuda/cuda_dnn.cc:9342] Unable to register cuDNN factory: Attempting to register factory for plugin cuDNN when one has already been registered
2024-08-14 13:15:52.333870: E tensorflow/compiler/xla/stream_executor/cuda/cuda_fft.cc:609] Unable to register cuFFT factory: Attempting to register factory for plugin cuFFT when one has already been registered
2024-08-14 13:15:52.333831: E tensorflow/compiler/xla/stream_executor/cuda/cuda_dnn.cc:9342] Unable to register cuDNN factory: Attempting to register factory for plugin cuDNN when one has already been registered
2024-08-14 13:15:52.333883: E tensorflow/compiler/xla/stream_executor/cuda/cuda_fft.cc:609] Unable to register cuFFT factory: Attempting to register factory for plugin cuFFT when one has already been registered
2024-08-14 13:15:52.337612: E tensorflow/compiler/xla/stream_executor/cuda/cuda_blas.cc:1518] Unable to register cuBLAS factory: Attempting to register factory for plugin cuBLAS when one has already been registered
2024-08-14 13:15:52.337619: E tensorflow/compiler/xla/stream_executor/cuda/cuda_blas.cc:1518] Unable to register cuBLAS factory: Attempting to register factory for plugin cuBLAS when one has already been registered
2024-08-14 13:15:52.337639: E tensorflow/compiler/xla/stream_executor/cuda/cuda_blas.cc:1518] Unable to register cuBLAS factory: Attempting to register factory for plugin cuBLAS when one has already been registered
2024-08-14 13:15:52.337638: E tensorflow/compiler/xla/stream_executor/cuda/cuda_blas.cc:1518] Unable to register cuBLAS factory: Attempting to register factory for plugin cuBLAS when one has already been registered
2024-08-14 13:15:52.337635: E tensorflow/compiler/xla/stream_executor/cuda/cuda_blas.cc:1518] Unable to register cuBLAS factory: Attempting to register factory for plugin cuBLAS when one has already been registered
2024-08-14 13:15:52.337633: E tensorflow/compiler/xla/stream_executor/cuda/cuda_blas.cc:1518] Unable to register cuBLAS factory: Attempting to register factory for plugin cuBLAS when one has already been registered
2024-08-14 13:15:52.337653: E tensorflow/compiler/xla/stream_executor/cuda/cuda_blas.cc:1518] Unable to register cuBLAS factory: Attempting to register factory for plugin cuBLAS when one has already been registered
2024-08-14 13:15:52.337638: E tensorflow/compiler/xla/stream_executor/cuda/cuda_blas.cc:1518] Unable to register cuBLAS factory: Attempting to register factory for plugin cuBLAS when one has already been registered
DeePMD-kit: Cannot find libcudart.so.11.0
implib-gen: libcudart.so.11.0: failed to load library 'libcudart.so.11.0' via callback 'DP_cudart_dlopen'
implib-gen: libcudart.so.11.0: failed to resolve symbol '__cudaRegisterFatBinary', library failed to load
implib-gen: libcudart.so.11.0: failed to load library 'libcudart.so.11.0' via callback 'DP_cudart_dlopen'
implib-gen: libcudart.so.11.0: failed to resolve symbol '__cudaRegisterFunction', library failed to load
implib-gen: libcudart.so.11.0: failed to load library 'libcudart.so.11.0' via callback 'DP_cudart_dlopen'
implib-gen: libcudart.so.11.0: failed to resolve symbol '__cudaRegisterFatBinaryEnd', library failed to load
DeePMD-kit: Cannot find libcudart.so.11.0
implib-gen: libcudart.so.11.0: failed to load library 'libcudart.so.11.0' via callback 'DP_cudart_dlopen'
implib-gen: libcudart.so.11.0: failed to resolve symbol '__cudaRegisterFatBinary', library failed to load
implib-gen: libcudart.so.11.0: failed to load library 'libcudart.so.11.0' via callback 'DP_cudart_dlopen'
implib-gen: libcudart.so.11.0: failed to resolve symbol '__cudaRegisterFunction', library failed to load
implib-gen: libcudart.so.11.0: failed to load library 'libcudart.so.11.0' via callback 'DP_cudart_dlopen'
implib-gen: libcudart.so.11.0: failed to resolve symbol '__cudaRegisterFatBinaryEnd', library failed to load
DeePMD-kit: Cannot find libcudart.so.11.0
implib-gen: libcudart.so.11.0: failed to load library 'libcudart.so.11.0' via callback 'DP_cudart_dlopen'
implib-gen: libcudart.so.11.0: failed to resolve symbol '__cudaRegisterFatBinary', library failed to load
implib-gen: libcudart.so.11.0: failed to load library 'libcudart.so.11.0' via callback 'DP_cudart_dlopen'
implib-gen: libcudart.so.11.0: failed to resolve symbol '__cudaRegisterFunction', library failed to load
implib-gen: libcudart.so.11.0: failed to load library 'libcudart.so.11.0' via callback 'DP_cudart_dlopen'
implib-gen: libcudart.so.11.0: failed to resolve symbol '__cudaRegisterFatBinaryEnd', library failed to load
DeePMD-kit: Cannot find libcudart.so.11.0
implib-gen: libcudart.so.11.0: failed to load library 'libcudart.so.11.0' via callback 'DP_cudart_dlopen'
implib-gen: libcudart.so.11.0: failed to resolve symbol '__cudaRegisterFatBinary', library failed to load
implib-gen: libcudart.so.11.0: failed to load library 'libcudart.so.11.0' via callback 'DP_cudart_dlopen'
implib-gen: libcudart.so.11.0: failed to resolve symbol '__cudaRegisterFunction', library failed to load
implib-gen: libcudart.so.11.0: failed to load library 'libcudart.so.11.0' via callback 'DP_cudart_dlopen'
implib-gen: libcudart.so.11.0: failed to resolve symbol '__cudaRegisterFatBinaryEnd', library failed to load
DeePMD-kit: Cannot find libcudart.so.11.0
implib-gen: libcudart.so.11.0: failed to load library 'libcudart.so.11.0' via callback 'DP_cudart_dlopen'
implib-gen: libcudart.so.11.0: failed to resolve symbol '__cudaRegisterFatBinary', library failed to load
implib-gen: libcudart.so.11.0: failed to load library 'libcudart.so.11.0' via callback 'DP_cudart_dlopen'
implib-gen: libcudart.so.11.0: failed to resolve symbol '__cudaRegisterFunction', library failed to load
implib-gen: libcudart.so.11.0: failed to load library 'libcudart.so.11.0' via callback 'DP_cudart_dlopen'
implib-gen: libcudart.so.11.0: failed to resolve symbol '__cudaRegisterFatBinaryEnd', library failed to load
DeePMD-kit: Cannot find libcudart.so.11.0
implib-gen: libcudart.so.11.0: failed to load library 'libcudart.so.11.0' via callback 'DP_cudart_dlopen'
implib-gen: libcudart.so.11.0: failed to resolve symbol '__cudaRegisterFatBinary', library failed to load
implib-gen: libcudart.so.11.0: failed to load library 'libcudart.so.11.0' via callback 'DP_cudart_dlopen'
implib-gen: libcudart.so.11.0: failed to resolve symbol '__cudaRegisterFunction', library failed to load
implib-gen: libcudart.so.11.0: failed to load library 'libcudart.so.11.0' via callback 'DP_cudart_dlopen'
implib-gen: libcudart.so.11.0: failed to resolve symbol '__cudaRegisterFatBinaryEnd', library failed to load
DeePMD-kit: Cannot find libcudart.so.11.0
implib-gen: libcudart.so.11.0: failed to load library 'libcudart.so.11.0' via callback 'DP_cudart_dlopen'
implib-gen: libcudart.so.11.0: failed to resolve symbol '__cudaRegisterFatBinary', library failed to load
implib-gen: libcudart.so.11.0: failed to load library 'libcudart.so.11.0' via callback 'DP_cudart_dlopen'
implib-gen: libcudart.so.11.0: failed to resolve symbol '__cudaRegisterFunction', library failed to load
implib-gen: libcudart.so.11.0: failed to load library 'libcudart.so.11.0' via callback 'DP_cudart_dlopen'
implib-gen: libcudart.so.11.0: failed to resolve symbol '__cudaRegisterFatBinaryEnd', library failed to load
DeePMD-kit: Cannot find libcudart.so.11.0
implib-gen: libcudart.so.11.0: failed to load library 'libcudart.so.11.0' via callback 'DP_cudart_dlopen'
implib-gen: libcudart.so.11.0: failed to resolve symbol '__cudaRegisterFatBinary', library failed to load
implib-gen: libcudart.so.11.0: failed to load library 'libcudart.so.11.0' via callback 'DP_cudart_dlopen'
implib-gen: libcudart.so.11.0: failed to resolve symbol '__cudaRegisterFunction', library failed to load
implib-gen: libcudart.so.11.0: failed to load library 'libcudart.so.11.0' via callback 'DP_cudart_dlopen'
implib-gen: libcudart.so.11.0: failed to resolve symbol '__cudaRegisterFatBinaryEnd', library failed to load
[n2cn0560:3150507] MCW rank 0 bound to socket 0[core 0[hwt 0]]: [B/././././././././././././././././././././././././././././././././././././././././././././././././././././././././././././././.][./././././././././././././././././././././././././././././././././././././././././././././././././././././././././././././././.]
[n2cn0560:3150509] MCW rank 2 bound to socket 0[core 32[hwt 0]]: [././././././././././././././././././././././././././././././././B/././././././././././././././././././././././././././././././.][./././././././././././././././././././././././././././././././././././././././././././././././././././././././././././././././.]
[n2cn0560:3150510] MCW rank 3 bound to socket 0[core 48[hwt 0]]: [././././././././././././././././././././././././././././././././././././././././././././././././B/././././././././././././././.][./././././././././././././././././././././././././././././././././././././././././././././././././././././././././././././././.]
[n2cn0560:3150508] MCW rank 1 bound to socket 0[core 16[hwt 0]]: [././././././././././././././././B/././././././././././././././././././././././././././././././././././././././././././././././.][./././././././././././././././././././././././././././././././././././././././././././././././././././././././././././././././.]
[n2cn0560:3150507] MCW rank 0 bound to socket 0[core 0[hwt 0]]: [B/././././././././././././././././././././././././././././././././././././././././././././././././././././././././././././././.][./././././././././././././././././././././././././././././././././././././././././././././././././././././././././././././././.]
[n2cn0560:3150509] MCW rank 2 bound to socket 0[core 32[hwt 0]]: [././././././././././././././././././././././././././././././././B/././././././././././././././././././././././././././././././.][./././././././././././././././././././././././././././././././././././././././././././././././././././././././././././././././.]
[n2cn0560:3150510] MCW rank 3 bound to socket 0[core 48[hwt 0]]: [././././././././././././././././././././././././././././././././././././././././././././././././B/././././././././././././././.][./././././././././././././././././././././././././././././././././././././././././././././././././././././././././././././././.]
[n2cn0560:3150508] MCW rank 1 bound to socket 0[core 16[hwt 0]]: [././././././././././././././././B/././././././././././././././././././././././././././././././././././././././././././././././.][./././././././././././././././././././././././././././././././././././././././././././././././././././././././././././././././.]
[n2cn0560:3150512] MCW rank 5 bound to socket 1[core 80[hwt 0]]: [./././././././././././././././././././././././././././././././././././././././././././././././././././././././././././././././.][././././././././././././././././B/././././././././././././././././././././././././././././././././././././././././././././././.]
[n2cn0560:3150511] MCW rank 4 bound to socket 1[core 64[hwt 0]]: [./././././././././././././././././././././././././././././././././././././././././././././././././././././././././././././././.][B/././././././././././././././././././././././././././././././././././././././././././././././././././././././././././././././.]
[n2cn0560:3150513] MCW rank 6 bound to socket 1[core 96[hwt 0]]: [./././././././././././././././././././././././././././././././././././././././././././././././././././././././././././././././.][././././././././././././././././././././././././././././././././B/././././././././././././././././././././././././././././././.]
[n2cn0560:3150514] MCW rank 7 bound to socket 1[core 112[hwt 0]]: [./././././././././././././././././././././././././././././././././././././././././././././././././././././././././././././././.][././././././././././././././././././././././././././././././././././././././././././././././././B/././././././././././././././.]
[n2cn0560:3150512] MCW rank 5 bound to socket 1[core 80[hwt 0]]: [./././././././././././././././././././././././././././././././././././././././././././././././././././././././././././././././.][././././././././././././././././B/././././././././././././././././././././././././././././././././././././././././././././././.]
[n2cn0560:3150511] MCW rank 4 bound to socket 1[core 64[hwt 0]]: [./././././././././././././././././././././././././././././././././././././././././././././././././././././././././././././././.][B/././././././././././././././././././././././././././././././././././././././././././././././././././././././././././././././.]
[n2cn0560:3150513] MCW rank 6 bound to socket 1[core 96[hwt 0]]: [./././././././././././././././././././././././././././././././././././././././././././././././././././././././././././././././.][././././././././././././././././././././././././././././././././B/././././././././././././././././././././././././././././././.]
[n2cn0560:3150514] MCW rank 7 bound to socket 1[core 112[hwt 0]]: [./././././././././././././././././././././././././././././././././././././././././././././././././././././././././././././././.][././././././././././././././././././././././././././././././././././././././././././././././././B/././././././././././././././.]
[n2cn0560:3150507:0:3150507] Caught signal 8 (Floating point exception: floating-point invalid operation)
[n2cn0560:3150512:0:3150512] Caught signal 8 (Floating point exception: floating-point invalid operation)
[n2cn0560:3150513:0:3150513] Caught signal 8 (Floating point exception: floating-point invalid operation)
[n2cn0560:3150514:0:3150514] Caught signal 8 (Floating point exception: floating-point invalid operation)
==== backtrace (tid:3150514) ====
 0 0x0000000000012cf0 __funlockfile()  :0
 1 0x00000000021543fe __kpoint_coulomb_2c_MOD_build_2c_coulomb_matrix_kp_small_cell()  /pc2/groups/hpc-prf-metdyn/metdyn02_Remi/cp2k/vanilla/cp2k/obj/local/pdbg/kpoint_coulomb_2c.F90:808
 2 0x0000000002443f61 __gw_small_cell_full_kp_MOD_compute_w_real_space()  /pc2/groups/hpc-prf-metdyn/metdyn02_Remi/cp2k/vanilla/cp2k/obj/local/pdbg/gw_small_cell_full_kp.F90:700
 3 0x0000000002443f61 compute_w_real_space()  /pc2/groups/hpc-prf-metdyn/metdyn02_Remi/cp2k/vanilla/cp2k/src/gw_small_cell_full_kp.F:557
 4 0x0000000002449a62 __gw_small_cell_full_kp_MOD_gw_calc_small_cell_full_kp()  /pc2/groups/hpc-prf-metdyn/metdyn02_Remi/cp2k/vanilla/cp2k/obj/local/pdbg/gw_small_cell_full_kp.F90:93
 5 0x000000000204f295 __gw_main_MOD_gw()  /pc2/groups/hpc-prf-metdyn/metdyn02_Remi/cp2k/vanilla/cp2k/obj/local/pdbg/gw_main.F90:59
 6 0x000000000185d843 __post_scf_bandstructure_methods_MOD_post_scf_bandstructure()  /pc2/groups/hpc-prf-metdyn/metdyn02_Remi/cp2k/vanilla/cp2k/obj/local/pdbg/post_scf_bandstructure_methods.F90:55
 7 0x000000000104bf85 __qs_energy_utils_MOD_qs_energies_properties()  /pc2/groups/hpc-prf-metdyn/metdyn02_Remi/cp2k/vanilla/cp2k/obj/local/pdbg/qs_energy_utils.F90:205
 8 0x0000000000f8faaf __qs_energy_MOD_qs_energies()  /pc2/groups/hpc-prf-metdyn/metdyn02_Remi/cp2k/vanilla/cp2k/obj/local/pdbg/qs_energy.F90:145
 9 0x00000000010dd48b __qs_force_MOD_qs_calc_energy_force()  /pc2/groups/hpc-prf-metdyn/metdyn02_Remi/cp2k/vanilla/cp2k/obj/local/pdbg/qs_force.F90:115
10 0x0000000000c0ede1 __force_env_methods_MOD_force_env_calc_energy_force()  /pc2/groups/hpc-prf-metdyn/metdyn02_Remi/cp2k/vanilla/cp2k/obj/local/pdbg/force_env_methods.F90:259
11 0x00000000006a11e1 __cp2k_runs_MOD_cp2k_run()  /pc2/groups/hpc-prf-metdyn/metdyn02_Remi/cp2k/vanilla/cp2k/obj/local/pdbg/cp2k_runs.F90:359
12 0x00000000006a2cf3 __cp2k_runs_MOD_run_input()  /pc2/groups/hpc-prf-metdyn/metdyn02_Remi/cp2k/vanilla/cp2k/obj/local/pdbg/cp2k_runs.F90:968
13 0x0000000000697ad9 MAIN__()  /pc2/groups/hpc-prf-metdyn/metdyn02_Remi/cp2k/vanilla/cp2k/obj/local/pdbg/cp2k.F90:379
14 0x0000000000697df5 main()  /pc2/groups/hpc-prf-metdyn/metdyn02_Remi/cp2k/vanilla/cp2k/obj/local/pdbg/cp2k.F90:44
15 0x000000000003ad85 __libc_start_main()  ???:0
16 0x00000000006956de _start()  ???:0
=================================

Program received signal SIGFPE: Floating-point exception - erroneous arithmetic operation.

Backtrace for this error:
==== backtrace (tid:3150512) ====
 0 0x0000000000012cf0 __funlockfile()  :0
 1 0x00000000021543fe __kpoint_coulomb_2c_MOD_build_2c_coulomb_matrix_kp_small_cell()  /pc2/groups/hpc-prf-metdyn/metdyn02_Remi/cp2k/vanilla/cp2k/obj/local/pdbg/kpoint_coulomb_2c.F90:808
 2 0x0000000002443f61 __gw_small_cell_full_kp_MOD_compute_w_real_space()  /pc2/groups/hpc-prf-metdyn/metdyn02_Remi/cp2k/vanilla/cp2k/obj/local/pdbg/gw_small_cell_full_kp.F90:700
 3 0x0000000002443f61 compute_w_real_space()  /pc2/groups/hpc-prf-metdyn/metdyn02_Remi/cp2k/vanilla/cp2k/src/gw_small_cell_full_kp.F:557
 4 0x0000000002449a62 __gw_small_cell_full_kp_MOD_gw_calc_small_cell_full_kp()  /pc2/groups/hpc-prf-metdyn/metdyn02_Remi/cp2k/vanilla/cp2k/obj/local/pdbg/gw_small_cell_full_kp.F90:93
 5 0x000000000204f295 __gw_main_MOD_gw()  /pc2/groups/hpc-prf-metdyn/metdyn02_Remi/cp2k/vanilla/cp2k/obj/local/pdbg/gw_main.F90:59
 6 0x000000000185d843 __post_scf_bandstructure_methods_MOD_post_scf_bandstructure()  /pc2/groups/hpc-prf-metdyn/metdyn02_Remi/cp2k/vanilla/cp2k/obj/local/pdbg/post_scf_bandstructure_methods.F90:55
 7 0x000000000104bf85 __qs_energy_utils_MOD_qs_energies_properties()  /pc2/groups/hpc-prf-metdyn/metdyn02_Remi/cp2k/vanilla/cp2k/obj/local/pdbg/qs_energy_utils.F90:205
 8 0x0000000000f8faaf __qs_energy_MOD_qs_energies()  /pc2/groups/hpc-prf-metdyn/metdyn02_Remi/cp2k/vanilla/cp2k/obj/local/pdbg/qs_energy.F90:145
 9 0x00000000010dd48b __qs_force_MOD_qs_calc_energy_force()  /pc2/groups/hpc-prf-metdyn/metdyn02_Remi/cp2k/vanilla/cp2k/obj/local/pdbg/qs_force.F90:115
10 0x0000000000c0ede1 __force_env_methods_MOD_force_env_calc_energy_force()  /pc2/groups/hpc-prf-metdyn/metdyn02_Remi/cp2k/vanilla/cp2k/obj/local/pdbg/force_env_methods.F90:259
11 0x00000000006a11e1 __cp2k_runs_MOD_cp2k_run()  /pc2/groups/hpc-prf-metdyn/metdyn02_Remi/cp2k/vanilla/cp2k/obj/local/pdbg/cp2k_runs.F90:359
12 0x00000000006a2cf3 __cp2k_runs_MOD_run_input()  /pc2/groups/hpc-prf-metdyn/metdyn02_Remi/cp2k/vanilla/cp2k/obj/local/pdbg/cp2k_runs.F90:968
13 0x0000000000697ad9 MAIN__()  /pc2/groups/hpc-prf-metdyn/metdyn02_Remi/cp2k/vanilla/cp2k/obj/local/pdbg/cp2k.F90:379
14 0x0000000000697df5 main()  /pc2/groups/hpc-prf-metdyn/metdyn02_Remi/cp2k/vanilla/cp2k/obj/local/pdbg/cp2k.F90:44
15 0x000000000003ad85 __libc_start_main()  ???:0
16 0x00000000006956de _start()  ???:0
=================================

Program received signal SIGFPE: Floating-point exception - erroneous arithmetic operation.

Backtrace for this error:
==== backtrace (tid:3150507) ====
 0 0x0000000000012cf0 __funlockfile()  :0
 1 0x00000000021543fe __kpoint_coulomb_2c_MOD_build_2c_coulomb_matrix_kp_small_cell()  /pc2/groups/hpc-prf-metdyn/metdyn02_Remi/cp2k/vanilla/cp2k/obj/local/pdbg/kpoint_coulomb_2c.F90:808
 2 0x0000000002443f61 __gw_small_cell_full_kp_MOD_compute_w_real_space()  /pc2/groups/hpc-prf-metdyn/metdyn02_Remi/cp2k/vanilla/cp2k/obj/local/pdbg/gw_small_cell_full_kp.F90:700
 3 0x0000000002443f61 compute_w_real_space()  /pc2/groups/hpc-prf-metdyn/metdyn02_Remi/cp2k/vanilla/cp2k/src/gw_small_cell_full_kp.F:557
 4 0x0000000002449a62 __gw_small_cell_full_kp_MOD_gw_calc_small_cell_full_kp()  /pc2/groups/hpc-prf-metdyn/metdyn02_Remi/cp2k/vanilla/cp2k/obj/local/pdbg/gw_small_cell_full_kp.F90:93
 5 0x000000000204f295 __gw_main_MOD_gw()  /pc2/groups/hpc-prf-metdyn/metdyn02_Remi/cp2k/vanilla/cp2k/obj/local/pdbg/gw_main.F90:59
 6 0x000000000185d843 __post_scf_bandstructure_methods_MOD_post_scf_bandstructure()  /pc2/groups/hpc-prf-metdyn/metdyn02_Remi/cp2k/vanilla/cp2k/obj/local/pdbg/post_scf_bandstructure_methods.F90:55
 7 0x000000000104bf85 __qs_energy_utils_MOD_qs_energies_properties()  /pc2/groups/hpc-prf-metdyn/metdyn02_Remi/cp2k/vanilla/cp2k/obj/local/pdbg/qs_energy_utils.F90:205
 8 0x0000000000f8faaf __qs_energy_MOD_qs_energies()  /pc2/groups/hpc-prf-metdyn/metdyn02_Remi/cp2k/vanilla/cp2k/obj/local/pdbg/qs_energy.F90:145
 9 0x00000000010dd48b __qs_force_MOD_qs_calc_energy_force()  /pc2/groups/hpc-prf-metdyn/metdyn02_Remi/cp2k/vanilla/cp2k/obj/local/pdbg/qs_force.F90:115
10 0x0000000000c0ede1 __force_env_methods_MOD_force_env_calc_energy_force()  /pc2/groups/hpc-prf-metdyn/metdyn02_Remi/cp2k/vanilla/cp2k/obj/local/pdbg/force_env_methods.F90:259
11 0x00000000006a11e1 __cp2k_runs_MOD_cp2k_run()  /pc2/groups/hpc-prf-metdyn/metdyn02_Remi/cp2k/vanilla/cp2k/obj/local/pdbg/cp2k_runs.F90:359
12 0x00000000006a2cf3 __cp2k_runs_MOD_run_input()  /pc2/groups/hpc-prf-metdyn/metdyn02_Remi/cp2k/vanilla/cp2k/obj/local/pdbg/cp2k_runs.F90:968
13 0x0000000000697ad9 MAIN__()  /pc2/groups/hpc-prf-metdyn/metdyn02_Remi/cp2k/vanilla/cp2k/obj/local/pdbg/cp2k.F90:379
14 0x0000000000697df5 main()  /pc2/groups/hpc-prf-metdyn/metdyn02_Remi/cp2k/vanilla/cp2k/obj/local/pdbg/cp2k.F90:44
15 0x000000000003ad85 __libc_start_main()  ???:0
16 0x00000000006956de _start()  ???:0
=================================

Program received signal SIGFPE: Floating-point exception - erroneous arithmetic operation.

Backtrace for this error:
==== backtrace (tid:3150513) ====
 0 0x0000000000012cf0 __funlockfile()  :0
 1 0x00000000021543fe __kpoint_coulomb_2c_MOD_build_2c_coulomb_matrix_kp_small_cell()  /pc2/groups/hpc-prf-metdyn/metdyn02_Remi/cp2k/vanilla/cp2k/obj/local/pdbg/kpoint_coulomb_2c.F90:808
 2 0x0000000002443f61 __gw_small_cell_full_kp_MOD_compute_w_real_space()  /pc2/groups/hpc-prf-metdyn/metdyn02_Remi/cp2k/vanilla/cp2k/obj/local/pdbg/gw_small_cell_full_kp.F90:700
 3 0x0000000002443f61 compute_w_real_space()  /pc2/groups/hpc-prf-metdyn/metdyn02_Remi/cp2k/vanilla/cp2k/src/gw_small_cell_full_kp.F:557
 4 0x0000000002449a62 __gw_small_cell_full_kp_MOD_gw_calc_small_cell_full_kp()  /pc2/groups/hpc-prf-metdyn/metdyn02_Remi/cp2k/vanilla/cp2k/obj/local/pdbg/gw_small_cell_full_kp.F90:93
 5 0x000000000204f295 __gw_main_MOD_gw()  /pc2/groups/hpc-prf-metdyn/metdyn02_Remi/cp2k/vanilla/cp2k/obj/local/pdbg/gw_main.F90:59
 6 0x000000000185d843 __post_scf_bandstructure_methods_MOD_post_scf_bandstructure()  /pc2/groups/hpc-prf-metdyn/metdyn02_Remi/cp2k/vanilla/cp2k/obj/local/pdbg/post_scf_bandstructure_methods.F90:55
 7 0x000000000104bf85 __qs_energy_utils_MOD_qs_energies_properties()  /pc2/groups/hpc-prf-metdyn/metdyn02_Remi/cp2k/vanilla/cp2k/obj/local/pdbg/qs_energy_utils.F90:205
 8 0x0000000000f8faaf __qs_energy_MOD_qs_energies()  /pc2/groups/hpc-prf-metdyn/metdyn02_Remi/cp2k/vanilla/cp2k/obj/local/pdbg/qs_energy.F90:145
 9 0x00000000010dd48b __qs_force_MOD_qs_calc_energy_force()  /pc2/groups/hpc-prf-metdyn/metdyn02_Remi/cp2k/vanilla/cp2k/obj/local/pdbg/qs_force.F90:115
10 0x0000000000c0ede1 __force_env_methods_MOD_force_env_calc_energy_force()  /pc2/groups/hpc-prf-metdyn/metdyn02_Remi/cp2k/vanilla/cp2k/obj/local/pdbg/force_env_methods.F90:259
11 0x00000000006a11e1 __cp2k_runs_MOD_cp2k_run()  /pc2/groups/hpc-prf-metdyn/metdyn02_Remi/cp2k/vanilla/cp2k/obj/local/pdbg/cp2k_runs.F90:359
12 0x00000000006a2cf3 __cp2k_runs_MOD_run_input()  /pc2/groups/hpc-prf-metdyn/metdyn02_Remi/cp2k/vanilla/cp2k/obj/local/pdbg/cp2k_runs.F90:968
13 0x0000000000697ad9 MAIN__()  /pc2/groups/hpc-prf-metdyn/metdyn02_Remi/cp2k/vanilla/cp2k/obj/local/pdbg/cp2k.F90:379
14 0x0000000000697df5 main()  /pc2/groups/hpc-prf-metdyn/metdyn02_Remi/cp2k/vanilla/cp2k/obj/local/pdbg/cp2k.F90:44
15 0x000000000003ad85 __libc_start_main()  ???:0
16 0x00000000006956de _start()  ???:0
=================================

Program received signal SIGFPE: Floating-point exception - erroneous arithmetic operation.

Backtrace for this error:
#0  0x14b32c675cef in ???
#0  0x152c1265acef in ???
#0  0x14bbef45ccef in ???
#0  0x153ae28a0cef in ???
#1  0x21543fe in __kpoint_coulomb_2c_MOD_build_2c_coulomb_matrix_kp_small_cell
	at /pc2/groups/hpc-prf-metdyn/metdyn02_Remi/cp2k/vanilla/cp2k/src/kpoint_coulomb_2c.F:808
#1  0x21543fe in __kpoint_coulomb_2c_MOD_build_2c_coulomb_matrix_kp_small_cell
	at /pc2/groups/hpc-prf-metdyn/metdyn02_Remi/cp2k/vanilla/cp2k/src/kpoint_coulomb_2c.F:808
#1  0x21543fe in __kpoint_coulomb_2c_MOD_build_2c_coulomb_matrix_kp_small_cell
	at /pc2/groups/hpc-prf-metdyn/metdyn02_Remi/cp2k/vanilla/cp2k/src/kpoint_coulomb_2c.F:808
#1  0x21543fe in __kpoint_coulomb_2c_MOD_build_2c_coulomb_matrix_kp_small_cell
	at /pc2/groups/hpc-prf-metdyn/metdyn02_Remi/cp2k/vanilla/cp2k/src/kpoint_coulomb_2c.F:808
#2  0x2443f60 in compute_minv_and_vsqrt
	at /pc2/groups/hpc-prf-metdyn/metdyn02_Remi/cp2k/vanilla/cp2k/src/gw_small_cell_full_kp.F:700
#3  0x2443f60 in compute_w_real_space
	at /pc2/groups/hpc-prf-metdyn/metdyn02_Remi/cp2k/vanilla/cp2k/src/gw_small_cell_full_kp.F:557
#4  0x2449a61 in __gw_small_cell_full_kp_MOD_gw_calc_small_cell_full_kp
	at /pc2/groups/hpc-prf-metdyn/metdyn02_Remi/cp2k/vanilla/cp2k/src/gw_small_cell_full_kp.F:93
#2  0x2443f60 in compute_minv_and_vsqrt
	at /pc2/groups/hpc-prf-metdyn/metdyn02_Remi/cp2k/vanilla/cp2k/src/gw_small_cell_full_kp.F:700
#3  0x2443f60 in compute_w_real_space
	at /pc2/groups/hpc-prf-metdyn/metdyn02_Remi/cp2k/vanilla/cp2k/src/gw_small_cell_full_kp.F:557
#4  0x2449a61 in __gw_small_cell_full_kp_MOD_gw_calc_small_cell_full_kp
	at /pc2/groups/hpc-prf-metdyn/metdyn02_Remi/cp2k/vanilla/cp2k/src/gw_small_cell_full_kp.F:93
#2  0x2443f60 in compute_minv_and_vsqrt
	at /pc2/groups/hpc-prf-metdyn/metdyn02_Remi/cp2k/vanilla/cp2k/src/gw_small_cell_full_kp.F:700
#3  0x2443f60 in compute_w_real_space
	at /pc2/groups/hpc-prf-metdyn/metdyn02_Remi/cp2k/vanilla/cp2k/src/gw_small_cell_full_kp.F:557
#4  0x2449a61 in __gw_small_cell_full_kp_MOD_gw_calc_small_cell_full_kp
	at /pc2/groups/hpc-prf-metdyn/metdyn02_Remi/cp2k/vanilla/cp2k/src/gw_small_cell_full_kp.F:93
#2  0x2443f60 in compute_minv_and_vsqrt
	at /pc2/groups/hpc-prf-metdyn/metdyn02_Remi/cp2k/vanilla/cp2k/src/gw_small_cell_full_kp.F:700
#3  0x2443f60 in compute_w_real_space
	at /pc2/groups/hpc-prf-metdyn/metdyn02_Remi/cp2k/vanilla/cp2k/src/gw_small_cell_full_kp.F:557
#4  0x2449a61 in __gw_small_cell_full_kp_MOD_gw_calc_small_cell_full_kp
	at /pc2/groups/hpc-prf-metdyn/metdyn02_Remi/cp2k/vanilla/cp2k/src/gw_small_cell_full_kp.F:93
#5  0x204f294 in __gw_main_MOD_gw
	at /pc2/groups/hpc-prf-metdyn/metdyn02_Remi/cp2k/vanilla/cp2k/src/gw_main.F:59
#5  0x204f294 in __gw_main_MOD_gw
	at /pc2/groups/hpc-prf-metdyn/metdyn02_Remi/cp2k/vanilla/cp2k/src/gw_main.F:59
#5  0x204f294 in __gw_main_MOD_gw
	at /pc2/groups/hpc-prf-metdyn/metdyn02_Remi/cp2k/vanilla/cp2k/src/gw_main.F:59
#5  0x204f294 in __gw_main_MOD_gw
	at /pc2/groups/hpc-prf-metdyn/metdyn02_Remi/cp2k/vanilla/cp2k/src/gw_main.F:59
#6  0x185d842 in __post_scf_bandstructure_methods_MOD_post_scf_bandstructure
	at /pc2/groups/hpc-prf-metdyn/metdyn02_Remi/cp2k/vanilla/cp2k/src/post_scf_bandstructure_methods.F:55
#6  0x185d842 in __post_scf_bandstructure_methods_MOD_post_scf_bandstructure
	at /pc2/groups/hpc-prf-metdyn/metdyn02_Remi/cp2k/vanilla/cp2k/src/post_scf_bandstructure_methods.F:55
#6  0x185d842 in __post_scf_bandstructure_methods_MOD_post_scf_bandstructure
	at /pc2/groups/hpc-prf-metdyn/metdyn02_Remi/cp2k/vanilla/cp2k/src/post_scf_bandstructure_methods.F:55
#6  0x185d842 in __post_scf_bandstructure_methods_MOD_post_scf_bandstructure
	at /pc2/groups/hpc-prf-metdyn/metdyn02_Remi/cp2k/vanilla/cp2k/src/post_scf_bandstructure_methods.F:55
#7  0x104bf84 in __qs_energy_utils_MOD_qs_energies_properties
	at /pc2/groups/hpc-prf-metdyn/metdyn02_Remi/cp2k/vanilla/cp2k/src/qs_energy_utils.F:205
#7  0x104bf84 in __qs_energy_utils_MOD_qs_energies_properties
	at /pc2/groups/hpc-prf-metdyn/metdyn02_Remi/cp2k/vanilla/cp2k/src/qs_energy_utils.F:205
#7  0x104bf84 in __qs_energy_utils_MOD_qs_energies_properties
	at /pc2/groups/hpc-prf-metdyn/metdyn02_Remi/cp2k/vanilla/cp2k/src/qs_energy_utils.F:205
#7  0x104bf84 in __qs_energy_utils_MOD_qs_energies_properties
	at /pc2/groups/hpc-prf-metdyn/metdyn02_Remi/cp2k/vanilla/cp2k/src/qs_energy_utils.F:205
#8  0xf8faae in __qs_energy_MOD_qs_energies
	at /pc2/groups/hpc-prf-metdyn/metdyn02_Remi/cp2k/vanilla/cp2k/src/qs_energy.F:145
#8  0xf8faae in __qs_energy_MOD_qs_energies
	at /pc2/groups/hpc-prf-metdyn/metdyn02_Remi/cp2k/vanilla/cp2k/src/qs_energy.F:145
#8  0xf8faae in __qs_energy_MOD_qs_energies
	at /pc2/groups/hpc-prf-metdyn/metdyn02_Remi/cp2k/vanilla/cp2k/src/qs_energy.F:145
#8  0xf8faae in __qs_energy_MOD_qs_energies
	at /pc2/groups/hpc-prf-metdyn/metdyn02_Remi/cp2k/vanilla/cp2k/src/qs_energy.F:145
#9  0x10dd48a in __qs_force_MOD_qs_calc_energy_force
	at /pc2/groups/hpc-prf-metdyn/metdyn02_Remi/cp2k/vanilla/cp2k/src/qs_force.F:115
#9  0x10dd48a in __qs_force_MOD_qs_calc_energy_force
	at /pc2/groups/hpc-prf-metdyn/metdyn02_Remi/cp2k/vanilla/cp2k/src/qs_force.F:115
#9  0x10dd48a in __qs_force_MOD_qs_calc_energy_force
	at /pc2/groups/hpc-prf-metdyn/metdyn02_Remi/cp2k/vanilla/cp2k/src/qs_force.F:115
#9  0x10dd48a in __qs_force_MOD_qs_calc_energy_force
	at /pc2/groups/hpc-prf-metdyn/metdyn02_Remi/cp2k/vanilla/cp2k/src/qs_force.F:115
#10  0xc0ede0 in __force_env_methods_MOD_force_env_calc_energy_force
	at /pc2/groups/hpc-prf-metdyn/metdyn02_Remi/cp2k/vanilla/cp2k/src/force_env_methods.F:259
#10  0xc0ede0 in __force_env_methods_MOD_force_env_calc_energy_force
	at /pc2/groups/hpc-prf-metdyn/metdyn02_Remi/cp2k/vanilla/cp2k/src/force_env_methods.F:259
#10  0xc0ede0 in __force_env_methods_MOD_force_env_calc_energy_force
	at /pc2/groups/hpc-prf-metdyn/metdyn02_Remi/cp2k/vanilla/cp2k/src/force_env_methods.F:259
#10  0xc0ede0 in __force_env_methods_MOD_force_env_calc_energy_force
	at /pc2/groups/hpc-prf-metdyn/metdyn02_Remi/cp2k/vanilla/cp2k/src/force_env_methods.F:259
#11  0x6a11e0 in cp2k_run
	at /pc2/groups/hpc-prf-metdyn/metdyn02_Remi/cp2k/vanilla/cp2k/src/start/cp2k_runs.F:359
#12  0x6a2cf2 in __cp2k_runs_MOD_run_input
	at /pc2/groups/hpc-prf-metdyn/metdyn02_Remi/cp2k/vanilla/cp2k/src/start/cp2k_runs.F:968
#13  0x697ad8 in cp2k
	at /pc2/groups/hpc-prf-metdyn/metdyn02_Remi/cp2k/vanilla/cp2k/src/start/cp2k.F:379
#14  0x697df4 in main
	at /pc2/groups/hpc-prf-metdyn/metdyn02_Remi/cp2k/vanilla/cp2k/src/start/cp2k.F:44
#11  0x6a11e0 in cp2k_run
	at /pc2/groups/hpc-prf-metdyn/metdyn02_Remi/cp2k/vanilla/cp2k/src/start/cp2k_runs.F:359
#12  0x6a2cf2 in __cp2k_runs_MOD_run_input
	at /pc2/groups/hpc-prf-metdyn/metdyn02_Remi/cp2k/vanilla/cp2k/src/start/cp2k_runs.F:968
#11  0x6a11e0 in cp2k_run
	at /pc2/groups/hpc-prf-metdyn/metdyn02_Remi/cp2k/vanilla/cp2k/src/start/cp2k_runs.F:359
#12  0x6a2cf2 in __cp2k_runs_MOD_run_input
	at /pc2/groups/hpc-prf-metdyn/metdyn02_Remi/cp2k/vanilla/cp2k/src/start/cp2k_runs.F:968
#11  0x6a11e0 in cp2k_run
	at /pc2/groups/hpc-prf-metdyn/metdyn02_Remi/cp2k/vanilla/cp2k/src/start/cp2k_runs.F:359
#12  0x6a2cf2 in __cp2k_runs_MOD_run_input
	at /pc2/groups/hpc-prf-metdyn/metdyn02_Remi/cp2k/vanilla/cp2k/src/start/cp2k_runs.F:968
#13  0x697ad8 in cp2k
	at /pc2/groups/hpc-prf-metdyn/metdyn02_Remi/cp2k/vanilla/cp2k/src/start/cp2k.F:379
#14  0x697df4 in main
	at /pc2/groups/hpc-prf-metdyn/metdyn02_Remi/cp2k/vanilla/cp2k/src/start/cp2k.F:44
#13  0x697ad8 in cp2k
	at /pc2/groups/hpc-prf-metdyn/metdyn02_Remi/cp2k/vanilla/cp2k/src/start/cp2k.F:379
#14  0x697df4 in main
	at /pc2/groups/hpc-prf-metdyn/metdyn02_Remi/cp2k/vanilla/cp2k/src/start/cp2k.F:44
#13  0x697ad8 in cp2k
	at /pc2/groups/hpc-prf-metdyn/metdyn02_Remi/cp2k/vanilla/cp2k/src/start/cp2k.F:379
#14  0x697df4 in main
	at /pc2/groups/hpc-prf-metdyn/metdyn02_Remi/cp2k/vanilla/cp2k/src/start/cp2k.F:44
srun: error: n2cn0560: tasks 0,5-7: Floating point exception (core dumped)
srun: Terminating StepId=11776707.0
slurmstepd: error: *** STEP 11776707.0 ON n2cn0560 CANCELLED AT 2024-08-14T13:17:14 ***
srun: error: n2cn0560: tasks 1-4: Terminated
srun: Force Terminated StepId=11776707.0
