Energy-E_F (eV)    DOS (1/eV)    PDOS (1/eV)  of atom type Al Sb 
     -7.98668      1.67262      0.00000      0.00000
     -7.97668      1.68112      0.00000      0.00000
     -7.96668      1.74523      0.00000      0.00000
     -7.95668      2.08353      0.00000      0.00000
     -7.94668      2.45719      0.00000      0.00000
     -7.93668      2.47787      0.00000      0.00000
     -7.92668      2.17431      0.00000      0.00000
     -7.91668      1.82983      0.00000      0.00000
     -7.90668      1.76675      0.00000      0.00000
     -7.89668      1.60938      0.00000      0.00000
     -7.88668      1.20539      0.00000      0.00000
     -7.87668      1.09537      0.00000      0.00000
     -7.86668      1.19846      0.00000      0.00000
     -7.85668      1.66006      0.00000      0.00000
     -7.84668      1.86064      0.00000      0.00000
     -7.83668      1.71667      0.00000      0.00000
     -7.82668      1.59096      0.00000      0.00000
     -7.81668      1.12490      0.00000      0.00000
     -7.80668      0.93086      0.00000      0.00000
     -7.79668      1.41779      0.00000      0.00000
     -7.78668      2.07578      0.00000      0.00000
     -7.77668      2.11124      0.00000      0.00000
     -7.76668      2.11020      0.00000      0.00000
     -7.75668      2.49731      0.00000      0.00000
     -7.74668      2.49043      0.00000      0.00000
     -7.73668      2.31976      0.00000      0.00000
     -7.72668      2.13727      0.00000      0.00000
     -7.71668      1.84220      0.00000      0.00000
     -7.70668      1.68078      0.00000      0.00000
     -7.69668      1.65821      0.00000      0.00000
     -7.68668      1.68466      0.00000      0.00000
     -7.67668      1.71426      0.00000      0.00000
     -7.66668      1.57800      0.00000      0.00000
     -7.65668      1.64646      0.00000      0.00000
     -7.64668      2.19038      0.00000      0.00000
     -7.63668      2.33661      0.00000      0.00000
     -7.62668      1.98140      0.00000      0.00000
     -7.61668      2.11143      0.00000      0.00000
     -7.60668      2.64877      0.00000      0.00000
     -7.59668      2.81372      0.00000      0.00000
     -7.58668      2.43622      0.00000      0.00000
     -7.57668      2.22552      0.00000      0.00000
     -7.56668      2.16618      0.00000      0.00000
     -7.55668      1.81719      0.00000      0.00000
     -7.54668      1.88566      0.00000      0.00000
     -7.53668      1.99117      0.00000      0.00000
     -7.52668      1.83205      0.00000      0.00000
     -7.51668      1.57670      0.00000      0.00000
     -7.50668      1.33936      0.00000      0.00000
     -7.49668      1.28004      0.00000      0.00000
     -7.48668      1.46010      0.00000      0.00000
     -7.47668      1.94520      0.00000      0.00000
     -7.46668      2.23945      0.00000      0.00000
     -7.45668      2.04577      0.00000      0.00000
     -7.44668      2.00677      0.00000      0.00000
     -7.43668      2.29914      0.00000      0.00000
     -7.42668      2.12194      0.00000      0.00000
     -7.41668      1.66574      0.00000      0.00000
     -7.40668      1.65564      0.00000      0.00000
     -7.39668      1.78572      0.00000      0.00000
     -7.38668      1.93207      0.00000      0.00000
     -7.37668      1.90835      0.00000      0.00000
     -7.36668      1.87026      0.00000      0.00000
     -7.35668      1.97625      0.00000      0.00000
     -7.34668      1.91327      0.00000      0.00000
     -7.33668      1.70168      0.00000      0.00000
     -7.32668      1.88426      0.00000      0.00000
     -7.31668      2.15603      0.00000      0.00000
     -7.30668      1.79259      0.00000      0.00000
     -7.29668      1.61467      0.00000      0.00000
     -7.28668      1.90749      0.00000      0.00000
     -7.27668      2.05482      0.00000      0.00000
     -7.26668      1.83605      0.00000      0.00000
     -7.25668      1.33876      0.00000      0.00000
     -7.24668      1.13584      0.00000      0.00000
     -7.23668      1.25549      0.00000      0.00000
     -7.22668      1.42310      0.00000      0.00000
     -7.21668      1.54776      0.00000      0.00000
     -7.20668      1.63884      0.00000      0.00000
     -7.19668      1.83059      0.00000      0.00000
     -7.18668      1.99666      0.00000      0.00000
     -7.17668      1.82752      0.00000      0.00000
     -7.16668      1.91163      0.00000      0.00000
     -7.15668      2.16042      0.00000      0.00000
     -7.14668      1.85993      0.00000      0.00000
     -7.13668      1.47455      0.00000      0.00000
     -7.12668      1.33669      0.00000      0.00000
     -7.11668      1.28945      0.00000      0.00000
     -7.10668      1.23919      0.00000      0.00000
     -7.09668      0.95427      0.00000      0.00000
     -7.08668      0.83955      0.00000      0.00000
     -7.07668      1.20560      0.00000      0.00000
     -7.06668      1.28643      0.00000      0.00000
     -7.05668      0.99044      0.00000      0.00000
     -7.04668      0.88950      0.00000      0.00000
     -7.03668      1.09905      0.00000      0.00000
     -7.02668      1.26230      0.00000      0.00000
     -7.01668      1.22906      0.00000      0.00000
     -7.00668      1.43556      0.00000      0.00000
     -6.99668      1.69245      0.00000      0.00000
     -6.98668      1.68048      0.00000      0.00000
     -6.97668      1.68293      0.00000      0.00000
     -6.96668      1.61584      0.00000      0.00000
     -6.95668      1.17010      0.00000      0.00000
     -6.94668      0.70736      0.00000      0.00000
     -6.93668      0.67793      0.00000      0.00000
     -6.92668      0.71087      0.00000      0.00000
     -6.91668      0.90732      0.00000      0.00000
     -6.90668      1.43408      0.00000      0.00000
     -6.89668      1.82975      0.00000      0.00000
     -6.88668      2.10436      0.00000      0.00000
     -6.87668      2.00288      0.00000      0.00000
     -6.86668      1.53810      0.00000      0.00000
     -6.85668      1.24226      0.00000      0.00000
     -6.84668      1.20142      0.00000      0.00000
     -6.83668      1.45513      0.00000      0.00000
     -6.82668      1.89852      0.00000      0.00000
     -6.81668      2.33749      0.00000      0.00000
     -6.80668      2.27976      0.00000      0.00000
     -6.79668      1.78131      0.00000      0.00000
     -6.78668      1.38354      0.00000      0.00000
     -6.77668      1.32831      0.00000      0.00000
     -6.76668      1.46195      0.00000      0.00000
     -6.75668      1.56721      0.00000      0.00000
     -6.74668      1.36216      0.00000      0.00000
     -6.73668      0.99907      0.00000      0.00000
     -6.72668      0.91428      0.00000      0.00000
     -6.71668      1.09847      0.00000      0.00000
     -6.70668      1.25865      0.00000      0.00000
     -6.69668      1.27058      0.00000      0.00000
     -6.68668      1.45049      0.00000      0.00000
     -6.67668      1.67431      0.00000      0.00000
     -6.66668      1.77656      0.00000      0.00000
     -6.65668      1.88439      0.00000      0.00000
     -6.64668      2.06318      0.00000      0.00000
     -6.63668      1.97194      0.00000      0.00000
     -6.62668      1.60123      0.00000      0.00000
     -6.61668      1.45742      0.00000      0.00000
     -6.60668      1.15155      0.00000      0.00000
     -6.59668      0.68875      0.00000      0.00000
     -6.58668      0.67474      0.00000      0.00000
     -6.57668      0.92208      0.00000      0.00000
     -6.56668      0.99028      0.00000      0.00000
     -6.55668      1.16754      0.00000      0.00000
     -6.54668      1.32779      0.00000      0.00000
     -6.53668      1.23860      0.00000      0.00000
     -6.52668      1.16790      0.00000      0.00000
     -6.51668      1.00834      0.00000      0.00000
     -6.50668      0.80087      0.00000      0.00000
     -6.49668      0.79785      0.00000      0.00000
     -6.48668      0.93873      0.00000      0.00000
     -6.47668      1.06283      0.00000      0.00000
     -6.46668      1.04712      0.00000      0.00000
     -6.45668      1.11417      0.00000      0.00000
     -6.44668      1.09735      0.00000      0.00000
     -6.43668      0.98650      0.00000      0.00000
     -6.42668      1.06777      0.00000      0.00000
     -6.41668      1.14872      0.00000      0.00000
     -6.40668      0.89395      0.00000      0.00000
     -6.39668      0.80649      0.00000      0.00000
     -6.38668      1.00657      0.00000      0.00000
     -6.37668      1.38118      0.00000      0.00000
     -6.36668      1.57566      0.00000      0.00000
     -6.35668      1.40871      0.00000      0.00000
     -6.34668      1.58878      0.00000      0.00000
     -6.33668      1.77395      0.00000      0.00000
     -6.32668      1.39362      0.00000      0.00000
     -6.31668      0.89383      0.00000      0.00000
     -6.30668      0.89580      0.00000      0.00000
     -6.29668      1.10939      0.00000      0.00000
     -6.28668      1.39702      0.00000      0.00000
     -6.27668      1.81794      0.00000      0.00000
     -6.26668      1.98304      0.00000      0.00000
     -6.25668      1.80692      0.00000      0.00000
     -6.24668      1.70296      0.00000      0.00000
     -6.23668      2.01127      0.00000      0.00000
     -6.22668      2.35455      0.00000      0.00000
     -6.21668      2.66073      0.00000      0.00000
     -6.20668      3.02988      0.00000      0.00000
     -6.19668      2.76384      0.00000      0.00000
     -6.18668      1.99754      0.00000      0.00000
     -6.17668      1.40464      0.00000      0.00000
     -6.16668      0.98703      0.00000      0.00000
     -6.15668      0.87370      0.00000      0.00000
     -6.14668      1.15013      0.00000      0.00000
     -6.13668      1.53298      0.00000      0.00000
     -6.12668      1.58119      0.00000      0.00000
     -6.11668      1.47253      0.00000      0.00000
     -6.10668      1.70835      0.00000      0.00000
     -6.09668      2.10780      0.00000      0.00000
     -6.08668      2.13222      0.00000      0.00000
     -6.07668      1.90467      0.00000      0.00000
     -6.06668      1.73195      0.00000      0.00000
     -6.05668      1.82061      0.00000      0.00000
     -6.04668      1.86661      0.00000      0.00000
     -6.03668      1.77524      0.00000      0.00000
     -6.02668      2.02955      0.00000      0.00000
     -6.01668      2.27476      0.00000      0.00000
     -6.00668      1.87104      0.00000      0.00000
     -5.99668      1.33932      0.00000      0.00000
     -5.98668      1.46658      0.00000      0.00000
     -5.97668      2.03913      0.00000      0.00000
     -5.96668      2.43952      0.00000      0.00000
     -5.95668      2.46403      0.00000      0.00000
     -5.94668      2.32126      0.00000      0.00000
     -5.93668      2.45402      0.00000      0.00000
     -5.92668      2.54332      0.00000      0.00000
     -5.91668      2.30544      0.00000      0.00000
     -5.90668      2.16891      0.00000      0.00000
     -5.89668      2.06480      0.00000      0.00000
     -5.88668      1.88961      0.00000      0.00000
     -5.87668      1.85144      0.00000      0.00000
     -5.86668      1.77513      0.00000      0.00000
     -5.85668      1.53999      0.00000      0.00000
     -5.84668      1.60922      0.00000      0.00000
     -5.83668      2.03403      0.00000      0.00000
     -5.82668      2.47895      0.00000      0.00000
     -5.81668      2.63859      0.00000      0.00000
     -5.80668      2.34445      0.00000      0.00000
     -5.79668      1.87413      0.00000      0.00000
     -5.78668      1.64170      0.00000      0.00000
     -5.77668      1.83245      0.00000      0.00000
     -5.76668      1.93764      0.00000      0.00000
     -5.75668      1.79605      0.00000      0.00000
     -5.74668      2.05241      0.00000      0.00000
     -5.73668      2.49785      0.00000      0.00000
     -5.72668      2.34942      0.00000      0.00000
     -5.71668      2.13583      0.00000      0.00000
     -5.70668      2.38079      0.00000      0.00000
     -5.69668      2.17642      0.00000      0.00000
     -5.68668      1.74769      0.00000      0.00000
     -5.67668      1.90718      0.00000      0.00000
     -5.66668      2.17143      0.00000      0.00000
     -5.65668      2.33624      0.00000      0.00000
     -5.64668      2.56796      0.00000      0.00000
     -5.63668      2.36347      0.00000      0.00000
     -5.62668      1.69502      0.00000      0.00000
     -5.61668      1.40529      0.00000      0.00000
     -5.60668      1.91398      0.00000      0.00000
     -5.59668      2.54828      0.00000      0.00000
     -5.58668      2.47374      0.00000      0.00000
     -5.57668      2.23947      0.00000      0.00000
     -5.56668      2.26131      0.00000      0.00000
     -5.55668      2.56061      0.00000      0.00000
     -5.54668      2.86573      0.00000      0.00000
     -5.53668      2.70093      0.00000      0.00000
     -5.52668      1.88968      0.00000      0.00000
     -5.51668      1.19113      0.00000      0.00000
     -5.50668      1.59967      0.00000      0.00000
     -5.49668      2.62854      0.00000      0.00000
     -5.48668      3.10869      0.00000      0.00000
     -5.47668      2.58545      0.00000      0.00000
     -5.46668      1.81924      0.00000      0.00000
     -5.45668      1.71523      0.00000      0.00000
     -5.44668      2.11162      0.00000      0.00000
     -5.43668      2.30855      0.00000      0.00000
     -5.42668      2.34923      0.00000      0.00000
     -5.41668      2.33423      0.00000      0.00000
     -5.40668      2.27921      0.00000      0.00000
     -5.39668      2.02845      0.00000      0.00000
     -5.38668      1.84352      0.00000      0.00000
     -5.37668      2.16259      0.00000      0.00000
     -5.36668      2.47970      0.00000      0.00000
     -5.35668      2.29396      0.00000      0.00000
     -5.34668      2.19651      0.00000      0.00000
     -5.33668      2.21816      0.00000      0.00000
     -5.32668      2.05497      0.00000      0.00000
     -5.31668      1.94261      0.00000      0.00000
     -5.30668      2.08519      0.00000      0.00000
     -5.29668      2.30337      0.00000      0.00000
     -5.28668      2.02575      0.00000      0.00000
     -5.27668      1.82976      0.00000      0.00000
     -5.26668      1.90332      0.00000      0.00000
     -5.25668      1.88074      0.00000      0.00000
     -5.24668      1.97352      0.00000      0.00000
     -5.23668      2.45944      0.00000      0.00000
     -5.22668      3.06780      0.00000      0.00000
     -5.21668      2.82558      0.00000      0.00000
     -5.20668      2.02553      0.00000      0.00000
     -5.19668      1.58566      0.00000      0.00000
     -5.18668      1.47598      0.00000      0.00000
     -5.17668      1.68216      0.00000      0.00000
     -5.16668      2.12519      0.00000      0.00000
     -5.15668      2.28776      0.00000      0.00000
     -5.14668      2.05279      0.00000      0.00000
     -5.13668      2.02773      0.00000      0.00000
     -5.12668      2.25784      0.00000      0.00000
     -5.11668      2.30344      0.00000      0.00000
     -5.10668      1.93268      0.00000      0.00000
     -5.09668      1.73529      0.00000      0.00000
     -5.08668      1.83968      0.00000      0.00000
     -5.07668      1.78153      0.00000      0.00000
     -5.06668      1.81114      0.00000      0.00000
     -5.05668      2.07680      0.00000      0.00000
     -5.04668      2.71006      0.00000      0.00000
     -5.03668      3.34943      0.00000      0.00000
     -5.02668      3.38364      0.00000      0.00000
     -5.01668      3.10693      0.00000      0.00000
     -5.00668      2.92375      0.00000      0.00000
     -4.99668      2.88218      0.00000      0.00000
     -4.98668      2.86192      0.00000      0.00000
     -4.97668      2.40797      0.00000      0.00000
     -4.96668      2.21338      0.00000      0.00000
     -4.95668      2.34432      0.00000      0.00000
     -4.94668      2.12262      0.00000      0.00000
     -4.93668      1.87923      0.00000      0.00000
     -4.92668      1.76159      0.00000      0.00000
     -4.91668      1.78656      0.00000      0.00000
     -4.90668      1.95699      0.00000      0.00000
     -4.89668      2.07288      0.00000      0.00000
     -4.88668      1.83690      0.00000      0.00000
     -4.87668      1.82458      0.00000      0.00000
     -4.86668      2.27742      0.00000      0.00000
     -4.85668      2.73202      0.00000      0.00000
     -4.84668      2.79388      0.00000      0.00000
     -4.83668      2.15330      0.00000      0.00000
     -4.82668      1.54561      0.00000      0.00000
     -4.81668      1.69768      0.00000      0.00000
     -4.80668      2.37490      0.00000      0.00000
     -4.79668      2.65436      0.00000      0.00000
     -4.78668      2.49750      0.00000      0.00000
     -4.77668      2.63112      0.00000      0.00000
     -4.76668      2.70481      0.00000      0.00000
     -4.75668      2.42399      0.00000      0.00000
     -4.74668      2.40097      0.00000      0.00000
     -4.73668      2.93160      0.00000      0.00000
     -4.72668      3.17170      0.00000      0.00000
     -4.71668      2.87120      0.00000      0.00000
     -4.70668      2.71978      0.00000      0.00000
     -4.69668      2.82362      0.00000      0.00000
     -4.68668      3.20354      0.00000      0.00000
     -4.67668      3.47238      0.00000      0.00000
     -4.66668      3.45752      0.00000      0.00000
     -4.65668      3.35547      0.00000      0.00000
     -4.64668      3.23941      0.00000      0.00000
     -4.63668      2.80482      0.00000      0.00000
     -4.62668      2.53492      0.00000      0.00000
     -4.61668      2.54802      0.00000      0.00000
     -4.60668      2.49615      0.00000      0.00000
     -4.59668      2.59136      0.00000      0.00000
     -4.58668      2.93774      0.00000      0.00000
     -4.57668      3.06128      0.00000      0.00000
     -4.56668      2.90931      0.00000      0.00000
     -4.55668      3.12342      0.00000      0.00000
     -4.54668      3.60706      0.00000      0.00000
     -4.53668      3.50968      0.00000      0.00000
     -4.52668      3.16635      0.00000      0.00000
     -4.51668      2.78626      0.00000      0.00000
     -4.50668      2.26760      0.00000      0.00000
     -4.49668      2.01166      0.00000      0.00000
     -4.48668      2.17915      0.00000      0.00000
     -4.47668      2.52559      0.00000      0.00000
     -4.46668      2.84374      0.00000      0.00000
     -4.45668      2.72730      0.00000      0.00000
     -4.44668      2.32525      0.00000      0.00000
     -4.43668      2.10826      0.00000      0.00000
     -4.42668      2.55200      0.00000      0.00000
     -4.41668      2.73997      0.00000      0.00000
     -4.40668      2.10602      0.00000      0.00000
     -4.39668      1.68257      0.00000      0.00000
     -4.38668      1.76485      0.00000      0.00000
     -4.37668      2.13445      0.00000      0.00000
     -4.36668      2.55768      0.00000      0.00000
     -4.35668      2.97584      0.00000      0.00000
     -4.34668      2.85050      0.00000      0.00000
     -4.33668      2.15700      0.00000      0.00000
     -4.32668      1.74311      0.00000      0.00000
     -4.31668      1.74598      0.00000      0.00000
     -4.30668      2.03035      0.00000      0.00000
     -4.29668      2.20774      0.00000      0.00000
     -4.28668      2.12806      0.00000      0.00000
     -4.27668      2.62019      0.00000      0.00000
     -4.26668      3.44671      0.00000      0.00000
     -4.25668      3.49864      0.00000      0.00000
     -4.24668      2.63406      0.00000      0.00000
     -4.23668      1.98254      0.00000      0.00000
     -4.22668      2.06169      0.00000      0.00000
     -4.21668      2.13729      0.00000      0.00000
     -4.20668      2.05820      0.00000      0.00000
     -4.19668      2.05502      0.00000      0.00000
     -4.18668      2.17802      0.00000      0.00000
     -4.17668      2.30554      0.00000      0.00000
     -4.16668      2.27089      0.00000      0.00000
     -4.15668      2.04616      0.00000      0.00000
     -4.14668      1.71231      0.00000      0.00000
     -4.13668      1.63204      0.00000      0.00000
     -4.12668      1.95328      0.00000      0.00000
     -4.11668      2.16426      0.00000      0.00000
     -4.10668      2.00397      0.00000      0.00000
     -4.09668      2.08217      0.00000      0.00000
     -4.08668      2.18963      0.00000      0.00000
     -4.07668      2.32389      0.00000      0.00000
     -4.06668      2.69037      0.00000      0.00000
     -4.05668      2.95254      0.00000      0.00000
     -4.04668      2.84902      0.00000      0.00000
     -4.03668      2.40906      0.00000      0.00000
     -4.02668      2.08594      0.00000      0.00000
     -4.01668      2.21961      0.00000      0.00000
     -4.00668      2.51121      0.00000      0.00000
     -3.99668      2.59745      0.00000      0.00000
     -3.98668      2.34178      0.00000      0.00000
     -3.97668      1.88597      0.00000      0.00000
     -3.96668      1.40463      0.00000      0.00000
     -3.95668      1.03672      0.00000      0.00000
     -3.94668      1.21578      0.00000      0.00000
     -3.93668      1.61497      0.00000      0.00000
     -3.92668      1.95223      0.00000      0.00000
     -3.91668      1.88517      0.00000      0.00000
     -3.90668      1.84260      0.00000      0.00000
     -3.89668      2.39699      0.00000      0.00000
     -3.88668      3.00665      0.00000      0.00000
     -3.87668      2.76933      0.00000      0.00000
     -3.86668      2.33797      0.00000      0.00000
     -3.85668      2.16971      0.00000      0.00000
     -3.84668      1.89149      0.00000      0.00000
     -3.83668      1.64305      0.00000      0.00000
     -3.82668      2.00518      0.00000      0.00000
     -3.81668      2.23383      0.00000      0.00000
     -3.80668      1.66869      0.00000      0.00000
     -3.79668      1.26767      0.00000      0.00000
     -3.78668      1.39219      0.00000      0.00000
     -3.77668      1.52812      0.00000      0.00000
     -3.76668      1.52530      0.00000      0.00000
     -3.75668      1.59931      0.00000      0.00000
     -3.74668      1.95721      0.00000      0.00000
     -3.73668      2.30165      0.00000      0.00000
     -3.72668      2.10904      0.00000      0.00000
     -3.71668      1.62510      0.00000      0.00000
     -3.70668      1.38956      0.00000      0.00000
     -3.69668      1.31298      0.00000      0.00000
     -3.68668      1.27533      0.00000      0.00000
     -3.67668      1.38893      0.00000      0.00000
     -3.66668      1.91297      0.00000      0.00000
     -3.65668      2.32678      0.00000      0.00000
     -3.64668      2.14868      0.00000      0.00000
     -3.63668      1.89989      0.00000      0.00000
     -3.62668      1.93874      0.00000      0.00000
     -3.61668      2.08601      0.00000      0.00000
     -3.60668      2.30477      0.00000      0.00000
     -3.59668      2.39030      0.00000      0.00000
     -3.58668      2.50955      0.00000      0.00000
     -3.57668      2.64838      0.00000      0.00000
     -3.56668      2.06631      0.00000      0.00000
     -3.55668      1.48651      0.00000      0.00000
     -3.54668      1.44621      0.00000      0.00000
     -3.53668      1.55036      0.00000      0.00000
     -3.52668      1.51989      0.00000      0.00000
     -3.51668      1.30647      0.00000      0.00000
     -3.50668      1.04703      0.00000      0.00000
     -3.49668      1.06537      0.00000      0.00000
     -3.48668      1.43660      0.00000      0.00000
     -3.47668      1.63181      0.00000      0.00000
     -3.46668      1.50751      0.00000      0.00000
     -3.45668      1.34126      0.00000      0.00000
     -3.44668      1.23341      0.00000      0.00000
     -3.43668      1.36634      0.00000      0.00000
     -3.42668      1.33543      0.00000      0.00000
     -3.41668      1.15119      0.00000      0.00000
     -3.40668      1.26155      0.00000      0.00000
     -3.39668      1.23138      0.00000      0.00000
     -3.38668      1.11063      0.00000      0.00000
     -3.37668      1.30825      0.00000      0.00000
     -3.36668      1.65492      0.00000      0.00000
     -3.35668      1.52805      0.00000      0.00000
     -3.34668      1.04372      0.00000      0.00000
     -3.33668      0.66523      0.00000      0.00000
     -3.32668      0.40384      0.00000      0.00000
     -3.31668      0.37743      0.00000      0.00000
     -3.30668      0.45458      0.00000      0.00000
     -3.29668      0.53927      0.00000      0.00000
     -3.28668      0.58893      0.00000      0.00000
     -3.27668      0.90588      0.00000      0.00000
     -3.26668      1.31764      0.00000      0.00000
     -3.25668      1.32364      0.00000      0.00000
     -3.24668      1.33026      0.00000      0.00000
     -3.23668      1.05674      0.00000      0.00000
     -3.22668      0.72412      0.00000      0.00000
     -3.21668      0.58162      0.00000      0.00000
     -3.20668      0.51033      0.00000      0.00000
     -3.19668      0.67944      0.00000      0.00000
     -3.18668      0.75376      0.00000      0.00000
     -3.17668      0.71483      0.00000      0.00000
     -3.16668      1.11642      0.00000      0.00000
     -3.15668      1.52202      0.00000      0.00000
     -3.14668      1.28630      0.00000      0.00000
     -3.13668      0.80867      0.00000      0.00000
     -3.12668      0.53625      0.00000      0.00000
     -3.11668      0.55363      0.00000      0.00000
     -3.10668      0.60116      0.00000      0.00000
     -3.09668      0.67378      0.00000      0.00000
     -3.08668      0.64768      0.00000      0.00000
     -3.07668      0.56959      0.00000      0.00000
     -3.06668      0.80184      0.00000      0.00000
     -3.05668      0.90524      0.00000      0.00000
     -3.04668      0.57521      0.00000      0.00000
     -3.03668      0.31275      0.00000      0.00000
     -3.02668      0.26066      0.00000      0.00000
     -3.01668      0.26882      0.00000      0.00000
     -3.00668      0.23171      0.00000      0.00000
     -2.99668      0.25832      0.00000      0.00000
     -2.98668      0.46331      0.00000      0.00000
     -2.97668      0.54639      0.00000      0.00000
     -2.96668      0.46964      0.00000      0.00000
     -2.95668      0.51543      0.00000      0.00000
     -2.94668      0.52903      0.00000      0.00000
     -2.93668      0.38852      0.00000      0.00000
     -2.92668      0.28790      0.00000      0.00000
     -2.91668      0.24460      0.00000      0.00000
     -2.90668      0.35648      0.00000      0.00000
     -2.89668      0.53301      0.00000      0.00000
     -2.88668      0.67642      0.00000      0.00000
     -2.87668      0.59838      0.00000      0.00000
     -2.86668      0.37458      0.00000      0.00000
     -2.85668      0.29210      0.00000      0.00000
     -2.84668      0.31448      0.00000      0.00000
     -2.83668      0.25345      0.00000      0.00000
     -2.82668      0.21513      0.00000      0.00000
     -2.81668      0.24994      0.00000      0.00000
     -2.80668      0.33628      0.00000      0.00000
     -2.79668      0.37750      0.00000      0.00000
     -2.78668      0.51833      0.00000      0.00000
     -2.77668      0.80145      0.00000      0.00000
     -2.76668      0.89438      0.00000      0.00000
     -2.75668      0.83158      0.00000      0.00000
     -2.74668      0.58753      0.00000      0.00000
     -2.73668      0.50500      0.00000      0.00000
     -2.72668      0.76986      0.00000      0.00000
     -2.71668      1.03811      0.00000      0.00000
     -2.70668      1.04498      0.00000      0.00000
     -2.69668      0.75123      0.00000      0.00000
     -2.68668      0.47581      0.00000      0.00000
     -2.67668      0.34803      0.00000      0.00000
     -2.66668      0.22807      0.00000      0.00000
     -2.65668      0.38781      0.00000      0.00000
     -2.64668      0.94241      0.00000      0.00000
     -2.63668      1.29475      0.00000      0.00000
     -2.62668      1.18647      0.00000      0.00000
     -2.61668      0.86322      0.00000      0.00000
     -2.60668      0.63646      0.00000      0.00000
     -2.59668      0.65805      0.00000      0.00000
     -2.58668      0.85422      0.00000      0.00000
     -2.57668      1.06001      0.00000      0.00000
     -2.56668      1.00055      0.00000      0.00000
     -2.55668      0.74148      0.00000      0.00000
     -2.54668      0.60693      0.00000      0.00000
     -2.53668      0.70418      0.00000      0.00000
     -2.52668      0.85796      0.00000      0.00000
     -2.51668      0.76720      0.00000      0.00000
     -2.50668      0.58811      0.00000      0.00000
     -2.49668      0.66863      0.00000      0.00000
     -2.48668      0.63945      0.00000      0.00000
     -2.47668      0.60262      0.00000      0.00000
     -2.46668      0.96600      0.00000      0.00000
     -2.45668      1.22923      0.00000      0.00000
     -2.44668      1.04221      0.00000      0.00000
     -2.43668      0.82280      0.00000      0.00000
     -2.42668      0.66690      0.00000      0.00000
     -2.41668      0.57764      0.00000      0.00000
     -2.40668      0.44999      0.00000      0.00000
     -2.39668      0.32308      0.00000      0.00000
     -2.38668      0.29312      0.00000      0.00000
     -2.37668      0.24817      0.00000      0.00000
     -2.36668      0.16448      0.00000      0.00000
     -2.35668      0.16146      0.00000      0.00000
     -2.34668      0.26028      0.00000      0.00000
     -2.33668      0.29980      0.00000      0.00000
     -2.32668      0.30226      0.00000      0.00000
     -2.31668      0.42594      0.00000      0.00000
     -2.30668      0.57550      0.00000      0.00000
     -2.29668      0.62861      0.00000      0.00000
     -2.28668      0.68887      0.00000      0.00000
     -2.27668      0.64011      0.00000      0.00000
     -2.26668      0.54910      0.00000      0.00000
     -2.25668      0.60667      0.00000      0.00000
     -2.24668      0.85509      0.00000      0.00000
     -2.23668      0.85172      0.00000      0.00000
     -2.22668      0.67293      0.00000      0.00000
     -2.21668      0.62461      0.00000      0.00000
     -2.20668      0.68164      0.00000      0.00000
     -2.19668      0.79635      0.00000      0.00000
     -2.18668      0.80724      0.00000      0.00000
     -2.17668      0.77627      0.00000      0.00000
     -2.16668      0.76857      0.00000      0.00000
     -2.15668      0.71065      0.00000      0.00000
     -2.14668      0.56572      0.00000      0.00000
     -2.13668      0.53437      0.00000      0.00000
     -2.12668      0.74347      0.00000      0.00000
     -2.11668      0.76180      0.00000      0.00000
     -2.10668      0.42198      0.00000      0.00000
     -2.09668      0.14403      0.00000      0.00000
     -2.08668      0.21561      0.00000      0.00000
     -2.07668      0.51377      0.00000      0.00000
     -2.06668      0.66330      0.00000      0.00000
     -2.05668      0.62909      0.00000      0.00000
     -2.04668      0.67431      0.00000      0.00000
     -2.03668      0.67689      0.00000      0.00000
     -2.02668      0.51603      0.00000      0.00000
     -2.01668      0.40742      0.00000      0.00000
     -2.00668      0.26969      0.00000      0.00000
     -1.99668      0.13303      0.00000      0.00000
     -1.98668      0.20004      0.00000      0.00000
     -1.97668      0.49548      0.00000      0.00000
     -1.96668      0.82190      0.00000      0.00000
     -1.95668      0.73357      0.00000      0.00000
     -1.94668      0.51640      0.00000      0.00000
     -1.93668      0.36036      0.00000      0.00000
     -1.92668      0.13936      0.00000      0.00000
     -1.91668      0.07570      0.00000      0.00000
     -1.90668      0.34033      0.00000      0.00000
     -1.89668      0.97699      0.00000      0.00000
     -1.88668      1.38926      0.00000      0.00000
     -1.87668      1.16297      0.00000      0.00000
     -1.86668      0.71319      0.00000      0.00000
     -1.85668      0.42492      0.00000      0.00000
     -1.84668      0.37033      0.00000      0.00000
     -1.83668      0.32947      0.00000      0.00000
     -1.82668      0.25742      0.00000      0.00000
     -1.81668      0.38674      0.00000      0.00000
     -1.80668      0.66915      0.00000      0.00000
     -1.79668      0.80041      0.00000      0.00000
     -1.78668      0.62494      0.00000      0.00000
     -1.77668      0.37719      0.00000      0.00000
     -1.76668      0.39438      0.00000      0.00000
     -1.75668      0.70573      0.00000      0.00000
     -1.74668      0.94714      0.00000      0.00000
     -1.73668      0.78146      0.00000      0.00000
     -1.72668      0.56435      0.00000      0.00000
     -1.71668      0.61438      0.00000      0.00000
     -1.70668      0.61888      0.00000      0.00000
     -1.69668      0.57112      0.00000      0.00000
     -1.68668      0.70610      0.00000      0.00000
     -1.67668      0.77916      0.00000      0.00000
     -1.66668      0.76036      0.00000      0.00000
     -1.65668      0.93487      0.00000      0.00000
     -1.64668      0.91859      0.00000      0.00000
     -1.63668      0.53944      0.00000      0.00000
     -1.62668      0.30335      0.00000      0.00000
     -1.61668      0.40504      0.00000      0.00000
     -1.60668      0.63089      0.00000      0.00000
     -1.59668      0.86853      0.00000      0.00000
     -1.58668      0.88139      0.00000      0.00000
     -1.57668      0.82213      0.00000      0.00000
     -1.56668      0.87341      0.00000      0.00000
     -1.55668      0.67663      0.00000      0.00000
     -1.54668      0.40418      0.00000      0.00000
     -1.53668      0.28375      0.00000      0.00000
     -1.52668      0.27469      0.00000      0.00000
     -1.51668      0.31902      0.00000      0.00000
     -1.50668      0.38453      0.00000      0.00000
     -1.49668      0.59103      0.00000      0.00000
     -1.48668      0.90041      0.00000      0.00000
     -1.47668      1.23417      0.00000      0.00000
     -1.46668      1.57685      0.00000      0.00000
     -1.45668      1.65787      0.00000      0.00000
     -1.44668      1.27821      0.00000      0.00000
     -1.43668      0.91418      0.00000      0.00000
     -1.42668      0.90303      0.00000      0.00000
     -1.41668      1.17940      0.00000      0.00000
     -1.40668      1.47626      0.00000      0.00000
     -1.39668      1.50728      0.00000      0.00000
     -1.38668      1.25668      0.00000      0.00000
     -1.37668      0.92024      0.00000      0.00000
     -1.36668      0.70801      0.00000      0.00000
     -1.35668      0.64553      0.00000      0.00000
     -1.34668      0.78893      0.00000      0.00000
     -1.33668      1.05968      0.00000      0.00000
     -1.32668      0.96180      0.00000      0.00000
     -1.31668      0.50196      0.00000      0.00000
     -1.30668      0.31577      0.00000      0.00000
     -1.29668      0.48845      0.00000      0.00000
     -1.28668      0.58602      0.00000      0.00000
     -1.27668      0.84689      0.00000      0.00000
     -1.26668      1.46508      0.00000      0.00000
     -1.25668      1.69765      0.00000      0.00000
     -1.24668      1.25161      0.00000      0.00000
     -1.23668      0.92223      0.00000      0.00000
     -1.22668      1.12860      0.00000      0.00000
     -1.21668      1.35573      0.00000      0.00000
     -1.20668      1.27186      0.00000      0.00000
     -1.19668      1.04429      0.00000      0.00000
     -1.18668      0.90256      0.00000      0.00000
     -1.17668      0.97725      0.00000      0.00000
     -1.16668      1.07571      0.00000      0.00000
     -1.15668      1.20337      0.00000      0.00000
     -1.14668      1.46814      0.00000      0.00000
     -1.13668      1.54511      0.00000      0.00000
     -1.12668      1.43717      0.00000      0.00000
     -1.11668      1.57356      0.00000      0.00000
     -1.10668      1.81446      0.00000      0.00000
     -1.09668      2.04478      0.00000      0.00000
     -1.08668      2.11929      0.00000      0.00000
     -1.07668      1.77491      0.00000      0.00000
     -1.06668      1.67930      0.00000      0.00000
     -1.05668      1.97858      0.00000      0.00000
     -1.04668      1.95317      0.00000      0.00000
     -1.03668      1.72786      0.00000      0.00000
     -1.02668      1.59140      0.00000      0.00000
     -1.01668      1.31990      0.00000      0.00000
     -1.00668      1.08883      0.00000      0.00000
     -0.99668      1.08932      0.00000      0.00000
     -0.98668      1.08176      0.00000      0.00000
     -0.97668      1.06132      0.00000      0.00000
     -0.96668      1.15615      0.00000      0.00000
     -0.95668      1.41898      0.00000      0.00000
     -0.94668      1.57777      0.00000      0.00000
     -0.93668      1.69265      0.00000      0.00000
     -0.92668      1.74413      0.00000      0.00000
     -0.91668      1.40628      0.00000      0.00000
     -0.90668      1.18138      0.00000      0.00000
     -0.89668      1.53935      0.00000      0.00000
     -0.88668      1.97021      0.00000      0.00000
     -0.87668      2.30852      0.00000      0.00000
     -0.86668      2.52737      0.00000      0.00000
     -0.85668      2.32319      0.00000      0.00000
     -0.84668      1.80692      0.00000      0.00000
     -0.83668      1.74822      0.00000      0.00000
     -0.82668      2.04123      0.00000      0.00000
     -0.81668      2.10311      0.00000      0.00000
     -0.80668      2.09958      0.00000      0.00000
     -0.79668      2.25513      0.00000      0.00000
     -0.78668      2.35128      0.00000      0.00000
     -0.77668      1.83731      0.00000      0.00000
     -0.76668      1.24510      0.00000      0.00000
     -0.75668      1.29130      0.00000      0.00000
     -0.74668      1.88548      0.00000      0.00000
     -0.73668      2.14644      0.00000      0.00000
     -0.72668      1.73850      0.00000      0.00000
     -0.71668      1.59073      0.00000      0.00000
     -0.70668      1.70028      0.00000      0.00000
     -0.69668      1.58434      0.00000      0.00000
     -0.68668      1.78019      0.00000      0.00000
     -0.67668      2.30648      0.00000      0.00000
     -0.66668      2.37246      0.00000      0.00000
     -0.65668      1.78630      0.00000      0.00000
     -0.64668      1.45652      0.00000      0.00000
     -0.63668      1.72615      0.00000      0.00000
     -0.62668      2.06171      0.00000      0.00000
     -0.61668      2.42350      0.00000      0.00000
     -0.60668      2.72119      0.00000      0.00000
     -0.59668      2.81657      0.00000      0.00000
     -0.58668      2.83276      0.00000      0.00000
     -0.57668      2.80140      0.00000      0.00000
     -0.56668      2.79296      0.00000      0.00000
     -0.55668      2.76992      0.00000      0.00000
     -0.54668      3.10527      0.00000      0.00000
     -0.53668      3.27477      0.00000      0.00000
     -0.52668      2.95747      0.00000      0.00000
     -0.51668      2.52699      0.00000      0.00000
     -0.50668      2.53008      0.00000      0.00000
     -0.49668      2.74522      0.00000      0.00000
     -0.48668      2.36289      0.00000      0.00000
     -0.47668      2.11210      0.00000      0.00000
     -0.46668      2.24461      0.00000      0.00000
     -0.45668      2.09924      0.00000      0.00000
     -0.44668      2.13285      0.00000      0.00000
     -0.43668      2.20809      0.00000      0.00000
     -0.42668      1.99126      0.00000      0.00000
     -0.41668      1.79606      0.00000      0.00000
     -0.40668      1.79950      0.00000      0.00000
     -0.39668      2.00848      0.00000      0.00000
     -0.38668      1.92917      0.00000      0.00000
     -0.37668      1.72162      0.00000      0.00000
     -0.36668      1.93112      0.00000      0.00000
     -0.35668      2.36437      0.00000      0.00000
     -0.34668      2.73477      0.00000      0.00000
     -0.33668      2.77553      0.00000      0.00000
     -0.32668      2.51484      0.00000      0.00000
     -0.31668      2.57405      0.00000      0.00000
     -0.30668      2.85546      0.00000      0.00000
     -0.29668      2.92479      0.00000      0.00000
     -0.28668      2.84934      0.00000      0.00000
     -0.27668      2.53794      0.00000      0.00000
     -0.26668      2.28969      0.00000      0.00000
     -0.25668      2.35893      0.00000      0.00000
     -0.24668      2.31771      0.00000      0.00000
     -0.23668      2.11853      0.00000      0.00000
     -0.22668      1.98912      0.00000      0.00000
     -0.21668      2.22527      0.00000      0.00000
     -0.20668      2.66181      0.00000      0.00000
     -0.19668      2.80702      0.00000      0.00000
     -0.18668      2.70966      0.00000      0.00000
     -0.17668      2.63100      0.00000      0.00000
     -0.16668      2.40966      0.00000      0.00000
     -0.15668      2.07067      0.00000      0.00000
     -0.14668      1.80580      0.00000      0.00000
     -0.13668      2.09699      0.00000      0.00000
     -0.12668      2.36434      0.00000      0.00000
     -0.11668      2.18112      0.00000      0.00000
     -0.10668      2.11521      0.00000      0.00000
     -0.09668      2.13045      0.00000      0.00000
     -0.08668      2.35405      0.00000      0.00000
     -0.07668      2.48575      0.00000      0.00000
     -0.06668      2.32087      0.00000      0.00000
     -0.05668      2.29654      0.00000      0.00000
     -0.04668      2.30327      0.00000      0.00000
     -0.03668      2.05556      0.00000      0.00000
     -0.02668      1.80531      0.00000      0.00000
     -0.01668      1.66941      0.00000      0.00000
     -0.00668      1.73498      0.00000      0.00000
      0.00332      1.48106      0.00000      0.00000
      0.01332      1.12148      0.00000      0.00000
      0.02332      1.23225      0.00000      0.00000
      0.03332      1.50601      0.00000      0.00000
      0.04332      1.58993      0.00000      0.00000
      0.05332      1.48749      0.00000      0.00000
      0.06332      1.52847      0.00000      0.00000
      0.07332      1.98073      0.00000      0.00000
      0.08332      2.18167      0.00000      0.00000
      0.09332      1.90477      0.00000      0.00000
      0.10332      1.87143      0.00000      0.00000
      0.11332      1.87845      0.00000      0.00000
      0.12332      1.59533      0.00000      0.00000
      0.13332      1.35880      0.00000      0.00000
      0.14332      1.65759      0.00000      0.00000
      0.15332      2.11407      0.00000      0.00000
      0.16332      2.05811      0.00000      0.00000
      0.17332      1.94118      0.00000      0.00000
      0.18332      1.87666      0.00000      0.00000
      0.19332      1.65235      0.00000      0.00000
      0.20332      1.59780      0.00000      0.00000
      0.21332      1.73728      0.00000      0.00000
      0.22332      1.84368      0.00000      0.00000
      0.23332      1.76333      0.00000      0.00000
      0.24332      1.41915      0.00000      0.00000
      0.25332      1.57580      0.00000      0.00000
      0.26332      2.11936      0.00000      0.00000
      0.27332      2.22710      0.00000      0.00000
      0.28332      1.87287      0.00000      0.00000
      0.29332      1.50058      0.00000      0.00000
      0.30332      1.35084      0.00000      0.00000
      0.31332      1.53818      0.00000      0.00000
      0.32332      2.28632      0.00000      0.00000
      0.33332      2.84930      0.00000      0.00000
      0.34332      2.67508      0.00000      0.00000
      0.35332      2.38355      0.00000      0.00000
      0.36332      2.28908      0.00000      0.00000
      0.37332      2.20981      0.00000      0.00000
      0.38332      1.98740      0.00000      0.00000
      0.39332      1.88564      0.00000      0.00000
      0.40332      1.84966      0.00000      0.00000
      0.41332      1.46648      0.00000      0.00000
      0.42332      1.01817      0.00000      0.00000
      0.43332      0.89852      0.00000      0.00000
      0.44332      0.97095      0.00000      0.00000
      0.45332      1.44544      0.00000      0.00000
      0.46332      2.23323      0.00000      0.00000
      0.47332      2.13252      0.00000      0.00000
      0.48332      1.52373      0.00000      0.00000
      0.49332      1.54813      0.00000      0.00000
      0.50332      1.79880      0.00000      0.00000
      0.51332      1.62232      0.00000      0.00000
      0.52332      1.27991      0.00000      0.00000
      0.53332      1.27062      0.00000      0.00000
      0.54332      1.42324      0.00000      0.00000
      0.55332      1.42439      0.00000      0.00000
      0.56332      1.59895      0.00000      0.00000
      0.57332      2.01750      0.00000      0.00000
      0.58332      2.02561      0.00000      0.00000
      0.59332      1.69900      0.00000      0.00000
      0.60332      1.74325      0.00000      0.00000
      0.61332      1.87755      0.00000      0.00000
      0.62332      1.78509      0.00000      0.00000
      0.63332      1.94441      0.00000      0.00000
      0.64332      2.37791      0.00000      0.00000
      0.65332      2.57108      0.00000      0.00000
      0.66332      2.30227      0.00000      0.00000
      0.67332      1.80339      0.00000      0.00000
      0.68332      1.47348      0.00000      0.00000
      0.69332      1.19066      0.00000      0.00000
      0.70332      0.94811      0.00000      0.00000
      0.71332      0.93445      0.00000      0.00000
      0.72332      1.08853      0.00000      0.00000
      0.73332      1.12881      0.00000      0.00000
      0.74332      1.10020      0.00000      0.00000
      0.75332      1.18691      0.00000      0.00000
      0.76332      1.10190      0.00000      0.00000
      0.77332      1.05770      0.00000      0.00000
      0.78332      1.35143      0.00000      0.00000
      0.79332      1.49574      0.00000      0.00000
      0.80332      1.23001      0.00000      0.00000
      0.81332      1.12695      0.00000      0.00000
      0.82332      0.96757      0.00000      0.00000
      0.83332      1.04499      0.00000      0.00000
      0.84332      1.69502      0.00000      0.00000
      0.85332      1.81538      0.00000      0.00000
      0.86332      1.31430      0.00000      0.00000
      0.87332      1.02914      0.00000      0.00000
      0.88332      0.91362      0.00000      0.00000
      0.89332      0.96932      0.00000      0.00000
      0.90332      1.34820      0.00000      0.00000
      0.91332      1.43083      0.00000      0.00000
      0.92332      1.05582      0.00000      0.00000
      0.93332      0.92312      0.00000      0.00000
      0.94332      0.98335      0.00000      0.00000
      0.95332      1.11148      0.00000      0.00000
      0.96332      1.01863      0.00000      0.00000
      0.97332      0.77817      0.00000      0.00000
      0.98332      0.69988      0.00000      0.00000
      0.99332      0.70505      0.00000      0.00000
      1.00332      0.85824      0.00000      0.00000
      1.01332      1.08338      0.00000      0.00000
      1.02332      1.07015      0.00000      0.00000
      1.03332      1.03511      0.00000      0.00000
      1.04332      1.14590      0.00000      0.00000
      1.05332      1.28739      0.00000      0.00000
      1.06332      1.19188      0.00000      0.00000
      1.07332      1.19177      0.00000      0.00000
      1.08332      1.34187      0.00000      0.00000
      1.09332      1.32683      0.00000      0.00000
      1.10332      1.23738      0.00000      0.00000
      1.11332      1.23201      0.00000      0.00000
      1.12332      1.49094      0.00000      0.00000
      1.13332      1.74143      0.00000      0.00000
      1.14332      1.71725      0.00000      0.00000
      1.15332      1.38662      0.00000      0.00000
      1.16332      1.09293      0.00000      0.00000
      1.17332      1.13573      0.00000      0.00000
      1.18332      1.15673      0.00000      0.00000
      1.19332      1.11563      0.00000      0.00000
      1.20332      1.08253      0.00000      0.00000
      1.21332      0.77669      0.00000      0.00000
      1.22332      0.43038      0.00000      0.00000
      1.23332      0.58208      0.00000      0.00000
      1.24332      1.01923      0.00000      0.00000
      1.25332      1.30910      0.00000      0.00000
      1.26332      1.26131      0.00000      0.00000
      1.27332      0.96775      0.00000      0.00000
      1.28332      0.78651      0.00000      0.00000
      1.29332      0.78392      0.00000      0.00000
      1.30332      0.83309      0.00000      0.00000
      1.31332      0.78737      0.00000      0.00000
      1.32332      0.66448      0.00000      0.00000
      1.33332      0.57744      0.00000      0.00000
      1.34332      0.49357      0.00000      0.00000
      1.35332      0.62718      0.00000      0.00000
      1.36332      1.02221      0.00000      0.00000
      1.37332      1.13739      0.00000      0.00000
      1.38332      0.87327      0.00000      0.00000
      1.39332      0.57517      0.00000      0.00000
      1.40332      0.42500      0.00000      0.00000
      1.41332      0.60112      0.00000      0.00000
      1.42332      0.82261      0.00000      0.00000
      1.43332      0.89747      0.00000      0.00000
      1.44332      1.04080      0.00000      0.00000
      1.45332      1.16948      0.00000      0.00000
      1.46332      0.96896      0.00000      0.00000
      1.47332      0.65838      0.00000      0.00000
      1.48332      0.58203      0.00000      0.00000
      1.49332      0.50257      0.00000      0.00000
      1.50332      0.64203      0.00000      0.00000
      1.51332      0.91592      0.00000      0.00000
      1.52332      0.93727      0.00000      0.00000
      1.53332      0.79125      0.00000      0.00000
      1.54332      0.63798      0.00000      0.00000
      1.55332      0.69680      0.00000      0.00000
      1.56332      0.98530      0.00000      0.00000
      1.57332      1.26413      0.00000      0.00000
      1.58332      1.07191      0.00000      0.00000
      1.59332      0.56394      0.00000      0.00000
      1.60332      0.43249      0.00000      0.00000
      1.61332      0.70511      0.00000      0.00000
      1.62332      0.95954      0.00000      0.00000
      1.63332      1.12509      0.00000      0.00000
      1.64332      1.24268      0.00000      0.00000
      1.65332      1.19396      0.00000      0.00000
      1.66332      0.83260      0.00000      0.00000
      1.67332      0.52589      0.00000      0.00000
      1.68332      0.57744      0.00000      0.00000
      1.69332      0.82825      0.00000      0.00000
      1.70332      1.03220      0.00000      0.00000
      1.71332      1.02455      0.00000      0.00000
      1.72332      0.93872      0.00000      0.00000
      1.73332      1.09689      0.00000      0.00000
      1.74332      1.22098      0.00000      0.00000
      1.75332      1.06334      0.00000      0.00000
      1.76332      0.82027      0.00000      0.00000
      1.77332      0.65540      0.00000      0.00000
      1.78332      0.49449      0.00000      0.00000
      1.79332      0.58293      0.00000      0.00000
      1.80332      1.03690      0.00000      0.00000
      1.81332      1.19421      0.00000      0.00000
      1.82332      0.82188      0.00000      0.00000
      1.83332      0.64374      0.00000      0.00000
      1.84332      0.89298      0.00000      0.00000
      1.85332      1.07139      0.00000      0.00000
      1.86332      1.08424      0.00000      0.00000
      1.87332      1.13027      0.00000      0.00000
      1.88332      1.13296      0.00000      0.00000
      1.89332      1.33923      0.00000      0.00000
      1.90332      1.30543      0.00000      0.00000
      1.91332      0.78102      0.00000      0.00000
      1.92332      0.68738      0.00000      0.00000
      1.93332      1.01289      0.00000      0.00000
      1.94332      0.99001      0.00000      0.00000
      1.95332      0.66272      0.00000      0.00000
      1.96332      0.50702      0.00000      0.00000
      1.97332      0.87321      0.00000      0.00000
      1.98332      1.05695      0.00000      0.00000
      1.99332      0.79231      0.00000      0.00000
      2.00332      0.96432      0.00000      0.00000
      2.01332      1.34531      0.00000      0.00000
      2.02332      1.37394      0.00000      0.00000
      2.03332      1.07748      0.00000      0.00000
      2.04332      0.94322      0.00000      0.00000
      2.05332      1.24309      0.00000      0.00000
      2.06332      1.11331      0.00000      0.00000
      2.07332      0.70252      0.00000      0.00000
      2.08332      0.63785      0.00000      0.00000
      2.09332      0.68872      0.00000      0.00000
      2.10332      0.88060      0.00000      0.00000
      2.11332      1.03264      0.00000      0.00000
      2.12332      0.87694      0.00000      0.00000
      2.13332      0.75110      0.00000      0.00000
