Energy-E_F (eV)    DOS (1/eV)    PDOS (1/eV)  of atom type Al Sb 
     -5.07052      0.00000      0.00000      0.00000
     -5.06052      0.00000      0.00000      0.00000
     -5.05052      0.00000      0.00000      0.00000
     -5.04052      0.00000      0.00000      0.00000
     -5.03052      0.00000      0.00000      0.00000
     -5.02052      0.00000      0.00000      0.00000
     -5.01052      0.00000      0.00000      0.00000
     -5.00052      0.00000      0.00000      0.00000
     -4.99052      0.00000      0.00000      0.00000
     -4.98052      0.00000      0.00000      0.00000
     -4.97052      0.00000      0.00000      0.00000
     -4.96052      0.00000      0.00000      0.00000
     -4.95052      0.00000      0.00000      0.00000
     -4.94052      0.00000      0.00000      0.00000
     -4.93052      0.00000      0.00000      0.00000
     -4.92052      0.00000      0.00000      0.00000
     -4.91052      0.00000      0.00000      0.00000
     -4.90052      0.00000      0.00000      0.00000
     -4.89052      0.00000      0.00000      0.00000
     -4.88052      0.00000      0.00000      0.00000
     -4.87052      0.00000      0.00000      0.00000
     -4.86052      0.00000      0.00000      0.00000
     -4.85052      0.00000      0.00000      0.00000
     -4.84052      0.00000      0.00000      0.00000
     -4.83052      0.00000      0.00000      0.00000
     -4.82052      0.00000      0.00000      0.00000
     -4.81052      0.00000      0.00000      0.00000
     -4.80052      0.00002      0.00000      0.00000
     -4.79052      0.00061      0.00000      0.00000
     -4.78052      0.00813      0.00000      0.00000
     -4.77052      0.04084      0.00000      0.00000
     -4.76052      0.08054      0.00000      0.00000
     -4.75052      0.08821      0.00000      0.00000
     -4.74052      0.12530      0.00000      0.00000
     -4.73052      0.15303      0.00000      0.00000
     -4.72052      0.11784      0.00000      0.00000
     -4.71052      0.13340      0.00000      0.00000
     -4.70052      0.21677      0.00000      0.00000
     -4.69052      0.38299      0.00000      0.00000
     -4.68052      0.56299      0.00000      0.00000
     -4.67052      0.59736      0.00000      0.00000
     -4.66052      0.69476      0.00000      0.00000
     -4.65052      0.83193      0.00000      0.00000
     -4.64052      0.91801      0.00000      0.00000
     -4.63052      0.93130      0.00000      0.00000
     -4.62052      0.80298      0.00000      0.00000
     -4.61052      0.79441      0.00000      0.00000
     -4.60052      1.02849      0.00000      0.00000
     -4.59052      1.35887      0.00000      0.00000
     -4.58052      1.50677      0.00000      0.00000
     -4.57052      1.48531      0.00000      0.00000
     -4.56052      1.57093      0.00000      0.00000
     -4.55052      1.56159      0.00000      0.00000
     -4.54052      1.31801      0.00000      0.00000
     -4.53052      1.22887      0.00000      0.00000
     -4.52052      1.33672      0.00000      0.00000
     -4.51052      1.44518      0.00000      0.00000
     -4.50052      1.59849      0.00000      0.00000
     -4.49052      2.08499      0.00000      0.00000
     -4.48052      2.54613      0.00000      0.00000
     -4.47052      2.34116      0.00000      0.00000
     -4.46052      1.73661      0.00000      0.00000
     -4.45052      1.55376      0.00000      0.00000
     -4.44052      1.88035      0.00000      0.00000
     -4.43052      2.05828      0.00000      0.00000
     -4.42052      1.97174      0.00000      0.00000
     -4.41052      2.22253      0.00000      0.00000
     -4.40052      2.76947      0.00000      0.00000
     -4.39052      3.22641      0.00000      0.00000
     -4.38052      3.41836      0.00000      0.00000
     -4.37052      3.25593      0.00000      0.00000
     -4.36052      2.96381      0.00000      0.00000
     -4.35052      3.10714      0.00000      0.00000
     -4.34052      3.31758      0.00000      0.00000
     -4.33052      3.13137      0.00000      0.00000
     -4.32052      2.82792      0.00000      0.00000
     -4.31052      2.67883      0.00000      0.00000
     -4.30052      2.67760      0.00000      0.00000
     -4.29052      2.76469      0.00000      0.00000
     -4.28052      2.74160      0.00000      0.00000
     -4.27052      2.51591      0.00000      0.00000
     -4.26052      2.64582      0.00000      0.00000
     -4.25052      3.07797      0.00000      0.00000
     -4.24052      3.57903      0.00000      0.00000
     -4.23052      4.14231      0.00000      0.00000
     -4.22052      3.80429      0.00000      0.00000
     -4.21052      3.08819      0.00000      0.00000
     -4.20052      3.07800      0.00000      0.00000
     -4.19052      3.10476      0.00000      0.00000
     -4.18052      2.77894      0.00000      0.00000
     -4.17052      2.72783      0.00000      0.00000
     -4.16052      2.84466      0.00000      0.00000
     -4.15052      2.88515      0.00000      0.00000
     -4.14052      2.72219      0.00000      0.00000
     -4.13052      2.55896      0.00000      0.00000
     -4.12052      2.55427      0.00000      0.00000
     -4.11052      2.77387      0.00000      0.00000
     -4.10052      3.17718      0.00000      0.00000
     -4.09052      3.35103      0.00000      0.00000
     -4.08052      3.13676      0.00000      0.00000
     -4.07052      2.73909      0.00000      0.00000
     -4.06052      2.79469      0.00000      0.00000
     -4.05052      3.13173      0.00000      0.00000
     -4.04052      3.16558      0.00000      0.00000
     -4.03052      2.80748      0.00000      0.00000
     -4.02052      2.65154      0.00000      0.00000
     -4.01052      2.68860      0.00000      0.00000
     -4.00052      2.70971      0.00000      0.00000
     -3.99052      2.66904      0.00000      0.00000
     -3.98052      2.61229      0.00000      0.00000
     -3.97052      2.94974      0.00000      0.00000
     -3.96052      3.38113      0.00000      0.00000
     -3.95052      3.14685      0.00000      0.00000
     -3.94052      2.63466      0.00000      0.00000
     -3.93052      2.37189      0.00000      0.00000
     -3.92052      2.23252      0.00000      0.00000
     -3.91052      2.23864      0.00000      0.00000
     -3.90052      2.34642      0.00000      0.00000
     -3.89052      2.33597      0.00000      0.00000
     -3.88052      2.59247      0.00000      0.00000
     -3.87052      3.15329      0.00000      0.00000
     -3.86052      3.60539      0.00000      0.00000
     -3.85052      3.78647      0.00000      0.00000
     -3.84052      3.64261      0.00000      0.00000
     -3.83052      3.22973      0.00000      0.00000
     -3.82052      3.07470      0.00000      0.00000
     -3.81052      2.99971      0.00000      0.00000
     -3.80052      2.78836      0.00000      0.00000
     -3.79052      2.85602      0.00000      0.00000
     -3.78052      3.22001      0.00000      0.00000
     -3.77052      3.41369      0.00000      0.00000
     -3.76052      3.53395      0.00000      0.00000
     -3.75052      4.21049      0.00000      0.00000
     -3.74052      4.99822      0.00000      0.00000
     -3.73052      5.02074      0.00000      0.00000
     -3.72052      4.39689      0.00000      0.00000
     -3.71052      3.73891      0.00000      0.00000
     -3.70052      3.64194      0.00000      0.00000
     -3.69052      3.60446      0.00000      0.00000
     -3.68052      3.42002      0.00000      0.00000
     -3.67052      3.41138      0.00000      0.00000
     -3.66052      3.37313      0.00000      0.00000
     -3.65052      3.21787      0.00000      0.00000
     -3.64052      2.93469      0.00000      0.00000
     -3.63052      2.66629      0.00000      0.00000
     -3.62052      2.88914      0.00000      0.00000
     -3.61052      3.26995      0.00000      0.00000
     -3.60052      2.96549      0.00000      0.00000
     -3.59052      2.42345      0.00000      0.00000
     -3.58052      2.07091      0.00000      0.00000
     -3.57052      1.99046      0.00000      0.00000
     -3.56052      2.00334      0.00000      0.00000
     -3.55052      1.92759      0.00000      0.00000
     -3.54052      1.69583      0.00000      0.00000
     -3.53052      1.54006      0.00000      0.00000
     -3.52052      1.53388      0.00000      0.00000
     -3.51052      1.73013      0.00000      0.00000
     -3.50052      2.08861      0.00000      0.00000
     -3.49052      2.17166      0.00000      0.00000
     -3.48052      1.69427      0.00000      0.00000
     -3.47052      1.06198      0.00000      0.00000
     -3.46052      0.82163      0.00000      0.00000
     -3.45052      1.05094      0.00000      0.00000
     -3.44052      1.57164      0.00000      0.00000
     -3.43052      1.83680      0.00000      0.00000
     -3.42052      1.66281      0.00000      0.00000
     -3.41052      1.24079      0.00000      0.00000
     -3.40052      0.96692      0.00000      0.00000
     -3.39052      1.05831      0.00000      0.00000
     -3.38052      1.36175      0.00000      0.00000
     -3.37052      1.64679      0.00000      0.00000
     -3.36052      1.94994      0.00000      0.00000
     -3.35052      2.16003      0.00000      0.00000
     -3.34052      1.87189      0.00000      0.00000
     -3.33052      1.73920      0.00000      0.00000
     -3.32052      1.98233      0.00000      0.00000
     -3.31052      1.98372      0.00000      0.00000
     -3.30052      1.99811      0.00000      0.00000
     -3.29052      2.06570      0.00000      0.00000
     -3.28052      1.94097      0.00000      0.00000
     -3.27052      1.76862      0.00000      0.00000
     -3.26052      1.60821      0.00000      0.00000
     -3.25052      1.48986      0.00000      0.00000
     -3.24052      1.43360      0.00000      0.00000
     -3.23052      1.46812      0.00000      0.00000
     -3.22052      1.58053      0.00000      0.00000
     -3.21052      1.64380      0.00000      0.00000
     -3.20052      1.76256      0.00000      0.00000
     -3.19052      2.06293      0.00000      0.00000
     -3.18052      2.27325      0.00000      0.00000
     -3.17052      2.16849      0.00000      0.00000
     -3.16052      1.68388      0.00000      0.00000
     -3.15052      1.40680      0.00000      0.00000
     -3.14052      1.73847      0.00000      0.00000
     -3.13052      2.23597      0.00000      0.00000
     -3.12052      2.53770      0.00000      0.00000
     -3.11052      2.61379      0.00000      0.00000
     -3.10052      2.37150      0.00000      0.00000
     -3.09052      2.11291      0.00000      0.00000
     -3.08052      1.81089      0.00000      0.00000
     -3.07052      1.65914      0.00000      0.00000
     -3.06052      1.87436      0.00000      0.00000
     -3.05052      2.11980      0.00000      0.00000
     -3.04052      2.18305      0.00000      0.00000
     -3.03052      2.21878      0.00000      0.00000
     -3.02052      2.17256      0.00000      0.00000
     -3.01052      1.88340      0.00000      0.00000
     -3.00052      1.62672      0.00000      0.00000
     -2.99052      1.69484      0.00000      0.00000
     -2.98052      1.92648      0.00000      0.00000
     -2.97052      2.05850      0.00000      0.00000
     -2.96052      2.20840      0.00000      0.00000
     -2.95052      2.26145      0.00000      0.00000
     -2.94052      2.00342      0.00000      0.00000
     -2.93052      1.70847      0.00000      0.00000
     -2.92052      1.67340      0.00000      0.00000
     -2.91052      1.90517      0.00000      0.00000
     -2.90052      2.17444      0.00000      0.00000
     -2.89052      2.44749      0.00000      0.00000
     -2.88052      2.51212      0.00000      0.00000
     -2.87052      2.44225      0.00000      0.00000
     -2.86052      2.47568      0.00000      0.00000
     -2.85052      2.70830      0.00000      0.00000
     -2.84052      2.86307      0.00000      0.00000
     -2.83052      2.56174      0.00000      0.00000
     -2.82052      2.33236      0.00000      0.00000
     -2.81052      1.96512      0.00000      0.00000
     -2.80052      1.55699      0.00000      0.00000
     -2.79052      1.52830      0.00000      0.00000
     -2.78052      1.93221      0.00000      0.00000
     -2.77052      2.40151      0.00000      0.00000
     -2.76052      2.54392      0.00000      0.00000
     -2.75052      2.43010      0.00000      0.00000
     -2.74052      2.12967      0.00000      0.00000
     -2.73052      1.87940      0.00000      0.00000
     -2.72052      1.84660      0.00000      0.00000
     -2.71052      2.08420      0.00000      0.00000
     -2.70052      2.27814      0.00000      0.00000
     -2.69052      2.37879      0.00000      0.00000
     -2.68052      2.61365      0.00000      0.00000
     -2.67052      2.51484      0.00000      0.00000
     -2.66052      2.15357      0.00000      0.00000
     -2.65052      2.17400      0.00000      0.00000
     -2.64052      2.35895      0.00000      0.00000
     -2.63052      2.35399      0.00000      0.00000
     -2.62052      2.27531      0.00000      0.00000
     -2.61052      2.30588      0.00000      0.00000
     -2.60052      2.34481      0.00000      0.00000
     -2.59052      2.26798      0.00000      0.00000
     -2.58052      2.05145      0.00000      0.00000
     -2.57052      1.96524      0.00000      0.00000
     -2.56052      2.16136      0.00000      0.00000
     -2.55052      2.27148      0.00000      0.00000
     -2.54052      2.06959      0.00000      0.00000
     -2.53052      1.74578      0.00000      0.00000
     -2.52052      1.85195      0.00000      0.00000
     -2.51052      2.41032      0.00000      0.00000
     -2.50052      2.86165      0.00000      0.00000
     -2.49052      2.76728      0.00000      0.00000
     -2.48052      2.41628      0.00000      0.00000
     -2.47052      2.43503      0.00000      0.00000
     -2.46052      2.60376      0.00000      0.00000
     -2.45052      2.66548      0.00000      0.00000
     -2.44052      2.86742      0.00000      0.00000
     -2.43052      2.80291      0.00000      0.00000
     -2.42052      2.39685      0.00000      0.00000
     -2.41052      2.32093      0.00000      0.00000
     -2.40052      2.19843      0.00000      0.00000
     -2.39052      1.82210      0.00000      0.00000
     -2.38052      1.59456      0.00000      0.00000
     -2.37052      1.50879      0.00000      0.00000
     -2.36052      1.55843      0.00000      0.00000
     -2.35052      1.90626      0.00000      0.00000
     -2.34052      2.49272      0.00000      0.00000
     -2.33052      2.73000      0.00000      0.00000
     -2.32052      2.66250      0.00000      0.00000
     -2.31052      2.51894      0.00000      0.00000
     -2.30052      2.43803      0.00000      0.00000
     -2.29052      2.54677      0.00000      0.00000
     -2.28052      2.53666      0.00000      0.00000
     -2.27052      2.73806      0.00000      0.00000
     -2.26052      3.00337      0.00000      0.00000
     -2.25052      2.91529      0.00000      0.00000
     -2.24052      2.74227      0.00000      0.00000
     -2.23052      2.80031      0.00000      0.00000
     -2.22052      2.96225      0.00000      0.00000
     -2.21052      3.08119      0.00000      0.00000
     -2.20052      3.10535      0.00000      0.00000
     -2.19052      2.95044      0.00000      0.00000
     -2.18052      2.51815      0.00000      0.00000
     -2.17052      2.12981      0.00000      0.00000
     -2.16052      2.13160      0.00000      0.00000
     -2.15052      2.38303      0.00000      0.00000
     -2.14052      2.45798      0.00000      0.00000
     -2.13052      2.27138      0.00000      0.00000
     -2.12052      2.43232      0.00000      0.00000
     -2.11052      3.05167      0.00000      0.00000
     -2.10052      3.20407      0.00000      0.00000
     -2.09052      2.77677      0.00000      0.00000
     -2.08052      2.61288      0.00000      0.00000
     -2.07052      2.75547      0.00000      0.00000
     -2.06052      2.83277      0.00000      0.00000
     -2.05052      2.55112      0.00000      0.00000
     -2.04052      2.41496      0.00000      0.00000
     -2.03052      2.93146      0.00000      0.00000
     -2.02052      3.67593      0.00000      0.00000
     -2.01052      3.91377      0.00000      0.00000
     -2.00052      3.51625      0.00000      0.00000
     -1.99052      3.03031      0.00000      0.00000
     -1.98052      2.66073      0.00000      0.00000
     -1.97052      2.91287      0.00000      0.00000
     -1.96052      3.48425      0.00000      0.00000
     -1.95052      3.39211      0.00000      0.00000
     -1.94052      3.16868      0.00000      0.00000
     -1.93052      3.43908      0.00000      0.00000
     -1.92052      3.48262      0.00000      0.00000
     -1.91052      2.89311      0.00000      0.00000
     -1.90052      2.33841      0.00000      0.00000
     -1.89052      2.48247      0.00000      0.00000
     -1.88052      3.03835      0.00000      0.00000
     -1.87052      3.21056      0.00000      0.00000
     -1.86052      3.01962      0.00000      0.00000
     -1.85052      2.90106      0.00000      0.00000
     -1.84052      2.81238      0.00000      0.00000
     -1.83052      2.76403      0.00000      0.00000
     -1.82052      2.76547      0.00000      0.00000
     -1.81052      2.88274      0.00000      0.00000
     -1.80052      3.01458      0.00000      0.00000
     -1.79052      2.98242      0.00000      0.00000
     -1.78052      3.30202      0.00000      0.00000
     -1.77052      3.72820      0.00000      0.00000
     -1.76052      3.73022      0.00000      0.00000
     -1.75052      3.32875      0.00000      0.00000
     -1.74052      2.94584      0.00000      0.00000
     -1.73052      2.95826      0.00000      0.00000
     -1.72052      3.14800      0.00000      0.00000
     -1.71052      3.09207      0.00000      0.00000
     -1.70052      3.07699      0.00000      0.00000
     -1.69052      3.39205      0.00000      0.00000
     -1.68052      3.50133      0.00000      0.00000
     -1.67052      3.21826      0.00000      0.00000
     -1.66052      3.21063      0.00000      0.00000
     -1.65052      3.31862      0.00000      0.00000
     -1.64052      3.17395      0.00000      0.00000
     -1.63052      3.23753      0.00000      0.00000
     -1.62052      3.39890      0.00000      0.00000
     -1.61052      3.32698      0.00000      0.00000
     -1.60052      3.19420      0.00000      0.00000
     -1.59052      3.09515      0.00000      0.00000
     -1.58052      3.36421      0.00000      0.00000
     -1.57052      4.12037      0.00000      0.00000
     -1.56052      4.16683      0.00000      0.00000
     -1.55052      3.31074      0.00000      0.00000
     -1.54052      2.98073      0.00000      0.00000
     -1.53052      3.24462      0.00000      0.00000
     -1.52052      3.41267      0.00000      0.00000
     -1.51052      3.47142      0.00000      0.00000
     -1.50052      3.39065      0.00000      0.00000
     -1.49052      3.22234      0.00000      0.00000
     -1.48052      3.42650      0.00000      0.00000
     -1.47052      3.73151      0.00000      0.00000
     -1.46052      3.67689      0.00000      0.00000
     -1.45052      3.48454      0.00000      0.00000
     -1.44052      3.54993      0.00000      0.00000
     -1.43052      4.15342      0.00000      0.00000
     -1.42052      4.59724      0.00000      0.00000
     -1.41052      4.47680      0.00000      0.00000
     -1.40052      4.33572      0.00000      0.00000
     -1.39052      4.33345      0.00000      0.00000
     -1.38052      4.35681      0.00000      0.00000
     -1.37052      4.20072      0.00000      0.00000
     -1.36052      3.96978      0.00000      0.00000
     -1.35052      3.89462      0.00000      0.00000
     -1.34052      4.02246      0.00000      0.00000
     -1.33052      4.11780      0.00000      0.00000
     -1.32052      3.93667      0.00000      0.00000
     -1.31052      3.81225      0.00000      0.00000
     -1.30052      3.73732      0.00000      0.00000
     -1.29052      3.73283      0.00000      0.00000
     -1.28052      3.87934      0.00000      0.00000
     -1.27052      3.99144      0.00000      0.00000
     -1.26052      4.14578      0.00000      0.00000
     -1.25052      4.08073      0.00000      0.00000
     -1.24052      3.80419      0.00000      0.00000
     -1.23052      3.75553      0.00000      0.00000
     -1.22052      3.73687      0.00000      0.00000
     -1.21052      4.00357      0.00000      0.00000
     -1.20052      4.23203      0.00000      0.00000
     -1.19052      3.85524      0.00000      0.00000
     -1.18052      3.89197      0.00000      0.00000
     -1.17052      4.31605      0.00000      0.00000
     -1.16052      3.89901      0.00000      0.00000
     -1.15052      3.34392      0.00000      0.00000
     -1.14052      3.29033      0.00000      0.00000
     -1.13052      3.59831      0.00000      0.00000
     -1.12052      3.91915      0.00000      0.00000
     -1.11052      3.99685      0.00000      0.00000
     -1.10052      3.99990      0.00000      0.00000
     -1.09052      4.09167      0.00000      0.00000
     -1.08052      4.06370      0.00000      0.00000
     -1.07052      4.05573      0.00000      0.00000
     -1.06052      4.14687      0.00000      0.00000
     -1.05052      4.06361      0.00000      0.00000
     -1.04052      3.72844      0.00000      0.00000
     -1.03052      3.57974      0.00000      0.00000
     -1.02052      3.87119      0.00000      0.00000
     -1.01052      3.84077      0.00000      0.00000
     -1.00052      3.30834      0.00000      0.00000
     -0.99052      3.18116      0.00000      0.00000
     -0.98052      3.40287      0.00000      0.00000
     -0.97052      3.43528      0.00000      0.00000
     -0.96052      3.39379      0.00000      0.00000
     -0.95052      3.53752      0.00000      0.00000
     -0.94052      3.88419      0.00000      0.00000
     -0.93052      4.23465      0.00000      0.00000
     -0.92052      4.17926      0.00000      0.00000
     -0.91052      3.65341      0.00000      0.00000
     -0.90052      3.43097      0.00000      0.00000
     -0.89052      3.66820      0.00000      0.00000
     -0.88052      3.95521      0.00000      0.00000
     -0.87052      3.61018      0.00000      0.00000
     -0.86052      2.76388      0.00000      0.00000
     -0.85052      2.71797      0.00000      0.00000
     -0.84052      3.21550      0.00000      0.00000
     -0.83052      3.26570      0.00000      0.00000
     -0.82052      3.24466      0.00000      0.00000
     -0.81052      3.39940      0.00000      0.00000
     -0.80052      3.31047      0.00000      0.00000
     -0.79052      2.92207      0.00000      0.00000
     -0.78052      2.52691      0.00000      0.00000
     -0.77052      2.58016      0.00000      0.00000
     -0.76052      2.89280      0.00000      0.00000
     -0.75052      2.95554      0.00000      0.00000
     -0.74052      2.91918      0.00000      0.00000
     -0.73052      3.10432      0.00000      0.00000
     -0.72052      3.22277      0.00000      0.00000
     -0.71052      2.95583      0.00000      0.00000
     -0.70052      2.61791      0.00000      0.00000
     -0.69052      2.60958      0.00000      0.00000
     -0.68052      2.94063      0.00000      0.00000
     -0.67052      3.04672      0.00000      0.00000
     -0.66052      2.65727      0.00000      0.00000
     -0.65052      2.30906      0.00000      0.00000
     -0.64052      2.37782      0.00000      0.00000
     -0.63052      2.44802      0.00000      0.00000
     -0.62052      2.36943      0.00000      0.00000
     -0.61052      2.60504      0.00000      0.00000
     -0.60052      2.78459      0.00000      0.00000
     -0.59052      2.50562      0.00000      0.00000
     -0.58052      2.34146      0.00000      0.00000
     -0.57052      2.42285      0.00000      0.00000
     -0.56052      2.38918      0.00000      0.00000
     -0.55052      2.26766      0.00000      0.00000
     -0.54052      2.25528      0.00000      0.00000
     -0.53052      2.52245      0.00000      0.00000
     -0.52052      2.74174      0.00000      0.00000
     -0.51052      2.53140      0.00000      0.00000
     -0.50052      2.30627      0.00000      0.00000
     -0.49052      2.12509      0.00000      0.00000
     -0.48052      2.00298      0.00000      0.00000
     -0.47052      2.00309      0.00000      0.00000
     -0.46052      2.19906      0.00000      0.00000
     -0.45052      2.40170      0.00000      0.00000
     -0.44052      2.23073      0.00000      0.00000
     -0.43052      1.78940      0.00000      0.00000
     -0.42052      1.67102      0.00000      0.00000
     -0.41052      1.81849      0.00000      0.00000
     -0.40052      1.82423      0.00000      0.00000
     -0.39052      1.74914      0.00000      0.00000
     -0.38052      1.69365      0.00000      0.00000
     -0.37052      1.89230      0.00000      0.00000
     -0.36052      2.14377      0.00000      0.00000
     -0.35052      1.91599      0.00000      0.00000
     -0.34052      1.29269      0.00000      0.00000
     -0.33052      0.92719      0.00000      0.00000
     -0.32052      1.13770      0.00000      0.00000
     -0.31052      1.56147      0.00000      0.00000
     -0.30052      1.60257      0.00000      0.00000
     -0.29052      1.41080      0.00000      0.00000
     -0.28052      1.28445      0.00000      0.00000
     -0.27052      1.05555      0.00000      0.00000
     -0.26052      0.96781      0.00000      0.00000
     -0.25052      1.05545      0.00000      0.00000
     -0.24052      1.19631      0.00000      0.00000
     -0.23052      1.28938      0.00000      0.00000
     -0.22052      1.17056      0.00000      0.00000
     -0.21052      1.05074      0.00000      0.00000
     -0.20052      0.90079      0.00000      0.00000
     -0.19052      0.70219      0.00000      0.00000
     -0.18052      0.59436      0.00000      0.00000
     -0.17052      0.55963      0.00000      0.00000
     -0.16052      0.60175      0.00000      0.00000
     -0.15052      0.72772      0.00000      0.00000
     -0.14052      0.81734      0.00000      0.00000
     -0.13052      0.75239      0.00000      0.00000
     -0.12052      0.60036      0.00000      0.00000
     -0.11052      0.42422      0.00000      0.00000
     -0.10052      0.34027      0.00000      0.00000
     -0.09052      0.37764      0.00000      0.00000
     -0.08052      0.40133      0.00000      0.00000
     -0.07052      0.33716      0.00000      0.00000
     -0.06052      0.31242      0.00000      0.00000
     -0.05052      0.29834      0.00000      0.00000
     -0.04052      0.25933      0.00000      0.00000
     -0.03052      0.23722      0.00000      0.00000
     -0.02052      0.15860      0.00000      0.00000
     -0.01052      0.05794      0.00000      0.00000
     -0.00052      0.01025      0.00000      0.00000
      0.00948      0.00080      0.00000      0.00000
      0.01948      0.00002      0.00000      0.00000
      0.02948      0.00000      0.00000      0.00000
      0.03948      0.00010      0.00000      0.00000
      0.04948      0.00226      0.00000      0.00000
      0.05948      0.01962      0.00000      0.00000
      0.06948      0.06264      0.00000      0.00000
      0.07948      0.07382      0.00000      0.00000
      0.08948      0.03655      0.00000      0.00000
      0.09948      0.03975      0.00000      0.00000
      0.10948      0.10436      0.00000      0.00000
      0.11948      0.13835      0.00000      0.00000
      0.12948      0.08413      0.00000      0.00000
      0.13948      0.02648      0.00000      0.00000
      0.14948      0.03147      0.00000      0.00000
      0.15948      0.07235      0.00000      0.00000
      0.16948      0.07175      0.00000      0.00000
      0.17948      0.05859      0.00000      0.00000
      0.18948      0.08164      0.00000      0.00000
      0.19948      0.09182      0.00000      0.00000
      0.20948      0.16228      0.00000      0.00000
      0.21948      0.25795      0.00000      0.00000
      0.22948      0.21367      0.00000      0.00000
      0.23948      0.12508      0.00000      0.00000
      0.24948      0.15850      0.00000      0.00000
      0.25948      0.28563      0.00000      0.00000
      0.26948      0.24431      0.00000      0.00000
      0.27948      0.09264      0.00000      0.00000
      0.28948      0.05977      0.00000      0.00000
      0.29948      0.12727      0.00000      0.00000
      0.30948      0.19460      0.00000      0.00000
      0.31948      0.21365      0.00000      0.00000
      0.32948      0.15199      0.00000      0.00000
      0.33948      0.12855      0.00000      0.00000
      0.34948      0.26539      0.00000      0.00000
      0.35948      0.34011      0.00000      0.00000
      0.36948      0.24403      0.00000      0.00000
      0.37948      0.20135      0.00000      0.00000
      0.38948      0.22533      0.00000      0.00000
      0.39948      0.21728      0.00000      0.00000
      0.40948      0.20678      0.00000      0.00000
      0.41948      0.26600      0.00000      0.00000
      0.42948      0.35797      0.00000      0.00000
      0.43948      0.46375      0.00000      0.00000
      0.44948      0.47925      0.00000      0.00000
      0.45948      0.36641      0.00000      0.00000
      0.46948      0.34911      0.00000      0.00000
      0.47948      0.43543      0.00000      0.00000
      0.48948      0.46236      0.00000      0.00000
      0.49948      0.40718      0.00000      0.00000
      0.50948      0.31040      0.00000      0.00000
      0.51948      0.23513      0.00000      0.00000
      0.52948      0.31196      0.00000      0.00000
      0.53948      0.43178      0.00000      0.00000
      0.54948      0.44340      0.00000      0.00000
      0.55948      0.45540      0.00000      0.00000
      0.56948      0.46629      0.00000      0.00000
      0.57948      0.40749      0.00000      0.00000
      0.58948      0.35021      0.00000      0.00000
      0.59948      0.37843      0.00000      0.00000
      0.60948      0.59618      0.00000      0.00000
      0.61948      0.74564      0.00000      0.00000
      0.62948      0.69539      0.00000      0.00000
      0.63948      0.70090      0.00000      0.00000
      0.64948      0.75339      0.00000      0.00000
      0.65948      0.69157      0.00000      0.00000
      0.66948      0.62200      0.00000      0.00000
      0.67948      0.54624      0.00000      0.00000
      0.68948      0.46267      0.00000      0.00000
      0.69948      0.43964      0.00000      0.00000
      0.70948      0.48119      0.00000      0.00000
      0.71948      0.66945      0.00000      0.00000
      0.72948      0.92190      0.00000      0.00000
      0.73948      0.90674      0.00000      0.00000
      0.74948      0.70665      0.00000      0.00000
      0.75948      0.67183      0.00000      0.00000
      0.76948      0.71988      0.00000      0.00000
      0.77948      0.78371      0.00000      0.00000
      0.78948      0.99588      0.00000      0.00000
      0.79948      1.07914      0.00000      0.00000
      0.80948      0.88655      0.00000      0.00000
      0.81948      0.84789      0.00000      0.00000
      0.82948      1.03459      0.00000      0.00000
      0.83948      1.15155      0.00000      0.00000
      0.84948      1.02668      0.00000      0.00000
      0.85948      0.87099      0.00000      0.00000
      0.86948      0.79063      0.00000      0.00000
      0.87948      0.75772      0.00000      0.00000
      0.88948      0.88726      0.00000      0.00000
      0.89948      1.23458      0.00000      0.00000
      0.90948      1.54207      0.00000      0.00000
      0.91948      1.56713      0.00000      0.00000
      0.92948      1.51928      0.00000      0.00000
      0.93948      1.66031      0.00000      0.00000
      0.94948      1.79164      0.00000      0.00000
      0.95948      1.87892      0.00000      0.00000
      0.96948      1.76855      0.00000      0.00000
      0.97948      1.50978      0.00000      0.00000
      0.98948      1.71271      0.00000      0.00000
      0.99948      2.13689      0.00000      0.00000
      1.00948      2.10536      0.00000      0.00000
      1.01948      1.93175      0.00000      0.00000
      1.02948      1.99059      0.00000      0.00000
      1.03948      2.33904      0.00000      0.00000
      1.04948      2.58984      0.00000      0.00000
      1.05948      2.73099      0.00000      0.00000
      1.06948      2.89179      0.00000      0.00000
      1.07948      2.96838      0.00000      0.00000
      1.08948      3.12847      0.00000      0.00000
      1.09948      3.62119      0.00000      0.00000
      1.10948      3.82334      0.00000      0.00000
      1.11948      3.50594      0.00000      0.00000
      1.12948      3.48301      0.00000      0.00000
      1.13948      3.74499      0.00000      0.00000
      1.14948      3.88347      0.00000      0.00000
      1.15948      4.02454      0.00000      0.00000
      1.16948      4.12284      0.00000      0.00000
      1.17948      3.84407      0.00000      0.00000
      1.18948      3.65891      0.00000      0.00000
      1.19948      3.86846      0.00000      0.00000
      1.20948      4.35389      0.00000      0.00000
      1.21948      4.62546      0.00000      0.00000
      1.22948      4.31216      0.00000      0.00000
      1.23948      3.81085      0.00000      0.00000
      1.24948      3.52355      0.00000      0.00000
      1.25948      3.66248      0.00000      0.00000
      1.26948      4.07526      0.00000      0.00000
      1.27948      4.27621      0.00000      0.00000
      1.28948      4.50845      0.00000      0.00000
      1.29948      4.80122      0.00000      0.00000
      1.30948      4.96489      0.00000      0.00000
      1.31948      4.90025      0.00000      0.00000
      1.32948      4.47709      0.00000      0.00000
      1.33948      4.10627      0.00000      0.00000
      1.34948      4.15462      0.00000      0.00000
      1.35948      4.27655      0.00000      0.00000
      1.36948      4.44138      0.00000      0.00000
      1.37948      4.43125      0.00000      0.00000
      1.38948      4.09633      0.00000      0.00000
      1.39948      3.44074      0.00000      0.00000
      1.40948      3.12606      0.00000      0.00000
      1.41948      3.53443      0.00000      0.00000
      1.42948      3.92900      0.00000      0.00000
      1.43948      3.63969      0.00000      0.00000
      1.44948      3.11621      0.00000      0.00000
      1.45948      3.13679      0.00000      0.00000
      1.46948      3.14790      0.00000      0.00000
      1.47948      2.72175      0.00000      0.00000
      1.48948      2.38596      0.00000      0.00000
      1.49948      2.59318      0.00000      0.00000
      1.50948      2.80763      0.00000      0.00000
      1.51948      2.36719      0.00000      0.00000
      1.52948      2.00862      0.00000      0.00000
      1.53948      2.21481      0.00000      0.00000
      1.54948      2.41778      0.00000      0.00000
      1.55948      2.44494      0.00000      0.00000
      1.56948      2.40132      0.00000      0.00000
      1.57948      2.25511      0.00000      0.00000
      1.58948      2.29706      0.00000      0.00000
      1.59948      2.60095      0.00000      0.00000
      1.60948      2.59117      0.00000      0.00000
      1.61948      2.40786      0.00000      0.00000
      1.62948      2.37158      0.00000      0.00000
      1.63948      2.28037      0.00000      0.00000
      1.64948      2.02400      0.00000      0.00000
      1.65948      1.63077      0.00000      0.00000
      1.66948      1.53304      0.00000      0.00000
      1.67948      1.81707      0.00000      0.00000
      1.68948      1.90031      0.00000      0.00000
      1.69948      1.71154      0.00000      0.00000
      1.70948      1.57094      0.00000      0.00000
      1.71948      1.81188      0.00000      0.00000
      1.72948      2.20418      0.00000      0.00000
      1.73948      2.27166      0.00000      0.00000
      1.74948      2.28523      0.00000      0.00000
      1.75948      2.33846      0.00000      0.00000
      1.76948      2.17856      0.00000      0.00000
      1.77948      2.04657      0.00000      0.00000
      1.78948      2.19221      0.00000      0.00000
      1.79948      2.59122      0.00000      0.00000
      1.80948      2.73380      0.00000      0.00000
      1.81948      2.29922      0.00000      0.00000
      1.82948      1.72673      0.00000      0.00000
      1.83948      1.50511      0.00000      0.00000
      1.84948      1.64231      0.00000      0.00000
      1.85948      1.96094      0.00000      0.00000
      1.86948      2.44286      0.00000      0.00000
      1.87948      2.80367      0.00000      0.00000
      1.88948      2.60519      0.00000      0.00000
      1.89948      2.10783      0.00000      0.00000
      1.90948      1.88110      0.00000      0.00000
      1.91948      1.92257      0.00000      0.00000
      1.92948      2.04259      0.00000      0.00000
      1.93948      2.26195      0.00000      0.00000
      1.94948      2.31874      0.00000      0.00000
      1.95948      2.22523      0.00000      0.00000
      1.96948      2.43967      0.00000      0.00000
      1.97948      2.75899      0.00000      0.00000
      1.98948      2.81167      0.00000      0.00000
      1.99948      2.97415      0.00000      0.00000
      2.00948      3.11631      0.00000      0.00000
      2.01948      2.95057      0.00000      0.00000
      2.02948      2.85605      0.00000      0.00000
      2.03948      2.96354      0.00000      0.00000
      2.04948      3.06742      0.00000      0.00000
      2.05948      3.18847      0.00000      0.00000
      2.06948      3.14636      0.00000      0.00000
      2.07948      3.10767      0.00000      0.00000
      2.08948      3.25860      0.00000      0.00000
      2.09948      3.28170      0.00000      0.00000
      2.10948      3.06052      0.00000      0.00000
      2.11948      2.99296      0.00000      0.00000
      2.12948      3.07973      0.00000      0.00000
      2.13948      3.17550      0.00000      0.00000
      2.14948      3.07768      0.00000      0.00000
      2.15948      2.82907      0.00000      0.00000
      2.16948      2.41479      0.00000      0.00000
      2.17948      1.85064      0.00000      0.00000
      2.18948      1.62714      0.00000      0.00000
      2.19948      1.82214      0.00000      0.00000
      2.20948      1.96506      0.00000      0.00000
      2.21948      1.73382      0.00000      0.00000
      2.22948      1.58488      0.00000      0.00000
      2.23948      1.73819      0.00000      0.00000
      2.24948      1.85933      0.00000      0.00000
      2.25948      1.75855      0.00000      0.00000
      2.26948      1.74114      0.00000      0.00000
      2.27948      1.78061      0.00000      0.00000
      2.28948      1.49930      0.00000      0.00000
      2.29948      1.04179      0.00000      0.00000
      2.30948      0.81811      0.00000      0.00000
      2.31948      0.89005      0.00000      0.00000
      2.32948      1.25359      0.00000      0.00000
      2.33948      1.61327      0.00000      0.00000
      2.34948      1.52936      0.00000      0.00000
      2.35948      1.08634      0.00000      0.00000
      2.36948      0.76055      0.00000      0.00000
      2.37948      0.76147      0.00000      0.00000
      2.38948      0.72732      0.00000      0.00000
      2.39948      0.67279      0.00000      0.00000
      2.40948      0.83104      0.00000      0.00000
      2.41948      0.84746      0.00000      0.00000
      2.42948      0.64166      0.00000      0.00000
      2.43948      0.53123      0.00000      0.00000
      2.44948      0.61263      0.00000      0.00000
      2.45948      0.74722      0.00000      0.00000
      2.46948      0.72876      0.00000      0.00000
      2.47948      0.55116      0.00000      0.00000
      2.48948      0.53261      0.00000      0.00000
      2.49948      0.61612      0.00000      0.00000
      2.50948      0.63842      0.00000      0.00000
      2.51948      0.66924      0.00000      0.00000
      2.52948      0.61866      0.00000      0.00000
      2.53948      0.54089      0.00000      0.00000
      2.54948      0.54325      0.00000      0.00000
      2.55948      0.57644      0.00000      0.00000
      2.56948      0.61282      0.00000      0.00000
      2.57948      0.66019      0.00000      0.00000
      2.58948      0.66447      0.00000      0.00000
      2.59948      0.74208      0.00000      0.00000
      2.60948      0.73213      0.00000      0.00000
      2.61948      0.66810      0.00000      0.00000
      2.62948      0.79414      0.00000      0.00000
      2.63948      0.88025      0.00000      0.00000
      2.64948      0.82447      0.00000      0.00000
      2.65948      0.81124      0.00000      0.00000
      2.66948      0.75357      0.00000      0.00000
      2.67948      0.65645      0.00000      0.00000
      2.68948      0.65257      0.00000      0.00000
      2.69948      0.72041      0.00000      0.00000
      2.70948      0.67133      0.00000      0.00000
      2.71948      0.57779      0.00000      0.00000
      2.72948      0.50010      0.00000      0.00000
      2.73948      0.56199      0.00000      0.00000
      2.74948      0.73633      0.00000      0.00000
      2.75948      0.79328      0.00000      0.00000
      2.76948      0.62939      0.00000      0.00000
      2.77948      0.52611      0.00000      0.00000
      2.78948      0.58541      0.00000      0.00000
      2.79948      0.62802      0.00000      0.00000
      2.80948      0.62529      0.00000      0.00000
      2.81948      0.50134      0.00000      0.00000
      2.82948      0.51289      0.00000      0.00000
      2.83948      0.69523      0.00000      0.00000
      2.84948      0.81460      0.00000      0.00000
      2.85948      0.70364      0.00000      0.00000
      2.86948      0.51813      0.00000      0.00000
      2.87948      0.58821      0.00000      0.00000
      2.88948      0.75172      0.00000      0.00000
      2.89948      0.73810      0.00000      0.00000
      2.90948      0.56577      0.00000      0.00000
      2.91948      0.41753      0.00000      0.00000
      2.92948      0.38627      0.00000      0.00000
      2.93948      0.39068      0.00000      0.00000
      2.94948      0.43531      0.00000      0.00000
      2.95948      0.55192      0.00000      0.00000
      2.96948      0.71602      0.00000      0.00000
      2.97948      0.73477      0.00000      0.00000
      2.98948      0.75273      0.00000      0.00000
      2.99948      0.85008      0.00000      0.00000
      3.00948      0.86191      0.00000      0.00000
      3.01948      0.81771      0.00000      0.00000
      3.02948      0.82426      0.00000      0.00000
      3.03948      0.88679      0.00000      0.00000
      3.04948      0.91290      0.00000      0.00000
      3.05948      0.95792      0.00000      0.00000
      3.06948      0.98021      0.00000      0.00000
      3.07948      0.90006      0.00000      0.00000
      3.08948      0.78958      0.00000      0.00000
      3.09948      0.88335      0.00000      0.00000
      3.10948      1.08090      0.00000      0.00000
      3.11948      1.02071      0.00000      0.00000
      3.12948      0.69677      0.00000      0.00000
      3.13948      0.55923      0.00000      0.00000
      3.14948      0.68971      0.00000      0.00000
      3.15948      0.83178      0.00000      0.00000
      3.16948      0.86808      0.00000      0.00000
      3.17948      0.91626      0.00000      0.00000
      3.18948      0.97667      0.00000      0.00000
      3.19948      0.86648      0.00000      0.00000
      3.20948      0.82012      0.00000      0.00000
      3.21948      0.96713      0.00000      0.00000
      3.22948      0.99458      0.00000      0.00000
      3.23948      0.86604      0.00000      0.00000
      3.24948      0.87182      0.00000      0.00000
      3.25948      0.88104      0.00000      0.00000
      3.26948      0.75968      0.00000      0.00000
      3.27948      0.60888      0.00000      0.00000
      3.28948      0.70845      0.00000      0.00000
      3.29948      0.86455      0.00000      0.00000
      3.30948      0.88270      0.00000      0.00000
      3.31948      0.92227      0.00000      0.00000
      3.32948      1.05611      0.00000      0.00000
      3.33948      1.12770      0.00000      0.00000
      3.34948      1.22223      0.00000      0.00000
      3.35948      1.29440      0.00000      0.00000
      3.36948      1.36049      0.00000      0.00000
      3.37948      1.48612      0.00000      0.00000
      3.38948      1.48136      0.00000      0.00000
      3.39948      1.46124      0.00000      0.00000
      3.40948      1.35958      0.00000      0.00000
      3.41948      0.97243      0.00000      0.00000
      3.42948      0.67900      0.00000      0.00000
      3.43948      0.68146      0.00000      0.00000
      3.44948      0.82958      0.00000      0.00000
      3.45948      1.01769      0.00000      0.00000
      3.46948      1.24594      0.00000      0.00000
      3.47948      1.45160      0.00000      0.00000
      3.48948      1.43477      0.00000      0.00000
      3.49948      1.27223      0.00000      0.00000
      3.50948      1.12736      0.00000      0.00000
      3.51948      1.08961      0.00000      0.00000
      3.52948      1.17355      0.00000      0.00000
      3.53948      1.32438      0.00000      0.00000
      3.54948      1.43457      0.00000      0.00000
      3.55948      1.64537      0.00000      0.00000
      3.56948      1.71230      0.00000      0.00000
      3.57948      1.46387      0.00000      0.00000
      3.58948      1.23640      0.00000      0.00000
      3.59948      1.35717      0.00000      0.00000
      3.60948      1.52140      0.00000      0.00000
      3.61948      1.42340      0.00000      0.00000
      3.62948      1.38381      0.00000      0.00000
      3.63948      1.50108      0.00000      0.00000
      3.64948      1.86945      0.00000      0.00000
      3.65948      2.07266      0.00000      0.00000
      3.66948      1.90812      0.00000      0.00000
      3.67948      1.67785      0.00000      0.00000
      3.68948      1.63277      0.00000      0.00000
      3.69948      1.70998      0.00000      0.00000
      3.70948      1.70716      0.00000      0.00000
      3.71948      1.81015      0.00000      0.00000
      3.72948      2.11012      0.00000      0.00000
      3.73948      2.37406      0.00000      0.00000
      3.74948      2.47513      0.00000      0.00000
      3.75948      2.36055      0.00000      0.00000
      3.76948      1.95728      0.00000      0.00000
      3.77948      1.90490      0.00000      0.00000
      3.78948      2.33771      0.00000      0.00000
      3.79948      2.58839      0.00000      0.00000
      3.80948      2.53657      0.00000      0.00000
      3.81948      2.52311      0.00000      0.00000
      3.82948      2.58737      0.00000      0.00000
      3.83948      2.55320      0.00000      0.00000
      3.84948      2.48332      0.00000      0.00000
      3.85948      2.26673      0.00000      0.00000
      3.86948      2.24473      0.00000      0.00000
      3.87948      2.38152      0.00000      0.00000
      3.88948      2.59616      0.00000      0.00000
      3.89948      2.80392      0.00000      0.00000
      3.90948      2.89160      0.00000      0.00000
      3.91948      2.86693      0.00000      0.00000
      3.92948      2.71986      0.00000      0.00000
      3.93948      2.57260      0.00000      0.00000
      3.94948      2.91767      0.00000      0.00000
      3.95948      3.15101      0.00000      0.00000
      3.96948      3.04406      0.00000      0.00000
      3.97948      3.28082      0.00000      0.00000
      3.98948      3.44588      0.00000      0.00000
      3.99948      3.46485      0.00000      0.00000
      4.00948      3.84656      0.00000      0.00000
      4.01948      4.28166      0.00000      0.00000
      4.02948      4.46057      0.00000      0.00000
      4.03948      4.16237      0.00000      0.00000
      4.04948      3.55044      0.00000      0.00000
      4.05948      3.28743      0.00000      0.00000
      4.06948      3.43396      0.00000      0.00000
      4.07948      3.33429      0.00000      0.00000
      4.08948      2.86017      0.00000      0.00000
      4.09948      2.74666      0.00000      0.00000
      4.10948      3.13517      0.00000      0.00000
      4.11948      3.41175      0.00000      0.00000
      4.12948      3.20291      0.00000      0.00000
      4.13948      2.74012      0.00000      0.00000
      4.14948      2.33660      0.00000      0.00000
      4.15948      2.18613      0.00000      0.00000
      4.16948      2.31744      0.00000      0.00000
      4.17948      2.45424      0.00000      0.00000
      4.18948      2.28745      0.00000      0.00000
      4.19948      2.17302      0.00000      0.00000
      4.20948      2.43009      0.00000      0.00000
      4.21948      2.50960      0.00000      0.00000
      4.22948      2.36348      0.00000      0.00000
      4.23948      2.65605      0.00000      0.00000
      4.24948      3.03296      0.00000      0.00000
      4.25948      2.99820      0.00000      0.00000
      4.26948      2.65666      0.00000      0.00000
      4.27948      2.18724      0.00000      0.00000
      4.28948      1.90943      0.00000      0.00000
      4.29948      2.02261      0.00000      0.00000
      4.30948      2.41995      0.00000      0.00000
      4.31948      2.45373      0.00000      0.00000
      4.32948      2.41015      0.00000      0.00000
      4.33948      2.51663      0.00000      0.00000
      4.34948      2.69769      0.00000      0.00000
      4.35948      2.84379      0.00000      0.00000
      4.36948      2.56821      0.00000      0.00000
      4.37948      2.43344      0.00000      0.00000
      4.38948      2.50619      0.00000      0.00000
      4.39948      2.38404      0.00000      0.00000
      4.40948      2.45161      0.00000      0.00000
      4.41948      2.37392      0.00000      0.00000
      4.42948      2.03479      0.00000      0.00000
      4.43948      2.13187      0.00000      0.00000
      4.44948      2.25259      0.00000      0.00000
      4.45948      2.21107      0.00000      0.00000
      4.46948      2.49258      0.00000      0.00000
      4.47948      2.72962      0.00000      0.00000
      4.48948      2.38021      0.00000      0.00000
      4.49948      2.07990      0.00000      0.00000
      4.50948      2.35255      0.00000      0.00000
      4.51948      2.67879      0.00000      0.00000
      4.52948      2.66408      0.00000      0.00000
      4.53948      2.63587      0.00000      0.00000
      4.54948      2.85439      0.00000      0.00000
      4.55948      3.00295      0.00000      0.00000
      4.56948      2.91755      0.00000      0.00000
      4.57948      2.84547      0.00000      0.00000
      4.58948      2.81404      0.00000      0.00000
      4.59948      3.08318      0.00000      0.00000
      4.60948      3.58705      0.00000      0.00000
      4.61948      3.50889      0.00000      0.00000
      4.62948      3.41648      0.00000      0.00000
      4.63948      3.82210      0.00000      0.00000
      4.64948      4.12928      0.00000      0.00000
      4.65948      4.03182      0.00000      0.00000
      4.66948      3.65859      0.00000      0.00000
      4.67948      3.31469      0.00000      0.00000
      4.68948      3.48838      0.00000      0.00000
      4.69948      4.07021      0.00000      0.00000
      4.70948      4.53105      0.00000      0.00000
      4.71948      4.66876      0.00000      0.00000
      4.72948      4.23835      0.00000      0.00000
      4.73948      3.51253      0.00000      0.00000
      4.74948      3.39092      0.00000      0.00000
      4.75948      3.66261      0.00000      0.00000
      4.76948      3.57627      0.00000      0.00000
      4.77948      3.30439      0.00000      0.00000
      4.78948      3.50091      0.00000      0.00000
      4.79948      3.97701      0.00000      0.00000
      4.80948      4.25623      0.00000      0.00000
      4.81948      4.21238      0.00000      0.00000
      4.82948      3.67669      0.00000      0.00000
      4.83948      3.01907      0.00000      0.00000
      4.84948      2.85983      0.00000      0.00000
      4.85948      2.97394      0.00000      0.00000
      4.86948      2.93215      0.00000      0.00000
      4.87948      3.03950      0.00000      0.00000
      4.88948      3.02971      0.00000      0.00000
      4.89948      2.87533      0.00000      0.00000
      4.90948      3.11217      0.00000      0.00000
      4.91948      3.68561      0.00000      0.00000
      4.92948      3.84834      0.00000      0.00000
      4.93948      3.67657      0.00000      0.00000
      4.94948      3.62581      0.00000      0.00000
      4.95948      3.53221      0.00000      0.00000
      4.96948      3.40700      0.00000      0.00000
      4.97948      3.18318      0.00000      0.00000
      4.98948      2.93040      0.00000      0.00000
      4.99948      2.76416      0.00000      0.00000
      5.00948      2.72015      0.00000      0.00000
      5.01948      2.85684      0.00000      0.00000
      5.02948      3.09750      0.00000      0.00000
      5.03948      3.45381      0.00000      0.00000
      5.04948      3.63320      0.00000      0.00000
