Energy-E_F (eV)    DOS (1/eV)    PDOS (1/eV)  of atom type Al Sb 
     -4.99000      0.00000      0.00000      0.00000
     -4.98000      0.00000      0.00000      0.00000
     -4.97000      0.00000      0.00000      0.00000
     -4.96000      0.00000      0.00000      0.00000
     -4.95000      0.00000      0.00000      0.00000
     -4.94000      0.00000      0.00000      0.00000
     -4.93000      0.00000      0.00000      0.00000
     -4.92000      0.00000      0.00000      0.00000
     -4.91000      0.00000      0.00000      0.00000
     -4.90000      0.00000      0.00000      0.00000
     -4.89000      0.00000      0.00000      0.00000
     -4.88000      0.00000      0.00000      0.00000
     -4.87000      0.00000      0.00000      0.00000
     -4.86000      0.00000      0.00000      0.00000
     -4.85000      0.00000      0.00000      0.00000
     -4.84000      0.00000      0.00000      0.00000
     -4.83000      0.00000      0.00000      0.00000
     -4.82000      0.00000      0.00000      0.00000
     -4.81000      0.00000      0.00000      0.00000
     -4.80000      0.00000      0.00000      0.00000
     -4.79000      0.00000      0.00000      0.00000
     -4.78000      0.00000      0.00000      0.00000
     -4.77000      0.00000      0.00000      0.00000
     -4.76000      0.00000      0.00000      0.00000
     -4.75000      0.00000      0.00000      0.00000
     -4.74000      0.00000      0.00000      0.00000
     -4.73000      0.00000      0.00000      0.00000
     -4.72000      0.00000      0.00000      0.00000
     -4.71000      0.00015      0.00007      0.00008
     -4.70000      0.00250      0.00119      0.00131
     -4.69000      0.01583      0.00755      0.00827
     -4.68000      0.03755      0.01793      0.01962
     -4.67000      0.04159      0.01991      0.02168
     -4.66000      0.05637      0.02715      0.02922
     -4.65000      0.08030      0.03875      0.04155
     -4.64000      0.06058      0.02930      0.03128
     -4.63000      0.06132      0.03031      0.03102
     -4.62000      0.10264      0.05536      0.04728
     -4.61000      0.17696      0.10796      0.06900
     -4.60000      0.28127      0.17395      0.10732
     -4.59000      0.30258      0.18974      0.11285
     -4.58000      0.34343      0.22934      0.11409
     -4.57000      0.42795      0.29209      0.13585
     -4.56000      0.45884      0.32397      0.13487
     -4.55000      0.46249      0.33184      0.13065
     -4.54000      0.38166      0.26879      0.11287
     -4.53000      0.38444      0.25765      0.12678
     -4.52000      0.53742      0.36011      0.17731
     -4.51000      0.66994      0.46830      0.20164
     -4.50000      0.72517      0.51400      0.21117
     -4.49000      0.74477      0.51321      0.23156
     -4.48000      0.80228      0.54884      0.25344
     -4.47000      0.77363      0.53773      0.23590
     -4.46000      0.64659      0.44100      0.20558
     -4.45000      0.62030      0.41423      0.20606
     -4.44000      0.68406      0.46821      0.21585
     -4.43000      0.69652      0.48951      0.20701
     -4.42000      0.78500      0.54679      0.23821
     -4.41000      1.03955      0.72075      0.31880
     -4.40000      1.25518      0.87797      0.37722
     -4.39000      1.19793      0.83291      0.36502
     -4.38000      0.86763      0.59446      0.27316
     -4.37000      0.78415      0.53477      0.24938
     -4.36000      0.94219      0.64933      0.29286
     -4.35000      0.97376      0.67266      0.30110
     -4.34000      0.97335      0.65098      0.32237
     -4.33000      1.13715      0.74399      0.39315
     -4.32000      1.34935      0.89287      0.45648
     -4.31000      1.56380      1.04409      0.51971
     -4.30000      1.67580      1.11899      0.55681
     -4.29000      1.65434      1.09192      0.56242
     -4.28000      1.48700      0.97461      0.51238
     -4.27000      1.53763      1.01710      0.52053
     -4.26000      1.70399      1.13030      0.57369
     -4.25000      1.62465      1.08139      0.54327
     -4.24000      1.41067      0.95859      0.45208
     -4.23000      1.31199      0.89815      0.41384
     -4.22000      1.33782      0.90118      0.43665
     -4.21000      1.41570      0.94396      0.47175
     -4.20000      1.39132      0.93992      0.45140
     -4.19000      1.22218      0.83989      0.38229
     -4.18000      1.28384      0.87484      0.40900
     -4.17000      1.54112      1.03662      0.50450
     -4.16000      1.75660      1.18432      0.57229
     -4.15000      2.00759      1.34973      0.65786
     -4.14000      1.93834      1.27062      0.66772
     -4.13000      1.63200      1.05623      0.57576
     -4.12000      1.54697      1.03244      0.51453
     -4.11000      1.55408      1.06255      0.49153
     -4.10000      1.42946      0.98151      0.44795
     -4.09000      1.34344      0.93314      0.41030
     -4.08000      1.36278      0.95759      0.40519
     -4.07000      1.43099      0.99263      0.43836
     -4.06000      1.39840      0.94660      0.45180
     -4.05000      1.30502      0.87698      0.42804
     -4.04000      1.29423      0.87976      0.41447
     -4.03000      1.37969      0.95280      0.42689
     -4.02000      1.54641      1.06927      0.47714
     -4.01000      1.63308      1.11401      0.51907
     -4.00000      1.57917      1.06906      0.51011
     -3.99000      1.39339      0.93930      0.45409
     -3.98000      1.39772      0.93530      0.46242
     -3.97000      1.53888      1.03369      0.50519
     -3.96000      1.57693      1.06797      0.50896
     -3.95000      1.41004      0.96703      0.44302
     -3.94000      1.31484      0.90514      0.40969
     -3.93000      1.35912      0.91774      0.44137
     -3.92000      1.35921      0.89835      0.46086
     -3.91000      1.34011      0.86470      0.47541
     -3.90000      1.30968      0.83711      0.47257
     -3.89000      1.45405      0.95136      0.50270
     -3.88000      1.69207      1.13309      0.55898
     -3.87000      1.59185      1.07685      0.51500
     -3.86000      1.27895      0.85586      0.42309
     -3.85000      1.13083      0.73963      0.39121
     -3.84000      1.12344      0.71970      0.40374
     -3.83000      1.17322      0.73862      0.43460
     -3.82000      1.20976      0.76097      0.44879
     -3.81000      1.19739      0.76531      0.43208
     -3.80000      1.27437      0.83471      0.43966
     -3.79000      1.46211      0.96357      0.49854
     -3.78000      1.72334      1.10735      0.61599
     -3.77000      1.90741      1.20150      0.70592
     -3.76000      1.83870      1.15687      0.68183
     -3.75000      1.63215      1.02478      0.60737
     -3.74000      1.53076      0.95828      0.57248
     -3.73000      1.51704      0.94144      0.57560
     -3.72000      1.37907      0.84405      0.53502
     -3.71000      1.41273      0.86665      0.54608
     -3.70000      1.62314      0.99632      0.62681
     -3.69000      1.67622      1.01871      0.65750
     -3.68000      1.74835      1.05550      0.69285
     -3.67000      2.02548      1.23231      0.79317
     -3.66000      2.34411      1.42797      0.91614
     -3.65000      2.49888      1.49956      0.99932
     -3.64000      2.35102      1.38787      0.96315
     -3.63000      1.96615      1.16014      0.80601
     -3.62000      1.78709      1.06991      0.71718
     -3.61000      1.73926      1.04304      0.69622
     -3.60000      1.76677      1.04476      0.72201
     -3.59000      1.75427      1.03816      0.71611
     -3.58000      1.61183      0.96703      0.64480
     -3.57000      1.53834      0.92428      0.61406
     -3.56000      1.52951      0.91365      0.61586
     -3.55000      1.40034      0.83089      0.56944
     -3.54000      1.39079      0.82482      0.56597
     -3.53000      1.62044      0.96263      0.65780
     -3.52000      1.59284      0.93977      0.65307
     -3.51000      1.29469      0.75773      0.53696
     -3.50000      1.03397      0.59948      0.43449
     -3.49000      0.95819      0.55487      0.40332
     -3.48000      1.01129      0.59340      0.41789
     -3.47000      0.99956      0.60153      0.39803
     -3.46000      0.87830      0.54063      0.33767
     -3.45000      0.79544      0.48942      0.30602
     -3.44000      0.76391      0.45928      0.30463
     -3.43000      0.83070      0.48674      0.34396
     -3.42000      0.99851      0.57973      0.41878
     -3.41000      1.12606      0.66082      0.46524
     -3.40000      0.95248      0.57168      0.38080
     -3.39000      0.58327      0.36200      0.22127
     -3.38000      0.39005      0.24781      0.14224
     -3.37000      0.44857      0.27543      0.17314
     -3.36000      0.68669      0.41108      0.27561
     -3.35000      0.92463      0.55370      0.37093
     -3.34000      0.96475      0.58041      0.38434
     -3.33000      0.68713      0.41556      0.27158
     -3.32000      0.45277      0.27727      0.17550
     -3.31000      0.47923      0.29306      0.18617
     -3.30000      0.57743      0.34544      0.23199
     -3.29000      0.73367      0.43038      0.30329
     -3.28000      0.97513      0.57469      0.40044
     -3.27000      1.11913      0.65814      0.46099
     -3.26000      1.00432      0.58498      0.41934
     -3.25000      0.87327      0.51667      0.35659
     -3.24000      0.93923      0.57065      0.36859
     -3.23000      0.99144      0.60499      0.38645
     -3.22000      1.05823      0.64266      0.41557
     -3.21000      1.07686      0.65110      0.42576
     -3.20000      0.95276      0.57531      0.37745
     -3.19000      0.85600      0.51376      0.34224
     -3.18000      0.81790      0.48349      0.33441
     -3.17000      0.75444      0.44685      0.30759
     -3.16000      0.70782      0.42980      0.27801
     -3.15000      0.66460      0.41114      0.25346
     -3.14000      0.67231      0.40306      0.26925
     -3.13000      0.83841      0.48066      0.35775
     -3.12000      0.95201      0.53800      0.41401
     -3.11000      0.99710      0.56435      0.43276
     -3.10000      1.15301      0.66649      0.48652
     -3.09000      1.15935      0.69462      0.46472
     -3.08000      0.90885      0.55661      0.35224
     -3.07000      0.65349      0.39099      0.26250
     -3.06000      0.70640      0.40459      0.30180
     -3.05000      0.99286      0.56751      0.42535
     -3.04000      1.22054      0.69765      0.52289
     -3.03000      1.38214      0.78762      0.59452
     -3.02000      1.34347      0.77021      0.57326
     -3.01000      1.09260      0.63791      0.45468
     -3.00000      0.86756      0.51023      0.35732
     -2.99000      0.81018      0.46249      0.34769
     -2.98000      0.92100      0.51136      0.40964
     -2.97000      1.09996      0.61793      0.48204
     -2.96000      1.08222      0.62611      0.45612
     -2.95000      1.00503      0.58180      0.42324
     -2.94000      1.08321      0.61019      0.47302
     -2.93000      0.96874      0.53609      0.43265
     -2.92000      0.79025      0.43344      0.35681
     -2.91000      0.89932      0.48912      0.41019
     -2.90000      1.02068      0.55998      0.46070
     -2.89000      0.98992      0.55351      0.43641
     -2.88000      1.03594      0.57527      0.46067
     -2.87000      1.13516      0.62132      0.51384
     -2.86000      1.05220      0.58094      0.47126
     -2.85000      0.86839      0.48897      0.37942
     -2.84000      0.76995      0.43811      0.33184
     -2.83000      0.82958      0.47214      0.35744
     -2.82000      0.99404      0.55079      0.44325
     -2.81000      1.23379      0.66537      0.56842
     -2.80000      1.29728      0.68673      0.61056
     -2.79000      1.23125      0.64892      0.58233
     -2.78000      1.19431      0.63537      0.55894
     -2.77000      1.28703      0.70112      0.58591
     -2.76000      1.45848      0.80896      0.64952
     -2.75000      1.33868      0.73584      0.60285
     -2.74000      1.22770      0.66212      0.56559
     -2.73000      1.11919      0.59483      0.52436
     -2.72000      0.89492      0.45954      0.43538
     -2.71000      0.72628      0.37238      0.35390
     -2.70000      0.75810      0.41513      0.34297
     -2.69000      0.97057      0.54183      0.42874
     -2.68000      1.27084      0.67913      0.59170
     -2.67000      1.44594      0.74800      0.69794
     -2.66000      1.21729      0.63479      0.58250
     -2.65000      0.93348      0.50349      0.43000
     -2.64000      0.87594      0.47502      0.40092
     -2.63000      0.90921      0.49120      0.41801
     -2.62000      0.96671      0.52401      0.44270
     -2.61000      1.16027      0.61619      0.54408
     -2.60000      1.29697      0.67223      0.62474
     -2.59000      1.25971      0.64894      0.61077
     -2.58000      1.19598      0.61136      0.58461
     -2.57000      1.20876      0.61472      0.59405
     -2.56000      1.12770      0.57484      0.55286
     -2.55000      0.96939      0.48914      0.48025
     -2.54000      1.08251      0.54631      0.53620
     -2.53000      1.30822      0.66895      0.63928
     -2.52000      1.29902      0.68936      0.60966
     -2.51000      1.20895      0.65466      0.55429
     -2.50000      1.10421      0.58079      0.52342
     -2.49000      0.95666      0.49393      0.46273
     -2.48000      0.93400      0.48960      0.44440
     -2.47000      1.05957      0.55485      0.50472
     -2.46000      1.04514      0.54414      0.50101
     -2.45000      0.87305      0.44552      0.42753
     -2.44000      0.86927      0.42735      0.44192
     -2.43000      1.06880      0.51492      0.55387
     -2.42000      1.34074      0.64886      0.69188
     -2.41000      1.37092      0.66939      0.70153
     -2.40000      1.30926      0.65289      0.65637
     -2.39000      1.37855      0.71043      0.66812
     -2.38000      1.24507      0.65839      0.58668
     -2.37000      1.09875      0.58332      0.51543
     -2.36000      1.36052      0.70633      0.65418
     -2.35000      1.63360      0.82512      0.80848
     -2.34000      1.45284      0.71901      0.73383
     -2.33000      1.09538      0.54908      0.54630
     -2.32000      0.92518      0.47455      0.45064
     -2.31000      1.00277      0.50618      0.49659
     -2.30000      1.04599      0.51219      0.53380
     -2.29000      0.84990      0.39856      0.45134
     -2.28000      0.66167      0.30194      0.35973
     -2.27000      0.74378      0.35699      0.38679
     -2.26000      1.04509      0.52439      0.52070
     -2.25000      1.27492      0.64282      0.63209
     -2.24000      1.33729      0.67035      0.66694
     -2.23000      1.31766      0.65739      0.66027
     -2.22000      1.33501      0.66374      0.67127
     -2.21000      1.18572      0.59839      0.58733
     -2.20000      1.08602      0.54420      0.54182
     -2.19000      1.35995      0.66202      0.69793
     -2.18000      1.58005      0.77476      0.80529
     -2.17000      1.56519      0.79099      0.77420
     -2.16000      1.45436      0.73698      0.71738
     -2.15000      1.25135      0.61874      0.63261
     -2.14000      1.24421      0.61522      0.62899
     -2.13000      1.51608      0.75429      0.76179
     -2.12000      1.73275      0.86977      0.86298
     -2.11000      1.61021      0.83472      0.77549
     -2.10000      1.25033      0.65862      0.59171
     -2.09000      1.04551      0.53371      0.51180
     -2.08000      1.24720      0.62863      0.61857
     -2.07000      1.32748      0.66986      0.65762
     -2.06000      1.09753      0.55361      0.54393
     -2.05000      0.99471      0.50332      0.49139
     -2.04000      1.16741      0.59674      0.57066
     -2.03000      1.38766      0.73222      0.65544
     -2.02000      1.44972      0.76185      0.68787
     -2.01000      1.46215      0.72181      0.74034
     -2.00000      1.48806      0.70401      0.78405
     -1.99000      1.37509      0.64898      0.72611
     -1.98000      1.30537      0.62964      0.67573
     -1.97000      1.23621      0.60203      0.63418
     -1.96000      1.24577      0.61003      0.63574
     -1.95000      1.55004      0.77457      0.77546
     -1.94000      1.74532      0.88003      0.86528
     -1.93000      1.81077      0.91027      0.90050
     -1.92000      1.82127      0.92109      0.90018
     -1.91000      1.62134      0.82841      0.79293
     -1.90000      1.34824      0.68265      0.66559
     -1.89000      1.23540      0.60648      0.62892
     -1.88000      1.47937      0.72677      0.75260
     -1.87000      1.77927      0.88475      0.89453
     -1.86000      1.92189      0.95822      0.96367
     -1.85000      1.88681      0.95622      0.93059
     -1.84000      1.57906      0.82509      0.75397
     -1.83000      1.23264      0.64199      0.59066
     -1.82000      1.11034      0.55556      0.55478
     -1.81000      1.24032      0.59161      0.64872
     -1.80000      1.53838      0.70919      0.82919
     -1.79000      1.61724      0.74541      0.87183
     -1.78000      1.49657      0.69858      0.79799
     -1.77000      1.52905      0.72438      0.80467
     -1.76000      1.36796      0.64399      0.72398
     -1.75000      1.32526      0.60739      0.71786
     -1.74000      1.54907      0.70788      0.84120
     -1.73000      1.60778      0.73011      0.87767
     -1.72000      1.46039      0.65322      0.80717
     -1.71000      1.38608      0.64093      0.74515
     -1.70000      1.49200      0.73107      0.76094
     -1.69000      1.57665      0.78474      0.79191
     -1.68000      1.63193      0.79142      0.84051
     -1.67000      1.79267      0.84737      0.94530
     -1.66000      1.72121      0.82062      0.90059
     -1.65000      1.49637      0.72509      0.77129
     -1.64000      1.45771      0.70913      0.74858
     -1.63000      1.46607      0.69105      0.77502
     -1.62000      1.57706      0.70534      0.87172
     -1.61000      1.73724      0.77328      0.96397
     -1.60000      1.66145      0.75946      0.90199
     -1.59000      1.46056      0.66963      0.79093
     -1.58000      1.54243      0.69490      0.84753
     -1.57000      1.74579      0.78225      0.96354
     -1.56000      1.68439      0.75751      0.92688
     -1.55000      1.55748      0.70814      0.84934
     -1.54000      1.54707      0.71937      0.82770
     -1.53000      1.47234      0.68733      0.78500
     -1.52000      1.51355      0.67740      0.83615
     -1.51000      1.85936      0.80163      1.05774
     -1.50000      1.98015      0.84445      1.13570
     -1.49000      1.89112      0.79795      1.09316
     -1.48000      1.86293      0.79624      1.06669
     -1.47000      1.61717      0.71466      0.90251
     -1.46000      1.40895      0.63662      0.77233
     -1.45000      1.55748      0.68955      0.86793
     -1.44000      1.73973      0.74374      0.99599
     -1.43000      1.73084      0.73545      0.99539
     -1.42000      1.68434      0.72976      0.95458
     -1.41000      1.61613      0.70950      0.90664
     -1.40000      1.60538      0.69522      0.91016
     -1.39000      1.63032      0.68722      0.94310
     -1.38000      1.61502      0.65903      0.95599
     -1.37000      1.64136      0.65121      0.99015
     -1.36000      1.80269      0.71797      1.08471
     -1.35000      2.01539      0.80383      1.21156
     -1.34000      2.19708      0.88987      1.30721
     -1.33000      2.06596      0.87533      1.19062
     -1.32000      1.91288      0.83372      1.07916
     -1.31000      2.10746      0.89939      1.20807
     -1.30000      2.34279      0.95705      1.38574
     -1.29000      2.30409      0.90271      1.40138
     -1.28000      2.23625      0.85177      1.38448
     -1.27000      2.25184      0.85907      1.39277
     -1.26000      2.03655      0.79348      1.24307
     -1.25000      1.78515      0.72419      1.06096
     -1.24000      1.78748      0.73569      1.05180
     -1.23000      1.85772      0.73556      1.12216
     -1.22000      2.02601      0.78854      1.23748
     -1.21000      2.10169      0.83500      1.26669
     -1.20000      2.03463      0.82219      1.21244
     -1.19000      1.87577      0.76284      1.11293
     -1.18000      1.61415      0.65548      0.95867
     -1.17000      1.52588      0.60298      0.92289
     -1.16000      1.58195      0.60594      0.97601
     -1.15000      1.87009      0.71619      1.15390
     -1.14000      2.22797      0.86580      1.36218
     -1.13000      2.29973      0.89223      1.40749
     -1.12000      2.12278      0.80296      1.31982
     -1.11000      1.97065      0.73683      1.23382
     -1.10000      2.20099      0.83579      1.36521
     -1.09000      2.39953      0.93394      1.46559
     -1.08000      1.97499      0.79181      1.18317
     -1.07000      1.55251      0.63442      0.91808
     -1.06000      1.58222      0.63659      0.94563
     -1.05000      1.59770      0.62644      0.97126
     -1.04000      1.62162      0.63326      0.98837
     -1.03000      1.85386      0.73877      1.11508
     -1.02000      2.03466      0.82312      1.21154
     -1.01000      2.07799      0.82908      1.24891
     -1.00000      2.04983      0.78220      1.26763
     -0.99000      1.98686      0.74089      1.24597
     -0.98000      2.03043      0.77439      1.25604
     -0.97000      2.17386      0.85557      1.31830
     -0.96000      2.34142      0.91930      1.42212
     -0.95000      2.24720      0.86667      1.38053
     -0.94000      1.73629      0.65822      1.07807
     -0.93000      1.37401      0.52023      0.85378
     -0.92000      1.56366      0.60046      0.96320
     -0.91000      1.93721      0.73340      1.20381
     -0.90000      1.94135      0.73368      1.20768
     -0.89000      1.75199      0.66936      1.08264
     -0.88000      1.54751      0.59754      0.94997
     -0.87000      1.40976      0.54313      0.86663
     -0.86000      1.54938      0.58056      0.96883
     -0.85000      1.64729      0.62719      1.02010
     -0.84000      1.55809      0.61301      0.94508
     -0.83000      1.88644      0.73670      1.14974
     -0.82000      2.35854      0.90138      1.45716
     -0.81000      2.26389      0.85215      1.41174
     -0.80000      2.09389      0.78145      1.31244
     -0.79000      2.21110      0.81989      1.39120
     -0.78000      2.08476      0.76678      1.31798
     -0.77000      1.68686      0.61842      1.06844
     -0.76000      1.39694      0.50893      0.88801
     -0.75000      1.37301      0.49384      0.87917
     -0.74000      1.39698      0.50116      0.89581
     -0.73000      1.41793      0.51682      0.90110
     -0.72000      1.55161      0.57961      0.97200
     -0.71000      1.62542      0.61978      1.00565
     -0.70000      1.70781      0.64557      1.06224
     -0.69000      1.64326      0.60255      1.04071
     -0.68000      1.37136      0.49704      0.87431
     -0.67000      1.17228      0.42857      0.74371
     -0.66000      1.16057      0.42011      0.74047
     -0.65000      1.10915      0.39159      0.71756
     -0.64000      1.07069      0.37619      0.69450
     -0.63000      1.42728      0.50603      0.92125
     -0.62000      1.83068      0.65236      1.17832
     -0.61000      1.89760      0.67657      1.22103
     -0.60000      1.85427      0.65943      1.19484
     -0.59000      1.81104      0.63583      1.17522
     -0.58000      1.72162      0.59400      1.12762
     -0.57000      1.43886      0.49432      0.94454
     -0.56000      1.17293      0.39841      0.77452
     -0.55000      1.03209      0.34861      0.68348
     -0.54000      1.04676      0.36399      0.68277
     -0.53000      1.08919      0.38979      0.69940
     -0.52000      0.94060      0.33499      0.60561
     -0.51000      0.90174      0.30663      0.59512
     -0.50000      0.96268      0.32206      0.64062
     -0.49000      0.98895      0.33381      0.65514
     -0.48000      1.06371      0.36194      0.70177
     -0.47000      1.30317      0.45040      0.85278
     -0.46000      1.69031      0.57478      1.11553
     -0.45000      1.78854      0.59732      1.19122
     -0.44000      1.58872      0.53808      1.05064
     -0.43000      1.43126      0.48924      0.94202
     -0.42000      1.21026      0.40507      0.80519
     -0.41000      0.95170      0.30858      0.64312
     -0.40000      0.85392      0.26965      0.58427
     -0.39000      0.88333      0.27487      0.60846
     -0.38000      0.97169      0.30599      0.66569
     -0.37000      0.99679      0.32228      0.67450
     -0.36000      1.09108      0.35969      0.73140
     -0.35000      1.25327      0.40305      0.85021
     -0.34000      1.18908      0.36938      0.81970
     -0.33000      0.96834      0.30739      0.66095
     -0.32000      0.90379      0.29875      0.60503
     -0.31000      1.01867      0.33490      0.68377
     -0.30000      0.99743      0.31907      0.67836
     -0.29000      0.70117      0.22334      0.47783
     -0.28000      0.70372      0.23361      0.47011
     -0.27000      0.95922      0.31782      0.64140
     -0.26000      1.02071      0.33269      0.68802
     -0.25000      0.94990      0.30176      0.64814
     -0.24000      0.93429      0.29491      0.63938
     -0.23000      0.85323      0.27372      0.57951
     -0.22000      0.66609      0.21751      0.44858
     -0.21000      0.51848      0.16861      0.34987
     -0.20000      0.52348      0.16539      0.35809
     -0.19000      0.65558      0.20234      0.45324
     -0.18000      0.75391      0.23611      0.51780
     -0.17000      0.77982      0.24890      0.53092
     -0.16000      0.78952      0.25077      0.53875
     -0.15000      0.63372      0.19841      0.43531
     -0.14000      0.43257      0.13689      0.29569
     -0.13000      0.40346      0.13178      0.27168
     -0.12000      0.47848      0.15564      0.32284
     -0.11000      0.62889      0.19833      0.43057
     -0.10000      0.74835      0.22804      0.52031
     -0.09000      0.61410      0.18228      0.43182
     -0.08000      0.38353      0.11467      0.26886
     -0.07000      0.32206      0.10073      0.22133
     -0.06000      0.35318      0.10899      0.24420
     -0.05000      0.36117      0.10661      0.25456
     -0.04000      0.34355      0.09776      0.24578
     -0.03000      0.30991      0.08523      0.22468
     -0.02000      0.30179      0.08290      0.21889
     -0.01000      0.20984      0.05901      0.15083
      0.00000      0.07531      0.02161      0.05370
      0.01000      0.01202      0.00349      0.00853
      0.02000      0.00077      0.00023      0.00055
      0.03000      0.00002      0.00001      0.00001
      0.04000      0.00000      0.00000      0.00000
      0.05000      0.00000      0.00000      0.00000
      0.06000      0.00000      0.00000      0.00000
      0.07000      0.00000      0.00000      0.00000
      0.08000      0.00000      0.00000      0.00000
      0.09000      0.00000      0.00000      0.00000
      0.10000      0.00000      0.00000      0.00000
      0.11000      0.00000      0.00000      0.00000
      0.12000      0.00000      0.00000      0.00000
      0.13000      0.00000      0.00000      0.00000
      0.14000      0.00002      0.00001      0.00001
      0.15000      0.00070      0.00044      0.00026
      0.16000      0.00914      0.00577      0.00336
      0.17000      0.04394      0.02776      0.01618
      0.18000      0.07773      0.04911      0.02861
      0.19000      0.05061      0.03198      0.01863
      0.20000      0.01301      0.00822      0.00479
      0.21000      0.01189      0.00753      0.00436
      0.22000      0.04792      0.03035      0.01757
      0.23000      0.07791      0.04935      0.02856
      0.24000      0.04663      0.02954      0.01709
      0.25000      0.01028      0.00651      0.00377
      0.26000      0.00123      0.00078      0.00045
      0.27000      0.00621      0.00394      0.00227
      0.28000      0.03564      0.02261      0.01303
      0.29000      0.07560      0.04797      0.02763
      0.30000      0.06115      0.03881      0.02235
      0.31000      0.03786      0.02407      0.01378
      0.32000      0.07908      0.05036      0.02872
      0.33000      0.13174      0.08381      0.04793
      0.34000      0.13113      0.08298      0.04815
      0.35000      0.11092      0.06922      0.04170
      0.36000      0.08756      0.05425      0.03331
      0.37000      0.07221      0.04534      0.02686
      0.38000      0.09183      0.05816      0.03367
      0.39000      0.09879      0.06204      0.03675
      0.40000      0.09596      0.05971      0.03625
      0.41000      0.09079      0.05703      0.03377
      0.42000      0.13595      0.08663      0.04932
      0.43000      0.14496      0.09261      0.05235
      0.44000      0.06530      0.04174      0.02356
      0.45000      0.02801      0.01798      0.01003
      0.46000      0.06174      0.03971      0.02204
      0.47000      0.09241      0.05920      0.03321
      0.48000      0.11245      0.07138      0.04106
      0.49000      0.17784      0.11314      0.06470
      0.50000      0.23046      0.14746      0.08300
      0.51000      0.19148      0.12280      0.06868
      0.52000      0.11120      0.07194      0.03926
      0.53000      0.13529      0.08870      0.04659
      0.54000      0.19928      0.12999      0.06929
      0.55000      0.19741      0.12809      0.06932
      0.56000      0.19181      0.12461      0.06720
      0.57000      0.15723      0.10169      0.05553
      0.58000      0.11434      0.07307      0.04127
      0.59000      0.09479      0.06102      0.03377
      0.60000      0.14379      0.09358      0.05021
      0.61000      0.26964      0.17412      0.09552
      0.62000      0.34305      0.22038      0.12267
      0.63000      0.27770      0.17829      0.09942
      0.64000      0.23390      0.14940      0.08449
      0.65000      0.19295      0.12244      0.07051
      0.66000      0.13983      0.09050      0.04933
      0.67000      0.17837      0.11873      0.05964
      0.68000      0.26076      0.17429      0.08647
      0.69000      0.28717      0.19096      0.09622
      0.70000      0.25002      0.16497      0.08505
      0.71000      0.23814      0.15707      0.08107
      0.72000      0.31114      0.20560      0.10553
      0.73000      0.32886      0.21689      0.11198
      0.74000      0.26787      0.17580      0.09207
      0.75000      0.29114      0.19071      0.10043
      0.76000      0.32174      0.21024      0.11150
      0.77000      0.30418      0.19846      0.10572
      0.78000      0.35283      0.23066      0.12217
      0.79000      0.38016      0.24949      0.13066
      0.80000      0.29164      0.19297      0.09866
      0.81000      0.31610      0.21080      0.10531
      0.82000      0.38481      0.25719      0.12763
      0.83000      0.28901      0.19369      0.09532
      0.84000      0.19911      0.13318      0.06592
      0.85000      0.24470      0.16401      0.08068
      0.86000      0.35492      0.23803      0.11689
      0.87000      0.54809      0.36517      0.18292
      0.88000      0.63669      0.42180      0.21489
      0.89000      0.41844      0.27741      0.14103
      0.90000      0.32524      0.21772      0.10753
      0.91000      0.58989      0.39903      0.19086
      0.92000      0.66905      0.45870      0.21036
      0.93000      0.42386      0.29587      0.12799
      0.94000      0.24159      0.17194      0.06966
      0.95000      0.24153      0.16941      0.07212
      0.96000      0.37875      0.25668      0.12207
      0.97000      0.58308      0.39699      0.18609
      0.98000      0.74267      0.52820      0.21447
      0.99000      0.80829      0.59820      0.21008
      1.00000      0.68611      0.49922      0.18689
      1.01000      0.53781      0.37251      0.16530
      1.02000      0.60924      0.42077      0.18847
      1.03000      0.86562      0.61213      0.25349
      1.04000      0.99986      0.71421      0.28565
      1.05000      0.88553      0.63260      0.25293
      1.06000      0.73601      0.53480      0.20121
      1.07000      0.70462      0.50907      0.19555
      1.08000      0.88468      0.62142      0.26326
      1.09000      1.09984      0.78423      0.31561
      1.10000      1.15945      0.84498      0.31447
      1.11000      1.11599      0.81487      0.30112
      1.12000      1.01740      0.73716      0.28024
      1.13000      0.84456      0.60979      0.23476
      1.14000      0.86966      0.63739      0.23227
      1.15000      1.14755      0.85052      0.29703
      1.16000      1.46232      1.07299      0.38933
      1.17000      1.70071      1.23079      0.46992
      1.18000      1.60335      1.15881      0.44454
      1.19000      1.52402      1.11602      0.40800
      1.20000      1.81289      1.34909      0.46380
      1.21000      2.03561      1.51955      0.51606
      1.22000      1.97129      1.46869      0.50261
      1.23000      1.97026      1.46553      0.50473
      1.24000      1.97352      1.46572      0.50780
      1.25000      1.79015      1.32462      0.46553
      1.26000      1.71773      1.27521      0.44252
      1.27000      1.67838      1.24275      0.43563
      1.28000      1.63344      1.19643      0.43701
      1.29000      1.92796      1.40024      0.52772
      1.30000      2.15036      1.55506      0.59529
      1.31000      2.04923      1.49960      0.54963
      1.32000      1.96315      1.46128      0.50187
      1.33000      2.09667      1.56333      0.53334
      1.34000      2.25206      1.64260      0.60946
      1.35000      2.19384      1.57187      0.62197
      1.36000      1.95200      1.41946      0.53254
      1.37000      1.98158      1.46145      0.52013
      1.38000      2.21632      1.62171      0.59461
      1.39000      2.08668      1.50992      0.57676
      1.40000      1.90202      1.37027      0.53175
      1.41000      1.91119      1.38570      0.52549
      1.42000      2.23716      1.63316      0.60401
      1.43000      2.79201      2.04285      0.74915
      1.44000      2.78024      2.02640      0.75384
      1.45000      2.26782      1.65067      0.61714
      1.46000      1.94207      1.41658      0.52549
      1.47000      1.94148      1.41429      0.52719
      1.48000      2.11469      1.53121      0.58349
      1.49000      2.20162      1.58696      0.61466
      1.50000      2.11462      1.53418      0.58044
      1.51000      1.86092      1.35334      0.50758
      1.52000      1.54424      1.11414      0.43010
      1.53000      1.46339      1.04257      0.42082
      1.54000      1.49302      1.04265      0.45037
      1.55000      1.43656      0.98954      0.44703
      1.56000      1.30206      0.87960      0.42246
      1.57000      1.35675      0.90866      0.44809
      1.58000      1.50662      1.02307      0.48355
      1.59000      1.41969      0.97723      0.44246
      1.60000      1.19441      0.82163      0.37278
      1.61000      1.01905      0.68125      0.33780
      1.62000      1.08993      0.70810      0.38183
      1.63000      1.28554      0.84741      0.43813
      1.64000      1.15792      0.78422      0.37370
      1.65000      0.91015      0.62011      0.29003
      1.66000      1.10974      0.75161      0.35813
      1.67000      1.40081      0.95399      0.44683
      1.68000      1.31132      0.89785      0.41347
      1.69000      1.09774      0.75593      0.34180
      1.70000      1.04667      0.72787      0.31880
      1.71000      1.16777      0.81733      0.35044
      1.72000      1.16951      0.82482      0.34469
      1.73000      0.99563      0.69822      0.29741
      1.74000      0.90624      0.61133      0.29491
      1.75000      0.97462      0.63642      0.33820
      1.76000      1.07581      0.71086      0.36495
      1.77000      1.05604      0.69674      0.35930
      1.78000      1.01116      0.66029      0.35086
      1.79000      1.01597      0.66520      0.35077
      1.80000      0.94368      0.61271      0.33097
      1.81000      0.80482      0.51634      0.28848
      1.82000      0.77832      0.50308      0.27523
      1.83000      0.93291      0.60304      0.32987
      1.84000      1.07762      0.68145      0.39617
      1.85000      1.00400      0.62779      0.37621
      1.86000      0.88319      0.55855      0.32464
      1.87000      0.94767      0.61998      0.32769
      1.88000      1.11418      0.75025      0.36393
      1.89000      1.13180      0.77255      0.35925
      1.90000      1.14902      0.77175      0.37727
      1.91000      1.22767      0.80723      0.42044
      1.92000      1.16385      0.77197      0.39188
      1.93000      1.04542      0.69940      0.34602
      1.94000      0.99432      0.63841      0.35591
      1.95000      0.86290      0.54439      0.31852
      1.96000      0.74139      0.48902      0.25237
      1.97000      0.90628      0.61552      0.29075
      1.98000      1.10240      0.74322      0.35918
      1.99000      1.09903      0.72082      0.37821
      2.00000      1.07045      0.68288      0.38757
      2.01000      1.04051      0.66122      0.37929
      2.02000      0.88393      0.56504      0.31890
      2.03000      0.70202      0.45469      0.24733
      2.04000      0.71486      0.47184      0.24301
      2.05000      0.97523      0.64042      0.33481
      2.06000      1.14627      0.72874      0.41753
      2.07000      1.23752      0.76467      0.47285
      2.08000      1.38278      0.85698      0.52580
      2.09000      1.49539      0.92838      0.56701
      2.10000      1.37396      0.85971      0.51426
      2.11000      1.24744      0.80714      0.44029
      2.12000      1.28599      0.83490      0.45108
      2.13000      1.32632      0.83671      0.48961
      2.14000      1.20028      0.75580      0.44448
      2.15000      1.06501      0.68842      0.37658
      2.16000      1.30481      0.85225      0.45256
      2.17000      1.65983      1.07817      0.58166
      2.18000      1.80149      1.15852      0.64297
      2.19000      1.63103      1.04298      0.58804
      2.20000      1.45989      0.93586      0.52403
      2.21000      1.53869      0.99756      0.54113
      2.22000      1.58289      1.02298      0.55991
      2.23000      1.53437      0.97514      0.55923
      2.24000      1.63916      1.03407      0.60509
      2.25000      1.79377      1.12871      0.66505
      2.26000      1.82981      1.13958      0.69023
      2.27000      1.68559      1.04018      0.64540
      2.28000      1.54042      0.95311      0.58731
      2.29000      1.43238      0.89392      0.53846
      2.30000      1.19085      0.76091      0.42994
      2.31000      1.02029      0.67045      0.34984
      2.32000      0.95234      0.62896      0.32338
      2.33000      0.94976      0.62272      0.32704
      2.34000      1.20049      0.78410      0.41639
      2.35000      1.34546      0.87760      0.46786
      2.36000      1.20734      0.78086      0.42648
      2.37000      0.98747      0.63403      0.35344
      2.38000      0.75787      0.48788      0.26999
      2.39000      0.68209      0.44607      0.23602
      2.40000      0.70516      0.47247      0.23269
      2.41000      0.71140      0.47602      0.23537
      2.42000      0.67013      0.43787      0.23226
      2.43000      0.58590      0.38354      0.20236
      2.44000      0.54096      0.35849      0.18246
      2.45000      0.46990      0.31145      0.15845
      2.46000      0.40126      0.26233      0.13893
      2.47000      0.46546      0.29975      0.16571
      2.48000      0.54320      0.35522      0.18798
      2.49000      0.53532      0.35636      0.17896
      2.50000      0.53096      0.35460      0.17637
      2.51000      0.60932      0.40963      0.19969
      2.52000      0.53591      0.36642      0.16949
      2.53000      0.31372      0.21843      0.09529
      2.54000      0.16664      0.11639      0.05024
      2.55000      0.23061      0.15851      0.07210
      2.56000      0.38474      0.25779      0.12695
      2.57000      0.48212      0.31744      0.16468
      2.58000      0.41452      0.27248      0.14204
      2.59000      0.25810      0.17069      0.08741
      2.60000      0.20798      0.13676      0.07122
      2.61000      0.21281      0.14091      0.07190
      2.62000      0.26580      0.18070      0.08509
      2.63000      0.39777      0.26671      0.13106
      2.64000      0.51593      0.33726      0.17867
      2.65000      0.47345      0.30521      0.16824
      2.66000      0.33881      0.21634      0.12248
      2.67000      0.21926      0.13913      0.08013
      2.68000      0.11832      0.07482      0.04350
      2.69000      0.08090      0.05076      0.03014
      2.70000      0.09195      0.05755      0.03440
      2.71000      0.11974      0.07559      0.04415
      2.72000      0.23463      0.14858      0.08605
      2.73000      0.32693      0.20592      0.12101
      2.74000      0.36887      0.23076      0.13811
      2.75000      0.40935      0.25529      0.15406
      2.76000      0.29535      0.18389      0.11146
      2.77000      0.20958      0.13127      0.07831
      2.78000      0.30668      0.19391      0.11277
      2.79000      0.41518      0.26304      0.15214
      2.80000      0.40784      0.25868      0.14916
      2.81000      0.35967      0.22798      0.13168
      2.82000      0.34949      0.22089      0.12860
      2.83000      0.37526      0.23654      0.13871
      2.84000      0.46390      0.29167      0.17223
      2.85000      0.54471      0.34220      0.20251
      2.86000      0.43679      0.27425      0.16254
      2.87000      0.26723      0.16829      0.09894
      2.88000      0.19675      0.12508      0.07167
      2.89000      0.15254      0.09689      0.05566
      2.90000      0.11478      0.07187      0.04291
      2.91000      0.16300      0.10158      0.06143
      2.92000      0.30005      0.18774      0.11231
      2.93000      0.41072      0.25734      0.15337
      2.94000      0.33410      0.20951      0.12459
      2.95000      0.23649      0.14797      0.08852
      2.96000      0.24054      0.14997      0.09056
      2.97000      0.22270      0.13924      0.08346
      2.98000      0.21388      0.13464      0.07924
      2.99000      0.29167      0.18396      0.10771
      3.00000      0.38702      0.24459      0.14243
      3.01000      0.44979      0.28343      0.16636
      3.02000      0.52702      0.33079      0.19623
      3.03000      0.47776      0.29997      0.17779
      3.04000      0.25859      0.16245      0.09614
      3.05000      0.10378      0.06525      0.03854
      3.06000      0.09703      0.06141      0.03562
      3.07000      0.18298      0.11569      0.06729
      3.08000      0.19352      0.12156      0.07195
      3.09000      0.14143      0.08851      0.05292
      3.10000      0.18792      0.11837      0.06955
      3.11000      0.26756      0.16834      0.09923
      3.12000      0.31882      0.19943      0.11939
      3.13000      0.47574      0.29692      0.17882
      3.14000      0.56505      0.35311      0.21194
      3.15000      0.51480      0.32198      0.19283
      3.16000      0.47927      0.29929      0.17998
      3.17000      0.50496      0.31538      0.18958
      3.18000      0.40845      0.25530      0.15316
      3.19000      0.27078      0.16894      0.10185
      3.20000      0.28248      0.17600      0.10648
      3.21000      0.35084      0.21865      0.13220
      3.22000      0.40053      0.24997      0.15056
      3.23000      0.44528      0.27831      0.16697
      3.24000      0.50033      0.31251      0.18782
      3.25000      0.53818      0.33476      0.20343
      3.26000      0.56856      0.35234      0.21621
      3.27000      0.55385      0.34323      0.21062
      3.28000      0.49395      0.30638      0.18758
      3.29000      0.46728      0.29041      0.17687
      3.30000      0.42506      0.26450      0.16056
      3.31000      0.29833      0.18557      0.11277
      3.32000      0.19891      0.12365      0.07526
      3.33000      0.22520      0.13951      0.08569
      3.34000      0.32233      0.19948      0.12285
      3.35000      0.46288      0.28713      0.17575
      3.36000      0.60346      0.37491      0.22855
      3.37000      0.50461      0.31341      0.19120
      3.38000      0.25493      0.15782      0.09712
      3.39000      0.23178      0.14246      0.08932
      3.40000      0.42131      0.25978      0.16154
      3.41000      0.57294      0.35507      0.21787
      3.42000      0.63826      0.39598      0.24228
      3.43000      0.60771      0.37609      0.23162
      3.44000      0.50803      0.31371      0.19433
      3.45000      0.40227      0.24816      0.15410
      3.46000      0.39400      0.24252      0.15147
      3.47000      0.39187      0.24057      0.15130
      3.48000      0.25624      0.15679      0.09944
      3.49000      0.17141      0.10472      0.06669
      3.50000      0.27678      0.16972      0.10706
      3.51000      0.40815      0.25079      0.15735
      3.52000      0.46026      0.28260      0.17767
      3.53000      0.58022      0.35530      0.22493
      3.54000      0.70083      0.42885      0.27198
      3.55000      0.72805      0.44587      0.28218
      3.56000      0.65385      0.40058      0.25327
      3.57000      0.45839      0.28058      0.17780
      3.58000      0.33989      0.20780      0.13209
      3.59000      0.46211      0.28231      0.17980
      3.60000      0.65300      0.39911      0.25389
      3.61000      0.68481      0.41878      0.26602
      3.62000      0.48436      0.29576      0.18860
      3.63000      0.46974      0.28591      0.18383
      3.64000      0.72868      0.44118      0.28750
      3.65000      0.86581      0.51674      0.34908
      3.66000      0.82913      0.48998      0.33914
      3.67000      0.72612      0.43284      0.29328
      3.68000      0.58775      0.34905      0.23870
      3.69000      0.44428      0.25545      0.18884
      3.70000      0.38095      0.21840      0.16254
      3.71000      0.50612      0.30164      0.20449
      3.72000      0.61651      0.37234      0.24417
      3.73000      0.53839      0.32705      0.21134
      3.74000      0.46378      0.28175      0.18203
      3.75000      0.51708      0.30672      0.21036
      3.76000      0.72732      0.41676      0.31056
      3.77000      0.79705      0.44353      0.35353
      3.78000      0.61133      0.33653      0.27480
      3.79000      0.46324      0.26482      0.19842
      3.80000      0.46590      0.26572      0.20018
      3.81000      0.50804      0.28000      0.22804
      3.82000      0.53173      0.30183      0.22990
      3.83000      0.59049      0.34926      0.24122
      3.84000      0.66647      0.39866      0.26781
      3.85000      0.59309      0.35420      0.23889
      3.86000      0.51850      0.29948      0.21902
      3.87000      0.62798      0.34115      0.28683
      3.88000      0.79246      0.42536      0.36710
      3.89000      1.01662      0.57278      0.44384
      3.90000      1.23953      0.72584      0.51370
      3.91000      1.29333      0.76325      0.53008
      3.92000      1.25723      0.73411      0.52312
      3.93000      1.12328      0.65276      0.47052
      3.94000      0.92734      0.54359      0.38375
      3.95000      0.86891      0.51001      0.35890
      3.96000      0.96383      0.55678      0.40705
      3.97000      0.99716      0.55746      0.43970
      3.98000      1.03727      0.55316      0.48411
      3.99000      1.22489      0.64459      0.58030
      4.00000      1.33671      0.70947      0.62724
      4.01000      1.38425      0.75016      0.63410
      4.02000      1.49639      0.83220      0.66419
      4.03000      1.49364      0.82752      0.66612
      4.04000      1.37348      0.75268      0.62080
      4.05000      1.25032      0.69598      0.55433
      4.06000      1.04057      0.58326      0.45731
      4.07000      0.89680      0.50103      0.39577
      4.08000      0.91502      0.50312      0.41189
      4.09000      0.99986      0.53034      0.46952
      4.10000      1.23971      0.64375      0.59597
      4.11000      1.55739      0.80973      0.74766
      4.12000      1.56010      0.81524      0.74486
      4.13000      1.36987      0.72774      0.64213
      4.14000      1.33529      0.71355      0.62174
      4.15000      1.35628      0.72312      0.63316
      4.16000      1.30801      0.70542      0.60259
      4.17000      1.25555      0.68594      0.56961
      4.18000      1.39186      0.75615      0.63571
      4.19000      1.69248      0.89217      0.80031
      4.20000      1.73949      0.89586      0.84363
      4.21000      1.59166      0.82851      0.76315
      4.22000      1.46370      0.77503      0.68867
      4.23000      1.38123      0.73097      0.65026
      4.24000      1.40106      0.73377      0.66729
      4.25000      1.59015      0.83922      0.75093
      4.26000      1.72617      0.93401      0.79216
      4.27000      1.63578      0.89292      0.74287
      4.28000      1.70542      0.91367      0.79174
      4.29000      1.80958      0.93547      0.87411
      4.30000      1.59978      0.81394      0.78584
      4.31000      1.47592      0.74540      0.73051
      4.32000      1.63424      0.79982      0.83443
      4.33000      1.81502      0.88602      0.92899
      4.34000      1.73108      0.86008      0.87100
      4.35000      1.70157      0.84121      0.86036
      4.36000      1.71096      0.83947      0.87149
      4.37000      1.57463      0.78386      0.79077
      4.38000      1.66896      0.84580      0.82316
      4.39000      2.08219      1.07417      1.00801
      4.40000      2.26547      1.18412      1.08134
      4.41000      2.06315      1.06526      0.99789
      4.42000      1.78024      0.90322      0.87702
      4.43000      1.50030      0.77554      0.72475
      4.44000      1.32189      0.68695      0.63495
      4.45000      1.39735      0.71398      0.68336
      4.46000      1.51514      0.77752      0.73762
      4.47000      1.57656      0.80965      0.76691
      4.48000      1.65547      0.83168      0.82379
      4.49000      1.60840      0.78310      0.82530
      4.50000      1.67325      0.80607      0.86717
      4.51000      1.70193      0.83241      0.86952
      4.52000      1.39416      0.67632      0.71784
      4.53000      1.24533      0.58812      0.65721
      4.54000      1.23785      0.59469      0.64317
      4.55000      1.27160      0.63061      0.64098
      4.56000      1.41993      0.72645      0.69348
      4.57000      1.53745      0.82118      0.71627
      4.58000      1.41919      0.75472      0.66448
      4.59000      1.31181      0.64477      0.66704
      4.60000      1.45089      0.68930      0.76159
      4.61000      1.56832      0.75573      0.81259
      4.62000      1.42821      0.69177      0.73645
      4.63000      1.38049      0.67232      0.70816
      4.64000      1.44983      0.70380      0.74603
      4.65000      1.54148      0.73885      0.80262
      4.66000      1.84284      0.88767      0.95517
      4.67000      2.14508      1.06881      1.07627
      4.68000      2.14592      1.10245      1.04347
      4.69000      1.88274      0.96644      0.91630
      4.70000      1.73815      0.87732      0.86084
      4.71000      1.90482      0.94996      0.95486
      4.72000      2.06003      1.00541      1.05462
      4.73000      2.04456      0.99800      1.04656
      4.74000      2.04138      1.03296      1.00841
      4.75000      2.16314      1.12694      1.03620
      4.76000      1.99022      1.05588      0.93434
      4.77000      1.93667      1.03146      0.90521
      4.78000      2.18126      1.14574      1.03552
      4.79000      2.07917      1.06506      1.01411
      4.80000      1.87266      0.92706      0.94560
      4.81000      1.91242      0.94625      0.96617
      4.82000      2.02044      1.02560      0.99484
      4.83000      2.15410      1.10541      1.04869
      4.84000      2.24666      1.15097      1.09568
      4.85000      2.19300      1.11692      1.07609
      4.86000      2.08079      1.07019      1.01060
      4.87000      2.11075      1.10497      1.00577
      4.88000      2.12799      1.12889      0.99910
      4.89000      2.21954      1.17549      1.04404
      4.90000      2.44332      1.29182      1.15150
      4.91000      2.49136      1.33344      1.15792
      4.92000      2.38191      1.28737      1.09455
      4.93000      2.27044      1.23841      1.03203
      4.94000      2.38244      1.30261      1.07983
      4.95000      2.63947      1.43820      1.20126
      4.96000      2.50714      1.37274      1.13440
      4.97000      2.05601      1.13084      0.92517
      4.98000      1.64927      0.89904      0.75023
      4.99000      1.43552      0.78300      0.65252
      5.00000      1.60005      0.88516      0.71489
      5.01000      1.75861      0.96927      0.78933
      5.02000      1.52423      0.83628      0.68795
      5.03000      1.37299      0.75722      0.61577
      5.04000      1.54768      0.84556      0.70212
      5.05000      1.59684      0.86070      0.73614
      5.06000      1.38819      0.75632      0.63187
      5.07000      1.27607      0.71163      0.56444
      5.08000      1.39084      0.77634      0.61450
      5.09000      1.45679      0.80512      0.65168
      5.10000      1.37015      0.75840      0.61175
      5.11000      1.24882      0.69291      0.55591
      5.12000      1.06734      0.58383      0.48351
      5.13000      1.01573      0.55538      0.46035
