Energy-E_F (eV)    DOS (1/eV)    PDOS (1/eV)  of atom type Al Sb 
    -14.79236      0.83631      0.49241      0.34389
    -14.78236      0.84056      0.49151      0.34905
    -14.77236      0.87261      0.51247      0.36015
    -14.76236      1.04177      0.62290      0.41886
    -14.75236      1.22860      0.72564      0.50295
    -14.74236      1.23893      0.72385      0.51508
    -14.73236      1.08715      0.63978      0.44738
    -14.72236      0.91492      0.53329      0.38163
    -14.71236      0.88337      0.51307      0.37031
    -14.70236      0.80469      0.47166      0.33303
    -14.69236      0.60270      0.35935      0.24335
    -14.68236      0.54769      0.32541      0.22228
    -14.67236      0.59923      0.34636      0.25286
    -14.66236      0.83003      0.47175      0.35828
    -14.65236      0.93032      0.52463      0.40570
    -14.64236      0.85834      0.49440      0.36394
    -14.63236      0.79548      0.47724      0.31824
    -14.62236      0.56245      0.34564      0.21680
    -14.61236      0.46543      0.28399      0.18144
    -14.60236      0.70889      0.42273      0.28616
    -14.59236      1.03789      0.62438      0.41351
    -14.58236      1.05562      0.64342      0.41220
    -14.57236      1.05510      0.63895      0.41615
    -14.56236      1.24866      0.75108      0.49757
    -14.55236      1.24521      0.74497      0.50024
    -14.54236      1.15988      0.67464      0.48524
    -14.53236      1.06863      0.60277      0.46587
    -14.52236      0.92110      0.51070      0.41045
    -14.51236      0.84039      0.47594      0.36486
    -14.50236      0.82910      0.48801      0.34227
    -14.49236      0.84233      0.50073      0.34285
    -14.48236      0.85713      0.51074      0.34688
    -14.47236      0.78900      0.47933      0.30974
    -14.46236      0.82323      0.49275      0.33048
    -14.45236      1.09519      0.62979      0.46540
    -14.44236      1.16831      0.66974      0.49857
    -14.43236      0.99070      0.58444      0.40626
    -14.42236      1.05571      0.63818      0.41753
    -14.41236      1.32438      0.78267      0.54171
    -14.40236      1.40686      0.79751      0.60934
    -14.39236      1.21811      0.67884      0.53927
    -14.38236      1.11276      0.63029      0.48247
    -14.37236      1.08309      0.62598      0.45711
    -14.36236      0.90860      0.53858      0.37001
    -14.35236      0.94283      0.57838      0.36445
    -14.34236      0.99559      0.62201      0.37357
    -14.33236      0.91603      0.55458      0.36145
    -14.32236      0.78835      0.45623      0.33212
    -14.31236      0.66968      0.38719      0.28249
    -14.30236      0.64002      0.36861      0.27141
    -14.29236      0.73005      0.41125      0.31880
    -14.28236      0.97260      0.54054      0.43205
    -14.27236      1.11972      0.61758      0.50215
    -14.26236      1.02289      0.57597      0.44691
    -14.25236      1.00339      0.59594      0.40744
    -14.24236      1.14957      0.68544      0.46413
    -14.23236      1.06097      0.62416      0.43681
    -14.22236      0.83287      0.48963      0.34324
    -14.21236      0.82782      0.48823      0.33959
    -14.20236      0.89286      0.52182      0.37104
    -14.19236      0.96604      0.55510      0.41094
    -14.18236      0.95417      0.54353      0.41064
    -14.17236      0.93513      0.54152      0.39361
    -14.16236      0.98812      0.59105      0.39708
    -14.15236      0.95664      0.57695      0.37968
    -14.14236      0.85084      0.50024      0.35060
    -14.13236      0.94213      0.54108      0.40105
    -14.12236      1.07802      0.61564      0.46238
    -14.11236      0.89630      0.52315      0.37314
    -14.10236      0.80733      0.49067      0.31667
    -14.09236      0.95375      0.56759      0.38616
    -14.08236      1.02741      0.56896      0.45845
    -14.07236      0.91803      0.47909      0.43894
    -14.06236      0.66938      0.34576      0.32362
    -14.05236      0.56792      0.28667      0.28125
    -14.04236      0.62775      0.32417      0.30358
    -14.03236      0.71155      0.37928      0.33227
    -14.02236      0.77388      0.40292      0.37096
    -14.01236      0.81942      0.42010      0.39932
    -14.00236      0.91530      0.46456      0.45073
    -13.99236      0.99833      0.51134      0.48699
    -13.98236      0.91376      0.47921      0.43455
    -13.97236      0.95582      0.51530      0.44052
    -13.96236      1.08021      0.58904      0.49117
    -13.95236      0.92996      0.52339      0.40658
    -13.94236      0.73728      0.43002      0.30726
    -13.93236      0.66834      0.37677      0.29158
    -13.92236      0.64473      0.33660      0.30812
    -13.91236      0.61959      0.30801      0.31158
    -13.90236      0.47714      0.24157      0.23557
    -13.89236      0.41977      0.22590      0.19387
    -13.88236      0.60280      0.33210      0.27070
    -13.87236      0.64321      0.35358      0.28964
    -13.86236      0.49522      0.27491      0.22031
    -13.85236      0.44475      0.24926      0.19549
    -13.84236      0.54952      0.29747      0.25206
    -13.83236      0.63115      0.33106      0.30009
    -13.82236      0.61453      0.32514      0.28939
    -13.81236      0.71778      0.37973      0.33805
    -13.80236      0.84623      0.45467      0.39156
    -13.79236      0.84024      0.46949      0.37075
    -13.78236      0.84147      0.46767      0.37379
    -13.77236      0.80792      0.43077      0.37714
    -13.76236      0.58505      0.30821      0.27684
    -13.75236      0.35368      0.20221      0.15147
    -13.74236      0.33896      0.21682      0.12214
    -13.73236      0.35543      0.22310      0.13233
    -13.72236      0.45366      0.24545      0.20821
    -13.71236      0.71704      0.35631      0.36073
    -13.70236      0.91487      0.45688      0.45799
    -13.69236      1.05218      0.53979      0.51239
    -13.68236      1.00144      0.53687      0.46457
    -13.67236      0.76905      0.43741      0.33164
    -13.66236      0.62113      0.35257      0.26857
    -13.65236      0.60071      0.31610      0.28461
    -13.64236      0.72756      0.36168      0.36589
    -13.63236      0.94926      0.48359      0.46567
    -13.62236      1.16874      0.62305      0.54569
    -13.61236      1.13988      0.61068      0.52920
    -13.60236      0.89065      0.46915      0.42150
    -13.59236      0.69177      0.35387      0.33790
    -13.58236      0.66415      0.32520      0.33895
    -13.57236      0.73097      0.36139      0.36958
    -13.56236      0.78360      0.39945      0.38416
    -13.55236      0.68108      0.34445      0.33663
    -13.54236      0.49954      0.24021      0.25933
    -13.53236      0.45714      0.21283      0.24431
    -13.52236      0.54923      0.26864      0.28059
    -13.51236      0.62933      0.31598      0.31335
    -13.50236      0.63529      0.30908      0.32621
    -13.49236      0.72525      0.34730      0.37795
    -13.48236      0.83715      0.40296      0.43421
    -13.47236      0.88828      0.40790      0.48060
    -13.46236      0.94220      0.43019      0.51396
    -13.45236      1.03159      0.48092      0.55698
    -13.44236      0.98597      0.44833      0.54531
    -13.43236      0.80061      0.35116      0.45404
    -13.42236      0.72871      0.29904      0.43388
    -13.41236      0.57577      0.23040      0.34924
    -13.40236      0.34438      0.16045      0.18540
    -13.39236      0.33737      0.17561      0.16197
    -13.38236      0.46104      0.22272      0.23833
    -13.37236      0.49514      0.22435      0.27079
    -13.36236      0.58377      0.25882      0.32495
    -13.35236      0.66390      0.30521      0.35869
    -13.34236      0.61930      0.31943      0.29988
    -13.33236      0.58395      0.32979      0.25416
    -13.32236      0.50417      0.27778      0.22639
    -13.31236      0.40044      0.20629      0.19414
    -13.30236      0.39892      0.20431      0.19462
    -13.29236      0.46937      0.24203      0.22734
    -13.28236      0.53141      0.26963      0.26178
    -13.27236      0.52356      0.26454      0.25902
    -13.26236      0.55709      0.28310      0.27399
    -13.25236      0.54868      0.27249      0.27618
    -13.24236      0.49325      0.22786      0.26539
    -13.23236      0.53388      0.22549      0.30839
    -13.22236      0.57436      0.23795      0.33641
    -13.21236      0.44698      0.19358      0.25340
    -13.20236      0.40325      0.19660      0.20665
    -13.19236      0.50328      0.25529      0.24799
    -13.18236      0.69059      0.35478      0.33581
    -13.17236      0.78783      0.40236      0.38547
    -13.16236      0.70436      0.35183      0.35252
    -13.15236      0.79439      0.40328      0.39111
    -13.14236      0.88697      0.46199      0.42499
    -13.13236      0.69681      0.35399      0.34282
    -13.12236      0.44692      0.19846      0.24846
    -13.11236      0.44790      0.17939      0.26859
    -13.10236      0.55469      0.23741      0.31868
    -13.09236      0.69851      0.31719      0.38967
    -13.08236      0.90897      0.41608      0.51124
    -13.07236      0.99152      0.46761      0.53874
    -13.06236      0.90346      0.44321      0.46466
    -13.05236      0.85148      0.41791      0.43405
    -13.04236      1.00564      0.49072      0.51494
    -13.03236      1.17728      0.57718      0.60009
    -13.02236      1.33037      0.63514      0.69523
    -13.01236      1.51494      0.69296      0.82198
    -13.00236      1.38192      0.60887      0.77305
    -12.99236      0.99877      0.43726      0.56151
    -12.98236      0.70232      0.32445      0.37787
    -12.97236      0.49351      0.23469      0.25882
    -12.96236      0.43685      0.19161      0.24524
    -12.95236      0.57507      0.24810      0.32697
    -12.94236      0.76649      0.34868      0.41781
    -12.93236      0.79060      0.38099      0.40960
    -12.92236      0.73626      0.36737      0.36889
    -12.91236      0.85417      0.41143      0.44274
    -12.90236      1.05390      0.49359      0.56031
    -12.89236      1.06611      0.50587      0.56024
    -12.88236      0.95233      0.46074      0.49160
    -12.87236      0.86597      0.42452      0.44145
    -12.86236      0.91030      0.45170      0.45860
    -12.85236      0.93331      0.46812      0.46518
    -12.84236      0.88762      0.42746      0.46017
    -12.83236      1.01477      0.47051      0.54426
    -12.82236      1.13738      0.54799      0.58939
    -12.81236      0.93552      0.45362      0.48190
    -12.80236      0.66966      0.31170      0.35796
    -12.79236      0.73329      0.34804      0.38525
    -12.78236      1.01957      0.49382      0.52574
    -12.77236      1.21976      0.59045      0.62931
    -12.76236      1.23202      0.61405      0.61797
    -12.75236      1.16063      0.59644      0.56419
    -12.74236      1.22701      0.62955      0.59746
    -12.73236      1.27166      0.64304      0.62862
    -12.72236      1.15272      0.56769      0.58503
    -12.71236      1.08446      0.51582      0.56864
    -12.70236      1.03240      0.48804      0.54436
    -12.69236      0.94481      0.46544      0.47936
    -12.68236      0.92572      0.46836      0.45736
    -12.67236      0.88757      0.45658      0.43098
    -12.66236      0.76999      0.39687      0.37312
    -12.65236      0.80461      0.38133      0.42328
    -12.64236      1.01702      0.44855      0.56847
    -12.63236      1.23948      0.54175      0.69773
    -12.62236      1.31929      0.60964      0.70965
    -12.61236      1.17223      0.59100      0.58123
    -12.60236      0.93707      0.48840      0.44867
    -12.59236      0.82085      0.40637      0.41448
    -12.58236      0.91622      0.43419      0.48204
    -12.57236      0.96882      0.44963      0.51918
    -12.56236      0.89802      0.39179      0.50624
    -12.55236      1.02620      0.42781      0.59839
    -12.54236      1.24893      0.53216      0.71676
    -12.53236      1.17471      0.52162      0.65309
    -12.52236      1.06792      0.48401      0.58391
    -12.51236      1.19040      0.51115      0.67925
    -12.50236      1.08821      0.44721      0.64100
    -12.49236      0.87384      0.38699      0.48685
    -12.48236      0.95359      0.47340      0.48019
    -12.47236      1.08571      0.56593      0.51978
    -12.46236      1.16812      0.61400      0.55412
    -12.45236      1.28398      0.65471      0.62927
    -12.44236      1.18173      0.59586      0.58587
    -12.43236      0.84751      0.42658      0.42093
    -12.42236      0.70264      0.35978      0.34286
    -12.41236      0.95699      0.48529      0.47170
    -12.40236      1.27414      0.60533      0.66881
    -12.39236      1.23687      0.55858      0.67829
    -12.38236      1.11973      0.50820      0.61154
    -12.37236      1.13065      0.52617      0.60448
    -12.36236      1.28030      0.59246      0.68785
    -12.35236      1.43287      0.65824      0.77470
    -12.34236      1.35046      0.61384      0.73700
    -12.33236      0.94484      0.41849      0.52705
    -12.32236      0.59557      0.25777      0.33828
    -12.31236      0.79984      0.34134      0.45862
    -12.30236      1.31427      0.56130      0.75298
    -12.29236      1.55434      0.67156      0.88279
    -12.28236      1.29273      0.55954      0.73319
    -12.27236      0.90962      0.40864      0.50098
    -12.26236      0.85761      0.39527      0.46235
    -12.25236      1.05581      0.45969      0.59624
    -12.24236      1.15427      0.46619      0.69003
    -12.23236      1.17461      0.46415      0.72124
    -12.22236      1.16712      0.46575      0.72342
    -12.21236      1.13960      0.44678      0.70942
    -12.20236      1.01422      0.38908      0.62974
    -12.19236      0.92176      0.36107      0.56115
    -12.18236      1.08130      0.45538      0.62594
    -12.17236      1.23985      0.55325      0.68660
    -12.16236      1.14698      0.52532      0.62165
    -12.15236      1.09826      0.50648      0.59177
    -12.14236      1.10908      0.48975      0.61933
    -12.13236      1.02748      0.42442      0.60306
    -12.12236      0.97131      0.39549      0.57582
    -12.11236      1.04259      0.43862      0.60397
    -12.10236      1.15169      0.48535      0.66634
    -12.09236      1.01287      0.42332      0.58955
    -12.08236      0.91488      0.39278      0.52211
    -12.07236      0.95166      0.39598      0.55568
    -12.06236      0.94037      0.35732      0.58305
    -12.05236      0.98676      0.37371      0.61305
    -12.04236      1.22972      0.50621      0.72351
    -12.03236      1.53390      0.65010      0.88379
    -12.02236      1.41279      0.60235      0.81044
    -12.01236      1.01276      0.45403      0.55873
    -12.00236      0.79283      0.35287      0.43996
    -11.99236      0.73799      0.29752      0.44047
    -11.98236      0.84108      0.33953      0.50155
    -11.97236      1.06259      0.45543      0.60716
    -11.96236      1.14388      0.50373      0.64015
    -11.95236      1.02639      0.44714      0.57926
    -11.94236      1.01386      0.42586      0.58800
    -11.93236      1.12892      0.46444      0.66447
    -11.92236      1.15172      0.47372      0.67800
    -11.91236      0.96634      0.39166      0.57468
    -11.90236      0.86765      0.33907      0.52857
    -11.89236      0.91984      0.35889      0.56095
    -11.88236      0.89076      0.36433      0.52643
    -11.87236      0.90557      0.39406      0.51151
    -11.86236      1.03840      0.47706      0.56135
    -11.85236      1.35503      0.62836      0.72667
    -11.84236      1.67471      0.72917      0.94554
    -11.83236      1.69182      0.69734      0.99447
    -11.82236      1.55347      0.63313      0.92034
    -11.81236      1.46187      0.57159      0.89028
    -11.80236      1.44109      0.52657      0.91452
    -11.79236      1.43096      0.50060      0.93036
    -11.78236      1.20399      0.42929      0.77469
    -11.77236      1.10669      0.43488      0.67181
    -11.76236      1.17216      0.48174      0.69043
    -11.75236      1.06131      0.43110      0.63021
    -11.74236      0.93961      0.37409      0.56552
    -11.73236      0.88080      0.34194      0.53886
    -11.72236      0.89328      0.33686      0.55642
    -11.71236      0.97850      0.36593      0.61257
    -11.70236      1.03644      0.38874      0.64770
    -11.69236      0.91845      0.36195      0.55650
    -11.68236      0.91229      0.37734      0.53496
    -11.67236      1.13871      0.45957      0.67931
    -11.66236      1.36601      0.53188      0.83645
    -11.65236      1.39694      0.52486      0.88368
    -11.64236      1.07665      0.39994      0.69808
    -11.63236      0.77280      0.30258      0.48471
    -11.62236      0.84884      0.34691      0.50554
    -11.61236      1.18745      0.47782      0.70996
    -11.60236      1.32718      0.51801      0.80919
    -11.59236      1.24875      0.47722      0.77153
    -11.58236      1.31556      0.50508      0.81049
    -11.57236      1.35240      0.52389      0.82851
    -11.56236      1.21199      0.47524      0.73675
    -11.55236      1.20049      0.48532      0.71517
    -11.54236      1.46580      0.64178      0.82402
    -11.53236      1.58585      0.74081      0.84504
    -11.52236      1.43560      0.66229      0.77331
    -11.51236      1.35989      0.59249      0.76740
    -11.50236      1.41181      0.58684      0.82497
    -11.49236      1.60177      0.64912      0.95265
    -11.48236      1.73619      0.71071      1.02547
    -11.47236      1.72876      0.71759      1.01116
    -11.46236      1.67774      0.68166      0.99607
    -11.45236      1.61970      0.62585      0.99385
    -11.44236      1.40241      0.53060      0.87181
    -11.43236      1.26746      0.47798      0.78948
    -11.42236      1.27401      0.47600      0.79801
    -11.41236      1.24807      0.48637      0.76170
    -11.40236      1.29568      0.54091      0.75477
    -11.39236      1.46887      0.62411      0.84476
    -11.38236      1.53064      0.65031      0.88034
    -11.37236      1.45465      0.61304      0.84161
    -11.36236      1.56171      0.63755      0.92416
    -11.35236      1.80353      0.73506      1.06847
    -11.34236      1.75484      0.72976      1.02508
    -11.33236      1.58318      0.65849      0.92468
    -11.32236      1.39313      0.57107      0.82206
    -11.31236      1.13380      0.46509      0.66871
    -11.30236      1.00583      0.42087      0.58496
    -11.29236      1.08957      0.45488      0.63470
    -11.28236      1.26280      0.51500      0.74780
    -11.27236      1.42187      0.56255      0.85933
    -11.26236      1.36365      0.52877      0.83489
    -11.25236      1.16262      0.45435      0.70870
    -11.24236      1.05413      0.42618      0.63186
    -11.23236      1.27600      0.51106      0.77819
    -11.22236      1.36999      0.53447      0.85205
    -11.21236      1.05301      0.41215      0.64846
    -11.20236      0.84128      0.33804      0.50453
    -11.19236      0.88243      0.34322      0.53928
    -11.18236      1.06723      0.40542      0.66181
    -11.17236      1.27884      0.49539      0.78345
    -11.16236      1.48792      0.56757      0.92035
    -11.15236      1.42525      0.52828      0.89697
    -11.14236      1.07850      0.40958      0.66892
    -11.13236      0.87156      0.34764      0.52392
    -11.12236      0.87299      0.35254      0.52045
    -11.11236      1.01517      0.41002      0.60516
    -11.10236      1.10387      0.45238      0.65149
    -11.09236      1.06403      0.46409      0.59994
    -11.08236      1.31010      0.60789      0.70220
    -11.07236      1.72335      0.79763      0.92572
    -11.06236      1.74932      0.79369      0.95563
    -11.05236      1.31703      0.58120      0.73583
    -11.04236      0.99127      0.43459      0.55667
    -11.03236      1.03084      0.46199      0.56886
    -11.02236      1.06864      0.45743      0.61161
    -11.01236      1.02910      0.40287      0.63005
    -11.00236      1.02751      0.37969      0.66152
    -10.99236      1.08901      0.41208      0.69501
    -10.98236      1.15277      0.47069      0.69085
    -10.97236      1.13544      0.49214      0.64487
    -10.96236      1.02308      0.45516      0.56802
    -10.95236      0.85615      0.37889      0.47727
    -10.94236      0.81602      0.34913      0.46689
    -10.93236      0.97664      0.40775      0.56891
    -10.92236      1.08213      0.44748      0.63498
    -10.91236      1.00199      0.41800      0.58613
    -10.90236      1.04109      0.46331      0.58300
    -10.89236      1.09482      0.49347      0.60605
    -10.88236      1.16195      0.50045      0.66306
    -10.87236      1.34519      0.54906      0.79632
    -10.86236      1.47627      0.58294      0.89334
    -10.85236      1.42451      0.57934      0.84517
    -10.84236      1.20453      0.51467      0.68986
    -10.83236      1.04297      0.43905      0.60392
    -10.82236      1.10980      0.45277      0.65703
    -10.81236      1.25560      0.51688      0.73872
    -10.80236      1.29872      0.52826      0.77046
    -10.79236      1.17089      0.48190      0.68899
    -10.78236      0.94298      0.41230      0.53069
    -10.77236      0.70231      0.30883      0.39348
    -10.76236      0.51836      0.21840      0.29996
    -10.75236      0.60789      0.25411      0.35378
    -10.74236      0.80748      0.33563      0.47185
    -10.73236      0.97612      0.39620      0.57992
    -10.72236      0.94259      0.36935      0.57324
    -10.71236      0.92130      0.34574      0.57556
    -10.70236      1.19849      0.46556      0.73293
    -10.69236      1.50333      0.61747      0.88586
    -10.68236      1.38467      0.58055      0.80412
    -10.67236      1.16898      0.48225      0.68673
    -10.66236      1.08486      0.41872      0.66613
    -10.65236      0.94574      0.34290      0.60285
    -10.64236      0.82152      0.30098      0.52054
    -10.63236      1.00259      0.39232      0.61027
    -10.62236      1.11692      0.44469      0.67223
    -10.61236      0.83434      0.33979      0.49457
    -10.60236      0.63383      0.26974      0.36446
    -10.59236      0.69609      0.28349      0.41556
    -10.58236      0.76406      0.28475      0.48795
    -10.57236      0.76265      0.28223      0.48971
    -10.56236      0.79965      0.31202      0.49130
    -10.55236      0.97860      0.39365      0.58548
    -10.54236      1.15083      0.48531      0.66555
    -10.53236      1.05452      0.45433      0.60019
    -10.52236      0.81255      0.34188      0.47067
    -10.51236      0.69478      0.29400      0.40078
    -10.50236      0.65649      0.28960      0.36689
    -10.49236      0.63766      0.27981      0.35785
    -10.48236      0.69446      0.29254      0.40193
    -10.47236      0.95649      0.39625      0.56024
    -10.46236      1.16339      0.48577      0.67762
    -10.45236      1.07434      0.44559      0.62875
    -10.44236      0.94994      0.37780      0.57214
    -10.43236      0.96937      0.38841      0.58102
    -10.42236      1.04301      0.42624      0.61763
    -10.41236      1.15238      0.43336      0.72382
    -10.40236      1.19515      0.41346      0.79151
    -10.39236      1.25478      0.43671      0.82545
    -10.38236      1.32419      0.48412      0.84211
    -10.37236      1.03315      0.39635      0.63702
    -10.36236      0.74326      0.30652      0.43674
    -10.35236      0.72311      0.30423      0.41887
    -10.34236      0.77518      0.32797      0.44721
    -10.33236      0.75994      0.31884      0.44111
    -10.32236      0.65323      0.25683      0.39641
    -10.31236      0.52351      0.19373      0.32979
    -10.30236      0.53269      0.19483      0.33785
    -10.29236      0.71830      0.27455      0.44375
    -10.28236      0.81591      0.33844      0.47747
    -10.27236      0.75375      0.35782      0.39594
    -10.26236      0.67063      0.35554      0.31509
    -10.25236      0.61670      0.31443      0.30227
    -10.24236      0.68317      0.30650      0.37667
    -10.23236      0.66771      0.27820      0.38951
    -10.22236      0.57559      0.23602      0.33958
    -10.21236      0.63077      0.26206      0.36871
    -10.20236      0.61569      0.24848      0.36721
    -10.19236      0.55532      0.21386      0.34145
    -10.18236      0.65413      0.26012      0.39400
    -10.17236      0.82746      0.35251      0.47496
    -10.16236      0.76402      0.33613      0.42789
    -10.15236      0.52186      0.21867      0.30319
    -10.14236      0.33261      0.12933      0.20328
    -10.13236      0.20192      0.07722      0.12470
    -10.12236      0.18872      0.07579      0.11293
    -10.11236      0.22729      0.09979      0.12750
    -10.10236      0.26963      0.12092      0.14872
    -10.09236      0.29446      0.12649      0.16797
    -10.08236      0.45294      0.18997      0.26297
    -10.07236      0.65882      0.27417      0.38465
    -10.06236      0.66182      0.28205      0.37977
    -10.05236      0.66513      0.29210      0.37302
    -10.04236      0.52837      0.22533      0.30304
    -10.03236      0.36206      0.14885      0.21321
    -10.02236      0.29081      0.11884      0.17197
    -10.01236      0.25516      0.10756      0.14760
    -10.00236      0.33972      0.14246      0.19726
     -9.99236      0.37688      0.14725      0.22963
     -9.98236      0.35742      0.12645      0.23097
     -9.97236      0.55821      0.19123      0.36698
     -9.96236      0.76101      0.27294      0.48807
     -9.95236      0.64315      0.25584      0.38731
     -9.94236      0.40434      0.17854      0.22579
     -9.93236      0.26812      0.11298      0.15514
     -9.92236      0.27682      0.10383      0.17299
     -9.91236      0.30058      0.12037      0.18021
     -9.90236      0.33689      0.15869      0.17820
     -9.89236      0.32384      0.16174      0.16210
     -9.88236      0.28479      0.13166      0.15313
     -9.87236      0.40092      0.17678      0.22414
     -9.86236      0.45262      0.20043      0.25219
     -9.85236      0.28760      0.12693      0.16067
     -9.84236      0.15637      0.06867      0.08771
     -9.83236      0.13033      0.05430      0.07604
     -9.82236      0.13441      0.05570      0.07871
     -9.81236      0.11586      0.04967      0.06619
     -9.80236      0.12916      0.05405      0.07511
     -9.79236      0.23166      0.09366      0.13800
     -9.78236      0.27320      0.10532      0.16787
     -9.77236      0.23482      0.08467      0.15015
     -9.76236      0.25771      0.09597      0.16175
     -9.75236      0.26452      0.10262      0.16190
     -9.74236      0.19426      0.08031      0.11394
     -9.73236      0.14395      0.06258      0.08137
     -9.72236      0.12230      0.05645      0.06585
     -9.71236      0.17824      0.08882      0.08942
     -9.70236      0.26651      0.12623      0.14028
     -9.69236      0.33821      0.14494      0.19326
     -9.68236      0.29919      0.12124      0.17795
     -9.67236      0.18729      0.08170      0.10559
     -9.66236      0.14605      0.08729      0.05876
     -9.65236      0.15724      0.10517      0.05207
     -9.64236      0.12672      0.07762      0.04910
     -9.63236      0.10757      0.05477      0.05280
     -9.62236      0.12497      0.06704      0.05794
     -9.61236      0.16814      0.10647      0.06166
     -9.60236      0.18875      0.11515      0.07360
     -9.59236      0.25916      0.11849      0.14068
     -9.58236      0.40073      0.17414      0.22659
     -9.57236      0.44719      0.21145      0.23574
     -9.56236      0.41579      0.20921      0.20658
     -9.55236      0.29376      0.14465      0.14911
     -9.54236      0.25250      0.10756      0.14493
     -9.53236      0.38493      0.15166      0.23327
     -9.52236      0.51906      0.20355      0.31551
     -9.51236      0.52249      0.21150      0.31099
     -9.50236      0.37562      0.15411      0.22150
     -9.49236      0.23790      0.09153      0.14637
     -9.48236      0.17401      0.06161      0.11240
     -9.47236      0.11403      0.04239      0.07165
     -9.46236      0.19391      0.08306      0.11084
     -9.45236      0.47120      0.19824      0.27296
     -9.44236      0.64737      0.27454      0.37284
     -9.43236      0.59324      0.27719      0.31605
     -9.42236      0.43161      0.22227      0.20934
     -9.41236      0.31823      0.15043      0.16780
     -9.40236      0.32903      0.14310      0.18593
     -9.39236      0.42711      0.21170      0.21541
     -9.38236      0.53001      0.29548      0.23453
     -9.37236      0.50028      0.29151      0.20876
     -9.36236      0.37074      0.21289      0.15785
     -9.35236      0.30346      0.15806      0.14541
     -9.34236      0.35209      0.14751      0.20457
     -9.33236      0.42898      0.16866      0.26032
     -9.32236      0.38360      0.15898      0.22463
     -9.31236      0.29405      0.13062      0.16343
     -9.30236      0.33432      0.15562      0.17870
     -9.29236      0.31972      0.15305      0.16668
     -9.28236      0.30131      0.15498      0.14634
     -9.27236      0.48300      0.25677      0.22623
     -9.26236      0.61462      0.31995      0.29466
     -9.25236      0.52110      0.26926      0.25184
     -9.24236      0.41140      0.21958      0.19182
     -9.23236      0.33345      0.17348      0.15997
     -9.22236      0.28882      0.12796      0.16086
     -9.21236      0.22500      0.09340      0.13160
     -9.20236      0.16154      0.07291      0.08863
     -9.19236      0.14656      0.07572      0.07084
     -9.18236      0.12408      0.07368      0.05040
     -9.17236      0.08224      0.05038      0.03187
     -9.16236      0.08073      0.04005      0.04068
     -9.15236      0.13014      0.05734      0.07280
     -9.14236      0.14990      0.06226      0.08764
     -9.13236      0.15113      0.06837      0.08276
     -9.12236      0.21297      0.11808      0.09488
     -9.11236      0.28775      0.16748      0.12028
     -9.10236      0.31430      0.17381      0.14049
     -9.09236      0.34443      0.16826      0.17618
     -9.08236      0.32006      0.14597      0.17408
     -9.07236      0.27455      0.13084      0.14371
     -9.06236      0.30334      0.16564      0.13773
     -9.05236      0.42754      0.24005      0.18771
     -9.04236      0.42586      0.21588      0.21071
     -9.03236      0.33647      0.15715      0.18021
     -9.02236      0.31231      0.15835      0.15436
     -9.01236      0.34082      0.16554      0.17534
     -9.00236      0.39818      0.18490      0.21328
     -8.99236      0.40362      0.18306      0.22056
     -8.98236      0.38814      0.16374      0.22440
     -8.97236      0.38429      0.16253      0.22175
     -8.96236      0.35533      0.16157      0.19376
     -8.95236      0.28286      0.13618      0.14668
     -8.94236      0.26718      0.13931      0.12788
     -8.93236      0.37174      0.20124      0.17050
     -8.92236      0.38090      0.21673      0.16417
     -8.91236      0.21099      0.12736      0.08364
     -8.90236      0.07201      0.03927      0.03275
     -8.89236      0.10781      0.03334      0.07447
     -8.88236      0.25688      0.08732      0.16957
     -8.87236      0.33165      0.14266      0.18911
     -8.86236      0.31454      0.17486      0.14068
     -8.85236      0.33715      0.20625      0.13383
     -8.84236      0.33845      0.18119      0.16041
     -8.83236      0.25802      0.10632      0.15294
     -8.82236      0.20371      0.07072      0.13317
     -8.81236      0.13484      0.04669      0.08816
     -8.80236      0.06651      0.02363      0.04288
     -8.79236      0.10002      0.04254      0.05748
     -8.78236      0.24774      0.13532      0.11242
     -8.77236      0.41095      0.25233      0.15862
     -8.76236      0.36679      0.22331      0.14348
     -8.75236      0.25820      0.13740      0.12080
     -8.74236      0.18018      0.09073      0.08945
     -8.73236      0.06968      0.03643      0.03325
     -8.72236      0.03785      0.01932      0.01853
     -8.71236      0.17017      0.09485      0.07532
     -8.70236      0.48850      0.28373      0.20476
     -8.69236      0.69463      0.37951      0.31512
     -8.68236      0.58148      0.27444      0.30704
     -8.67236      0.35659      0.16799      0.18861
     -8.66236      0.21246      0.12028      0.09218
     -8.65236      0.18517      0.10295      0.08221
     -8.64236      0.16474      0.08837      0.07637
     -8.63236      0.12871      0.07624      0.05248
     -8.62236      0.19337      0.10911      0.08426
     -8.61236      0.33458      0.16782      0.16675
     -8.60236      0.40021      0.19430      0.20591
     -8.59236      0.31247      0.15285      0.15963
     -8.58236      0.18860      0.09530      0.09330
     -8.57236      0.19719      0.10659      0.09060
     -8.56236      0.35286      0.21251      0.14035
     -8.55236      0.47357      0.30834      0.16523
     -8.54236      0.39073      0.25306      0.13767
     -8.53236      0.28218      0.15456      0.12762
     -8.52236      0.30719      0.15515      0.15204
     -8.51236      0.30944      0.15751      0.15193
     -8.50236      0.28556      0.15161      0.13395
     -8.49236      0.35305      0.23267      0.12038
     -8.48236      0.38958      0.27173      0.11784
     -8.47236      0.38018      0.23445      0.14574
     -8.46236      0.46743      0.26681      0.20063
     -8.45236      0.45929      0.26354      0.19576
     -8.44236      0.26972      0.15286      0.11686
     -8.43236      0.15167      0.09260      0.05907
     -8.42236      0.20252      0.13205      0.07047
     -8.41236      0.31544      0.19890      0.11654
     -8.40236      0.43426      0.26906      0.16520
     -8.39236      0.44069      0.27626      0.16444
     -8.38236      0.41106      0.24037      0.17069
     -8.37236      0.43671      0.22150      0.21521
     -8.36236      0.33832      0.16266      0.17566
     -8.35236      0.20209      0.10013      0.10196
     -8.34236      0.14188      0.07547      0.06640
     -8.33236      0.13735      0.08610      0.05124
     -8.32236      0.15951      0.10624      0.05327
     -8.31236      0.19227      0.12867      0.06359
     -8.30236      0.29551      0.20176      0.09375
     -8.29236      0.45020      0.30421      0.14600
     -8.28236      0.61709      0.40922      0.20786
     -8.27236      0.78843      0.51384      0.27458
     -8.26236      0.82894      0.52354      0.30540
     -8.25236      0.63910      0.38093      0.25817
     -8.24236      0.45709      0.24111      0.21598
     -8.23236      0.45151      0.22013      0.23147
     -8.22236      0.58970      0.32861      0.26236
     -8.21236      0.73813      0.44454      0.30099
     -8.20236      0.75364      0.43338      0.33615
     -8.19236      0.62834      0.36499      0.27589
     -8.18236      0.46012      0.29280      0.17096
     -8.17236      0.35401      0.22697      0.12743
     -8.16236      0.32276      0.19339      0.12938
     -8.15236      0.39447      0.24132      0.15315
     -8.14236      0.52984      0.33141      0.19843
     -8.13236      0.48090      0.29965      0.18125
     -8.12236      0.25098      0.15724      0.09374
     -8.11236      0.15788      0.10120      0.05669
     -8.10236      0.24422      0.15953      0.08469
     -8.09236      0.29301      0.19058      0.10243
     -8.08236      0.42345      0.26882      0.15463
     -8.07236      0.73254      0.46965      0.26289
     -8.06236      0.84883      0.55507      0.29376
     -8.05236      0.62580      0.42049      0.20531
     -8.04236      0.46112      0.31254      0.14857
     -8.03236      0.56430      0.36729      0.19702
     -8.02236      0.67786      0.42934      0.24853
     -8.01236      0.63593      0.38597      0.24995
     -8.00236      0.52215      0.29516      0.22699
     -7.99236      0.45128      0.26124      0.19004
     -7.98236      0.48862      0.30261      0.18602
     -7.97236      0.53785      0.32921      0.20864
     -7.96236      0.60169      0.36285      0.23884
     -7.95236      0.73407      0.44174      0.29233
     -7.94236      0.77256      0.44744      0.32512
     -7.93236      0.71859      0.41364      0.30495
     -7.92236      0.78678      0.49164      0.29514
     -7.91236      0.90723      0.60174      0.30549
     -7.90236      1.02239      0.67954      0.34285
     -7.89236      1.05965      0.68177      0.37787
     -7.88236      0.88745      0.55614      0.33132
     -7.87236      0.83965      0.52803      0.31163
     -7.86236      0.98929      0.64274      0.34662
     -7.85236      0.97659      0.64584      0.33199
     -7.84236      0.86393      0.54648      0.32607
     -7.83236      0.79570      0.45641      0.36117
     -7.82236      0.65995      0.34550      0.33490
     -7.81236      0.54442      0.29122      0.26023
     -7.80236      0.54466      0.33837      0.20718
     -7.79236      0.54088      0.37119      0.16973
     -7.78236      0.53066      0.36974      0.16092
     -7.77236      0.57808      0.38650      0.19157
     -7.76236      0.70949      0.47599      0.23350
     -7.75236      0.78888      0.54558      0.24330
     -7.74236      0.84632      0.59321      0.25311
     -7.73236      0.87206      0.61365      0.25842
     -7.72236      0.70314      0.49987      0.20327
     -7.71236      0.59069      0.41730      0.17339
     -7.70236      0.76968      0.51509      0.25459
     -7.69236      0.98511      0.62333      0.36177
     -7.68236      1.15426      0.72528      0.42898
     -7.67236      1.26368      0.81228      0.45140
     -7.66236      1.16159      0.74428      0.41731
     -7.65236      0.90346      0.59111      0.31235
     -7.64236      0.87411      0.60737      0.26674
     -7.63236      1.02062      0.72791      0.29271
     -7.62236      1.05155      0.74545      0.30610
     -7.61236      1.04979      0.69834      0.35144
     -7.60236      1.12757      0.69822      0.42935
     -7.59236      1.17564      0.72656      0.44908
     -7.58236      0.91865      0.57521      0.34345
     -7.57236      0.62255      0.39667      0.22589
     -7.56236      0.64565      0.41666      0.22899
     -7.55236      0.94274      0.60824      0.33450
     -7.54236      1.07322      0.70509      0.36813
     -7.53236      0.86925      0.57432      0.29492
     -7.52236      0.79536      0.51860      0.27676
     -7.51236      0.85014      0.54860      0.30154
     -7.50236      0.79217      0.50063      0.29154
     -7.49236      0.89009      0.55890      0.33120
     -7.48236      1.15324      0.74067      0.41258
     -7.47236      1.18623      0.77977      0.40646
     -7.46236      0.89315      0.59294      0.30021
     -7.45236      0.72826      0.45939      0.26887
     -7.44236      0.86308      0.52614      0.33693
     -7.43236      1.03086      0.65344      0.37741
     -7.42236      1.21175      0.79061      0.42115
     -7.41236      1.36060      0.90386      0.45673
     -7.40236      1.40828      0.95789      0.45039
     -7.39236      1.41638      0.97138      0.44500
     -7.38236      1.40070      0.95276      0.44794
     -7.37236      1.39648      0.94173      0.45475
     -7.36236      1.38496      0.90500      0.47996
     -7.35236      1.55263      0.96523      0.58741
     -7.34236      1.63739      1.00785      0.62954
     -7.33236      1.47874      0.93231      0.54643
     -7.32236      1.26350      0.82608      0.43742
     -7.31236      1.26504      0.86687      0.39817
     -7.30236      1.37261      0.94911      0.42351
     -7.29236      1.18144      0.78725      0.39419
     -7.28236      1.05605      0.65453      0.40152
     -7.27236      1.12230      0.69073      0.43157
     -7.26236      1.04962      0.67478      0.37484
     -7.25236      1.06642      0.72295      0.34348
     -7.24236      1.10405      0.77391      0.33014
     -7.23236      0.99563      0.70387      0.29176
     -7.22236      0.89803      0.62953      0.26850
     -7.21236      0.89975      0.62233      0.27742
     -7.20236      1.00424      0.68884      0.31541
     -7.19236      0.96458      0.66310      0.30148
     -7.18236      0.86081      0.59609      0.26472
     -7.17236      0.96556      0.66467      0.30089
     -7.16236      1.18219      0.79971      0.38247
     -7.15236      1.36738      0.91376      0.45363
     -7.14236      1.38776      0.91977      0.46799
     -7.13236      1.25742      0.83182      0.42560
     -7.12236      1.28702      0.85925      0.42777
     -7.11236      1.42773      0.94877      0.47896
     -7.10236      1.46240      0.97268      0.48972
     -7.09236      1.42467      0.96884      0.45584
     -7.08236      1.26897      0.88572      0.38325
     -7.07236      1.14485      0.81489      0.32996
     -7.06236      1.17946      0.83533      0.34413
     -7.05236      1.15885      0.79674      0.36212
     -7.04236      1.05927      0.71300      0.34627
     -7.03236      0.99456      0.67332      0.32124
     -7.02236      1.11263      0.75936      0.35328
     -7.01236      1.33091      0.91244      0.41847
     -7.00236      1.40351      0.96257      0.44094
     -6.99236      1.35483      0.92415      0.43068
     -6.98236      1.31550      0.89082      0.42468
     -6.97236      1.20483      0.80630      0.39853
     -6.96236      1.03534      0.68843      0.34690
     -6.95236      0.90290      0.60255      0.30035
     -6.94236      1.04850      0.70722      0.34128
     -6.93236      1.18217      0.80760      0.37457
     -6.92236      1.09056      0.73465      0.35591
     -6.91236      1.05761      0.67860      0.37901
     -6.90236      1.06522      0.64420      0.42102
     -6.89236      1.17703      0.69439      0.48263
     -6.88236      1.24287      0.76842      0.47445
     -6.87236      1.16044      0.75874      0.40170
     -6.86236      1.14827      0.78190      0.36637
     -6.85236      1.15164      0.80168      0.34996
     -6.84236      1.02778      0.70344      0.32434
     -6.83236      0.90265      0.59926      0.30339
     -6.82236      0.83471      0.54068      0.29402
     -6.81236      0.86749      0.54660      0.32089
     -6.80236      0.74053      0.46906      0.27147
     -6.79236      0.56074      0.36951      0.19123
     -6.78236      0.61613      0.41560      0.20053
     -6.77236      0.75300      0.52087      0.23213
     -6.76236      0.79497      0.55875      0.23621
     -6.75236      0.74374      0.51433      0.22941
     -6.74236      0.76423      0.52083      0.24340
     -6.73236      0.99036      0.66555      0.32481
     -6.72236      1.09083      0.72112      0.36971
     -6.71236      0.95239      0.62499      0.32739
     -6.70236      0.93571      0.61219      0.32352
     -6.69236      0.93923      0.61420      0.32502
     -6.68236      0.79766      0.52157      0.27610
     -6.67236      0.67940      0.44451      0.23489
     -6.66236      0.82879      0.53332      0.29548
     -6.65236      1.05704      0.67594      0.38110
     -6.64236      1.02905      0.67770      0.35135
     -6.63236      0.97059      0.66476      0.30583
     -6.62236      0.93833      0.65295      0.28538
     -6.61236      0.82618      0.57401      0.25217
     -6.60236      0.79890      0.55123      0.24767
     -6.59236      0.86864      0.59345      0.27519
     -6.58236      0.92184      0.62317      0.29867
     -6.57236      0.88167      0.59906      0.28261
     -6.56236      0.70957      0.47999      0.22959
     -6.55236      0.78790      0.52983      0.25808
     -6.54236      1.05968      0.71191      0.34777
     -6.53236      1.11355      0.74634      0.36721
     -6.52236      0.93644      0.63145      0.30499
     -6.51236      0.75029      0.49695      0.25334
     -6.50236      0.67542      0.43011      0.24531
     -6.49236      0.76909      0.47782      0.29128
     -6.48236      1.14316      0.73037      0.41279
     -6.47236      1.42465      0.94438      0.48027
     -6.46236      1.33754      0.90847      0.42907
     -6.45236      1.19177      0.81813      0.37364
     -6.44236      1.14454      0.77627      0.36828
     -6.43236      1.10491      0.75278      0.35213
     -6.42236      0.99370      0.68387      0.30983
     -6.41236      0.94282      0.62745      0.31537
     -6.40236      0.92483      0.61026      0.31457
     -6.39236      0.73324      0.49006      0.24318
     -6.38236      0.50908      0.34446      0.16463
     -6.37236      0.44926      0.30757      0.14169
     -6.36236      0.48548      0.32142      0.16405
     -6.35236      0.72272      0.46847      0.25425
     -6.34236      1.11661      0.73055      0.38607
     -6.33236      1.06626      0.69390      0.37236
     -6.32236      0.76187      0.48831      0.27356
     -6.31236      0.77407      0.49872      0.27535
     -6.30236      0.89940      0.57704      0.32236
     -6.29236      0.81116      0.51097      0.30019
     -6.28236      0.63996      0.39465      0.24531
     -6.27236      0.63531      0.38819      0.24712
     -6.26236      0.71162      0.43432      0.27731
     -6.25236      0.71220      0.43291      0.27928
     -6.24236      0.79947      0.48299      0.31649
     -6.23236      1.00875      0.60412      0.40463
     -6.22236      1.01281      0.61117      0.40163
     -6.21236      0.84950      0.52451      0.32499
     -6.20236      0.87163      0.54587      0.32576
     -6.19236      0.93878      0.58656      0.35221
     -6.18236      0.89255      0.55825      0.33430
     -6.17236      0.97221      0.61940      0.35281
     -6.16236      1.18895      0.76033      0.42862
     -6.15236      1.28554      0.83970      0.44584
     -6.14236      1.15113      0.77691      0.37422
     -6.13236      0.90170      0.61441      0.28729
     -6.12236      0.73674      0.50184      0.23491
     -6.11236      0.59533      0.40185      0.19348
     -6.10236      0.47405      0.31839      0.15566
     -6.09236      0.46722      0.31218      0.15504
     -6.08236      0.54426      0.34003      0.20424
     -6.07236      0.56440      0.33477      0.22963
     -6.06236      0.55010      0.33809      0.21201
     -6.05236      0.59346      0.37901      0.21445
     -6.04236      0.55095      0.35374      0.19731
     -6.03236      0.52885      0.34111      0.18909
     -6.02236      0.67571      0.43167      0.25063
     -6.01236      0.74787      0.45978      0.29987
     -6.00236      0.61500      0.36944      0.25332
     -5.99236      0.56347      0.34500      0.22035
     -5.98236      0.48379      0.30002      0.18393
     -5.97236      0.52249      0.32755      0.19495
     -5.96236      0.84751      0.53682      0.31070
     -5.95236      0.90769      0.58209      0.32559
     -5.94236      0.65715      0.43214      0.22501
     -5.93236      0.51457      0.35944      0.15513
     -5.92236      0.45681      0.33178      0.12503
     -5.91236      0.48466      0.33555      0.14910
     -5.90236      0.67410      0.42897      0.24513
     -5.89236      0.71542      0.43580      0.27962
     -5.88236      0.52791      0.32379      0.20412
     -5.87236      0.46156      0.29056      0.17100
     -5.86236      0.49168      0.30837      0.18331
     -5.85236      0.55574      0.34831      0.20743
     -5.84236      0.50931      0.32112      0.18820
     -5.83236      0.38909      0.23929      0.14979
     -5.82236      0.34994      0.20176      0.14818
     -5.81236      0.35253      0.19945      0.15307
     -5.80236      0.42912      0.25000      0.17912
     -5.79236      0.54169      0.32851      0.21318
     -5.78236      0.53508      0.34630      0.18877
     -5.77236      0.51755      0.34506      0.17249
     -5.76236      0.57295      0.36788      0.20507
     -5.75236      0.64369      0.39760      0.24609
     -5.74236      0.59594      0.36951      0.22643
     -5.73236      0.59589      0.39477      0.20112
     -5.72236      0.67094      0.46389      0.20705
     -5.71236      0.66341      0.47299      0.19043
     -5.70236      0.61869      0.43836      0.18035
     -5.69236      0.61601      0.40160      0.21466
     -5.68236      0.74547      0.42913      0.31764
     -5.67236      0.87072      0.46774      0.40549
     -5.66236      0.85862      0.49178      0.36921
     -5.65236      0.69331      0.42801      0.27094
     -5.64236      0.54647      0.32034      0.24248
     -5.63236      0.56786      0.31600      0.27071
     -5.62236      0.57837      0.34344      0.24294
     -5.61236      0.55781      0.34822      0.21085
     -5.60236      0.54127      0.33663      0.20471
     -5.59236      0.38835      0.24416      0.14419
     -5.58236      0.21519      0.13650      0.07869
     -5.57236      0.29104      0.17840      0.11264
     -5.56236      0.50961      0.31245      0.19716
     -5.55236      0.65455      0.40947      0.24508
     -5.54236      0.63066      0.39709      0.23357
     -5.53236      0.48388      0.29655      0.18733
     -5.52236      0.39326      0.23189      0.16137
     -5.51236      0.39196      0.23918      0.15278
     -5.50236      0.41655      0.26823      0.14832
     -5.49236      0.39368      0.25116      0.14252
     -5.48236      0.33224      0.19454      0.13770
     -5.47236      0.28872      0.15297      0.13575
     -5.46236      0.24678      0.13600      0.11078
     -5.45236      0.31359      0.18748      0.12611
     -5.44236      0.51110      0.28271      0.22839
     -5.43236      0.56869      0.30557      0.26313
     -5.42236      0.43664      0.26310      0.17354
     -5.41236      0.28758      0.19646      0.09113
     -5.40236      0.21250      0.14544      0.06706
     -5.39236      0.30056      0.19810      0.10246
     -5.38236      0.41131      0.27812      0.13318
     -5.37236      0.44874      0.31937      0.12937
     -5.36236      0.52040      0.37406      0.14634
     -5.35236      0.58474      0.41126      0.17347
     -5.34236      0.48448      0.33980      0.14468
     -5.33236      0.32919      0.22969      0.09950
     -5.32236      0.29101      0.19181      0.09920
     -5.31236      0.25128      0.14395      0.10733
     -5.30236      0.32101      0.16942      0.15159
     -5.29236      0.45796      0.26369      0.19427
     -5.28236      0.46863      0.30326      0.16538
     -5.27236      0.39563      0.26568      0.12995
     -5.26236      0.31899      0.19839      0.12062
     -5.25236      0.34840      0.19585      0.15279
     -5.24236      0.49265      0.26179      0.23270
     -5.23236      0.63207      0.32593      0.31126
     -5.22236      0.53596      0.27749      0.26372
     -5.21236      0.28197      0.15601      0.12794
     -5.20236      0.21625      0.13640      0.08012
     -5.19236      0.35256      0.22971      0.12286
     -5.18236      0.47977      0.30661      0.17317
     -5.17236      0.56254      0.35111      0.21166
     -5.16236      0.62134      0.39901      0.22426
     -5.15236      0.59698      0.41929      0.18369
     -5.14236      0.41630      0.31097      0.11220
     -5.13236      0.26294      0.18663      0.07920
     -5.12236      0.28872      0.18649      0.10268
     -5.11236      0.41412      0.25947      0.15468
     -5.10236      0.51610      0.31893      0.19717
     -5.09236      0.51227      0.31450      0.19778
     -5.08236      0.46936      0.29401      0.17535
     -5.07236      0.54844      0.35567      0.19278
     -5.06236      0.61049      0.38996      0.22053
     -5.05236      0.53167      0.31275      0.21892
     -5.04236      0.41014      0.23293      0.17721
     -5.03236      0.32770      0.20390      0.12380
     -5.02236      0.24725      0.15972      0.08752
     -5.01236      0.29147      0.18162      0.10984
     -5.00236      0.51845      0.31142      0.20703
     -4.99236      0.59710      0.34191      0.25519
     -4.98236      0.41094      0.22949      0.18145
     -4.97236      0.32187      0.18653      0.13534
     -4.96236      0.44649      0.25870      0.18779
     -4.95236      0.53569      0.32197      0.21372
     -4.94236      0.54212      0.33655      0.20557
     -4.93236      0.56514      0.34764      0.21749
     -4.92236      0.56648      0.34968      0.21679
     -4.91236      0.66962      0.41176      0.25786
     -4.90236      0.65271      0.39506      0.25765
     -4.89236      0.39051      0.23046      0.16005
     -4.88236      0.34369      0.19831      0.14538
     -4.87236      0.50645      0.29110      0.21535
     -4.86236      0.49501      0.28407      0.21094
     -4.85236      0.33136      0.18896      0.14240
     -4.84236      0.25351      0.15033      0.10318
     -4.83236      0.43660      0.27465      0.16195
     -4.82236      0.52848      0.33668      0.19180
     -4.81236      0.39616      0.25073      0.14543
     -4.80236      0.48216      0.29858      0.18357
     -4.79236      0.67265      0.41025      0.26241
     -4.78236      0.68697      0.40840      0.27857
     -4.77236      0.53874      0.31619      0.22255
     -4.76236      0.47161      0.28155      0.19006
     -4.75236      0.62154      0.37174      0.24981
     -4.74236      0.55666      0.32828      0.22838
     -4.73236      0.35126      0.19763      0.15364
     -4.72236      0.31893      0.17196      0.14696
     -4.71236      0.34436      0.20168      0.14269
     -4.70236      0.44030      0.27881      0.16149
     -4.69236      0.51632      0.32656      0.18976
     -4.68236      0.43847      0.27221      0.16626
     -4.67236      0.37555      0.21881      0.15674
