Energy-E_F (eV)    DOS (1/eV)    PDOS (1/eV)  of atom type C  Si 
     -6.42469      0.21278      0.09778      0.11501
     -6.41469      0.20849      0.09723      0.11125
     -6.40469      0.32585      0.15711      0.16874
     -6.39469      0.46103      0.22566      0.23537
     -6.38469      0.45243      0.22150      0.23093
     -6.37469      0.29028      0.14066      0.14962
     -6.36469      0.15791      0.07426      0.08365
     -6.35469      0.12067      0.05510      0.06557
     -6.34469      0.15625      0.07409      0.08216
     -6.33469      0.26433      0.12894      0.13540
     -6.32469      0.29909      0.14661      0.15248
     -6.31469      0.33930      0.16426      0.17504
     -6.30469      0.56063      0.26824      0.29239
     -6.29469      0.61879      0.29523      0.32356
     -6.28469      0.42870      0.20153      0.22717
     -6.27469      0.35031      0.15940      0.19091
     -6.26469      0.38037      0.17458      0.20579
     -6.25469      0.42384      0.20287      0.22097
     -6.24469      0.49206      0.24050      0.25156
     -6.23469      0.42239      0.20527      0.21712
     -6.22469      0.26416      0.12880      0.13536
     -6.21469      0.20277      0.10086      0.10191
     -6.20469      0.18438      0.09140      0.09298
     -6.19469      0.19526      0.09455      0.10071
     -6.18469      0.22356      0.10773      0.11582
     -6.17469      0.26210      0.12954      0.13256
     -6.16469      0.25924      0.13128      0.12796
     -6.15469      0.25530      0.12816      0.12713
     -6.14469      0.34079      0.16371      0.17709
     -6.13469      0.37931      0.17887      0.20044
     -6.12469      0.29706      0.14149      0.15557
     -6.11469      0.19569      0.09602      0.09967
     -6.10469      0.12966      0.06504      0.06462
     -6.09469      0.12190      0.06090      0.06100
     -6.08469      0.11820      0.05766      0.06054
     -6.07469      0.12946      0.06040      0.06906
     -6.06469      0.19589      0.08993      0.10597
     -6.05469      0.30913      0.14526      0.16387
     -6.04469      0.42203      0.20346      0.21857
     -6.03469      0.39625      0.19315      0.20310
     -6.02469      0.29386      0.14371      0.15015
     -6.01469      0.33227      0.16191      0.17036
     -6.00469      0.47679      0.23180      0.24499
     -5.99469      0.48946      0.23870      0.25076
     -5.98469      0.39455      0.19349      0.20106
     -5.97469      0.31588      0.15681      0.15907
     -5.96469      0.29233      0.14685      0.14548
     -5.95469      0.28347      0.14321      0.14026
     -5.94469      0.26327      0.13400      0.12927
     -5.93469      0.19295      0.09888      0.09407
     -5.92469      0.14631      0.07309      0.07323
     -5.91469      0.23932      0.11360      0.12572
     -5.90469      0.39304      0.18439      0.20865
     -5.89469      0.37608      0.17709      0.19900
     -5.88469      0.24732      0.11934      0.12799
     -5.87469      0.23675      0.11656      0.12019
     -5.86469      0.32525      0.15772      0.16753
     -5.85469      0.37627      0.18087      0.19540
     -5.84469      0.33029      0.16035      0.16994
     -5.83469      0.26594      0.13048      0.13546
     -5.82469      0.25690      0.12633      0.13058
     -5.81469      0.25267      0.12646      0.12620
     -5.80469      0.19373      0.09853      0.09520
     -5.79469      0.10271      0.05205      0.05066
     -5.78469      0.12719      0.06157      0.06562
     -5.77469      0.36047      0.17360      0.18687
     -5.76469      0.58960      0.28606      0.30354
     -5.75469      0.56955      0.27800      0.29156
     -5.74469      0.36386      0.17811      0.18575
     -5.73469      0.26435      0.13096      0.13339
     -5.72469      0.40752      0.20288      0.20464
     -5.71469      0.55508      0.27447      0.28061
     -5.70469      0.50936      0.24977      0.25959
     -5.69469      0.31487      0.15365      0.16122
     -5.68469      0.18674      0.09087      0.09586
     -5.67469      0.19046      0.09400      0.09646
     -5.66469      0.25472      0.12806      0.12666
     -5.65469      0.29000      0.14492      0.14508
     -5.64469      0.31143      0.15301      0.15842
     -5.63469      0.27120      0.13243      0.13877
     -5.62469      0.24802      0.12023      0.12779
     -5.61469      0.20223      0.09655      0.10567
     -5.60469      0.11562      0.05523      0.06039
     -5.59469      0.15783      0.07844      0.07938
     -5.58469      0.29573      0.14946      0.14627
     -5.57469      0.38397      0.19639      0.18757
     -5.56469      0.36168      0.18570      0.17598
     -5.55469      0.28353      0.14344      0.14009
     -5.54469      0.30976      0.15508      0.15467
     -5.53469      0.35141      0.17725      0.17416
     -5.52469      0.42252      0.21253      0.20999
     -5.51469      0.50503      0.25385      0.25118
     -5.50469      0.41947      0.21006      0.20941
     -5.49469      0.29885      0.14637      0.15248
     -5.48469      0.32475      0.15878      0.16597
     -5.47469      0.35264      0.17345      0.17919
     -5.46469      0.26963      0.13132      0.13831
     -5.45469      0.25576      0.12466      0.13111
     -5.44469      0.30203      0.15014      0.15188
     -5.43469      0.22145      0.11262      0.10883
     -5.42469      0.16205      0.08493      0.07712
     -5.41469      0.17294      0.09115      0.08179
     -5.40469      0.20279      0.10510      0.09769
     -5.39469      0.29425      0.14929      0.14496
     -5.38469      0.40689      0.20284      0.20405
     -5.37469      0.42781      0.21072      0.21709
     -5.36469      0.29999      0.14652      0.15346
     -5.35469      0.24951      0.12161      0.12790
     -5.34469      0.25906      0.12746      0.13159
     -5.33469      0.26800      0.13387      0.13413
     -5.32469      0.25334      0.12786      0.12548
     -5.31469      0.24830      0.12786      0.12045
     -5.30469      0.25449      0.13146      0.12303
     -5.29469      0.20200      0.10024      0.10176
     -5.28469      0.14672      0.06940      0.07732
     -5.27469      0.12014      0.05864      0.06150
     -5.26469      0.15744      0.08150      0.07594
     -5.25469      0.25357      0.13149      0.12208
     -5.24469      0.40644      0.20718      0.19927
     -5.23469      0.58362      0.29242      0.29121
     -5.22469      0.66582      0.32747      0.33835
     -5.21469      0.55458      0.26879      0.28579
     -5.20469      0.32654      0.15926      0.16728
     -5.19469      0.17480      0.08855      0.08625
     -5.18469      0.15295      0.07884      0.07411
     -5.17469      0.19441      0.09899      0.09542
     -5.16469      0.26309      0.13212      0.13098
     -5.15469      0.34988      0.17497      0.17491
     -5.14469      0.34982      0.17439      0.17543
     -5.13469      0.30543      0.15294      0.15248
     -5.12469      0.30082      0.15357      0.14725
     -5.11469      0.32988      0.17064      0.15924
     -5.10469      0.33437      0.17313      0.16125
     -5.09469      0.37660      0.19234      0.18426
     -5.08469      0.46831      0.23832      0.22998
     -5.07469      0.46458      0.23552      0.22906
     -5.06469      0.40859      0.20203      0.20656
     -5.05469      0.33262      0.16077      0.17185
     -5.04469      0.22554      0.10810      0.11745
     -5.03469      0.14178      0.06920      0.07258
     -5.02469      0.16931      0.08704      0.08227
     -5.01469      0.29612      0.15193      0.14419
     -5.00469      0.37792      0.19136      0.18656
     -4.99469      0.39962      0.20113      0.19849
     -4.98469      0.37997      0.19133      0.18864
     -4.97469      0.29623      0.14967      0.14656
     -4.96469      0.23866      0.12054      0.11812
     -4.95469      0.22019      0.11023      0.10996
     -4.94469      0.18480      0.09238      0.09242
     -4.93469      0.26613      0.13439      0.13174
     -4.92469      0.42842      0.21715      0.21127
     -4.91469      0.44947      0.22695      0.22251
     -4.90469      0.34198      0.17251      0.16947
     -4.89469      0.29270      0.15106      0.14163
     -4.88469      0.28009      0.14655      0.13354
     -4.87469      0.23095      0.11857      0.11237
     -4.86469      0.18704      0.09227      0.09478
     -4.85469      0.13044      0.06290      0.06755
     -4.84469      0.11886      0.05873      0.06013
     -4.83469      0.29123      0.14738      0.14385
     -4.82469      0.51920      0.26399      0.25521
     -4.81469      0.47461      0.24207      0.23254
     -4.80469      0.27178      0.14016      0.13162
     -4.79469      0.23226      0.12157      0.11069
     -4.78469      0.33404      0.17317      0.16087
     -4.77469      0.41289      0.21187      0.20102
     -4.76469      0.41246      0.20985      0.20261
     -4.75469      0.48102      0.24456      0.23646
     -4.74469      0.49077      0.25112      0.23965
     -4.73469      0.36388      0.18602      0.17786
     -4.72469      0.27611      0.13930      0.13681
     -4.71469      0.25925      0.13090      0.12834
     -4.70469      0.34075      0.17564      0.16511
     -4.69469      0.46208      0.24186      0.22022
     -4.68469      0.49074      0.25931      0.23143
     -4.67469      0.39247      0.20868      0.18380
     -4.66469      0.26119      0.13959      0.12160
     -4.65469      0.17979      0.09611      0.08368
     -4.64469      0.21768      0.11480      0.10288
     -4.63469      0.28588      0.14779      0.13809
     -4.62469      0.29309      0.14797      0.14513
     -4.61469      0.33627      0.16802      0.16826
     -4.60469      0.32156      0.16126      0.16031
     -4.59469      0.29389      0.14857      0.14532
     -4.58469      0.32517      0.16416      0.16101
     -4.57469      0.33141      0.16695      0.16446
     -4.56469      0.26232      0.13333      0.12899
     -4.55469      0.18114      0.09358      0.08756
     -4.54469      0.24227      0.12290      0.11937
     -4.53469      0.41477      0.20811      0.20665
     -4.52469      0.50932      0.25652      0.25280
     -4.51469      0.47896      0.24162      0.23734
     -4.50469      0.31190      0.15670      0.15520
     -4.49469      0.21354      0.10814      0.10540
     -4.48469      0.32203      0.16364      0.15839
     -4.47469      0.42201      0.21624      0.20577
     -4.46469      0.37270      0.19482      0.17787
     -4.45469      0.31163      0.16484      0.14679
     -4.44469      0.30996      0.16188      0.14808
     -4.43469      0.29880      0.15400      0.14479
     -4.42469      0.26514      0.13771      0.12743
     -4.41469      0.25730      0.13436      0.12294
     -4.40469      0.34527      0.17864      0.16663
     -4.39469      0.42281      0.21859      0.20423
     -4.38469      0.40714      0.21261      0.19453
     -4.37469      0.42168      0.22165      0.20002
     -4.36469      0.48593      0.25275      0.23318
     -4.35469      0.43166      0.22120      0.21046
     -4.34469      0.29764      0.15087      0.14677
     -4.33469      0.25961      0.13289      0.12672
     -4.32469      0.35832      0.18609      0.17223
     -4.31469      0.35458      0.18362      0.17096
     -4.30469      0.22398      0.11477      0.10920
     -4.29469      0.21497      0.11042      0.10455
     -4.28469      0.33186      0.17078      0.16108
     -4.27469      0.37221      0.18967      0.18255
     -4.26469      0.32854      0.16564      0.16290
     -4.25469      0.31808      0.16214      0.15593
     -4.24469      0.36208      0.18828      0.17379
     -4.23469      0.40056      0.20917      0.19138
     -4.22469      0.32905      0.17178      0.15727
     -4.21469      0.28544      0.15008      0.13536
     -4.20469      0.44175      0.23433      0.20743
     -4.19469      0.68737      0.36343      0.32394
     -4.18469      0.71977      0.37647      0.34330
     -4.17469      0.62476      0.32275      0.30201
     -4.16469      0.47244      0.24485      0.22760
     -4.15469      0.32170      0.17062      0.15108
     -4.14469      0.34065      0.18027      0.16038
     -4.13469      0.50238      0.26068      0.24170
     -4.12469      0.64029      0.33366      0.30663
     -4.11469      0.61561      0.32464      0.29097
     -4.10469      0.50882      0.26708      0.24174
     -4.09469      0.42581      0.21997      0.20584
     -4.08469      0.35061      0.18061      0.17000
     -4.07469      0.33035      0.17179      0.15856
     -4.06469      0.29290      0.15377      0.13913
     -4.05469      0.21817      0.11318      0.10499
     -4.04469      0.23724      0.12113      0.11611
     -4.03469      0.29169      0.14921      0.14248
     -4.02469      0.25406      0.12921      0.12486
     -4.01469      0.18959      0.09747      0.09212
     -4.00469      0.19110      0.10284      0.08826
     -3.99469      0.26222      0.14185      0.12037
     -3.98469      0.29948      0.15971      0.13978
     -3.97469      0.37768      0.20117      0.17651
     -3.96469      0.59483      0.31975      0.27508
     -3.95469      0.68031      0.36673      0.31358
     -3.94469      0.52733      0.28306      0.24427
     -3.93469      0.47566      0.25157      0.22409
     -3.92469      0.62757      0.32999      0.29758
     -3.91469      0.69739      0.36913      0.32825
     -3.90469      0.63652      0.33631      0.30021
     -3.89469      0.54910      0.28824      0.26086
     -3.88469      0.48109      0.25280      0.22830
     -3.87469      0.33641      0.17710      0.15931
     -3.86469      0.18494      0.09675      0.08819
     -3.85469      0.19763      0.10186      0.09577
     -3.84469      0.32315      0.16731      0.15584
     -3.83469      0.44822      0.23556      0.21266
     -3.82469      0.47724      0.25255      0.22468
     -3.81469      0.35316      0.18495      0.16820
     -3.80469      0.24339      0.12548      0.11791
     -3.79469      0.34822      0.18053      0.16769
     -3.78469      0.47966      0.25030      0.22936
     -3.77469      0.46369      0.24425      0.21944
     -3.76469      0.43011      0.23008      0.20002
     -3.75469      0.38667      0.20687      0.17979
     -3.74469      0.45047      0.23838      0.21209
     -3.73469      0.80201      0.42450      0.37751
     -3.72469      1.03930      0.55138      0.48792
     -3.71469      0.81674      0.43440      0.38234
     -3.70469      0.50662      0.26953      0.23709
     -3.69469      0.38074      0.20291      0.17783
     -3.68469      0.40428      0.21728      0.18700
     -3.67469      0.43904      0.23582      0.20323
     -3.66469      0.42111      0.22326      0.19785
     -3.65469      0.44680      0.23528      0.21152
     -3.64469      0.44751      0.23761      0.20990
     -3.63469      0.46067      0.24704      0.21362
     -3.62469      0.54982      0.29753      0.25229
     -3.61469      0.65293      0.35348      0.29946
     -3.60469      0.61597      0.33078      0.28518
     -3.59469      0.49108      0.26223      0.22885
     -3.58469      0.40612      0.21781      0.18831
     -3.57469      0.39057      0.21180      0.17877
     -3.56469      0.56573      0.30680      0.25892
     -3.55469      0.59017      0.31868      0.27149
     -3.54469      0.42834      0.23075      0.19759
     -3.53469      0.45356      0.24303      0.21054
     -3.52469      0.53447      0.28632      0.24815
     -3.51469      0.54371      0.29114      0.25257
     -3.50469      0.53705      0.28416      0.25288
     -3.49469      0.63625      0.33427      0.30197
     -3.48469      0.73567      0.38876      0.34691
     -3.47469      0.82663      0.43874      0.38789
     -3.46469      0.86313      0.45975      0.40338
     -3.45469      0.72937      0.39204      0.33732
     -3.44469      0.58425      0.31758      0.26667
     -3.43469      0.61294      0.33541      0.27753
     -3.42469      0.73963      0.40590      0.33374
     -3.41469      0.68087      0.37508      0.30579
     -3.40469      0.50726      0.28014      0.22712
     -3.39469      0.45250      0.24702      0.20548
     -3.38469      0.48233      0.25927      0.22305
     -3.37469      0.50867      0.27154      0.23713
     -3.36469      0.57990      0.30955      0.27035
     -3.35469      0.71079      0.38358      0.32721
     -3.34469      0.84250      0.45870      0.38380
     -3.33469      0.85331      0.46699      0.38632
     -3.32469      0.77849      0.42925      0.34924
     -3.31469      0.62173      0.34197      0.27976
     -3.30469      0.59767      0.32573      0.27194
     -3.29469      0.73933      0.40409      0.33524
     -3.28469      0.84028      0.46064      0.37964
     -3.27469      0.84198      0.46219      0.37979
     -3.26469      0.77112      0.42234      0.34878
     -3.25469      0.72394      0.39310      0.33084
     -3.24469      0.75337      0.40796      0.34541
     -3.23469      0.83826      0.45300      0.38526
     -3.22469      0.89479      0.48253      0.41225
     -3.21469      0.82370      0.44715      0.37655
     -3.20469      0.79553      0.43659      0.35895
     -3.19469      0.72783      0.40110      0.32673
     -3.18469      0.64105      0.35327      0.28778
     -3.17469      0.66479      0.36457      0.30022
     -3.16469      0.69582      0.37997      0.31585
     -3.15469      0.71162      0.38890      0.32272
     -3.14469      0.76005      0.41726      0.34279
     -3.13469      0.77771      0.42967      0.34804
     -3.12469      0.78517      0.43270      0.35247
     -3.11469      0.77361      0.42201      0.35160
     -3.10469      0.69285      0.37801      0.31484
     -3.09469      0.66648      0.36698      0.29950
     -3.08469      0.89786      0.49751      0.40035
     -3.07469      1.22904      0.68269      0.54635
     -3.06469      1.36288      0.75850      0.60438
     -3.05469      1.28795      0.71506      0.57289
     -3.04469      1.12801      0.62462      0.50339
     -3.03469      1.01876      0.56433      0.45443
     -3.02469      0.95576      0.53020      0.42556
     -3.01469      0.93077      0.52075      0.41002
     -3.00469      0.97148      0.54527      0.42622
     -2.99469      0.90129      0.50420      0.39709
     -2.98469      0.71556      0.39803      0.31753
     -2.97469      0.68048      0.37677      0.30372
     -2.96469      0.68023      0.37789      0.30235
     -2.95469      0.70050      0.39270      0.30780
     -2.94469      0.82927      0.46775      0.36152
     -2.93469      0.86385      0.48635      0.37749
     -2.92469      0.75633      0.42393      0.33240
     -2.91469      0.68775      0.38342      0.30433
     -2.90469      0.80714      0.44743      0.35971
     -2.89469      0.84934      0.47091      0.37844
     -2.88469      0.70108      0.39036      0.31071
     -2.87469      0.65513      0.36718      0.28795
     -2.86469      0.85482      0.48128      0.37355
     -2.85469      1.04600      0.59177      0.45423
     -2.84469      1.03395      0.58849      0.44546
     -2.83469      1.00068      0.57207      0.42861
     -2.82469      1.10603      0.63065      0.47538
     -2.81469      1.25781      0.71514      0.54267
     -2.80469      1.32859      0.75377      0.57482
     -2.79469      1.20442      0.68179      0.52263
     -2.78469      0.98426      0.55738      0.42688
     -2.77469      0.85744      0.48655      0.37089
     -2.76469      0.91077      0.51608      0.39469
     -2.75469      0.97665      0.55327      0.42338
     -2.74469      0.99478      0.56738      0.42741
     -2.73469      0.99684      0.57224      0.42460
     -2.72469      0.97941      0.56132      0.41809
     -2.71469      0.95791      0.54728      0.41063
     -2.70469      0.98193      0.56285      0.41907
     -2.69469      0.99217      0.56941      0.42276
     -2.68469      0.88521      0.50556      0.37965
     -2.67469      0.71086      0.40570      0.30516
     -2.66469      0.83119      0.47726      0.35393
     -2.65469      1.12787      0.64945      0.47841
     -2.64469      1.16949      0.67419      0.49531
     -2.63469      1.19694      0.68891      0.50804
     -2.62469      1.26866      0.72812      0.54054
     -2.61469      1.09523      0.62720      0.46803
     -2.60469      0.91132      0.52361      0.38771
     -2.59469      0.93636      0.54368      0.39269
     -2.58469      1.04945      0.61123      0.43822
     -2.57469      1.04372      0.60630      0.43742
     -2.56469      0.98953      0.57470      0.41484
     -2.55469      1.08617      0.63161      0.45456
     -2.54469      1.24677      0.72553      0.52124
     -2.53469      1.19447      0.69704      0.49743
     -2.52469      0.96308      0.56422      0.39886
     -2.51469      0.69180      0.40653      0.28527
     -2.50469      0.67390      0.39463      0.27927
     -2.49469      0.86214      0.50381      0.35833
     -2.48469      0.95689      0.56051      0.39638
     -2.47469      0.99929      0.58715      0.41213
     -2.46469      0.98305      0.57894      0.40412
     -2.45469      1.03054      0.60713      0.42341
     -2.44469      1.24906      0.73603      0.51303
     -2.43469      1.29522      0.76475      0.53047
     -2.42469      1.28840      0.76124      0.52716
     -2.41469      1.39731      0.82444      0.57287
     -2.40469      1.34097      0.79035      0.55062
     -2.39469      1.13605      0.66923      0.46682
     -2.38469      0.91817      0.54111      0.37706
     -2.37469      0.90618      0.53636      0.36982
     -2.36469      0.99080      0.58742      0.40338
     -2.35469      0.99566      0.58989      0.40577
     -2.34469      1.01278      0.60005      0.41273
     -2.33469      0.99902      0.59210      0.40692
     -2.32469      1.04232      0.61937      0.42295
     -2.31469      1.03992      0.62112      0.41880
     -2.30469      0.95518      0.57304      0.38214
     -2.29469      0.92908      0.55853      0.37054
     -2.28469      1.04003      0.62358      0.41645
     -2.27469      1.14864      0.68664      0.46201
     -2.26469      1.27519      0.76274      0.51245
     -2.25469      1.41909      0.85123      0.56786
     -2.24469      1.34828      0.81213      0.53615
     -2.23469      1.02765      0.62066      0.40699
     -2.22469      0.95473      0.57609      0.37864
     -2.21469      1.08959      0.65729      0.43230
     -2.20469      1.19776      0.72398      0.47377
     -2.19469      1.22309      0.74159      0.48151
     -2.18469      1.15749      0.70383      0.45367
     -2.17469      1.06600      0.64877      0.41722
     -2.16469      0.99886      0.60829      0.39056
     -2.15469      0.95741      0.58413      0.37328
     -2.14469      0.92852      0.56594      0.36258
     -2.13469      0.95176      0.57824      0.37352
     -2.12469      0.97484      0.59296      0.38187
     -2.11469      1.20511      0.73600      0.46911
     -2.10469      1.46226      0.89313      0.56913
     -2.09469      1.33949      0.81767      0.52182
     -2.08469      1.15531      0.70697      0.44834
     -2.07469      1.25194      0.76980      0.48214
     -2.06469      1.22104      0.75337      0.46767
     -2.05469      1.03100      0.63519      0.39581
     -2.04469      0.91911      0.56319      0.35592
     -2.03469      0.88496      0.54264      0.34232
     -2.02469      0.82374      0.50815      0.31560
     -2.01469      0.90298      0.55843      0.34455
     -2.00469      1.22197      0.75640      0.46558
     -1.99469      1.37638      0.85367      0.52271
     -1.98469      1.20998      0.75056      0.45943
     -1.97469      1.03610      0.64150      0.39460
     -1.96469      1.06725      0.66149      0.40576
     -1.95469      1.21321      0.75559      0.45761
     -1.94469      1.16389      0.72820      0.43569
     -1.93469      1.09950      0.68830      0.41121
     -1.92469      1.18405      0.74142      0.44263
     -1.91469      1.42858      0.89620      0.53238
     -1.90469      1.52609      0.95582      0.57027
     -1.89469      1.28932      0.80594      0.48338
     -1.88469      1.07011      0.67141      0.39870
     -1.87469      0.96341      0.60748      0.35593
     -1.86469      0.93116      0.58687      0.34429
     -1.85469      1.00759      0.63335      0.37425
     -1.84469      0.94043      0.59075      0.34968
     -1.83469      0.80857      0.50878      0.29979
     -1.82469      0.96126      0.60762      0.35364
     -1.81469      1.15752      0.73419      0.42333
     -1.80469      1.17139      0.74364      0.42775
     -1.79469      1.14721      0.72757      0.41964
     -1.78469      1.10852      0.70197      0.40655
     -1.77469      1.04348      0.66305      0.38043
     -1.76469      1.01476      0.64824      0.36651
     -1.75469      1.10849      0.70872      0.39977
     -1.74469      1.25625      0.80362      0.45263
     -1.73469      1.21636      0.77894      0.43742
     -1.72469      1.26172      0.80860      0.45312
     -1.71469      1.29936      0.83392      0.46544
     -1.70469      1.12088      0.71942      0.40146
     -1.69469      1.01390      0.64936      0.36454
     -1.68469      0.99560      0.63728      0.35832
     -1.67469      1.03274      0.66121      0.37153
     -1.66469      1.15086      0.73823      0.41263
     -1.65469      1.31295      0.84708      0.46587
     -1.64469      1.36694      0.88592      0.48102
     -1.63469      1.18172      0.76686      0.41486
     -1.62469      0.85778      0.55659      0.30119
     -1.61469      0.70798      0.45867      0.24931
     -1.60469      0.82552      0.53439      0.29113
     -1.59469      0.99271      0.64383      0.34889
     -1.58469      1.05485      0.68496      0.36989
     -1.57469      1.06638      0.69209      0.37429
     -1.56469      1.00558      0.65298      0.35260
     -1.55469      0.91488      0.59630      0.31858
     -1.54469      0.97086      0.63706      0.33380
     -1.53469      1.16308      0.76754      0.39554
     -1.52469      1.28327      0.84828      0.43499
     -1.51469      1.25924      0.82968      0.42956
     -1.50469      1.33176      0.87314      0.45862
     -1.49469      1.36265      0.89158      0.47107
     -1.48469      1.24452      0.81573      0.42879
     -1.47469      1.16821      0.76812      0.40009
     -1.46469      1.10817      0.73103      0.37713
     -1.45469      1.08453      0.71775      0.36679
     -1.44469      1.14975      0.76177      0.38798
     -1.43469      1.01439      0.67214      0.34225
     -1.42469      0.77476      0.51269      0.26207
     -1.41469      0.72172      0.47703      0.24470
     -1.40469      0.72818      0.48196      0.24622
     -1.39469      0.83708      0.55431      0.28277
     -1.38469      0.96651      0.63984      0.32667
     -1.37469      0.93047      0.61746      0.31301
     -1.36469      0.93889      0.62507      0.31382
     -1.35469      1.09008      0.72768      0.36239
     -1.34469      1.10196      0.73807      0.36389
     -1.33469      0.97947      0.65707      0.32240
     -1.32469      0.96144      0.64580      0.31564
     -1.31469      1.22758      0.82559      0.40199
     -1.30469      1.46505      0.98669      0.47836
     -1.29469      1.34543      0.90608      0.43935
     -1.28469      1.10170      0.74010      0.36160
     -1.27469      1.11399      0.75089      0.36309
     -1.26469      1.34114      0.90751      0.43363
     -1.25469      1.26547      0.85656      0.40891
     -1.24469      0.96862      0.65584      0.31278
     -1.23469      0.85914      0.58201      0.27714
     -1.22469      0.92060      0.62166      0.29894
     -1.21469      0.91288      0.61348      0.29939
     -1.20469      0.76817      0.51502      0.25314
     -1.19469      0.67508      0.45462      0.22046
     -1.18469      0.72841      0.49452      0.23389
     -1.17469      0.81475      0.55468      0.26007
     -1.16469      0.81136      0.55145      0.25991
     -1.15469      0.75592      0.51559      0.24033
     -1.14469      0.85752      0.58984      0.26768
     -1.13469      1.03829      0.71499      0.32330
     -1.12469      1.02415      0.70297      0.32118
     -1.11469      0.94700      0.64874      0.29826
     -1.10469      1.10690      0.76247      0.34443
     -1.09469      1.42151      0.98506      0.43645
     -1.08469      1.33575      0.92546      0.41029
     -1.07469      0.95421      0.65662      0.29759
     -1.06469      0.72987      0.49840      0.23146
     -1.05469      0.57537      0.39425      0.18111
     -1.04469      0.44249      0.30699      0.13549
     -1.03469      0.45520      0.31632      0.13888
     -1.02469      0.71391      0.49445      0.21946
     -1.01469      0.84191      0.58292      0.25898
     -1.00469      0.57337      0.39650      0.17687
     -0.99469      0.39528      0.27395      0.12133
     -0.98469      0.49387      0.34481      0.14906
     -0.97469      0.61839      0.43271      0.18568
     -0.96469      0.64882      0.45341      0.19541
     -0.95469      0.61922      0.43199      0.18723
     -0.94469      0.55617      0.38815      0.16802
     -0.93469      0.56524      0.39677      0.16847
     -0.92469      0.64063      0.45140      0.18923
     -0.91469      0.69141      0.48729      0.20412
     -0.90469      0.81268      0.57120      0.24148
     -0.89469      0.92343      0.64731      0.27611
     -0.88469      0.81297      0.57050      0.24247
     -0.87469      0.59548      0.41982      0.17566
     -0.86469      0.48855      0.34541      0.14315
     -0.85469      0.49094      0.34822      0.14272
     -0.84469      0.50170      0.35723      0.14447
     -0.83469      0.50983      0.36286      0.14697
     -0.82469      0.54175      0.38454      0.15721
     -0.81469      0.54427      0.38521      0.15907
     -0.80469      0.43239      0.30600      0.12640
     -0.79469      0.34423      0.24445      0.09977
     -0.78469      0.32913      0.23400      0.09514
     -0.77469      0.34255      0.24330      0.09925
     -0.76469      0.43483      0.30803      0.12680
     -0.75469      0.59446      0.42130      0.17316
     -0.74469      0.63915      0.45474      0.18442
     -0.73469      0.59567      0.42471      0.17096
     -0.72469      0.51481      0.36810      0.14671
     -0.71469      0.46087      0.33018      0.13069
     -0.70469      0.43080      0.30885      0.12195
     -0.69469      0.46933      0.33678      0.13255
     -0.68469      0.51253      0.36827      0.14427
     -0.67469      0.50612      0.36506      0.14106
     -0.66469      0.52305      0.37737      0.14568
     -0.65469      0.49461      0.35648      0.13814
     -0.64469      0.49297      0.35524      0.13773
     -0.63469      0.49890      0.35919      0.13971
     -0.62469      0.35172      0.25392      0.09780
     -0.61469      0.22459      0.16329      0.06130
     -0.60469      0.25587      0.18640      0.06947
     -0.59469      0.33149      0.24123      0.09026
     -0.58469      0.30124      0.21826      0.08298
     -0.57469      0.33778      0.24269      0.09508
     -0.56469      0.47852      0.34322      0.13530
     -0.55469      0.47002      0.33765      0.13237
     -0.54469      0.40184      0.29095      0.11089
     -0.53469      0.41757      0.30394      0.11362
     -0.52469      0.36764      0.26805      0.09959
     -0.51469      0.29894      0.21958      0.07935
     -0.50469      0.37707      0.27690      0.10017
     -0.49469      0.58954      0.43020      0.15934
     -0.48469      0.64623      0.46955      0.17668
     -0.47469      0.44468      0.32199      0.12270
     -0.46469      0.24328      0.17610      0.06718
     -0.45469      0.12698      0.09233      0.03465
     -0.44469      0.09485      0.06944      0.02541
     -0.43469      0.19660      0.14452      0.05208
     -0.42469      0.32617      0.23999      0.08618
     -0.41469      0.34981      0.25735      0.09245
     -0.40469      0.34928      0.25639      0.09289
     -0.39469      0.32007      0.23381      0.08626
     -0.38469      0.31063      0.22649      0.08414
     -0.37469      0.37834      0.27737      0.10097
     -0.36469      0.39597      0.29144      0.10453
     -0.35469      0.29771      0.21938      0.07833
     -0.34469      0.26413      0.19514      0.06899
     -0.33469      0.34852      0.25664      0.09188
     -0.32469      0.40674      0.29773      0.10901
     -0.31469      0.28421      0.20685      0.07736
     -0.30469      0.12529      0.09106      0.03423
     -0.29469      0.10424      0.07709      0.02715
     -0.28469      0.18947      0.14063      0.04884
     -0.27469      0.26301      0.19529      0.06772
     -0.26469      0.24778      0.18413      0.06366
     -0.25469      0.20884      0.15433      0.05451
     -0.24469      0.25920      0.19133      0.06787
     -0.23469      0.37102      0.27444      0.09658
     -0.22469      0.34194      0.25244      0.08949
     -0.21469      0.18725      0.13787      0.04939
     -0.20469      0.14939      0.11020      0.03919
     -0.19469      0.25048      0.18494      0.06554
     -0.18469      0.33934      0.24951      0.08983
     -0.17469      0.25885      0.18943      0.06941
     -0.16469      0.14655      0.10772      0.03882
     -0.15469      0.17987      0.13381      0.04606
     -0.14469      0.19661      0.14649      0.05012
     -0.13469      0.12232      0.09104      0.03128
     -0.12469      0.12252      0.09064      0.03188
     -0.11469      0.16180      0.11939      0.04241
     -0.10469      0.16552      0.12257      0.04295
     -0.09469      0.15832      0.11759      0.04074
     -0.08469      0.18198      0.13456      0.04742
     -0.07469      0.21980      0.16181      0.05799
     -0.06469      0.19272      0.14107      0.05165
     -0.05469      0.15676      0.11149      0.04527
     -0.04469      0.14398      0.09776      0.04621
     -0.03469      0.12621      0.08625      0.03996
     -0.02469      0.11043      0.07769      0.03274
     -0.01469      0.10277      0.06914      0.03363
     -0.00469      0.07086      0.04363      0.02723
      0.00531      0.02483      0.01403      0.01080
      0.01531      0.00378      0.00201      0.00178
      0.02531      0.00028      0.00014      0.00014
      0.03531      0.00110      0.00054      0.00056
      0.04531      0.00922      0.00453      0.00469
      0.05531      0.02853      0.01402      0.01451
      0.06531      0.03428      0.01685      0.01744
      0.07531      0.03078      0.01512      0.01567
      0.08531      0.05757      0.02825      0.02932
      0.09531      0.06656      0.03266      0.03389
      0.10531      0.03915      0.01923      0.01992
      0.11531      0.04934      0.02430      0.02504
      0.12531      0.06938      0.03418      0.03519
      0.13531      0.03959      0.01951      0.02008
      0.14531      0.01263      0.00624      0.00639
      0.15531      0.02130      0.01058      0.01073
      0.16531      0.03934      0.01952      0.01983
      0.17531      0.05364      0.02653      0.02711
      0.18531      0.09151      0.04523      0.04628
      0.19531      0.09558      0.04729      0.04829
      0.20531      0.05521      0.02730      0.02791
      0.21531      0.04007      0.01976      0.02031
      0.22531      0.02559      0.01260      0.01298
      0.23531      0.00691      0.00340      0.00351
      0.24531      0.00071      0.00035      0.00036
      0.25531      0.00053      0.00027      0.00027
      0.26531      0.00816      0.00407      0.00409
      0.27531      0.04983      0.02487      0.02496
      0.28531      0.11864      0.05926      0.05938
      0.29531      0.11504      0.05752      0.05752
      0.30531      0.05440      0.02723      0.02717
      0.31531      0.04605      0.02307      0.02299
      0.32531      0.06961      0.03486      0.03474
      0.33531      0.04886      0.02448      0.02438
      0.34531      0.03239      0.01625      0.01613
      0.35531      0.06526      0.03277      0.03249
      0.36531      0.08460      0.04245      0.04215
      0.37531      0.06010      0.03010      0.03000
      0.38531      0.03518      0.01752      0.01766
      0.39531      0.05901      0.02921      0.02980
      0.40531      0.12656      0.06305      0.06352
      0.41531      0.17334      0.08700      0.08635
      0.42531      0.15184      0.07622      0.07562
      0.43531      0.10585      0.05270      0.05315
      0.44531      0.06538      0.03245      0.03293
      0.45531      0.04345      0.02179      0.02166
      0.46531      0.03393      0.01712      0.01681
      0.47531      0.02057      0.01032      0.01024
      0.48531      0.04296      0.02132      0.02164
      0.49531      0.09790      0.04849      0.04941
      0.50531      0.13547      0.06727      0.06821
      0.51531      0.13466      0.06744      0.06722
      0.52531      0.08470      0.04265      0.04206
      0.53531      0.04400      0.02176      0.02224
      0.54531      0.03778      0.01830      0.01948
      0.55531      0.02910      0.01426      0.01484
      0.56531      0.04694      0.02371      0.02323
      0.57531      0.08886      0.04488      0.04398
      0.58531      0.11653      0.05823      0.05830
      0.59531      0.11243      0.05576      0.05667
      0.60531      0.05592      0.02771      0.02821
      0.61531      0.02919      0.01476      0.01443
      0.62531      0.06045      0.03089      0.02956
      0.63531      0.08200      0.04167      0.04032
      0.64531      0.09164      0.04537      0.04627
      0.65531      0.14119      0.06872      0.07247
      0.66531      0.18194      0.08964      0.09230
      0.67531      0.15318      0.07669      0.07649
      0.68531      0.15285      0.07717      0.07568
      0.69531      0.17261      0.08698      0.08564
      0.70531      0.14315      0.07172      0.07143
      0.71531      0.09241      0.04624      0.04617
      0.72531      0.03349      0.01679      0.01670
      0.73531      0.00880      0.00443      0.00437
      0.74531      0.04134      0.02081      0.02054
      0.75531      0.17228      0.08636      0.08591
      0.76531      0.27514      0.13740      0.13774
      0.77531      0.18321      0.09100      0.09221
      0.78531      0.12422      0.06111      0.06311
      0.79531      0.16020      0.07899      0.08122
      0.80531      0.12055      0.05966      0.06089
      0.81531      0.05226      0.02596      0.02630
      0.82531      0.07358      0.03690      0.03667
      0.83531      0.16756      0.08375      0.08381
      0.84531      0.20159      0.09966      0.10192
      0.85531      0.20373      0.09885      0.10487
      0.86531      0.21907      0.10431      0.11477
      0.87531      0.16633      0.07516      0.09117
      0.88531      0.07314      0.02924      0.04390
      0.89531      0.01719      0.00584      0.01134
      0.90531      0.00195      0.00059      0.00136
      0.91531      0.00113      0.00051      0.00062
      0.92531      0.01304      0.00612      0.00692
      0.93531      0.06053      0.02842      0.03211
      0.94531      0.10522      0.04948      0.05574
      0.95531      0.08674      0.04168      0.04506
      0.96531      0.12830      0.06511      0.06318
      0.97531      0.25833      0.13174      0.12659
      0.98531      0.25794      0.13083      0.12712
      0.99531      0.12208      0.06116      0.06092
      1.00531      0.07167      0.03400      0.03767
      1.01531      0.09870      0.04604      0.05267
      1.02531      0.07492      0.03511      0.03982
      1.03531      0.03701      0.01783      0.01917
      1.04531      0.07697      0.03831      0.03866
      1.05531      0.18360      0.09152      0.09208
      1.06531      0.27275      0.13645      0.13630
      1.07531      0.25589      0.12791      0.12799
      1.08531      0.14466      0.07178      0.07288
      1.09531      0.14258      0.07000      0.07258
      1.10531      0.30645      0.14893      0.15752
      1.11531      0.39740      0.19036      0.20704
      1.12531      0.27318      0.12903      0.14416
      1.13531      0.14097      0.06639      0.07458
      1.14531      0.16499      0.07928      0.08572
      1.15531      0.22903      0.11148      0.11755
      1.16531      0.20291      0.09771      0.10521
      1.17531      0.10985      0.05157      0.05827
      1.18531      0.05380      0.02503      0.02877
      1.19531      0.10080      0.04724      0.05356
      1.20531      0.17367      0.08056      0.09311
      1.21531      0.16011      0.07401      0.08610
      1.22531      0.16468      0.07803      0.08665
      1.23531      0.17679      0.08523      0.09156
      1.24531      0.13813      0.06660      0.07153
      1.25531      0.11679      0.05624      0.06055
      1.26531      0.15477      0.07779      0.07698
      1.27531      0.18378      0.09387      0.08991
      1.28531      0.12890      0.06530      0.06360
      1.29531      0.07049      0.03410      0.03639
      1.30531      0.10684      0.04935      0.05750
      1.31531      0.17708      0.08413      0.09295
      1.32531      0.21590      0.10596      0.10994
      1.33531      0.20870      0.10314      0.10557
      1.34531      0.11001      0.05430      0.05571
      1.35531      0.02953      0.01473      0.01480
      1.36531      0.04217      0.02158      0.02058
      1.37531      0.13621      0.06757      0.06864
      1.38531      0.22617      0.10732      0.11884
      1.39531      0.20778      0.09258      0.11520
      1.40531      0.16721      0.07048      0.09673
      1.41531      0.14807      0.06329      0.08477
      1.42531      0.15355      0.06844      0.08511
      1.43531      0.20455      0.09278      0.11177
      1.44531      0.18181      0.08025      0.10157
      1.45531      0.09513      0.04013      0.05499
      1.46531      0.05320      0.02260      0.03060
      1.47531      0.11136      0.04978      0.06158
      1.48531      0.18972      0.08661      0.10311
      1.49531      0.20671      0.09442      0.11229
      1.50531      0.18415      0.08253      0.10162
      1.51531      0.16028      0.07188      0.08840
      1.52531      0.18176      0.08427      0.09749
      1.53531      0.21086      0.10055      0.11031
      1.54531      0.25581      0.12045      0.13536
      1.55531      0.40575      0.19316      0.21259
      1.56531      0.49052      0.24104      0.24949
      1.57531      0.35174      0.17567      0.17607
      1.58531      0.20521      0.10003      0.10518
      1.59531      0.14696      0.06885      0.07812
      1.60531      0.13859      0.06628      0.07231
      1.61531      0.16004      0.07883      0.08121
      1.62531      0.15221      0.07493      0.07728
      1.63531      0.12258      0.06054      0.06204
      1.64531      0.17690      0.08723      0.08966
      1.65531      0.20449      0.09730      0.10719
      1.66531      0.13724      0.06196      0.07528
      1.67531      0.10224      0.04679      0.05545
      1.68531      0.14665      0.06784      0.07882
      1.69531      0.18399      0.07937      0.10462
      1.70531      0.15376      0.06117      0.09259
      1.71531      0.10779      0.04541      0.06238
      1.72531      0.13120      0.06318      0.06803
      1.73531      0.16478      0.08155      0.08323
      1.74531      0.18475      0.08966      0.09509
      1.75531      0.17181      0.08162      0.09020
      1.76531      0.14161      0.06585      0.07577
      1.77531      0.20206      0.09401      0.10804
      1.78531      0.25370      0.11941      0.13430
      1.79531      0.18052      0.08279      0.09773
      1.80531      0.15085      0.06473      0.08612
      1.81531      0.23312      0.10376      0.12936
      1.82531      0.30894      0.14148      0.16746
      1.83531      0.28116      0.12720      0.15395
      1.84531      0.22836      0.09904      0.12932
      1.85531      0.21609      0.09573      0.12036
      1.86531      0.18799      0.08897      0.09902
      1.87531      0.11791      0.05777      0.06015
      1.88531      0.08898      0.04360      0.04539
      1.89531      0.12428      0.05873      0.06555
      1.90531      0.21193      0.09728      0.11464
      1.91531      0.27336      0.12584      0.14751
      1.92531      0.20755      0.09324      0.11431
      1.93531      0.14522      0.06023      0.08500
      1.94531      0.17664      0.07343      0.10321
      1.95531      0.21275      0.09172      0.12103
      1.96531      0.17306      0.07610      0.09696
      1.97531      0.13547      0.05984      0.07563
      1.98531      0.10228      0.04762      0.05466
      1.99531      0.10940      0.05373      0.05567
      2.00531      0.13729      0.06440      0.07288
      2.01531      0.15855      0.07116      0.08739
      2.02531      0.17835      0.07807      0.10028
      2.03531      0.15829      0.06948      0.08881
      2.04531      0.19382      0.08845      0.10537
      2.05531      0.34303      0.15696      0.18607
      2.06531      0.38037      0.17488      0.20549
      2.07531      0.27772      0.13080      0.14692
      2.08531      0.19479      0.08977      0.10503
      2.09531      0.17406      0.07466      0.09941
      2.10531      0.13114      0.05572      0.07542
      2.11531      0.05849      0.02627      0.03222
      2.12531      0.05193      0.02632      0.02562
      2.13531      0.07728      0.03939      0.03789
      2.14531      0.08587      0.04110      0.04478
      2.15531      0.12536      0.05631      0.06904
      2.16531      0.15395      0.06764      0.08632
      2.17531      0.14198      0.06002      0.08197
      2.18531      0.12863      0.05330      0.07534
      2.19531      0.13113      0.05929      0.07184
      2.20531      0.12122      0.06081      0.06041
      2.21531      0.07917      0.04183      0.03734
      2.22531      0.04324      0.02225      0.02099
      2.23531      0.10625      0.04881      0.05743
      2.24531      0.27171      0.11726      0.15445
      2.25531      0.34020      0.14025      0.19995
      2.26531      0.24442      0.10244      0.14198
      2.27531      0.21543      0.10070      0.11473
      2.28531      0.26220      0.12399      0.13821
      2.29531      0.27117      0.12030      0.15088
      2.30531      0.24845      0.10265      0.14581
      2.31531      0.21959      0.09239      0.12720
      2.32531      0.24015      0.11119      0.12896
      2.33531      0.24492      0.11515      0.12977
      2.34531      0.21918      0.09894      0.12024
      2.35531      0.23375      0.10682      0.12693
      2.36531      0.24485      0.11658      0.12827
      2.37531      0.20983      0.10312      0.10671
      2.38531      0.16429      0.08386      0.08043
      2.39531      0.18084      0.09146      0.08938
      2.40531      0.20829      0.09864      0.10966
      2.41531      0.17363      0.07607      0.09756
      2.42531      0.12881      0.05578      0.07303
      2.43531      0.12624      0.05640      0.06983
      2.44531      0.16834      0.07512      0.09322
      2.45531      0.24528      0.11253      0.13275
      2.46531      0.36221      0.17104      0.19117
      2.47531      0.39172      0.18369      0.20803
      2.48531      0.27578      0.12333      0.15245
      2.49531      0.26449      0.11605      0.14845
      2.50531      0.31196      0.14611      0.16584
      2.51531      0.23698      0.11517      0.12180
      2.52531      0.11485      0.05366      0.06118
      2.53531      0.11515      0.04948      0.06567
      2.54531      0.17198      0.07626      0.09572
      2.55531      0.16379      0.07476      0.08903
      2.56531      0.12289      0.05306      0.06983
      2.57531      0.11813      0.04729      0.07084
      2.58531      0.11510      0.04746      0.06765
      2.59531      0.09278      0.03845      0.05433
      2.60531      0.07744      0.03215      0.04529
      2.61531      0.07514      0.03455      0.04058
      2.62531      0.11674      0.05774      0.05900
      2.63531      0.19159      0.09014      0.10145
      2.64531      0.23049      0.10010      0.13038
      2.65531      0.24683      0.10338      0.14345
      2.66531      0.25872      0.11054      0.14818
      2.67531      0.24255      0.10678      0.13577
      2.68531      0.19108      0.08530      0.10578
      2.69531      0.10778      0.04743      0.06035
      2.70531      0.07927      0.03326      0.04600
      2.71531      0.11212      0.04975      0.06236
      2.72531      0.15584      0.07276      0.08308
      2.73531      0.15455      0.07209      0.08247
      2.74531      0.09936      0.04622      0.05314
      2.75531      0.10316      0.04854      0.05461
      2.76531      0.19651      0.09116      0.10535
      2.77531      0.25700      0.11499      0.14201
      2.78531      0.22666      0.09444      0.13222
      2.79531      0.24775      0.09987      0.14788
      2.80531      0.33735      0.14411      0.19324
      2.81531      0.33964      0.14843      0.19121
      2.82531      0.24759      0.10452      0.14307
      2.83531      0.14289      0.05871      0.08417
      2.84531      0.07474      0.03289      0.04186
      2.85531      0.08840      0.04456      0.04384
      2.86531      0.20570      0.10191      0.10379
      2.87531      0.39057      0.18247      0.20810
      2.88531      0.47806      0.21557      0.26250
      2.89531      0.41719      0.18928      0.22791
      2.90531      0.41775      0.19264      0.22511
      2.91531      0.44007      0.19925      0.24082
      2.92531      0.31856      0.14087      0.17770
      2.93531      0.22295      0.09511      0.12784
      2.94531      0.30145      0.12882      0.17263
      2.95531      0.36312      0.16188      0.20124
      2.96531      0.22272      0.10300      0.11972
      2.97531      0.06975      0.03263      0.03712
      2.98531      0.05927      0.02344      0.03583
      2.99531      0.15576      0.05799      0.09777
      3.00531      0.21075      0.07792      0.13283
      3.01531      0.18044      0.07173      0.10871
      3.02531      0.21393      0.09482      0.11910
      3.03531      0.30393      0.13958      0.16434
      3.04531      0.29787      0.13731      0.16056
      3.05531      0.21523      0.09453      0.12070
      3.06531      0.21264      0.08488      0.12776
      3.07531      0.26177      0.10513      0.15664
      3.08531      0.23664      0.10183      0.13481
      3.09531      0.19997      0.08930      0.11067
      3.10531      0.19441      0.08415      0.11025
      3.11531      0.12910      0.05438      0.07473
      3.12531      0.09121      0.03740      0.05381
      3.13531      0.14253      0.05725      0.08527
      3.14531      0.16678      0.06599      0.10080
      3.15531      0.14556      0.05859      0.08697
      3.16531      0.14042      0.06087      0.07955
      3.17531      0.22518      0.10180      0.12338
      3.18531      0.34842      0.15578      0.19263
      3.19531      0.35900      0.15624      0.20276
      3.20531      0.29254      0.12250      0.17004
      3.21531      0.19274      0.07807      0.11467
      3.22531      0.14087      0.05608      0.08478
      3.23531      0.19788      0.08522      0.11266
      3.24531      0.27843      0.13029      0.14814
      3.25531      0.29671      0.14291      0.15380
      3.26531      0.24475      0.11421      0.13055
      3.27531      0.22381      0.09580      0.12801
      3.28531      0.24498      0.10068      0.14430
      3.29531      0.20826      0.08690      0.12136
      3.30531      0.15000      0.06561      0.08439
      3.31531      0.14655      0.06814      0.07841
      3.32531      0.17485      0.08739      0.08746
      3.33531      0.16443      0.08413      0.08031
      3.34531      0.12582      0.06194      0.06387
      3.35531      0.11862      0.05567      0.06295
      3.36531      0.16308      0.07483      0.08825
      3.37531      0.22037      0.10116      0.11921
      3.38531      0.28597      0.13290      0.15307
      3.39531      0.32468      0.14814      0.17654
      3.40531      0.27355      0.12089      0.15266
      3.41531      0.25085      0.11089      0.13996
      3.42531      0.24507      0.10731      0.13776
      3.43531      0.22093      0.09286      0.12806
      3.44531      0.23697      0.10021      0.13675
      3.45531      0.31107      0.13812      0.17295
      3.46531      0.37423      0.16979      0.20444
      3.47531      0.36349      0.16457      0.19892
      3.48531      0.36456      0.16804      0.19652
      3.49531      0.36023      0.16749      0.19274
      3.50531      0.26349      0.12086      0.14263
      3.51531      0.17904      0.08223      0.09681
      3.52531      0.15513      0.07584      0.07929
      3.53531      0.18058      0.08838      0.09220
      3.54531      0.23843      0.10793      0.13050
      3.55531      0.30690      0.13504      0.17186
      3.56531      0.35560      0.15762      0.19797
      3.57531      0.35467      0.15601      0.19866
      3.58531      0.31087      0.13297      0.17791
      3.59531      0.24867      0.10439      0.14428
      3.60531      0.29718      0.12867      0.16851
      3.61531      0.39882      0.18186      0.21696
      3.62531      0.35159      0.16533      0.18626
      3.63531      0.16875      0.07926      0.08949
      3.64531      0.04404      0.02034      0.02370
      3.65531      0.05217      0.02383      0.02834
      3.66531      0.18506      0.08193      0.10313
      3.67531      0.36664      0.15658      0.21006
      3.68531      0.43232      0.17825      0.25407
      3.69531      0.32330      0.12932      0.19398
      3.70531      0.15585      0.06157      0.09427
      3.71531      0.07019      0.02775      0.04244
      3.72531      0.12968      0.05201      0.07767
      3.73531      0.30770      0.13034      0.17736
      3.74531      0.55408      0.24516      0.30892
      3.75531      0.69501      0.31297      0.38204
      3.76531      0.59354      0.26713      0.32641
      3.77531      0.47124      0.20539      0.26585
      3.78531      0.41825      0.17717      0.24108
      3.79531      0.38986      0.17031      0.21955
      3.80531      0.37950      0.17147      0.20804
      3.81531      0.24562      0.11166      0.13396
      3.82531      0.11662      0.05151      0.06511
      3.83531      0.16466      0.06893      0.09573
      3.84531      0.27687      0.11307      0.16380
      3.85531      0.31996      0.12756      0.19240
      3.86531      0.25705      0.10266      0.15439
      3.87531      0.17114      0.07083      0.10032
      3.88531      0.18170      0.08167      0.10004
      3.89531      0.22082      0.10559      0.11523
      3.90531      0.15387      0.07587      0.07801
      3.91531      0.08220      0.03816      0.04404
      3.92531      0.13345      0.05438      0.07907
      3.93531      0.22808      0.09119      0.13690
      3.94531      0.19427      0.07676      0.11751
      3.95531      0.09873      0.03841      0.06032
      3.96531      0.08867      0.03645      0.05222
      3.97531      0.19011      0.08080      0.10930
      3.98531      0.24348      0.10326      0.14022
      3.99531      0.16955      0.07175      0.09781
      4.00531      0.13294      0.05757      0.07537
      4.01531      0.25206      0.11043      0.14162
      4.02531      0.42519      0.18622      0.23898
      4.03531      0.46145      0.20277      0.25867
      4.04531      0.36799      0.16163      0.20636
      4.05531      0.28836      0.12080      0.16757
      4.06531      0.29471      0.11698      0.17772
      4.07531      0.28682      0.11512      0.17170
      4.08531      0.28924      0.12112      0.16811
      4.09531      0.29820      0.12773      0.17047
      4.10531      0.26413      0.11492      0.14921
      4.11531      0.30049      0.13506      0.16543
      4.12531      0.40591      0.18538      0.22052
      4.13531      0.47956      0.21897      0.26058
      4.14531      0.52734      0.24009      0.28725
      4.15531      0.55528      0.25156      0.30371
      4.16531      0.55434      0.24517      0.30917
      4.17531      0.44812      0.19057      0.25755
      4.18531      0.35356      0.14439      0.20917
      4.19531      0.44599      0.17880      0.26719
      4.20531      0.54556      0.21797      0.32759
      4.21531      0.51790      0.20863      0.30926
      4.22531      0.51743      0.21735      0.30009
      4.23531      0.49507      0.21714      0.27792
      4.24531      0.32446      0.14838      0.17608
      4.25531      0.14747      0.06973      0.07775
      4.26531      0.09285      0.04209      0.05076
      4.27531      0.15798      0.07001      0.08797
      4.28531      0.24139      0.10905      0.13234
      4.29531      0.29660      0.13443      0.16218
      4.30531      0.34268      0.15101      0.19167
      4.31531      0.35953      0.15287      0.20666
      4.32531      0.37127      0.15073      0.22054
      4.33531      0.35490      0.14038      0.21452
      4.34531      0.27291      0.11648      0.15643
      4.35531      0.27077      0.13130      0.13947
      4.36531      0.32096      0.15250      0.16846
      4.37531      0.36838      0.16468      0.20369
      4.38531      0.37865      0.16935      0.20930
      4.39531      0.30432      0.13625      0.16807
      4.40531      0.23579      0.10081      0.13498
      4.41531      0.25766      0.10370      0.15396
      4.42531      0.33918      0.13383      0.20535
      4.43531      0.34550      0.13799      0.20751
      4.44531      0.29778      0.11939      0.17839
      4.45531      0.26575      0.10545      0.16030
      4.46531      0.29440      0.11935      0.17505
      4.47531      0.42006      0.17707      0.24299
      4.48531      0.43766      0.18844      0.24922
      4.49531      0.27478      0.10930      0.16547
      4.50531      0.20054      0.05587      0.14467
      4.51531      0.27330      0.08190      0.19140
      4.52531      0.34418      0.12782      0.21636
      4.53531      0.32506      0.12976      0.19530
      4.54531      0.26016      0.09103      0.16913
      4.55531      0.21964      0.06838      0.15125
      4.56531      0.20096      0.07254      0.12841
      4.57531      0.22205      0.08868      0.13337
      4.58531      0.34319      0.13817      0.20502
      4.59531      0.54697      0.21502      0.33195
      4.60531      0.68522      0.26678      0.41844
      4.61531      0.76615      0.31961      0.44654
      4.62531      0.76506      0.34318      0.42189
      4.63531      0.58232      0.26939      0.31292
      4.64531      0.45319      0.20989      0.24330
      4.65531      0.39672      0.17850      0.21822
      4.66531      0.31958      0.14051      0.17908
      4.67531      0.25771      0.11234      0.14537
      4.68531      0.29033      0.12010      0.17022
      4.69531      0.34660      0.13579      0.21081
      4.70531      0.35930      0.13132      0.22798
      4.71531      0.35402      0.12656      0.22746
      4.72531      0.35058      0.13164      0.21894
      4.73531      0.45796      0.17260      0.28536
      4.74531      0.58657      0.21830      0.36827
      4.75531      0.46900      0.17475      0.29425
      4.76531      0.31462      0.12184      0.19278
      4.77531      0.34447      0.14840      0.19608
      4.78531      0.48290      0.21273      0.27017
      4.79531      0.64097      0.27168      0.36929
      4.80531      0.69141      0.29133      0.40008
      4.81531      0.53197      0.22585      0.30612
      4.82531      0.38373      0.16357      0.22016
      4.83531      0.35902      0.15680      0.20222
      4.84531      0.38151      0.16903      0.21248
      4.85531      0.45186      0.20133      0.25053
      4.86531      0.55693      0.24663      0.31030
      4.87531      0.60235      0.24754      0.35482
      4.88531      0.52525      0.19244      0.33281
      4.89531      0.42623      0.14098      0.28525
      4.90531      0.34904      0.11294      0.23610
      4.91531      0.32510      0.12492      0.20018
      4.92531      0.42856      0.18788      0.24067
      4.93531      0.52314      0.22156      0.30159
      4.94531      0.54645      0.21738      0.32907
      4.95531      0.61849      0.24051      0.37798
      4.96531      0.69864      0.27209      0.42654
      4.97531      0.63161      0.25159      0.38002
      4.98531      0.41876      0.17429      0.24447
      4.99531      0.25577      0.10847      0.14730
