Energy-E_F (eV)    DOS (1/eV)    PDOS (1/eV)  of atom type C  Si 
     -4.99212      1.35648      0.00000      0.00000
     -4.98212      1.37349      0.00000      0.00000
     -4.97212      1.42059      0.00000      0.00000
     -4.96212      1.41038      0.00000      0.00000
     -4.95212      1.67146      0.00000      0.00000
     -4.94212      2.12159      0.00000      0.00000
     -4.93212      2.10260      0.00000      0.00000
     -4.92212      1.67230      0.00000      0.00000
     -4.91212      1.19387      0.00000      0.00000
     -4.90212      1.21287      0.00000      0.00000
     -4.89212      1.50711      0.00000      0.00000
     -4.88212      1.24946      0.00000      0.00000
     -4.87212      0.93540      0.00000      0.00000
     -4.86212      1.01736      0.00000      0.00000
     -4.85212      1.17232      0.00000      0.00000
     -4.84212      1.18591      0.00000      0.00000
     -4.83212      1.12151      0.00000      0.00000
     -4.82212      1.03289      0.00000      0.00000
     -4.81212      1.05562      0.00000      0.00000
     -4.80212      0.99057      0.00000      0.00000
     -4.79212      0.90060      0.00000      0.00000
     -4.78212      1.02508      0.00000      0.00000
     -4.77212      1.15102      0.00000      0.00000
     -4.76212      1.23712      0.00000      0.00000
     -4.75212      1.59566      0.00000      0.00000
     -4.74212      2.07948      0.00000      0.00000
     -4.73212      2.03240      0.00000      0.00000
     -4.72212      1.66616      0.00000      0.00000
     -4.71212      1.70543      0.00000      0.00000
     -4.70212      1.95171      0.00000      0.00000
     -4.69212      1.63813      0.00000      0.00000
     -4.68212      1.08381      0.00000      0.00000
     -4.67212      1.00154      0.00000      0.00000
     -4.66212      1.11133      0.00000      0.00000
     -4.65212      1.14189      0.00000      0.00000
     -4.64212      1.12121      0.00000      0.00000
     -4.63212      1.16337      0.00000      0.00000
     -4.62212      1.14056      0.00000      0.00000
     -4.61212      0.92827      0.00000      0.00000
     -4.60212      0.81064      0.00000      0.00000
     -4.59212      0.92250      0.00000      0.00000
     -4.58212      1.14525      0.00000      0.00000
     -4.57212      1.56004      0.00000      0.00000
     -4.56212      1.85534      0.00000      0.00000
     -4.55212      1.83256      0.00000      0.00000
     -4.54212      1.76051      0.00000      0.00000
     -4.53212      1.53770      0.00000      0.00000
     -4.52212      1.44826      0.00000      0.00000
     -4.51212      1.57924      0.00000      0.00000
     -4.50212      1.39893      0.00000      0.00000
     -4.49212      0.97190      0.00000      0.00000
     -4.48212      0.85878      0.00000      0.00000
     -4.47212      1.06912      0.00000      0.00000
     -4.46212      1.19926      0.00000      0.00000
     -4.45212      1.36614      0.00000      0.00000
     -4.44212      1.64807      0.00000      0.00000
     -4.43212      1.88303      0.00000      0.00000
     -4.42212      2.04586      0.00000      0.00000
     -4.41212      2.09816      0.00000      0.00000
     -4.40212      1.92189      0.00000      0.00000
     -4.39212      1.58560      0.00000      0.00000
     -4.38212      1.34805      0.00000      0.00000
     -4.37212      1.05465      0.00000      0.00000
     -4.36212      0.92521      0.00000      0.00000
     -4.35212      1.19672      0.00000      0.00000
     -4.34212      1.41930      0.00000      0.00000
     -4.33212      1.31058      0.00000      0.00000
     -4.32212      1.16648      0.00000      0.00000
     -4.31212      1.10559      0.00000      0.00000
     -4.30212      0.93020      0.00000      0.00000
     -4.29212      0.84038      0.00000      0.00000
     -4.28212      0.98407      0.00000      0.00000
     -4.27212      1.10760      0.00000      0.00000
     -4.26212      1.42475      0.00000      0.00000
     -4.25212      1.63079      0.00000      0.00000
     -4.24212      1.39816      0.00000      0.00000
     -4.23212      1.32045      0.00000      0.00000
     -4.22212      1.57749      0.00000      0.00000
     -4.21212      1.78704      0.00000      0.00000
     -4.20212      1.76788      0.00000      0.00000
     -4.19212      1.73133      0.00000      0.00000
     -4.18212      1.61812      0.00000      0.00000
     -4.17212      1.26474      0.00000      0.00000
     -4.16212      1.02820      0.00000      0.00000
     -4.15212      1.40438      0.00000      0.00000
     -4.14212      2.05120      0.00000      0.00000
     -4.13212      2.15193      0.00000      0.00000
     -4.12212      1.96621      0.00000      0.00000
     -4.11212      1.77461      0.00000      0.00000
     -4.10212      1.65310      0.00000      0.00000
     -4.09212      1.68052      0.00000      0.00000
     -4.08212      1.39861      0.00000      0.00000
     -4.07212      1.26255      0.00000      0.00000
     -4.06212      1.35634      0.00000      0.00000
     -4.05212      1.44029      0.00000      0.00000
     -4.04212      1.27409      0.00000      0.00000
     -4.03212      1.17799      0.00000      0.00000
     -4.02212      1.50297      0.00000      0.00000
     -4.01212      1.70853      0.00000      0.00000
     -4.00212      1.58103      0.00000      0.00000
     -3.99212      1.38898      0.00000      0.00000
     -3.98212      1.32074      0.00000      0.00000
     -3.97212      1.36556      0.00000      0.00000
     -3.96212      1.18018      0.00000      0.00000
     -3.95212      0.85393      0.00000      0.00000
     -3.94212      0.88274      0.00000      0.00000
     -3.93212      1.18359      0.00000      0.00000
     -3.92212      1.46678      0.00000      0.00000
     -3.91212      1.49667      0.00000      0.00000
     -3.90212      1.71693      0.00000      0.00000
     -3.89212      1.93191      0.00000      0.00000
     -3.88212      1.57588      0.00000      0.00000
     -3.87212      1.15426      0.00000      0.00000
     -3.86212      1.09538      0.00000      0.00000
     -3.85212      1.46449      0.00000      0.00000
     -3.84212      2.07900      0.00000      0.00000
     -3.83212      2.26652      0.00000      0.00000
     -3.82212      2.06357      0.00000      0.00000
     -3.81212      2.20474      0.00000      0.00000
     -3.80212      2.64808      0.00000      0.00000
     -3.79212      2.63327      0.00000      0.00000
     -3.78212      1.85718      0.00000      0.00000
     -3.77212      1.14511      0.00000      0.00000
     -3.76212      0.97057      0.00000      0.00000
     -3.75212      1.25781      0.00000      0.00000
     -3.74212      1.49801      0.00000      0.00000
     -3.73212      1.52087      0.00000      0.00000
     -3.72212      1.47041      0.00000      0.00000
     -3.71212      1.28530      0.00000      0.00000
     -3.70212      1.31117      0.00000      0.00000
     -3.69212      1.52161      0.00000      0.00000
     -3.68212      1.67967      0.00000      0.00000
     -3.67212      1.81716      0.00000      0.00000
     -3.66212      1.73886      0.00000      0.00000
     -3.65212      1.44937      0.00000      0.00000
     -3.64212      1.43504      0.00000      0.00000
     -3.63212      1.32204      0.00000      0.00000
     -3.62212      1.15782      0.00000      0.00000
     -3.61212      1.48703      0.00000      0.00000
     -3.60212      2.09793      0.00000      0.00000
     -3.59212      2.08918      0.00000      0.00000
     -3.58212      1.65163      0.00000      0.00000
     -3.57212      1.39821      0.00000      0.00000
     -3.56212      1.51863      0.00000      0.00000
     -3.55212      1.71750      0.00000      0.00000
     -3.54212      1.69927      0.00000      0.00000
     -3.53212      1.56915      0.00000      0.00000
     -3.52212      1.50762      0.00000      0.00000
     -3.51212      1.72841      0.00000      0.00000
     -3.50212      2.46008      0.00000      0.00000
     -3.49212      3.02658      0.00000      0.00000
     -3.48212      2.36442      0.00000      0.00000
     -3.47212      1.78433      0.00000      0.00000
     -3.46212      1.90680      0.00000      0.00000
     -3.45212      1.84060      0.00000      0.00000
     -3.44212      1.68356      0.00000      0.00000
     -3.43212      1.51690      0.00000      0.00000
     -3.42212      1.29952      0.00000      0.00000
     -3.41212      1.11362      0.00000      0.00000
     -3.40212      1.27965      0.00000      0.00000
     -3.39212      1.77166      0.00000      0.00000
     -3.38212      2.48311      0.00000      0.00000
     -3.37212      3.07557      0.00000      0.00000
     -3.36212      3.06430      0.00000      0.00000
     -3.35212      2.37431      0.00000      0.00000
     -3.34212      1.66446      0.00000      0.00000
     -3.33212      1.33238      0.00000      0.00000
     -3.32212      1.33482      0.00000      0.00000
     -3.31212      1.58495      0.00000      0.00000
     -3.30212      1.58721      0.00000      0.00000
     -3.29212      1.26568      0.00000      0.00000
     -3.28212      1.11644      0.00000      0.00000
     -3.27212      1.35977      0.00000      0.00000
     -3.26212      1.94825      0.00000      0.00000
     -3.25212      2.38486      0.00000      0.00000
     -3.24212      2.70052      0.00000      0.00000
     -3.23212      2.69270      0.00000      0.00000
     -3.22212      2.40286      0.00000      0.00000
     -3.21212      2.11664      0.00000      0.00000
     -3.20212      2.13412      0.00000      0.00000
     -3.19212      2.48536      0.00000      0.00000
     -3.18212      2.71789      0.00000      0.00000
     -3.17212      2.94806      0.00000      0.00000
     -3.16212      3.07479      0.00000      0.00000
     -3.15212      3.01387      0.00000      0.00000
     -3.14212      2.55145      0.00000      0.00000
     -3.13212      1.93219      0.00000      0.00000
     -3.12212      1.88943      0.00000      0.00000
     -3.11212      2.15324      0.00000      0.00000
     -3.10212      2.03678      0.00000      0.00000
     -3.09212      1.68890      0.00000      0.00000
     -3.08212      1.73991      0.00000      0.00000
     -3.07212      2.05288      0.00000      0.00000
     -3.06212      2.31182      0.00000      0.00000
     -3.05212      2.53864      0.00000      0.00000
     -3.04212      2.35580      0.00000      0.00000
     -3.03212      1.88169      0.00000      0.00000
     -3.02212      1.77648      0.00000      0.00000
     -3.01212      2.10326      0.00000      0.00000
     -3.00212      2.35580      0.00000      0.00000
     -2.99212      2.17942      0.00000      0.00000
     -2.98212      2.07292      0.00000      0.00000
     -2.97212      2.26068      0.00000      0.00000
     -2.96212      2.38794      0.00000      0.00000
     -2.95212      2.22244      0.00000      0.00000
     -2.94212      2.23097      0.00000      0.00000
     -2.93212      2.49367      0.00000      0.00000
     -2.92212      2.60286      0.00000      0.00000
     -2.91212      2.79167      0.00000      0.00000
     -2.90212      2.65476      0.00000      0.00000
     -2.89212      1.99434      0.00000      0.00000
     -2.88212      1.72112      0.00000      0.00000
     -2.87212      2.06007      0.00000      0.00000
     -2.86212      2.42002      0.00000      0.00000
     -2.85212      2.45086      0.00000      0.00000
     -2.84212      2.32896      0.00000      0.00000
     -2.83212      2.20000      0.00000      0.00000
     -2.82212      2.15738      0.00000      0.00000
     -2.81212      2.25362      0.00000      0.00000
     -2.80212      2.48382      0.00000      0.00000
     -2.79212      2.22556      0.00000      0.00000
     -2.78212      1.56536      0.00000      0.00000
     -2.77212      1.29671      0.00000      0.00000
     -2.76212      1.46554      0.00000      0.00000
     -2.75212      1.86167      0.00000      0.00000
     -2.74212      2.35710      0.00000      0.00000
     -2.73212      2.72444      0.00000      0.00000
     -2.72212      2.75858      0.00000      0.00000
     -2.71212      2.65935      0.00000      0.00000
     -2.70212      2.36961      0.00000      0.00000
     -2.69212      1.97940      0.00000      0.00000
     -2.68212      1.99126      0.00000      0.00000
     -2.67212      2.42273      0.00000      0.00000
     -2.66212      2.55435      0.00000      0.00000
     -2.65212      2.28814      0.00000      0.00000
     -2.64212      1.94251      0.00000      0.00000
     -2.63212      2.11749      0.00000      0.00000
     -2.62212      2.55673      0.00000      0.00000
     -2.61212      2.45713      0.00000      0.00000
     -2.60212      2.07517      0.00000      0.00000
     -2.59212      1.81155      0.00000      0.00000
     -2.58212      1.95908      0.00000      0.00000
     -2.57212      2.28055      0.00000      0.00000
     -2.56212      2.26896      0.00000      0.00000
     -2.55212      1.93751      0.00000      0.00000
     -2.54212      1.59608      0.00000      0.00000
     -2.53212      1.47947      0.00000      0.00000
     -2.52212      1.56470      0.00000      0.00000
     -2.51212      1.78919      0.00000      0.00000
     -2.50212      2.20038      0.00000      0.00000
     -2.49212      2.64193      0.00000      0.00000
     -2.48212      2.72421      0.00000      0.00000
     -2.47212      2.51637      0.00000      0.00000
     -2.46212      2.32354      0.00000      0.00000
     -2.45212      2.66596      0.00000      0.00000
     -2.44212      3.16613      0.00000      0.00000
     -2.43212      2.95421      0.00000      0.00000
     -2.42212      2.50001      0.00000      0.00000
     -2.41212      2.10915      0.00000      0.00000
     -2.40212      1.79956      0.00000      0.00000
     -2.39212      1.54407      0.00000      0.00000
     -2.38212      1.48958      0.00000      0.00000
     -2.37212      1.57242      0.00000      0.00000
     -2.36212      1.49921      0.00000      0.00000
     -2.35212      1.37742      0.00000      0.00000
     -2.34212      1.33044      0.00000      0.00000
     -2.33212      1.67449      0.00000      0.00000
     -2.32212      2.10729      0.00000      0.00000
     -2.31212      2.31984      0.00000      0.00000
     -2.30212      2.79399      0.00000      0.00000
     -2.29212      3.05322      0.00000      0.00000
     -2.28212      2.66946      0.00000      0.00000
     -2.27212      2.09321      0.00000      0.00000
     -2.26212      1.89288      0.00000      0.00000
     -2.25212      2.23678      0.00000      0.00000
     -2.24212      2.63650      0.00000      0.00000
     -2.23212      2.73923      0.00000      0.00000
     -2.22212      2.71718      0.00000      0.00000
     -2.21212      2.61256      0.00000      0.00000
     -2.20212      2.14683      0.00000      0.00000
     -2.19212      1.50026      0.00000      0.00000
     -2.18212      1.38272      0.00000      0.00000
     -2.17212      1.64862      0.00000      0.00000
     -2.16212      1.76576      0.00000      0.00000
     -2.15212      1.71647      0.00000      0.00000
     -2.14212      1.93298      0.00000      0.00000
     -2.13212      1.95594      0.00000      0.00000
     -2.12212      1.97141      0.00000      0.00000
     -2.11212      2.34923      0.00000      0.00000
     -2.10212      2.34145      0.00000      0.00000
     -2.09212      2.01263      0.00000      0.00000
     -2.08212      1.91635      0.00000      0.00000
     -2.07212      1.96319      0.00000      0.00000
     -2.06212      2.02866      0.00000      0.00000
     -2.05212      2.15783      0.00000      0.00000
     -2.04212      2.17276      0.00000      0.00000
     -2.03212      2.10756      0.00000      0.00000
     -2.02212      2.18155      0.00000      0.00000
     -2.01212      2.24075      0.00000      0.00000
     -2.00212      2.20568      0.00000      0.00000
     -1.99212      2.22987      0.00000      0.00000
     -1.98212      2.24688      0.00000      0.00000
     -1.97212      2.23549      0.00000      0.00000
     -1.96212      2.11325      0.00000      0.00000
     -1.95212      2.18822      0.00000      0.00000
     -1.94212      2.54272      0.00000      0.00000
     -1.93212      2.51298      0.00000      0.00000
     -1.92212      2.02971      0.00000      0.00000
     -1.91212      1.72587      0.00000      0.00000
     -1.90212      1.73057      0.00000      0.00000
     -1.89212      1.79233      0.00000      0.00000
     -1.88212      1.88185      0.00000      0.00000
     -1.87212      1.88543      0.00000      0.00000
     -1.86212      1.87985      0.00000      0.00000
     -1.85212      2.01695      0.00000      0.00000
     -1.84212      1.89368      0.00000      0.00000
     -1.83212      1.51582      0.00000      0.00000
     -1.82212      1.62172      0.00000      0.00000
     -1.81212      2.12620      0.00000      0.00000
     -1.80212      2.39485      0.00000      0.00000
     -1.79212      2.39595      0.00000      0.00000
     -1.78212      2.21609      0.00000      0.00000
     -1.77212      1.91206      0.00000      0.00000
     -1.76212      1.93644      0.00000      0.00000
     -1.75212      2.45554      0.00000      0.00000
     -1.74212      2.78351      0.00000      0.00000
     -1.73212      2.48669      0.00000      0.00000
     -1.72212      2.10304      0.00000      0.00000
     -1.71212      2.04749      0.00000      0.00000
     -1.70212      2.01697      0.00000      0.00000
     -1.69212      1.90503      0.00000      0.00000
     -1.68212      1.66703      0.00000      0.00000
     -1.67212      1.52351      0.00000      0.00000
     -1.66212      1.81974      0.00000      0.00000
     -1.65212      2.19936      0.00000      0.00000
     -1.64212      2.40150      0.00000      0.00000
     -1.63212      2.59237      0.00000      0.00000
     -1.62212      2.43885      0.00000      0.00000
     -1.61212      2.01429      0.00000      0.00000
     -1.60212      1.52356      0.00000      0.00000
     -1.59212      1.40326      0.00000      0.00000
     -1.58212      1.48648      0.00000      0.00000
     -1.57212      1.67412      0.00000      0.00000
     -1.56212      1.89630      0.00000      0.00000
     -1.55212      2.24852      0.00000      0.00000
     -1.54212      2.39875      0.00000      0.00000
     -1.53212      2.31948      0.00000      0.00000
     -1.52212      2.36031      0.00000      0.00000
     -1.51212      2.24264      0.00000      0.00000
     -1.50212      1.87599      0.00000      0.00000
     -1.49212      1.75976      0.00000      0.00000
     -1.48212      1.84764      0.00000      0.00000
     -1.47212      1.91724      0.00000      0.00000
     -1.46212      2.17612      0.00000      0.00000
     -1.45212      2.60622      0.00000      0.00000
     -1.44212      2.36702      0.00000      0.00000
     -1.43212      1.84250      0.00000      0.00000
     -1.42212      1.94113      0.00000      0.00000
     -1.41212      2.26150      0.00000      0.00000
     -1.40212      2.09711      0.00000      0.00000
     -1.39212      1.93745      0.00000      0.00000
     -1.38212      1.92326      0.00000      0.00000
     -1.37212      1.87156      0.00000      0.00000
     -1.36212      1.99648      0.00000      0.00000
     -1.35212      2.26043      0.00000      0.00000
     -1.34212      2.27355      0.00000      0.00000
     -1.33212      2.07010      0.00000      0.00000
     -1.32212      1.75743      0.00000      0.00000
     -1.31212      1.59302      0.00000      0.00000
     -1.30212      1.74926      0.00000      0.00000
     -1.29212      1.79168      0.00000      0.00000
     -1.28212      1.45382      0.00000      0.00000
     -1.27212      1.42015      0.00000      0.00000
     -1.26212      2.10835      0.00000      0.00000
     -1.25212      2.51960      0.00000      0.00000
     -1.24212      2.13978      0.00000      0.00000
     -1.23212      1.79245      0.00000      0.00000
     -1.22212      2.21619      0.00000      0.00000
     -1.21212      3.17284      0.00000      0.00000
     -1.20212      3.18804      0.00000      0.00000
     -1.19212      2.19937      0.00000      0.00000
     -1.18212      1.71379      0.00000      0.00000
     -1.17212      2.02199      0.00000      0.00000
     -1.16212      2.37156      0.00000      0.00000
     -1.15212      2.04626      0.00000      0.00000
     -1.14212      1.46050      0.00000      0.00000
     -1.13212      1.48629      0.00000      0.00000
     -1.12212      1.70579      0.00000      0.00000
     -1.11212      1.65444      0.00000      0.00000
     -1.10212      1.79055      0.00000      0.00000
     -1.09212      2.16624      0.00000      0.00000
     -1.08212      2.02314      0.00000      0.00000
     -1.07212      1.63993      0.00000      0.00000
     -1.06212      1.42453      0.00000      0.00000
     -1.05212      1.21776      0.00000      0.00000
     -1.04212      1.40725      0.00000      0.00000
     -1.03212      1.83367      0.00000      0.00000
     -1.02212      2.22658      0.00000      0.00000
     -1.01212      2.35280      0.00000      0.00000
     -1.00212      2.07753      0.00000      0.00000
     -0.99212      2.03352      0.00000      0.00000
     -0.98212      1.99410      0.00000      0.00000
     -0.97212      1.69027      0.00000      0.00000
     -0.96212      1.51334      0.00000      0.00000
     -0.95212      1.34028      0.00000      0.00000
     -0.94212      1.22581      0.00000      0.00000
     -0.93212      1.21368      0.00000      0.00000
     -0.92212      1.17793      0.00000      0.00000
     -0.91212      1.12884      0.00000      0.00000
     -0.90212      0.97661      0.00000      0.00000
     -0.89212      0.92044      0.00000      0.00000
     -0.88212      1.28614      0.00000      0.00000
     -0.87212      1.63547      0.00000      0.00000
     -0.86212      1.58081      0.00000      0.00000
     -0.85212      1.37014      0.00000      0.00000
     -0.84212      1.23358      0.00000      0.00000
     -0.83212      1.22988      0.00000      0.00000
     -0.82212      1.24421      0.00000      0.00000
     -0.81212      1.29900      0.00000      0.00000
     -0.80212      1.62992      0.00000      0.00000
     -0.79212      1.83182      0.00000      0.00000
     -0.78212      1.56762      0.00000      0.00000
     -0.77212      1.26164      0.00000      0.00000
     -0.76212      1.06676      0.00000      0.00000
     -0.75212      0.94402      0.00000      0.00000
     -0.74212      0.83208      0.00000      0.00000
     -0.73212      0.82241      0.00000      0.00000
     -0.72212      1.05308      0.00000      0.00000
     -0.71212      1.20515      0.00000      0.00000
     -0.70212      1.04969      0.00000      0.00000
     -0.69212      0.93660      0.00000      0.00000
     -0.68212      1.02911      0.00000      0.00000
     -0.67212      1.11153      0.00000      0.00000
     -0.66212      0.96147      0.00000      0.00000
     -0.65212      0.90910      0.00000      0.00000
     -0.64212      1.18711      0.00000      0.00000
     -0.63212      1.44799      0.00000      0.00000
     -0.62212      1.46724      0.00000      0.00000
     -0.61212      1.44050      0.00000      0.00000
     -0.60212      1.23468      0.00000      0.00000
     -0.59212      0.90283      0.00000      0.00000
     -0.58212      0.84895      0.00000      0.00000
     -0.57212      0.97556      0.00000      0.00000
     -0.56212      0.88246      0.00000      0.00000
     -0.55212      0.53011      0.00000      0.00000
     -0.54212      0.43808      0.00000      0.00000
     -0.53212      0.64635      0.00000      0.00000
     -0.52212      0.66055      0.00000      0.00000
     -0.51212      0.71073      0.00000      0.00000
     -0.50212      1.07858      0.00000      0.00000
     -0.49212      1.32097      0.00000      0.00000
     -0.48212      1.26162      0.00000      0.00000
     -0.47212      1.03220      0.00000      0.00000
     -0.46212      0.83684      0.00000      0.00000
     -0.45212      0.93023      0.00000      0.00000
     -0.44212      1.14293      0.00000      0.00000
     -0.43212      1.08190      0.00000      0.00000
     -0.42212      0.96505      0.00000      0.00000
     -0.41212      0.80499      0.00000      0.00000
     -0.40212      0.47418      0.00000      0.00000
     -0.39212      0.36084      0.00000      0.00000
     -0.38212      0.54288      0.00000      0.00000
     -0.37212      0.57348      0.00000      0.00000
     -0.36212      0.46746      0.00000      0.00000
     -0.35212      0.60557      0.00000      0.00000
     -0.34212      0.99342      0.00000      0.00000
     -0.33212      1.12200      0.00000      0.00000
     -0.32212      0.87040      0.00000      0.00000
     -0.31212      0.68276      0.00000      0.00000
     -0.30212      0.70258      0.00000      0.00000
     -0.29212      0.82442      0.00000      0.00000
     -0.28212      0.84071      0.00000      0.00000
     -0.27212      0.61928      0.00000      0.00000
     -0.26212      0.50594      0.00000      0.00000
     -0.25212      0.60032      0.00000      0.00000
     -0.24212      0.62406      0.00000      0.00000
     -0.23212      0.52219      0.00000      0.00000
     -0.22212      0.47482      0.00000      0.00000
     -0.21212      0.50220      0.00000      0.00000
     -0.20212      0.58546      0.00000      0.00000
     -0.19212      0.65623      0.00000      0.00000
     -0.18212      0.56419      0.00000      0.00000
     -0.17212      0.42146      0.00000      0.00000
     -0.16212      0.52159      0.00000      0.00000
     -0.15212      0.69127      0.00000      0.00000
     -0.14212      0.67369      0.00000      0.00000
     -0.13212      0.50578      0.00000      0.00000
     -0.12212      0.27621      0.00000      0.00000
     -0.11212      0.31156      0.00000      0.00000
     -0.10212      0.50232      0.00000      0.00000
     -0.09212      0.42246      0.00000      0.00000
     -0.08212      0.27525      0.00000      0.00000
     -0.07212      0.35144      0.00000      0.00000
     -0.06212      0.42647      0.00000      0.00000
     -0.05212      0.38168      0.00000      0.00000
     -0.04212      0.26956      0.00000      0.00000
     -0.03212      0.20908      0.00000      0.00000
     -0.02212      0.18425      0.00000      0.00000
     -0.01212      0.13902      0.00000      0.00000
     -0.00212      0.06906      0.00000      0.00000
      0.00788      0.01681      0.00000      0.00000
      0.01788      0.00176      0.00000      0.00000
      0.02788      0.00008      0.00000      0.00000
      0.03788      0.00000      0.00000      0.00000
      0.04788      0.00000      0.00000      0.00000
      0.05788      0.00000      0.00000      0.00000
      0.06788      0.00000      0.00000      0.00000
      0.07788      0.00000      0.00000      0.00000
      0.08788      0.00000      0.00000      0.00000
      0.09788      0.00000      0.00000      0.00000
      0.10788      0.00000      0.00000      0.00000
      0.11788      0.00000      0.00000      0.00000
      0.12788      0.00000      0.00000      0.00000
      0.13788      0.00000      0.00000      0.00000
      0.14788      0.00000      0.00000      0.00000
      0.15788      0.00000      0.00000      0.00000
      0.16788      0.00000      0.00000      0.00000
      0.17788      0.00000      0.00000      0.00000
      0.18788      0.00000      0.00000      0.00000
      0.19788      0.00000      0.00000      0.00000
      0.20788      0.00000      0.00000      0.00000
      0.21788      0.00000      0.00000      0.00000
      0.22788      0.00000      0.00000      0.00000
      0.23788      0.00000      0.00000      0.00000
      0.24788      0.00000      0.00000      0.00000
      0.25788      0.00000      0.00000      0.00000
      0.26788      0.00000      0.00000      0.00000
      0.27788      0.00000      0.00000      0.00000
      0.28788      0.00000      0.00000      0.00000
      0.29788      0.00000      0.00000      0.00000
      0.30788      0.00000      0.00000      0.00000
      0.31788      0.00000      0.00000      0.00000
      0.32788      0.00000      0.00000      0.00000
      0.33788      0.00000      0.00000      0.00000
      0.34788      0.00000      0.00000      0.00000
      0.35788      0.00000      0.00000      0.00000
      0.36788      0.00000      0.00000      0.00000
      0.37788      0.00000      0.00000      0.00000
      0.38788      0.00000      0.00000      0.00000
      0.39788      0.00000      0.00000      0.00000
      0.40788      0.00000      0.00000      0.00000
      0.41788      0.00000      0.00000      0.00000
      0.42788      0.00000      0.00000      0.00000
      0.43788      0.00000      0.00000      0.00000
      0.44788      0.00000      0.00000      0.00000
      0.45788      0.00000      0.00000      0.00000
      0.46788      0.00000      0.00000      0.00000
      0.47788      0.00000      0.00000      0.00000
      0.48788      0.00000      0.00000      0.00000
      0.49788      0.00000      0.00000      0.00000
      0.50788      0.00000      0.00000      0.00000
      0.51788      0.00000      0.00000      0.00000
      0.52788      0.00000      0.00000      0.00000
      0.53788      0.00000      0.00000      0.00000
      0.54788      0.00000      0.00000      0.00000
      0.55788      0.00000      0.00000      0.00000
      0.56788      0.00000      0.00000      0.00000
      0.57788      0.00000      0.00000      0.00000
      0.58788      0.00000      0.00000      0.00000
      0.59788      0.00000      0.00000      0.00000
      0.60788      0.00000      0.00000      0.00000
      0.61788      0.00000      0.00000      0.00000
      0.62788      0.00000      0.00000      0.00000
      0.63788      0.00000      0.00000      0.00000
      0.64788      0.00000      0.00000      0.00000
      0.65788      0.00000      0.00000      0.00000
      0.66788      0.00000      0.00000      0.00000
      0.67788      0.00000      0.00000      0.00000
      0.68788      0.00000      0.00000      0.00000
      0.69788      0.00000      0.00000      0.00000
      0.70788      0.00000      0.00000      0.00000
      0.71788      0.00000      0.00000      0.00000
      0.72788      0.00000      0.00000      0.00000
      0.73788      0.00000      0.00000      0.00000
      0.74788      0.00000      0.00000      0.00000
      0.75788      0.00000      0.00000      0.00000
      0.76788      0.00000      0.00000      0.00000
      0.77788      0.00000      0.00000      0.00000
      0.78788      0.00000      0.00000      0.00000
      0.79788      0.00000      0.00000      0.00000
      0.80788      0.00000      0.00000      0.00000
      0.81788      0.00000      0.00000      0.00000
      0.82788      0.00000      0.00000      0.00000
      0.83788      0.00000      0.00000      0.00000
      0.84788      0.00000      0.00000      0.00000
      0.85788      0.00000      0.00000      0.00000
      0.86788      0.00000      0.00000      0.00000
      0.87788      0.00000      0.00000      0.00000
      0.88788      0.00000      0.00000      0.00000
      0.89788      0.00000      0.00000      0.00000
      0.90788      0.00000      0.00000      0.00000
      0.91788      0.00000      0.00000      0.00000
      0.92788      0.00000      0.00000      0.00000
      0.93788      0.00000      0.00000      0.00000
      0.94788      0.00000      0.00000      0.00000
      0.95788      0.00000      0.00000      0.00000
      0.96788      0.00000      0.00000      0.00000
      0.97788      0.00000      0.00000      0.00000
      0.98788      0.00000      0.00000      0.00000
      0.99788      0.00000      0.00000      0.00000
      1.00788      0.00000      0.00000      0.00000
      1.01788      0.00000      0.00000      0.00000
      1.02788      0.00000      0.00000      0.00000
      1.03788      0.00000      0.00000      0.00000
      1.04788      0.00000      0.00000      0.00000
      1.05788      0.00000      0.00000      0.00000
      1.06788      0.00000      0.00000      0.00000
      1.07788      0.00000      0.00000      0.00000
      1.08788      0.00000      0.00000      0.00000
      1.09788      0.00000      0.00000      0.00000
      1.10788      0.00000      0.00000      0.00000
      1.11788      0.00000      0.00000      0.00000
      1.12788      0.00000      0.00000      0.00000
      1.13788      0.00000      0.00000      0.00000
      1.14788      0.00000      0.00000      0.00000
      1.15788      0.00000      0.00000      0.00000
      1.16788      0.00000      0.00000      0.00000
      1.17788      0.00000      0.00000      0.00000
      1.18788      0.00000      0.00000      0.00000
      1.19788      0.00000      0.00000      0.00000
      1.20788      0.00000      0.00000      0.00000
      1.21788      0.00000      0.00000      0.00000
      1.22788      0.00000      0.00000      0.00000
      1.23788      0.00000      0.00000      0.00000
      1.24788      0.00000      0.00000      0.00000
      1.25788      0.00000      0.00000      0.00000
      1.26788      0.00000      0.00000      0.00000
      1.27788      0.00000      0.00000      0.00000
      1.28788      0.00000      0.00000      0.00000
      1.29788      0.00000      0.00000      0.00000
      1.30788      0.00000      0.00000      0.00000
      1.31788      0.00000      0.00000      0.00000
      1.32788      0.00000      0.00000      0.00000
      1.33788      0.00000      0.00000      0.00000
      1.34788      0.00000      0.00000      0.00000
      1.35788      0.00000      0.00000      0.00000
      1.36788      0.00000      0.00000      0.00000
      1.37788      0.00000      0.00000      0.00000
      1.38788      0.00000      0.00000      0.00000
      1.39788      0.00000      0.00000      0.00000
      1.40788      0.00000      0.00000      0.00000
      1.41788      0.00000      0.00000      0.00000
      1.42788      0.00001      0.00000      0.00000
      1.43788      0.00037      0.00000      0.00000
      1.44788      0.00574      0.00000      0.00000
      1.45788      0.03243      0.00000      0.00000
      1.46788      0.06743      0.00000      0.00000
      1.47788      0.05201      0.00000      0.00000
      1.48788      0.02096      0.00000      0.00000
      1.49788      0.03607      0.00000      0.00000
      1.50788      0.06822      0.00000      0.00000
      1.51788      0.04945      0.00000      0.00000
      1.52788      0.01320      0.00000      0.00000
      1.53788      0.00130      0.00000      0.00000
      1.54788      0.00022      0.00000      0.00000
      1.55788      0.00433      0.00000      0.00000
      1.56788      0.04128      0.00000      0.00000
      1.57788      0.14822      0.00000      0.00000
      1.58788      0.20145      0.00000      0.00000
      1.59788      0.10885      0.00000      0.00000
      1.60788      0.06094      0.00000      0.00000
      1.61788      0.11947      0.00000      0.00000
      1.62788      0.12616      0.00000      0.00000
      1.63788      0.04963      0.00000      0.00000
      1.64788      0.00745      0.00000      0.00000
      1.65788      0.00494      0.00000      0.00000
      1.66788      0.02905      0.00000      0.00000
      1.67788      0.07615      0.00000      0.00000
      1.68788      0.12644      0.00000      0.00000
      1.69788      0.20320      0.00000      0.00000
      1.70788      0.21554      0.00000      0.00000
      1.71788      0.13865      0.00000      0.00000
      1.72788      0.05955      0.00000      0.00000
      1.73788      0.01337      0.00000      0.00000
      1.74788      0.00124      0.00000      0.00000
      1.75788      0.00010      0.00000      0.00000
      1.76788      0.00168      0.00000      0.00000
      1.77788      0.01989      0.00000      0.00000
      1.78788      0.09726      0.00000      0.00000
      1.79788      0.21219      0.00000      0.00000
      1.80788      0.24766      0.00000      0.00000
      1.81788      0.20024      0.00000      0.00000
      1.82788      0.14719      0.00000      0.00000
      1.83788      0.15393      0.00000      0.00000
      1.84788      0.13979      0.00000      0.00000
      1.85788      0.16078      0.00000      0.00000
      1.86788      0.20332      0.00000      0.00000
      1.87788      0.12384      0.00000      0.00000
      1.88788      0.06128      0.00000      0.00000
      1.89788      0.15912      0.00000      0.00000
      1.90788      0.30917      0.00000      0.00000
      1.91788      0.25972      0.00000      0.00000
      1.92788      0.09265      0.00000      0.00000
      1.93788      0.01411      0.00000      0.00000
      1.94788      0.01013      0.00000      0.00000
      1.95788      0.06520      0.00000      0.00000
      1.96788      0.18833      0.00000      0.00000
      1.97788      0.24474      0.00000      0.00000
      1.98788      0.15788      0.00000      0.00000
      1.99788      0.08762      0.00000      0.00000
      2.00788      0.09169      0.00000      0.00000
      2.01788      0.12386      0.00000      0.00000
      2.02788      0.16791      0.00000      0.00000
      2.03788      0.15507      0.00000      0.00000
      2.04788      0.14176      0.00000      0.00000
      2.05788      0.15553      0.00000      0.00000
      2.06788      0.11569      0.00000      0.00000
      2.07788      0.08092      0.00000      0.00000
      2.08788      0.15109      0.00000      0.00000
      2.09788      0.22785      0.00000      0.00000
      2.10788      0.23078      0.00000      0.00000
      2.11788      0.16822      0.00000      0.00000
      2.12788      0.16717      0.00000      0.00000
      2.13788      0.27334      0.00000      0.00000
      2.14788      0.26714      0.00000      0.00000
      2.15788      0.23817      0.00000      0.00000
      2.16788      0.32281      0.00000      0.00000
      2.17788      0.32237      0.00000      0.00000
      2.18788      0.15928      0.00000      0.00000
      2.19788      0.08463      0.00000      0.00000
      2.20788      0.21051      0.00000      0.00000
      2.21788      0.32619      0.00000      0.00000
      2.22788      0.29026      0.00000      0.00000
      2.23788      0.34415      0.00000      0.00000
      2.24788      0.44190      0.00000      0.00000
      2.25788      0.30615      0.00000      0.00000
      2.26788      0.09893      0.00000      0.00000
      2.27788      0.04290      0.00000      0.00000
      2.28788      0.06794      0.00000      0.00000
      2.29788      0.06274      0.00000      0.00000
      2.30788      0.09324      0.00000      0.00000
      2.31788      0.23127      0.00000      0.00000
      2.32788      0.25821      0.00000      0.00000
      2.33788      0.15122      0.00000      0.00000
      2.34788      0.20659      0.00000      0.00000
      2.35788      0.33889      0.00000      0.00000
      2.36788      0.30066      0.00000      0.00000
      2.37788      0.21303      0.00000      0.00000
      2.38788      0.22588      0.00000      0.00000
      2.39788      0.18054      0.00000      0.00000
      2.40788      0.08611      0.00000      0.00000
      2.41788      0.14139      0.00000      0.00000
      2.42788      0.26040      0.00000      0.00000
      2.43788      0.20640      0.00000      0.00000
      2.44788      0.11197      0.00000      0.00000
      2.45788      0.20659      0.00000      0.00000
      2.46788      0.39994      0.00000      0.00000
      2.47788      0.46257      0.00000      0.00000
      2.48788      0.37850      0.00000      0.00000
      2.49788      0.41510      0.00000      0.00000
      2.50788      0.46161      0.00000      0.00000
      2.51788      0.32889      0.00000      0.00000
      2.52788      0.19758      0.00000      0.00000
      2.53788      0.17237      0.00000      0.00000
      2.54788      0.19175      0.00000      0.00000
      2.55788      0.32232      0.00000      0.00000
      2.56788      0.51363      0.00000      0.00000
      2.57788      0.64021      0.00000      0.00000
      2.58788      0.54940      0.00000      0.00000
      2.59788      0.39900      0.00000      0.00000
      2.60788      0.27207      0.00000      0.00000
      2.61788      0.10477      0.00000      0.00000
      2.62788      0.05989      0.00000      0.00000
      2.63788      0.20656      0.00000      0.00000
      2.64788      0.39114      0.00000      0.00000
      2.65788      0.37446      0.00000      0.00000
      2.66788      0.36813      0.00000      0.00000
      2.67788      0.48741      0.00000      0.00000
      2.68788      0.45364      0.00000      0.00000
      2.69788      0.31550      0.00000      0.00000
      2.70788      0.26912      0.00000      0.00000
      2.71788      0.19693      0.00000      0.00000
      2.72788      0.14655      0.00000      0.00000
      2.73788      0.15994      0.00000      0.00000
      2.74788      0.17447      0.00000      0.00000
      2.75788      0.19390      0.00000      0.00000
      2.76788      0.22235      0.00000      0.00000
      2.77788      0.21910      0.00000      0.00000
      2.78788      0.12822      0.00000      0.00000
      2.79788      0.09629      0.00000      0.00000
      2.80788      0.14919      0.00000      0.00000
      2.81788      0.26679      0.00000      0.00000
      2.82788      0.33067      0.00000      0.00000
      2.83788      0.45901      0.00000      0.00000
      2.84788      0.66494      0.00000      0.00000
      2.85788      0.58239      0.00000      0.00000
      2.86788      0.45017      0.00000      0.00000
      2.87788      0.53266      0.00000      0.00000
      2.88788      0.68567      0.00000      0.00000
      2.89788      0.81169      0.00000      0.00000
      2.90788      0.73846      0.00000      0.00000
      2.91788      0.46951      0.00000      0.00000
      2.92788      0.35611      0.00000      0.00000
      2.93788      0.44704      0.00000      0.00000
      2.94788      0.53432      0.00000      0.00000
      2.95788      0.43679      0.00000      0.00000
      2.96788      0.35678      0.00000      0.00000
      2.97788      0.33258      0.00000      0.00000
      2.98788      0.41623      0.00000      0.00000
      2.99788      0.50421      0.00000      0.00000
      3.00788      0.38277      0.00000      0.00000
      3.01788      0.31978      0.00000      0.00000
      3.02788      0.37630      0.00000      0.00000
      3.03788      0.40014      0.00000      0.00000
      3.04788      0.40863      0.00000      0.00000
      3.05788      0.34462      0.00000      0.00000
      3.06788      0.28489      0.00000      0.00000
      3.07788      0.27998      0.00000      0.00000
      3.08788      0.35960      0.00000      0.00000
      3.09788      0.42802      0.00000      0.00000
      3.10788      0.40443      0.00000      0.00000
      3.11788      0.28739      0.00000      0.00000
      3.12788      0.27502      0.00000      0.00000
      3.13788      0.30851      0.00000      0.00000
      3.14788      0.19542      0.00000      0.00000
      3.15788      0.07376      0.00000      0.00000
      3.16788      0.13919      0.00000      0.00000
      3.17788      0.47217      0.00000      0.00000
      3.18788      0.82148      0.00000      0.00000
      3.19788      0.87797      0.00000      0.00000
      3.20788      0.77646      0.00000      0.00000
      3.21788      0.79493      0.00000      0.00000
      3.22788      0.82252      0.00000      0.00000
      3.23788      0.71507      0.00000      0.00000
      3.24788      0.47360      0.00000      0.00000
      3.25788      0.26648      0.00000      0.00000
      3.26788      0.38652      0.00000      0.00000
      3.27788      0.56515      0.00000      0.00000
      3.28788      0.54624      0.00000      0.00000
      3.29788      0.46982      0.00000      0.00000
      3.30788      0.34075      0.00000      0.00000
      3.31788      0.20851      0.00000      0.00000
      3.32788      0.30918      0.00000      0.00000
      3.33788      0.66424      0.00000      0.00000
      3.34788      0.81394      0.00000      0.00000
      3.35788      0.65417      0.00000      0.00000
      3.36788      0.59165      0.00000      0.00000
      3.37788      0.70034      0.00000      0.00000
      3.38788      0.75889      0.00000      0.00000
      3.39788      0.60580      0.00000      0.00000
      3.40788      0.43206      0.00000      0.00000
      3.41788      0.43447      0.00000      0.00000
      3.42788      0.60623      0.00000      0.00000
      3.43788      0.80206      0.00000      0.00000
      3.44788      0.65282      0.00000      0.00000
      3.45788      0.33663      0.00000      0.00000
      3.46788      0.24574      0.00000      0.00000
      3.47788      0.23650      0.00000      0.00000
      3.48788      0.27328      0.00000      0.00000
      3.49788      0.39518      0.00000      0.00000
      3.50788      0.51149      0.00000      0.00000
      3.51788      0.65991      0.00000      0.00000
      3.52788      0.75793      0.00000      0.00000
      3.53788      0.70532      0.00000      0.00000
      3.54788      0.68032      0.00000      0.00000
      3.55788      0.84373      0.00000      0.00000
      3.56788      0.85499      0.00000      0.00000
      3.57788      0.65872      0.00000      0.00000
      3.58788      0.48920      0.00000      0.00000
      3.59788      0.33374      0.00000      0.00000
      3.60788      0.54433      0.00000      0.00000
      3.61788      1.00898      0.00000      0.00000
      3.62788      0.84480      0.00000      0.00000
      3.63788      0.32331      0.00000      0.00000
      3.64788      0.16413      0.00000      0.00000
      3.65788      0.24996      0.00000      0.00000
      3.66788      0.43010      0.00000      0.00000
      3.67788      0.70856      0.00000      0.00000
      3.68788      0.71506      0.00000      0.00000
      3.69788      0.65344      0.00000      0.00000
      3.70788      0.79855      0.00000      0.00000
      3.71788      0.88802      0.00000      0.00000
      3.72788      0.77230      0.00000      0.00000
      3.73788      0.60739      0.00000      0.00000
      3.74788      0.48204      0.00000      0.00000
      3.75788      0.48901      0.00000      0.00000
      3.76788      0.64273      0.00000      0.00000
      3.77788      0.81517      0.00000      0.00000
      3.78788      0.86891      0.00000      0.00000
      3.79788      0.84573      0.00000      0.00000
      3.80788      0.87106      0.00000      0.00000
      3.81788      0.69533      0.00000      0.00000
      3.82788      0.42992      0.00000      0.00000
      3.83788      0.61921      0.00000      0.00000
      3.84788      0.91281      0.00000      0.00000
      3.85788      0.82265      0.00000      0.00000
      3.86788      0.69816      0.00000      0.00000
      3.87788      0.60453      0.00000      0.00000
      3.88788      0.58370      0.00000      0.00000
      3.89788      0.77568      0.00000      0.00000
      3.90788      0.76280      0.00000      0.00000
      3.91788      0.63071      0.00000      0.00000
      3.92788      0.62379      0.00000      0.00000
      3.93788      0.63478      0.00000      0.00000
      3.94788      0.60445      0.00000      0.00000
      3.95788      0.69091      0.00000      0.00000
      3.96788      0.80208      0.00000      0.00000
      3.97788      0.77879      0.00000      0.00000
      3.98788      0.62481      0.00000      0.00000
      3.99788      0.65313      0.00000      0.00000
      4.00788      0.82329      0.00000      0.00000
      4.01788      0.69279      0.00000      0.00000
      4.02788      0.53418      0.00000      0.00000
      4.03788      0.82778      0.00000      0.00000
      4.04788      1.29932      0.00000      0.00000
      4.05788      1.37123      0.00000      0.00000
      4.06788      0.98083      0.00000      0.00000
      4.07788      0.51317      0.00000      0.00000
      4.08788      0.42534      0.00000      0.00000
      4.09788      0.75370      0.00000      0.00000
      4.10788      0.89936      0.00000      0.00000
      4.11788      0.81283      0.00000      0.00000
      4.12788      0.76960      0.00000      0.00000
      4.13788      0.75183      0.00000      0.00000
      4.14788      0.61758      0.00000      0.00000
      4.15788      0.42238      0.00000      0.00000
      4.16788      0.41316      0.00000      0.00000
      4.17788      0.61598      0.00000      0.00000
      4.18788      0.88288      0.00000      0.00000
      4.19788      1.02802      0.00000      0.00000
      4.20788      1.00969      0.00000      0.00000
      4.21788      0.84025      0.00000      0.00000
      4.22788      0.74787      0.00000      0.00000
      4.23788      0.90706      0.00000      0.00000
      4.24788      0.90949      0.00000      0.00000
      4.25788      0.84150      0.00000      0.00000
      4.26788      0.79811      0.00000      0.00000
      4.27788      0.73155      0.00000      0.00000
      4.28788      0.79589      0.00000      0.00000
      4.29788      0.79917      0.00000      0.00000
      4.30788      0.61927      0.00000      0.00000
      4.31788      0.64905      0.00000      0.00000
      4.32788      0.99780      0.00000      0.00000
      4.33788      1.23172      0.00000      0.00000
      4.34788      1.32805      0.00000      0.00000
      4.35788      1.43222      0.00000      0.00000
      4.36788      1.28955      0.00000      0.00000
      4.37788      0.97055      0.00000      0.00000
      4.38788      0.82047      0.00000      0.00000
      4.39788      0.84315      0.00000      0.00000
      4.40788      1.26837      0.00000      0.00000
      4.41788      1.71444      0.00000      0.00000
      4.42788      1.37129      0.00000      0.00000
      4.43788      0.90236      0.00000      0.00000
      4.44788      0.61067      0.00000      0.00000
      4.45788      0.46656      0.00000      0.00000
      4.46788      0.47767      0.00000      0.00000
      4.47788      0.53082      0.00000      0.00000
      4.48788      0.60095      0.00000      0.00000
      4.49788      0.68760      0.00000      0.00000
      4.50788      0.89795      0.00000      0.00000
      4.51788      1.10918      0.00000      0.00000
      4.52788      1.12462      0.00000      0.00000
      4.53788      0.93193      0.00000      0.00000
      4.54788      0.69043      0.00000      0.00000
      4.55788      0.56377      0.00000      0.00000
      4.56788      0.67928      0.00000      0.00000
      4.57788      0.86012      0.00000      0.00000
      4.58788      0.89049      0.00000      0.00000
      4.59788      0.92767      0.00000      0.00000
      4.60788      1.05535      0.00000      0.00000
      4.61788      1.05090      0.00000      0.00000
      4.62788      0.90957      0.00000      0.00000
      4.63788      1.01777      0.00000      0.00000
      4.64788      1.44149      0.00000      0.00000
      4.65788      1.82260      0.00000      0.00000
      4.66788      1.82277      0.00000      0.00000
      4.67788      1.71525      0.00000      0.00000
      4.68788      1.65968      0.00000      0.00000
      4.69788      1.49809      0.00000      0.00000
      4.70788      1.38625      0.00000      0.00000
      4.71788      1.47145      0.00000      0.00000
      4.72788      1.65223      0.00000      0.00000
      4.73788      1.57852      0.00000      0.00000
      4.74788      1.32695      0.00000      0.00000
      4.75788      1.09051      0.00000      0.00000
      4.76788      1.01729      0.00000      0.00000
      4.77788      1.16720      0.00000      0.00000
      4.78788      1.12013      0.00000      0.00000
      4.79788      0.94807      0.00000      0.00000
      4.80788      1.20444      0.00000      0.00000
      4.81788      1.37794      0.00000      0.00000
      4.82788      1.05093      0.00000      0.00000
      4.83788      0.97146      0.00000      0.00000
      4.84788      1.20509      0.00000      0.00000
      4.85788      1.10721      0.00000      0.00000
      4.86788      0.70740      0.00000      0.00000
      4.87788      0.72383      0.00000      0.00000
      4.88788      1.12055      0.00000      0.00000
      4.89788      1.26580      0.00000      0.00000
      4.90788      1.05313      0.00000      0.00000
      4.91788      0.91640      0.00000      0.00000
      4.92788      1.35618      0.00000      0.00000
      4.93788      1.89444      0.00000      0.00000
      4.94788      1.81014      0.00000      0.00000
      4.95788      1.67793      0.00000      0.00000
      4.96788      1.66950      0.00000      0.00000
      4.97788      1.68121      0.00000      0.00000
      4.98788      1.93192      0.00000      0.00000
      4.99788      2.28696      0.00000      0.00000
      5.00788      2.29209      0.00000      0.00000
      5.01788      2.04750      0.00000      0.00000
      5.02788      2.15471      0.00000      0.00000
      5.03788      2.43817      0.00000      0.00000
      5.04788      2.22880      0.00000      0.00000
      5.05788      1.55548      0.00000      0.00000
      5.06788      1.22126      0.00000      0.00000
      5.07788      1.34108      0.00000      0.00000
      5.08788      1.37737      0.00000      0.00000
      5.09788      1.47772      0.00000      0.00000
      5.10788      1.62599      0.00000      0.00000
      5.11788      1.72809      0.00000      0.00000
      5.12788      1.86201      0.00000      0.00000
      5.13788      2.02043      0.00000      0.00000
      5.14788      1.99390      0.00000      0.00000
      5.15788      1.70840      0.00000      0.00000
      5.16788      1.69492      0.00000      0.00000
      5.17788      1.85738      0.00000      0.00000
      5.18788      2.19644      0.00000      0.00000
      5.19788      3.00701      0.00000      0.00000
      5.20788      3.49903      0.00000      0.00000
      5.21788      3.11405      0.00000      0.00000
      5.22788      2.35229      0.00000      0.00000
      5.23788      1.77829      0.00000      0.00000
      5.24788      1.67234      0.00000      0.00000
      5.25788      2.00973      0.00000      0.00000
      5.26788      2.05937      0.00000      0.00000
      5.27788      1.58293      0.00000      0.00000
      5.28788      1.68149      0.00000      0.00000
      5.29788      2.08249      0.00000      0.00000
      5.30788      1.82526      0.00000      0.00000
      5.31788      1.41167      0.00000      0.00000
      5.32788      1.60676      0.00000      0.00000
      5.33788      1.96676      0.00000      0.00000
      5.34788      1.76306      0.00000      0.00000
      5.35788      1.44284      0.00000      0.00000
      5.36788      1.57565      0.00000      0.00000
      5.37788      1.58394      0.00000      0.00000
      5.38788      1.24972      0.00000      0.00000
      5.39788      1.20274      0.00000      0.00000
      5.40788      1.36762      0.00000      0.00000
      5.41788      1.33352      0.00000      0.00000
      5.42788      1.36577      0.00000      0.00000
      5.43788      1.49968      0.00000      0.00000
      5.44788      1.49208      0.00000      0.00000
      5.45788      1.57776      0.00000      0.00000
      5.46788      1.65692      0.00000      0.00000
      5.47788      1.60224      0.00000      0.00000
      5.48788      1.66393      0.00000      0.00000
      5.49788      1.95989      0.00000      0.00000
      5.50788      2.15384      0.00000      0.00000
      5.51788      1.57560      0.00000      0.00000
      5.52788      1.04182      0.00000      0.00000
      5.53788      1.20447      0.00000      0.00000
      5.54788      1.63117      0.00000      0.00000
      5.55788      2.09485      0.00000      0.00000
      5.56788      2.26747      0.00000      0.00000
      5.57788      1.79197      0.00000      0.00000
      5.58788      1.46216      0.00000      0.00000
      5.59788      1.23569      0.00000      0.00000
      5.60788      1.20454      0.00000      0.00000
      5.61788      1.75809      0.00000      0.00000
      5.62788      2.16212      0.00000      0.00000
      5.63788      2.15784      0.00000      0.00000
      5.64788      2.40892      0.00000      0.00000
      5.65788      2.94372      0.00000      0.00000
      5.66788      2.89189      0.00000      0.00000
      5.67788      2.35993      0.00000      0.00000
      5.68788      2.12090      0.00000      0.00000
      5.69788      2.23764      0.00000      0.00000
      5.70788      2.24276      0.00000      0.00000
      5.71788      2.16253      0.00000      0.00000
      5.72788      2.29350      0.00000      0.00000
      5.73788      2.13641      0.00000      0.00000
      5.74788      1.94608      0.00000      0.00000
      5.75788      2.11359      0.00000      0.00000
      5.76788      2.10994      0.00000      0.00000
      5.77788      1.83712      0.00000      0.00000
      5.78788      1.56643      0.00000      0.00000
      5.79788      1.54618      0.00000      0.00000
      5.80788      1.83083      0.00000      0.00000
      5.81788      2.05343      0.00000      0.00000
      5.82788      1.89634      0.00000      0.00000
      5.83788      1.48778      0.00000      0.00000
      5.84788      1.27637      0.00000      0.00000
      5.85788      1.33817      0.00000      0.00000
      5.86788      1.24563      0.00000      0.00000
      5.87788      1.27782      0.00000      0.00000
      5.88788      1.65386      0.00000      0.00000
      5.89788      1.57209      0.00000      0.00000
      5.90788      1.03518      0.00000      0.00000
      5.91788      0.95833      0.00000      0.00000
      5.92788      1.27145      0.00000      0.00000
      5.93788      1.43991      0.00000      0.00000
      5.94788      1.51745      0.00000      0.00000
      5.95788      1.49821      0.00000      0.00000
      5.96788      1.33784      0.00000      0.00000
      5.97788      1.56052      0.00000      0.00000
      5.98788      1.81951      0.00000      0.00000
      5.99788      1.79544      0.00000      0.00000
      6.00788      1.68647      0.00000      0.00000
      6.01788      1.43627      0.00000      0.00000
      6.02788      1.12218      0.00000      0.00000
      6.03788      1.05219      0.00000      0.00000
      6.04788      1.18243      0.00000      0.00000
      6.05788      1.33667      0.00000      0.00000
      6.06788      1.18052      0.00000      0.00000
      6.07788      1.06340      0.00000      0.00000
      6.08788      1.04495      0.00000      0.00000
      6.09788      1.06027      0.00000      0.00000
      6.10788      1.19707      0.00000      0.00000
      6.11788      1.28823      0.00000      0.00000
      6.12788      1.18041      0.00000      0.00000
      6.13788      1.16458      0.00000      0.00000
      6.14788      1.30386      0.00000      0.00000
      6.15788      1.30620      0.00000      0.00000
      6.16788      1.15335      0.00000      0.00000
      6.17788      1.02143      0.00000      0.00000
      6.18788      1.15122      0.00000      0.00000
      6.19788      1.34380      0.00000      0.00000
      6.20788      1.34134      0.00000      0.00000
      6.21788      1.10277      0.00000      0.00000
      6.22788      0.86081      0.00000      0.00000
      6.23788      0.69267      0.00000      0.00000
      6.24788      0.61208      0.00000      0.00000
      6.25788      0.74269      0.00000      0.00000
      6.26788      0.88737      0.00000      0.00000
      6.27788      1.06017      0.00000      0.00000
      6.28788      1.28489      0.00000      0.00000
      6.29788      1.28104      0.00000      0.00000
      6.30788      1.07960      0.00000      0.00000
      6.31788      0.99206      0.00000      0.00000
      6.32788      1.12401      0.00000      0.00000
      6.33788      1.26294      0.00000      0.00000
      6.34788      1.28661      0.00000      0.00000
      6.35788      1.09145      0.00000      0.00000
      6.36788      0.83398      0.00000      0.00000
      6.37788      0.89777      0.00000      0.00000
      6.38788      1.06071      0.00000      0.00000
      6.39788      1.09275      0.00000      0.00000
      6.40788      1.05938      0.00000      0.00000
      6.41788      0.99367      0.00000      0.00000
      6.42788      1.08317      0.00000      0.00000
