Energy-E_F (eV)    DOS (1/eV)    PDOS (1/eV)  of atom type C  Si 
     -4.99000      0.67777      0.31324      0.36453
     -4.98000      0.68677      0.31889      0.36788
     -4.97000      0.71029      0.32869      0.38160
     -4.96000      0.70488      0.32477      0.38011
     -4.95000      0.83544      0.38479      0.45065
     -4.94000      1.06128      0.48999      0.57129
     -4.93000      1.05187      0.48684      0.56503
     -4.92000      0.83631      0.38660      0.44971
     -4.91000      0.59651      0.27474      0.32177
     -4.90000      0.60600      0.27949      0.32651
     -4.89000      0.75415      0.34837      0.40578
     -4.88000      0.62510      0.29078      0.33432
     -4.87000      0.46745      0.21741      0.25004
     -4.86000      0.50844      0.23533      0.27311
     -4.85000      0.58588      0.27420      0.31167
     -4.84000      0.59302      0.28096      0.31205
     -4.83000      0.56108      0.26575      0.29533
     -4.82000      0.51643      0.24179      0.27464
     -4.81000      0.52757      0.24482      0.28275
     -4.80000      0.49512      0.22938      0.26575
     -4.79000      0.45023      0.20800      0.24223
     -4.78000      0.51280      0.23570      0.27710
     -4.77000      0.57589      0.26696      0.30893
     -4.76000      0.61815      0.29184      0.32632
     -4.75000      0.79716      0.37666      0.42050
     -4.74000      1.04003      0.48655      0.55348
     -4.73000      1.01704      0.47276      0.54428
     -4.72000      0.83312      0.38911      0.44400
     -4.71000      0.85208      0.40226      0.44983
     -4.70000      0.97581      0.46055      0.51526
     -4.69000      0.81948      0.38654      0.43294
     -4.68000      0.54177      0.25762      0.28415
     -4.67000      0.50044      0.23841      0.26203
     -4.66000      0.55559      0.26265      0.29294
     -4.65000      0.57137      0.26931      0.30205
     -4.64000      0.56068      0.26512      0.29556
     -4.63000      0.58158      0.27729      0.30429
     -4.62000      0.57064      0.27265      0.29798
     -4.61000      0.46378      0.22244      0.24134
     -4.60000      0.40511      0.19631      0.20880
     -4.59000      0.46151      0.22632      0.23519
     -4.58000      0.57255      0.28255      0.29001
     -4.57000      0.78004      0.38289      0.39714
     -4.56000      0.92764      0.44979      0.47785
     -4.55000      0.91616      0.43838      0.47779
     -4.54000      0.88028      0.42006      0.46021
     -4.53000      0.76839      0.36907      0.39932
     -4.52000      0.72431      0.35104      0.37327
     -4.51000      0.79035      0.38603      0.40432
     -4.50000      0.69970      0.34402      0.35568
     -4.49000      0.48550      0.23871      0.24679
     -4.48000      0.42908      0.20670      0.22237
     -4.47000      0.53472      0.25386      0.28086
     -4.46000      0.59944      0.28469      0.31476
     -4.45000      0.68315      0.32673      0.35642
     -4.44000      0.82430      0.39857      0.42573
     -4.43000      0.94102      0.45773      0.48329
     -4.42000      1.02265      0.49676      0.52588
     -4.41000      1.04972      0.50991      0.53981
     -4.40000      0.96113      0.46794      0.49319
     -4.39000      0.79270      0.38602      0.40668
     -4.38000      0.67449      0.32745      0.34704
     -4.37000      0.52714      0.25570      0.27144
     -4.36000      0.46186      0.22493      0.23694
     -4.35000      0.59839      0.29492      0.30347
     -4.34000      0.71018      0.35149      0.35868
     -4.33000      0.65542      0.32223      0.33320
     -4.32000      0.58311      0.28522      0.29789
     -4.31000      0.55274      0.26956      0.28318
     -4.30000      0.46484      0.22596      0.23888
     -4.29000      0.41972      0.20388      0.21584
     -4.28000      0.49237      0.23996      0.25240
     -4.27000      0.55421      0.27073      0.28348
     -4.26000      0.71224      0.34962      0.36262
     -4.25000      0.81546      0.40264      0.41282
     -4.24000      0.69877      0.34828      0.35049
     -4.23000      0.65990      0.33033      0.32957
     -4.22000      0.78915      0.39360      0.39555
     -4.21000      0.89396      0.44478      0.44918
     -4.20000      0.88358      0.44032      0.44326
     -4.19000      0.86560      0.43289      0.43271
     -4.18000      0.80952      0.40526      0.40425
     -4.17000      0.63248      0.31604      0.31644
     -4.16000      0.51354      0.25493      0.25860
     -4.15000      0.70165      0.34684      0.35480
     -4.14000      1.02589      0.50861      0.51728
     -4.13000      1.07606      0.53497      0.54108
     -4.12000      0.98320      0.48673      0.49648
     -4.11000      0.88760      0.43877      0.44883
     -4.10000      0.82637      0.41418      0.41219
     -4.09000      0.84075      0.42663      0.41413
     -4.08000      0.69918      0.35471      0.34448
     -4.07000      0.63104      0.31696      0.31408
     -4.06000      0.67764      0.33919      0.33845
     -4.05000      0.72026      0.36101      0.35926
     -4.04000      0.63769      0.31955      0.31815
     -4.03000      0.58845      0.29676      0.29169
     -4.02000      0.75128      0.38096      0.37032
     -4.01000      0.85499      0.43173      0.42327
     -4.00000      0.79058      0.39561      0.39497
     -3.99000      0.69424      0.34539      0.34885
     -3.98000      0.66037      0.32894      0.33144
     -3.97000      0.68284      0.34280      0.34004
     -3.96000      0.58997      0.29738      0.29260
     -3.95000      0.42682      0.21400      0.21281
     -3.94000      0.44115      0.22279      0.21836
     -3.93000      0.59149      0.30071      0.29077
     -3.92000      0.73352      0.37045      0.36306
     -3.91000      0.74785      0.37778      0.37007
     -3.90000      0.85845      0.43608      0.42236
     -3.89000      0.96766      0.48956      0.47810
     -3.88000      0.78832      0.39746      0.39086
     -3.87000      0.57659      0.29489      0.28170
     -3.86000      0.54707      0.28382      0.26324
     -3.85000      0.73154      0.37642      0.35512
     -3.84000      1.03943      0.53205      0.50738
     -3.83000      1.13406      0.58093      0.55313
     -3.82000      1.03198      0.52736      0.50462
     -3.81000      1.10164      0.56226      0.53938
     -3.80000      1.32415      0.67972      0.64442
     -3.79000      1.31748      0.67865      0.63882
     -3.78000      0.92881      0.47986      0.44896
     -3.77000      0.57219      0.29815      0.27404
     -3.76000      0.48471      0.25107      0.23364
     -3.75000      0.62887      0.32370      0.30517
     -3.74000      0.74904      0.38838      0.36066
     -3.73000      0.76038      0.39522      0.36516
     -3.72000      0.73599      0.37857      0.35742
     -3.71000      0.64253      0.32417      0.31837
     -3.70000      0.65499      0.32930      0.32569
     -3.69000      0.76093      0.38891      0.37202
     -3.68000      0.83988      0.43458      0.40530
     -3.67000      0.90845      0.47149      0.43696
     -3.66000      0.86963      0.45169      0.41794
     -3.65000      0.72466      0.37898      0.34567
     -3.64000      0.71769      0.37678      0.34090
     -3.63000      0.66082      0.34508      0.31574
     -3.62000      0.57825      0.30010      0.27815
     -3.61000      0.74304      0.38559      0.35745
     -3.60000      1.05002      0.54616      0.50386
     -3.59000      1.04573      0.54406      0.50167
     -3.58000      0.82549      0.43002      0.39547
     -3.57000      0.69826      0.36513      0.33313
     -3.56000      0.75892      0.39597      0.36296
     -3.55000      0.85929      0.44577      0.41352
     -3.54000      0.84979      0.44014      0.40965
     -3.53000      0.78438      0.40808      0.37630
     -3.52000      0.75376      0.39472      0.35904
     -3.51000      0.86384      0.45422      0.40962
     -3.50000      1.22978      0.64681      0.58298
     -3.49000      1.51407      0.79612      0.71795
     -3.48000      1.18239      0.62305      0.55933
     -3.47000      0.89148      0.47284      0.41865
     -3.46000      0.95345      0.50438      0.44907
     -3.45000      0.92031      0.48380      0.43651
     -3.44000      0.84232      0.44533      0.39699
     -3.43000      0.75898      0.40763      0.35135
     -3.42000      0.64969      0.35207      0.29762
     -3.41000      0.55607      0.29924      0.25683
     -3.40000      0.63935      0.34149      0.29787
     -3.39000      0.88562      0.47222      0.41340
     -3.38000      1.24164      0.66325      0.57838
     -3.37000      1.53780      0.82252      0.71528
     -3.36000      1.53253      0.81614      0.71640
     -3.35000      1.18749      0.62820      0.55929
     -3.34000      0.83238      0.43900      0.39338
     -3.33000      0.66618      0.35012      0.31606
     -3.32000      0.66689      0.35033      0.31656
     -3.31000      0.79266      0.41925      0.37341
     -3.30000      0.79399      0.42300      0.37098
     -3.29000      0.63315      0.34085      0.29230
     -3.28000      0.55785      0.30307      0.25478
     -3.27000      0.67928      0.36721      0.31207
     -3.26000      0.97388      0.52430      0.44958
     -3.25000      1.19224      0.64241      0.54984
     -3.24000      1.35072      0.72696      0.62376
     -3.23000      1.34637      0.72242      0.62395
     -3.22000      1.20157      0.64509      0.55648
     -3.21000      1.05875      0.57052      0.48823
     -3.20000      1.06680      0.57585      0.49095
     -3.19000      1.24252      0.67282      0.56970
     -3.18000      1.35832      0.73727      0.62105
     -3.17000      1.47421      0.80261      0.67161
     -3.16000      1.53768      0.84072      0.69696
     -3.15000      1.50744      0.82366      0.68378
     -3.14000      1.27631      0.69416      0.58215
     -3.13000      0.96531      0.52418      0.44113
     -3.12000      0.94428      0.51392      0.43036
     -3.11000      1.07701      0.58743      0.48958
     -3.10000      1.01870      0.55774      0.46095
     -3.09000      0.84427      0.46437      0.37990
     -3.08000      0.86965      0.47855      0.39110
     -3.07000      1.02645      0.56346      0.46299
     -3.06000      1.15563      0.63261      0.52302
     -3.05000      1.26938      0.69419      0.57518
     -3.04000      1.17847      0.64586      0.53261
     -3.03000      0.94040      0.51685      0.42355
     -3.02000      0.88765      0.49059      0.39707
     -3.01000      1.05229      0.58440      0.46789
     -3.00000      1.17860      0.65515      0.52345
     -2.99000      1.08916      0.60751      0.48165
     -2.98000      1.03621      0.57936      0.45684
     -2.97000      1.13082      0.62913      0.50168
     -2.96000      1.19382      0.66157      0.53225
     -2.95000      1.11029      0.61470      0.49559
     -2.94000      1.11522      0.61937      0.49585
     -2.93000      1.24833      0.69583      0.55250
     -2.92000      1.30100      0.72563      0.57537
     -2.91000      1.39539      0.77815      0.61724
     -2.90000      1.32857      0.74116      0.58741
     -2.89000      0.99724      0.55673      0.44052
     -2.88000      0.85963      0.47927      0.38036
     -2.87000      1.02996      0.57254      0.45742
     -2.86000      1.21031      0.67463      0.53568
     -2.85000      1.22550      0.68824      0.53726
     -2.84000      1.16449      0.65770      0.50680
     -2.83000      1.09949      0.62106      0.47842
     -2.82000      1.07867      0.60737      0.47131
     -2.81000      1.12732      0.63490      0.49242
     -2.80000      1.24210      0.70258      0.53952
     -2.79000      1.11273      0.63118      0.48155
     -2.78000      0.78243      0.44307      0.33936
     -2.77000      0.64807      0.36703      0.28104
     -2.76000      0.73216      0.41803      0.31413
     -2.75000      0.93085      0.53115      0.39970
     -2.74000      1.17925      0.66869      0.51056
     -2.73000      1.36263      0.77261      0.59003
     -2.72000      1.37887      0.78552      0.59334
     -2.71000      1.32973      0.76183      0.56790
     -2.70000      1.18504      0.68226      0.50278
     -2.69000      0.98934      0.57072      0.41862
     -2.68000      0.99569      0.57243      0.42326
     -2.67000      1.21152      0.69434      0.51718
     -2.66000      1.27746      0.73173      0.54573
     -2.65000      1.14431      0.65536      0.48895
     -2.64000      0.97084      0.55645      0.41438
     -2.63000      1.05842      0.60950      0.44892
     -2.62000      1.27869      0.73786      0.54084
     -2.61000      1.22856      0.70694      0.52161
     -2.60000      1.03756      0.59608      0.44147
     -2.59000      0.90561      0.52341      0.38221
     -2.58000      0.97955      0.56982      0.40973
     -2.57000      1.14041      0.66298      0.47744
     -2.56000      1.13449      0.65678      0.47771
     -2.55000      0.96899      0.55954      0.40946
     -2.54000      0.79788      0.46202      0.33586
     -2.53000      0.73961      0.43020      0.30942
     -2.52000      0.78198      0.45598      0.32600
     -2.51000      0.89443      0.52197      0.37246
     -2.50000      1.10071      0.64278      0.45792
     -2.49000      1.32120      0.77182      0.54938
     -2.48000      1.36185      0.79501      0.56683
     -2.47000      1.25821      0.73429      0.52393
     -2.46000      1.16092      0.67962      0.48129
     -2.45000      1.33302      0.78461      0.54841
     -2.44000      1.58415      0.93366      0.65050
     -2.43000      1.47714      0.86862      0.60852
     -2.42000      1.25018      0.73435      0.51584
     -2.41000      1.05441      0.62102      0.43339
     -2.40000      0.89963      0.53125      0.36839
     -2.39000      0.77202      0.45691      0.31511
     -2.38000      0.74457      0.44184      0.30273
     -2.37000      0.78653      0.46763      0.31889
     -2.36000      0.74995      0.44625      0.30370
     -2.35000      0.68879      0.41004      0.27875
     -2.34000      0.66468      0.39656      0.26812
     -2.33000      0.83668      0.50002      0.33666
     -2.32000      1.05376      0.62938      0.42439
     -2.31000      1.15931      0.69194      0.46737
     -2.30000      1.39714      0.83299      0.56415
     -2.29000      1.52747      0.90812      0.61936
     -2.28000      1.33508      0.79334      0.54174
     -2.27000      1.04652      0.62377      0.42275
     -2.26000      0.94578      0.56481      0.38097
     -2.25000      1.11849      0.66924      0.44926
     -2.24000      1.31831      0.79191      0.52641
     -2.23000      1.36906      0.82643      0.54263
     -2.22000      1.35856      0.82077      0.53779
     -2.21000      1.30709      0.78744      0.51965
     -2.20000      1.07428      0.64722      0.42706
     -2.19000      0.74955      0.45287      0.29668
     -2.18000      0.69093      0.41809      0.27284
     -2.17000      0.82434      0.49884      0.32550
     -2.16000      0.88298      0.53488      0.34810
     -2.15000      0.85788      0.52088      0.33700
     -2.14000      0.96684      0.58757      0.37927
     -2.13000      0.97821      0.59440      0.38380
     -2.12000      0.98523      0.59715      0.38809
     -2.11000      1.17460      0.71101      0.46360
     -2.10000      1.17092      0.71095      0.45996
     -2.09000      1.00631      0.61367      0.39264
     -2.08000      0.95802      0.58596      0.37205
     -2.07000      0.98117      0.60123      0.37994
     -2.06000      1.01425      0.62215      0.39210
     -2.05000      1.07956      0.66252      0.41704
     -2.04000      1.08713      0.66867      0.41846
     -2.03000      1.05327      0.64946      0.40380
     -2.02000      1.09048      0.67201      0.41847
     -2.01000      1.12072      0.68959      0.43113
     -2.00000      1.10258      0.67756      0.42501
     -1.99000      1.11429      0.68443      0.42985
     -1.98000      1.12340      0.69232      0.43108
     -1.97000      1.11848      0.69431      0.42417
     -1.96000      1.05656      0.65762      0.39894
     -1.95000      1.09394      0.67846      0.41548
     -1.94000      1.27183      0.78736      0.48448
     -1.93000      1.25658      0.77823      0.47835
     -1.92000      1.01471      0.62900      0.38571
     -1.91000      0.86287      0.53622      0.32665
     -1.90000      0.86529      0.54017      0.32512
     -1.89000      0.89590      0.56065      0.33524
     -1.88000      0.94100      0.58786      0.35314
     -1.87000      0.94264      0.58774      0.35490
     -1.86000      0.93946      0.58695      0.35251
     -1.85000      1.00889      0.63174      0.37715
     -1.84000      0.94773      0.59476      0.35298
     -1.83000      0.75750      0.47560      0.28190
     -1.82000      0.81008      0.50672      0.30336
     -1.81000      1.06295      0.66453      0.39843
     -1.80000      1.19767      0.74933      0.44833
     -1.79000      1.19890      0.75238      0.44652
     -1.78000      1.10833      0.69854      0.40979
     -1.77000      0.95536      0.60384      0.35152
     -1.76000      0.96762      0.61361      0.35401
     -1.75000      1.22727      0.78027      0.44700
     -1.74000      1.39185      0.88479      0.50705
     -1.73000      1.24459      0.79166      0.45293
     -1.72000      1.05200      0.67226      0.37975
     -1.71000      1.02350      0.65523      0.36827
     -1.70000      1.00822      0.64284      0.36538
     -1.69000      0.95229      0.60479      0.34751
     -1.68000      0.83325      0.52852      0.30473
     -1.67000      0.76165      0.48352      0.27812
     -1.66000      0.90973      0.57938      0.33035
     -1.65000      1.09946      0.70222      0.39724
     -1.64000      1.20090      0.76902      0.43188
     -1.63000      1.29704      0.83186      0.46518
     -1.62000      1.21972      0.78294      0.43678
     -1.61000      1.00696      0.64664      0.36032
     -1.60000      0.76131      0.48917      0.27214
     -1.59000      0.70158      0.45070      0.25088
     -1.58000      0.74318      0.47766      0.26552
     -1.57000      0.83729      0.53916      0.29813
     -1.56000      0.94790      0.61122      0.33668
     -1.55000      1.12361      0.72625      0.39736
     -1.54000      1.19944      0.77727      0.42217
     -1.53000      1.16029      0.75241      0.40788
     -1.52000      1.18075      0.76356      0.41719
     -1.51000      1.12178      0.72419      0.39758
     -1.50000      0.93783      0.60838      0.32945
     -1.49000      0.87940      0.57434      0.30506
     -1.48000      0.92358      0.60373      0.31984
     -1.47000      0.95831      0.62604      0.33227
     -1.46000      1.08782      0.71250      0.37532
     -1.45000      1.30336      0.85622      0.44714
     -1.44000      1.18378      0.77823      0.40555
     -1.43000      0.92122      0.60663      0.31460
     -1.42000      0.97054      0.63951      0.33104
     -1.41000      1.13134      0.74298      0.38837
     -1.40000      1.04839      0.68623      0.36215
     -1.39000      0.96839      0.63295      0.33544
     -1.38000      0.96141      0.62918      0.33222
     -1.37000      0.93577      0.61398      0.32178
     -1.36000      0.99834      0.65628      0.34206
     -1.35000      1.13027      0.74439      0.38587
     -1.34000      1.13689      0.75056      0.38633
     -1.33000      1.03524      0.68602      0.34922
     -1.32000      0.87866      0.58423      0.29442
     -1.31000      0.79633      0.52866      0.26767
     -1.30000      0.87497      0.57860      0.29636
     -1.29000      0.89603      0.59281      0.30322
     -1.28000      0.72680      0.48222      0.24459
     -1.27000      0.70961      0.47292      0.23669
     -1.26000      1.05398      0.70604      0.34795
     -1.25000      1.26009      0.84645      0.41364
     -1.24000      1.07010      0.71847      0.35163
     -1.23000      0.89612      0.59937      0.29674
     -1.22000      1.10781      0.74012      0.36769
     -1.21000      1.58612      1.06623      0.51989
     -1.20000      1.59415      1.07584      0.51830
     -1.19000      1.10024      0.74214      0.35810
     -1.18000      0.85681      0.57801      0.27880
     -1.17000      1.01096      0.68179      0.32917
     -1.16000      1.18612      0.79732      0.38880
     -1.15000      1.02319      0.68555      0.33764
     -1.14000      0.72978      0.48951      0.24027
     -1.13000      0.74289      0.50145      0.24144
     -1.12000      0.85330      0.57647      0.27683
     -1.11000      0.82710      0.55819      0.26891
     -1.10000      0.89488      0.60594      0.28894
     -1.09000      1.08427      0.73587      0.34840
     -1.08000      1.01255      0.68712      0.32544
     -1.07000      0.81926      0.55701      0.26224
     -1.06000      0.71185      0.48514      0.22672
     -1.05000      0.60884      0.41504      0.19380
     -1.04000      0.70331      0.48047      0.22284
     -1.03000      0.91697      0.62898      0.28800
     -1.02000      1.11335      0.76808      0.34527
     -1.01000      1.17611      0.81439      0.36173
     -1.00000      1.03898      0.71903      0.31995
     -0.99000      1.01685      0.70406      0.31279
     -0.98000      0.99695      0.69110      0.30585
     -0.97000      0.84484      0.58219      0.26265
     -0.96000      0.75671      0.51709      0.23963
     -0.95000      0.67039      0.45747      0.21292
     -0.94000      0.61285      0.41858      0.19427
     -0.93000      0.60683      0.41646      0.19037
     -0.92000      0.58937      0.40656      0.18281
     -0.91000      0.56457      0.39102      0.17354
     -0.90000      0.48809      0.33995      0.14814
     -0.89000      0.45995      0.32137      0.13858
     -0.88000      0.64277      0.44803      0.19474
     -0.87000      0.81792      0.56886      0.24906
     -0.86000      0.79072      0.55054      0.24019
     -0.85000      0.68484      0.47803      0.20681
     -0.84000      0.61651      0.43146      0.18505
     -0.83000      0.61545      0.43116      0.18429
     -0.82000      0.62241      0.43687      0.18554
     -0.81000      0.64889      0.45778      0.19111
     -0.80000      0.81459      0.57544      0.23916
     -0.79000      0.91615      0.64666      0.26949
     -0.78000      0.78411      0.55354      0.23057
     -0.77000      0.63104      0.44503      0.18601
     -0.76000      0.53340      0.37545      0.15795
     -0.75000      0.47185      0.33244      0.13942
     -0.74000      0.41598      0.29469      0.12129
     -0.73000      0.41096      0.29201      0.11896
     -0.72000      0.52633      0.37277      0.15356
     -0.71000      0.60326      0.42601      0.17725
     -0.70000      0.52515      0.36955      0.15560
     -0.69000      0.46788      0.33020      0.13768
     -0.68000      0.51435      0.36546      0.14889
     -0.67000      0.55563      0.39478      0.16085
     -0.66000      0.48057      0.34071      0.13986
     -0.65000      0.45452      0.32272      0.13180
     -0.64000      0.59390      0.42404      0.16985
     -0.63000      0.72412      0.51845      0.20567
     -0.62000      0.73352      0.52482      0.20869
     -0.61000      0.72037      0.51699      0.20338
     -0.60000      0.61732      0.44569      0.17163
     -0.59000      0.45090      0.32523      0.12567
     -0.58000      0.42454      0.30373      0.12080
     -0.57000      0.48880      0.35025      0.13855
     -0.56000      0.44135      0.31745      0.12390
     -0.55000      0.26455      0.19046      0.07409
     -0.54000      0.21881      0.15885      0.05997
     -0.53000      0.32327      0.23564      0.08764
     -0.52000      0.33019      0.24011      0.09008
     -0.51000      0.35506      0.25751      0.09755
     -0.50000      0.53927      0.39057      0.14869
     -0.49000      0.66058      0.47637      0.18421
     -0.48000      0.63109      0.45298      0.17811
     -0.47000      0.51619      0.37130      0.14489
     -0.46000      0.41825      0.30444      0.11381
     -0.45000      0.46476      0.33991      0.12485
     -0.44000      0.57115      0.41543      0.15573
     -0.43000      0.54163      0.39136      0.15027
     -0.42000      0.48315      0.34891      0.13424
     -0.41000      0.40229      0.29226      0.11003
     -0.40000      0.23694      0.17318      0.06376
     -0.39000      0.18040      0.13208      0.04832
     -0.38000      0.27141      0.19953      0.07188
     -0.37000      0.28665      0.21170      0.07495
     -0.36000      0.23357      0.17302      0.06054
     -0.35000      0.30277      0.22349      0.07928
     -0.34000      0.49692      0.36554      0.13138
     -0.33000      0.56099      0.41128      0.14971
     -0.32000      0.43507      0.31820      0.11687
     -0.31000      0.34121      0.25000      0.09121
     -0.30000      0.35099      0.25679      0.09420
     -0.29000      0.41238      0.30032      0.11206
     -0.28000      0.42083      0.30511      0.11571
     -0.27000      0.30967      0.22467      0.08500
     -0.26000      0.25298      0.18590      0.06708
     -0.25000      0.30022      0.22297      0.07724
     -0.24000      0.31208      0.23230      0.07978
     -0.23000      0.26114      0.19372      0.06742
     -0.22000      0.23727      0.17553      0.06174
     -0.21000      0.25098      0.18534      0.06564
     -0.20000      0.29271      0.21554      0.07716
     -0.19000      0.32812      0.24150      0.08661
     -0.18000      0.28199      0.20806      0.07393
     -0.17000      0.21045      0.15534      0.05512
     -0.16000      0.26095      0.19196      0.06898
     -0.15000      0.34579      0.25440      0.09139
     -0.14000      0.33707      0.24831      0.08877
     -0.13000      0.25296      0.18649      0.06647
     -0.12000      0.13811      0.10181      0.03629
     -0.11000      0.15597      0.11495      0.04103
     -0.10000      0.25103      0.18542      0.06561
     -0.09000      0.21102      0.15621      0.05481
     -0.08000      0.13753      0.10165      0.03588
     -0.07000      0.17553      0.12931      0.04622
     -0.06000      0.21335      0.15702      0.05633
     -0.05000      0.19112      0.14056      0.05057
     -0.04000      0.13516      0.09936      0.03580
     -0.03000      0.10462      0.07693      0.02769
     -0.02000      0.09179      0.06748      0.02431
     -0.01000      0.06964      0.05114      0.01849
      0.00000      0.03443      0.02527      0.00917
      0.01000      0.00806      0.00591      0.00215
      0.02000      0.00078      0.00057      0.00021
      0.03000      0.00003      0.00002      0.00001
      0.04000      0.00000      0.00000      0.00000
      0.05000      0.00000      0.00000      0.00000
      0.06000      0.00000      0.00000      0.00000
      0.07000      0.00000      0.00000      0.00000
      0.08000      0.00000      0.00000      0.00000
      0.09000      0.00000      0.00000      0.00000
      0.10000      0.00000      0.00000      0.00000
      0.11000      0.00000      0.00000      0.00000
      0.12000      0.00000      0.00000      0.00000
      0.13000      0.00000      0.00000      0.00000
      0.14000      0.00000      0.00000      0.00000
      0.15000      0.00000      0.00000      0.00000
      0.16000      0.00000      0.00000      0.00000
      0.17000      0.00000      0.00000      0.00000
      0.18000      0.00000      0.00000      0.00000
      0.19000      0.00000      0.00000      0.00000
      0.20000      0.00000      0.00000      0.00000
      0.21000      0.00000      0.00000      0.00000
      0.22000      0.00000      0.00000      0.00000
      0.23000      0.00000      0.00000      0.00000
      0.24000      0.00000      0.00000      0.00000
      0.25000      0.00000      0.00000      0.00000
      0.26000      0.00000      0.00000      0.00000
      0.27000      0.00000      0.00000      0.00000
      0.28000      0.00000      0.00000      0.00000
      0.29000      0.00000      0.00000      0.00000
      0.30000      0.00000      0.00000      0.00000
      0.31000      0.00000      0.00000      0.00000
      0.32000      0.00000      0.00000      0.00000
      0.33000      0.00000      0.00000      0.00000
      0.34000      0.00000      0.00000      0.00000
      0.35000      0.00000      0.00000      0.00000
      0.36000      0.00000      0.00000      0.00000
      0.37000      0.00000      0.00000      0.00000
      0.38000      0.00000      0.00000      0.00000
      0.39000      0.00000      0.00000      0.00000
      0.40000      0.00000      0.00000      0.00000
      0.41000      0.00000      0.00000      0.00000
      0.42000      0.00000      0.00000      0.00000
      0.43000      0.00000      0.00000      0.00000
      0.44000      0.00000      0.00000      0.00000
      0.45000      0.00000      0.00000      0.00000
      0.46000      0.00000      0.00000      0.00000
      0.47000      0.00000      0.00000      0.00000
      0.48000      0.00000      0.00000      0.00000
      0.49000      0.00000      0.00000      0.00000
      0.50000      0.00000      0.00000      0.00000
      0.51000      0.00000      0.00000      0.00000
      0.52000      0.00000      0.00000      0.00000
      0.53000      0.00000      0.00000      0.00000
      0.54000      0.00000      0.00000      0.00000
      0.55000      0.00000      0.00000      0.00000
      0.56000      0.00000      0.00000      0.00000
      0.57000      0.00000      0.00000      0.00000
      0.58000      0.00000      0.00000      0.00000
      0.59000      0.00000      0.00000      0.00000
      0.60000      0.00000      0.00000      0.00000
      0.61000      0.00000      0.00000      0.00000
      0.62000      0.00000      0.00000      0.00000
      0.63000      0.00000      0.00000      0.00000
      0.64000      0.00000      0.00000      0.00000
      0.65000      0.00000      0.00000      0.00000
      0.66000      0.00000      0.00000      0.00000
      0.67000      0.00000      0.00000      0.00000
      0.68000      0.00000      0.00000      0.00000
      0.69000      0.00000      0.00000      0.00000
      0.70000      0.00000      0.00000      0.00000
      0.71000      0.00000      0.00000      0.00000
      0.72000      0.00000      0.00000      0.00000
      0.73000      0.00000      0.00000      0.00000
      0.74000      0.00000      0.00000      0.00000
      0.75000      0.00000      0.00000      0.00000
      0.76000      0.00000      0.00000      0.00000
      0.77000      0.00000      0.00000      0.00000
      0.78000      0.00000      0.00000      0.00000
      0.79000      0.00000      0.00000      0.00000
      0.80000      0.00000      0.00000      0.00000
      0.81000      0.00000      0.00000      0.00000
      0.82000      0.00000      0.00000      0.00000
      0.83000      0.00000      0.00000      0.00000
      0.84000      0.00000      0.00000      0.00000
      0.85000      0.00000      0.00000      0.00000
      0.86000      0.00000      0.00000      0.00000
      0.87000      0.00000      0.00000      0.00000
      0.88000      0.00000      0.00000      0.00000
      0.89000      0.00000      0.00000      0.00000
      0.90000      0.00000      0.00000      0.00000
      0.91000      0.00000      0.00000      0.00000
      0.92000      0.00000      0.00000      0.00000
      0.93000      0.00000      0.00000      0.00000
      0.94000      0.00000      0.00000      0.00000
      0.95000      0.00000      0.00000      0.00000
      0.96000      0.00000      0.00000      0.00000
      0.97000      0.00000      0.00000      0.00000
      0.98000      0.00000      0.00000      0.00000
      0.99000      0.00000      0.00000      0.00000
      1.00000      0.00000      0.00000      0.00000
      1.01000      0.00000      0.00000      0.00000
      1.02000      0.00000      0.00000      0.00000
      1.03000      0.00000      0.00000      0.00000
      1.04000      0.00000      0.00000      0.00000
      1.05000      0.00000      0.00000      0.00000
      1.06000      0.00000      0.00000      0.00000
      1.07000      0.00000      0.00000      0.00000
      1.08000      0.00000      0.00000      0.00000
      1.09000      0.00000      0.00000      0.00000
      1.10000      0.00000      0.00000      0.00000
      1.11000      0.00000      0.00000      0.00000
      1.12000      0.00000      0.00000      0.00000
      1.13000      0.00000      0.00000      0.00000
      1.14000      0.00000      0.00000      0.00000
      1.15000      0.00000      0.00000      0.00000
      1.16000      0.00000      0.00000      0.00000
      1.17000      0.00000      0.00000      0.00000
      1.18000      0.00000      0.00000      0.00000
      1.19000      0.00000      0.00000      0.00000
      1.20000      0.00000      0.00000      0.00000
      1.21000      0.00000      0.00000      0.00000
      1.22000      0.00000      0.00000      0.00000
      1.23000      0.00000      0.00000      0.00000
      1.24000      0.00000      0.00000      0.00000
      1.25000      0.00000      0.00000      0.00000
      1.26000      0.00000      0.00000      0.00000
      1.27000      0.00000      0.00000      0.00000
      1.28000      0.00000      0.00000      0.00000
      1.29000      0.00000      0.00000      0.00000
      1.30000      0.00000      0.00000      0.00000
      1.31000      0.00000      0.00000      0.00000
      1.32000      0.00000      0.00000      0.00000
      1.33000      0.00000      0.00000      0.00000
      1.34000      0.00000      0.00000      0.00000
      1.35000      0.00000      0.00000      0.00000
      1.36000      0.00000      0.00000      0.00000
      1.37000      0.00000      0.00000      0.00000
      1.38000      0.00000      0.00000      0.00000
      1.39000      0.00000      0.00000      0.00000
      1.40000      0.00000      0.00000      0.00000
      1.41000      0.00000      0.00000      0.00000
      1.42000      0.00000      0.00000      0.00000
      1.43000      0.00000      0.00000      0.00000
      1.44000      0.00019      0.00009      0.00010
      1.45000      0.00287      0.00139      0.00148
      1.46000      0.01620      0.00786      0.00834
      1.47000      0.03371      0.01635      0.01736
      1.48000      0.02602      0.01262      0.01339
      1.49000      0.01048      0.00509      0.00539
      1.50000      0.01802      0.00878      0.00924
      1.51000      0.03411      0.01662      0.01748
      1.52000      0.02473      0.01206      0.01268
      1.53000      0.00660      0.00322      0.00339
      1.54000      0.00065      0.00032      0.00033
      1.55000      0.00011      0.00005      0.00006
      1.56000      0.00216      0.00106      0.00110
      1.57000      0.02062      0.01012      0.01050
      1.58000      0.07408      0.03637      0.03771
      1.59000      0.10074      0.04946      0.05128
      1.60000      0.05445      0.02674      0.02771
      1.61000      0.03046      0.01499      0.01547
      1.62000      0.05972      0.02942      0.03029
      1.63000      0.06310      0.03109      0.03201
      1.64000      0.02483      0.01223      0.01260
      1.65000      0.00373      0.00184      0.00189
      1.66000      0.00246      0.00121      0.00125
      1.67000      0.01451      0.00712      0.00739
      1.68000      0.03807      0.01871      0.01936
      1.69000      0.06321      0.03122      0.03199
      1.70000      0.10158      0.05036      0.05122
      1.71000      0.10778      0.05343      0.05435
      1.72000      0.06936      0.03430      0.03506
      1.73000      0.02980      0.01470      0.01510
      1.74000      0.00669      0.00329      0.00339
      1.75000      0.00062      0.00030      0.00031
      1.76000      0.00005      0.00002      0.00003
      1.77000      0.00084      0.00042      0.00042
      1.78000      0.00992      0.00493      0.00499
      1.79000      0.04859      0.02421      0.02438
      1.80000      0.10609      0.05297      0.05313
      1.81000      0.12385      0.06194      0.06191
      1.82000      0.10013      0.05014      0.04999
      1.83000      0.07358      0.03690      0.03668
      1.84000      0.07697      0.03865      0.03832
      1.85000      0.06989      0.03503      0.03485
      1.86000      0.08036      0.03999      0.04037
      1.87000      0.10172      0.05039      0.05133
      1.88000      0.06195      0.03062      0.03133
      1.89000      0.03058      0.01513      0.01544
      1.90000      0.07950      0.03953      0.03997
      1.91000      0.15463      0.07717      0.07747
      1.92000      0.12992      0.06508      0.06483
      1.93000      0.04634      0.02329      0.02305
      1.94000      0.00705      0.00355      0.00350
      1.95000      0.00506      0.00255      0.00251
      1.96000      0.03256      0.01641      0.01616
      1.97000      0.09412      0.04729      0.04683
      1.98000      0.12241      0.06125      0.06116
      1.99000      0.07896      0.03927      0.03970
      2.00000      0.04380      0.02140      0.02240
      2.01000      0.04589      0.02236      0.02353
      2.02000      0.06189      0.03093      0.03095
      2.03000      0.08391      0.04229      0.04162
      2.04000      0.07758      0.03863      0.03895
      2.05000      0.07092      0.03513      0.03579
      2.06000      0.07775      0.03897      0.03878
      2.07000      0.05783      0.02912      0.02871
      2.08000      0.04042      0.02029      0.02013
      2.09000      0.07552      0.03792      0.03760
      2.10000      0.11392      0.05752      0.05640
      2.11000      0.11542      0.05831      0.05711
      2.12000      0.08412      0.04209      0.04204
      2.13000      0.08350      0.04184      0.04167
      2.14000      0.13674      0.06910      0.06764
      2.15000      0.13363      0.06777      0.06586
      2.16000      0.11898      0.06036      0.05862
      2.17000      0.16138      0.08166      0.07972
      2.18000      0.16130      0.08155      0.07975
      2.19000      0.07964      0.04028      0.03936
      2.20000      0.04218      0.02120      0.02098
      2.21000      0.10519      0.05229      0.05290
      2.22000      0.16328      0.08056      0.08271
      2.23000      0.14509      0.07149      0.07360
      2.24000      0.17191      0.08530      0.08661
      2.25000      0.22113      0.10934      0.11179
      2.26000      0.15325      0.07522      0.07803
      2.27000      0.04939      0.02414      0.02525
      2.28000      0.02140      0.01072      0.01068
      2.29000      0.03396      0.01719      0.01677
      2.30000      0.03133      0.01586      0.01547
      2.31000      0.04650      0.02337      0.02313
      2.32000      0.11566      0.05773      0.05794
      2.33000      0.12927      0.06412      0.06515
      2.34000      0.07549      0.03715      0.03834
      2.35000      0.10323      0.05071      0.05252
      2.36000      0.16958      0.08390      0.08568
      2.37000      0.15033      0.07485      0.07547
      2.38000      0.10646      0.05271      0.05375
      2.39000      0.11300      0.05540      0.05759
      2.40000      0.09033      0.04422      0.04611
      2.41000      0.04296      0.02115      0.02181
      2.42000      0.07058      0.03497      0.03560
      2.43000      0.13031      0.06414      0.06617
      2.44000      0.10331      0.05045      0.05286
      2.45000      0.05585      0.02722      0.02863
      2.46000      0.10322      0.05146      0.05175
      2.47000      0.19998      0.10161      0.09837
      2.48000      0.23134      0.11848      0.11286
      2.49000      0.18914      0.09574      0.09340
      2.50000      0.20760      0.10357      0.10403
      2.51000      0.23097      0.11648      0.11449
      2.52000      0.16441      0.08353      0.08087
      2.53000      0.09876      0.04865      0.05010
      2.54000      0.08629      0.04126      0.04503
      2.55000      0.09568      0.04595      0.04973
      2.56000      0.16099      0.07646      0.08452
      2.57000      0.25700      0.12291      0.13409
      2.58000      0.32024      0.15813      0.16211
      2.59000      0.27453      0.13663      0.13790
      2.60000      0.19962      0.09528      0.10435
      2.61000      0.13631      0.06299      0.07332
      2.62000      0.05227      0.02420      0.02807
      2.63000      0.02982      0.01494      0.01488
      2.64000      0.10322      0.05285      0.05038
      2.65000      0.19552      0.09952      0.09599
      2.66000      0.18713      0.09329      0.09384
      2.67000      0.18412      0.08937      0.09475
      2.68000      0.24380      0.12081      0.12299
      2.69000      0.22679      0.11305      0.11375
      2.70000      0.15771      0.07537      0.08234
      2.71000      0.13476      0.06251      0.07225
      2.72000      0.09851      0.04536      0.05315
      2.73000      0.07320      0.03312      0.04008
      2.74000      0.07991      0.03717      0.04275
      2.75000      0.08718      0.04177      0.04541
      2.76000      0.09693      0.04623      0.05070
      2.77000      0.11121      0.05175      0.05946
      2.78000      0.10973      0.05031      0.05942
      2.79000      0.06403      0.02874      0.03529
      2.80000      0.04811      0.02104      0.02707
      2.81000      0.07455      0.03592      0.03862
      2.82000      0.13333      0.06848      0.06485
      2.83000      0.16521      0.08428      0.08093
      2.84000      0.22938      0.11213      0.11725
      2.85000      0.33292      0.16023      0.17268
      2.86000      0.29114      0.14198      0.14916
      2.87000      0.22473      0.11129      0.11344
      2.88000      0.26647      0.12925      0.13722
      2.89000      0.34291      0.16573      0.17719
      2.90000      0.40576      0.19583      0.20993
      2.91000      0.36950      0.17532      0.19417
      2.92000      0.23479      0.11142      0.12337
      2.93000      0.17777      0.08536      0.09241
      2.94000      0.22347      0.10391      0.11956
      2.95000      0.26743      0.12422      0.14321
      2.96000      0.21835      0.10388      0.11447
      2.97000      0.17838      0.08814      0.09024
      2.98000      0.16627      0.08472      0.08155
      2.99000      0.20793      0.10766      0.10028
      3.00000      0.25218      0.12668      0.12550
      3.01000      0.19146      0.09055      0.10091
      3.02000      0.15988      0.07360      0.08629
      3.03000      0.18807      0.08655      0.10151
      3.04000      0.19997      0.09073      0.10924
      3.05000      0.20463      0.09238      0.11225
      3.06000      0.17235      0.07812      0.09423
      3.07000      0.14228      0.06660      0.07568
      3.08000      0.13987      0.06782      0.07205
      3.09000      0.17986      0.08763      0.09223
      3.10000      0.21413      0.10228      0.11185
      3.11000      0.20234      0.09437      0.10797
      3.12000      0.14363      0.06690      0.07673
      3.13000      0.13743      0.06456      0.07287
      3.14000      0.15429      0.07351      0.08078
      3.15000      0.09772      0.04747      0.05025
      3.16000      0.03678      0.01793      0.01885
      3.17000      0.06934      0.03211      0.03723
      3.18000      0.23609      0.10854      0.12755
      3.19000      0.41102      0.19176      0.21926
      3.20000      0.43895      0.21140      0.22755
      3.21000      0.38807      0.18788      0.20019
      3.22000      0.39749      0.18649      0.21099
      3.23000      0.41137      0.18718      0.22419
      3.24000      0.35771      0.15648      0.20124
      3.25000      0.23696      0.10250      0.13446
      3.26000      0.13300      0.05846      0.07453
      3.27000      0.19305      0.08571      0.10734
      3.28000      0.28258      0.12565      0.15693
      3.29000      0.27321      0.12186      0.15136
      3.30000      0.23516      0.10886      0.12630
      3.31000      0.17040      0.08324      0.08716
      3.32000      0.10400      0.05166      0.05234
      3.33000      0.15429      0.07449      0.07980
      3.34000      0.33218      0.16018      0.17200
      3.35000      0.40730      0.19660      0.21070
      3.36000      0.32717      0.15551      0.17166
      3.37000      0.29567      0.13914      0.15653
      3.38000      0.35009      0.16760      0.18249
      3.39000      0.37955      0.18399      0.19557
      3.40000      0.30287      0.14544      0.15743
      3.41000      0.21598      0.09829      0.11769
      3.42000      0.21731      0.09802      0.11929
      3.43000      0.30309      0.14397      0.15912
      3.44000      0.40117      0.19559      0.20558
      3.45000      0.32643      0.16018      0.16625
      3.46000      0.16817      0.08055      0.08762
      3.47000      0.12290      0.05509      0.06781
      3.48000      0.11826      0.05427      0.06400
      3.49000      0.13657      0.06745      0.06912
      3.50000      0.19758      0.09660      0.10098
      3.51000      0.25568      0.11752      0.13816
      3.52000      0.33003      0.14593      0.18410
      3.53000      0.37887      0.16996      0.20890
      3.54000      0.35268      0.15973      0.19295
      3.55000      0.34012      0.15131      0.18881
      3.56000      0.42204      0.18609      0.23595
      3.57000      0.42775      0.18783      0.23992
      3.58000      0.32924      0.14439      0.18484
      3.59000      0.24451      0.10943      0.13508
      3.60000      0.16668      0.07477      0.09191
      3.61000      0.27195      0.11868      0.15328
      3.62000      0.50492      0.22158      0.28334
      3.63000      0.42266      0.18738      0.23528
      3.64000      0.16144      0.07341      0.08802
      3.65000      0.08186      0.04181      0.04004
      3.66000      0.12486      0.06291      0.06195
      3.67000      0.21495      0.09919      0.11577
      3.68000      0.35466      0.15693      0.19772
      3.69000      0.35769      0.15869      0.19901
      3.70000      0.32643      0.15068      0.17574
      3.71000      0.39919      0.18625      0.21294
      3.72000      0.44408      0.20210      0.24198
      3.73000      0.38617      0.17099      0.21518
      3.74000      0.30383      0.13234      0.17149
      3.75000      0.24102      0.10814      0.13288
      3.76000      0.24430      0.11708      0.12722
      3.77000      0.32131      0.15522      0.16609
      3.78000      0.40763      0.19359      0.21404
      3.79000      0.43456      0.20884      0.22572
      3.80000      0.42290      0.20858      0.21432
      3.81000      0.43562      0.21941      0.21621
      3.82000      0.34773      0.17406      0.17367
      3.83000      0.21463      0.10452      0.11011
      3.84000      0.30936      0.14834      0.16102
      3.85000      0.45677      0.21448      0.24229
      3.86000      0.41147      0.18508      0.22638
      3.87000      0.34892      0.14650      0.20242
      3.88000      0.30247      0.12646      0.17602
      3.89000      0.29176      0.12940      0.16236
      3.90000      0.38772      0.17309      0.21463
      3.91000      0.38139      0.16527      0.21612
      3.92000      0.31525      0.13651      0.17873
      3.93000      0.31199      0.13808      0.17390
      3.94000      0.31771      0.13888      0.17883
      3.95000      0.30206      0.12841      0.17364
      3.96000      0.34525      0.14902      0.19623
      3.97000      0.40113      0.17797      0.22316
      3.98000      0.38955      0.17890      0.21065
      3.99000      0.31221      0.14918      0.16303
      4.00000      0.32650      0.15414      0.17236
      4.01000      0.41191      0.19145      0.22046
      4.02000      0.34644      0.16290      0.18354
      4.03000      0.26676      0.12349      0.14327
      4.04000      0.41355      0.18523      0.22832
      4.05000      0.64987      0.29109      0.35878
      4.06000      0.68607      0.30618      0.37989
      4.07000      0.49059      0.21800      0.27259
      4.08000      0.25634      0.11668      0.13966
      4.09000      0.21224      0.09994      0.11230
      4.10000      0.37676      0.17540      0.20135
      4.11000      0.44999      0.20639      0.24360
      4.12000      0.40669      0.18565      0.22104
      4.13000      0.38474      0.17353      0.21121
      4.14000      0.37589      0.17021      0.20568
      4.15000      0.30878      0.14410      0.16468
      4.16000      0.21108      0.09510      0.11598
      4.17000      0.20656      0.08661      0.11996
      4.18000      0.30782      0.13304      0.17478
      4.19000      0.44147      0.19698      0.24449
      4.20000      0.51426      0.23582      0.27844
      4.21000      0.50490      0.23879      0.26610
      4.22000      0.41995      0.20081      0.21914
      4.23000      0.37381      0.17341      0.20040
      4.24000      0.45378      0.20895      0.24483
      4.25000      0.45468      0.20724      0.24744
      4.26000      0.42074      0.18221      0.23853
      4.27000      0.39909      0.17619      0.22290
      4.28000      0.36561      0.17170      0.19392
      4.29000      0.39800      0.19539      0.20262
      4.30000      0.39972      0.19891      0.20082
      4.31000      0.30962      0.14774      0.16188
      4.32000      0.32436      0.13991      0.18445
      4.33000      0.49879      0.21302      0.28577
      4.34000      0.61578      0.27698      0.33880
      4.35000      0.66390      0.30802      0.35588
      4.36000      0.71631      0.32975      0.38656
      4.37000      0.64514      0.30209      0.34305
      4.38000      0.48520      0.23323      0.25196
      4.39000      0.41004      0.19217      0.21787
      4.40000      0.42121      0.18724      0.23398
      4.41000      0.63400      0.26968      0.36431
      4.42000      0.85781      0.37108      0.48673
      4.43000      0.68578      0.31224      0.37353
      4.44000      0.45123      0.21647      0.23475
      4.45000      0.30541      0.14846      0.15695
      4.46000      0.23321      0.11598      0.11724
      4.47000      0.23866      0.12074      0.11792
      4.48000      0.26536      0.12772      0.13764
      4.49000      0.30053      0.13512      0.16542
      4.50000      0.34364      0.14719      0.19645
      4.51000      0.44887      0.19216      0.25671
      4.52000      0.55468      0.24596      0.30872
      4.53000      0.56242      0.25484      0.30758
      4.54000      0.46606      0.20946      0.25660
      4.55000      0.34534      0.14776      0.19758
      4.56000      0.28179      0.11401      0.16778
      4.57000      0.33957      0.14317      0.19640
      4.58000      0.43007      0.18560      0.24447
      4.59000      0.44514      0.19435      0.25079
      4.60000      0.46374      0.20483      0.25891
      4.61000      0.52779      0.23969      0.28810
      4.62000      0.52561      0.24085      0.28476
      4.63000      0.45454      0.20148      0.25307
      4.64000      0.50854      0.22269      0.28585
      4.65000      0.72069      0.30949      0.41119
      4.66000      0.91143      0.38919      0.52225
      4.67000      0.91159      0.39231      0.51927
      4.68000      0.85765      0.37041      0.48724
      4.69000      0.82981      0.37237      0.45744
      4.70000      0.74909      0.34659      0.40250
      4.71000      0.69297      0.32019      0.37278
      4.72000      0.73554      0.32623      0.40931
      4.73000      0.82627      0.33778      0.48849
      4.74000      0.78945      0.32266      0.46678
      4.75000      0.66358      0.29666      0.36692
      4.76000      0.54526      0.25263      0.29263
      4.77000      0.50844      0.23278      0.27566
      4.78000      0.58375      0.26317      0.32058
      4.79000      0.56023      0.23762      0.32262
      4.80000      0.47366      0.17943      0.29423
      4.81000      0.60210      0.23946      0.36264
      4.82000      0.68935      0.30919      0.38015
      4.83000      0.52542      0.24183      0.28359
      4.84000      0.48550      0.21022      0.27527
      4.85000      0.60280      0.25932      0.34348
      4.86000      0.55391      0.23611      0.31780
      4.87000      0.35348      0.14616      0.20732
      4.88000      0.36155      0.15108      0.21047
      4.89000      0.56033      0.23804      0.32229
      4.90000      0.63315      0.26760      0.36555
      4.91000      0.52655      0.21020      0.31635
      4.92000      0.45785      0.18262      0.27523
      4.93000      0.67766      0.27824      0.39942
      4.94000      0.94740      0.39422      0.55318
      4.95000      0.90526      0.39137      0.51389
      4.96000      0.83904      0.38131      0.45772
      4.97000      0.83480      0.37555      0.45926
      4.98000      0.84041      0.36761      0.47280
      4.99000      0.96583      0.43058      0.53525
      5.00000      1.14361      0.50929      0.63433
      5.01000      1.14614      0.50249      0.64366
      5.02000      1.02351      0.45483      0.56868
      5.03000      1.07706      0.49175      0.58531
      5.04000      1.21936      0.55422      0.66514
      5.05000      1.11499      0.50540      0.60959
      5.06000      0.77783      0.36707      0.41076
      5.07000      0.61042      0.31144      0.29898
      5.08000      0.67054      0.33493      0.33561
      5.09000      0.68852      0.32001      0.36851
      5.10000      0.73871      0.33702      0.40168
      5.11000      0.81302      0.37950      0.43351
      5.12000      0.86411      0.40817      0.45594
      5.13000      0.93081      0.43342      0.49739
      5.14000      1.01017      0.45439      0.55578
      5.15000      0.99739      0.45072      0.54667
      5.16000      0.85412      0.40602      0.44811
      5.17000      0.84741      0.40904      0.43837
      5.18000      0.92863      0.42994      0.49869
      5.19000      1.09777      0.53234      0.56543
      5.20000      1.50336      0.79408      0.70928
      5.21000      1.74980      0.91100      0.83880
      5.22000      1.55729      0.74637      0.81092
      5.23000      1.17623      0.53115      0.64508
      5.24000      0.88903      0.40444      0.48459
      5.25000      0.83579      0.37860      0.45718
      5.26000      1.00486      0.43086      0.57400
      5.27000      1.03022      0.42714      0.60308
      5.28000      0.79132      0.31905      0.47227
      5.29000      0.84015      0.32371      0.51644
      5.30000      1.04135      0.40509      0.63626
      5.31000      0.91320      0.37487      0.53834
      5.32000      0.70579      0.30284      0.40295
      5.33000      0.80306      0.33806      0.46500
      5.34000      0.98369      0.40886      0.57483
      5.35000      0.88179      0.37511      0.50668
      5.36000      0.72107      0.30258      0.41849
      5.37000      0.78776      0.31976      0.46800
      5.38000      0.79209      0.31593      0.47617
      5.39000      0.62453      0.24215      0.38238
      5.40000      0.60141      0.24734      0.35407
      5.41000      0.68431      0.29329      0.39102
      5.42000      0.66684      0.28400      0.38284
      5.43000      0.68270      0.29772      0.38498
      5.44000      0.74972      0.33172      0.41800
      5.45000      0.74569      0.32394      0.42174
      5.46000      0.78859      0.33032      0.45827
      5.47000      0.82852      0.33434      0.49418
      5.48000      0.80117      0.30955      0.49162
      5.49000      0.83178      0.31298      0.51880
      5.50000      0.97968      0.36583      0.61385
      5.51000      1.07763      0.39466      0.68296
      5.52000      0.78837      0.27557      0.51280
      5.53000      0.52071      0.18633      0.33438
      5.54000      0.60169      0.23508      0.36661
      5.55000      0.81497      0.31967      0.49530
      5.56000      1.04744      0.41791      0.62952
      5.57000      1.13449      0.45700      0.67749
      5.58000      0.89616      0.36040      0.53576
      5.59000      0.73119      0.30051      0.43068
      5.60000      0.61768      0.26300      0.35468
      5.61000      0.60139      0.25797      0.34341
      5.62000      0.87855      0.36853      0.51002
      5.63000      1.08113      0.44201      0.63912
      5.64000      1.07878      0.42557      0.65321
      5.65000      1.20398      0.46055      0.74343
      5.66000      1.47246      0.56899      0.90347
      5.67000      1.44699      0.58218      0.86481
      5.68000      1.18004      0.50165      0.67839
      5.69000      1.05984      0.46079      0.59905
      5.70000      1.11869      0.47679      0.64190
      5.71000      1.12126      0.46822      0.65305
      5.72000      1.08076      0.44829      0.63246
      5.73000      1.14781      0.48026      0.66755
      5.74000      1.06806      0.44683      0.62124
      5.75000      0.97242      0.39492      0.57750
      5.76000      1.05750      0.42625      0.63124
      5.77000      1.05588      0.43217      0.62371
      5.78000      0.91842      0.38240      0.53602
      5.79000      0.78268      0.32999      0.45269
      5.80000      0.77289      0.32047      0.45242
      5.81000      0.91505      0.37192      0.54313
      5.82000      1.02700      0.41693      0.61007
      5.83000      0.94855      0.38409      0.56446
      5.84000      0.74412      0.29564      0.44848
      5.85000      0.63818      0.24611      0.39207
      5.86000      0.66885      0.24857      0.42028
      5.87000      0.62233      0.22020      0.40212
      5.88000      0.63843      0.23786      0.40057
      5.89000      0.82823      0.33711      0.49112
      5.90000      0.78744      0.32297      0.46447
      5.91000      0.51657      0.21090      0.30567
      5.92000      0.47812      0.20041      0.27770
      5.93000      0.63601      0.26402      0.37199
      5.94000      0.72027      0.28788      0.43239
      5.95000      0.75867      0.29978      0.45889
      5.96000      0.74924      0.30188      0.44736
      5.97000      0.66845      0.26267      0.40578
      5.98000      0.77971      0.29798      0.48173
      5.99000      0.90999      0.36159      0.54840
      6.00000      0.89814      0.36442      0.53372
      6.01000      0.84369      0.33112      0.51257
      6.02000      0.71844      0.27558      0.44285
      6.03000      0.56073      0.22297      0.33776
      6.04000      0.52586      0.22009      0.30577
      6.05000      0.59079      0.24811      0.34268
      6.06000      0.66836      0.27623      0.39213
      6.07000      0.59029      0.23396      0.35632
      6.08000      0.53197      0.19677      0.33521
      6.09000      0.52243      0.18976      0.33268
      6.10000      0.53000      0.19858      0.33142
      6.11000      0.59887      0.23617      0.36271
      6.12000      0.64399      0.25571      0.38828
      6.13000      0.58983      0.22763      0.36220
      6.14000      0.58223      0.22141      0.36083
      6.15000      0.65196      0.25360      0.39836
      6.16000      0.65324      0.25873      0.39451
      6.17000      0.57749      0.22545      0.35203
      6.18000      0.51019      0.20370      0.30649
      6.19000      0.57527      0.23715      0.33812
      6.20000      0.67220      0.27063      0.40157
      6.21000      0.67115      0.26171      0.40944
      6.22000      0.55183      0.21755      0.33428
      6.23000      0.43035      0.17471      0.25564
      6.24000      0.34586      0.13855      0.20730
      6.25000      0.30528      0.12140      0.18388
      6.26000      0.37149      0.14590      0.22559
      6.27000      0.44361      0.16954      0.27407
      6.28000      0.52897      0.19948      0.32949
      6.29000      0.64274      0.24778      0.39496
      6.30000      0.64208      0.25422      0.38786
      6.31000      0.54012      0.21512      0.32501
      6.32000      0.49542      0.18800      0.30742
      6.33000      0.56189      0.20493      0.35696
      6.34000      0.63134      0.23471      0.39662
      6.35000      0.64355      0.25247      0.39108
      6.36000      0.54588      0.22413      0.32175
      6.37000      0.41630      0.17141      0.24489
      6.38000      0.44937      0.18390      0.26548
      6.39000      0.53044      0.22104      0.30940
      6.40000      0.54556      0.22073      0.32483
      6.41000      0.52886      0.20439      0.32447
      6.42000      0.49590      0.19122      0.30467
      6.43000      0.54339      0.21019      0.33320
