Energy-E_F (eV)    DOS (1/eV)    PDOS (1/eV)  of atom type C  Si 
     -6.42672      0.42564      0.00000      0.00000
     -6.41672      0.41716      0.00000      0.00000
     -6.40672      0.65209      0.00000      0.00000
     -6.39672      0.92220      0.00000      0.00000
     -6.38672      0.90440      0.00000      0.00000
     -6.37672      0.58056      0.00000      0.00000
     -6.36672      0.31595      0.00000      0.00000
     -6.35672      0.24110      0.00000      0.00000
     -6.34672      0.31281      0.00000      0.00000
     -6.33672      0.52860      0.00000      0.00000
     -6.32672      0.59807      0.00000      0.00000
     -6.31672      0.67932      0.00000      0.00000
     -6.30672      1.12105      0.00000      0.00000
     -6.29672      1.23678      0.00000      0.00000
     -6.28672      0.85739      0.00000      0.00000
     -6.27672      0.70115      0.00000      0.00000
     -6.26672      0.76108      0.00000      0.00000
     -6.25672      0.84732      0.00000      0.00000
     -6.24672      0.98339      0.00000      0.00000
     -6.23672      0.84474      0.00000      0.00000
     -6.22672      0.52897      0.00000      0.00000
     -6.21672      0.40596      0.00000      0.00000
     -6.20672      0.36869      0.00000      0.00000
     -6.19672      0.38979      0.00000      0.00000
     -6.18672      0.44682      0.00000      0.00000
     -6.17672      0.52471      0.00000      0.00000
     -6.16672      0.51906      0.00000      0.00000
     -6.15672      0.51133      0.00000      0.00000
     -6.14672      0.68078      0.00000      0.00000
     -6.13672      0.75730      0.00000      0.00000
     -6.12672      0.59420      0.00000      0.00000
     -6.11672      0.39176      0.00000      0.00000
     -6.10672      0.25975      0.00000      0.00000
     -6.09672      0.24390      0.00000      0.00000
     -6.08672      0.23643      0.00000      0.00000
     -6.07672      0.25939      0.00000      0.00000
     -6.06672      0.39170      0.00000      0.00000
     -6.05672      0.61764      0.00000      0.00000
     -6.04672      0.84369      0.00000      0.00000
     -6.03672      0.79274      0.00000      0.00000
     -6.02672      0.58846      0.00000      0.00000
     -6.01672      0.66525      0.00000      0.00000
     -6.00672      0.95252      0.00000      0.00000
     -5.99672      0.97783      0.00000      0.00000
     -5.98672      0.78965      0.00000      0.00000
     -5.97672      0.63231      0.00000      0.00000
     -5.96672      0.58457      0.00000      0.00000
     -5.95672      0.56681      0.00000      0.00000
     -5.94672      0.52650      0.00000      0.00000
     -5.93672      0.38581      0.00000      0.00000
     -5.92672      0.29286      0.00000      0.00000
     -5.91672      0.47915      0.00000      0.00000
     -5.90672      0.78575      0.00000      0.00000
     -5.89672      0.75175      0.00000      0.00000
     -5.88672      0.49504      0.00000      0.00000
     -5.87672      0.47367      0.00000      0.00000
     -5.86672      0.65014      0.00000      0.00000
     -5.85672      0.75223      0.00000      0.00000
     -5.84672      0.66094      0.00000      0.00000
     -5.83672      0.53216      0.00000      0.00000
     -5.82672      0.51330      0.00000      0.00000
     -5.81672      0.50520      0.00000      0.00000
     -5.80672      0.38762      0.00000      0.00000
     -5.79672      0.20575      0.00000      0.00000
     -5.78672      0.25519      0.00000      0.00000
     -5.77672      0.72120      0.00000      0.00000
     -5.76672      1.17839      0.00000      0.00000
     -5.75672      1.13791      0.00000      0.00000
     -5.74672      0.72792      0.00000      0.00000
     -5.73672      0.53010      0.00000      0.00000
     -5.72672      0.81546      0.00000      0.00000
     -5.71672      1.10940      0.00000      0.00000
     -5.70672      1.01713      0.00000      0.00000
     -5.69672      0.62970      0.00000      0.00000
     -5.68672      0.37444      0.00000      0.00000
     -5.67672      0.38134      0.00000      0.00000
     -5.66672      0.50948      0.00000      0.00000
     -5.65672      0.58018      0.00000      0.00000
     -5.64672      0.62233      0.00000      0.00000
     -5.63672      0.54242      0.00000      0.00000
     -5.62672      0.49604      0.00000      0.00000
     -5.61672      0.40397      0.00000      0.00000
     -5.60672      0.23164      0.00000      0.00000
     -5.59672      0.31627      0.00000      0.00000
     -5.58672      0.59194      0.00000      0.00000
     -5.57672      0.76732      0.00000      0.00000
     -5.56672      0.72267      0.00000      0.00000
     -5.55672      0.56760      0.00000      0.00000
     -5.54672      0.61894      0.00000      0.00000
     -5.53672      0.70282      0.00000      0.00000
     -5.52672      0.84561      0.00000      0.00000
     -5.51672      1.00985      0.00000      0.00000
     -5.50672      0.83896      0.00000      0.00000
     -5.49672      0.59812      0.00000      0.00000
     -5.48672      0.64921      0.00000      0.00000
     -5.47672      0.70487      0.00000      0.00000
     -5.46672      0.53963      0.00000      0.00000
     -5.45672      0.51172      0.00000      0.00000
     -5.44672      0.60348      0.00000      0.00000
     -5.43672      0.44286      0.00000      0.00000
     -5.42672      0.32436      0.00000      0.00000
     -5.41672      0.34612      0.00000      0.00000
     -5.40672      0.40601      0.00000      0.00000
     -5.39672      0.58868      0.00000      0.00000
     -5.38672      0.81331      0.00000      0.00000
     -5.37672      0.85460      0.00000      0.00000
     -5.36672      0.60077      0.00000      0.00000
     -5.35672      0.49892      0.00000      0.00000
     -5.34672      0.51789      0.00000      0.00000
     -5.33672      0.53619      0.00000      0.00000
     -5.32672      0.50671      0.00000      0.00000
     -5.31672      0.49675      0.00000      0.00000
     -5.30672      0.50883      0.00000      0.00000
     -5.29672      0.40372      0.00000      0.00000
     -5.28672      0.29331      0.00000      0.00000
     -5.27672      0.24057      0.00000      0.00000
     -5.26672      0.31517      0.00000      0.00000
     -5.25672      0.50749      0.00000      0.00000
     -5.24672      0.81290      0.00000      0.00000
     -5.23672      1.16769      0.00000      0.00000
     -5.22672      1.33159      0.00000      0.00000
     -5.21672      1.10734      0.00000      0.00000
     -5.20672      0.65303      0.00000      0.00000
     -5.19672      0.35070      0.00000      0.00000
     -5.18672      0.30618      0.00000      0.00000
     -5.17672      0.38858      0.00000      0.00000
     -5.16672      0.52644      0.00000      0.00000
     -5.15672      0.69947      0.00000      0.00000
     -5.14672      0.69967      0.00000      0.00000
     -5.13672      0.61073      0.00000      0.00000
     -5.12672      0.60150      0.00000      0.00000
     -5.11672      0.65931      0.00000      0.00000
     -5.10672      0.66907      0.00000      0.00000
     -5.09672      0.75386      0.00000      0.00000
     -5.08672      0.93683      0.00000      0.00000
     -5.07672      0.92916      0.00000      0.00000
     -5.06672      0.81650      0.00000      0.00000
     -5.05672      0.66484      0.00000      0.00000
     -5.04672      0.45101      0.00000      0.00000
     -5.03672      0.28391      0.00000      0.00000
     -5.02672      0.33931      0.00000      0.00000
     -5.01672      0.59228      0.00000      0.00000
     -5.00672      0.75582      0.00000      0.00000
     -4.99672      0.79901      0.00000      0.00000
     -4.98672      0.75893      0.00000      0.00000
     -4.97672      0.59258      0.00000      0.00000
     -4.96672      0.47801      0.00000      0.00000
     -4.95672      0.44036      0.00000      0.00000
     -4.94672      0.37002      0.00000      0.00000
     -4.93672      0.53188      0.00000      0.00000
     -4.92672      0.85631      0.00000      0.00000
     -4.91672      0.89953      0.00000      0.00000
     -4.90672      0.68422      0.00000      0.00000
     -4.89672      0.58465      0.00000      0.00000
     -4.88672      0.56021      0.00000      0.00000
     -4.87672      0.46237      0.00000      0.00000
     -4.86672      0.37360      0.00000      0.00000
     -4.85672      0.26106      0.00000      0.00000
     -4.84672      0.23850      0.00000      0.00000
     -4.83672      0.58252      0.00000      0.00000
     -4.82672      1.03766      0.00000      0.00000
     -4.81672      0.94869      0.00000      0.00000
     -4.80672      0.54422      0.00000      0.00000
     -4.79672      0.46523      0.00000      0.00000
     -4.78672      0.66776      0.00000      0.00000
     -4.77672      0.82489      0.00000      0.00000
     -4.76672      0.82567      0.00000      0.00000
     -4.75672      0.96199      0.00000      0.00000
     -4.74672      0.98085      0.00000      0.00000
     -4.73672      0.72786      0.00000      0.00000
     -4.72672      0.55221      0.00000      0.00000
     -4.71672      0.51893      0.00000      0.00000
     -4.70672      0.68177      0.00000      0.00000
     -4.69672      0.92371      0.00000      0.00000
     -4.68672      0.98130      0.00000      0.00000
     -4.67672      0.78476      0.00000      0.00000
     -4.66672      0.52256      0.00000      0.00000
     -4.65672      0.36010      0.00000      0.00000
     -4.64672      0.43522      0.00000      0.00000
     -4.63672      0.57160      0.00000      0.00000
     -4.62672      0.58693      0.00000      0.00000
     -4.61672      0.67207      0.00000      0.00000
     -4.60672      0.64290      0.00000      0.00000
     -4.59672      0.58775      0.00000      0.00000
     -4.58672      0.64997      0.00000      0.00000
     -4.57672      0.66291      0.00000      0.00000
     -4.56672      0.52487      0.00000      0.00000
     -4.55672      0.36356      0.00000      0.00000
     -4.54672      0.48499      0.00000      0.00000
     -4.53672      0.82811      0.00000      0.00000
     -4.52672      1.01884      0.00000      0.00000
     -4.51672      0.95640      0.00000      0.00000
     -4.50672      0.62346      0.00000      0.00000
     -4.49672      0.42901      0.00000      0.00000
     -4.48672      0.64398      0.00000      0.00000
     -4.47672      0.84273      0.00000      0.00000
     -4.46672      0.74588      0.00000      0.00000
     -4.45672      0.62393      0.00000      0.00000
     -4.44672      0.61971      0.00000      0.00000
     -4.43672      0.59726      0.00000      0.00000
     -4.42672      0.53075      0.00000      0.00000
     -4.41672      0.51518      0.00000      0.00000
     -4.40672      0.68985      0.00000      0.00000
     -4.39672      0.84490      0.00000      0.00000
     -4.38672      0.81505      0.00000      0.00000
     -4.37672      0.84409      0.00000      0.00000
     -4.36672      0.97147      0.00000      0.00000
     -4.35672      0.86262      0.00000      0.00000
     -4.34672      0.59480      0.00000      0.00000
     -4.33672      0.51991      0.00000      0.00000
     -4.32672      0.71700      0.00000      0.00000
     -4.31672      0.70825      0.00000      0.00000
     -4.30672      0.44809      0.00000      0.00000
     -4.29672      0.43085      0.00000      0.00000
     -4.28672      0.66383      0.00000      0.00000
     -4.27672      0.74390      0.00000      0.00000
     -4.26672      0.65668      0.00000      0.00000
     -4.25672      0.63645      0.00000      0.00000
     -4.24672      0.72464      0.00000      0.00000
     -4.23672      0.80008      0.00000      0.00000
     -4.22672      0.65798      0.00000      0.00000
     -4.21672      0.57210      0.00000      0.00000
     -4.20672      0.88452      0.00000      0.00000
     -4.19672      1.37386      0.00000      0.00000
     -4.18672      1.43887      0.00000      0.00000
     -4.17672      1.24875      0.00000      0.00000
     -4.16672      0.94472      0.00000      0.00000
     -4.15672      0.64481      0.00000      0.00000
     -4.14672      0.68231      0.00000      0.00000
     -4.13672      1.00339      0.00000      0.00000
     -4.12672      1.27929      0.00000      0.00000
     -4.11672      1.23161      0.00000      0.00000
     -4.10672      1.01868      0.00000      0.00000
     -4.09672      0.85181      0.00000      0.00000
     -4.08672      0.70102      0.00000      0.00000
     -4.07672      0.66005      0.00000      0.00000
     -4.06672      0.58574      0.00000      0.00000
     -4.05672      0.43668      0.00000      0.00000
     -4.04672      0.47474      0.00000      0.00000
     -4.03672      0.58320      0.00000      0.00000
     -4.02672      0.50796      0.00000      0.00000
     -4.01672      0.37927      0.00000      0.00000
     -4.00672      0.38242      0.00000      0.00000
     -3.99672      0.52460      0.00000      0.00000
     -3.98672      0.59931      0.00000      0.00000
     -3.97672      0.75586      0.00000      0.00000
     -3.96672      1.18911      0.00000      0.00000
     -3.95672      1.35955      0.00000      0.00000
     -3.94672      1.05496      0.00000      0.00000
     -3.93672      0.95283      0.00000      0.00000
     -3.92672      1.25386      0.00000      0.00000
     -3.91672      1.39426      0.00000      0.00000
     -3.90672      1.27370      0.00000      0.00000
     -3.89672      1.09835      0.00000      0.00000
     -3.88672      0.96124      0.00000      0.00000
     -3.87672      0.67245      0.00000      0.00000
     -3.86672      0.37085      0.00000      0.00000
     -3.85672      0.39579      0.00000      0.00000
     -3.84672      0.64655      0.00000      0.00000
     -3.83672      0.89627      0.00000      0.00000
     -3.82672      0.95319      0.00000      0.00000
     -3.81672      0.70626      0.00000      0.00000
     -3.80672      0.48872      0.00000      0.00000
     -3.79672      0.69584      0.00000      0.00000
     -3.78672      0.95777      0.00000      0.00000
     -3.77672      0.92785      0.00000      0.00000
     -3.76672      0.86047      0.00000      0.00000
     -3.75672      0.77425      0.00000      0.00000
     -3.74672      0.90292      0.00000      0.00000
     -3.73672      1.60309      0.00000      0.00000
     -3.72672      2.07548      0.00000      0.00000
     -3.71672      1.63345      0.00000      0.00000
     -3.70672      1.01427      0.00000      0.00000
     -3.69672      0.76214      0.00000      0.00000
     -3.68672      0.80912      0.00000      0.00000
     -3.67672      0.87765      0.00000      0.00000
     -3.66672      0.84178      0.00000      0.00000
     -3.65672      0.89394      0.00000      0.00000
     -3.64672      0.89571      0.00000      0.00000
     -3.63672      0.91994      0.00000      0.00000
     -3.62672      1.09930      0.00000      0.00000
     -3.61672      1.30683      0.00000      0.00000
     -3.60672      1.23240      0.00000      0.00000
     -3.59672      0.98139      0.00000      0.00000
     -3.58672      0.81204      0.00000      0.00000
     -3.57672      0.78243      0.00000      0.00000
     -3.56672      1.13073      0.00000      0.00000
     -3.55672      1.17942      0.00000      0.00000
     -3.54672      0.85777      0.00000      0.00000
     -3.53672      0.90737      0.00000      0.00000
     -3.52672      1.06868      0.00000      0.00000
     -3.51672      1.08745      0.00000      0.00000
     -3.50672      1.07482      0.00000      0.00000
     -3.49672      1.27179      0.00000      0.00000
     -3.48672      1.47184      0.00000      0.00000
     -3.47672      1.65358      0.00000      0.00000
     -3.46672      1.72396      0.00000      0.00000
     -3.45672      1.45888      0.00000      0.00000
     -3.44672      1.16988      0.00000      0.00000
     -3.43672      1.22630      0.00000      0.00000
     -3.42672      1.47832      0.00000      0.00000
     -3.41672      1.36085      0.00000      0.00000
     -3.40672      1.01551      0.00000      0.00000
     -3.39672      0.90534      0.00000      0.00000
     -3.38672      0.96374      0.00000      0.00000
     -3.37672      1.01813      0.00000      0.00000
     -3.36672      1.16053      0.00000      0.00000
     -3.35672      1.42130      0.00000      0.00000
     -3.34672      1.68453      0.00000      0.00000
     -3.33672      1.70643      0.00000      0.00000
     -3.32672      1.55689      0.00000      0.00000
     -3.31672      1.24400      0.00000      0.00000
     -3.30672      1.19607      0.00000      0.00000
     -3.29672      1.47812      0.00000      0.00000
     -3.28672      1.67922      0.00000      0.00000
     -3.27672      1.68457      0.00000      0.00000
     -3.26672      1.54300      0.00000      0.00000
     -3.25672      1.44755      0.00000      0.00000
     -3.24672      1.50719      0.00000      0.00000
     -3.23672      1.67639      0.00000      0.00000
     -3.22672      1.78759      0.00000      0.00000
     -3.21672      1.64866      0.00000      0.00000
     -3.20672      1.59113      0.00000      0.00000
     -3.19672      1.45510      0.00000      0.00000
     -3.18672      1.28310      0.00000      0.00000
     -3.17672      1.32979      0.00000      0.00000
     -3.16672      1.39121      0.00000      0.00000
     -3.15672      1.42344      0.00000      0.00000
     -3.14672      1.52047      0.00000      0.00000
     -3.13672      1.55541      0.00000      0.00000
     -3.12672      1.56963      0.00000      0.00000
     -3.11672      1.54625      0.00000      0.00000
     -3.10672      1.38593      0.00000      0.00000
     -3.09672      1.33417      0.00000      0.00000
     -3.08672      1.79755      0.00000      0.00000
     -3.07672      2.45792      0.00000      0.00000
     -3.06672      2.72409      0.00000      0.00000
     -3.05672      2.57591      0.00000      0.00000
     -3.04672      2.25592      0.00000      0.00000
     -3.03672      2.03624      0.00000      0.00000
     -3.02672      1.91181      0.00000      0.00000
     -3.01672      1.86254      0.00000      0.00000
     -3.00672      1.94330      0.00000      0.00000
     -2.99672      1.80193      0.00000      0.00000
     -2.98672      1.43210      0.00000      0.00000
     -2.97672      1.36031      0.00000      0.00000
     -2.96672      1.35907      0.00000      0.00000
     -2.95672      1.40232      0.00000      0.00000
     -2.94672      1.65880      0.00000      0.00000
     -2.93672      1.72718      0.00000      0.00000
     -2.92672      1.51254      0.00000      0.00000
     -2.91672      1.37723      0.00000      0.00000
     -2.90672      1.61346      0.00000      0.00000
     -2.89672      1.69600      0.00000      0.00000
     -2.88672      1.40274      0.00000      0.00000
     -2.87672      1.31235      0.00000      0.00000
     -2.86672      1.71012      0.00000      0.00000
     -2.85672      2.09134      0.00000      0.00000
     -2.84672      2.06744      0.00000      0.00000
     -2.83672      2.00209      0.00000      0.00000
     -2.82672      2.21277      0.00000      0.00000
     -2.81672      2.51507      0.00000      0.00000
     -2.80672      2.65588      0.00000      0.00000
     -2.79672      2.40857      0.00000      0.00000
     -2.78672      1.96858      0.00000      0.00000
     -2.77672      1.71550      0.00000      0.00000
     -2.76672      1.82159      0.00000      0.00000
     -2.75672      1.95386      0.00000      0.00000
     -2.74672      1.99147      0.00000      0.00000
     -2.73672      1.99220      0.00000      0.00000
     -2.72672      1.95622      0.00000      0.00000
     -2.71672      1.91665      0.00000      0.00000
     -2.70672      1.96535      0.00000      0.00000
     -2.69672      1.98420      0.00000      0.00000
     -2.68672      1.76916      0.00000      0.00000
     -2.67672      1.42267      0.00000      0.00000
     -2.66672      1.66301      0.00000      0.00000
     -2.65672      2.25448      0.00000      0.00000
     -2.64672      2.33969      0.00000      0.00000
     -2.63672      2.39463      0.00000      0.00000
     -2.62672      2.53584      0.00000      0.00000
     -2.61672      2.18992      0.00000      0.00000
     -2.60672      1.82335      0.00000      0.00000
     -2.59672      1.87277      0.00000      0.00000
     -2.58672      2.09957      0.00000      0.00000
     -2.57672      2.08787      0.00000      0.00000
     -2.56672      1.97900      0.00000      0.00000
     -2.55672      2.17265      0.00000      0.00000
     -2.54672      2.49240      0.00000      0.00000
     -2.53672      2.38800      0.00000      0.00000
     -2.52672      1.92583      0.00000      0.00000
     -2.51672      1.38529      0.00000      0.00000
     -2.50672      1.34843      0.00000      0.00000
     -2.49672      1.72318      0.00000      0.00000
     -2.48672      1.91404      0.00000      0.00000
     -2.47672      1.99847      0.00000      0.00000
     -2.46672      1.96676      0.00000      0.00000
     -2.45672      2.06138      0.00000      0.00000
     -2.44672      2.49695      0.00000      0.00000
     -2.43672      2.59086      0.00000      0.00000
     -2.42672      2.57766      0.00000      0.00000
     -2.41672      2.79351      0.00000      0.00000
     -2.40672      2.68110      0.00000      0.00000
     -2.39672      2.27174      0.00000      0.00000
     -2.38672      1.83770      0.00000      0.00000
     -2.37672      1.81317      0.00000      0.00000
     -2.36672      1.98058      0.00000      0.00000
     -2.35672      1.99149      0.00000      0.00000
     -2.34672      2.02565      0.00000      0.00000
     -2.33672      1.99895      0.00000      0.00000
     -2.32672      2.08413      0.00000      0.00000
     -2.31672      2.07800      0.00000      0.00000
     -2.30672      1.91019      0.00000      0.00000
     -2.29672      1.86006      0.00000      0.00000
     -2.28672      2.08089      0.00000      0.00000
     -2.27672      2.29656      0.00000      0.00000
     -2.26672      2.55034      0.00000      0.00000
     -2.25672      2.83849      0.00000      0.00000
     -2.24672      2.69535      0.00000      0.00000
     -2.23672      2.05539      0.00000      0.00000
     -2.22672      1.90922      0.00000      0.00000
     -2.21672      2.17951      0.00000      0.00000
     -2.20672      2.39605      0.00000      0.00000
     -2.19672      2.44604      0.00000      0.00000
     -2.18672      2.31477      0.00000      0.00000
     -2.17672      2.13162      0.00000      0.00000
     -2.16672      1.99754      0.00000      0.00000
     -2.15672      1.91531      0.00000      0.00000
     -2.14672      1.85786      0.00000      0.00000
     -2.13672      1.90292      0.00000      0.00000
     -2.12672      1.95067      0.00000      0.00000
     -2.11672      2.41090      0.00000      0.00000
     -2.10672      2.92223      0.00000      0.00000
     -2.09672      2.67828      0.00000      0.00000
     -2.08672      2.31180      0.00000      0.00000
     -2.07672      2.50316      0.00000      0.00000
     -2.06672      2.44208      0.00000      0.00000
     -2.05672      2.06266      0.00000      0.00000
     -2.04672      1.83843      0.00000      0.00000
     -2.03672      1.76961      0.00000      0.00000
     -2.02672      1.64835      0.00000      0.00000
     -2.01672      1.80769      0.00000      0.00000
     -2.00672      2.44185      0.00000      0.00000
     -1.99672      2.74995      0.00000      0.00000
     -1.98672      2.42116      0.00000      0.00000
     -1.97672      2.07342      0.00000      0.00000
     -1.96672      2.13510      0.00000      0.00000
     -1.95672      2.42618      0.00000      0.00000
     -1.94672      2.32757      0.00000      0.00000
     -1.93672      2.19977      0.00000      0.00000
     -1.92672      2.36888      0.00000      0.00000
     -1.91672      2.85628      0.00000      0.00000
     -1.90672      3.05082      0.00000      0.00000
     -1.89672      2.57893      0.00000      0.00000
     -1.88672      2.13957      0.00000      0.00000
     -1.87672      1.92723      0.00000      0.00000
     -1.86672      1.86316      0.00000      0.00000
     -1.85672      2.01436      0.00000      0.00000
     -1.84672      1.88062      0.00000      0.00000
     -1.83672      1.61838      0.00000      0.00000
     -1.82672      1.92248      0.00000      0.00000
     -1.81672      2.31462      0.00000      0.00000
     -1.80672      2.34268      0.00000      0.00000
     -1.79672      2.29336      0.00000      0.00000
     -1.78672      2.21730      0.00000      0.00000
     -1.77672      2.08778      0.00000      0.00000
     -1.76672      2.02997      0.00000      0.00000
     -1.75672      2.21741      0.00000      0.00000
     -1.74672      2.51159      0.00000      0.00000
     -1.73672      2.43313      0.00000      0.00000
     -1.72672      2.52342      0.00000      0.00000
     -1.71672      2.59812      0.00000      0.00000
     -1.70672      2.24250      0.00000      0.00000
     -1.69672      2.02767      0.00000      0.00000
     -1.68672      1.99083      0.00000      0.00000
     -1.67672      2.06537      0.00000      0.00000
     -1.66672      2.30195      0.00000      0.00000
     -1.65672      2.62584      0.00000      0.00000
     -1.64672      2.73352      0.00000      0.00000
     -1.63672      2.36331      0.00000      0.00000
     -1.62672      1.71517      0.00000      0.00000
     -1.61672      1.41640      0.00000      0.00000
     -1.60672      1.65207      0.00000      0.00000
     -1.59672      1.98490      0.00000      0.00000
     -1.58672      2.10863      0.00000      0.00000
     -1.57672      2.13266      0.00000      0.00000
     -1.56672      2.01157      0.00000      0.00000
     -1.55672      1.83011      0.00000      0.00000
     -1.54672      1.94289      0.00000      0.00000
     -1.53672      2.32688      0.00000      0.00000
     -1.52672      2.56503      0.00000      0.00000
     -1.51672      2.51813      0.00000      0.00000
     -1.50672      2.66375      0.00000      0.00000
     -1.49672      2.72514      0.00000      0.00000
     -1.48672      2.48877      0.00000      0.00000
     -1.47672      2.33684      0.00000      0.00000
     -1.46672      2.21817      0.00000      0.00000
     -1.45672      2.16842      0.00000      0.00000
     -1.44672      2.29718      0.00000      0.00000
     -1.43672      2.02795      0.00000      0.00000
     -1.42672      1.54949      0.00000      0.00000
     -1.41672      1.44450      0.00000      0.00000
     -1.40672      1.45811      0.00000      0.00000
     -1.39672      1.67401      0.00000      0.00000
     -1.38672      1.93173      0.00000      0.00000
     -1.37672      1.86087      0.00000      0.00000
     -1.36672      1.87826      0.00000      0.00000
     -1.35672      2.18064      0.00000      0.00000
     -1.34672      2.20462      0.00000      0.00000
     -1.33672      1.95889      0.00000      0.00000
     -1.32672      1.92196      0.00000      0.00000
     -1.31672      2.45454      0.00000      0.00000
     -1.30672      2.93023      0.00000      0.00000
     -1.29672      2.69105      0.00000      0.00000
     -1.28672      2.20305      0.00000      0.00000
     -1.27672      2.22877      0.00000      0.00000
     -1.26672      2.68241      0.00000      0.00000
     -1.25672      2.53033      0.00000      0.00000
     -1.24672      1.93623      0.00000      0.00000
     -1.23672      1.71878      0.00000      0.00000
     -1.22672      1.84247      0.00000      0.00000
     -1.21672      1.82458      0.00000      0.00000
     -1.20672      1.53692      0.00000      0.00000
     -1.19672      1.35097      0.00000      0.00000
     -1.18672      1.45686      0.00000      0.00000
     -1.17672      1.62852      0.00000      0.00000
     -1.16672      1.62038      0.00000      0.00000
     -1.15672      1.51325      0.00000      0.00000
     -1.14672      1.71583      0.00000      0.00000
     -1.13672      2.07575      0.00000      0.00000
     -1.12672      2.04850      0.00000      0.00000
     -1.11672      1.89346      0.00000      0.00000
     -1.10672      2.21360      0.00000      0.00000
     -1.09672      2.84351      0.00000      0.00000
     -1.08672      2.67243      0.00000      0.00000
     -1.07672      1.90899      0.00000      0.00000
     -1.06672      1.45838      0.00000      0.00000
     -1.05672      1.15043      0.00000      0.00000
     -1.04672      0.88576      0.00000      0.00000
     -1.03672      0.91086      0.00000      0.00000
     -1.02672      1.42726      0.00000      0.00000
     -1.01672      1.68301      0.00000      0.00000
     -1.00672      1.14768      0.00000      0.00000
     -0.99672      0.79067      0.00000      0.00000
     -0.98672      0.98673      0.00000      0.00000
     -0.97672      1.23711      0.00000      0.00000
     -0.96672      1.29798      0.00000      0.00000
     -0.95672      1.23824      0.00000      0.00000
     -0.94672      1.11243      0.00000      0.00000
     -0.93672      1.13053      0.00000      0.00000
     -0.92672      1.28153      0.00000      0.00000
     -0.91672      1.38401      0.00000      0.00000
     -0.90672      1.62549      0.00000      0.00000
     -0.89672      1.84461      0.00000      0.00000
     -0.88672      1.62571      0.00000      0.00000
     -0.87672      1.19220      0.00000      0.00000
     -0.86672      0.97721      0.00000      0.00000
     -0.85672      0.98114      0.00000      0.00000
     -0.84672      1.00336      0.00000      0.00000
     -0.83672      1.02024      0.00000      0.00000
     -0.82672      1.08340      0.00000      0.00000
     -0.81672      1.08794      0.00000      0.00000
     -0.80672      0.86490      0.00000      0.00000
     -0.79672      0.68884      0.00000      0.00000
     -0.78672      0.65895      0.00000      0.00000
     -0.77672      0.68453      0.00000      0.00000
     -0.76672      0.86941      0.00000      0.00000
     -0.75672      1.18887      0.00000      0.00000
     -0.74672      1.27861      0.00000      0.00000
     -0.73672      1.19189      0.00000      0.00000
     -0.72672      1.02974      0.00000      0.00000
     -0.71672      0.92159      0.00000      0.00000
     -0.70672      0.86091      0.00000      0.00000
     -0.69672      0.93814      0.00000      0.00000
     -0.68672      1.02514      0.00000      0.00000
     -0.67672      1.01285      0.00000      0.00000
     -0.66672      1.04646      0.00000      0.00000
     -0.65672      0.98943      0.00000      0.00000
     -0.64672      0.98590      0.00000      0.00000
     -0.63672      0.99631      0.00000      0.00000
     -0.62672      0.70323      0.00000      0.00000
     -0.61672      0.45005      0.00000      0.00000
     -0.60672      0.51186      0.00000      0.00000
     -0.59672      0.66270      0.00000      0.00000
     -0.58672      0.60296      0.00000      0.00000
     -0.57672      0.67605      0.00000      0.00000
     -0.56672      0.95667      0.00000      0.00000
     -0.55672      0.93962      0.00000      0.00000
     -0.54672      0.80363      0.00000      0.00000
     -0.53672      0.83512      0.00000      0.00000
     -0.52672      0.73556      0.00000      0.00000
     -0.51672      0.59868      0.00000      0.00000
     -0.50672      0.75490      0.00000      0.00000
     -0.49672      1.17819      0.00000      0.00000
     -0.48672      1.29058      0.00000      0.00000
     -0.47672      0.88933      0.00000      0.00000
     -0.46672      0.48752      0.00000      0.00000
     -0.45672      0.25417      0.00000      0.00000
     -0.44672      0.18979      0.00000      0.00000
     -0.43672      0.39301      0.00000      0.00000
     -0.42672      0.65215      0.00000      0.00000
     -0.41672      0.69982      0.00000      0.00000
     -0.40672      0.69872      0.00000      0.00000
     -0.39672      0.64030      0.00000      0.00000
     -0.38672      0.62126      0.00000      0.00000
     -0.37672      0.75624      0.00000      0.00000
     -0.36672      0.79159      0.00000      0.00000
     -0.35672      0.59580      0.00000      0.00000
     -0.34672      0.52941      0.00000      0.00000
     -0.33672      0.69759      0.00000      0.00000
     -0.32672      0.81181      0.00000      0.00000
     -0.31672      0.56708      0.00000      0.00000
     -0.30672      0.25132      0.00000      0.00000
     -0.29672      0.20912      0.00000      0.00000
     -0.28672      0.37879      0.00000      0.00000
     -0.27672      0.52602      0.00000      0.00000
     -0.26672      0.49604      0.00000      0.00000
     -0.25672      0.41795      0.00000      0.00000
     -0.24672      0.51806      0.00000      0.00000
     -0.23672      0.74176      0.00000      0.00000
     -0.22672      0.68399      0.00000      0.00000
     -0.21672      0.37467      0.00000      0.00000
     -0.20672      0.29906      0.00000      0.00000
     -0.19672      0.50077      0.00000      0.00000
     -0.18672      0.67799      0.00000      0.00000
     -0.17672      0.51813      0.00000      0.00000
     -0.16672      0.29288      0.00000      0.00000
     -0.15672      0.35896      0.00000      0.00000
     -0.14672      0.39346      0.00000      0.00000
     -0.13672      0.24526      0.00000      0.00000
     -0.12672      0.24523      0.00000      0.00000
     -0.11672      0.32363      0.00000      0.00000
     -0.10672      0.33103      0.00000      0.00000
     -0.09672      0.31703      0.00000      0.00000
     -0.08672      0.36415      0.00000      0.00000
     -0.07672      0.43879      0.00000      0.00000
     -0.06672      0.38508      0.00000      0.00000
     -0.05672      0.31349      0.00000      0.00000
     -0.04672      0.28765      0.00000      0.00000
     -0.03672      0.25255      0.00000      0.00000
     -0.02672      0.22129      0.00000      0.00000
     -0.01672      0.20500      0.00000      0.00000
     -0.00672      0.14197      0.00000      0.00000
      0.00328      0.05027      0.00000      0.00000
      0.01328      0.00771      0.00000      0.00000
      0.02328      0.00057      0.00000      0.00000
      0.03328      0.00221      0.00000      0.00000
      0.04328      0.01844      0.00000      0.00000
      0.05328      0.05706      0.00000      0.00000
      0.06328      0.06857      0.00000      0.00000
      0.07328      0.06158      0.00000      0.00000
      0.08328      0.11515      0.00000      0.00000
      0.09328      0.13310      0.00000      0.00000
      0.10328      0.07830      0.00000      0.00000
      0.11328      0.09868      0.00000      0.00000
      0.12328      0.13874      0.00000      0.00000
      0.13328      0.07917      0.00000      0.00000
      0.14328      0.02526      0.00000      0.00000
      0.15328      0.04261      0.00000      0.00000
      0.16328      0.07870      0.00000      0.00000
      0.17328      0.10730      0.00000      0.00000
      0.18328      0.18301      0.00000      0.00000
      0.19328      0.19114      0.00000      0.00000
      0.20328      0.11043      0.00000      0.00000
      0.21328      0.08013      0.00000      0.00000
      0.22328      0.05116      0.00000      0.00000
      0.23328      0.01383      0.00000      0.00000
      0.24328      0.00142      0.00000      0.00000
      0.25328      0.00107      0.00000      0.00000
      0.26328      0.01633      0.00000      0.00000
      0.27328      0.09967      0.00000      0.00000
      0.28328      0.23726      0.00000      0.00000
      0.29328      0.23007      0.00000      0.00000
      0.30328      0.10882      0.00000      0.00000
      0.31328      0.09213      0.00000      0.00000
      0.32328      0.13918      0.00000      0.00000
      0.33328      0.09771      0.00000      0.00000
      0.34328      0.06482      0.00000      0.00000
      0.35328      0.13052      0.00000      0.00000
      0.36328      0.16916      0.00000      0.00000
      0.37328      0.12021      0.00000      0.00000
      0.38328      0.07043      0.00000      0.00000
      0.39328      0.11804      0.00000      0.00000
      0.40328      0.25302      0.00000      0.00000
      0.41328      0.34670      0.00000      0.00000
      0.42328      0.30374      0.00000      0.00000
      0.43328      0.21161      0.00000      0.00000
      0.44328      0.13072      0.00000      0.00000
      0.45328      0.08694      0.00000      0.00000
      0.46328      0.06789      0.00000      0.00000
      0.47328      0.04118      0.00000      0.00000
      0.48328      0.08600      0.00000      0.00000
      0.49328      0.19575      0.00000      0.00000
      0.50328      0.27082      0.00000      0.00000
      0.51328      0.26929      0.00000      0.00000
      0.52328      0.16951      0.00000      0.00000
      0.53328      0.08802      0.00000      0.00000
      0.54328      0.07544      0.00000      0.00000
      0.55328      0.05821      0.00000      0.00000
      0.56328      0.09396      0.00000      0.00000
      0.57328      0.17782      0.00000      0.00000
      0.58328      0.23303      0.00000      0.00000
      0.59328      0.22465      0.00000      0.00000
      0.60328      0.11187      0.00000      0.00000
      0.61328      0.05846      0.00000      0.00000
      0.62328      0.12091      0.00000      0.00000
      0.63328      0.16400      0.00000      0.00000
      0.64328      0.18339      0.00000      0.00000
      0.65328      0.28249      0.00000      0.00000
      0.66328      0.36370      0.00000      0.00000
      0.67328      0.30638      0.00000      0.00000
      0.68328      0.30575      0.00000      0.00000
      0.69328      0.34507      0.00000      0.00000
      0.70328      0.28624      0.00000      0.00000
      0.71328      0.18483      0.00000      0.00000
      0.72328      0.06704      0.00000      0.00000
      0.73328      0.01768      0.00000      0.00000
      0.74328      0.08294      0.00000      0.00000
      0.75328      0.34463      0.00000      0.00000
      0.76328      0.54975      0.00000      0.00000
      0.77328      0.36652      0.00000      0.00000
      0.78328      0.24865      0.00000      0.00000
      0.79328      0.32013      0.00000      0.00000
      0.80328      0.24107      0.00000      0.00000
      0.81328      0.10474      0.00000      0.00000
      0.82328      0.14738      0.00000      0.00000
      0.83328      0.33502      0.00000      0.00000
      0.84328      0.40315      0.00000      0.00000
      0.85328      0.40733      0.00000      0.00000
      0.86328      0.43779      0.00000      0.00000
      0.87328      0.33278      0.00000      0.00000
      0.88328      0.14644      0.00000      0.00000
      0.89328      0.03441      0.00000      0.00000
      0.90328      0.00391      0.00000      0.00000
      0.91328      0.00230      0.00000      0.00000
      0.92328      0.02630      0.00000      0.00000
      0.93328      0.12109      0.00000      0.00000
      0.94328      0.20991      0.00000      0.00000
      0.95328      0.17348      0.00000      0.00000
      0.96328      0.25691      0.00000      0.00000
      0.97328      0.51666      0.00000      0.00000
      0.98328      0.51572      0.00000      0.00000
      0.99328      0.24439      0.00000      0.00000
      1.00328      0.14350      0.00000      0.00000
      1.01328      0.19693      0.00000      0.00000
      1.02328      0.14968      0.00000      0.00000
      1.03328      0.07434      0.00000      0.00000
      1.04328      0.15428      0.00000      0.00000
      1.05328      0.36726      0.00000      0.00000
      1.06328      0.54518      0.00000      0.00000
      1.07328      0.51140      0.00000      0.00000
      1.08328      0.28967      0.00000      0.00000
      1.09328      0.28579      0.00000      0.00000
      1.10328      0.61247      0.00000      0.00000
      1.11328      0.79402      0.00000      0.00000
      1.12328      0.54662      0.00000      0.00000
      1.13328      0.28251      0.00000      0.00000
      1.14328      0.32994      0.00000      0.00000
      1.15328      0.45783      0.00000      0.00000
      1.16328      0.40559      0.00000      0.00000
      1.17328      0.21965      0.00000      0.00000
      1.18328      0.10798      0.00000      0.00000
      1.19328      0.20184      0.00000      0.00000
      1.20328      0.34698      0.00000      0.00000
      1.21328      0.32032      0.00000      0.00000
      1.22328      0.32921      0.00000      0.00000
      1.23328      0.35332      0.00000      0.00000
      1.24328      0.27659      0.00000      0.00000
      1.25328      0.23365      0.00000      0.00000
      1.26328      0.30949      0.00000      0.00000
      1.27328      0.36742      0.00000      0.00000
      1.28328      0.25794      0.00000      0.00000
      1.29328      0.14136      0.00000      0.00000
      1.30328      0.21351      0.00000      0.00000
      1.31328      0.35380      0.00000      0.00000
      1.32328      0.43194      0.00000      0.00000
      1.33328      0.41715      0.00000      0.00000
      1.34328      0.22008      0.00000      0.00000
      1.35328      0.05926      0.00000      0.00000
      1.36328      0.08460      0.00000      0.00000
      1.37328      0.27269      0.00000      0.00000
      1.38328      0.45191      0.00000      0.00000
      1.39328      0.41532      0.00000      0.00000
      1.40328      0.33445      0.00000      0.00000
      1.41328      0.29617      0.00000      0.00000
      1.42328      0.30750      0.00000      0.00000
      1.43328      0.40873      0.00000      0.00000
      1.44328      0.36324      0.00000      0.00000
      1.45328      0.19044      0.00000      0.00000
      1.46328      0.10674      0.00000      0.00000
      1.47328      0.22290      0.00000      0.00000
      1.48328      0.37955      0.00000      0.00000
      1.49328      0.41315      0.00000      0.00000
      1.50328      0.36795      0.00000      0.00000
      1.51328      0.32082      0.00000      0.00000
      1.52328      0.36361      0.00000      0.00000
      1.53328      0.42158      0.00000      0.00000
      1.54328      0.51173      0.00000      0.00000
      1.55328      0.81138      0.00000      0.00000
      1.56328      0.98084      0.00000      0.00000
      1.57328      0.70371      0.00000      0.00000
      1.58328      0.41056      0.00000      0.00000
      1.59328      0.29380      0.00000      0.00000
      1.60328      0.27720      0.00000      0.00000
      1.61328      0.32005      0.00000      0.00000
      1.62328      0.30415      0.00000      0.00000
      1.63328      0.24550      0.00000      0.00000
      1.64328      0.35396      0.00000      0.00000
      1.65328      0.40862      0.00000      0.00000
      1.66328      0.27438      0.00000      0.00000
      1.67328      0.20503      0.00000      0.00000
      1.68328      0.29409      0.00000      0.00000
      1.69328      0.36733      0.00000      0.00000
      1.70328      0.30599      0.00000      0.00000
      1.71328      0.21614      0.00000      0.00000
      1.72328      0.26294      0.00000      0.00000
      1.73328      0.32970      0.00000      0.00000
      1.74328      0.36945      0.00000      0.00000
      1.75328      0.34345      0.00000      0.00000
      1.76328      0.28342      0.00000      0.00000
      1.77328      0.40392      0.00000      0.00000
      1.78328      0.50719      0.00000      0.00000
      1.79328      0.36121      0.00000      0.00000
      1.80328      0.30206      0.00000      0.00000
      1.81328      0.46640      0.00000      0.00000
      1.82328      0.61749      0.00000      0.00000
      1.83328      0.56230      0.00000      0.00000
      1.84328      0.45681      0.00000      0.00000
      1.85328      0.43192      0.00000      0.00000
      1.86328      0.37582      0.00000      0.00000
      1.87328      0.23599      0.00000      0.00000
      1.88328      0.17821      0.00000      0.00000
      1.89328      0.24878      0.00000      0.00000
      1.90328      0.42371      0.00000      0.00000
      1.91328      0.54634      0.00000      0.00000
      1.92328      0.41519      0.00000      0.00000
      1.93328      0.29073      0.00000      0.00000
      1.94328      0.35320      0.00000      0.00000
      1.95328      0.42551      0.00000      0.00000
      1.96328      0.34628      0.00000      0.00000
      1.97328      0.27036      0.00000      0.00000
      1.98328      0.20459      0.00000      0.00000
      1.99328      0.21915      0.00000      0.00000
      2.00328      0.27482      0.00000      0.00000
      2.01328      0.31722      0.00000      0.00000
      2.02328      0.35624      0.00000      0.00000
      2.03328      0.31664      0.00000      0.00000
      2.04328      0.38823      0.00000      0.00000
      2.05328      0.68534      0.00000      0.00000
      2.06328      0.76028      0.00000      0.00000
      2.07328      0.55592      0.00000      0.00000
      2.08328      0.39006      0.00000      0.00000
      2.09328      0.34782      0.00000      0.00000
      2.10328      0.26182      0.00000      0.00000
      2.11328      0.11728      0.00000      0.00000
      2.12328      0.10406      0.00000      0.00000
      2.13328      0.15461      0.00000      0.00000
      2.14328      0.17198      0.00000      0.00000
      2.15328      0.25059      0.00000      0.00000
      2.16328      0.30830      0.00000      0.00000
      2.17328      0.28470      0.00000      0.00000
      2.18328      0.25556      0.00000      0.00000
      2.19328      0.26103      0.00000      0.00000
      2.20328      0.24337      0.00000      0.00000
      2.21328      0.15891      0.00000      0.00000
      2.22328      0.08683      0.00000      0.00000
      2.23328      0.21293      0.00000      0.00000
      2.24328      0.54294      0.00000      0.00000
      2.25328      0.67956      0.00000      0.00000
      2.26328      0.48913      0.00000      0.00000
      2.27328      0.43131      0.00000      0.00000
      2.28328      0.52457      0.00000      0.00000
      2.29328      0.54235      0.00000      0.00000
      2.30328      0.49648      0.00000      0.00000
      2.31328      0.43938      0.00000      0.00000
      2.32328      0.48028      0.00000      0.00000
      2.33328      0.48959      0.00000      0.00000
      2.34328      0.43838      0.00000      0.00000
      2.35328      0.46761      0.00000      0.00000
      2.36328      0.48981      0.00000      0.00000
      2.37328      0.41964      0.00000      0.00000
      2.38328      0.32855      0.00000      0.00000
      2.39328      0.36165      0.00000      0.00000
      2.40328      0.41659      0.00000      0.00000
      2.41328      0.34732      0.00000      0.00000
      2.42328      0.25763      0.00000      0.00000
      2.43328      0.25243      0.00000      0.00000
      2.44328      0.33673      0.00000      0.00000
      2.45328      0.49078      0.00000      0.00000
      2.46328      0.72445      0.00000      0.00000
      2.47328      0.78317      0.00000      0.00000
      2.48328      0.55178      0.00000      0.00000
      2.49328      0.52876      0.00000      0.00000
      2.50328      0.62363      0.00000      0.00000
      2.51328      0.47396      0.00000      0.00000
      2.52328      0.23004      0.00000      0.00000
      2.53328      0.23060      0.00000      0.00000
      2.54328      0.34366      0.00000      0.00000
      2.55328      0.32721      0.00000      0.00000
      2.56328      0.24600      0.00000      0.00000
      2.57328      0.23647      0.00000      0.00000
      2.58328      0.22993      0.00000      0.00000
      2.59328      0.18549      0.00000      0.00000
      2.60328      0.15503      0.00000      0.00000
      2.61328      0.15033      0.00000      0.00000
      2.62328      0.23366      0.00000      0.00000
      2.63328      0.38361      0.00000      0.00000
      2.64328      0.46117      0.00000      0.00000
      2.65328      0.49295      0.00000      0.00000
      2.66328      0.51692      0.00000      0.00000
      2.67328      0.48519      0.00000      0.00000
      2.68328      0.38211      0.00000      0.00000
      2.69328      0.21572      0.00000      0.00000
      2.70328      0.15885      0.00000      0.00000
      2.71328      0.22442      0.00000      0.00000
      2.72328      0.31151      0.00000      0.00000
      2.73328      0.30880      0.00000      0.00000
      2.74328      0.19883      0.00000      0.00000
      2.75328      0.20670      0.00000      0.00000
      2.76328      0.39319      0.00000      0.00000
      2.77328      0.51486      0.00000      0.00000
      2.78328      0.45558      0.00000      0.00000
      2.79328      0.49239      0.00000      0.00000
      2.80328      0.67092      0.00000      0.00000
      2.81328      0.68098      0.00000      0.00000
      2.82328      0.49626      0.00000      0.00000
      2.83328      0.28608      0.00000      0.00000
      2.84328      0.14968      0.00000      0.00000
      2.85328      0.17699      0.00000      0.00000
      2.86328      0.41174      0.00000      0.00000
      2.87328      0.78099      0.00000      0.00000
      2.88328      0.95571      0.00000      0.00000
      2.89328      0.83461      0.00000      0.00000
      2.90328      0.83570      0.00000      0.00000
      2.91328      0.87957      0.00000      0.00000
      2.92328      0.63693      0.00000      0.00000
      2.93328      0.44632      0.00000      0.00000
      2.94328      0.60314      0.00000      0.00000
      2.95328      0.72584      0.00000      0.00000
      2.96328      0.44530      0.00000      0.00000
      2.97328      0.14079      0.00000      0.00000
      2.98328      0.12294      0.00000      0.00000
      2.99328      0.31095      0.00000      0.00000
      3.00328      0.41162      0.00000      0.00000
      3.01328      0.36135      0.00000      0.00000
      3.02328      0.43188      0.00000      0.00000
      3.03328      0.60819      0.00000      0.00000
      3.04328      0.59564      0.00000      0.00000
      3.05328      0.43098      0.00000      0.00000
      3.06328      0.42599      0.00000      0.00000
      3.07328      0.52347      0.00000      0.00000
      3.08328      0.47204      0.00000      0.00000
      3.09328      0.39987      0.00000      0.00000
      3.10328      0.38874      0.00000      0.00000
      3.11328      0.25837      0.00000      0.00000
      3.12328      0.18284      0.00000      0.00000
      3.13328      0.28511      0.00000      0.00000
      3.14328      0.33345      0.00000      0.00000
      3.15328      0.29122      0.00000      0.00000
      3.16328      0.28114      0.00000      0.00000
      3.17328      0.45046      0.00000      0.00000
      3.18328      0.69652      0.00000      0.00000
      3.19328      0.71784      0.00000      0.00000
      3.20328      0.58466      0.00000      0.00000
      3.21328      0.38539      0.00000      0.00000
      3.22328      0.28225      0.00000      0.00000
      3.23328      0.39606      0.00000      0.00000
      3.24328      0.55672      0.00000      0.00000
      3.25328      0.59320      0.00000      0.00000
      3.26328      0.48974      0.00000      0.00000
      3.27328      0.44779      0.00000      0.00000
      3.28328      0.48953      0.00000      0.00000
      3.29328      0.41632      0.00000      0.00000
      3.30328      0.30019      0.00000      0.00000
      3.31328      0.29326      0.00000      0.00000
      3.32328      0.34962      0.00000      0.00000
      3.33328      0.32876      0.00000      0.00000
      3.34328      0.25167      0.00000      0.00000
      3.35328      0.23739      0.00000      0.00000
      3.36328      0.32657      0.00000      0.00000
      3.37328      0.44213      0.00000      0.00000
      3.38328      0.57254      0.00000      0.00000
      3.39328      0.64861      0.00000      0.00000
      3.40328      0.54845      0.00000      0.00000
      3.41328      0.49669      0.00000      0.00000
      3.42328      0.48735      0.00000      0.00000
      3.43328      0.44479      0.00000      0.00000
      3.44328      0.47551      0.00000      0.00000
      3.45328      0.62256      0.00000      0.00000
      3.46328      0.74844      0.00000      0.00000
      3.47328      0.72705      0.00000      0.00000
      3.48328      0.72925      0.00000      0.00000
      3.49328      0.72000      0.00000      0.00000
      3.50328      0.52682      0.00000      0.00000
      3.51328      0.35826      0.00000      0.00000
      3.52328      0.31044      0.00000      0.00000
      3.53328      0.36125      0.00000      0.00000
      3.54328      0.47697      0.00000      0.00000
      3.55328      0.61392      0.00000      0.00000
      3.56328      0.71093      0.00000      0.00000
      3.57328      0.70923      0.00000      0.00000
      3.58328      0.62161      0.00000      0.00000
      3.59328      0.49767      0.00000      0.00000
      3.60328      0.59443      0.00000      0.00000
      3.61328      0.79720      0.00000      0.00000
      3.62328      0.70291      0.00000      0.00000
      3.63328      0.33762      0.00000      0.00000
      3.64328      0.08834      0.00000      0.00000
      3.65328      0.10466      0.00000      0.00000
      3.66328      0.37014      0.00000      0.00000
      3.67328      0.73305      0.00000      0.00000
      3.68328      0.86464      0.00000      0.00000
      3.69328      0.64646      0.00000      0.00000
      3.70328      0.31159      0.00000      0.00000
      3.71328      0.14063      0.00000      0.00000
      3.72328      0.25984      0.00000      0.00000
      3.73328      0.61608      0.00000      0.00000
      3.74328      1.10895      0.00000      0.00000
      3.75328      1.38882      0.00000      0.00000
      3.76328      1.18499      0.00000      0.00000
      3.77328      0.94297      0.00000      0.00000
      3.78328      0.83701      0.00000      0.00000
      3.79328      0.78001      0.00000      0.00000
      3.80328      0.75861      0.00000      0.00000
      3.81328      0.49118      0.00000      0.00000
      3.82328      0.23378      0.00000      0.00000
      3.83328      0.32958      0.00000      0.00000
      3.84328      0.55361      0.00000      0.00000
      3.85328      0.63978      0.00000      0.00000
      3.86328      0.51402      0.00000      0.00000
      3.87328      0.34237      0.00000      0.00000
      3.88328      0.36338      0.00000      0.00000
      3.89328      0.44142      0.00000      0.00000
      3.90328      0.30788      0.00000      0.00000
      3.91328      0.16494      0.00000      0.00000
      3.92328      0.26709      0.00000      0.00000
      3.93328      0.45538      0.00000      0.00000
      3.94328      0.38813      0.00000      0.00000
      3.95328      0.19769      0.00000      0.00000
      3.96328      0.17786      0.00000      0.00000
      3.97328      0.38026      0.00000      0.00000
      3.98328      0.48653      0.00000      0.00000
      3.99328      0.33912      0.00000      0.00000
      4.00328      0.26640      0.00000      0.00000
      4.01328      0.50436      0.00000      0.00000
      4.02328      0.84990      0.00000      0.00000
      4.03328      0.92246      0.00000      0.00000
      4.04328      0.73611      0.00000      0.00000
      4.05328      0.57711      0.00000      0.00000
      4.06328      0.58925      0.00000      0.00000
      4.07328      0.57372      0.00000      0.00000
      4.08328      0.57873      0.00000      0.00000
      4.09328      0.59613      0.00000      0.00000
      4.10328      0.52837      0.00000      0.00000
      4.11328      0.60120      0.00000      0.00000
      4.12328      0.81167      0.00000      0.00000
      4.13328      0.95914      0.00000      0.00000
      4.14328      1.05465      0.00000      0.00000
      4.15328      1.11140      0.00000      0.00000
      4.16328      1.10832      0.00000      0.00000
      4.17328      0.89433      0.00000      0.00000
      4.18328      0.70788      0.00000      0.00000
      4.19328      0.89297      0.00000      0.00000
      4.20328      1.09085      0.00000      0.00000
      4.21328      1.03621      0.00000      0.00000
      4.22328      1.03435      0.00000      0.00000
      4.23328      0.98887      0.00000      0.00000
      4.24328      0.64925      0.00000      0.00000
      4.25328      0.29550      0.00000      0.00000
      4.26328      0.18612      0.00000      0.00000
      4.27328      0.31612      0.00000      0.00000
      4.28328      0.48283      0.00000      0.00000
      4.29328      0.59346      0.00000      0.00000
      4.30328      0.68490      0.00000      0.00000
      4.31328      0.71862      0.00000      0.00000
      4.32328      0.74226      0.00000      0.00000
      4.33328      0.70973      0.00000      0.00000
      4.34328      0.54612      0.00000      0.00000
      4.35328      0.54210      0.00000      0.00000
      4.36328      0.64534      0.00000      0.00000
      4.37328      0.74534      0.00000      0.00000
      4.38328      0.75060      0.00000      0.00000
      4.39328      0.59072      0.00000      0.00000
      4.40328      0.47562      0.00000      0.00000
      4.41328      0.52229      0.00000      0.00000
      4.42328      0.68056      0.00000      0.00000
      4.43328      0.69392      0.00000      0.00000
      4.44328      0.59428      0.00000      0.00000
      4.45328      0.52585      0.00000      0.00000
      4.46328      0.59055      0.00000      0.00000
      4.47328      0.84141      0.00000      0.00000
      4.48328      0.87409      0.00000      0.00000
      4.49328      0.55014      0.00000      0.00000
      4.50328      0.40200      0.00000      0.00000
      4.51328      0.54715      0.00000      0.00000
      4.52328      0.68797      0.00000      0.00000
      4.53328      0.64929      0.00000      0.00000
      4.54328      0.52237      0.00000      0.00000
      4.55328      0.44482      0.00000      0.00000
      4.56328      0.39913      0.00000      0.00000
      4.57328      0.43360      0.00000      0.00000
      4.58328      0.68850      0.00000      0.00000
      4.59328      1.09982      0.00000      0.00000
      4.60328      1.36920      0.00000      0.00000
      4.61328      1.53038      0.00000      0.00000
      4.62328      1.53165      0.00000      0.00000
      4.63328      1.16666      0.00000      0.00000
      4.64328      0.90445      0.00000      0.00000
      4.65328      0.79223      0.00000      0.00000
      4.66328      0.63815      0.00000      0.00000
      4.67328      0.51586      0.00000      0.00000
      4.68328      0.58218      0.00000      0.00000
      4.69328      0.69322      0.00000      0.00000
      4.70328      0.71834      0.00000      0.00000
      4.71328      0.70829      0.00000      0.00000
      4.72328      0.70298      0.00000      0.00000
      4.73328      0.91643      0.00000      0.00000
      4.74328      1.16933      0.00000      0.00000
      4.75328      0.93722      0.00000      0.00000
      4.76328      0.63110      0.00000      0.00000
      4.77328      0.69025      0.00000      0.00000
      4.78328      0.96627      0.00000      0.00000
      4.79328      1.28117      0.00000      0.00000
      4.80328      1.38110      0.00000      0.00000
      4.81328      1.06400      0.00000      0.00000
      4.82328      0.76896      0.00000      0.00000
      4.83328      0.71879      0.00000      0.00000
      4.84328      0.76205      0.00000      0.00000
      4.85328      0.90330      0.00000      0.00000
      4.86328      1.11448      0.00000      0.00000
      4.87328      1.20477      0.00000      0.00000
      4.88328      1.04930      0.00000      0.00000
      4.89328      0.85213      0.00000      0.00000
      4.90328      0.69862      0.00000      0.00000
      4.91328      0.65190      0.00000      0.00000
      4.92328      0.86162      0.00000      0.00000
      4.93328      1.04614      0.00000      0.00000
      4.94328      1.08311      0.00000      0.00000
      4.95328      1.23685      0.00000      0.00000
      4.96328      1.40119      0.00000      0.00000
      4.97328      1.26306      0.00000      0.00000
      4.98328      0.83750      0.00000      0.00000
      4.99328      0.51261      0.00000      0.00000
