Energy-E_F (eV)    DOS (1/eV)    PDOS (1/eV)  of atom type Al As 
     -4.99000      0.05361      0.03398      0.01963
     -4.98000      0.11790      0.07473      0.04316
     -4.97000      0.12391      0.07855      0.04536
     -4.96000      0.13411      0.08501      0.04910
     -4.95000      0.20096      0.12743      0.07353
     -4.94000      0.28504      0.18066      0.10439
     -4.93000      0.36848      0.23294      0.13554
     -4.92000      0.34189      0.21595      0.12594
     -4.91000      0.23696      0.15018      0.08678
     -4.90000      0.20035      0.12747      0.07288
     -4.89000      0.21745      0.13826      0.07919
     -4.88000      0.30559      0.19320      0.11239
     -4.87000      0.50736      0.31928      0.18808
     -4.86000      0.58147      0.36656      0.21492
     -4.85000      0.47317      0.29889      0.17428
     -4.84000      0.43892      0.27646      0.16246
     -4.83000      0.46260      0.29063      0.17197
     -4.82000      0.43874      0.27579      0.16295
     -4.81000      0.37927      0.23885      0.14043
     -4.80000      0.37979      0.24018      0.13961
     -4.79000      0.38396      0.24335      0.14061
     -4.78000      0.40020      0.25175      0.14845
     -4.77000      0.54141      0.33693      0.20447
     -4.76000      0.70523      0.43531      0.26993
     -4.75000      0.75272      0.46358      0.28914
     -4.74000      0.75358      0.46286      0.29072
     -4.73000      0.78495      0.48027      0.30468
     -4.72000      0.73744      0.45455      0.28289
     -4.71000      0.69118      0.42726      0.26392
     -4.70000      0.67913      0.41546      0.26367
     -4.69000      0.68171      0.41330      0.26841
     -4.68000      0.67583      0.40429      0.27154
     -4.67000      0.65248      0.39205      0.26043
     -4.66000      0.65676      0.40148      0.25528
     -4.65000      0.66588      0.40619      0.25969
     -4.64000      0.78512      0.47758      0.30755
     -4.63000      0.97222      0.59760      0.37462
     -4.62000      1.10076      0.68448      0.41627
     -4.61000      1.03180      0.63333      0.39847
     -4.60000      0.92550      0.55607      0.36943
     -4.59000      0.93382      0.56390      0.36992
     -4.58000      0.99698      0.60941      0.38757
     -4.57000      1.08343      0.66817      0.41527
     -4.56000      1.26188      0.77679      0.48510
     -4.55000      1.37055      0.83785      0.53269
     -4.54000      1.17396      0.71214      0.46182
     -4.53000      0.89863      0.54431      0.35432
     -4.52000      0.69913      0.42669      0.27244
     -4.51000      0.74578      0.45688      0.28890
     -4.50000      1.01969      0.62514      0.39455
     -4.49000      1.32565      0.81571      0.50995
     -4.48000      1.49248      0.92611      0.56637
     -4.47000      1.45943      0.91199      0.54743
     -4.46000      1.33984      0.84213      0.49771
     -4.45000      1.30003      0.81705      0.48298
     -4.44000      1.53461      0.95412      0.58049
     -4.43000      1.87522      1.16523      0.70999
     -4.42000      2.10561      1.31125      0.79436
     -4.41000      2.00423      1.24322      0.76101
     -4.40000      1.72412      1.07386      0.65026
     -4.39000      1.46065      0.91347      0.54718
     -4.38000      1.26268      0.77951      0.48317
     -4.37000      1.35942      0.83034      0.52908
     -4.36000      1.46733      0.89452      0.57281
     -4.35000      1.41229      0.88107      0.53122
     -4.34000      1.56975      1.01280      0.55695
     -4.33000      1.81826      1.18065      0.63760
     -4.32000      1.80787      1.15835      0.64952
     -4.31000      1.62286      1.02324      0.59961
     -4.30000      1.36849      0.86557      0.50292
     -4.29000      1.34877      0.85396      0.49481
     -4.28000      1.64199      1.03236      0.60964
     -4.27000      1.89761      1.18596      0.71165
     -4.26000      2.05414      1.28122      0.77292
     -4.25000      1.94941      1.22003      0.72938
     -4.24000      1.79930      1.12959      0.66971
     -4.23000      1.80822      1.13093      0.67729
     -4.22000      1.72466      1.05005      0.67461
     -4.21000      1.81615      1.07053      0.74562
     -4.20000      2.18217      1.29391      0.88826
     -4.19000      2.26763      1.37144      0.89619
     -4.18000      1.84313      1.12353      0.71959
     -4.17000      1.62297      0.98356      0.63941
     -4.16000      1.60517      0.95149      0.65369
     -4.15000      1.69118      0.96599      0.72518
     -4.14000      1.75903      1.00177      0.75726
     -4.13000      1.75981      1.02180      0.73801
     -4.12000      1.94328      1.13945      0.80382
     -4.11000      2.08487      1.23408      0.85079
     -4.10000      2.17892      1.28680      0.89212
     -4.09000      2.24404      1.29780      0.94624
     -4.08000      2.26031      1.28020      0.98011
     -4.07000      2.66575      1.49998      1.16577
     -4.06000      3.07799      1.71070      1.36729
     -4.05000      2.73612      1.48971      1.24641
     -4.04000      2.17153      1.18247      0.98906
     -4.03000      2.16460      1.19642      0.96818
     -4.02000      2.49038      1.37321      1.11717
     -4.01000      2.49009      1.35018      1.13991
     -4.00000      2.23967      1.19538      1.04428
     -3.99000      2.24734      1.18898      1.05836
     -3.98000      2.22857      1.18151      1.04706
     -3.97000      1.95940      1.06438      0.89502
     -3.96000      1.80673      1.01575      0.79097
     -3.95000      1.83227      1.03579      0.79648
     -3.94000      1.75562      0.98068      0.77495
     -3.93000      1.57119      0.88346      0.68774
     -3.92000      1.52355      0.86501      0.65854
     -3.91000      1.56177      0.88647      0.67530
     -3.90000      1.43597      0.81609      0.61988
     -3.89000      1.35607      0.75523      0.60084
     -3.88000      1.39988      0.77330      0.62658
     -3.87000      1.38404      0.77609      0.60795
     -3.86000      1.24620      0.70910      0.53710
     -3.85000      1.06855      0.60491      0.46364
     -3.84000      1.00994      0.56995      0.43999
     -3.83000      1.03576      0.59786      0.43789
     -3.82000      0.94970      0.55034      0.39937
     -3.81000      0.83343      0.47380      0.35962
     -3.80000      0.89270      0.50164      0.39106
     -3.79000      0.91871      0.51907      0.39964
     -3.78000      0.76458      0.44543      0.31915
     -3.77000      0.67373      0.40025      0.27347
     -3.76000      0.68297      0.40266      0.28030
     -3.75000      0.85256      0.50393      0.34863
     -3.74000      1.16667      0.68785      0.47882
     -3.73000      1.23961      0.71766      0.52196
     -3.72000      0.89893      0.51828      0.38065
     -3.71000      0.51398      0.30983      0.20415
     -3.70000      0.37584      0.24062      0.13522
     -3.69000      0.37216      0.23996      0.13221
     -3.68000      0.50167      0.31900      0.18268
     -3.67000      0.57708      0.36396      0.21312
     -3.66000      0.46945      0.28869      0.18076
     -3.65000      0.44818      0.25836      0.18981
     -3.64000      0.55429      0.31478      0.23951
     -3.63000      0.56842      0.32845      0.23997
     -3.62000      0.49147      0.29262      0.19885
     -3.61000      0.53786      0.33472      0.20313
     -3.60000      0.66929      0.41503      0.25426
     -3.59000      0.74134      0.44689      0.29445
     -3.58000      0.74392      0.44223      0.30169
     -3.57000      0.74473      0.44112      0.30361
     -3.56000      0.59556      0.35385      0.24171
     -3.55000      0.40068      0.22909      0.17159
     -3.54000      0.47643      0.25127      0.22516
     -3.53000      0.72008      0.39023      0.32985
     -3.52000      0.81416      0.45626      0.35790
     -3.51000      0.78402      0.45053      0.33349
     -3.50000      0.90106      0.51953      0.38153
     -3.49000      0.88380      0.50901      0.37479
     -3.48000      0.69119      0.40586      0.28533
     -3.47000      0.63618      0.37050      0.26568
     -3.46000      0.72148      0.41130      0.31018
     -3.45000      0.71493      0.40829      0.30664
     -3.44000      0.77627      0.44260      0.33367
     -3.43000      1.04059      0.59062      0.44997
     -3.42000      0.96012      0.55086      0.40926
     -3.41000      0.63145      0.37244      0.25901
     -3.40000      0.60172      0.36299      0.23874
     -3.39000      0.68414      0.40136      0.28278
     -3.38000      0.64777      0.36073      0.28704
     -3.37000      0.55901      0.30851      0.25050
     -3.36000      0.51683      0.29451      0.22233
     -3.35000      0.49195      0.27731      0.21464
     -3.34000      0.64412      0.33548      0.30864
     -3.33000      0.89141      0.45041      0.44101
     -3.32000      1.03888      0.53300      0.50588
     -3.31000      1.04750      0.54504      0.50246
     -3.30000      0.94473      0.49997      0.44476
     -3.29000      1.09811      0.59524      0.50287
     -3.28000      1.17815      0.64486      0.53329
     -3.27000      0.81619      0.45093      0.36526
     -3.26000      0.57104      0.32091      0.25013
     -3.25000      0.77234      0.42563      0.34671
     -3.24000      0.95616      0.51131      0.44485
     -3.23000      0.83438      0.43639      0.39799
     -3.22000      0.80962      0.42866      0.38096
     -3.21000      1.04312      0.57397      0.46915
     -3.20000      1.19369      0.65809      0.53559
     -3.19000      1.12784      0.60990      0.51795
     -3.18000      1.06359      0.57096      0.49263
     -3.17000      1.04090      0.54508      0.49582
     -3.16000      0.93236      0.47651      0.45585
     -3.15000      0.74815      0.38586      0.36229
     -3.14000      0.66454      0.33839      0.32614
     -3.13000      0.69805      0.34913      0.34892
     -3.12000      0.66651      0.33112      0.33539
     -3.11000      0.51873      0.24995      0.26878
     -3.10000      0.43490      0.20983      0.22507
     -3.09000      0.49584      0.25160      0.24424
     -3.08000      0.79080      0.39374      0.39706
     -3.07000      1.35189      0.67850      0.67338
     -3.06000      1.57415      0.82609      0.74806
     -3.05000      1.19388      0.65218      0.54170
     -3.04000      0.93226      0.49776      0.43450
     -3.03000      0.98920      0.49063      0.49856
     -3.02000      0.97839      0.46471      0.51368
     -3.01000      0.79261      0.38514      0.40748
     -3.00000      0.61783      0.31445      0.30339
     -2.99000      0.66353      0.34763      0.31590
     -2.98000      0.94508      0.51072      0.43435
     -2.97000      1.21251      0.65450      0.55801
     -2.96000      1.12313      0.59131      0.53182
     -2.95000      0.93475      0.48669      0.44807
     -2.94000      1.00267      0.52100      0.48167
     -2.93000      1.20654      0.58970      0.61684
     -2.92000      1.37934      0.63551      0.74383
     -2.91000      1.48381      0.68190      0.80191
     -2.90000      1.39065      0.66097      0.72968
     -2.89000      1.05969      0.52805      0.53164
     -2.88000      0.78057      0.40121      0.37936
     -2.87000      0.59977      0.31132      0.28845
     -2.86000      0.48212      0.24301      0.23911
     -2.85000      0.49090      0.22951      0.26139
     -2.84000      0.61305      0.28135      0.33170
     -2.83000      0.63880      0.29950      0.33930
     -2.82000      0.51883      0.25456      0.26427
     -2.81000      0.60328      0.30784      0.29544
     -2.80000      0.92882      0.46942      0.45940
     -2.79000      1.11004      0.55031      0.55972
     -2.78000      1.03833      0.51465      0.52368
     -2.77000      1.04592      0.52588      0.52004
     -2.76000      1.17636      0.59074      0.58562
     -2.75000      1.15145      0.56639      0.58507
     -2.74000      1.14321      0.54466      0.59855
     -2.73000      1.30074      0.61338      0.68736
     -2.72000      1.45137      0.69838      0.75298
     -2.71000      1.32397      0.65123      0.67274
     -2.70000      0.94935      0.48381      0.46554
     -2.69000      0.78942      0.41675      0.37268
     -2.68000      0.81195      0.41888      0.39307
     -2.67000      0.85155      0.41870      0.43285
     -2.66000      0.89304      0.41043      0.48261
     -2.65000      0.92928      0.41012      0.51916
     -2.64000      0.96410      0.43003      0.53407
     -2.63000      0.93252      0.42964      0.50288
     -2.62000      0.90726      0.41780      0.48946
     -2.61000      1.02499      0.46072      0.56427
     -2.60000      1.15950      0.52185      0.63764
     -2.59000      1.06537      0.48579      0.57958
     -2.58000      0.94479      0.43967      0.50512
     -2.57000      0.92970      0.44797      0.48173
     -2.56000      0.84740      0.41812      0.42928
     -2.55000      0.82391      0.39639      0.42752
     -2.54000      0.95883      0.43358      0.52525
     -2.53000      1.01524      0.46365      0.55159
     -2.52000      1.02907      0.49417      0.53490
     -2.51000      1.09127      0.52032      0.57095
     -2.50000      1.24347      0.57663      0.66684
     -2.49000      1.29963      0.60493      0.69470
     -2.48000      1.05516      0.50239      0.55277
     -2.47000      0.92763      0.44230      0.48533
     -2.46000      1.10404      0.51250      0.59154
     -2.45000      1.19729      0.55581      0.64148
     -2.44000      1.11629      0.51950      0.59679
     -2.43000      1.15275      0.52684      0.62591
     -2.42000      1.24547      0.56035      0.68512
     -2.41000      1.29221      0.58268      0.70954
     -2.40000      1.29341      0.58830      0.70511
     -2.39000      1.16975      0.53959      0.63017
     -2.38000      0.96892      0.44816      0.52076
     -2.37000      0.85217      0.38181      0.47036
     -2.36000      0.95524      0.41899      0.53625
     -2.35000      1.14507      0.51722      0.62785
     -2.34000      1.22044      0.56230      0.65813
     -2.33000      1.09862      0.49233      0.60629
     -2.32000      1.10021      0.48039      0.61982
     -2.31000      1.45646      0.64592      0.81054
     -2.30000      1.57039      0.70476      0.86563
     -2.29000      1.36667      0.60088      0.76578
     -2.28000      1.40075      0.59872      0.80203
     -2.27000      1.48568      0.63043      0.85525
     -2.26000      1.36519      0.58842      0.77676
     -2.25000      1.33898      0.59499      0.74399
     -2.24000      1.36293      0.60896      0.75397
     -2.23000      1.17437      0.51954      0.65483
     -2.22000      0.93113      0.41638      0.51475
     -2.21000      0.94142      0.44221      0.49921
     -2.20000      1.41312      0.66583      0.74729
     -2.19000      1.75170      0.80547      0.94622
     -2.18000      1.53004      0.68293      0.84710
     -2.17000      1.35398      0.59454      0.75944
     -2.16000      1.35449      0.59003      0.76446
     -2.15000      1.29187      0.54885      0.74302
     -2.14000      1.19962      0.51771      0.68191
     -2.13000      1.14568      0.51085      0.63483
     -2.12000      1.19807      0.53176      0.66631
     -2.11000      1.43125      0.63865      0.79260
     -2.10000      1.48557      0.65684      0.82873
     -2.09000      1.44346      0.60829      0.83517
     -2.08000      1.66021      0.68492      0.97529
     -2.07000      1.73376      0.73195      1.00180
     -2.06000      1.74046      0.75998      0.98048
     -2.05000      1.74713      0.77419      0.97294
     -2.04000      1.50177      0.65355      0.84822
     -2.03000      1.51498      0.62792      0.88707
     -2.02000      1.73025      0.70495      1.02530
     -2.01000      1.51356      0.63457      0.87900
     -2.00000      1.16947      0.51957      0.64990
     -1.99000      1.13494      0.51204      0.62290
     -1.98000      1.40884      0.61320      0.79564
     -1.97000      1.54078      0.65218      0.88860
     -1.96000      1.34412      0.55945      0.78467
     -1.95000      1.35525      0.55794      0.79731
     -1.94000      1.71809      0.68939      1.02871
     -1.93000      2.11824      0.83679      1.28145
     -1.92000      2.09204      0.82235      1.26969
     -1.91000      1.48844      0.58169      0.90676
     -1.90000      1.01197      0.39601      0.61596
     -1.89000      0.99611      0.39278      0.60333
     -1.88000      1.23405      0.49274      0.74131
     -1.87000      1.58390      0.64648      0.93742
     -1.86000      1.74817      0.73697      1.01119
     -1.85000      1.64690      0.72501      0.92189
     -1.84000      1.47704      0.65780      0.81924
     -1.83000      1.16790      0.49598      0.67193
     -1.82000      1.07207      0.42413      0.64795
     -1.81000      1.37164      0.52804      0.84359
     -1.80000      1.71179      0.66733      1.04446
     -1.79000      1.83059      0.72734      1.10325
     -1.78000      1.75544      0.69624      1.05920
     -1.77000      1.69915      0.65557      1.04358
     -1.76000      1.69978      0.63788      1.06190
     -1.75000      1.75268      0.65582      1.09686
     -1.74000      1.65932      0.62752      1.03179
     -1.73000      1.41281      0.54463      0.86817
     -1.72000      1.20246      0.47644      0.72602
     -1.71000      1.10299      0.45037      0.65262
     -1.70000      1.38582      0.56165      0.82417
     -1.69000      1.91401      0.76234      1.15167
     -1.68000      2.22698      0.88048      1.34649
     -1.67000      2.04650      0.79398      1.25251
     -1.66000      1.81741      0.69486      1.12254
     -1.65000      1.91309      0.72542      1.18767
     -1.64000      1.91489      0.71206      1.20283
     -1.63000      1.68402      0.60289      1.08113
     -1.62000      1.33305      0.45543      0.87761
     -1.61000      1.22499      0.41224      0.81275
     -1.60000      1.48299      0.52101      0.96198
     -1.59000      1.72809      0.62265      1.10543
     -1.58000      1.79428      0.64602      1.14826
     -1.57000      1.90799      0.68110      1.22689
     -1.56000      2.05438      0.72431      1.33007
     -1.55000      1.68916      0.58226      1.10690
     -1.54000      1.50166      0.51297      0.98869
     -1.53000      1.99183      0.70998      1.28185
     -1.52000      2.43045      0.87139      1.55906
     -1.51000      2.20558      0.77678      1.42880
     -1.50000      1.75231      0.63592      1.11639
     -1.49000      1.57150      0.58242      0.98907
     -1.48000      1.56898      0.55820      1.01079
     -1.47000      1.73844      0.59996      1.13848
     -1.46000      2.04925      0.71094      1.33832
     -1.45000      2.03185      0.71385      1.31800
     -1.44000      1.84324      0.64809      1.19515
     -1.43000      1.85631      0.64618      1.21012
     -1.42000      1.81866      0.62974      1.18892
     -1.41000      1.74583      0.60595      1.13987
     -1.40000      1.80989      0.63072      1.17917
     -1.39000      1.85036      0.65010      1.20026
     -1.38000      1.82057      0.64393      1.17664
     -1.37000      1.85340      0.65376      1.19964
     -1.36000      1.94208      0.68831      1.25377
     -1.35000      2.05273      0.72528      1.32745
     -1.34000      2.11498      0.73604      1.37894
     -1.33000      1.95505      0.66900      1.28605
     -1.32000      1.70101      0.56771      1.13330
     -1.31000      1.42226      0.45973      0.96253
     -1.30000      1.41089      0.45140      0.95950
     -1.29000      1.52318      0.50163      1.02154
     -1.28000      1.64616      0.56408      1.08208
     -1.27000      1.82483      0.62260      1.20222
     -1.26000      1.86043      0.62384      1.23659
     -1.25000      1.82430      0.61314      1.21116
     -1.24000      1.70612      0.58628      1.11983
     -1.23000      1.68564      0.58588      1.09976
     -1.22000      1.98379      0.66615      1.31764
     -1.21000      2.17854      0.73175      1.44679
     -1.20000      1.89216      0.66850      1.22366
     -1.19000      1.51981      0.54617      0.97364
     -1.18000      1.47180      0.51552      0.95628
     -1.17000      1.77994      0.60810      1.17184
     -1.16000      2.33716      0.76952      1.56764
     -1.15000      2.55593      0.81395      1.74198
     -1.14000      2.09063      0.65745      1.43318
     -1.13000      1.51132      0.48595      1.02537
     -1.12000      1.29615      0.42999      0.86616
     -1.11000      1.33659      0.44471      0.89188
     -1.10000      1.44337      0.47011      0.97326
     -1.09000      1.67093      0.53780      1.13312
     -1.08000      1.90272      0.61374      1.28898
     -1.07000      1.94296      0.63335      1.30961
     -1.06000      1.89270      0.62768      1.26502
     -1.05000      1.85279      0.61990      1.23289
     -1.04000      1.78355      0.58848      1.19508
     -1.03000      1.77468      0.57536      1.19932
     -1.02000      1.89158      0.61372      1.27787
     -1.01000      2.05930      0.66979      1.38951
     -1.00000      2.20666      0.69943      1.50722
     -0.99000      2.09518      0.64722      1.44796
     -0.98000      1.63501      0.50894      1.12608
     -0.97000      1.30264      0.41074      0.89190
     -0.96000      1.44156      0.45224      0.98932
     -0.95000      1.71125      0.53736      1.17389
     -0.94000      1.58233      0.50786      1.07447
     -0.93000      1.35284      0.44681      0.90603
     -0.92000      1.33069      0.43941      0.89128
     -0.91000      1.42568      0.46114      0.96454
     -0.90000      1.56090      0.48685      1.07404
     -0.89000      1.86265      0.56584      1.29681
     -0.88000      2.05297      0.61210      1.44087
     -0.87000      1.87681      0.54870      1.32811
     -0.86000      1.55001      0.45690      1.09310
     -0.85000      1.49160      0.45237      1.03923
     -0.84000      1.58247      0.48869      1.09378
     -0.83000      1.41330      0.43620      0.97710
     -0.82000      1.20551      0.36450      0.84101
     -0.81000      1.32987      0.39807      0.93180
     -0.80000      1.45740      0.43738      1.02002
     -0.79000      1.39294      0.41834      0.97459
     -0.78000      1.36490      0.40556      0.95934
     -0.77000      1.32098      0.38366      0.93731
     -0.76000      1.40934      0.40405      1.00529
     -0.75000      1.49946      0.42552      1.07394
     -0.74000      1.36527      0.38270      0.98257
     -0.73000      1.26081      0.36276      0.89805
     -0.72000      1.40420      0.41753      0.98667
     -0.71000      1.47430      0.44490      1.02940
     -0.70000      1.32949      0.40612      0.92337
     -0.69000      1.14705      0.34382      0.80323
     -0.68000      1.09651      0.32080      0.77571
     -0.67000      1.19864      0.35491      0.84373
     -0.66000      1.28808      0.37936      0.90872
     -0.65000      1.47599      0.41993      1.05606
     -0.64000      1.58664      0.45319      1.13345
     -0.63000      1.29418      0.37511      0.91907
     -0.62000      0.94599      0.26670      0.67929
     -0.61000      0.97052      0.25922      0.71130
     -0.60000      1.28794      0.34553      0.94241
     -0.59000      1.38095      0.38404      0.99692
     -0.58000      1.17660      0.33380      0.84280
     -0.57000      1.06409      0.29564      0.76845
     -0.56000      1.04689      0.28582      0.76107
     -0.55000      1.08614      0.30756      0.77858
     -0.54000      1.18429      0.34119      0.84309
     -0.53000      1.23821      0.34469      0.89352
     -0.52000      1.25376      0.33829      0.91547
     -0.51000      1.13072      0.30348      0.82723
     -0.50000      1.08312      0.29109      0.79203
     -0.49000      1.05695      0.28490      0.77205
     -0.48000      0.98165      0.26630      0.71535
     -0.47000      0.91981      0.25246      0.66735
     -0.46000      0.80999      0.22695      0.58304
     -0.45000      0.87560      0.24860      0.62700
     -0.44000      1.10695      0.31163      0.79532
     -0.43000      1.34088      0.36420      0.97668
     -0.42000      1.45896      0.38563      1.07333
     -0.41000      1.27241      0.33527      0.93714
     -0.40000      1.02049      0.26797      0.75252
     -0.39000      0.94109      0.24549      0.69560
     -0.38000      0.90406      0.23675      0.66731
     -0.37000      0.83468      0.22068      0.61400
     -0.36000      0.77237      0.20403      0.56834
     -0.35000      0.67389      0.17911      0.49478
     -0.34000      0.60121      0.16240      0.43881
     -0.33000      0.56569      0.15066      0.41502
     -0.32000      0.52037      0.13491      0.38547
     -0.31000      0.55230      0.13783      0.41447
     -0.30000      0.62749      0.15296      0.47453
     -0.29000      0.69625      0.17226      0.52399
     -0.28000      0.81165      0.21124      0.60040
     -0.27000      0.80853      0.21846      0.59007
     -0.26000      0.71960      0.19240      0.52720
     -0.25000      0.66369      0.17292      0.49077
     -0.24000      0.50593      0.12929      0.37664
     -0.23000      0.32349      0.07855      0.24494
     -0.22000      0.28340      0.06788      0.21552
     -0.21000      0.39480      0.09893      0.29587
     -0.20000      0.45454      0.11602      0.33852
     -0.19000      0.45772      0.11376      0.34396
     -0.18000      0.48702      0.11801      0.36901
     -0.17000      0.43516      0.10571      0.32945
     -0.16000      0.29959      0.07258      0.22701
     -0.15000      0.33949      0.08108      0.25841
     -0.14000      0.54076      0.13044      0.41032
     -0.13000      0.59458      0.14552      0.44906
     -0.12000      0.45009      0.11196      0.33812
     -0.11000      0.32895      0.08219      0.24676
     -0.10000      0.25971      0.06269      0.19702
     -0.09000      0.24092      0.05583      0.18509
     -0.08000      0.25364      0.05825      0.19539
     -0.07000      0.25593      0.05884      0.19710
     -0.06000      0.22777      0.05415      0.17362
     -0.05000      0.19163      0.05001      0.14162
     -0.04000      0.18501      0.04987      0.13513
     -0.03000      0.16161      0.04123      0.12039
     -0.02000      0.13283      0.03191      0.10092
     -0.01000      0.06755      0.01581      0.05174
      0.00000      0.01460      0.00337      0.01123
      0.01000      0.00122      0.00028      0.00094
      0.02000      0.00004      0.00001      0.00003
      0.03000      0.00000      0.00000      0.00000
      0.04000      0.00000      0.00000      0.00000
      0.05000      0.00000      0.00000      0.00000
      0.06000      0.00000      0.00000      0.00000
      0.07000      0.00000      0.00000      0.00000
      0.08000      0.00000      0.00000      0.00000
      0.09000      0.00000      0.00000      0.00000
      0.10000      0.00000      0.00000      0.00000
      0.11000      0.00000      0.00000      0.00000
      0.12000      0.00000      0.00000      0.00000
      0.13000      0.00000      0.00000      0.00000
      0.14000      0.00000      0.00000      0.00000
      0.15000      0.00000      0.00000      0.00000
      0.16000      0.00000      0.00000      0.00000
      0.17000      0.00000      0.00000      0.00000
      0.18000      0.00000      0.00000      0.00000
      0.19000      0.00000      0.00000      0.00000
      0.20000      0.00000      0.00000      0.00000
      0.21000      0.00000      0.00000      0.00000
      0.22000      0.00000      0.00000      0.00000
      0.23000      0.00001      0.00000      0.00000
      0.24000      0.00027      0.00018      0.00009
      0.25000      0.00478      0.00317      0.00160
      0.26000      0.03077      0.02044      0.01033
      0.27000      0.07295      0.04847      0.02448
      0.28000      0.06362      0.04227      0.02135
      0.29000      0.02041      0.01356      0.00685
      0.30000      0.00254      0.00169      0.00085
      0.31000      0.00301      0.00201      0.00100
      0.32000      0.02288      0.01529      0.00760
      0.33000      0.06641      0.04436      0.02204
      0.34000      0.07090      0.04737      0.02353
      0.35000      0.02785      0.01860      0.00924
      0.36000      0.00402      0.00269      0.00134
      0.37000      0.00022      0.00014      0.00007
      0.38000      0.00009      0.00006      0.00003
      0.39000      0.00213      0.00140      0.00072
      0.40000      0.01889      0.01246      0.00643
      0.41000      0.06174      0.04071      0.02103
      0.42000      0.07559      0.04983      0.02576
      0.43000      0.04919      0.03231      0.01687
      0.44000      0.07852      0.05149      0.02704
      0.45000      0.14212      0.09388      0.04824
      0.46000      0.14400      0.09585      0.04815
      0.47000      0.11389      0.07587      0.03801
      0.48000      0.07426      0.04932      0.02494
      0.49000      0.05152      0.03393      0.01759
      0.50000      0.10687      0.07006      0.03681
      0.51000      0.14723      0.09662      0.05061
      0.52000      0.08447      0.05550      0.02897
      0.53000      0.01960      0.01289      0.00671
      0.54000      0.00376      0.00248      0.00127
      0.55000      0.01824      0.01210      0.00615
      0.56000      0.06328      0.04198      0.02129
      0.57000      0.09672      0.06434      0.03238
      0.58000      0.09943      0.06654      0.03289
      0.59000      0.07876      0.05289      0.02587
      0.60000      0.04437      0.02968      0.01468
      0.61000      0.06621      0.04404      0.02217
      0.62000      0.11343      0.07596      0.03747
      0.63000      0.11490      0.07784      0.03706
      0.64000      0.06597      0.04502      0.02095
      0.65000      0.02873      0.01940      0.00933
      0.66000      0.08408      0.05574      0.02834
      0.67000      0.21117      0.14002      0.07115
      0.68000      0.20018      0.13284      0.06734
      0.69000      0.07084      0.04704      0.02379
      0.70000      0.02068      0.01370      0.00698
      0.71000      0.07975      0.05264      0.02711
      0.72000      0.20739      0.13675      0.07064
      0.73000      0.22543      0.14868      0.07675
      0.74000      0.18676      0.12373      0.06303
      0.75000      0.22925      0.15155      0.07770
      0.76000      0.19485      0.12821      0.06663
      0.77000      0.15030      0.09911      0.05119
      0.78000      0.16881      0.11169      0.05712
      0.79000      0.15798      0.10287      0.05511
      0.80000      0.21006      0.13279      0.07726
      0.81000      0.26571      0.16916      0.09655
      0.82000      0.25714      0.16940      0.08774
      0.83000      0.19777      0.13356      0.06422
      0.84000      0.12659      0.08664      0.03995
      0.85000      0.11449      0.07752      0.03697
      0.86000      0.12967      0.08304      0.04663
      0.87000      0.14574      0.09110      0.05465
      0.88000      0.14084      0.09095      0.04988
      0.89000      0.17160      0.11457      0.05703
      0.90000      0.22938      0.15351      0.07587
      0.91000      0.16048      0.10672      0.05377
      0.92000      0.07796      0.05173      0.02623
      0.93000      0.14004      0.09390      0.04615
      0.94000      0.24832      0.16794      0.08038
      0.95000      0.28758      0.19638      0.09120
      0.96000      0.33433      0.22801      0.10632
      0.97000      0.35228      0.23864      0.11364
      0.98000      0.28074      0.18985      0.09089
      0.99000      0.19782      0.13327      0.06456
      1.00000      0.17660      0.11773      0.05887
      1.01000      0.25236      0.16970      0.08265
      1.02000      0.38498      0.26215      0.12283
      1.03000      0.45019      0.30769      0.14250
      1.04000      0.41462      0.28031      0.13431
      1.05000      0.33300      0.22114      0.11187
      1.06000      0.21783      0.14378      0.07405
      1.07000      0.10735      0.06900      0.03835
      1.08000      0.12274      0.07541      0.04734
      1.09000      0.31941      0.20681      0.11259
      1.10000      0.51670      0.34506      0.17165
      1.11000      0.45015      0.30530      0.14485
      1.12000      0.30419      0.20667      0.09752
      1.13000      0.33318      0.22654      0.10664
      1.14000      0.43271      0.29588      0.13683
      1.15000      0.32406      0.22289      0.10116
      1.16000      0.18603      0.12830      0.05773
      1.17000      0.29380      0.20094      0.09286
      1.18000      0.50655      0.34381      0.16274
      1.19000      0.52549      0.35648      0.16901
      1.20000      0.43268      0.29849      0.13419
      1.21000      0.42353      0.29693      0.12660
      1.22000      0.46786      0.32726      0.14060
      1.23000      0.51965      0.35929      0.16037
      1.24000      0.46493      0.31999      0.14494
      1.25000      0.34992      0.24180      0.10813
      1.26000      0.28506      0.19710      0.08796
      1.27000      0.26273      0.18213      0.08060
      1.28000      0.26249      0.18365      0.07883
      1.29000      0.35962      0.25388      0.10574
      1.30000      0.47044      0.33238      0.13805
      1.31000      0.49024      0.34416      0.14608
      1.32000      0.56762      0.39725      0.17036
      1.33000      0.77528      0.55015      0.22513
      1.34000      0.89577      0.64663      0.24914
      1.35000      0.80767      0.59268      0.21499
      1.36000      0.67539      0.50550      0.16989
      1.37000      0.51161      0.38226      0.12935
      1.38000      0.40871      0.29314      0.11556
      1.39000      0.57343      0.40688      0.16655
      1.40000      0.89337      0.64599      0.24738
      1.41000      0.98472      0.71626      0.26847
      1.42000      0.89124      0.64248      0.24877
      1.43000      0.87235      0.62082      0.25152
      1.44000      1.13337      0.79896      0.33441
      1.45000      1.30045      0.92932      0.37113
      1.46000      1.24702      0.92428      0.32274
      1.47000      1.20988      0.91687      0.29300
      1.48000      1.05319      0.79801      0.25519
      1.49000      0.82519      0.62191      0.20327
      1.50000      0.75997      0.56492      0.19505
      1.51000      0.97739      0.71611      0.26128
      1.52000      1.29379      0.94611      0.34768
      1.53000      1.39830      1.02586      0.37244
      1.54000      1.36992      1.03162      0.33830
      1.55000      1.54492      1.18461      0.36031
      1.56000      1.73988      1.31541      0.42448
      1.57000      1.65286      1.24095      0.41192
      1.58000      1.41247      1.07585      0.33662
      1.59000      1.44044      1.10515      0.33529
      1.60000      1.48217      1.12683      0.35534
      1.61000      1.52265      1.15365      0.36900
      1.62000      1.77346      1.34767      0.42580
      1.63000      1.86249      1.41592      0.44657
      1.64000      1.60270      1.21591      0.38680
      1.65000      1.60901      1.21340      0.39561
      1.66000      1.91294      1.44177      0.47117
      1.67000      2.13224      1.61268      0.51956
      1.68000      2.48427      1.87531      0.60896
      1.69000      2.52524      1.90138      0.62386
      1.70000      2.33425      1.74865      0.58560
      1.71000      2.31171      1.70775      0.60396
      1.72000      2.04521      1.50259      0.54262
      1.73000      1.78739      1.32528      0.46211
      1.74000      1.97393      1.47737      0.49656
      1.75000      2.00850      1.51043      0.49806
      1.76000      1.83025      1.37945      0.45079
      1.77000      1.87261      1.41585      0.45676
      1.78000      2.07969      1.57930      0.50039
      1.79000      2.16000      1.62910      0.53089
      1.80000      1.93113      1.43180      0.49932
      1.81000      1.68331      1.23607      0.44724
      1.82000      1.60370      1.16925      0.43445
      1.83000      1.69955      1.23557      0.46398
      1.84000      1.83960      1.34682      0.49278
      1.85000      1.73329      1.28576      0.44753
      1.86000      1.62280      1.21603      0.40677
      1.87000      1.79177      1.32442      0.46736
      1.88000      1.98888      1.44481      0.54407
      1.89000      2.13790      1.55606      0.58183
      1.90000      1.90974      1.39158      0.51816
      1.91000      1.34758      0.97876      0.36882
      1.92000      0.99008      0.71699      0.27309
      1.93000      0.99369      0.71021      0.28349
      1.94000      1.18252      0.83674      0.34577
      1.95000      1.17808      0.82607      0.35201
      1.96000      1.03416      0.71209      0.32207
      1.97000      0.95655      0.63555      0.32100
      1.98000      1.11001      0.71600      0.39401
      1.99000      1.17312      0.75553      0.41759
      2.00000      1.03225      0.67929      0.35295
      2.01000      1.15567      0.76640      0.38927
      2.02000      1.24535      0.81840      0.42695
      2.03000      1.05809      0.69941      0.35867
      2.04000      0.98043      0.66336      0.31707
      2.05000      0.98296      0.69329      0.28967
      2.06000      1.07624      0.77410      0.30214
      2.07000      1.19963      0.84143      0.35820
      2.08000      1.30112      0.87349      0.42763
      2.09000      1.24431      0.81976      0.42455
      2.10000      0.96698      0.63803      0.32895
      2.11000      0.74380      0.48877      0.25503
      2.12000      0.60851      0.40286      0.20566
      2.13000      0.59028      0.40075      0.18953
      2.14000      0.58848      0.40571      0.18277
      2.15000      0.55301      0.38041      0.17260
      2.16000      0.56569      0.37248      0.19321
      2.17000      0.69996      0.43825      0.26171
      2.18000      0.92468      0.58077      0.34390
      2.19000      1.10351      0.71676      0.38675
      2.20000      1.05175      0.69505      0.35669
      2.21000      0.87311      0.57417      0.29894
      2.22000      0.68850      0.44663      0.24186
      2.23000      0.54674      0.36078      0.18597
      2.24000      0.50758      0.33758      0.17000
      2.25000      0.64893      0.41162      0.23731
      2.26000      0.91144      0.56629      0.34515
      2.27000      0.96435      0.60822      0.35612
      2.28000      0.81456      0.51416      0.30040
      2.29000      0.83509      0.51430      0.32080
      2.30000      0.93920      0.57725      0.36195
      2.31000      1.01711      0.63736      0.37976
      2.32000      1.12700      0.72370      0.40330
      2.33000      1.17249      0.76005      0.41244
      2.34000      1.02926      0.67255      0.35670
      2.35000      0.84771      0.55547      0.29224
      2.36000      0.84364      0.53938      0.30426
      2.37000      0.89143      0.55898      0.33245
      2.38000      0.90252      0.57100      0.33151
      2.39000      0.90400      0.56730      0.33670
      2.40000      0.96782      0.59498      0.37284
      2.41000      0.85067      0.52510      0.32557
      2.42000      0.62066      0.39319      0.22747
      2.43000      0.57970      0.36496      0.21474
      2.44000      0.61943      0.39073      0.22870
      2.45000      0.77538      0.49742      0.27796
      2.46000      1.09132      0.69297      0.39835
      2.47000      1.21272      0.75473      0.45798
      2.48000      0.95924      0.58567      0.37357
      2.49000      0.67274      0.40471      0.26803
      2.50000      0.61695      0.36280      0.25415
      2.51000      0.61059      0.35176      0.25882
      2.52000      0.48674      0.28700      0.19974
      2.53000      0.63422      0.39644      0.23778
      2.54000      1.14247      0.72512      0.41735
      2.55000      1.38546      0.87935      0.50611
      2.56000      1.14017      0.71410      0.42607
      2.57000      0.98552      0.59275      0.39277
      2.58000      1.13493      0.67133      0.46360
      2.59000      1.49358      0.90289      0.59068
      2.60000      1.68006      1.03786      0.64220
      2.61000      1.62467      1.01618      0.60849
      2.62000      1.40839      0.86758      0.54081
      2.63000      0.89718      0.53946      0.35773
      2.64000      0.50280      0.30460      0.19820
      2.65000      0.56326      0.35262      0.21064
      2.66000      0.92620      0.57343      0.35277
      2.67000      1.37749      0.83940      0.53809
      2.68000      1.56734      0.94970      0.61764
      2.69000      1.44026      0.86564      0.57463
      2.70000      1.25753      0.74986      0.50767
      2.71000      1.35628      0.81180      0.54447
      2.72000      1.51345      0.90906      0.60439
      2.73000      1.56923      0.94237      0.62687
      2.74000      1.81344      1.08007      0.73337
      2.75000      1.90239      1.11909      0.78330
      2.76000      1.70446      0.99420      0.71026
      2.77000      1.54651      0.91434      0.63218
      2.78000      1.46097      0.89352      0.56745
      2.79000      1.14655      0.71545      0.43110
      2.80000      0.96800      0.59654      0.37146
      2.81000      1.08529      0.65922      0.42608
      2.82000      1.07131      0.66065      0.41065
      2.83000      0.81634      0.51995      0.29639
      2.84000      0.54557      0.35220      0.19337
      2.85000      0.41833      0.26381      0.15453
      2.86000      0.43306      0.26431      0.16875
      2.87000      0.61588      0.36705      0.24883
      2.88000      0.77235      0.46314      0.30920
      2.89000      0.66316      0.40723      0.25593
      2.90000      0.45935      0.28471      0.17464
      2.91000      0.44593      0.27384      0.17208
      2.92000      0.56105      0.34881      0.21223
      2.93000      0.56982      0.35514      0.21469
      2.94000      0.47782      0.29768      0.18013
      2.95000      0.46265      0.29104      0.17161
      2.96000      0.55915      0.34958      0.20957
      2.97000      0.63522      0.38902      0.24621
      2.98000      0.46930      0.28357      0.18573
      2.99000      0.28262      0.17203      0.11060
      3.00000      0.33534      0.20908      0.12626
      3.01000      0.44870      0.28276      0.16594
      3.02000      0.45666      0.28574      0.17092
      3.03000      0.45105      0.28142      0.16963
      3.04000      0.35247      0.22405      0.12842
      3.05000      0.22680      0.14321      0.08359
      3.06000      0.26332      0.16040      0.10292
      3.07000      0.31448      0.19070      0.12379
      3.08000      0.30192      0.18846      0.11346
      3.09000      0.30686      0.19567      0.11119
      3.10000      0.36090      0.22295      0.13796
      3.11000      0.43142      0.25946      0.17196
      3.12000      0.36839      0.22506      0.14333
      3.13000      0.26731      0.17397      0.09334
      3.14000      0.19683      0.13498      0.06185
      3.15000      0.15133      0.10136      0.04997
      3.16000      0.16390      0.10055      0.06335
      3.17000      0.18870      0.10982      0.07888
      3.18000      0.16829      0.09851      0.06977
      3.19000      0.12591      0.07701      0.04890
      3.20000      0.10268      0.06474      0.03794
      3.21000      0.14110      0.08356      0.05754
      3.22000      0.19432      0.11122      0.08311
      3.23000      0.21779      0.12499      0.09280
      3.24000      0.28546      0.16443      0.12103
      3.25000      0.35825      0.20575      0.15250
      3.26000      0.38635      0.22189      0.16446
      3.27000      0.41227      0.23602      0.17625
      3.28000      0.52336      0.29814      0.22522
      3.29000      0.52519      0.29957      0.22561
      3.30000      0.31065      0.17667      0.13399
      3.31000      0.13461      0.07534      0.05927
      3.32000      0.11202      0.06244      0.04957
      3.33000      0.25741      0.14445      0.11296
      3.34000      0.37366      0.21044      0.16322
      3.35000      0.32796      0.18503      0.14293
      3.36000      0.22552      0.12749      0.09804
      3.37000      0.13027      0.07446      0.05581
      3.38000      0.11422      0.06641      0.04781
      3.39000      0.16518      0.09644      0.06873
      3.40000      0.25579      0.14840      0.10739
      3.41000      0.32380      0.18582      0.13798
      3.42000      0.44538      0.25494      0.19044
      3.43000      0.47226      0.27106      0.20121
      3.44000      0.34346      0.19675      0.14671
      3.45000      0.25670      0.14580      0.11089
      3.46000      0.19701      0.11099      0.08602
      3.47000      0.20111      0.11257      0.08854
      3.48000      0.22591      0.12796      0.09795
      3.49000      0.25851      0.14957      0.10895
      3.50000      0.26058      0.15171      0.10887
      3.51000      0.27893      0.16076      0.11818
      3.52000      0.40215      0.22853      0.17362
      3.53000      0.42401      0.23953      0.18449
      3.54000      0.27865      0.15918      0.11946
      3.55000      0.21694      0.12727      0.08967
      3.56000      0.19174      0.11277      0.07897
      3.57000      0.15544      0.09081      0.06464
      3.58000      0.19771      0.11526      0.08245
      3.59000      0.26161      0.15104      0.11057
      3.60000      0.25823      0.14719      0.11104
      3.61000      0.23189      0.13244      0.09944
      3.62000      0.16155      0.09294      0.06861
      3.63000      0.09916      0.05681      0.04235
      3.64000      0.09314      0.05313      0.04000
      3.65000      0.10819      0.06225      0.04594
      3.66000      0.19855      0.11454      0.08401
      3.67000      0.31290      0.18090      0.13200
      3.68000      0.36629      0.21198      0.15430
      3.69000      0.35676      0.20423      0.15253
      3.70000      0.36853      0.20861      0.15992
      3.71000      0.39592      0.22540      0.17052
      3.72000      0.38109      0.21857      0.16253
      3.73000      0.37003      0.21223      0.15780
      3.74000      0.40842      0.23460      0.17381
      3.75000      0.35791      0.20513      0.15279
      3.76000      0.36689      0.20885      0.15804
      3.77000      0.41032      0.23358      0.17674
      3.78000      0.39272      0.22391      0.16881
      3.79000      0.31265      0.17879      0.13386
      3.80000      0.20253      0.11574      0.08678
      3.81000      0.28952      0.16467      0.12485
      3.82000      0.61710      0.35029      0.26680
      3.83000      0.68507      0.38875      0.29631
      3.84000      0.43090      0.24461      0.18629
      3.85000      0.27484      0.15532      0.11951
      3.86000      0.23061      0.13061      0.10000
      3.87000      0.24258      0.13801      0.10458
      3.88000      0.32904      0.18772      0.14132
      3.89000      0.38775      0.22116      0.16659
      3.90000      0.30788      0.17406      0.13382
      3.91000      0.21572      0.11894      0.09678
      3.92000      0.22107      0.11764      0.10343
      3.93000      0.30479      0.16626      0.13853
      3.94000      0.36322      0.20706      0.15615
      3.95000      0.51491      0.29526      0.21965
      3.96000      0.71363      0.40279      0.31084
      3.97000      0.65576      0.36582      0.28994
      3.98000      0.49136      0.27297      0.21840
      3.99000      0.35656      0.19899      0.15756
      4.00000      0.30633      0.17314      0.13318
      4.01000      0.35110      0.19820      0.15291
      4.02000      0.32007      0.17941      0.14066
      4.03000      0.24696      0.13345      0.11352
      4.04000      0.28369      0.14478      0.13891
      4.05000      0.39559      0.19999      0.19560
      4.06000      0.49040      0.25772      0.23267
      4.07000      0.40619      0.22083      0.18536
      4.08000      0.38550      0.20559      0.17991
      4.09000      0.51974      0.27221      0.24753
      4.10000      0.48789      0.26121      0.22668
      4.11000      0.38350      0.21346      0.17005
      4.12000      0.40511      0.22673      0.17838
      4.13000      0.47015      0.26138      0.20877
      4.14000      0.44180      0.24200      0.19979
      4.15000      0.43350      0.22703      0.20647
      4.16000      0.53033      0.27154      0.25879
      4.17000      0.60485      0.31634      0.28851
      4.18000      0.60563      0.32674      0.27889
      4.19000      0.64035      0.35591      0.28444
      4.20000      0.71749      0.40641      0.31108
      4.21000      0.79831      0.44680      0.35151
      4.22000      0.74442      0.40745      0.33698
      4.23000      0.48114      0.26192      0.21923
      4.24000      0.27801      0.15403      0.12399
      4.25000      0.26841      0.14956      0.11885
      4.26000      0.31745      0.17000      0.14745
      4.27000      0.37048      0.18559      0.18489
      4.28000      0.37334      0.17946      0.19388
      4.29000      0.46139      0.22809      0.23330
      4.30000      0.69092      0.35290      0.33802
      4.31000      0.60746      0.31496      0.29250
      4.32000      0.43238      0.23257      0.19981
      4.33000      0.61499      0.33414      0.28085
      4.34000      0.75310      0.40663      0.34647
      4.35000      0.52199      0.28551      0.23648
      4.36000      0.31012      0.17295      0.13717
      4.37000      0.31681      0.17661      0.14020
      4.38000      0.49003      0.27254      0.21748
      4.39000      0.66229      0.36060      0.30169
      4.40000      0.67300      0.35185      0.32115
      4.41000      0.64625      0.32230      0.32395
      4.42000      0.78047      0.38468      0.39578
      4.43000      1.04996      0.54157      0.50839
      4.44000      1.20256      0.64413      0.55843
      4.45000      1.08785      0.57505      0.51280
      4.46000      1.06120      0.54547      0.51574
      4.47000      1.25803      0.65675      0.60129
      4.48000      1.32975      0.70882      0.62093
      4.49000      1.26382      0.67872      0.58510
      4.50000      1.34050      0.71940      0.62110
      4.51000      1.46696      0.77848      0.68848
      4.52000      1.34908      0.69521      0.65388
      4.53000      1.17848      0.59365      0.58483
      4.54000      0.96962      0.49602      0.47361
      4.55000      0.73683      0.38691      0.34992
      4.56000      0.71652      0.37810      0.33843
      4.57000      0.88305      0.47079      0.41225
      4.58000      1.08190      0.58173      0.50017
      4.59000      1.23344      0.65864      0.57480
      4.60000      1.31647      0.69168      0.62479
      4.61000      1.20778      0.62414      0.58364
      4.62000      1.05493      0.54400      0.51093
      4.63000      1.03423      0.53709      0.49713
      4.64000      0.98070      0.49522      0.48549
      4.65000      0.94223      0.45295      0.48927
      4.66000      1.15816      0.57332      0.58484
      4.67000      1.46219      0.75188      0.71031
      4.68000      1.51280      0.77511      0.73768
      4.69000      1.25508      0.63683      0.61824
      4.70000      1.00470      0.51042      0.49428
      4.71000      0.90540      0.45749      0.44791
      4.72000      0.98755      0.49462      0.49294
      4.73000      1.35748      0.67675      0.68073
      4.74000      1.64679      0.81510      0.83168
      4.75000      1.72507      0.85129      0.87378
      4.76000      1.69577      0.84507      0.85070
      4.77000      1.64692      0.83098      0.81594
      4.78000      1.68790      0.85079      0.83710
      4.79000      1.77495      0.89043      0.88452
      4.80000      1.84999      0.93567      0.91433
      4.81000      1.79698      0.90223      0.89475
      4.82000      1.63933      0.80918      0.83015
      4.83000      1.43371      0.69981      0.73390
      4.84000      1.38086      0.66741      0.71346
      4.85000      1.73047      0.86067      0.86979
      4.86000      2.24840      1.14457      1.10383
      4.87000      2.40999      1.21532      1.19468
      4.88000      2.14592      1.07188      1.07404
      4.89000      1.73872      0.87771      0.86101
      4.90000      1.40918      0.71325      0.69593
      4.91000      1.38322      0.68739      0.69582
      4.92000      1.78066      0.89577      0.88489
      4.93000      2.12706      1.09355      1.03351
      4.94000      2.17009      1.12132      1.04877
      4.95000      2.09890      1.06690      1.03199
      4.96000      1.88689      0.93606      0.95082
      4.97000      1.61251      0.80235      0.81016
      4.98000      1.55501      0.79029      0.76471
      4.99000      1.64471      0.81782      0.82689
      5.00000      1.80005      0.86863      0.93141
      5.01000      2.10895      1.03140      1.07756
      5.02000      2.20626      1.09091      1.11534
      5.03000      1.80285      0.90639      0.89645
      5.04000      1.50027      0.77476      0.72551
      5.05000      1.64289      0.85295      0.78994
      5.06000      1.77087      0.91024      0.86064
      5.07000      1.50880      0.75760      0.75120
      5.08000      1.40979      0.70087      0.70892
      5.09000      1.43196      0.71061      0.72135
      5.10000      1.41341      0.70498      0.70843
      5.11000      1.69373      0.85972      0.83402
      5.12000      1.82381      0.93303      0.89078
      5.13000      1.66184      0.85477      0.80707
      5.14000      1.64619      0.84127      0.80492
      5.15000      1.69296      0.84835      0.84461
      5.16000      1.74581      0.85833      0.88748
      5.17000      1.65951      0.80804      0.85147
      5.18000      1.45897      0.71172      0.74725
      5.19000      1.39557      0.68434      0.71122
      5.20000      1.51478      0.74587      0.76891
      5.21000      1.58198      0.79600      0.78598
      5.22000      1.41566      0.72148      0.69418
