Energy-E_F (eV)    DOS (1/eV)    PDOS (1/eV)  of atom type Al As 
     -5.02720      0.10860      0.00000      0.00000
     -5.01720      0.23663      0.00000      0.00000
     -5.00720      0.24758      0.00000      0.00000
     -4.99720      0.26920      0.00000      0.00000
     -4.98720      0.40363      0.00000      0.00000
     -4.97720      0.57222      0.00000      0.00000
     -4.96720      0.73781      0.00000      0.00000
     -4.95720      0.68181      0.00000      0.00000
     -4.94720      0.47250      0.00000      0.00000
     -4.93720      0.40071      0.00000      0.00000
     -4.92720      0.43561      0.00000      0.00000
     -4.91720      0.61556      0.00000      0.00000
     -4.90720      1.01901      0.00000      0.00000
     -4.89720      1.16103      0.00000      0.00000
     -4.88720      0.94493      0.00000      0.00000
     -4.87720      0.87886      0.00000      0.00000
     -4.86720      0.92504      0.00000      0.00000
     -4.85720      0.87579      0.00000      0.00000
     -4.84720      0.75775      0.00000      0.00000
     -4.83720      0.76040      0.00000      0.00000
     -4.82720      0.76817      0.00000      0.00000
     -4.81720      0.80344      0.00000      0.00000
     -4.80720      1.08843      0.00000      0.00000
     -4.79720      1.41400      0.00000      0.00000
     -4.78720      1.50517      0.00000      0.00000
     -4.77720      1.50848      0.00000      0.00000
     -4.76720      1.56886      0.00000      0.00000
     -4.75720      1.47338      0.00000      0.00000
     -4.74720      1.38237      0.00000      0.00000
     -4.73720      1.35897      0.00000      0.00000
     -4.72720      1.36507      0.00000      0.00000
     -4.71720      1.34850      0.00000      0.00000
     -4.70720      1.30361      0.00000      0.00000
     -4.69720      1.31634      0.00000      0.00000
     -4.68720      1.33457      0.00000      0.00000
     -4.67720      1.57461      0.00000      0.00000
     -4.66720      1.94957      0.00000      0.00000
     -4.65720      2.20362      0.00000      0.00000
     -4.64720      2.06379      0.00000      0.00000
     -4.63720      1.85237      0.00000      0.00000
     -4.62720      1.86449      0.00000      0.00000
     -4.61720      1.99540      0.00000      0.00000
     -4.60720      2.17731      0.00000      0.00000
     -4.59720      2.52711      0.00000      0.00000
     -4.58720      2.73725      0.00000      0.00000
     -4.57720      2.33909      0.00000      0.00000
     -4.56720      1.78617      0.00000      0.00000
     -4.55720      1.40247      0.00000      0.00000
     -4.54720      1.50271      0.00000      0.00000
     -4.53720      2.04460      0.00000      0.00000
     -4.52720      2.65879      0.00000      0.00000
     -4.51720      2.98973      0.00000      0.00000
     -4.50720      2.91443      0.00000      0.00000
     -4.49720      2.67444      0.00000      0.00000
     -4.48720      2.61003      0.00000      0.00000
     -4.47720      3.08634      0.00000      0.00000
     -4.46720      3.75793      0.00000      0.00000
     -4.45720      4.21049      0.00000      0.00000
     -4.44720      4.00261      0.00000      0.00000
     -4.43720      3.43543      0.00000      0.00000
     -4.42720      2.91257      0.00000      0.00000
     -4.41720      2.53463      0.00000      0.00000
     -4.40720      2.73107      0.00000      0.00000
     -4.39720      2.93054      0.00000      0.00000
     -4.38720      2.81757      0.00000      0.00000
     -4.37720      3.14606      0.00000      0.00000
     -4.36720      3.64943      0.00000      0.00000
     -4.35720      3.61424      0.00000      0.00000
     -4.34720      3.22235      0.00000      0.00000
     -4.33720      2.73023      0.00000      0.00000
     -4.32720      2.72089      0.00000      0.00000
     -4.31720      3.30368      0.00000      0.00000
     -4.30720      3.80543      0.00000      0.00000
     -4.29720      4.10223      0.00000      0.00000
     -4.28720      3.88705      0.00000      0.00000
     -4.27720      3.60554      0.00000      0.00000
     -4.26720      3.62379      0.00000      0.00000
     -4.25720      3.46475      0.00000      0.00000
     -4.24720      3.66378      0.00000      0.00000
     -4.23720      4.37116      0.00000      0.00000
     -4.22720      4.49350      0.00000      0.00000
     -4.21720      3.66958      0.00000      0.00000
     -4.20720      3.25906      0.00000      0.00000
     -4.19720      3.22629      0.00000      0.00000
     -4.18720      3.39742      0.00000      0.00000
     -4.17720      3.50795      0.00000      0.00000
     -4.16720      3.52199      0.00000      0.00000
     -4.15720      3.89397      0.00000      0.00000
     -4.14720      4.18796      0.00000      0.00000
     -4.13720      4.38219      0.00000      0.00000
     -4.12720      4.49145      0.00000      0.00000
     -4.11720      4.55135      0.00000      0.00000
     -4.10720      5.38940      0.00000      0.00000
     -4.09720      6.15999      0.00000      0.00000
     -4.08720      5.42024      0.00000      0.00000
     -4.07720      4.32484      0.00000      0.00000
     -4.06720      4.35871      0.00000      0.00000
     -4.05720      4.99051      0.00000      0.00000
     -4.04720      4.97494      0.00000      0.00000
     -4.03720      4.50614      0.00000      0.00000
     -4.02720      4.50606      0.00000      0.00000
     -4.01720      4.42271      0.00000      0.00000
     -4.00720      3.88740      0.00000      0.00000
     -3.99720      3.60860      0.00000      0.00000
     -3.98720      3.66498      0.00000      0.00000
     -3.97720      3.49094      0.00000      0.00000
     -3.96720      3.12590      0.00000      0.00000
     -3.95720      3.04733      0.00000      0.00000
     -3.94720      3.10567      0.00000      0.00000
     -3.93720      2.87131      0.00000      0.00000
     -3.92720      2.72300      0.00000      0.00000
     -3.91720      2.79285      0.00000      0.00000
     -3.90720      2.75241      0.00000      0.00000
     -3.89720      2.47813      0.00000      0.00000
     -3.88720      2.13812      0.00000      0.00000
     -3.87720      2.00608      0.00000      0.00000
     -3.86720      2.04936      0.00000      0.00000
     -3.85720      1.89433      0.00000      0.00000
     -3.84720      1.68884      0.00000      0.00000
     -3.83720      1.80027      0.00000      0.00000
     -3.82720      1.80000      0.00000      0.00000
     -3.81720      1.50347      0.00000      0.00000
     -3.80720      1.35158      0.00000      0.00000
     -3.79720      1.39098      0.00000      0.00000
     -3.78720      1.76114      0.00000      0.00000
     -3.77720      2.35937      0.00000      0.00000
     -3.76720      2.41779      0.00000      0.00000
     -3.75720      1.72822      0.00000      0.00000
     -3.74720      1.00653      0.00000      0.00000
     -3.73720      0.75010      0.00000      0.00000
     -3.72720      0.76328      0.00000      0.00000
     -3.71720      1.01644      0.00000      0.00000
     -3.70720      1.13851      0.00000      0.00000
     -3.69720      0.94842      0.00000      0.00000
     -3.68720      0.93055      0.00000      0.00000
     -3.67720      1.11413      0.00000      0.00000
     -3.66720      1.10904      0.00000      0.00000
     -3.65720      0.97354      0.00000      0.00000
     -3.64720      1.09148      0.00000      0.00000
     -3.63720      1.34560      0.00000      0.00000
     -3.62720      1.46369      0.00000      0.00000
     -3.61720      1.48824      0.00000      0.00000
     -3.60720      1.47820      0.00000      0.00000
     -3.59720      1.19022      0.00000      0.00000
     -3.58720      0.84415      0.00000      0.00000
     -3.57720      0.95038      0.00000      0.00000
     -3.56720      1.41526      0.00000      0.00000
     -3.55720      1.60574      0.00000      0.00000
     -3.54720      1.58549      0.00000      0.00000
     -3.53720      1.80785      0.00000      0.00000
     -3.52720      1.76852      0.00000      0.00000
     -3.51720      1.39629      0.00000      0.00000
     -3.50720      1.28738      0.00000      0.00000
     -3.49720      1.43047      0.00000      0.00000
     -3.48720      1.43073      0.00000      0.00000
     -3.47720      1.59312      0.00000      0.00000
     -3.46720      2.04006      0.00000      0.00000
     -3.45720      1.86947      0.00000      0.00000
     -3.44720      1.28322      0.00000      0.00000
     -3.43720      1.20864      0.00000      0.00000
     -3.42720      1.36323      0.00000      0.00000
     -3.41720      1.28624      0.00000      0.00000
     -3.40720      1.11681      0.00000      0.00000
     -3.39720      1.04461      0.00000      0.00000
     -3.38720      1.02872      0.00000      0.00000
     -3.37720      1.31878      0.00000      0.00000
     -3.36720      1.76530      0.00000      0.00000
     -3.35720      2.07599      0.00000      0.00000
     -3.34720      2.07860      0.00000      0.00000
     -3.33720      1.92623      0.00000      0.00000
     -3.32720      2.19318      0.00000      0.00000
     -3.31720      2.27503      0.00000      0.00000
     -3.30720      1.61701      0.00000      0.00000
     -3.29720      1.20110      0.00000      0.00000
     -3.28720      1.57551      0.00000      0.00000
     -3.27720      1.87453      0.00000      0.00000
     -3.26720      1.65844      0.00000      0.00000
     -3.25720      1.66298      0.00000      0.00000
     -3.24720      2.10671      0.00000      0.00000
     -3.23720      2.39588      0.00000      0.00000
     -3.22720      2.26534      0.00000      0.00000
     -3.21720      2.12360      0.00000      0.00000
     -3.20720      2.03168      0.00000      0.00000
     -3.19720      1.80066      0.00000      0.00000
     -3.18720      1.53714      0.00000      0.00000
     -3.17720      1.36771      0.00000      0.00000
     -3.16720      1.36611      0.00000      0.00000
     -3.15720      1.32203      0.00000      0.00000
     -3.14720      1.04502      0.00000      0.00000
     -3.13720      0.85854      0.00000      0.00000
     -3.12720      1.02610      0.00000      0.00000
     -3.11720      1.68522      0.00000      0.00000
     -3.10720      2.70532      0.00000      0.00000
     -3.09720      3.05046      0.00000      0.00000
     -3.08720      2.39589      0.00000      0.00000
     -3.07720      1.91009      0.00000      0.00000
     -3.06720      1.94489      0.00000      0.00000
     -3.05720      1.92742      0.00000      0.00000
     -3.04720      1.57251      0.00000      0.00000
     -3.03720      1.23973      0.00000      0.00000
     -3.02720      1.35835      0.00000      0.00000
     -3.01720      1.93640      0.00000      0.00000
     -3.00720      2.42469      0.00000      0.00000
     -2.99720      2.24492      0.00000      0.00000
     -2.98720      1.89663      0.00000      0.00000
     -2.97720      1.99593      0.00000      0.00000
     -2.96720      2.42171      0.00000      0.00000
     -2.95720      2.83731      0.00000      0.00000
     -2.94720      2.94084      0.00000      0.00000
     -2.93720      2.66139      0.00000      0.00000
     -2.92720      2.04437      0.00000      0.00000
     -2.91720      1.54005      0.00000      0.00000
     -2.90720      1.22081      0.00000      0.00000
     -2.89720      1.01699      0.00000      0.00000
     -2.88720      1.04512      0.00000      0.00000
     -2.87720      1.19359      0.00000      0.00000
     -2.86720      1.19946      0.00000      0.00000
     -2.85720      1.08851      0.00000      0.00000
     -2.84720      1.31125      0.00000      0.00000
     -2.83720      1.84320      0.00000      0.00000
     -2.82720      2.17008      0.00000      0.00000
     -2.81720      2.09655      0.00000      0.00000
     -2.80720      2.12349      0.00000      0.00000
     -2.79720      2.32294      0.00000      0.00000
     -2.78720      2.32574      0.00000      0.00000
     -2.77720      2.35991      0.00000      0.00000
     -2.76720      2.62114      0.00000      0.00000
     -2.75720      2.86203      0.00000      0.00000
     -2.74720      2.52333      0.00000      0.00000
     -2.73720      1.88137      0.00000      0.00000
     -2.72720      1.59701      0.00000      0.00000
     -2.71720      1.61097      0.00000      0.00000
     -2.70720      1.80140      0.00000      0.00000
     -2.69720      1.87103      0.00000      0.00000
     -2.68720      1.77908      0.00000      0.00000
     -2.67720      1.82714      0.00000      0.00000
     -2.66720      1.89292      0.00000      0.00000
     -2.65720      1.93184      0.00000      0.00000
     -2.64720      2.05577      0.00000      0.00000
     -2.63720      2.23008      0.00000      0.00000
     -2.62720      2.13236      0.00000      0.00000
     -2.61720      1.85837      0.00000      0.00000
     -2.60720      1.83568      0.00000      0.00000
     -2.59720      1.75967      0.00000      0.00000
     -2.58720      1.74633      0.00000      0.00000
     -2.57720      1.92169      0.00000      0.00000
     -2.56720      1.93980      0.00000      0.00000
     -2.55720      2.05805      0.00000      0.00000
     -2.54720      2.26938      0.00000      0.00000
     -2.53720      2.44595      0.00000      0.00000
     -2.52720      2.45245      0.00000      0.00000
     -2.51720      2.11632      0.00000      0.00000
     -2.50720      1.96167      0.00000      0.00000
     -2.49720      2.25108      0.00000      0.00000
     -2.48720      2.35029      0.00000      0.00000
     -2.47720      2.25957      0.00000      0.00000
     -2.46720      2.42312      0.00000      0.00000
     -2.45720      2.55461      0.00000      0.00000
     -2.44720      2.48194      0.00000      0.00000
     -2.43720      2.46612      0.00000      0.00000
     -2.42720      2.32874      0.00000      0.00000
     -2.41720      1.91880      0.00000      0.00000
     -2.40720      1.66920      0.00000      0.00000
     -2.39720      1.99301      0.00000      0.00000
     -2.38720      2.43003      0.00000      0.00000
     -2.37720      2.41871      0.00000      0.00000
     -2.36720      2.11815      0.00000      0.00000
     -2.35720      2.32120      0.00000      0.00000
     -2.34720      2.92827      0.00000      0.00000
     -2.33720      3.00939      0.00000      0.00000
     -2.32720      2.85819      0.00000      0.00000
     -2.31720      2.86235      0.00000      0.00000
     -2.30720      2.79708      0.00000      0.00000
     -2.29720      2.69872      0.00000      0.00000
     -2.28720      2.72941      0.00000      0.00000
     -2.27720      2.63516      0.00000      0.00000
     -2.26720      2.26544      0.00000      0.00000
     -2.25720      1.94124      0.00000      0.00000
     -2.24720      2.07074      0.00000      0.00000
     -2.23720      2.85828      0.00000      0.00000
     -2.22720      3.36293      0.00000      0.00000
     -2.21720      3.06817      0.00000      0.00000
     -2.20720      2.76294      0.00000      0.00000
     -2.19720      2.65933      0.00000      0.00000
     -2.18720      2.50250      0.00000      0.00000
     -2.17720      2.44696      0.00000      0.00000
     -2.16720      2.43586      0.00000      0.00000
     -2.15720      2.39387      0.00000      0.00000
     -2.14720      2.77476      0.00000      0.00000
     -2.13720      3.14985      0.00000      0.00000
     -2.12720      3.04906      0.00000      0.00000
     -2.11720      3.07875      0.00000      0.00000
     -2.10720      3.36125      0.00000      0.00000
     -2.09720      3.45317      0.00000      0.00000
     -2.08720      3.47256      0.00000      0.00000
     -2.07720      3.29041      0.00000      0.00000
     -2.06720      3.05026      0.00000      0.00000
     -2.05720      3.02761      0.00000      0.00000
     -2.04720      2.88816      0.00000      0.00000
     -2.03720      2.55393      0.00000      0.00000
     -2.02720      2.50975      0.00000      0.00000
     -2.01720      2.80965      0.00000      0.00000
     -2.00720      3.02740      0.00000      0.00000
     -1.99720      2.88009      0.00000      0.00000
     -1.98720      2.94100      0.00000      0.00000
     -1.97720      3.51531      0.00000      0.00000
     -1.96720      3.94158      0.00000      0.00000
     -1.95720      3.61872      0.00000      0.00000
     -1.94720      2.87486      0.00000      0.00000
     -1.93720      2.39054      0.00000      0.00000
     -1.92720      2.28123      0.00000      0.00000
     -1.91720      2.45136      0.00000      0.00000
     -1.90720      2.91441      0.00000      0.00000
     -1.89720      3.40065      0.00000      0.00000
     -1.88720      3.48447      0.00000      0.00000
     -1.87720      2.94747      0.00000      0.00000
     -1.86720      2.31353      0.00000      0.00000
     -1.85720      2.35752      0.00000      0.00000
     -1.84720      2.80334      0.00000      0.00000
     -1.83720      3.27040      0.00000      0.00000
     -1.82720      3.66242      0.00000      0.00000
     -1.81720      3.62988      0.00000      0.00000
     -1.80720      3.31731      0.00000      0.00000
     -1.79720      3.24294      0.00000      0.00000
     -1.78720      3.46382      0.00000      0.00000
     -1.77720      3.38504      0.00000      0.00000
     -1.76720      2.83110      0.00000      0.00000
     -1.75720      2.22729      0.00000      0.00000
     -1.74720      2.42220      0.00000      0.00000
     -1.73720      3.31322      0.00000      0.00000
     -1.72720      3.93179      0.00000      0.00000
     -1.71720      4.20364      0.00000      0.00000
     -1.70720      3.91326      0.00000      0.00000
     -1.69720      3.41807      0.00000      0.00000
     -1.68720      3.56860      0.00000      0.00000
     -1.67720      3.78298      0.00000      0.00000
     -1.66720      3.50379      0.00000      0.00000
     -1.65720      2.96067      0.00000      0.00000
     -1.64720      2.60768      0.00000      0.00000
     -1.63720      2.79476      0.00000      0.00000
     -1.62720      3.26861      0.00000      0.00000
     -1.61720      3.86005      0.00000      0.00000
     -1.60720      4.11977      0.00000      0.00000
     -1.59720      3.71856      0.00000      0.00000
     -1.58720      3.32985      0.00000      0.00000
     -1.57720      3.60972      0.00000      0.00000
     -1.56720      4.18328      0.00000      0.00000
     -1.55720      4.19001      0.00000      0.00000
     -1.54720      3.90520      0.00000      0.00000
     -1.53720      3.68841      0.00000      0.00000
     -1.52720      3.29907      0.00000      0.00000
     -1.51720      3.16999      0.00000      0.00000
     -1.50720      3.63097      0.00000      0.00000
     -1.49720      4.03154      0.00000      0.00000
     -1.48720      4.01421      0.00000      0.00000
     -1.47720      3.68932      0.00000      0.00000
     -1.46720      3.52311      0.00000      0.00000
     -1.45720      3.72455      0.00000      0.00000
     -1.44720      3.70965      0.00000      0.00000
     -1.43720      3.66644      0.00000      0.00000
     -1.42720      3.83790      0.00000      0.00000
     -1.41720      3.78648      0.00000      0.00000
     -1.40720      3.79997      0.00000      0.00000
     -1.39720      3.84214      0.00000      0.00000
     -1.38720      3.63948      0.00000      0.00000
     -1.37720      3.76823      0.00000      0.00000
     -1.36720      4.03869      0.00000      0.00000
     -1.35720      3.70800      0.00000      0.00000
     -1.34720      3.06668      0.00000      0.00000
     -1.33720      2.70664      0.00000      0.00000
     -1.32720      3.03580      0.00000      0.00000
     -1.31720      3.39898      0.00000      0.00000
     -1.30720      3.35397      0.00000      0.00000
     -1.29720      3.42864      0.00000      0.00000
     -1.28720      3.60469      0.00000      0.00000
     -1.27720      3.83443      0.00000      0.00000
     -1.26720      3.87828      0.00000      0.00000
     -1.25720      3.65988      0.00000      0.00000
     -1.24720      3.85701      0.00000      0.00000
     -1.23720      4.03879      0.00000      0.00000
     -1.22720      3.62479      0.00000      0.00000
     -1.21720      3.40350      0.00000      0.00000
     -1.20720      3.82005      0.00000      0.00000
     -1.19720      4.19809      0.00000      0.00000
     -1.18720      4.05834      0.00000      0.00000
     -1.17720      3.65697      0.00000      0.00000
     -1.16720      3.33937      0.00000      0.00000
     -1.15720      3.03587      0.00000      0.00000
     -1.14720      2.74295      0.00000      0.00000
     -1.13720      2.88119      0.00000      0.00000
     -1.12720      3.44105      0.00000      0.00000
     -1.11720      3.81301      0.00000      0.00000
     -1.10720      3.67511      0.00000      0.00000
     -1.09720      3.62514      0.00000      0.00000
     -1.08720      3.87551      0.00000      0.00000
     -1.07720      3.95308      0.00000      0.00000
     -1.06720      3.89734      0.00000      0.00000
     -1.05720      3.96308      0.00000      0.00000
     -1.04720      4.06145      0.00000      0.00000
     -1.03720      3.93293      0.00000      0.00000
     -1.02720      3.52594      0.00000      0.00000
     -1.01720      3.26371      0.00000      0.00000
     -1.00720      3.06709      0.00000      0.00000
     -0.99720      2.98350      0.00000      0.00000
     -0.98720      2.95246      0.00000      0.00000
     -0.97720      2.94113      0.00000      0.00000
     -0.96720      2.87946      0.00000      0.00000
     -0.95720      2.97627      0.00000      0.00000
     -0.94720      3.36655      0.00000      0.00000
     -0.93720      3.62026      0.00000      0.00000
     -0.92720      3.63130      0.00000      0.00000
     -0.91720      3.42718      0.00000      0.00000
     -0.90720      3.14296      0.00000      0.00000
     -0.89720      2.92178      0.00000      0.00000
     -0.88720      3.07048      0.00000      0.00000
     -0.87720      3.17328      0.00000      0.00000
     -0.86720      3.02768      0.00000      0.00000
     -0.85720      2.79886      0.00000      0.00000
     -0.84720      2.63886      0.00000      0.00000
     -0.83720      2.78955      0.00000      0.00000
     -0.82720      2.85792      0.00000      0.00000
     -0.81720      2.85898      0.00000      0.00000
     -0.80720      2.87973      0.00000      0.00000
     -0.79720      2.78211      0.00000      0.00000
     -0.78720      2.59700      0.00000      0.00000
     -0.77720      2.46204      0.00000      0.00000
     -0.76720      2.42516      0.00000      0.00000
     -0.75720      2.56689      0.00000      0.00000
     -0.74720      2.82201      0.00000      0.00000
     -0.73720      2.70976      0.00000      0.00000
     -0.72720      2.54742      0.00000      0.00000
     -0.71720      2.66444      0.00000      0.00000
     -0.70720      2.91925      0.00000      0.00000
     -0.69720      2.75417      0.00000      0.00000
     -0.68720      2.35240      0.00000      0.00000
     -0.67720      2.38381      0.00000      0.00000
     -0.66720      2.64292      0.00000      0.00000
     -0.65720      2.50376      0.00000      0.00000
     -0.64720      2.21881      0.00000      0.00000
     -0.63720      2.15476      0.00000      0.00000
     -0.62720      2.24027      0.00000      0.00000
     -0.61720      2.36504      0.00000      0.00000
     -0.60720      2.21261      0.00000      0.00000
     -0.59720      2.14978      0.00000      0.00000
     -0.58720      2.35794      0.00000      0.00000
     -0.57720      2.62008      0.00000      0.00000
     -0.56720      2.54819      0.00000      0.00000
     -0.55720      2.22905      0.00000      0.00000
     -0.54720      2.20281      0.00000      0.00000
     -0.53720      2.24283      0.00000      0.00000
     -0.52720      1.98419      0.00000      0.00000
     -0.51720      1.79204      0.00000      0.00000
     -0.50720      1.86886      0.00000      0.00000
     -0.49720      2.07015      0.00000      0.00000
     -0.48720      2.19954      0.00000      0.00000
     -0.47720      2.09160      0.00000      0.00000
     -0.46720      2.07334      0.00000      0.00000
     -0.45720      2.28249      0.00000      0.00000
     -0.44720      2.54253      0.00000      0.00000
     -0.43720      2.49723      0.00000      0.00000
     -0.42720      2.05465      0.00000      0.00000
     -0.41720      1.59718      0.00000      0.00000
     -0.40720      1.44084      0.00000      0.00000
     -0.39720      1.59687      0.00000      0.00000
     -0.38720      1.61814      0.00000      0.00000
     -0.37720      1.34846      0.00000      0.00000
     -0.36720      1.16961      0.00000      0.00000
     -0.35720      1.14587      0.00000      0.00000
     -0.34720      1.16164      0.00000      0.00000
     -0.33720      1.17314      0.00000      0.00000
     -0.32720      1.14725      0.00000      0.00000
     -0.31720      1.29016      0.00000      0.00000
     -0.30720      1.45420      0.00000      0.00000
     -0.29720      1.37411      0.00000      0.00000
     -0.28720      1.12418      0.00000      0.00000
     -0.27720      0.99634      0.00000      0.00000
     -0.26720      1.04602      0.00000      0.00000
     -0.25720      1.04459      0.00000      0.00000
     -0.24720      0.90259      0.00000      0.00000
     -0.23720      0.77898      0.00000      0.00000
     -0.22720      0.66437      0.00000      0.00000
     -0.21720      0.71678      0.00000      0.00000
     -0.20720      0.90041      0.00000      0.00000
     -0.19720      0.98952      0.00000      0.00000
     -0.18720      0.96711      0.00000      0.00000
     -0.17720      0.82001      0.00000      0.00000
     -0.16720      0.58961      0.00000      0.00000
     -0.15720      0.56075      0.00000      0.00000
     -0.14720      0.73929      0.00000      0.00000
     -0.13720      0.85747      0.00000      0.00000
     -0.12720      0.72689      0.00000      0.00000
     -0.11720      0.50186      0.00000      0.00000
     -0.10720      0.41762      0.00000      0.00000
     -0.09720      0.41038      0.00000      0.00000
     -0.08720      0.39787      0.00000      0.00000
     -0.07720      0.34017      0.00000      0.00000
     -0.06720      0.27638      0.00000      0.00000
     -0.05720      0.21494      0.00000      0.00000
     -0.04720      0.18571      0.00000      0.00000
     -0.03720      0.14601      0.00000      0.00000
     -0.02720      0.12697      0.00000      0.00000
     -0.01720      0.10566      0.00000      0.00000
     -0.00720      0.04318      0.00000      0.00000
      0.00280      0.00704      0.00000      0.00000
      0.01280      0.00044      0.00000      0.00000
      0.02280      0.00001      0.00000      0.00000
      0.03280      0.00000      0.00000      0.00000
      0.04280      0.00000      0.00000      0.00000
      0.05280      0.00000      0.00000      0.00000
      0.06280      0.00000      0.00000      0.00000
      0.07280      0.00000      0.00000      0.00000
      0.08280      0.00000      0.00000      0.00000
      0.09280      0.00000      0.00000      0.00000
      0.10280      0.00000      0.00000      0.00000
      0.11280      0.00000      0.00000      0.00000
      0.12280      0.00000      0.00000      0.00000
      0.13280      0.00000      0.00000      0.00000
      0.14280      0.00000      0.00000      0.00000
      0.15280      0.00000      0.00000      0.00000
      0.16280      0.00000      0.00000      0.00000
      0.17280      0.00000      0.00000      0.00000
      0.18280      0.00000      0.00000      0.00000
      0.19280      0.00008      0.00000      0.00000
      0.20280      0.00196      0.00000      0.00000
      0.21280      0.01898      0.00000      0.00000
      0.22280      0.07401      0.00000      0.00000
      0.23280      0.12921      0.00000      0.00000
      0.24280      0.11156      0.00000      0.00000
      0.25280      0.04620      0.00000      0.00000
      0.26280      0.00982      0.00000      0.00000
      0.27280      0.01732      0.00000      0.00000
      0.28280      0.06467      0.00000      0.00000
      0.29280      0.11292      0.00000      0.00000
      0.30280      0.11256      0.00000      0.00000
      0.31280      0.06389      0.00000      0.00000
      0.32280      0.01637      0.00000      0.00000
      0.33280      0.00166      0.00000      0.00000
      0.34280      0.00066      0.00000      0.00000
      0.35280      0.00878      0.00000      0.00000
      0.36280      0.05066      0.00000      0.00000
      0.37280      0.12578      0.00000      0.00000
      0.38280      0.16131      0.00000      0.00000
      0.39280      0.15441      0.00000      0.00000
      0.40280      0.15558      0.00000      0.00000
      0.41280      0.18649      0.00000      0.00000
      0.42280      0.25417      0.00000      0.00000
      0.43280      0.25695      0.00000      0.00000
      0.44280      0.20128      0.00000      0.00000
      0.45280      0.18172      0.00000      0.00000
      0.46280      0.16371      0.00000      0.00000
      0.47280      0.15686      0.00000      0.00000
      0.48280      0.16542      0.00000      0.00000
      0.49280      0.09935      0.00000      0.00000
      0.50280      0.04888      0.00000      0.00000
      0.51280      0.07619      0.00000      0.00000
      0.52280      0.10716      0.00000      0.00000
      0.53280      0.15277      0.00000      0.00000
      0.54280      0.18264      0.00000      0.00000
      0.55280      0.16878      0.00000      0.00000
      0.56280      0.16342      0.00000      0.00000
      0.57280      0.14217      0.00000      0.00000
      0.58280      0.14431      0.00000      0.00000
      0.59280      0.15596      0.00000      0.00000
      0.60280      0.14840      0.00000      0.00000
      0.61280      0.15662      0.00000      0.00000
      0.62280      0.24902      0.00000      0.00000
      0.63280      0.33141      0.00000      0.00000
      0.64280      0.29601      0.00000      0.00000
      0.65280      0.18420      0.00000      0.00000
      0.66280      0.13884      0.00000      0.00000
      0.67280      0.24721      0.00000      0.00000
      0.68280      0.35230      0.00000      0.00000
      0.69280      0.43172      0.00000      0.00000
      0.70280      0.42116      0.00000      0.00000
      0.71280      0.34146      0.00000      0.00000
      0.72280      0.39265      0.00000      0.00000
      0.73280      0.35924      0.00000      0.00000
      0.74280      0.28160      0.00000      0.00000
      0.75280      0.36076      0.00000      0.00000
      0.76280      0.42502      0.00000      0.00000
      0.77280      0.48628      0.00000      0.00000
      0.78280      0.48120      0.00000      0.00000
      0.79280      0.38760      0.00000      0.00000
      0.80280      0.30799      0.00000      0.00000
      0.81280      0.25914      0.00000      0.00000
      0.82280      0.23588      0.00000      0.00000
      0.83280      0.22375      0.00000      0.00000
      0.84280      0.32140      0.00000      0.00000
      0.85280      0.42299      0.00000      0.00000
      0.86280      0.33306      0.00000      0.00000
      0.87280      0.26122      0.00000      0.00000
      0.88280      0.30513      0.00000      0.00000
      0.89280      0.40735      0.00000      0.00000
      0.90280      0.47843      0.00000      0.00000
      0.91280      0.50181      0.00000      0.00000
      0.92280      0.58065      0.00000      0.00000
      0.93280      0.67582      0.00000      0.00000
      0.94280      0.55493      0.00000      0.00000
      0.95280      0.42094      0.00000      0.00000
      0.96280      0.53445      0.00000      0.00000
      0.97280      0.66039      0.00000      0.00000
      0.98280      0.68872      0.00000      0.00000
      0.99280      0.71295      0.00000      0.00000
      1.00280      0.69237      0.00000      0.00000
      1.01280      0.57065      0.00000      0.00000
      1.02280      0.43930      0.00000      0.00000
      1.03280      0.41143      0.00000      0.00000
      1.04280      0.49679      0.00000      0.00000
      1.05280      0.63429      0.00000      0.00000
      1.06280      0.75720      0.00000      0.00000
      1.07280      0.83205      0.00000      0.00000
      1.08280      0.78067      0.00000      0.00000
      1.09280      0.67594      0.00000      0.00000
      1.10280      0.64795      0.00000      0.00000
      1.11280      0.69650      0.00000      0.00000
      1.12280      0.69214      0.00000      0.00000
      1.13280      0.62738      0.00000      0.00000
      1.14280      0.76501      0.00000      0.00000
      1.15280      1.02565      0.00000      0.00000
      1.16280      0.96341      0.00000      0.00000
      1.17280      0.83692      0.00000      0.00000
      1.18280      0.92977      0.00000      0.00000
      1.19280      0.92789      0.00000      0.00000
      1.20280      0.81309      0.00000      0.00000
      1.21280      0.75396      0.00000      0.00000
      1.22280      0.63786      0.00000      0.00000
      1.23280      0.49493      0.00000      0.00000
      1.24280      0.58675      0.00000      0.00000
      1.25280      0.81404      0.00000      0.00000
      1.26280      1.01517      0.00000      0.00000
      1.27280      1.08597      0.00000      0.00000
      1.28280      1.11043      0.00000      0.00000
      1.29280      1.36517      0.00000      0.00000
      1.30280      1.57835      0.00000      0.00000
      1.31280      1.60992      0.00000      0.00000
      1.32280      1.47335      0.00000      0.00000
      1.33280      1.12175      0.00000      0.00000
      1.34280      1.04209      0.00000      0.00000
      1.35280      1.27154      0.00000      0.00000
      1.36280      1.46687      0.00000      0.00000
      1.37280      1.69794      0.00000      0.00000
      1.38280      1.94290      0.00000      0.00000
      1.39280      2.08232      0.00000      0.00000
      1.40280      2.22131      0.00000      0.00000
      1.41280      2.37976      0.00000      0.00000
      1.42280      2.43541      0.00000      0.00000
      1.43280      2.35065      0.00000      0.00000
      1.44280      1.95736      0.00000      0.00000
      1.45280      1.67082      0.00000      0.00000
      1.46280      1.93398      0.00000      0.00000
      1.47280      2.32830      0.00000      0.00000
      1.48280      2.43730      0.00000      0.00000
      1.49280      2.40387      0.00000      0.00000
      1.50280      2.82836      0.00000      0.00000
      1.51280      3.33842      0.00000      0.00000
      1.52280      3.27782      0.00000      0.00000
      1.53280      2.98603      0.00000      0.00000
      1.54280      2.96103      0.00000      0.00000
      1.55280      3.15019      0.00000      0.00000
      1.56280      3.06054      0.00000      0.00000
      1.57280      3.03627      0.00000      0.00000
      1.58280      3.27056      0.00000      0.00000
      1.59280      3.69577      0.00000      0.00000
      1.60280      3.81396      0.00000      0.00000
      1.61280      3.55699      0.00000      0.00000
      1.62280      3.60586      0.00000      0.00000
      1.63280      3.82390      0.00000      0.00000
      1.64280      4.39665      0.00000      0.00000
      1.65280      5.16549      0.00000      0.00000
      1.66280      5.21075      0.00000      0.00000
      1.67280      4.59625      0.00000      0.00000
      1.68280      4.06790      0.00000      0.00000
      1.69280      3.88112      0.00000      0.00000
      1.70280      3.69923      0.00000      0.00000
      1.71280      3.67660      0.00000      0.00000
      1.72280      3.90925      0.00000      0.00000
      1.73280      3.95157      0.00000      0.00000
      1.74280      3.95344      0.00000      0.00000
      1.75280      3.95284      0.00000      0.00000
      1.76280      3.73484      0.00000      0.00000
      1.77280      3.51105      0.00000      0.00000
      1.78280      3.43612      0.00000      0.00000
      1.79280      3.33760      0.00000      0.00000
      1.80280      3.42731      0.00000      0.00000
      1.81280      3.63219      0.00000      0.00000
      1.82280      3.66011      0.00000      0.00000
      1.83280      3.68675      0.00000      0.00000
      1.84280      3.76457      0.00000      0.00000
      1.85280      3.84309      0.00000      0.00000
      1.86280      3.50450      0.00000      0.00000
      1.87280      2.91872      0.00000      0.00000
      1.88280      2.46682      0.00000      0.00000
      1.89280      2.10590      0.00000      0.00000
      1.90280      2.07425      0.00000      0.00000
      1.91280      2.27834      0.00000      0.00000
      1.92280      2.37639      0.00000      0.00000
      1.93280      2.06956      0.00000      0.00000
      1.94280      1.84130      0.00000      0.00000
      1.95280      2.06062      0.00000      0.00000
      1.96280      2.34416      0.00000      0.00000
      1.97280      2.56873      0.00000      0.00000
      1.98280      2.39824      0.00000      0.00000
      1.99280      1.93516      0.00000      0.00000
      2.00280      1.87564      0.00000      0.00000
      2.01280      2.29902      0.00000      0.00000
      2.02280      2.63635      0.00000      0.00000
      2.03280      2.42937      0.00000      0.00000
      2.04280      2.03092      0.00000      0.00000
      2.05280      1.85904      0.00000      0.00000
      2.06280      1.71919      0.00000      0.00000
      2.07280      1.62338      0.00000      0.00000
      2.08280      1.61595      0.00000      0.00000
      2.09280      1.50320      0.00000      0.00000
      2.10280      1.24639      0.00000      0.00000
      2.11280      1.09614      0.00000      0.00000
      2.12280      1.04734      0.00000      0.00000
      2.13280      1.18888      0.00000      0.00000
      2.14280      1.86496      0.00000      0.00000
      2.15280      2.45409      0.00000      0.00000
      2.16280      2.11360      0.00000      0.00000
      2.17280      1.60477      0.00000      0.00000
      2.18280      1.38604      0.00000      0.00000
      2.19280      1.26573      0.00000      0.00000
      2.20280      1.09146      0.00000      0.00000
      2.21280      1.15179      0.00000      0.00000
      2.22280      1.63349      0.00000      0.00000
      2.23280      2.06020      0.00000      0.00000
      2.24280      1.96933      0.00000      0.00000
      2.25280      1.60047      0.00000      0.00000
      2.26280      1.60663      0.00000      0.00000
      2.27280      1.98756      0.00000      0.00000
      2.28280      2.24216      0.00000      0.00000
      2.29280      2.27117      0.00000      0.00000
      2.30280      2.18948      0.00000      0.00000
      2.31280      1.91899      0.00000      0.00000
      2.32280      1.68957      0.00000      0.00000
      2.33280      1.60922      0.00000      0.00000
      2.34280      1.72310      0.00000      0.00000
      2.35280      1.84555      0.00000      0.00000
      2.36280      1.68970      0.00000      0.00000
      2.37280      1.40550      0.00000      0.00000
      2.38280      1.38714      0.00000      0.00000
      2.39280      1.56553      0.00000      0.00000
      2.40280      1.74763      0.00000      0.00000
      2.41280      1.73056      0.00000      0.00000
      2.42280      1.66403      0.00000      0.00000
      2.43280      1.82707      0.00000      0.00000
      2.44280      1.83606      0.00000      0.00000
      2.45280      1.61361      0.00000      0.00000
      2.46280      1.39209      0.00000      0.00000
      2.47280      1.36592      0.00000      0.00000
      2.48280      1.73530      0.00000      0.00000
      2.49280      1.94798      0.00000      0.00000
      2.50280      1.76980      0.00000      0.00000
      2.51280      1.87524      0.00000      0.00000
      2.52280      2.10239      0.00000      0.00000
      2.53280      2.32466      0.00000      0.00000
      2.54280      2.72093      0.00000      0.00000
      2.55280      2.96718      0.00000      0.00000
      2.56280      2.96357      0.00000      0.00000
      2.57280      2.45901      0.00000      0.00000
      2.58280      2.02192      0.00000      0.00000
      2.59280      2.05831      0.00000      0.00000
      2.60280      2.23565      0.00000      0.00000
      2.61280      2.27212      0.00000      0.00000
      2.62280      2.17042      0.00000      0.00000
      2.63280      2.10765      0.00000      0.00000
      2.64280      2.30239      0.00000      0.00000
      2.65280      2.45659      0.00000      0.00000
      2.66280      2.77177      0.00000      0.00000
      2.67280      3.22820      0.00000      0.00000
      2.68280      3.54206      0.00000      0.00000
      2.69280      3.65927      0.00000      0.00000
      2.70280      3.37268      0.00000      0.00000
      2.71280      3.18551      0.00000      0.00000
      2.72280      3.06300      0.00000      0.00000
      2.73280      2.73128      0.00000      0.00000
      2.74280      2.63317      0.00000      0.00000
      2.75280      2.70680      0.00000      0.00000
      2.76280      2.44779      0.00000      0.00000
      2.77280      1.71660      0.00000      0.00000
      2.78280      1.21537      0.00000      0.00000
      2.79280      1.36426      0.00000      0.00000
      2.80280      1.56548      0.00000      0.00000
      2.81280      1.43830      0.00000      0.00000
      2.82280      1.20440      0.00000      0.00000
      2.83280      1.05505      0.00000      0.00000
      2.84280      1.09937      0.00000      0.00000
      2.85280      1.13014      0.00000      0.00000
      2.86280      1.08238      0.00000      0.00000
      2.87280      1.14408      0.00000      0.00000
      2.88280      1.26152      0.00000      0.00000
      2.89280      1.24378      0.00000      0.00000
      2.90280      1.04415      0.00000      0.00000
      2.91280      0.84636      0.00000      0.00000
      2.92280      0.74916      0.00000      0.00000
      2.93280      0.74387      0.00000      0.00000
      2.94280      0.86698      0.00000      0.00000
      2.95280      1.05467      0.00000      0.00000
      2.96280      1.06379      0.00000      0.00000
      2.97280      0.85224      0.00000      0.00000
      2.98280      0.61090      0.00000      0.00000
      2.99280      0.53831      0.00000      0.00000
      3.00280      0.65518      0.00000      0.00000
      3.01280      0.74092      0.00000      0.00000
      3.02280      0.73929      0.00000      0.00000
      3.03280      0.71920      0.00000      0.00000
      3.04280      0.65166      0.00000      0.00000
      3.05280      0.61924      0.00000      0.00000
      3.06280      0.58910      0.00000      0.00000
      3.07280      0.56073      0.00000      0.00000
      3.08280      0.57622      0.00000      0.00000
      3.09280      0.58718      0.00000      0.00000
      3.10280      0.45664      0.00000      0.00000
      3.11280      0.30987      0.00000      0.00000
      3.12280      0.24906      0.00000      0.00000
      3.13280      0.29477      0.00000      0.00000
      3.14280      0.38350      0.00000      0.00000
      3.15280      0.41481      0.00000      0.00000
      3.16280      0.33337      0.00000      0.00000
      3.17280      0.31524      0.00000      0.00000
      3.18280      0.38677      0.00000      0.00000
      3.19280      0.45081      0.00000      0.00000
      3.20280      0.59964      0.00000      0.00000
      3.21280      0.78839      0.00000      0.00000
      3.22280      0.86221      0.00000      0.00000
      3.23280      0.85051      0.00000      0.00000
      3.24280      0.81092      0.00000      0.00000
      3.25280      0.74360      0.00000      0.00000
      3.26280      0.71208      0.00000      0.00000
      3.27280      0.60568      0.00000      0.00000
      3.28280      0.49194      0.00000      0.00000
      3.29280      0.36635      0.00000      0.00000
      3.30280      0.28917      0.00000      0.00000
      3.31280      0.41280      0.00000      0.00000
      3.32280      0.56598      0.00000      0.00000
      3.33280      0.48647      0.00000      0.00000
      3.34280      0.36588      0.00000      0.00000
      3.35280      0.44042      0.00000      0.00000
      3.36280      0.60706      0.00000      0.00000
      3.37280      0.72159      0.00000      0.00000
      3.38280      0.71148      0.00000      0.00000
      3.39280      0.66795      0.00000      0.00000
      3.40280      0.67957      0.00000      0.00000
      3.41280      0.61582      0.00000      0.00000
      3.42280      0.48029      0.00000      0.00000
      3.43280      0.43677      0.00000      0.00000
      3.44280      0.43515      0.00000      0.00000
      3.45280      0.56174      0.00000      0.00000
      3.46280      0.70901      0.00000      0.00000
      3.47280      0.59922      0.00000      0.00000
      3.48280      0.47180      0.00000      0.00000
      3.49280      0.46837      0.00000      0.00000
      3.50280      0.50838      0.00000      0.00000
      3.51280      0.54698      0.00000      0.00000
      3.52280      0.62505      0.00000      0.00000
      3.53280      0.59818      0.00000      0.00000
      3.54280      0.36174      0.00000      0.00000
      3.55280      0.26482      0.00000      0.00000
      3.56280      0.39847      0.00000      0.00000
      3.57280      0.48464      0.00000      0.00000
      3.58280      0.43070      0.00000      0.00000
      3.59280      0.29027      0.00000      0.00000
      3.60280      0.20397      0.00000      0.00000
      3.61280      0.28762      0.00000      0.00000
      3.62280      0.46048      0.00000      0.00000
      3.63280      0.56459      0.00000      0.00000
      3.64280      0.64936      0.00000      0.00000
      3.65280      0.76260      0.00000      0.00000
      3.66280      0.76920      0.00000      0.00000
      3.67280      0.72535      0.00000      0.00000
      3.68280      0.77315      0.00000      0.00000
      3.69280      0.76653      0.00000      0.00000
      3.70280      0.76688      0.00000      0.00000
      3.71280      0.83618      0.00000      0.00000
      3.72280      0.76442      0.00000      0.00000
      3.73280      0.70421      0.00000      0.00000
      3.74280      0.73896      0.00000      0.00000
      3.75280      0.75636      0.00000      0.00000
      3.76280      0.86156      0.00000      0.00000
      3.77280      0.89684      0.00000      0.00000
      3.78280      0.74758      0.00000      0.00000
      3.79280      0.60079      0.00000      0.00000
      3.80280      0.69015      0.00000      0.00000
      3.81280      0.81254      0.00000      0.00000
      3.82280      0.77900      0.00000      0.00000
      3.83280      0.63804      0.00000      0.00000
      3.84280      0.56968      0.00000      0.00000
      3.85280      0.48101      0.00000      0.00000
      3.86280      0.48277      0.00000      0.00000
      3.87280      0.62951      0.00000      0.00000
      3.88280      0.68421      0.00000      0.00000
      3.89280      0.76665      0.00000      0.00000
      3.90280      0.97948      0.00000      0.00000
      3.91280      1.21955      0.00000      0.00000
      3.92280      1.18413      0.00000      0.00000
      3.93280      0.93885      0.00000      0.00000
      3.94280      0.69975      0.00000      0.00000
      3.95280      0.59902      0.00000      0.00000
      3.96280      0.66378      0.00000      0.00000
      3.97280      0.70762      0.00000      0.00000
      3.98280      0.61372      0.00000      0.00000
      3.99280      0.61815      0.00000      0.00000
      4.00280      0.87277      0.00000      0.00000
      4.01280      1.03241      0.00000      0.00000
      4.02280      0.89776      0.00000      0.00000
      4.03280      0.74637      0.00000      0.00000
      4.04280      0.75896      0.00000      0.00000
      4.05280      0.82580      0.00000      0.00000
      4.06280      0.85030      0.00000      0.00000
      4.07280      0.88430      0.00000      0.00000
      4.08280      0.91360      0.00000      0.00000
      4.09280      0.86347      0.00000      0.00000
      4.10280      0.83136      0.00000      0.00000
      4.11280      0.88686      0.00000      0.00000
      4.12280      1.14655      0.00000      0.00000
      4.13280      1.52811      0.00000      0.00000
      4.14280      1.67879      0.00000      0.00000
      4.15280      1.43696      0.00000      0.00000
      4.16280      1.09265      0.00000      0.00000
      4.17280      0.95276      0.00000      0.00000
      4.18280      0.91694      0.00000      0.00000
      4.19280      0.85840      0.00000      0.00000
      4.20280      0.82697      0.00000      0.00000
      4.21280      0.81680      0.00000      0.00000
      4.22280      0.67761      0.00000      0.00000
      4.23280      0.69814      0.00000      0.00000
      4.24280      0.94990      0.00000      0.00000
      4.25280      1.20561      0.00000      0.00000
      4.26280      1.41155      0.00000      0.00000
      4.27280      1.30974      0.00000      0.00000
      4.28280      1.06396      0.00000      0.00000
      4.29280      1.00864      0.00000      0.00000
      4.30280      0.92568      0.00000      0.00000
      4.31280      0.78776      0.00000      0.00000
      4.32280      0.76948      0.00000      0.00000
      4.33280      0.88062      0.00000      0.00000
      4.34280      1.11382      0.00000      0.00000
      4.35280      1.46020      0.00000      0.00000
      4.36280      1.70622      0.00000      0.00000
      4.37280      1.76848      0.00000      0.00000
      4.38280      1.80665      0.00000      0.00000
      4.39280      1.89474      0.00000      0.00000
      4.40280      1.85554      0.00000      0.00000
      4.41280      2.00156      0.00000      0.00000
      4.42280      2.43654      0.00000      0.00000
      4.43280      2.67577      0.00000      0.00000
      4.44280      2.67093      0.00000      0.00000
      4.45280      2.69068      0.00000      0.00000
      4.46280      2.75727      0.00000      0.00000
      4.47280      2.71102      0.00000      0.00000
      4.48280      2.41424      0.00000      0.00000
      4.49280      2.11154      0.00000      0.00000
      4.50280      1.88311      0.00000      0.00000
      4.51280      1.65339      0.00000      0.00000
      4.52280      1.58389      0.00000      0.00000
      4.53280      1.78152      0.00000      0.00000
      4.54280      2.29606      0.00000      0.00000
      4.55280      2.64595      0.00000      0.00000
      4.56280      2.42854      0.00000      0.00000
      4.57280      2.05252      0.00000      0.00000
      4.58280      1.84019      0.00000      0.00000
      4.59280      1.87321      0.00000      0.00000
      4.60280      2.21233      0.00000      0.00000
      4.61280      2.51695      0.00000      0.00000
      4.62280      2.53749      0.00000      0.00000
      4.63280      2.66645      0.00000      0.00000
      4.64280      2.73224      0.00000      0.00000
      4.65280      2.36666      0.00000      0.00000
      4.66280      2.11395      0.00000      0.00000
      4.67280      2.26726      0.00000      0.00000
      4.68280      2.57297      0.00000      0.00000
      4.69280      2.96393      0.00000      0.00000
      4.70280      3.24403      0.00000      0.00000
      4.71280      3.22229      0.00000      0.00000
      4.72280      3.32488      0.00000      0.00000
      4.73280      3.43790      0.00000      0.00000
      4.74280      3.27182      0.00000      0.00000
      4.75280      3.26784      0.00000      0.00000
      4.76280      3.33824      0.00000      0.00000
      4.77280      3.29399      0.00000      0.00000
      4.78280      3.29105      0.00000      0.00000
      4.79280      3.64671      0.00000      0.00000
      4.80280      4.02058      0.00000      0.00000
      4.81280      3.73992      0.00000      0.00000
      4.82280      3.40500      0.00000      0.00000
      4.83280      3.54133      0.00000      0.00000
      4.84280      3.95422      0.00000      0.00000
      4.85280      3.96595      0.00000      0.00000
      4.86280      3.64607      0.00000      0.00000
      4.87280      3.76206      0.00000      0.00000
      4.88280      3.81810      0.00000      0.00000
      4.89280      3.46995      0.00000      0.00000
      4.90280      3.34277      0.00000      0.00000
      4.91280      3.61044      0.00000      0.00000
      4.92280      3.95736      0.00000      0.00000
      4.93280      4.11333      0.00000      0.00000
      4.94280      3.97087      0.00000      0.00000
      4.95280      3.62845      0.00000      0.00000
      4.96280      3.58218      0.00000      0.00000
      4.97280      3.65653      0.00000      0.00000
      4.98280      3.53020      0.00000      0.00000
      4.99280      3.39702      0.00000      0.00000
      5.00280      3.28264      0.00000      0.00000
      5.01280      3.13361      0.00000      0.00000
      5.02280      3.13052      0.00000      0.00000
      5.03280      3.34988      0.00000      0.00000
      5.04280      3.52011      0.00000      0.00000
      5.05280      3.39985      0.00000      0.00000
      5.06280      3.05417      0.00000      0.00000
      5.07280      2.97045      0.00000      0.00000
      5.08280      3.03725      0.00000      0.00000
      5.09280      2.98264      0.00000      0.00000
      5.10280      2.93281      0.00000      0.00000
      5.11280      3.06088      0.00000      0.00000
      5.12280      3.30312      0.00000      0.00000
      5.13280      3.23466      0.00000      0.00000
      5.14280      3.03707      0.00000      0.00000
      5.15280      2.99496      0.00000      0.00000
      5.16280      2.90009      0.00000      0.00000
      5.17280      2.73748      0.00000      0.00000
      5.18280      2.47181      0.00000      0.00000
