Energy-E_F (eV)    DOS (1/eV)    PDOS (1/eV)  of atom type Al As 
    -78.04144      0.63539      0.32775      0.30765
    -78.03144      0.53899      0.28058      0.25841
    -78.02144      0.73057      0.37158      0.35898
    -78.01144      0.84647      0.44137      0.40510
    -78.00144      0.77025      0.41177      0.35849
    -77.99144      0.68597      0.36303      0.32294
    -77.98144      0.75933      0.39046      0.36887
    -77.97144      0.77600      0.38415      0.39184
    -77.96144      0.74662      0.37099      0.37563
    -77.95144      0.84203      0.42458      0.41745
    -77.94144      0.78015      0.39044      0.38971
    -77.93144      0.50904      0.24817      0.26087
    -77.92144      0.41740      0.21067      0.20673
    -77.91144      0.51894      0.27637      0.24256
    -77.90144      0.66394      0.32781      0.33613
    -77.89144      0.80317      0.38048      0.42270
    -77.88144      0.77912      0.39837      0.38076
    -77.87144      0.59071      0.33119      0.25952
    -77.86144      0.52078      0.29439      0.22639
    -77.85144      0.56943      0.30864      0.26080
    -77.84144      0.54755      0.28298      0.26457
    -77.83144      0.46092      0.22390      0.23701
    -77.82144      0.43303      0.21246      0.22057
    -77.81144      0.39814      0.20327      0.19487
    -77.80144      0.35391      0.18635      0.16756
    -77.79144      0.34933      0.18191      0.16742
    -77.78144      0.37911      0.19869      0.18041
    -77.77144      0.39770      0.21574      0.18196
    -77.76144      0.33268      0.18073      0.15195
    -77.75144      0.40139      0.21911      0.18228
    -77.74144      0.67631      0.35477      0.32153
    -77.73144      0.73138      0.36541      0.36597
    -77.72144      0.60041      0.29102      0.30939
    -77.71144      0.54937      0.25782      0.29155
    -77.70144      0.57493      0.26263      0.31231
    -77.69144      0.72265      0.33065      0.39200
    -77.68144      0.88553      0.40558      0.47995
    -77.67144      0.96020      0.46941      0.49080
    -77.66144      0.85854      0.44698      0.41156
    -77.65144      0.60192      0.31510      0.28682
    -77.64144      0.50073      0.26181      0.23891
    -77.63144      0.55144      0.29055      0.26089
    -77.62144      0.67176      0.35133      0.32043
    -77.61144      0.83569      0.43156      0.40414
    -77.60144      0.81031      0.39695      0.41336
    -77.59144      0.67490      0.30405      0.37084
    -77.58144      0.63051      0.28888      0.34163
    -77.57144      0.68540      0.34308      0.34232
    -77.56144      0.73578      0.39108      0.34470
    -77.55144      0.76292      0.40683      0.35609
    -77.54144      0.90034      0.46956      0.43078
    -77.53144      0.90221      0.47767      0.42454
    -77.52144      0.73692      0.39561      0.34131
    -77.51144      0.77563      0.38481      0.39082
    -77.50144      0.88545      0.40369      0.48176
    -77.49144      0.96755      0.44066      0.52689
    -77.48144      0.94857      0.45569      0.49288
    -77.47144      1.03340      0.53407      0.49933
    -77.46144      1.28395      0.70019      0.58376
    -77.45144      1.12165      0.62240      0.49925
    -77.44144      0.60534      0.32997      0.27537
    -77.43144      0.42795      0.21473      0.21321
    -77.42144      0.59594      0.29668      0.29927
    -77.41144      0.69889      0.34419      0.35470
    -77.40144      0.73048      0.34980      0.38068
    -77.39144      0.84481      0.40501      0.43980
    -77.38144      0.79441      0.37288      0.42153
    -77.37144      0.48325      0.21045      0.27280
    -77.36144      0.33785      0.13773      0.20012
    -77.35144      0.38200      0.16723      0.21477
    -77.34144      0.48476      0.23262      0.25214
    -77.33144      0.58530      0.30561      0.27969
    -77.32144      0.63377      0.36498      0.26879
    -77.31144      0.58780      0.35335      0.23446
    -77.30144      0.56760      0.32617      0.24142
    -77.29144      0.72688      0.40322      0.32366
    -77.28144      0.71766      0.39822      0.31944
    -77.27144      0.50381      0.26163      0.24218
    -77.26144      0.52251      0.26305      0.25946
    -77.25144      0.65019      0.35238      0.29781
    -77.24144      0.64630      0.35282      0.29348
    -77.23144      0.67570      0.34364      0.33206
    -77.22144      0.68064      0.33146      0.34918
    -77.21144      0.60426      0.29631      0.30796
    -77.20144      0.55450      0.27346      0.28104
    -77.19144      0.55292      0.28367      0.26925
    -77.18144      0.54438      0.29256      0.25182
    -77.17144      0.51018      0.28324      0.22694
    -77.16144      0.58688      0.33660      0.25028
    -77.15144      0.65447      0.36768      0.28679
    -77.14144      0.58003      0.29441      0.28562
    -77.13144      0.44960      0.20458      0.24502
    -77.12144      0.38175      0.16502      0.21672
    -77.11144      0.46100      0.19258      0.26842
    -77.10144      0.54105      0.23486      0.30619
    -77.09144      0.53547      0.25393      0.28153
    -77.08144      0.55753      0.30085      0.25669
    -77.07144      0.62132      0.35413      0.26720
    -77.06144      0.64465      0.34651      0.29814
    -77.05144      0.52084      0.24240      0.27844
    -77.04144      0.30862      0.12442      0.18419
    -77.03144      0.19251      0.09280      0.09971
    -77.02144      0.29255      0.16783      0.12472
    -77.01144      0.51239      0.28094      0.23145
    -77.00144      0.66060      0.33783      0.32277
    -76.99144      0.76267      0.38957      0.37309
    -76.98144      0.79193      0.40650      0.38543
    -76.97144      0.61382      0.30218      0.31164
    -76.96144      0.51497      0.24616      0.26881
    -76.95144      0.53119      0.25675      0.27444
    -76.94144      0.60182      0.29030      0.31152
    -76.93144      0.71684      0.34901      0.36783
    -76.92144      0.77975      0.38375      0.39600
    -76.91144      0.74236      0.36814      0.37421
    -76.90144      0.66318      0.33528      0.32791
    -76.89144      0.70917      0.36035      0.34884
    -76.88144      0.89928      0.44595      0.45358
    -76.87144      0.98315      0.48318      0.50134
    -76.86144      0.95551      0.45087      0.50737
    -76.85144      1.04224      0.50863      0.53561
    -76.84144      1.17303      0.62520      0.54837
    -76.83144      1.10208      0.61843      0.48371
    -76.82144      0.75333      0.43824      0.31509
    -76.81144      0.52104      0.28973      0.23131
    -76.80144      0.60254      0.29563      0.30694
    -76.79144      0.77803      0.37558      0.40293
    -76.78144      0.87359      0.41552      0.46121
    -76.77144      0.95542      0.43855      0.52433
    -76.76144      1.03846      0.48154      0.56345
    -76.75144      1.08487      0.51740      0.56957
    -76.74144      0.90672      0.44137      0.46560
    -76.73144      0.73930      0.37334      0.36597
    -76.72144      0.80155      0.39667      0.40487
    -76.71144      0.84160      0.41257      0.42902
    -76.70144      0.88556      0.46533      0.42023
    -76.69144      0.99149      0.54886      0.44263
    -76.68144      0.85468      0.46920      0.38548
    -76.67144      0.52211      0.26504      0.25707
    -76.66144      0.39072      0.17355      0.21718
    -76.65144      0.48119      0.21769      0.26351
    -76.64144      0.56738      0.26816      0.29922
    -76.63144      0.54300      0.27449      0.26853
    -76.62144      0.41765      0.22809      0.19003
    -76.61144      0.44844      0.23778      0.21550
    -76.60144      0.75004      0.37556      0.39319
    -76.59144      0.80822      0.39782      0.43701
    -76.58144      0.66129      0.32538      0.34982
    -76.57144      0.67221      0.30999      0.36490
    -76.56144      0.77717      0.34975      0.42760
    -76.55144      0.75814      0.37783      0.38031
    -76.54144      0.71934      0.39392      0.32542
    -76.53144      0.64937      0.35330      0.29607
    -76.52144      0.46979      0.26372      0.20607
    -76.51144      0.51988      0.31823      0.20165
    -76.50144      0.73983      0.45321      0.28662
    -76.49144      0.77865      0.46753      0.31114
    -76.48144      0.62786      0.35767      0.27059
    -76.47144      0.51916      0.26569      0.25642
    -76.46144      0.54473      0.25758      0.29515
    -76.45144      0.66845      0.34028      0.33617
    -76.44144      0.74960      0.39664      0.35589
    -76.43144      0.78143      0.41507      0.36676
    -76.42144      0.82476      0.46532      0.35947
    -76.41144      0.82807      0.49708      0.33099
    -76.40144      0.81030      0.49082      0.31948
    -76.39144      0.81103      0.47834      0.33269
    -76.38144      0.65637      0.36567      0.29070
    -76.37144      0.41356      0.21543      0.19813
    -76.36144      0.25592      0.13858      0.11734
    -76.35144      0.19279      0.10715      0.08564
    -76.34144      0.31057      0.16870      0.14187
    -76.33144      0.54532      0.29917      0.24615
    -76.32144      0.84294      0.45131      0.39163
    -76.31144      1.11120      0.59465      0.51655
    -76.30144      1.12195      0.62240      0.49955
    -76.29144      1.03805      0.56655      0.47150
    -76.28144      0.98562      0.50118      0.48444
    -76.27144      0.88455      0.43988      0.44467
    -76.26144      0.78398      0.39994      0.38404
    -76.25144      0.64447      0.33874      0.30572
    -76.24144      0.62925      0.34539      0.28386
    -76.23144      0.80982      0.45225      0.35757
    -76.22144      1.01593      0.54477      0.47117
    -76.21144      0.88321      0.44883      0.43438
    -76.20144      0.57863      0.28958      0.28906
    -76.19144      0.42683      0.22334      0.20350
    -76.18144      0.42246      0.22604      0.19642
    -76.17144      0.43342      0.22708      0.20634
    -76.16144      0.37647      0.17692      0.19955
    -76.15144      0.34303      0.14507      0.19797
    -76.14144      0.46252      0.21007      0.25245
    -76.13144      0.61600      0.30991      0.30609
    -76.12144      0.56927      0.30532      0.26395
    -76.11144      0.47840      0.25760      0.22079
    -76.10144      0.46951      0.25344      0.21607
    -76.09144      0.51571      0.28554      0.23018
    -76.08144      0.63816      0.34713      0.29103
    -76.07144      0.71944      0.39012      0.32933
    -76.06144      0.63410      0.35983      0.27426
    -76.05144      0.55816      0.33441      0.22375
    -76.04144      0.55216      0.32370      0.22846
    -76.03144      0.48864      0.27436      0.21428
    -76.02144      0.49008      0.28977      0.20031
    -76.01144      0.60710      0.37012      0.23698
    -76.00144      0.65171      0.37798      0.27374
    -75.99144      0.80908      0.43330      0.37578
    -75.98144      1.07866      0.55335      0.52531
    -75.97144      1.08885      0.54532      0.54353
    -75.96144      0.80817      0.39219      0.41598
    -75.95144      0.57960      0.25871      0.32089
    -75.94144      0.48387      0.21557      0.26831
    -75.93144      0.56230      0.29490      0.26740
    -75.92144      0.70842      0.39884      0.30958
    -75.91144      0.66121      0.35607      0.30515
    -75.90144      0.64602      0.30106      0.34496
    -75.89144      0.79438      0.35286      0.44152
    -75.88144      0.87908      0.40309      0.47599
    -75.87144      0.92767      0.45017      0.47750
    -75.86144      0.89475      0.46870      0.42605
    -75.85144      0.81299      0.44783      0.36516
    -75.84144      0.73689      0.40671      0.33019
    -75.83144      0.57664      0.30422      0.27242
    -75.82144      0.56958      0.27959      0.28999
    -75.81144      0.65471      0.31011      0.34460
    -75.80144      0.49449      0.22572      0.26877
    -75.79144      0.27303      0.13013      0.14290
    -75.78144      0.30301      0.17285      0.13017
    -75.77144      0.57886      0.33477      0.24445
    -75.76144      0.86277      0.47049      0.39566
    -75.75144      0.94736      0.46835      0.49068
    -75.74144      0.81613      0.38214      0.44882
    -75.73144      0.69625      0.34162      0.36155
    -75.72144      0.70279      0.34509      0.35889
    -75.71144      0.67141      0.33748      0.33400
    -75.70144      0.63540      0.34029      0.29511
    -75.69144      0.66403      0.35879      0.30524
    -75.68144      0.67880      0.35527      0.32352
    -75.67144      0.62957      0.32225      0.30732
    -75.66144      0.56727      0.29521      0.27206
    -75.65144      0.53542      0.27958      0.25584
    -75.64144      0.55359      0.26610      0.28749
    -75.63144      0.51572      0.22787      0.28785
    -75.62144      0.52930      0.25382      0.27548
    -75.61144      0.69252      0.36116      0.33136
    -75.60144      0.72905      0.37620      0.35285
    -75.59144      0.71061      0.35096      0.35965
    -75.58144      0.54873      0.25779      0.29095
    -75.57144      0.34223      0.15949      0.18274
    -75.56144      0.46639      0.23615      0.23023
    -75.55144      0.74704      0.39980      0.34725
    -75.54144      0.87712      0.50239      0.37473
    -75.53144      0.82475      0.48725      0.33750
    -75.52144      0.70294      0.39353      0.30941
    -75.51144      0.86070      0.44390      0.41681
    -75.50144      1.05690      0.54179      0.51511
    -75.49144      0.88403      0.45122      0.43281
    -75.48144      0.64393      0.32840      0.31553
    -75.47144      0.65115      0.35338      0.29777
    -75.46144      0.79702      0.44454      0.35248
    -75.45144      0.85966      0.45527      0.40440
    -75.44144      0.77267      0.35936      0.41331
    -75.43144      0.68084      0.29473      0.38611
    -75.42144      0.66710      0.32895      0.33814
    -75.41144      0.69866      0.38541      0.31325
    -75.40144      0.71031      0.39102      0.31936
    -75.39144      0.67911      0.33590      0.34435
    -75.38144      0.58123      0.24353      0.34397
    -75.37144      0.52461      0.19364      0.34367
    -75.36144      0.60578      0.26389      0.35136
    -75.35144      0.76105      0.37301      0.39063
    -75.34144      0.83797      0.41532      0.42291
    -75.33144      0.75504      0.39299      0.36207
    -75.32144      0.56261      0.31647      0.24613
    -75.31144      0.46477      0.27240      0.19237
    -75.30144      0.50575      0.29978      0.20597
    -75.29144      0.40515      0.23646      0.16869
    -75.28144      0.27926      0.15646      0.12280
    -75.27144      0.31830      0.16692      0.15138
    -75.26144      0.49394      0.24826      0.24568
    -75.25144      0.71363      0.36730      0.34633
    -75.24144      0.65896      0.34960      0.30935
    -75.23144      0.61597      0.33773      0.27824
    -75.22144      0.74575      0.41149      0.33426
    -75.21144      0.64407      0.34916      0.29491
    -75.20144      0.46538      0.24593      0.21945
    -75.19144      0.47664      0.24986      0.22678
    -75.18144      0.50962      0.26881      0.24081
    -75.17144      0.51761      0.27469      0.24292
    -75.16144      0.53543      0.26303      0.27240
    -75.15144      0.59453      0.28667      0.30785
    -75.14144      0.61392      0.31210      0.30182
    -75.13144      0.59096      0.31140      0.27957
    -75.12144      0.66136      0.34384      0.31752
    -75.11144      0.72142      0.36963      0.35179
    -75.10144      0.71873      0.38676      0.33197
    -75.09144      0.68071      0.39109      0.28962
    -75.08144      0.63174      0.36347      0.26827
    -75.07144      0.57189      0.31288      0.25901
    -75.06144      0.46425      0.23980      0.22445
    -75.05144      0.61219      0.25852      0.35367
    -75.04144      0.96918      0.37161      0.59757
    -75.03144      1.00744      0.39305      0.61439
    -75.02144      0.82262      0.35580      0.46682
    -75.01144      0.72848      0.34589      0.38259
    -75.00144      0.62605      0.29699      0.32906
    -74.99144      0.48570      0.24165      0.24405
    -74.98144      0.47405      0.25697      0.21708
    -74.97144      0.39570      0.21116      0.18454
    -74.96144      0.28623      0.15611      0.13012
    -74.95144      0.33746      0.21197      0.12549
    -74.94144      0.36490      0.23351      0.13139
    -74.93144      0.33193      0.19432      0.13761
    -74.92144      0.39867      0.23552      0.16315
    -74.91144      0.51666      0.31478      0.20188
    -74.90144      0.54697      0.30566      0.24131
    -74.89144      0.68248      0.33150      0.35099
    -74.88144      0.82894      0.40615      0.42279
    -74.87144      0.65131      0.34342      0.30789
    -74.86144      0.45393      0.25180      0.20213
    -74.85144      0.48489      0.26834      0.21655
    -74.84144      0.51378      0.26233      0.25145
    -74.83144      0.63400      0.28897      0.34503
    -74.82144      0.78796      0.38338      0.40458
    -74.81144      0.67095      0.35236      0.31859
    -74.80144      0.41081      0.21365      0.19717
    -74.79144      0.35137      0.16278      0.18859
    -74.78144      0.49677      0.20960      0.28717
    -74.77144      0.64622      0.29083      0.35539
    -74.76144      0.67512      0.33977      0.33535
    -74.75144      0.61113      0.32538      0.28575
    -74.74144      0.63626      0.32774      0.30853
    -74.73144      0.65438      0.31644      0.33794
    -74.72144      0.54950      0.26560      0.28391
    -74.71144      0.53116      0.28153      0.24964
    -74.70144      0.49823      0.27509      0.22314
    -74.69144      0.42960      0.22583      0.20377
    -74.68144      0.49320      0.26281      0.23039
    -74.67144      0.55585      0.30048      0.25537
    -74.66144      0.58954      0.29495      0.29459
    -74.65144      0.72579      0.33546      0.39033
    -74.64144      0.76753      0.35599      0.41154
    -74.63144      0.68018      0.34134      0.33884
    -74.62144      0.62104      0.33341      0.28764
    -74.61144      0.69963      0.36692      0.33271
    -74.60144      0.65203      0.33647      0.31556
    -74.59144      0.47538      0.24278      0.23260
    -74.58144      0.51349      0.25358      0.25992
    -74.57144      0.72146      0.37066      0.35080
    -74.56144      0.65580      0.35597      0.29983
    -74.55144      0.37634      0.21853      0.15781
    -74.54144      0.29985      0.17908      0.12077
    -74.53144      0.46606      0.26382      0.20225
    -74.52144      0.77631      0.42809      0.34822
    -74.51144      0.91890      0.50650      0.41240
    -74.50144      0.73127      0.41511      0.31616
    -74.49144      0.52404      0.29154      0.23250
    -74.48144      0.54415      0.26698      0.27716
    -74.47144      0.76726      0.35422      0.41304
    -74.46144      0.80945      0.38305      0.42640
    -74.45144      0.66105      0.32955      0.33151
    -74.44144      0.63442      0.31505      0.31937
    -74.43144      0.64001      0.31443      0.32557
    -74.42144      0.64886      0.31542      0.33347
    -74.41144      0.71799      0.35140      0.36706
    -74.40144      0.72726      0.35552      0.37554
    -74.39144      0.58621      0.25534      0.34221
    -74.38144      0.34084      0.12842      0.22485
    -74.37144      0.16174      0.06701      0.09974
    -74.36144      0.16854      0.08251      0.08678
    -74.35144      0.26981      0.12698      0.14287
    -74.34144      0.41252      0.19684      0.21568
    -74.33144      0.53530      0.28129      0.25401
    -74.32144      0.49549      0.28663      0.20886
    -74.31144      0.39233      0.22007      0.17226
    -74.30144      0.40845      0.20405      0.20440
    -74.29144      0.51642      0.26873      0.24770
    -74.28144      0.68500      0.36563      0.31936
    -74.27144      0.77754      0.41223      0.36531
    -74.26144      0.82379      0.42880      0.39498
    -74.25144      0.86643      0.43916      0.42727
    -74.24144      0.80609      0.38984      0.41625
    -74.23144      0.71625      0.31568      0.40058
    -74.22144      0.64087      0.27532      0.36555
    -74.21144      0.60517      0.27596      0.32922
    -74.20144      0.60824      0.28649      0.32175
    -74.19144      0.65436      0.30959      0.34477
    -74.18144      0.68051      0.34676      0.33375
    -74.17144      0.71749      0.38470      0.33279
    -74.16144      0.72969      0.36508      0.36460
    -74.15144      0.71027      0.30682      0.40345
    -74.14144      0.78494      0.32239      0.46255
    -74.13144      0.73896      0.33474      0.40422
    -74.12144      0.55094      0.29182      0.25912
    -74.11144      0.45569      0.26283      0.19286
    -74.10144      0.39657      0.21272      0.18385
    -74.09144      0.50320      0.23376      0.26944
    -74.08144      0.63811      0.29276      0.34536
    -74.07144      0.54045      0.26720      0.27325
    -74.06144      0.43504      0.23443      0.20062
    -74.05144      0.56224      0.29118      0.27106
    -74.04144      0.81658      0.40986      0.40672
    -74.03144      0.81145      0.41533      0.39612
    -74.02144      0.60002      0.30793      0.29209
    -74.01144      0.50065      0.24391      0.25674
    -74.00144      0.54667      0.24874      0.29793
    -73.99144      0.61317      0.27198      0.34119
    -73.98144      0.55342      0.27065      0.28277
    -73.97144      0.58868      0.31027      0.27840
    -73.96144      0.84120      0.40355      0.43766
    -73.95144      1.05088      0.48107      0.57004
    -73.94144      1.11988      0.53456      0.58724
    -73.93144      0.93145      0.45149      0.48587
    -73.92144      0.60376      0.29081      0.31967
    -73.91144      0.38376      0.19178      0.19479
    -73.90144      0.33919      0.17969      0.15994
    -73.89144      0.40547      0.22575      0.17975
    -73.88144      0.45254      0.25542      0.19712
    -73.87144      0.48714      0.25860      0.22854
    -73.86144      0.62686      0.31257      0.31429
    -73.85144      0.74417      0.37591      0.36826
    -73.84144      0.67996      0.35341      0.32656
    -73.83144      0.48233      0.26374      0.21858
    -73.82144      0.48336      0.27955      0.20381
    -73.81144      0.68375      0.39009      0.29366
    -73.80144      0.64263      0.36044      0.28219
    -73.79144      0.37583      0.21205      0.16377
    -73.78144      0.23916      0.13360      0.10556
    -73.77144      0.36289      0.20284      0.16005
    -73.76144      0.57957      0.32697      0.25261
    -73.75144      0.58006      0.32856      0.25150
    -73.74144      0.52292      0.29145      0.23148
    -73.73144      0.50871      0.26290      0.24581
    -73.72144      0.49693      0.23474      0.26219
    -73.71144      0.63149      0.28385      0.34764
    -73.70144      0.83802      0.38913      0.44889
    -73.69144      0.92477      0.44665      0.47812
    -73.68144      0.69510      0.32998      0.36511
    -73.67144      0.40002      0.17587      0.22415
    -73.66144      0.39214      0.14700      0.24514
    -73.65144      0.51247      0.17920      0.33327
    -73.64144      0.51884      0.19800      0.32085
    -73.63144      0.43860      0.18983      0.24878
    -73.62144      0.33557      0.14512      0.19045
    -73.61144      0.28755      0.12191      0.16564
    -73.60144      0.27336      0.13357      0.13978
    -73.59144      0.30008      0.16480      0.13528
    -73.58144      0.32166      0.17376      0.14790
    -73.57144      0.33802      0.16442      0.17359
    -73.56144      0.42293      0.19682      0.22611
    -73.55144      0.47000      0.21531      0.25469
    -73.54144      0.51003      0.22712      0.28291
    -73.53144      0.53955      0.24944      0.29011
    -73.52144      0.41324      0.20071      0.21252
    -73.51144      0.37637      0.17706      0.19931
    -73.50144      0.51549      0.24100      0.27448
    -73.49144      0.57625      0.27153      0.30472
    -73.48144      0.52663      0.24574      0.28089
    -73.47144      0.44852      0.22118      0.22734
    -73.46144      0.46273      0.23280      0.22993
    -73.45144      0.69075      0.31932      0.37143
    -73.44144      0.77462      0.33080      0.44381
    -73.43144      0.58257      0.25043      0.33214
    -73.42144      0.46813      0.23185      0.23628
    -73.41144      0.49559      0.26175      0.23384
    -73.40144      0.46814      0.24704      0.22110
    -73.39144      0.41967      0.21306      0.20661
    -73.38144      0.44118      0.21784      0.22334
    -73.37144      0.39110      0.19820      0.19290
    -73.36144      0.30653      0.16570      0.14083
    -73.35144      0.32352      0.18598      0.13755
    -73.34144      0.45914      0.25172      0.20742
    -73.33144      0.55101      0.27916      0.27185
    -73.32144      0.59420      0.29990      0.29430
    -73.31144      0.60077      0.32351      0.27726
    -73.30144      0.61459      0.34911      0.26548
    -73.29144      0.78265      0.42853      0.35412
    -73.28144      0.91103      0.45497      0.45606
    -73.27144      0.84504      0.39284      0.45219
    -73.26144      0.60358      0.28039      0.32319
    -73.25144      0.33733      0.16809      0.16924
    -73.24144      0.30619      0.15612      0.15007
    -73.23144      0.52653      0.25659      0.26994
    -73.22144      0.67249      0.33272      0.33977
    -73.21144      0.53831      0.28513      0.25318
    -73.20144      0.39106      0.23015      0.16091
    -73.19144      0.43610      0.26354      0.17256
    -73.18144      0.41344      0.23874      0.17470
    -73.17144      0.24447      0.13596      0.10851
    -73.16144      0.18994      0.10714      0.08280
    -73.15144      0.28155      0.14677      0.13478
    -73.14144      0.42155      0.20129      0.22026
    -73.13144      0.63195      0.29818      0.33377
    -73.12144      0.76892      0.36613      0.40279
    -73.11144      0.62676      0.29900      0.32776
    -73.10144      0.39495      0.18640      0.20855
    -73.09144      0.35441      0.16781      0.18661
    -73.08144      0.41097      0.19894      0.21203
    -73.07144      0.45542      0.23469      0.22073
    -73.06144      0.46055      0.24804      0.21251
    -73.05144      0.35074      0.18890      0.16184
    -73.04144      0.28965      0.15716      0.13249
    -73.03144      0.31590      0.17186      0.14403
    -73.02144      0.29563      0.17093      0.12470
    -73.01144      0.22932      0.13643      0.09289
    -73.00144      0.21585      0.10814      0.10771
    -72.99144      0.34851      0.15792      0.19059
    -72.98144      0.45499      0.20565      0.24934
    -72.97144      0.39000      0.17093      0.21907
    -72.96144      0.34678      0.16329      0.18348
    -72.95144      0.49713      0.25617      0.24095
    -72.94144      0.59564      0.29953      0.29611
    -72.93144      0.44072      0.21175      0.22898
    -72.92144      0.33372      0.15300      0.18072
    -72.91144      0.46818      0.21876      0.24942
    -72.90144      0.52641      0.26704      0.25938
    -72.89144      0.40001      0.22020      0.17982
    -72.88144      0.36132      0.18257      0.17876
    -72.87144      0.46093      0.19956      0.26137
    -72.86144      0.44110      0.19032      0.25079
    -72.85144      0.35843      0.16357      0.19486
    -72.84144      0.44764      0.20391      0.24373
    -72.83144      0.54866      0.26060      0.28807
    -72.82144      0.54886      0.28091      0.26795
    -72.81144      0.50409      0.25533      0.24879
    -72.80144      0.45778      0.23499      0.22319
    -72.79144      0.54413      0.27648      0.26961
    -72.78144      0.61907      0.29745      0.32514
    -72.77144      0.44626      0.21439      0.23418
    -72.76144      0.45276      0.22387      0.22946
    -72.75144      0.64939      0.30919      0.34025
    -72.74144      0.76023      0.35093      0.40930
    -72.73144      0.73678      0.35404      0.38274
    -72.72144      0.48366      0.25412      0.22953
    -72.71144      0.25995      0.14881      0.11114
    -72.70144      0.24335      0.12490      0.11845
    -72.69144      0.35922      0.16936      0.18986
    -72.68144      0.41067      0.20184      0.20883
    -72.67144      0.41181      0.20506      0.20676
    -72.66144      0.38863      0.18473      0.20390
    -72.65144      0.36678      0.16300      0.20378
    -72.64144      0.53749      0.23973      0.29777
    -72.63144      0.74378      0.36298      0.38080
    -72.62144      0.74348      0.39061      0.35288
    -72.61144      0.61974      0.31954      0.30021
    -72.60144      0.54933      0.26636      0.28297
    -72.59144      0.48447      0.26243      0.22203
    -72.58144      0.52725      0.31335      0.21390
    -72.57144      0.72496      0.41918      0.30578
    -72.56144      0.70795      0.40419      0.30376
    -72.55144      0.48750      0.27905      0.20845
    -72.54144      0.38725      0.21567      0.17158
    -72.53144      0.37008      0.19447      0.17561
    -72.52144      0.33925      0.18700      0.15225
    -72.51144      0.33439      0.20127      0.13312
    -72.50144      0.36720      0.20427      0.16293
    -72.49144      0.44017      0.21825      0.22193
    -72.48144      0.47197      0.24991      0.22206
    -72.47144      0.64811      0.37664      0.27147
    -72.46144      0.92067      0.51810      0.40257
    -72.45144      0.92102      0.48977      0.43125
    -72.44144      0.76035      0.39563      0.36473
    -72.43144      0.54003      0.27511      0.26499
    -72.42144      0.40982      0.19637      0.21478
    -72.41144      0.51340      0.24580      0.27661
    -72.40144      0.67947      0.31188      0.38988
    -72.39144      0.68045      0.28786      0.41344
    -72.38144      0.59250      0.22967      0.37186
    -72.37144      0.45410      0.18012      0.27762
    -72.36144      0.41539      0.21964      0.19706
    -72.35144      0.53522      0.30563      0.22979
    -72.34144      0.57744      0.29588      0.28158
    -72.33144      0.50380      0.23009      0.27370
    -72.32144      0.54152      0.26207      0.27945
    -72.31144      0.69189      0.35051      0.34138
    -72.30144      0.70576      0.34048      0.36528
    -72.29144      0.54431      0.25330      0.29101
    -72.28144      0.40498      0.20093      0.20405
    -72.27144      0.35333      0.17840      0.17493
    -72.26144      0.34273      0.16633      0.17641
    -72.25144      0.35057      0.15737      0.19321
    -72.24144      0.52301      0.22765      0.29536
    -72.23144      0.73776      0.33796      0.39980
    -72.22144      0.62158      0.29463      0.32695
    -72.21144      0.42392      0.19922      0.22469
    -72.20144      0.42525      0.18994      0.23531
    -72.19144      0.54806      0.24938      0.29868
    -72.18144      0.70109      0.33289      0.36820
    -72.17144      0.82516      0.39778      0.42739
    -72.16144      0.83041      0.40240      0.42801
    -72.15144      0.66375      0.32565      0.33810
    -72.14144      0.42906      0.21351      0.21556
    -72.13144      0.25024      0.12839      0.12185
    -72.12144      0.32647      0.16976      0.15671
    -72.11144      0.61109      0.31477      0.29632
    -72.10144      0.62885      0.33448      0.29437
    -72.09144      0.45048      0.25696      0.19352
    -72.08144      0.46337      0.26463      0.19874
    -72.07144      0.63810      0.36122      0.27688
    -72.06144      0.75646      0.41327      0.34319
    -72.05144      0.71713      0.36452      0.35261
    -72.04144      0.61681      0.30111      0.31570
    -72.03144      0.54525      0.27431      0.27094
    -72.02144      0.55015      0.28797      0.26218
    -72.01144      0.66877      0.35857      0.31021
    -72.00144      0.70705      0.38811      0.31929
    -71.99144      0.56782      0.30206      0.26925
    -71.98144      0.51473      0.24482      0.28266
    -71.97144      0.62343      0.29697      0.34358
    -71.96144      0.67499      0.35415      0.32931
    -71.95144      0.70425      0.39136      0.31442
    -71.94144      0.78992      0.42897      0.36105
    -71.93144      0.85123      0.43405      0.41719
    -71.92144      0.79019      0.37807      0.41212
    -71.91144      0.61512      0.29507      0.32005
    -71.90144      0.47673      0.24561      0.23113
    -71.89144      0.44451      0.24065      0.20387
    -71.88144      0.41050      0.22799      0.18251
    -71.87144      0.38778      0.21430      0.17348
    -71.86144      0.42747      0.24612      0.18135
    -71.85144      0.47373      0.27770      0.19604
    -71.84144      0.40921      0.22704      0.18217
    -71.83144      0.36799      0.19382      0.17417
    -71.82144      0.41193      0.21378      0.19815
    -71.81144      0.39964      0.20476      0.19488
    -71.80144      0.46065      0.24048      0.22017
    -71.79144      0.61025      0.30551      0.30475
    -71.78144      0.63810      0.30165      0.33645
    -71.77144      0.53773      0.26152      0.27621
    -71.76144      0.45288      0.23125      0.22163
    -71.75144      0.37148      0.18067      0.19081
    -71.74144      0.32490      0.15359      0.17131
    -71.73144      0.53958      0.25820      0.28138
    -71.72144      0.77393      0.36555      0.40838
    -71.71144      0.83533      0.40491      0.43042
    -71.70144      0.98042      0.50682      0.47360
    -71.69144      1.07182      0.58416      0.48766
    -71.68144      0.89968      0.48961      0.41007
    -71.67144      0.65360      0.32722      0.32638
    -71.66144      0.56808      0.26490      0.30318
    -71.65144      0.56023      0.26187      0.29836
    -71.64144      0.62726      0.30162      0.32564
    -71.63144      0.70395      0.33851      0.36544
    -71.62144      0.62197      0.29467      0.32730
    -71.61144      0.45335      0.20715      0.24620
    -71.60144      0.27503      0.11466      0.16037
    -71.59144      0.19087      0.08525      0.10563
    -71.58144      0.34433      0.17435      0.16998
    -71.57144      0.55606      0.29086      0.26520
    -71.56144      0.53223      0.29629      0.23594
    -71.55144      0.40431      0.21924      0.18506
    -71.54144      0.50538      0.25040      0.25498
    -71.53144      0.71037      0.37320      0.33716
    -71.52144      0.84790      0.45104      0.39686
    -71.51144      0.97267      0.48298      0.48968
    -71.50144      0.94420      0.44010      0.50410
    -71.49144      0.92086      0.43114      0.48971
    -71.48144      0.98530      0.48847      0.49683
    -71.47144      0.82317      0.44073      0.38243
    -71.46144      0.52919      0.31461      0.21458
    -71.45144      0.34311      0.21429      0.12882
    -71.44144      0.34682      0.20278      0.14403
    -71.43144      0.58184      0.30824      0.27360
    -71.42144      0.74639      0.36974      0.37665
    -71.41144      0.60417      0.30558      0.29859
    -71.40144      0.44968      0.24522      0.20446
    -71.39144      0.36001      0.19035      0.16966
    -71.38144      0.31902      0.16242      0.15660
    -71.37144      0.41229      0.21680      0.19549
    -71.36144      0.56099      0.30426      0.25673
    -71.35144      0.54327      0.29671      0.24656
    -71.34144      0.50232      0.25859      0.24373
    -71.33144      0.53137      0.26853      0.26284
    -71.32144      0.56093      0.29551      0.26541
    -71.31144      0.58565      0.31317      0.27248
    -71.30144      0.57756      0.28640      0.29116
    -71.29144      0.54209      0.23824      0.30386
    -71.28144      0.45412      0.20254      0.25158
    -71.27144      0.44000      0.22186      0.21815
    -71.26144      0.63684      0.31471      0.32213
    -71.25144      0.72966      0.33117      0.39850
    -71.24144      0.62497      0.28097      0.34400
    -71.23144      0.52452      0.25151      0.27301
    -71.22144      0.37359      0.19489      0.17870
    -71.21144      0.30688      0.16908      0.13780
    -71.20144      0.41612      0.21685      0.19927
    -71.19144      0.53982      0.26892      0.27090
    -71.18144      0.51948      0.26300      0.25647
    -71.17144      0.37774      0.20588      0.17186
    -71.16144      0.30696      0.15858      0.14838
    -71.15144      0.35633      0.14917      0.20734
    -71.14144      0.49077      0.20234      0.29014
    -71.13144      0.65003      0.27734      0.37919
    -71.12144      0.55615      0.23971      0.32546
    -71.11144      0.27286      0.12301      0.15445
    -71.10144      0.14672      0.06960      0.07799
    -71.09144      0.24590      0.10983      0.13612
    -71.08144      0.49194      0.22280      0.26914
    -71.07144      0.68093      0.33625      0.34468
    -71.06144      0.75328      0.38845      0.36483
    -71.05144      0.78024      0.38251      0.39773
    -71.04144      0.71433      0.33367      0.38065
    -71.03144      0.72988      0.34555      0.38433
    -71.02144      0.84354      0.41518      0.42837
    -71.01144      0.90773      0.46787      0.43986
    -71.00144      0.79676      0.42927      0.36749
    -70.99144      0.62366      0.34503      0.27862
    -70.98144      0.45639      0.25745      0.19894
    -70.97144      0.41036      0.24074      0.16963
    -70.96144      0.53487      0.32639      0.20848
    -70.95144      0.73654      0.43704      0.29951
    -70.94144      0.95810      0.52991      0.42819
    -70.93144      0.96975      0.50832      0.46143
    -70.92144      0.82604      0.41269      0.41335
    -70.91144      0.64596      0.32024      0.32572
    -70.90144      0.48613      0.25936      0.22677
    -70.89144      0.47453      0.27225      0.20228
    -70.88144      0.50985      0.28393      0.22592
    -70.87144      0.46488      0.24198      0.22290
    -70.86144      0.43019      0.20938      0.22080
    -70.85144      0.28492      0.13144      0.15348
    -70.84144      0.19165      0.08382      0.10783
    -70.83144      0.32079      0.13855      0.18223
    -70.82144      0.54106      0.24171      0.29935
    -70.81144      0.63154      0.29997      0.33158
    -70.80144      0.53479      0.27370      0.26109
    -70.79144      0.50879      0.27443      0.23436
    -70.78144      0.62618      0.35594      0.27024
    -70.77144      0.76280      0.44738      0.31542
    -70.76144      0.67083      0.39874      0.27209
    -70.75144      0.45443      0.26992      0.18452
    -70.74144      0.42383      0.24850      0.17533
    -70.73144      0.44877      0.26091      0.18787
    -70.72144      0.40177      0.21702      0.18475
    -70.71144      0.54619      0.28258      0.26361
    -70.70144      0.85308      0.45377      0.39931
    -70.69144      0.82742      0.44247      0.38495
    -70.68144      0.56579      0.29982      0.26597
    -70.67144      0.50207      0.28086      0.22120
    -70.66144      0.56662      0.33509      0.23153
    -70.65144      0.52934      0.31434      0.21503
    -70.64144      0.50268      0.28219      0.22101
    -70.63144      0.56486      0.29068      0.27764
    -70.62144      0.65485      0.31047      0.35294
    -70.61144      0.77319      0.38004      0.40092
    -70.60144      0.74325      0.39617      0.34968
    -70.59144      0.44781      0.24253      0.20561
    -70.58144      0.30815      0.16207      0.14609
    -70.57144      0.51811      0.27229      0.24582
    -70.56144      0.73184      0.38774      0.34410
    -70.55144      0.71027      0.38109      0.32917
    -70.54144      0.66678      0.35767      0.30911
    -70.53144      0.74721      0.39829      0.34892
    -70.52144      0.73897      0.38900      0.34997
    -70.51144      0.65632      0.33087      0.32544
    -70.50144      0.60140      0.29862      0.30278
    -70.49144      0.56158      0.29138      0.27020
    -70.48144      0.56876      0.30196      0.26680
    -70.47144      0.64220      0.33914      0.30306
    -70.46144      0.57536      0.30749      0.26787
    -70.45144      0.36852      0.19879      0.16972
    -70.44144      0.26350      0.13088      0.13262
    -70.43144      0.41513      0.19344      0.22169
    -70.42144      0.64386      0.29696      0.34690
    -70.41144      0.70502      0.31282      0.39220
    -70.40144      0.66360      0.29291      0.37069
    -70.39144      0.64456      0.30859      0.33598
    -70.38144      0.64470      0.33152      0.31318
    -70.37144      0.62466      0.33839      0.28627
    -70.36144      0.75341      0.45642      0.29699
    -70.35144      0.81742      0.51437      0.30305
    -70.34144      0.72571      0.43080      0.29490
    -70.33144      0.72745      0.38531      0.34214
    -70.32144      0.65790      0.31970      0.33820
    -70.31144      0.52353      0.24692      0.27661
    -70.30144      0.57811      0.28785      0.29026
    -70.29144      0.72856      0.38048      0.34808
    -70.28144      0.74394      0.38916      0.35478
    -70.27144      0.59747      0.30303      0.29444
    -70.26144      0.43250      0.20842      0.22408
    -70.25144      0.42458      0.20466      0.21992
    -70.24144      0.52535      0.26570      0.25965
    -70.23144      0.63665      0.33038      0.30627
    -70.22144      0.77631      0.40781      0.36850
    -70.21144      0.83118      0.44313      0.38805
    -70.20144      0.64707      0.34205      0.30502
    -70.19144      0.43890      0.23015      0.20874
    -70.18144      0.37402      0.19502      0.17901
    -70.17144      0.37239      0.17470      0.19769
    -70.16144      0.37778      0.17150      0.20629
    -70.15144      0.41661      0.21426      0.20235
    -70.14144      0.53542      0.29793      0.23748
    -70.13144      0.58097      0.31436      0.26662
    -70.12144      0.49112      0.24907      0.24205
    -70.11144      0.38853      0.18786      0.20066
    -70.10144      0.36907      0.17965      0.18942
    -70.09144      0.45408      0.23793      0.21615
    -70.08144      0.61218      0.34251      0.26967
    -70.07144      0.70116      0.39205      0.30911
    -70.06144      0.60832      0.31833      0.28998
    -70.05144      0.46937      0.23453      0.23484
    -70.04144      0.52484      0.27364      0.25120
    -70.03144      0.65294      0.34530      0.30765
    -70.02144      0.61926      0.32826      0.29100
    -70.01144      0.63333      0.33042      0.30291
    -70.00144      0.81016      0.41515      0.39502
    -69.99144      0.92161      0.48926      0.43234
    -69.98144      0.88278      0.48484      0.39795
    -69.97144      0.80331      0.42405      0.37926
    -69.96144      0.67673      0.34636      0.33037
    -69.95144      0.56024      0.29253      0.26771
    -69.94144      0.52160      0.27455      0.24705
    -69.93144      0.60818      0.32150      0.28669
    -69.92144      0.69090      0.35818      0.33272
    -69.91144      0.56313      0.28685      0.27628
    -69.90144      0.52091      0.25983      0.26108
    -69.89144      0.67475      0.34462      0.33014
    -69.88144      0.70659      0.36449      0.34210
    -69.87144      0.62711      0.31774      0.30937
    -69.86144      0.62520      0.30458      0.32062
    -69.85144      0.58728      0.27791      0.30937
    -69.84144      0.52148      0.27078      0.25071
    -69.83144      0.63093      0.36512      0.26581
    -69.82144      0.74531      0.44362      0.30169
    -69.81144      0.69473      0.41075      0.28398
    -69.80144      0.59580      0.32973      0.26607
    -69.79144      0.64575      0.34315      0.30260
    -69.78144      0.75772      0.42179      0.33593
    -69.77144      0.78028      0.43952      0.34076
    -69.76144      0.78268      0.43105      0.35162
    -69.75144      0.83202      0.44491      0.38710
    -69.74144      0.80648      0.44076      0.36572
    -69.73144      0.77091      0.44711      0.32380
    -69.72144      0.74897      0.42960      0.31936
    -69.71144      0.58480      0.31657      0.26823
    -69.70144      0.35255      0.17756      0.17498
    -69.69144      0.25376      0.13583      0.11793
    -69.68144      0.35878      0.20670      0.15209
    -69.67144      0.53319      0.28560      0.24759
    -69.66144      0.73561      0.38014      0.35547
    -69.65144      0.95690      0.49633      0.46057
    -69.64144      0.92138      0.46707      0.45431
    -69.63144      0.53599      0.25871      0.27728
    -69.62144      0.32331      0.14353      0.17978
    -69.61144      0.42034      0.18746      0.23288
    -69.60144      0.60918      0.30665      0.30252
    -69.59144      0.70417      0.39851      0.30568
    -69.58144      0.66357      0.37957      0.28456
    -69.57144      0.58103      0.30545      0.28120
    -69.56144      0.54897      0.25284      0.31733
    -69.55144      0.55083      0.23295      0.34732
    -69.54144      0.49397      0.22465      0.28437
    -69.53144      0.45387      0.22887      0.22783
    -69.52144      0.52550      0.25880      0.26689
    -69.51144      0.56257      0.27087      0.29170
    -69.50144      0.51036      0.26416      0.24620
    -69.49144      0.52672      0.30069      0.22603
    -69.48144      0.80449      0.48346      0.32103
    -69.47144      0.98385      0.58864      0.39521
    -69.46144      0.69983      0.40261      0.29721
    -69.45144      0.43888      0.23885      0.20003
    -69.44144      0.42257      0.23274      0.18983
    -69.43144      0.42725      0.24760      0.17965
    -69.42144      0.42522      0.24639      0.17883
    -69.41144      0.50497      0.28674      0.21823
    -69.40144      0.56400      0.31966      0.24434
    -69.39144      0.45871      0.24538      0.21333
    -69.38144      0.35294      0.17108      0.18186
    -69.37144      0.38946      0.17219      0.21727
    -69.36144      0.55357      0.24551      0.30807
    -69.35144      0.72512      0.34629      0.37884
    -69.34144      0.70001      0.35388      0.34613
    -69.33144      0.59282      0.31976      0.27306
    -69.32144      0.54834      0.31828      0.23006
    -69.31144      0.59610      0.34434      0.25177
    -69.30144      0.70857      0.36848      0.34009
    -69.29144      0.78049      0.37874      0.40175
    -69.28144      0.73194      0.35335      0.37859
    -69.27144      0.75716      0.38912      0.36804
    -69.26144      0.73567      0.40820      0.32747
    -69.25144      0.59830      0.34799      0.25031
    -69.24144      0.61726      0.35595      0.26131
    -69.23144      0.83540      0.44899      0.38641
    -69.22144      0.98248      0.50275      0.47972
    -69.21144      0.98537      0.50353      0.48185
    -69.20144      0.98899      0.51993      0.46906
    -69.19144      0.90068      0.47680      0.42390
    -69.18144      0.74373      0.38579      0.35836
    -69.17144      0.79345      0.40697      0.38919
    -69.16144      1.03810      0.52097      0.52349
    -69.15144      0.97460      0.48767      0.49244
    -69.14144      0.72658      0.38062      0.34771
    -69.13144      0.61725      0.32292      0.29454
    -69.12144      0.55004      0.27324      0.27681
    -69.11144      0.41408      0.19903      0.21505
    -69.10144      0.40579      0.20256      0.20324
    -69.09144      0.66538      0.36961      0.29577
    -69.08144      0.78498      0.46172      0.32326
    -69.07144      0.65132      0.38010      0.27122
    -69.06144      0.65370      0.35585      0.29785
    -69.05144      0.68062      0.35999      0.32063
    -69.04144      0.67267      0.36212      0.31055
    -69.03144      0.65242      0.36251      0.28991
    -69.02144      0.49692      0.27625      0.22066
    -69.01144      0.30772      0.17185      0.13587
    -69.00144      0.33810      0.19461      0.14348
    -68.99144      0.53420      0.30812      0.22608
    -68.98144      0.68516      0.39253      0.29263
    -68.97144      0.75065      0.42083      0.32982
    -68.96144      0.72864      0.41884      0.30980
    -68.95144      0.59936      0.37060      0.22875
    -68.94144      0.45749      0.28879      0.16870
    -68.93144      0.45271      0.27141      0.18130
    -68.92144      0.59519      0.34488      0.25031
    -68.91144      0.71224      0.40824      0.30400
    -68.90144      0.73091      0.41512      0.31580
    -68.89144      0.79802      0.43480      0.36322
    -68.88144      0.77408      0.39627      0.37781
    -68.87144      0.67058      0.33870      0.33202
    -68.86144      0.72922      0.39401      0.33635
    -68.85144      1.00187      0.55162      0.45389
    -68.84144      1.09861      0.60810      0.49479
    -68.83144      0.98384      0.54235      0.44334
    -68.82144      0.82681      0.43737      0.38973
    -68.81144      0.74697      0.37575      0.37123
    -68.80144      0.85544      0.42264      0.43280
    -68.79144      0.88254      0.42916      0.45339
    -68.78144      0.85154      0.41031      0.44123
    -68.77144      0.87934      0.44238      0.43696
    -68.76144      0.80265      0.42645      0.37620
    -68.75144      0.66754      0.37888      0.28866
    -68.74144      0.60830      0.36652      0.24178
    -68.73144      0.76059      0.43752      0.32307
    -68.72144      0.99512      0.52773      0.46739
    -68.71144      0.99649      0.51492      0.48157
    -68.70144      0.76892      0.41144      0.35748
    -68.69144      0.59187      0.33321      0.25866
    -68.68144      0.53789      0.31162      0.22627
    -68.67144      0.66277      0.37907      0.28370
    -68.66144      0.89829      0.48561      0.41268
    -68.65144      0.98083      0.51019      0.47065
    -68.64144      0.77278      0.39863      0.37415
    -68.63144      0.57060      0.29828      0.27232
    -68.62144      0.56138      0.29118      0.27021
    -68.61144      0.56746      0.29318      0.27429
    -68.60144      0.69900      0.37247      0.32653
    -68.59144      0.89843      0.48839      0.41004
    -68.58144      0.73679      0.40891      0.32788
    -68.57144      0.44758      0.26035      0.18723
    -68.56144      0.43126      0.26121      0.17005
    -68.55144      0.46720      0.28133      0.18587
    -68.54144      0.51024      0.29945      0.21079
    -68.53144      0.70700      0.38674      0.32027
    -68.52144      0.90204      0.44929      0.45276
    -68.51144      0.89235      0.43105      0.46130
    -68.50144      0.80329      0.39584      0.40746
    -68.49144      0.85556      0.44085      0.41470
    -68.48144      0.99849      0.54036      0.45813
    -68.47144      1.08925      0.59628      0.49297
    -68.46144      1.07662      0.58592      0.49070
    -68.45144      0.98366      0.52795      0.45571
    -68.44144      0.80877      0.45333      0.35544
    -68.43144      0.73073      0.43682      0.29391
    -68.42144      0.84532      0.50440      0.34093
    -68.41144      0.82887      0.48336      0.34551
    -68.40144      0.76892      0.42556      0.34344
    -68.39144      0.71981      0.38707      0.33399
    -68.38144      0.51070      0.26220      0.25534
    -68.37144      0.45311      0.21268      0.25416
    -68.36144      0.66386      0.34082      0.33320
    -68.35144      0.86811      0.47154      0.39933
    -68.34144      1.02201      0.55467      0.46761
    -68.33144      0.95359      0.51745      0.43616
    -68.32144      0.72926      0.41144      0.31783
    -68.31144      0.53821      0.31937      0.21884
    -68.30144      0.35387      0.20380      0.15007
    -68.29144      0.43351      0.22408      0.20943
    -68.28144      0.70023      0.33907      0.36115
    -68.27144      0.81815      0.38953      0.42863
    -68.26144      0.69824      0.33983      0.35841
    -68.25144      0.55702      0.26028      0.29675
    -68.24144      0.57120      0.26201      0.30918
    -68.23144      0.68818      0.34310      0.34508
    -68.22144      0.90754      0.46299      0.44455
    -68.21144      0.91732      0.47724      0.44008
    -68.20144      0.69574      0.37826      0.31748
    -68.19144      0.53494      0.28593      0.24902
    -68.18144      0.52426      0.26079      0.26347
    -68.17144      0.72694      0.37090      0.35605
    -68.16144      0.90333      0.48424      0.41921
    -68.15144      0.75887      0.40467      0.35595
    -68.14144      0.67715      0.33120      0.35590
    -68.13144      0.86396      0.39532      0.48940
    -68.12144      0.86934      0.40663      0.47865
    -68.11144      0.75895      0.39781      0.36565
    -68.10144      0.93444      0.53283      0.40208
    -68.09144      1.18175      0.68035      0.50142
    -68.08144      1.12448      0.62086      0.50363
    -68.07144      0.82803      0.41936      0.40868
    -68.06144      0.62984      0.30994      0.31990
    -68.05144      0.64750      0.34498      0.30252
    -68.04144      0.80135      0.45485      0.34650
    -68.03144      1.01632      0.58478      0.43154
    -68.02144      1.18832      0.67779      0.51053
    -68.01144      1.29188      0.72294      0.56894
    -68.00144      1.32573      0.72453      0.60120
    -67.99144      1.21048      0.64849      0.56199
    -67.98144      1.08123      0.58333      0.49791
    -67.97144      0.95312      0.53153      0.42160
    -67.96144      0.72145      0.38678      0.33467
    -67.95144      0.44350      0.22461      0.21889
    -67.94144      0.29647      0.16611      0.13036
    -67.93144      0.37106      0.22041      0.15067
    -67.92144      0.52936      0.29900      0.23094
    -67.91144      0.64162      0.33706      0.30957
    -67.90144      0.67521      0.32798      0.36316
    -67.89144      0.65689      0.32891      0.34662
    -67.88144      0.69879      0.39247      0.31434
    -67.87144      0.80398      0.45588      0.34936
    -67.86144      0.79654      0.43756      0.35906
    -67.85144      0.69174      0.38652      0.30535
    -67.84144      0.73321      0.41361      0.32125
    -67.83144      0.80126      0.39840      0.41082
