Energy-E_F (eV)    DOS (1/eV)    PDOS (1/eV)  of atom type Al P  
    -85.78551      0.47898      0.00000      0.00000
    -85.77551      0.28057      0.00000      0.00000
    -85.76551      0.15546      0.00000      0.00000
    -85.75551      0.32806      0.00000      0.00000
    -85.74551      0.64585      0.00000      0.00000
    -85.73551      0.80547      0.00000      0.00000
    -85.72551      0.74404      0.00000      0.00000
    -85.71551      0.61398      0.00000      0.00000
    -85.70551      0.45127      0.00000      0.00000
    -85.69551      0.41367      0.00000      0.00000
    -85.68551      0.33965      0.00000      0.00000
    -85.67551      0.19873      0.00000      0.00000
    -85.66551      0.11682      0.00000      0.00000
    -85.65551      0.13476      0.00000      0.00000
    -85.64551      0.21512      0.00000      0.00000
    -85.63551      0.24782      0.00000      0.00000
    -85.62551      0.22170      0.00000      0.00000
    -85.61551      0.37573      0.00000      0.00000
    -85.60551      0.53392      0.00000      0.00000
    -85.59551      0.42107      0.00000      0.00000
    -85.58551      0.21983      0.00000      0.00000
    -85.57551      0.13010      0.00000      0.00000
    -85.56551      0.17639      0.00000      0.00000
    -85.55551      0.29190      0.00000      0.00000
    -85.54551      0.42949      0.00000      0.00000
    -85.53551      0.42212      0.00000      0.00000
    -85.52551      0.30907      0.00000      0.00000
    -85.51551      0.40276      0.00000      0.00000
    -85.50551      0.62707      0.00000      0.00000
    -85.49551      0.74181      0.00000      0.00000
    -85.48551      0.62777      0.00000      0.00000
    -85.47551      0.42054      0.00000      0.00000
    -85.46551      0.20406      0.00000      0.00000
    -85.45551      0.14647      0.00000      0.00000
    -85.44551      0.17915      0.00000      0.00000
    -85.43551      0.21915      0.00000      0.00000
    -85.42551      0.37020      0.00000      0.00000
    -85.41551      0.42064      0.00000      0.00000
    -85.40551      0.30435      0.00000      0.00000
    -85.39551      0.18130      0.00000      0.00000
    -85.38551      0.17519      0.00000      0.00000
    -85.37551      0.31916      0.00000      0.00000
    -85.36551      0.50561      0.00000      0.00000
    -85.35551      0.61480      0.00000      0.00000
    -85.34551      0.53671      0.00000      0.00000
    -85.33551      0.37581      0.00000      0.00000
    -85.32551      0.35584      0.00000      0.00000
    -85.31551      0.41905      0.00000      0.00000
    -85.30551      0.45693      0.00000      0.00000
    -85.29551      0.44421      0.00000      0.00000
    -85.28551      0.42266      0.00000      0.00000
    -85.27551      0.39729      0.00000      0.00000
    -85.26551      0.47089      0.00000      0.00000
    -85.25551      0.53125      0.00000      0.00000
    -85.24551      0.47387      0.00000      0.00000
    -85.23551      0.51367      0.00000      0.00000
    -85.22551      0.48810      0.00000      0.00000
    -85.21551      0.27084      0.00000      0.00000
    -85.20551      0.11066      0.00000      0.00000
    -85.19551      0.21176      0.00000      0.00000
    -85.18551      0.48869      0.00000      0.00000
    -85.17551      0.78641      0.00000      0.00000
    -85.16551      0.97282      0.00000      0.00000
    -85.15551      0.79318      0.00000      0.00000
    -85.14551      0.50535      0.00000      0.00000
    -85.13551      0.41363      0.00000      0.00000
    -85.12551      0.38818      0.00000      0.00000
    -85.11551      0.42191      0.00000      0.00000
    -85.10551      0.47770      0.00000      0.00000
    -85.09551      0.57035      0.00000      0.00000
    -85.08551      0.60213      0.00000      0.00000
    -85.07551      0.45241      0.00000      0.00000
    -85.06551      0.27573      0.00000      0.00000
    -85.05551      0.16706      0.00000      0.00000
    -85.04551      0.12276      0.00000      0.00000
    -85.03551      0.27945      0.00000      0.00000
    -85.02551      0.53696      0.00000      0.00000
    -85.01551      0.69782      0.00000      0.00000
    -85.00551      0.68938      0.00000      0.00000
    -84.99551      0.55600      0.00000      0.00000
    -84.98551      0.31959      0.00000      0.00000
    -84.97551      0.16699      0.00000      0.00000
    -84.96551      0.25432      0.00000      0.00000
    -84.95551      0.32452      0.00000      0.00000
    -84.94551      0.28678      0.00000      0.00000
    -84.93551      0.42244      0.00000      0.00000
    -84.92551      0.60083      0.00000      0.00000
    -84.91551      0.63250      0.00000      0.00000
    -84.90551      0.59762      0.00000      0.00000
    -84.89551      0.55440      0.00000      0.00000
    -84.88551      0.55334      0.00000      0.00000
    -84.87551      0.37996      0.00000      0.00000
    -84.86551      0.23480      0.00000      0.00000
    -84.85551      0.30282      0.00000      0.00000
    -84.84551      0.31669      0.00000      0.00000
    -84.83551      0.38697      0.00000      0.00000
    -84.82551      0.47756      0.00000      0.00000
    -84.81551      0.28129      0.00000      0.00000
    -84.80551      0.14465      0.00000      0.00000
    -84.79551      0.18296      0.00000      0.00000
    -84.78551      0.20182      0.00000      0.00000
    -84.77551      0.19901      0.00000      0.00000
    -84.76551      0.18278      0.00000      0.00000
    -84.75551      0.18673      0.00000      0.00000
    -84.74551      0.19814      0.00000      0.00000
    -84.73551      0.33789      0.00000      0.00000
    -84.72551      0.43490      0.00000      0.00000
    -84.71551      0.29573      0.00000      0.00000
    -84.70551      0.14549      0.00000      0.00000
    -84.69551      0.22705      0.00000      0.00000
    -84.68551      0.46459      0.00000      0.00000
    -84.67551      0.61723      0.00000      0.00000
    -84.66551      0.54428      0.00000      0.00000
    -84.65551      0.32507      0.00000      0.00000
    -84.64551      0.25642      0.00000      0.00000
    -84.63551      0.30485      0.00000      0.00000
    -84.62551      0.32729      0.00000      0.00000
    -84.61551      0.25857      0.00000      0.00000
    -84.60551      0.33482      0.00000      0.00000
    -84.59551      0.50787      0.00000      0.00000
    -84.58551      0.49450      0.00000      0.00000
    -84.57551      0.30346      0.00000      0.00000
    -84.56551      0.19134      0.00000      0.00000
    -84.55551      0.39567      0.00000      0.00000
    -84.54551      0.74050      0.00000      0.00000
    -84.53551      0.89783      0.00000      0.00000
    -84.52551      0.92009      0.00000      0.00000
    -84.51551      0.98174      0.00000      0.00000
    -84.50551      0.69339      0.00000      0.00000
    -84.49551      0.31919      0.00000      0.00000
    -84.48551      0.16006      0.00000      0.00000
    -84.47551      0.08242      0.00000      0.00000
    -84.46551      0.12257      0.00000      0.00000
    -84.45551      0.18446      0.00000      0.00000
    -84.44551      0.20759      0.00000      0.00000
    -84.43551      0.26095      0.00000      0.00000
    -84.42551      0.25102      0.00000      0.00000
    -84.41551      0.20001      0.00000      0.00000
    -84.40551      0.24350      0.00000      0.00000
    -84.39551      0.38925      0.00000      0.00000
    -84.38551      0.59502      0.00000      0.00000
    -84.37551      0.66336      0.00000      0.00000
    -84.36551      0.81944      0.00000      0.00000
    -84.35551      1.05366      0.00000      0.00000
    -84.34551      0.80775      0.00000      0.00000
    -84.33551      0.36894      0.00000      0.00000
    -84.32551      0.24302      0.00000      0.00000
    -84.31551      0.42976      0.00000      0.00000
    -84.30551      0.58271      0.00000      0.00000
    -84.29551      0.45210      0.00000      0.00000
    -84.28551      0.26371      0.00000      0.00000
    -84.27551      0.24147      0.00000      0.00000
    -84.26551      0.42184      0.00000      0.00000
    -84.25551      0.66867      0.00000      0.00000
    -84.24551      0.54202      0.00000      0.00000
    -84.23551      0.24249      0.00000      0.00000
    -84.22551      0.06470      0.00000      0.00000
    -84.21551      0.03465      0.00000      0.00000
    -84.20551      0.10828      0.00000      0.00000
    -84.19551      0.17303      0.00000      0.00000
    -84.18551      0.18867      0.00000      0.00000
    -84.17551      0.26944      0.00000      0.00000
    -84.16551      0.26284      0.00000      0.00000
    -84.15551      0.12349      0.00000      0.00000
    -84.14551      0.07969      0.00000      0.00000
    -84.13551      0.20963      0.00000      0.00000
    -84.12551      0.31731      0.00000      0.00000
    -84.11551      0.26779      0.00000      0.00000
    -84.10551      0.20383      0.00000      0.00000
    -84.09551      0.14294      0.00000      0.00000
    -84.08551      0.14263      0.00000      0.00000
    -84.07551      0.20974      0.00000      0.00000
    -84.06551      0.27109      0.00000      0.00000
    -84.05551      0.28864      0.00000      0.00000
    -84.04551      0.29186      0.00000      0.00000
    -84.03551      0.36872      0.00000      0.00000
    -84.02551      0.37961      0.00000      0.00000
    -84.01551      0.33738      0.00000      0.00000
    -84.00551      0.45955      0.00000      0.00000
    -83.99551      0.41817      0.00000      0.00000
    -83.98551      0.25435      0.00000      0.00000
    -83.97551      0.27308      0.00000      0.00000
    -83.96551      0.41634      0.00000      0.00000
    -83.95551      0.49772      0.00000      0.00000
    -83.94551      0.39714      0.00000      0.00000
    -83.93551      0.29168      0.00000      0.00000
    -83.92551      0.28576      0.00000      0.00000
    -83.91551      0.45229      0.00000      0.00000
    -83.90551      0.56166      0.00000      0.00000
    -83.89551      0.39652      0.00000      0.00000
    -83.88551      0.33686      0.00000      0.00000
    -83.87551      0.41994      0.00000      0.00000
    -83.86551      0.32127      0.00000      0.00000
    -83.85551      0.18509      0.00000      0.00000
    -83.84551      0.26205      0.00000      0.00000
    -83.83551      0.45322      0.00000      0.00000
    -83.82551      0.39818      0.00000      0.00000
    -83.81551      0.14549      0.00000      0.00000
    -83.80551      0.02928      0.00000      0.00000
    -83.79551      0.08181      0.00000      0.00000
    -83.78551      0.31351      0.00000      0.00000
    -83.77551      0.54853      0.00000      0.00000
    -83.76551      0.61823      0.00000      0.00000
    -83.75551      0.63880      0.00000      0.00000
    -83.74551      0.59964      0.00000      0.00000
    -83.73551      0.51061      0.00000      0.00000
    -83.72551      0.29429      0.00000      0.00000
    -83.71551      0.08888      0.00000      0.00000
    -83.70551      0.03809      0.00000      0.00000
    -83.69551      0.12147      0.00000      0.00000
    -83.68551      0.25471      0.00000      0.00000
    -83.67551      0.38315      0.00000      0.00000
    -83.66551      0.55252      0.00000      0.00000
    -83.65551      0.59176      0.00000      0.00000
    -83.64551      0.44478      0.00000      0.00000
    -83.63551      0.37539      0.00000      0.00000
    -83.62551      0.49893      0.00000      0.00000
    -83.61551      0.69286      0.00000      0.00000
    -83.60551      0.78848      0.00000      0.00000
    -83.59551      0.67270      0.00000      0.00000
    -83.58551      0.35317      0.00000      0.00000
    -83.57551      0.11582      0.00000      0.00000
    -83.56551      0.16524      0.00000      0.00000
    -83.55551      0.40544      0.00000      0.00000
    -83.54551      0.50690      0.00000      0.00000
    -83.53551      0.39666      0.00000      0.00000
    -83.52551      0.27092      0.00000      0.00000
    -83.51551      0.23323      0.00000      0.00000
    -83.50551      0.29644      0.00000      0.00000
    -83.49551      0.54118      0.00000      0.00000
    -83.48551      0.80216      0.00000      0.00000
    -83.47551      0.79187      0.00000      0.00000
    -83.46551      0.58481      0.00000      0.00000
    -83.45551      0.38233      0.00000      0.00000
    -83.44551      0.35478      0.00000      0.00000
    -83.43551      0.36711      0.00000      0.00000
    -83.42551      0.27780      0.00000      0.00000
    -83.41551      0.20660      0.00000      0.00000
    -83.40551      0.22802      0.00000      0.00000
    -83.39551      0.37122      0.00000      0.00000
    -83.38551      0.49451      0.00000      0.00000
    -83.37551      0.57509      0.00000      0.00000
    -83.36551      0.47543      0.00000      0.00000
    -83.35551      0.29146      0.00000      0.00000
    -83.34551      0.36089      0.00000      0.00000
    -83.33551      0.58496      0.00000      0.00000
    -83.32551      0.63476      0.00000      0.00000
    -83.31551      0.39336      0.00000      0.00000
    -83.30551      0.14680      0.00000      0.00000
    -83.29551      0.17804      0.00000      0.00000
    -83.28551      0.40596      0.00000      0.00000
    -83.27551      0.48676      0.00000      0.00000
    -83.26551      0.31072      0.00000      0.00000
    -83.25551      0.26236      0.00000      0.00000
    -83.24551      0.36905      0.00000      0.00000
    -83.23551      0.38933      0.00000      0.00000
    -83.22551      0.35966      0.00000      0.00000
    -83.21551      0.33589      0.00000      0.00000
    -83.20551      0.30962      0.00000      0.00000
    -83.19551      0.29391      0.00000      0.00000
    -83.18551      0.29730      0.00000      0.00000
    -83.17551      0.32547      0.00000      0.00000
    -83.16551      0.24984      0.00000      0.00000
    -83.15551      0.15068      0.00000      0.00000
    -83.14551      0.25602      0.00000      0.00000
    -83.13551      0.40674      0.00000      0.00000
    -83.12551      0.43989      0.00000      0.00000
    -83.11551      0.43869      0.00000      0.00000
    -83.10551      0.39325      0.00000      0.00000
    -83.09551      0.25257      0.00000      0.00000
    -83.08551      0.08604      0.00000      0.00000
    -83.07551      0.03355      0.00000      0.00000
    -83.06551      0.09767      0.00000      0.00000
    -83.05551      0.17663      0.00000      0.00000
    -83.04551      0.18782      0.00000      0.00000
    -83.03551      0.18346      0.00000      0.00000
    -83.02551      0.16516      0.00000      0.00000
    -83.01551      0.28776      0.00000      0.00000
    -83.00551      0.46945      0.00000      0.00000
    -82.99551      0.50284      0.00000      0.00000
    -82.98551      0.42859      0.00000      0.00000
    -82.97551      0.33087      0.00000      0.00000
    -82.96551      0.42202      0.00000      0.00000
    -82.95551      0.71344      0.00000      0.00000
    -82.94551      0.83485      0.00000      0.00000
    -82.93551      0.51888      0.00000      0.00000
    -82.92551      0.25353      0.00000      0.00000
    -82.91551      0.28613      0.00000      0.00000
    -82.90551      0.34166      0.00000      0.00000
    -82.89551      0.36672      0.00000      0.00000
    -82.88551      0.44540      0.00000      0.00000
    -82.87551      0.53639      0.00000      0.00000
    -82.86551      0.60481      0.00000      0.00000
    -82.85551      0.48712      0.00000      0.00000
    -82.84551      0.25178      0.00000      0.00000
    -82.83551      0.14092      0.00000      0.00000
    -82.82551      0.23174      0.00000      0.00000
    -82.81551      0.34587      0.00000      0.00000
    -82.80551      0.31873      0.00000      0.00000
    -82.79551      0.27407      0.00000      0.00000
    -82.78551      0.29903      0.00000      0.00000
    -82.77551      0.39335      0.00000      0.00000
    -82.76551      0.51812      0.00000      0.00000
    -82.75551      0.45174      0.00000      0.00000
    -82.74551      0.20070      0.00000      0.00000
    -82.73551      0.08652      0.00000      0.00000
    -82.72551      0.08682      0.00000      0.00000
    -82.71551      0.09726      0.00000      0.00000
    -82.70551      0.18453      0.00000      0.00000
    -82.69551      0.27470      0.00000      0.00000
    -82.68551      0.29234      0.00000      0.00000
    -82.67551      0.31223      0.00000      0.00000
    -82.66551      0.37494      0.00000      0.00000
    -82.65551      0.39370      0.00000      0.00000
    -82.64551      0.31169      0.00000      0.00000
    -82.63551      0.24858      0.00000      0.00000
    -82.62551      0.28516      0.00000      0.00000
    -82.61551      0.29008      0.00000      0.00000
    -82.60551      0.25184      0.00000      0.00000
    -82.59551      0.30675      0.00000      0.00000
    -82.58551      0.49438      0.00000      0.00000
    -82.57551      0.61486      0.00000      0.00000
    -82.56551      0.56032      0.00000      0.00000
    -82.55551      0.43934      0.00000      0.00000
    -82.54551      0.45889      0.00000      0.00000
    -82.53551      0.48076      0.00000      0.00000
    -82.52551      0.30306      0.00000      0.00000
    -82.51551      0.08836      0.00000      0.00000
    -82.50551      0.02878      0.00000      0.00000
    -82.49551      0.09080      0.00000      0.00000
    -82.48551      0.17327      0.00000      0.00000
    -82.47551      0.20258      0.00000      0.00000
    -82.46551      0.33604      0.00000      0.00000
    -82.45551      0.61020      0.00000      0.00000
    -82.44551      0.65380      0.00000      0.00000
    -82.43551      0.46624      0.00000      0.00000
    -82.42551      0.48487      0.00000      0.00000
    -82.41551      0.48279      0.00000      0.00000
    -82.40551      0.41841      0.00000      0.00000
    -82.39551      0.33344      0.00000      0.00000
    -82.38551      0.17281      0.00000      0.00000
    -82.37551      0.05364      0.00000      0.00000
    -82.36551      0.07303      0.00000      0.00000
    -82.35551      0.19219      0.00000      0.00000
    -82.34551      0.34310      0.00000      0.00000
    -82.33551      0.52789      0.00000      0.00000
    -82.32551      0.56561      0.00000      0.00000
    -82.31551      0.48439      0.00000      0.00000
    -82.30551      0.59801      0.00000      0.00000
    -82.29551      0.80424      0.00000      0.00000
    -82.28551      0.85676      0.00000      0.00000
    -82.27551      0.77820      0.00000      0.00000
    -82.26551      0.54327      0.00000      0.00000
    -82.25551      0.23489      0.00000      0.00000
    -82.24551      0.09979      0.00000      0.00000
    -82.23551      0.25709      0.00000      0.00000
    -82.22551      0.51064      0.00000      0.00000
    -82.21551      0.57206      0.00000      0.00000
    -82.20551      0.60456      0.00000      0.00000
    -82.19551      0.61833      0.00000      0.00000
    -82.18551      0.43287      0.00000      0.00000
    -82.17551      0.29292      0.00000      0.00000
    -82.16551      0.29523      0.00000      0.00000
    -82.15551      0.20540      0.00000      0.00000
    -82.14551      0.12919      0.00000      0.00000
    -82.13551      0.19451      0.00000      0.00000
    -82.12551      0.25410      0.00000      0.00000
    -82.11551      0.18834      0.00000      0.00000
    -82.10551      0.06845      0.00000      0.00000
    -82.09551      0.01655      0.00000      0.00000
    -82.08551      0.05671      0.00000      0.00000
    -82.07551      0.19926      0.00000      0.00000
    -82.06551      0.29239      0.00000      0.00000
    -82.05551      0.19064      0.00000      0.00000
    -82.04551      0.12406      0.00000      0.00000
    -82.03551      0.22025      0.00000      0.00000
    -82.02551      0.30155      0.00000      0.00000
    -82.01551      0.28322      0.00000      0.00000
    -82.00551      0.19536      0.00000      0.00000
    -81.99551      0.09170      0.00000      0.00000
    -81.98551      0.11492      0.00000      0.00000
    -81.97551      0.24588      0.00000      0.00000
    -81.96551      0.30338      0.00000      0.00000
    -81.95551      0.26609      0.00000      0.00000
    -81.94551      0.20477      0.00000      0.00000
    -81.93551      0.18328      0.00000      0.00000
    -81.92551      0.20975      0.00000      0.00000
    -81.91551      0.29029      0.00000      0.00000
    -81.90551      0.51374      0.00000      0.00000
    -81.89551      0.58857      0.00000      0.00000
    -81.88551      0.48426      0.00000      0.00000
    -81.87551      0.38294      0.00000      0.00000
    -81.86551      0.28801      0.00000      0.00000
    -81.85551      0.39523      0.00000      0.00000
    -81.84551      0.76848      0.00000      0.00000
    -81.83551      0.90853      0.00000      0.00000
    -81.82551      0.48497      0.00000      0.00000
    -81.81551      0.19008      0.00000      0.00000
    -81.80551      0.29115      0.00000      0.00000
    -81.79551      0.42331      0.00000      0.00000
    -81.78551      0.46868      0.00000      0.00000
    -81.77551      0.49464      0.00000      0.00000
    -81.76551      0.52485      0.00000      0.00000
    -81.75551      0.61767      0.00000      0.00000
    -81.74551      0.56250      0.00000      0.00000
    -81.73551      0.35041      0.00000      0.00000
    -81.72551      0.33913      0.00000      0.00000
    -81.71551      0.50691      0.00000      0.00000
    -81.70551      0.46357      0.00000      0.00000
    -81.69551      0.22699      0.00000      0.00000
    -81.68551      0.15956      0.00000      0.00000
    -81.67551      0.23906      0.00000      0.00000
    -81.66551      0.23657      0.00000      0.00000
    -81.65551      0.12322      0.00000      0.00000
    -81.64551      0.02858      0.00000      0.00000
    -81.63551      0.00488      0.00000      0.00000
    -81.62551      0.03221      0.00000      0.00000
    -81.61551      0.17212      0.00000      0.00000
    -81.60551      0.39044      0.00000      0.00000
    -81.59551      0.53861      0.00000      0.00000
    -81.58551      0.69605      0.00000      0.00000
    -81.57551      0.76523      0.00000      0.00000
    -81.56551      0.70599      0.00000      0.00000
    -81.55551      0.57345      0.00000      0.00000
    -81.54551      0.52031      0.00000      0.00000
    -81.53551      0.52511      0.00000      0.00000
    -81.52551      0.39198      0.00000      0.00000
    -81.51551      0.27634      0.00000      0.00000
    -81.50551      0.14433      0.00000      0.00000
    -81.49551      0.08201      0.00000      0.00000
    -81.48551      0.17106      0.00000      0.00000
    -81.47551      0.26559      0.00000      0.00000
    -81.46551      0.26997      0.00000      0.00000
    -81.45551      0.30831      0.00000      0.00000
    -81.44551      0.44028      0.00000      0.00000
    -81.43551      0.52744      0.00000      0.00000
    -81.42551      0.58336      0.00000      0.00000
    -81.41551      0.56663      0.00000      0.00000
    -81.40551      0.48344      0.00000      0.00000
    -81.39551      0.60764      0.00000      0.00000
    -81.38551      0.67940      0.00000      0.00000
    -81.37551      0.49635      0.00000      0.00000
    -81.36551      0.40159      0.00000      0.00000
    -81.35551      0.42207      0.00000      0.00000
    -81.34551      0.27530      0.00000      0.00000
    -81.33551      0.07834      0.00000      0.00000
    -81.32551      0.00879      0.00000      0.00000
    -81.31551      0.00157      0.00000      0.00000
    -81.30551      0.01757      0.00000      0.00000
    -81.29551      0.10116      0.00000      0.00000
    -81.28551      0.24996      0.00000      0.00000
    -81.27551      0.32833      0.00000      0.00000
    -81.26551      0.40536      0.00000      0.00000
    -81.25551      0.59710      0.00000      0.00000
    -81.24551      0.71274      0.00000      0.00000
    -81.23551      0.67674      0.00000      0.00000
    -81.22551      0.49980      0.00000      0.00000
    -81.21551      0.31149      0.00000      0.00000
    -81.20551      0.17071      0.00000      0.00000
    -81.19551      0.14112      0.00000      0.00000
    -81.18551      0.29291      0.00000      0.00000
    -81.17551      0.50017      0.00000      0.00000
    -81.16551      0.65878      0.00000      0.00000
    -81.15551      0.57416      0.00000      0.00000
    -81.14551      0.38167      0.00000      0.00000
    -81.13551      0.45897      0.00000      0.00000
    -81.12551      0.55715      0.00000      0.00000
    -81.11551      0.50154      0.00000      0.00000
    -81.10551      0.51639      0.00000      0.00000
    -81.09551      0.53583      0.00000      0.00000
    -81.08551      0.47135      0.00000      0.00000
    -81.07551      0.48050      0.00000      0.00000
    -81.06551      0.52839      0.00000      0.00000
    -81.05551      0.47671      0.00000      0.00000
    -81.04551      0.42382      0.00000      0.00000
    -81.03551      0.33663      0.00000      0.00000
    -81.02551      0.28968      0.00000      0.00000
    -81.01551      0.28459      0.00000      0.00000
    -81.00551      0.29353      0.00000      0.00000
    -80.99551      0.36427      0.00000      0.00000
    -80.98551      0.39033      0.00000      0.00000
    -80.97551      0.37320      0.00000      0.00000
    -80.96551      0.35060      0.00000      0.00000
    -80.95551      0.40305      0.00000      0.00000
    -80.94551      0.49045      0.00000      0.00000
    -80.93551      0.48982      0.00000      0.00000
    -80.92551      0.43591      0.00000      0.00000
    -80.91551      0.36791      0.00000      0.00000
    -80.90551      0.38001      0.00000      0.00000
    -80.89551      0.41598      0.00000      0.00000
    -80.88551      0.53906      0.00000      0.00000
    -80.87551      0.67959      0.00000      0.00000
    -80.86551      0.57306      0.00000      0.00000
    -80.85551      0.25466      0.00000      0.00000
    -80.84551      0.07511      0.00000      0.00000
    -80.83551      0.10708      0.00000      0.00000
    -80.82551      0.15774      0.00000      0.00000
    -80.81551      0.12106      0.00000      0.00000
    -80.80551      0.23246      0.00000      0.00000
    -80.79551      0.58251      0.00000      0.00000
    -80.78551      0.75298      0.00000      0.00000
    -80.77551      0.60568      0.00000      0.00000
    -80.76551      0.39364      0.00000      0.00000
    -80.75551      0.21738      0.00000      0.00000
    -80.74551      0.22126      0.00000      0.00000
    -80.73551      0.30366      0.00000      0.00000
    -80.72551      0.43051      0.00000      0.00000
    -80.71551      0.62645      0.00000      0.00000
    -80.70551      0.67540      0.00000      0.00000
    -80.69551      0.47685      0.00000      0.00000
    -80.68551      0.29243      0.00000      0.00000
    -80.67551      0.30392      0.00000      0.00000
    -80.66551      0.43019      0.00000      0.00000
    -80.65551      0.41992      0.00000      0.00000
    -80.64551      0.41604      0.00000      0.00000
    -80.63551      0.46267      0.00000      0.00000
    -80.62551      0.43608      0.00000      0.00000
    -80.61551      0.35764      0.00000      0.00000
    -80.60551      0.27215      0.00000      0.00000
    -80.59551      0.28714      0.00000      0.00000
    -80.58551      0.40836      0.00000      0.00000
    -80.57551      0.50906      0.00000      0.00000
    -80.56551      0.51079      0.00000      0.00000
    -80.55551      0.45918      0.00000      0.00000
    -80.54551      0.37441      0.00000      0.00000
    -80.53551      0.29559      0.00000      0.00000
    -80.52551      0.22390      0.00000      0.00000
    -80.51551      0.19730      0.00000      0.00000
    -80.50551      0.16973      0.00000      0.00000
    -80.49551      0.18952      0.00000      0.00000
    -80.48551      0.21845      0.00000      0.00000
    -80.47551      0.26553      0.00000      0.00000
    -80.46551      0.26264      0.00000      0.00000
    -80.45551      0.14625      0.00000      0.00000
    -80.44551      0.09280      0.00000      0.00000
    -80.43551      0.23893      0.00000      0.00000
    -80.42551      0.43201      0.00000      0.00000
    -80.41551      0.47929      0.00000      0.00000
    -80.40551      0.43335      0.00000      0.00000
    -80.39551      0.37034      0.00000      0.00000
    -80.38551      0.34654      0.00000      0.00000
    -80.37551      0.48286      0.00000      0.00000
    -80.36551      0.62092      0.00000      0.00000
    -80.35551      0.54060      0.00000      0.00000
    -80.34551      0.55442      0.00000      0.00000
    -80.33551      0.68663      0.00000      0.00000
    -80.32551      0.56738      0.00000      0.00000
    -80.31551      0.37638      0.00000      0.00000
    -80.30551      0.39404      0.00000      0.00000
    -80.29551      0.50422      0.00000      0.00000
    -80.28551      0.48094      0.00000      0.00000
    -80.27551      0.27137      0.00000      0.00000
    -80.26551      0.10527      0.00000      0.00000
    -80.25551      0.08387      0.00000      0.00000
    -80.24551      0.06868      0.00000      0.00000
    -80.23551      0.11860      0.00000      0.00000
    -80.22551      0.35973      0.00000      0.00000
    -80.21551      0.54271      0.00000      0.00000
    -80.20551      0.52897      0.00000      0.00000
    -80.19551      0.47313      0.00000      0.00000
    -80.18551      0.34069      0.00000      0.00000
    -80.17551      0.38637      0.00000      0.00000
    -80.16551      0.58579      0.00000      0.00000
    -80.15551      0.57917      0.00000      0.00000
    -80.14551      0.40998      0.00000      0.00000
    -80.13551      0.50930      0.00000      0.00000
    -80.12551      0.80030      0.00000      0.00000
    -80.11551      0.64047      0.00000      0.00000
    -80.10551      0.37247      0.00000      0.00000
    -80.09551      0.49960      0.00000      0.00000
    -80.08551      0.70252      0.00000      0.00000
    -80.07551      0.67681      0.00000      0.00000
    -80.06551      0.58588      0.00000      0.00000
    -80.05551      0.44898      0.00000      0.00000
    -80.04551      0.30301      0.00000      0.00000
    -80.03551      0.39172      0.00000      0.00000
    -80.02551      0.50618      0.00000      0.00000
    -80.01551      0.49322      0.00000      0.00000
    -80.00551      0.46601      0.00000      0.00000
    -79.99551      0.55359      0.00000      0.00000
    -79.98551      0.65549      0.00000      0.00000
    -79.97551      0.43110      0.00000      0.00000
    -79.96551      0.19597      0.00000      0.00000
    -79.95551      0.27636      0.00000      0.00000
    -79.94551      0.46445      0.00000      0.00000
    -79.93551      0.51723      0.00000      0.00000
    -79.92551      0.54684      0.00000      0.00000
    -79.91551      0.78300      0.00000      0.00000
    -79.90551      0.84916      0.00000      0.00000
    -79.89551      0.64918      0.00000      0.00000
    -79.88551      0.50052      0.00000      0.00000
    -79.87551      0.33258      0.00000      0.00000
    -79.86551      0.20274      0.00000      0.00000
    -79.85551      0.21386      0.00000      0.00000
    -79.84551      0.25193      0.00000      0.00000
    -79.83551      0.28793      0.00000      0.00000
    -79.82551      0.27411      0.00000      0.00000
    -79.81551      0.31116      0.00000      0.00000
    -79.80551      0.37552      0.00000      0.00000
    -79.79551      0.42866      0.00000      0.00000
    -79.78551      0.58107      0.00000      0.00000
    -79.77551      0.60021      0.00000      0.00000
    -79.76551      0.48471      0.00000      0.00000
    -79.75551      0.27396      0.00000      0.00000
    -79.74551      0.10604      0.00000      0.00000
    -79.73551      0.17547      0.00000      0.00000
    -79.72551      0.44705      0.00000      0.00000
    -79.71551      0.56940      0.00000      0.00000
    -79.70551      0.59547      0.00000      0.00000
    -79.69551      0.62612      0.00000      0.00000
    -79.68551      0.59103      0.00000      0.00000
    -79.67551      0.50031      0.00000      0.00000
    -79.66551      0.28728      0.00000      0.00000
    -79.65551      0.09734      0.00000      0.00000
    -79.64551      0.09674      0.00000      0.00000
    -79.63551      0.38811      0.00000      0.00000
    -79.62551      0.90422      0.00000      0.00000
    -79.61551      1.08776      0.00000      0.00000
    -79.60551      0.76266      0.00000      0.00000
    -79.59551      0.57287      0.00000      0.00000
    -79.58551      0.48210      0.00000      0.00000
    -79.57551      0.25537      0.00000      0.00000
    -79.56551      0.16776      0.00000      0.00000
    -79.55551      0.30377      0.00000      0.00000
    -79.54551      0.60402      0.00000      0.00000
    -79.53551      0.73391      0.00000      0.00000
    -79.52551      0.53341      0.00000      0.00000
    -79.51551      0.39539      0.00000      0.00000
    -79.50551      0.42135      0.00000      0.00000
    -79.49551      0.41981      0.00000      0.00000
    -79.48551      0.42487      0.00000      0.00000
    -79.47551      0.36746      0.00000      0.00000
    -79.46551      0.26828      0.00000      0.00000
    -79.45551      0.24479      0.00000      0.00000
    -79.44551      0.38312      0.00000      0.00000
    -79.43551      0.51241      0.00000      0.00000
    -79.42551      0.39308      0.00000      0.00000
    -79.41551      0.34245      0.00000      0.00000
    -79.40551      0.44762      0.00000      0.00000
    -79.39551      0.43032      0.00000      0.00000
    -79.38551      0.34869      0.00000      0.00000
    -79.37551      0.44031      0.00000      0.00000
    -79.36551      0.69489      0.00000      0.00000
    -79.35551      0.89698      0.00000      0.00000
    -79.34551      0.97335      0.00000      0.00000
    -79.33551      0.79575      0.00000      0.00000
    -79.32551      0.46260      0.00000      0.00000
    -79.31551      0.33596      0.00000      0.00000
    -79.30551      0.26280      0.00000      0.00000
    -79.29551      0.23173      0.00000      0.00000
    -79.28551      0.25071      0.00000      0.00000
    -79.27551      0.22375      0.00000      0.00000
    -79.26551      0.34724      0.00000      0.00000
    -79.25551      0.55754      0.00000      0.00000
    -79.24551      0.67515      0.00000      0.00000
    -79.23551      0.77423      0.00000      0.00000
    -79.22551      0.62643      0.00000      0.00000
    -79.21551      0.30343      0.00000      0.00000
    -79.20551      0.34478      0.00000      0.00000
    -79.19551      0.50892      0.00000      0.00000
    -79.18551      0.39069      0.00000      0.00000
    -79.17551      0.20414      0.00000      0.00000
    -79.16551      0.12781      0.00000      0.00000
    -79.15551      0.33073      0.00000      0.00000
    -79.14551      0.73068      0.00000      0.00000
    -79.13551      0.79461      0.00000      0.00000
    -79.12551      0.52569      0.00000      0.00000
    -79.11551      0.44285      0.00000      0.00000
    -79.10551      0.42569      0.00000      0.00000
    -79.09551      0.35664      0.00000      0.00000
    -79.08551      0.30583      0.00000      0.00000
    -79.07551      0.27846      0.00000      0.00000
    -79.06551      0.27227      0.00000      0.00000
    -79.05551      0.33972      0.00000      0.00000
    -79.04551      0.46116      0.00000      0.00000
    -79.03551      0.33873      0.00000      0.00000
    -79.02551      0.16701      0.00000      0.00000
    -79.01551      0.17390      0.00000      0.00000
    -79.00551      0.20190      0.00000      0.00000
    -78.99551      0.28301      0.00000      0.00000
    -78.98551      0.47250      0.00000      0.00000
    -78.97551      0.65400      0.00000      0.00000
    -78.96551      0.58211      0.00000      0.00000
    -78.95551      0.32289      0.00000      0.00000
    -78.94551      0.24794      0.00000      0.00000
    -78.93551      0.33445      0.00000      0.00000
    -78.92551      0.35658      0.00000      0.00000
    -78.91551      0.25296      0.00000      0.00000
    -78.90551      0.28890      0.00000      0.00000
    -78.89551      0.36977      0.00000      0.00000
    -78.88551      0.37246      0.00000      0.00000
    -78.87551      0.32224      0.00000      0.00000
    -78.86551      0.15680      0.00000      0.00000
    -78.85551      0.15103      0.00000      0.00000
    -78.84551      0.37333      0.00000      0.00000
    -78.83551      0.47530      0.00000      0.00000
    -78.82551      0.40742      0.00000      0.00000
    -78.81551      0.42652      0.00000      0.00000
    -78.80551      0.43884      0.00000      0.00000
    -78.79551      0.36523      0.00000      0.00000
    -78.78551      0.33734      0.00000      0.00000
    -78.77551      0.41526      0.00000      0.00000
    -78.76551      0.36058      0.00000      0.00000
    -78.75551      0.27148      0.00000      0.00000
    -78.74551      0.37975      0.00000      0.00000
    -78.73551      0.43432      0.00000      0.00000
    -78.72551      0.32588      0.00000      0.00000
    -78.71551      0.35931      0.00000      0.00000
    -78.70551      0.40789      0.00000      0.00000
    -78.69551      0.27187      0.00000      0.00000
    -78.68551      0.21530      0.00000      0.00000
    -78.67551      0.44678      0.00000      0.00000
    -78.66551      0.76776      0.00000      0.00000
    -78.65551      0.81182      0.00000      0.00000
    -78.64551      0.45739      0.00000      0.00000
    -78.63551      0.19503      0.00000      0.00000
    -78.62551      0.17054      0.00000      0.00000
    -78.61551      0.13989      0.00000      0.00000
    -78.60551      0.15912      0.00000      0.00000
    -78.59551      0.21958      0.00000      0.00000
    -78.58551      0.37070      0.00000      0.00000
    -78.57551      0.69985      0.00000      0.00000
    -78.56551      0.90603      0.00000      0.00000
    -78.55551      0.87334      0.00000      0.00000
    -78.54551      0.71816      0.00000      0.00000
    -78.53551      0.64995      0.00000      0.00000
    -78.52551      0.60614      0.00000      0.00000
    -78.51551      0.33872      0.00000      0.00000
    -78.50551      0.08900      0.00000      0.00000
    -78.49551      0.02368      0.00000      0.00000
    -78.48551      0.11198      0.00000      0.00000
    -78.47551      0.35752      0.00000      0.00000
    -78.46551      0.50572      0.00000      0.00000
    -78.45551      0.42122      0.00000      0.00000
    -78.44551      0.35872      0.00000      0.00000
    -78.43551      0.40585      0.00000      0.00000
    -78.42551      0.48397      0.00000      0.00000
    -78.41551      0.44318      0.00000      0.00000
    -78.40551      0.34060      0.00000      0.00000
    -78.39551      0.27007      0.00000      0.00000
    -78.38551      0.22743      0.00000      0.00000
    -78.37551      0.24776      0.00000      0.00000
    -78.36551      0.31469      0.00000      0.00000
    -78.35551      0.43319      0.00000      0.00000
    -78.34551      0.56504      0.00000      0.00000
    -78.33551      0.48575      0.00000      0.00000
    -78.32551      0.35400      0.00000      0.00000
    -78.31551      0.33009      0.00000      0.00000
    -78.30551      0.52058      0.00000      0.00000
    -78.29551      0.82354      0.00000      0.00000
    -78.28551      0.88954      0.00000      0.00000
    -78.27551      0.75435      0.00000      0.00000
    -78.26551      0.52348      0.00000      0.00000
    -78.25551      0.46897      0.00000      0.00000
    -78.24551      0.50046      0.00000      0.00000
    -78.23551      0.45607      0.00000      0.00000
    -78.22551      0.46623      0.00000      0.00000
    -78.21551      0.63834      0.00000      0.00000
    -78.20551      0.85057      0.00000      0.00000
    -78.19551      0.70388      0.00000      0.00000
    -78.18551      0.44951      0.00000      0.00000
    -78.17551      0.40208      0.00000      0.00000
    -78.16551      0.35897      0.00000      0.00000
    -78.15551      0.33107      0.00000      0.00000
    -78.14551      0.43562      0.00000      0.00000
    -78.13551      0.49289      0.00000      0.00000
    -78.12551      0.41499      0.00000      0.00000
    -78.11551      0.44189      0.00000      0.00000
    -78.10551      0.55028      0.00000      0.00000
    -78.09551      0.43337      0.00000      0.00000
    -78.08551      0.25113      0.00000      0.00000
    -78.07551      0.31267      0.00000      0.00000
    -78.06551      0.41776      0.00000      0.00000
    -78.05551      0.42817      0.00000      0.00000
    -78.04551      0.45894      0.00000      0.00000
    -78.03551      0.72283      0.00000      0.00000
    -78.02551      0.96630      0.00000      0.00000
    -78.01551      0.75074      0.00000      0.00000
    -78.00551      0.44938      0.00000      0.00000
    -77.99551      0.29791      0.00000      0.00000
    -77.98551      0.25191      0.00000      0.00000
    -77.97551      0.31101      0.00000      0.00000
    -77.96551      0.49649      0.00000      0.00000
    -77.95551      0.53832      0.00000      0.00000
    -77.94551      0.40286      0.00000      0.00000
    -77.93551      0.39207      0.00000      0.00000
    -77.92551      0.55086      0.00000      0.00000
    -77.91551      0.66416      0.00000      0.00000
    -77.90551      0.63271      0.00000      0.00000
    -77.89551      0.56471      0.00000      0.00000
    -77.88551      0.35245      0.00000      0.00000
    -77.87551      0.12640      0.00000      0.00000
    -77.86551      0.10965      0.00000      0.00000
    -77.85551      0.15669      0.00000      0.00000
    -77.84551      0.09868      0.00000      0.00000
    -77.83551      0.07020      0.00000      0.00000
    -77.82551      0.14488      0.00000      0.00000
    -77.81551      0.20932      0.00000      0.00000
    -77.80551      0.35637      0.00000      0.00000
    -77.79551      0.53835      0.00000      0.00000
    -77.78551      0.50792      0.00000      0.00000
    -77.77551      0.45911      0.00000      0.00000
    -77.76551      0.52401      0.00000      0.00000
    -77.75551      0.64943      0.00000      0.00000
    -77.74551      0.57683      0.00000      0.00000
    -77.73551      0.40830      0.00000      0.00000
    -77.72551      0.41578      0.00000      0.00000
    -77.71551      0.66109      0.00000      0.00000
    -77.70551      0.81704      0.00000      0.00000
    -77.69551      0.56028      0.00000      0.00000
    -77.68551      0.28773      0.00000      0.00000
    -77.67551      0.26054      0.00000      0.00000
    -77.66551      0.29366      0.00000      0.00000
    -77.65551      0.24439      0.00000      0.00000
    -77.64551      0.19310      0.00000      0.00000
    -77.63551      0.21573      0.00000      0.00000
    -77.62551      0.25315      0.00000      0.00000
    -77.61551      0.36110      0.00000      0.00000
    -77.60551      0.48566      0.00000      0.00000
    -77.59551      0.43902      0.00000      0.00000
    -77.58551      0.45858      0.00000      0.00000
    -77.57551      0.69678      0.00000      0.00000
    -77.56551      0.79126      0.00000      0.00000
    -77.55551      0.71425      0.00000      0.00000
    -77.54551      0.65844      0.00000      0.00000
    -77.53551      0.59678      0.00000      0.00000
    -77.52551      0.65441      0.00000      0.00000
    -77.51551      0.57830      0.00000      0.00000
    -77.50551      0.33413      0.00000      0.00000
    -77.49551      0.18468      0.00000      0.00000
    -77.48551      0.16782      0.00000      0.00000
    -77.47551      0.32688      0.00000      0.00000
    -77.46551      0.55453      0.00000      0.00000
    -77.45551      0.75336      0.00000      0.00000
    -77.44551      0.69696      0.00000      0.00000
    -77.43551      0.36800      0.00000      0.00000
    -77.42551      0.11529      0.00000      0.00000
    -77.41551      0.12873      0.00000      0.00000
    -77.40551      0.26491      0.00000      0.00000
    -77.39551      0.30226      0.00000      0.00000
    -77.38551      0.33045      0.00000      0.00000
    -77.37551      0.45432      0.00000      0.00000
    -77.36551      0.41427      0.00000      0.00000
    -77.35551      0.19683      0.00000      0.00000
    -77.34551      0.07487      0.00000      0.00000
    -77.33551      0.14782      0.00000      0.00000
    -77.32551      0.30378      0.00000      0.00000
    -77.31551      0.40106      0.00000      0.00000
    -77.30551      0.37100      0.00000      0.00000
    -77.29551      0.22486      0.00000      0.00000
    -77.28551      0.10181      0.00000      0.00000
    -77.27551      0.20758      0.00000      0.00000
    -77.26551      0.58979      0.00000      0.00000
    -77.25551      0.91180      0.00000      0.00000
    -77.24551      0.82613      0.00000      0.00000
    -77.23551      0.44339      0.00000      0.00000
    -77.22551      0.20442      0.00000      0.00000
    -77.21551      0.32988      0.00000      0.00000
    -77.20551      0.60716      0.00000      0.00000
    -77.19551      0.59521      0.00000      0.00000
    -77.18551      0.28982      0.00000      0.00000
    -77.17551      0.12841      0.00000      0.00000
    -77.16551      0.16298      0.00000      0.00000
    -77.15551      0.16621      0.00000      0.00000
    -77.14551      0.17653      0.00000      0.00000
    -77.13551      0.34267      0.00000      0.00000
    -77.12551      0.55808      0.00000      0.00000
    -77.11551      0.46261      0.00000      0.00000
    -77.10551      0.17886      0.00000      0.00000
    -77.09551      0.08440      0.00000      0.00000
    -77.08551      0.24201      0.00000      0.00000
    -77.07551      0.45026      0.00000      0.00000
    -77.06551      0.49014      0.00000      0.00000
    -77.05551      0.44515      0.00000      0.00000
    -77.04551      0.36876      0.00000      0.00000
    -77.03551      0.38810      0.00000      0.00000
    -77.02551      0.46037      0.00000      0.00000
    -77.01551      0.57955      0.00000      0.00000
    -77.00551      0.52826      0.00000      0.00000
    -76.99551      0.30806      0.00000      0.00000
    -76.98551      0.21391      0.00000      0.00000
    -76.97551      0.20874      0.00000      0.00000
    -76.96551      0.28880      0.00000      0.00000
    -76.95551      0.31666      0.00000      0.00000
    -76.94551      0.24404      0.00000      0.00000
    -76.93551      0.27742      0.00000      0.00000
    -76.92551      0.26571      0.00000      0.00000
    -76.91551      0.17620      0.00000      0.00000
    -76.90551      0.16844      0.00000      0.00000
    -76.89551      0.12119      0.00000      0.00000
    -76.88551      0.03594      0.00000      0.00000
    -76.87551      0.01677      0.00000      0.00000
    -76.86551      0.10258      0.00000      0.00000
    -76.85551      0.33589      0.00000      0.00000
    -76.84551      0.56083      0.00000      0.00000
    -76.83551      0.62565      0.00000      0.00000
    -76.82551      0.54629      0.00000      0.00000
    -76.81551      0.50104      0.00000      0.00000
    -76.80551      0.50214      0.00000      0.00000
    -76.79551      0.49425      0.00000      0.00000
    -76.78551      0.54071      0.00000      0.00000
    -76.77551      0.44165      0.00000      0.00000
    -76.76551      0.18625      0.00000      0.00000
    -76.75551      0.07329      0.00000      0.00000
    -76.74551      0.22022      0.00000      0.00000
    -76.73551      0.48895      0.00000      0.00000
    -76.72551      0.50836      0.00000      0.00000
    -76.71551      0.31838      0.00000      0.00000
    -76.70551      0.15284      0.00000      0.00000
    -76.69551      0.10319      0.00000      0.00000
    -76.68551      0.20214      0.00000      0.00000
    -76.67551      0.34310      0.00000      0.00000
    -76.66551      0.55740      0.00000      0.00000
    -76.65551      0.80910      0.00000      0.00000
    -76.64551      0.76329      0.00000      0.00000
    -76.63551      0.44427      0.00000      0.00000
    -76.62551      0.28634      0.00000      0.00000
    -76.61551      0.30820      0.00000      0.00000
    -76.60551      0.23429      0.00000      0.00000
    -76.59551      0.15480      0.00000      0.00000
    -76.58551      0.35887      0.00000      0.00000
    -76.57551      0.62598      0.00000      0.00000
    -76.56551      0.50453      0.00000      0.00000
    -76.55551      0.26810      0.00000      0.00000
    -76.54551      0.30839      0.00000      0.00000
    -76.53551      0.46778      0.00000      0.00000
    -76.52551      0.48496      0.00000      0.00000
    -76.51551      0.39224      0.00000      0.00000
    -76.50551      0.38038      0.00000      0.00000
    -76.49551      0.46206      0.00000      0.00000
    -76.48551      0.55252      0.00000      0.00000
    -76.47551      0.46425      0.00000      0.00000
    -76.46551      0.33797      0.00000      0.00000
    -76.45551      0.30346      0.00000      0.00000
    -76.44551      0.25048      0.00000      0.00000
    -76.43551      0.22801      0.00000      0.00000
    -76.42551      0.28769      0.00000      0.00000
    -76.41551      0.42986      0.00000      0.00000
    -76.40551      0.49360      0.00000      0.00000
    -76.39551      0.36447      0.00000      0.00000
    -76.38551      0.34756      0.00000      0.00000
    -76.37551      0.43266      0.00000      0.00000
    -76.36551      0.37589      0.00000      0.00000
    -76.35551      0.29682      0.00000      0.00000
    -76.34551      0.26177      0.00000      0.00000
    -76.33551      0.19766      0.00000      0.00000
    -76.32551      0.18136      0.00000      0.00000
    -76.31551      0.22406      0.00000      0.00000
    -76.30551      0.31214      0.00000      0.00000
    -76.29551      0.40144      0.00000      0.00000
    -76.28551      0.43144      0.00000      0.00000
    -76.27551      0.53622      0.00000      0.00000
    -76.26551      0.57184      0.00000      0.00000
    -76.25551      0.40173      0.00000      0.00000
    -76.24551      0.29014      0.00000      0.00000
    -76.23551      0.31999      0.00000      0.00000
    -76.22551      0.38473      0.00000      0.00000
    -76.21551      0.34422      0.00000      0.00000
    -76.20551      0.21010      0.00000      0.00000
    -76.19551      0.08432      0.00000      0.00000
    -76.18551      0.08615      0.00000      0.00000
    -76.17551      0.20971      0.00000      0.00000
    -76.16551      0.27798      0.00000      0.00000
    -76.15551      0.26778      0.00000      0.00000
    -76.14551      0.49230      0.00000      0.00000
    -76.13551      0.89469      0.00000      0.00000
    -76.12551      0.92681      0.00000      0.00000
    -76.11551      0.67261      0.00000      0.00000
    -76.10551      0.47706      0.00000      0.00000
    -76.09551      0.31820      0.00000      0.00000
    -76.08551      0.21830      0.00000      0.00000
    -76.07551      0.19512      0.00000      0.00000
    -76.06551      0.22350      0.00000      0.00000
    -76.05551      0.21439      0.00000      0.00000
    -76.04551      0.22085      0.00000      0.00000
    -76.03551      0.23601      0.00000      0.00000
    -76.02551      0.25960      0.00000      0.00000
    -76.01551      0.28164      0.00000      0.00000
    -76.00551      0.28593      0.00000      0.00000
    -75.99551      0.30433      0.00000      0.00000
    -75.98551      0.37582      0.00000      0.00000
    -75.97551      0.44632      0.00000      0.00000
    -75.96551      0.42193      0.00000      0.00000
    -75.95551      0.30640      0.00000      0.00000
    -75.94551      0.34323      0.00000      0.00000
    -75.93551      0.46600      0.00000      0.00000
    -75.92551      0.40910      0.00000      0.00000
    -75.91551      0.33851      0.00000      0.00000
    -75.90551      0.31577      0.00000      0.00000
    -75.89551      0.21505      0.00000      0.00000
    -75.88551      0.20895      0.00000      0.00000
    -75.87551      0.48941      0.00000      0.00000
    -75.86551      0.58318      0.00000      0.00000
    -75.85551      0.28582      0.00000      0.00000
    -75.84551      0.16353      0.00000      0.00000
    -75.83551      0.34831      0.00000      0.00000
    -75.82551      0.46802      0.00000      0.00000
    -75.81551      0.43752      0.00000      0.00000
    -75.80551      0.42933      0.00000      0.00000
    -75.79551      0.39165      0.00000      0.00000
    -75.78551      0.46348      0.00000      0.00000
    -75.77551      0.58716      0.00000      0.00000
    -75.76551      0.44474      0.00000      0.00000
    -75.75551      0.17362      0.00000      0.00000
    -75.74551      0.03842      0.00000      0.00000
    -75.73551      0.05928      0.00000      0.00000
    -75.72551      0.21261      0.00000      0.00000
    -75.71551      0.32333      0.00000      0.00000
    -75.70551      0.29754      0.00000      0.00000
    -75.69551      0.36709      0.00000      0.00000
    -75.68551      0.44499      0.00000      0.00000
    -75.67551      0.49061      0.00000      0.00000
    -75.66551      0.37945      0.00000      0.00000
    -75.65551      0.13574      0.00000      0.00000
    -75.64551      0.02023      0.00000      0.00000
