Energy-E_F (eV)    DOS (1/eV)    PDOS (1/eV)  of atom type Al P  
   -254.01744      0.23949      0.14545      0.09589
   -254.00744      0.14028      0.08861      0.05261
   -253.99744      0.07773      0.03877      0.03913
   -253.98744      0.16403      0.07924      0.08481
   -253.97744      0.32293      0.17522      0.14771
   -253.96744      0.40274      0.20875      0.19399
   -253.95744      0.37202      0.15733      0.21469
   -253.94744      0.30699      0.10504      0.20198
   -253.93744      0.22564      0.06474      0.16151
   -253.92744      0.20683      0.06819      0.14318
   -253.91744      0.16982      0.10089      0.08115
   -253.90744      0.09936      0.08784      0.02364
   -253.89744      0.05841      0.04093      0.02190
   -253.88744      0.06738      0.02559      0.04238
   -253.87744      0.10756      0.03390      0.07370
   -253.86744      0.12391      0.03728      0.08663
   -253.85744      0.11085      0.03241      0.07844
   -253.84744      0.18786      0.05904      0.12883
   -253.83744      0.26696      0.09828      0.16868
   -253.82744      0.21054      0.09365      0.11688
   -253.81744      0.10992      0.05386      0.05606
   -253.80744      0.06505      0.02430      0.04075
   -253.79744      0.08820      0.02080      0.06740
   -253.78744      0.14595      0.04284      0.10311
   -253.77744      0.21474      0.07868      0.13606
   -253.76744      0.21106      0.08247      0.12859
   -253.75744      0.15454      0.07366      0.08088
   -253.74744      0.20138      0.11210      0.08928
   -253.73744      0.31353      0.16246      0.15107
   -253.72744      0.37090      0.16963      0.20127
   -253.71744      0.31389      0.11638      0.19751
   -253.70744      0.21027      0.06200      0.14827
   -253.69744      0.10203      0.02871      0.07332
   -253.68744      0.07324      0.02406      0.04917
   -253.67744      0.08957      0.03022      0.05935
   -253.66744      0.10957      0.03623      0.07334
   -253.65744      0.18510      0.06791      0.11719
   -253.64744      0.21032      0.09086      0.11946
   -253.63744      0.15218      0.07679      0.07538
   -253.62744      0.09065      0.04399      0.04666
   -253.61744      0.08760      0.02976      0.05784
   -253.60744      0.15958      0.05116      0.10842
   -253.59744      0.25280      0.08311      0.16969
   -253.58744      0.30740      0.10021      0.20719
   -253.57744      0.26835      0.09944      0.16891
   -253.56744      0.18791      0.08146      0.10645
   -253.55744      0.17792      0.07248      0.10544
   -253.54744      0.20952      0.08195      0.12757
   -253.53744      0.22846      0.10341      0.12505
   -253.52744      0.22210      0.12204      0.10008
   -253.51744      0.21133      0.11317      0.09848
   -253.50744      0.19864      0.09493      0.10635
   -253.49744      0.23545      0.13003      0.11345
   -253.48744      0.26562      0.14762      0.12701
   -253.47744      0.23694      0.10215      0.13850
   -253.46744      0.25683      0.08452      0.17288
   -253.45744      0.24405      0.08378      0.16030
   -253.44744      0.13542      0.05102      0.08440
   -253.43744      0.05533      0.02622      0.02913
   -253.42744      0.10588      0.06933      0.03685
   -253.41744      0.24434      0.16840      0.07827
   -253.40744      0.39320      0.25062      0.14910
   -253.39744      0.48641      0.25234      0.24078
   -253.38744      0.39659      0.17186      0.22727
   -253.37744      0.25268      0.10508      0.14795
   -253.36744      0.20682      0.08741      0.11942
   -253.35744      0.19409      0.08143      0.11266
   -253.34744      0.21096      0.08399      0.12697
   -253.33744      0.23885      0.09270      0.14615
   -253.32744      0.28517      0.12356      0.16161
   -253.31744      0.30107      0.14396      0.15711
   -253.30744      0.22620      0.11392      0.11229
   -253.29744      0.13786      0.07959      0.05827
   -253.28744      0.08353      0.05421      0.02932
   -253.27744      0.06138      0.03565      0.02573
   -253.26744      0.13972      0.06609      0.07363
   -253.25744      0.26848      0.11023      0.15825
   -253.24744      0.34891      0.12926      0.21964
   -253.23744      0.34469      0.13880      0.20589
   -253.22744      0.27800      0.13580      0.14221
   -253.21744      0.15980      0.08548      0.07432
   -253.20744      0.08349      0.03719      0.04630
   -253.19744      0.12716      0.04930      0.07786
   -253.18744      0.16226      0.07595      0.08632
   -253.17744      0.14339      0.08080      0.06259
   -253.16744      0.21122      0.11844      0.09278
   -253.15744      0.30042      0.15416      0.14625
   -253.14744      0.31625      0.15278      0.16347
   -253.13744      0.29881      0.15998      0.13883
   -253.12744      0.27720      0.16999      0.10721
   -253.11744      0.27667      0.16713      0.10954
   -253.10744      0.18998      0.11034      0.07964
   -253.09744      0.11740      0.06661      0.05079
   -253.08744      0.15141      0.07963      0.07178
   -253.07744      0.15834      0.07132      0.08703
   -253.06744      0.19349      0.06562      0.12786
   -253.05744      0.23878      0.07428      0.16450
   -253.04744      0.14065      0.04544      0.09520
   -253.03744      0.07232      0.03147      0.04085
   -253.02744      0.09148      0.04301      0.04847
   -253.01744      0.10091      0.03540      0.06551
   -253.00744      0.09951      0.02514      0.07437
   -252.99744      0.09139      0.03244      0.05895
   -252.98744      0.09337      0.04633      0.04705
   -252.97744      0.09907      0.05631      0.04296
   -252.96744      0.16895      0.10219      0.06779
   -252.95744      0.21745      0.12369      0.09563
   -252.94744      0.14787      0.07019      0.07893
   -252.93744      0.07275      0.02618      0.04688
   -252.92744      0.11353      0.03830      0.07525
   -252.91744      0.23229      0.09155      0.14075
   -252.90744      0.30862      0.14282      0.16579
   -252.89744      0.27214      0.12594      0.14619
   -252.88744      0.16254      0.06407      0.09847
   -252.87744      0.12821      0.05239      0.07582
   -252.86744      0.15243      0.08926      0.06316
   -252.85744      0.16365      0.11754      0.04610
   -252.84744      0.12928      0.09734      0.03195
   -252.83744      0.16741      0.11564      0.05177
   -252.82744      0.25393      0.15582      0.09811
   -252.81744      0.24725      0.13069      0.11657
   -252.80744      0.15173      0.07164      0.08027
   -252.79744      0.09567      0.05017      0.04726
   -252.78744      0.19783      0.12231      0.08189
   -252.77744      0.37025      0.22816      0.15057
   -252.76744      0.44891      0.25960      0.19348
   -252.75744      0.46004      0.24170      0.21910
   -252.74744      0.49087      0.23670      0.25422
   -252.73744      0.34669      0.16579      0.18090
   -252.72744      0.15959      0.09048      0.06912
   -252.71744      0.08003      0.05447      0.02563
   -252.70744      0.04121      0.01892      0.02297
   -252.69744      0.06129      0.00388      0.05993
   -252.68744      0.09223      0.01331      0.08234
   -252.67744      0.10380      0.05129      0.05421
   -252.66744      0.13048      0.07928      0.05151
   -252.65744      0.12551      0.05711      0.06842
   -252.64744      0.10001      0.03627      0.06378
   -252.63744      0.12175      0.05191      0.07062
   -252.62744      0.19463      0.10971      0.09015
   -252.61744      0.29751      0.19956      0.11100
   -252.60744      0.33168      0.21985      0.12600
   -252.59744      0.40972      0.25552      0.17209
   -252.58744      0.52683      0.35955      0.19706
   -252.57744      0.40388      0.29633      0.13040
   -252.56744      0.18447      0.13763      0.05345
   -252.55744      0.12151      0.06349      0.05873
   -252.54744      0.21488      0.09050      0.12441
   -252.53744      0.29135      0.13573      0.15562
   -252.52744      0.22605      0.10896      0.11709
   -252.51744      0.13186      0.04981      0.08217
   -252.50744      0.12073      0.04524      0.07704
   -252.49744      0.21092      0.12294      0.09485
   -252.48744      0.33434      0.20462      0.14091
   -252.47744      0.27101      0.15276      0.12496
   -252.46744      0.12125      0.06111      0.06162
   -252.45744      0.03235      0.01552      0.01695
   -252.44744      0.01732      0.01069      0.00664
   -252.43744      0.05414      0.03575      0.01839
   -252.42744      0.08651      0.05842      0.02809
   -252.41744      0.09433      0.06919      0.02514
   -252.40744      0.13472      0.10150      0.03322
   -252.39744      0.13142      0.09474      0.03668
   -252.38744      0.06174      0.04183      0.01991
   -252.37744      0.03984      0.02021      0.01964
   -252.36744      0.10482      0.04400      0.06083
   -252.35744      0.15866      0.06622      0.09262
   -252.34744      0.13389      0.07746      0.05721
   -252.33744      0.10191      0.08630      0.01689
   -252.32744      0.07147      0.05384      0.01840
   -252.31744      0.07131      0.02558      0.04590
   -252.30744      0.10487      0.02892      0.07596
   -252.29744      0.13554      0.05120      0.08435
   -252.28744      0.14432      0.06897      0.07542
   -252.27744      0.14593      0.06345      0.08375
   -252.26744      0.18436      0.07133      0.12067
   -252.25744      0.18981      0.09021      0.11657
   -252.24744      0.16869      0.09179      0.09077
   -252.23744      0.22977      0.10813      0.12581
   -252.22744      0.20908      0.09477      0.11478
   -252.21744      0.12718      0.06343      0.06377
   -252.20744      0.13654      0.07506      0.06148
   -252.19744      0.20817      0.10925      0.09892
   -252.18744      0.24886      0.11760      0.13126
   -252.17744      0.19857      0.08585      0.11272
   -252.16744      0.14584      0.06381      0.08204
   -252.15744      0.14288      0.05291      0.08997
   -252.14744      0.22615      0.06957      0.15657
   -252.13744      0.28083      0.09505      0.18579
   -252.12744      0.19826      0.08622      0.11204
   -252.11744      0.16843      0.10319      0.06524
   -252.10744      0.20997      0.12874      0.08123
   -252.09744      0.16063      0.08761      0.07311
   -252.08744      0.09255      0.04118      0.05259
   -252.07744      0.13103      0.06828      0.06911
   -252.06744      0.22661      0.12830      0.11047
   -252.05744      0.19909      0.10164      0.10601
   -252.04744      0.07274      0.03171      0.04325
   -252.03744      0.01464      0.00562      0.00923
   -252.02744      0.04090      0.01704      0.02387
   -252.01744      0.15675      0.06568      0.09108
   -252.00744      0.27426      0.11211      0.16215
   -251.99744      0.30912      0.11489      0.19422
   -251.98744      0.31940      0.11026      0.20914
   -251.97744      0.29982      0.10409      0.19573
   -251.96744      0.25530      0.07990      0.17540
   -251.95744      0.14715      0.03757      0.10958
   -251.94744      0.04444      0.01019      0.03425
   -251.93744      0.01905      0.01060      0.00844
   -251.92744      0.06074      0.03985      0.02089
   -251.91744      0.12735      0.06851      0.05884
   -251.90744      0.19158      0.07060      0.12098
   -251.89744      0.27626      0.09061      0.18565
   -251.88744      0.29588      0.11055      0.18534
   -251.87744      0.22239      0.09334      0.12905
   -251.86744      0.18770      0.09667      0.09103
   -251.85744      0.24946      0.15965      0.08982
   -251.84744      0.34643      0.22852      0.11791
   -251.83744      0.39424      0.24219      0.15205
   -251.82744      0.33635      0.19091      0.14544
   -251.81744      0.17658      0.08997      0.08661
   -251.80744      0.05791      0.02682      0.03109
   -251.79744      0.08262      0.04175      0.04087
   -251.78744      0.20272      0.09447      0.10825
   -251.77744      0.25345      0.10090      0.15255
   -251.76744      0.19833      0.06620      0.13214
   -251.75744      0.13546      0.04363      0.09193
   -251.74744      0.11662      0.04649      0.07210
   -251.73744      0.14822      0.09163      0.07085
   -251.72744      0.27059      0.20849      0.10078
   -251.71744      0.40108      0.26652      0.17436
   -251.70744      0.39594      0.20898      0.20552
   -251.69744      0.29241      0.16797      0.13484
   -251.68744      0.19116      0.14118      0.05716
   -251.67744      0.17739      0.15300      0.02706
   -251.66744      0.18355      0.15511      0.02932
   -251.65744      0.13890      0.07959      0.05958
   -251.64744      0.10330      0.02926      0.07408
   -251.63744      0.11401      0.04307      0.07095
   -251.62744      0.18561      0.08864      0.09697
   -251.61744      0.24725      0.10283      0.14442
   -251.60744      0.28755      0.10620      0.18135
   -251.59744      0.23772      0.11250      0.12521
   -251.58744      0.14573      0.08119      0.06454
   -251.57744      0.18044      0.07471      0.10574
   -251.56744      0.29248      0.12251      0.16997
   -251.55744      0.31738      0.16257      0.15481
   -251.54744      0.19668      0.12083      0.07585
   -251.53744      0.07340      0.04431      0.02909
   -251.52744      0.08902      0.02889      0.06013
   -251.51744      0.20298      0.05945      0.14353
   -251.50744      0.24338      0.06862      0.17477
   -251.49744      0.15536      0.05257      0.10279
   -251.48744      0.13118      0.07137      0.05981
   -251.47744      0.18453      0.10257      0.08195
   -251.46744      0.19467      0.09379      0.10087
   -251.45744      0.17983      0.07283      0.10701
   -251.44744      0.16795      0.05620      0.11175
   -251.43744      0.15481      0.04896      0.10585
   -251.42744      0.14695      0.06323      0.08372
   -251.41744      0.14865      0.09390      0.05475
   -251.40744      0.16273      0.12592      0.03681
   -251.39744      0.12492      0.10046      0.02446
   -251.38744      0.07534      0.05123      0.02412
   -251.37744      0.12801      0.07168      0.05642
   -251.36744      0.20337      0.12223      0.08206
   -251.35744      0.21994      0.12286      0.10066
   -251.34744      0.21935      0.08258      0.14188
   -251.33744      0.19663      0.05494      0.14438
   -251.32744      0.12628      0.03753      0.08928
   -251.31744      0.04302      0.01437      0.02868
   -251.30744      0.01677      0.00916      0.00762
   -251.29744      0.04883      0.03198      0.01685
   -251.28744      0.08831      0.05688      0.03144
   -251.27744      0.09391      0.05582      0.03809
   -251.26744      0.09173      0.04940      0.04233
   -251.25744      0.08258      0.03876      0.04382
   -251.24744      0.14388      0.06222      0.08167
   -251.23744      0.23472      0.12088      0.11384
   -251.22744      0.25142      0.15317      0.09825
   -251.21744      0.21429      0.13420      0.08010
   -251.20744      0.16543      0.09834      0.06711
   -251.19744      0.21101      0.10100      0.11041
   -251.18744      0.35672      0.13670      0.22344
   -251.17744      0.41743      0.16674      0.26169
   -251.16744      0.25944      0.13041      0.14206
   -251.15744      0.12676      0.06618      0.06626
   -251.14744      0.14306      0.06212      0.08185
   -251.13744      0.17083      0.08365      0.08724
   -251.12744      0.18336      0.09709      0.08627
   -251.11744      0.22270      0.11683      0.10587
   -251.10744      0.26820      0.15079      0.11740
   -251.09744      0.30241      0.18813      0.11427
   -251.08744      0.24356      0.15682      0.08674
   -251.07744      0.12589      0.08156      0.04433
   -251.06744      0.07046      0.03985      0.03061
   -251.05744      0.11587      0.06752      0.04835
   -251.04744      0.17294      0.11468      0.05825
   -251.03744      0.15937      0.10257      0.05679
   -251.02744      0.13704      0.06885      0.06819
   -251.01744      0.14951      0.05942      0.09010
   -251.00744      0.19668      0.07625      0.12043
   -250.99744      0.25906      0.11641      0.14265
   -250.98744      0.22587      0.11412      0.11175
   -250.97744      0.10035      0.05068      0.04966
   -250.96744      0.04326      0.01260      0.03066
   -250.95744      0.04341      0.00738      0.03603
   -250.94744      0.04863      0.01289      0.03574
   -250.93744      0.09226      0.03803      0.05424
   -250.92744      0.13735      0.07581      0.06154
   -250.91744      0.14617      0.08693      0.05924
   -250.90744      0.15611      0.07015      0.08597
   -250.89744      0.18747      0.06824      0.11924
   -250.88744      0.19685      0.06862      0.12824
   -250.87744      0.15585      0.05208      0.10397
   -250.86744      0.12429      0.05112      0.07465
   -250.85744      0.14258      0.07709      0.06937
   -250.84744      0.14504      0.07510      0.07368
   -250.83744      0.12592      0.05061      0.07663
   -250.82744      0.15338      0.05467      0.09888
   -250.81744      0.24719      0.08670      0.16050
   -250.80744      0.30743      0.12058      0.18687
   -250.79744      0.28016      0.13626      0.14413
   -250.78744      0.21967      0.13099      0.09016
   -250.77744      0.22945      0.14898      0.08402
   -250.76744      0.24038      0.13718      0.10632
   -250.75744      0.15153      0.07123      0.08132
   -250.74744      0.04418      0.01812      0.02617
   -250.73744      0.01439      0.00427      0.01013
   -250.72744      0.04540      0.01134      0.03406
   -250.71744      0.08664      0.02258      0.06406
   -250.70744      0.10129      0.03264      0.06865
   -250.69744      0.16802      0.07279      0.09524
   -250.68744      0.30510      0.15474      0.15040
   -250.67744      0.32690      0.18005      0.14726
   -250.66744      0.23312      0.14102      0.09382
   -250.65744      0.24243      0.14138      0.10368
   -250.64744      0.24139      0.11171      0.13117
   -250.63744      0.20921      0.08836      0.12116
   -250.62744      0.16672      0.09489      0.07185
   -250.61744      0.08641      0.06259      0.02382
   -250.60744      0.02682      0.01864      0.00817
   -250.59744      0.03651      0.00918      0.02733
   -250.58744      0.09609      0.02255      0.07355
   -250.57744      0.17155      0.05082      0.12073
   -250.56744      0.26394      0.09630      0.16765
   -250.55744      0.28280      0.11322      0.16959
   -250.54744      0.24220      0.09290      0.14931
   -250.53744      0.29900      0.11355      0.18572
   -250.52744      0.40212      0.18467      0.22013
   -250.51744      0.42838      0.23649      0.20177
   -250.50744      0.38910      0.23509      0.16740
   -250.49744      0.27164      0.16236      0.11595
   -250.48744      0.11744      0.06773      0.05094
   -250.47744      0.04990      0.02904      0.02094
   -250.46744      0.12855      0.06865      0.05990
   -250.45744      0.25532      0.11531      0.14001
   -250.44744      0.28603      0.10509      0.18094
   -250.43744      0.30228      0.11049      0.19180
   -250.42744      0.30916      0.14026      0.16891
   -250.41744      0.21643      0.11493      0.10150
   -250.40744      0.14646      0.07325      0.07321
   -250.39744      0.14762      0.06344      0.08417
   -250.38744      0.10270      0.04135      0.06135
   -250.37744      0.06460      0.02661      0.03799
   -250.36744      0.09725      0.03961      0.05764
   -250.35744      0.12705      0.04448      0.08257
   -250.34744      0.09417      0.02737      0.06680
   -250.33744      0.03422      0.00888      0.02534
   -250.32744      0.00827      0.00188      0.00640
   -250.31744      0.02835      0.00623      0.02212
   -250.30744      0.09963      0.02629      0.07334
   -250.29744      0.14620      0.04670      0.09949
   -250.28744      0.09532      0.03521      0.06011
   -250.27744      0.06203      0.02130      0.04073
   -250.26744      0.11013      0.03455      0.07558
   -250.25744      0.15077      0.05063      0.10014
   -250.24744      0.14161      0.05471      0.08691
   -250.23744      0.09768      0.04236      0.05532
   -250.22744      0.04585      0.01906      0.02679
   -250.21744      0.05746      0.01581      0.04165
   -250.20744      0.12294      0.03112      0.09183
   -250.19744      0.15169      0.04307      0.10862
   -250.18744      0.13305      0.05308      0.07997
   -250.17744      0.10239      0.05202      0.05036
   -250.16744      0.09164      0.04708      0.04456
   -250.15744      0.10487      0.04914      0.05573
   -250.14744      0.14514      0.05785      0.08729
   -250.13744      0.25687      0.09728      0.15965
   -250.12744      0.29428      0.11546      0.17953
   -250.11744      0.24213      0.10113      0.14409
   -250.10744      0.19147      0.08428      0.11219
   -250.09744      0.14401      0.05736      0.08973
   -250.08744      0.19761      0.05654      0.14248
   -250.07744      0.38424      0.10497      0.28127
   -250.06744      0.45427      0.13961      0.31653
   -250.05744      0.24248      0.08428      0.15886
   -250.04744      0.09504      0.02950      0.06563
   -250.03744      0.14557      0.03531      0.11026
   -250.02744      0.21166      0.05939      0.15227
   -250.01744      0.23434      0.08491      0.14943
   -250.00744      0.24732      0.10269      0.14464
   -249.99744      0.26242      0.11435      0.14807
   -249.98744      0.30884      0.14918      0.15966
   -249.97744      0.28125      0.15183      0.12942
   -249.96744      0.17521      0.09108      0.08412
   -249.95744      0.16956      0.05637      0.11320
   -249.94744      0.25345      0.07709      0.17637
   -249.93744      0.23179      0.07711      0.15468
   -249.92744      0.11350      0.03931      0.07418
   -249.91744      0.07978      0.02308      0.05670
   -249.90744      0.11953      0.03448      0.08505
   -249.89744      0.11829      0.03827      0.08001
   -249.88744      0.06161      0.02152      0.04009
   -249.87744      0.01429      0.00514      0.00914
   -249.86744      0.00244      0.00095      0.00150
   -249.85744      0.01610      0.00652      0.00958
   -249.84744      0.08606      0.03470      0.05136
   -249.83744      0.19522      0.08281      0.11241
   -249.82744      0.26931      0.12533      0.14398
   -249.81744      0.34802      0.15826      0.18976
   -249.80744      0.38262      0.16492      0.21770
   -249.79744      0.35300      0.15362      0.19937
   -249.78744      0.28673      0.12082      0.16590
   -249.77744      0.26016      0.09473      0.16543
   -249.76744      0.26255      0.08631      0.17624
   -249.75744      0.19599      0.05871      0.13728
   -249.74744      0.13817      0.03658      0.10159
   -249.73744      0.07216      0.01895      0.05322
   -249.72744      0.04101      0.01278      0.02822
   -249.71744      0.08553      0.03048      0.05505
   -249.70744      0.13279      0.05196      0.08083
   -249.69744      0.13498      0.05581      0.07918
   -249.68744      0.15415      0.07193      0.08222
   -249.67744      0.22014      0.13575      0.08443
   -249.66744      0.26372      0.17701      0.08732
   -249.65744      0.29168      0.18314      0.11226
   -249.64744      0.28331      0.17918      0.11235
   -249.63744      0.24172      0.12538      0.12301
   -249.62744      0.30382      0.09177      0.21405
   -249.61744      0.33970      0.09212      0.24782
   -249.60744      0.24817      0.08524      0.16325
   -249.59744      0.20079      0.10463      0.09823
   -249.58744      0.21103      0.13304      0.08320
   -249.57744      0.13765      0.09469      0.04777
   -249.56744      0.03917      0.02894      0.01187
   -249.55744      0.00440      0.00345      0.00116
   -249.54744      0.00079      0.00030      0.00050
   -249.53744      0.00879      0.00218      0.00661
   -249.52744      0.05058      0.01291      0.03769
   -249.51744      0.12498      0.03351      0.09203
   -249.50744      0.16416      0.04873      0.12083
   -249.49744      0.20268      0.08776      0.13586
   -249.48744      0.29855      0.17917      0.15271
   -249.47744      0.35637      0.21322      0.16501
   -249.46744      0.33837      0.16779      0.17643
   -249.45744      0.24990      0.11810      0.13243
   -249.44744      0.15574      0.09118      0.06459
   -249.43744      0.08535      0.05718      0.02818
   -249.42744      0.07056      0.03168      0.03888
   -249.41744      0.14645      0.05414      0.09231
   -249.40744      0.25008      0.09894      0.15115
   -249.39744      0.32939      0.13436      0.19503
   -249.38744      0.28708      0.11899      0.16809
   -249.37744      0.19083      0.07197      0.11886
   -249.36744      0.22948      0.08633      0.14315
   -249.35744      0.27858      0.12820      0.15038
   -249.34744      0.25077      0.13198      0.11879
   -249.33744      0.25820      0.14010      0.11810
   -249.32744      0.26792      0.14399      0.12392
   -249.31744      0.23568      0.12117      0.11451
   -249.30744      0.24025      0.13515      0.10510
   -249.29744      0.26420      0.15659      0.10760
   -249.28744      0.23835      0.14068      0.09768
   -249.27744      0.21191      0.11953      0.09238
   -249.26744      0.16831      0.08487      0.08345
   -249.25744      0.14484      0.05881      0.08603
   -249.24744      0.14230      0.04445      0.09785
   -249.23744      0.14677      0.03823      0.10854
   -249.22744      0.18213      0.05051      0.13168
   -249.21744      0.19516      0.07245      0.12337
   -249.20744      0.18660      0.08753      0.10216
   -249.19744      0.17530      0.07291      0.10776
   -249.18744      0.20152      0.07046      0.13450
   -249.17744      0.24522      0.08144      0.16459
   -249.16744      0.24491      0.07698      0.16800
   -249.15744      0.21796      0.07819      0.13977
   -249.14744      0.18396      0.10071      0.08325
   -249.13744      0.19001      0.12068      0.06932
   -249.12744      0.20799      0.10802      0.09997
   -249.11744      0.26953      0.10739      0.16214
   -249.10744      0.33980      0.12672      0.21307
   -249.09744      0.28653      0.12058      0.16595
   -249.08744      0.12733      0.06307      0.06426
   -249.07744      0.03755      0.02114      0.01641
   -249.06744      0.05354      0.03008      0.02346
   -249.05744      0.07887      0.04405      0.03482
   -249.04744      0.06053      0.03199      0.02854
   -249.03744      0.11623      0.04902      0.06721
   -249.02744      0.29125      0.11007      0.18118
   -249.01744      0.37649      0.13852      0.23797
   -249.00744      0.30284      0.11456      0.18828
   -248.99744      0.19682      0.07406      0.12276
   -248.98744      0.10869      0.03633      0.07236
   -248.97744      0.11063      0.03462      0.07602
   -248.96744      0.15183      0.05962      0.09221
   -248.95744      0.21526      0.09281      0.12245
   -248.94744      0.31322      0.13225      0.18098
   -248.93744      0.33770      0.14564      0.19205
   -248.92744      0.23843      0.10776      0.13067
   -248.91744      0.14622      0.06659      0.07963
   -248.90744      0.15196      0.07136      0.08065
   -248.89744      0.21510      0.10705      0.10894
   -248.88744      0.20996      0.11401      0.10218
   -248.87744      0.20802      0.13117      0.09286
   -248.86744      0.23134      0.12400      0.12248
   -248.85744      0.21804      0.07882      0.14449
   -248.84744      0.17882      0.05754      0.12196
   -248.83744      0.13608      0.06200      0.07411
   -248.82744      0.14357      0.09172      0.05185
   -248.81744      0.20418      0.13634      0.06784
   -248.80744      0.25453      0.14397      0.11063
   -248.79744      0.25540      0.11352      0.14285
   -248.78744      0.22959      0.11175      0.12264
   -248.77744      0.18720      0.11901      0.07690
   -248.76744      0.14779      0.08702      0.06659
   -248.75744      0.11195      0.05396      0.05942
   -248.74744      0.09865      0.04675      0.05203
   -248.73744      0.08487      0.03566      0.04921
   -248.72744      0.09476      0.03124      0.06352
   -248.71744      0.10922      0.03093      0.07829
   -248.70744      0.13277      0.03480      0.09797
   -248.69744      0.13132      0.03630      0.09504
   -248.68744      0.07313      0.02098      0.05258
   -248.67744      0.04640      0.00970      0.04037
   -248.66744      0.11947      0.02545      0.10550
   -248.65744      0.21601      0.05777      0.17147
   -248.64744      0.23965      0.07387      0.17139
   -248.63744      0.21668      0.08330      0.13425
   -248.62744      0.18517      0.09397      0.09125
   -248.61744      0.17327      0.08742      0.08585
   -248.60744      0.24143      0.11293      0.12850
   -248.59744      0.31046      0.14677      0.16369
   -248.58744      0.27030      0.11873      0.15157
   -248.57744      0.27721      0.11420      0.16301
   -248.56744      0.34332      0.14476      0.19856
   -248.55744      0.28369      0.11696      0.16675
   -248.54744      0.18819      0.07143      0.11708
   -248.53744      0.19702      0.06582      0.13298
   -248.52744      0.25211      0.07114      0.18459
   -248.51744      0.24047      0.06782      0.17536
   -248.50744      0.13569      0.04197      0.09446
   -248.49744      0.05263      0.02683      0.02588
   -248.48744      0.04194      0.03564      0.00630
   -248.47744      0.03434      0.02711      0.00725
   -248.46744      0.05930      0.01814      0.04133
   -248.45744      0.17987      0.03681      0.14378
   -248.44744      0.27135      0.04913      0.22333
   -248.43744      0.26449      0.04202      0.22309
   -248.42744      0.23657      0.03807      0.19862
   -248.41744      0.17034      0.03865      0.13170
   -248.40744      0.19318      0.07837      0.11481
   -248.39744      0.29290      0.12899      0.16391
   -248.38744      0.28959      0.12245      0.16714
   -248.37744      0.20499      0.08528      0.11971
   -248.36744      0.25465      0.10439      0.15026
   -248.35744      0.40015      0.16375      0.23640
   -248.34744      0.32023      0.12965      0.19058
   -248.33744      0.18624      0.06578      0.12045
   -248.32744      0.24980      0.09419      0.15561
   -248.31744      0.35126      0.16228      0.18898
   -248.30744      0.33841      0.17347      0.16494
   -248.29744      0.29294      0.15198      0.14096
   -248.28744      0.22449      0.10647      0.11802
   -248.27744      0.15151      0.05861      0.09289
   -248.26744      0.19586      0.06726      0.12860
   -248.25744      0.25309      0.09539      0.15771
   -248.24744      0.24661      0.10782      0.13880
   -248.23744      0.23301      0.10106      0.13195
   -248.22744      0.27680      0.09790      0.17889
   -248.21744      0.32775      0.10961      0.21813
   -248.20744      0.21555      0.07577      0.13978
   -248.19744      0.09798      0.03648      0.06151
   -248.18744      0.13818      0.05550      0.08268
   -248.17744      0.23222      0.09368      0.13855
   -248.16744      0.25861      0.09062      0.16824
   -248.15744      0.27342      0.07198      0.20387
   -248.14744      0.39150      0.09029      0.31007
   -248.13744      0.42458      0.10360      0.33284
   -248.12744      0.32459      0.08457      0.24586
   -248.11744      0.25026      0.06556      0.18576
   -248.10744      0.16629      0.04484      0.12152
   -248.09744      0.10137      0.02650      0.07487
   -248.08744      0.10693      0.02729      0.07964
   -248.07744      0.12597      0.03760      0.08837
   -248.06744      0.14397      0.05099      0.09298
   -248.05744      0.13706      0.05707      0.07999
   -248.04744      0.15558      0.07632      0.07925
   -248.03744      0.18776      0.09376      0.09400
   -248.02744      0.21433      0.09448      0.11985
   -248.01744      0.29054      0.12101      0.16953
   -248.00744      0.30010      0.14197      0.15813
   -247.99744      0.24235      0.13773      0.10463
   -247.98744      0.13698      0.08608      0.05091
   -247.97744      0.05302      0.03003      0.02299
   -247.96744      0.08774      0.02435      0.06338
   -247.95744      0.22353      0.06036      0.16317
   -247.94744      0.28470      0.10457      0.18013
   -247.93744      0.29774      0.16901      0.12872
   -247.92744      0.31306      0.20132      0.11174
   -247.91744      0.29551      0.16153      0.13398
   -247.90744      0.25015      0.10137      0.14878
   -247.89744      0.14364      0.04922      0.09442
   -247.88744      0.04867      0.01706      0.03161
   -247.87744      0.04837      0.02325      0.02512
   -247.86744      0.19406      0.08817      0.10589
   -247.85744      0.45211      0.18926      0.26286
   -247.84744      0.54388      0.22619      0.31769
   -247.83744      0.38133      0.16146      0.21987
   -247.82744      0.28644      0.09654      0.18990
   -247.81744      0.24105      0.06408      0.17697
   -247.80744      0.12768      0.03610      0.09160
   -247.79744      0.08388      0.03206      0.05215
   -247.78744      0.15189      0.07390      0.08021
   -247.77744      0.30201      0.16543      0.14214
   -247.76744      0.36695      0.19557      0.17661
   -247.75744      0.26670      0.12921      0.14037
   -247.74744      0.19769      0.09286      0.10915
   -247.73744      0.21067      0.10305      0.11298
   -247.72744      0.20990      0.10484      0.10763
   -247.71744      0.21243      0.08858      0.12430
   -247.70744      0.18373      0.05813      0.12563
   -247.69744      0.13414      0.04086      0.09328
   -247.68744      0.12240      0.04403      0.07837
   -247.67744      0.19156      0.07965      0.11191
   -247.66744      0.25620      0.10794      0.14826
   -247.65744      0.19654      0.07940      0.11713
   -247.64744      0.17123      0.07548      0.09574
   -247.63744      0.22381      0.11366      0.11015
   -247.62744      0.21516      0.11895      0.09630
   -247.61744      0.17434      0.09765      0.07794
   -247.60744      0.22015      0.12415      0.10252
   -247.59744      0.34744      0.19526      0.16471
   -247.58744      0.44849      0.22668      0.23067
   -247.57744      0.48667      0.20208      0.28690
   -247.56744      0.39788      0.13712      0.26097
   -247.55744      0.23130      0.07086      0.16045
   -247.54744      0.16798      0.05230      0.11568
   -247.53744      0.13140      0.04304      0.08836
   -247.52744      0.11587      0.03955      0.07631
   -247.51744      0.12536      0.04486      0.08059
   -247.50744      0.11188      0.05033      0.06291
   -247.49744      0.17362      0.11269      0.06880
   -247.48744      0.27877      0.20524      0.09346
   -247.47744      0.33757      0.22229      0.13937
   -247.46744      0.38711      0.19414      0.20668
   -247.45744      0.31322      0.13736      0.17918
   -247.44744      0.15172      0.05788      0.09415
   -247.43744      0.17239      0.04219      0.13021
   -247.42744      0.25446      0.07023      0.18423
   -247.41744      0.19535      0.08861      0.10674
   -247.40744      0.10207      0.07481      0.02732
   -247.39744      0.06390      0.05287      0.01196
   -247.38744      0.16536      0.12413      0.04645
   -247.37744      0.36534      0.24515      0.13098
   -247.36744      0.39731      0.22501      0.18051
   -247.35744      0.26285      0.12559      0.13955
   -247.34744      0.22143      0.10296      0.11870
   -247.33744      0.21285      0.09794      0.11503
   -247.32744      0.17832      0.07832      0.10149
   -247.31744      0.15292      0.07461      0.08519
   -247.30744      0.13923      0.08505      0.06594
   -247.29744      0.13613      0.07127      0.07225
   -247.28744      0.16986      0.05735      0.11422
   -247.27744      0.23058      0.07180      0.15893
   -247.26744      0.16936      0.05910      0.11027
   -247.25744      0.08350      0.03074      0.05276
   -247.24744      0.08695      0.02918      0.05777
   -247.23744      0.10095      0.03222      0.06874
   -247.22744      0.14150      0.04258      0.09892
   -247.21744      0.23625      0.06625      0.17000
   -247.20744      0.32700      0.08778      0.23922
   -247.19744      0.29106      0.08176      0.20929
   -247.18744      0.16144      0.04703      0.11441
   -247.17744      0.12397      0.03704      0.08693
   -247.16744      0.16723      0.06635      0.10088
   -247.15744      0.17829      0.08333      0.09496
   -247.14744      0.12648      0.05507      0.07141
   -247.13744      0.14445      0.04837      0.09608
   -247.12744      0.18489      0.06326      0.12163
   -247.11744      0.18623      0.07571      0.11052
   -247.10744      0.16112      0.07277      0.08836
   -247.09744      0.07840      0.03567      0.04273
   -247.08744      0.07552      0.02719      0.04833
   -247.07744      0.18666      0.06126      0.12541
   -247.06744      0.23765      0.07992      0.15773
   -247.05744      0.20371      0.08636      0.11735
   -247.04744      0.21326      0.10625      0.10701
   -247.03744      0.21942      0.11583      0.10366
   -247.02744      0.18262      0.09142      0.09194
   -247.01744      0.16867      0.05126      0.12018
   -247.00744      0.20763      0.05009      0.16135
   -246.99744      0.18029      0.05959      0.12262
   -246.98744      0.13574      0.05633      0.07977
   -246.97744      0.18987      0.07912      0.11078
   -246.96744      0.21716      0.09358      0.12358
   -246.95744      0.16294      0.07609      0.08685
   -246.94744      0.17965      0.07386      0.10579
   -246.93744      0.20395      0.06223      0.14172
   -246.92744      0.13594      0.03647      0.09947
   -246.91744      0.10765      0.04102      0.06663
   -246.90744      0.22339      0.08625      0.13714
   -246.89744      0.38388      0.12878      0.25510
   -246.88744      0.40591      0.12898      0.27693
   -246.87744      0.22869      0.07319      0.15551
   -246.86744      0.09751      0.03526      0.06226
   -246.85744      0.08527      0.03530      0.04997
   -246.84744      0.06995      0.03212      0.03783
   -246.83744      0.07956      0.04188      0.03768
   -246.82744      0.10979      0.05179      0.05800
   -246.81744      0.18535      0.07112      0.11423
   -246.80744      0.34992      0.14354      0.20639
   -246.79744      0.45301      0.19443      0.25858
   -246.78744      0.43667      0.16766      0.26901
   -246.77744      0.35908      0.12295      0.23613
   -246.76744      0.32498      0.12601      0.19896
   -246.75744      0.30307      0.13722      0.16585
   -246.74744      0.16936      0.08575      0.08361
   -246.73744      0.04450      0.02480      0.01970
   -246.72744      0.01184      0.00610      0.00574
   -246.71744      0.05599      0.02566      0.03033
   -246.70744      0.17876      0.08420      0.09456
   -246.69744      0.25286      0.12933      0.12353
   -246.68744      0.21061      0.12278      0.08782
   -246.67744      0.17936      0.09759      0.08177
   -246.66744      0.20293      0.07544      0.12748
   -246.65744      0.24199      0.07282      0.16916
   -246.64744      0.22159      0.07871      0.14288
   -246.63744      0.17030      0.07671      0.09359
   -246.62744      0.13503      0.06223      0.07281
   -246.61744      0.11372      0.04563      0.06808
   -246.60744      0.12388      0.04136      0.08252
   -246.59744      0.15734      0.04910      0.10824
   -246.58744      0.21659      0.07907      0.13753
   -246.57744      0.28252      0.11468      0.16784
   -246.56744      0.24288      0.09413      0.14874
   -246.55744      0.17700      0.06069      0.11631
   -246.54744      0.16505      0.05868      0.10636
   -246.53744      0.26029      0.09952      0.16077
   -246.52744      0.41177      0.14746      0.26431
   -246.51744      0.44477      0.13975      0.30502
   -246.50744      0.37718      0.10037      0.27680
   -246.49744      0.26174      0.06054      0.20120
   -246.48744      0.23448      0.05472      0.17976
   -246.47744      0.25023      0.07380      0.17642
   -246.46744      0.22804      0.08838      0.13966
   -246.45744      0.23311      0.10934      0.12378
   -246.44744      0.31917      0.14899      0.17018
   -246.43744      0.42529      0.17575      0.24953
   -246.42744      0.35194      0.13936      0.21258
   -246.41744      0.22475      0.10694      0.11782
   -246.40744      0.20104      0.10240      0.09864
   -246.39744      0.17948      0.07480      0.10468
   -246.38744      0.16553      0.05537      0.11017
   -246.37744      0.21781      0.06571      0.15210
   -246.36744      0.24644      0.06777      0.17868
   -246.35744      0.20749      0.05559      0.15191
   -246.34744      0.22095      0.06169      0.15926
   -246.33744      0.27514      0.07919      0.19595
   -246.32744      0.21668      0.06291      0.15378
   -246.31744      0.12556      0.03282      0.09274
   -246.30744      0.15633      0.03780      0.11853
   -246.29744      0.20888      0.06550      0.14338
   -246.28744      0.21409      0.08900      0.12509
   -246.27744      0.22947      0.09322      0.13625
   -246.26744      0.36142      0.12870      0.23271
   -246.25744      0.48315      0.16798      0.31517
   -246.24744      0.37537      0.13802      0.23735
   -246.23744      0.22469      0.11085      0.11383
   -246.22744      0.14896      0.09540      0.05355
   -246.21744      0.12596      0.07582      0.05013
   -246.20744      0.15550      0.08356      0.07195
   -246.19744      0.24825      0.13230      0.11595
   -246.18744      0.26916      0.14054      0.12863
   -246.17744      0.20143      0.09564      0.10598
   -246.16744      0.19604      0.08939      0.10873
   -246.15744      0.27543      0.14016      0.14380
   -246.14744      0.33208      0.17713      0.16780
   -246.13744      0.31636      0.14652      0.17712
   -246.12744      0.28236      0.08734      0.19697
   -246.11744      0.17623      0.03372      0.14310
   -246.10744      0.06320      0.00807      0.05531
   -246.09744      0.05482      0.00573      0.04912
   -246.08744      0.07834      0.00821      0.07013
   -246.07744      0.04934      0.00607      0.04327
   -246.06744      0.03510      0.01056      0.02454
   -246.05744      0.07244      0.02668      0.04581
   -246.04744      0.10466      0.03281      0.07237
   -246.03744      0.17818      0.03956      0.14075
   -246.02744      0.26917      0.06104      0.21134
   -246.01744      0.25396      0.07691      0.17882
   -246.00744      0.22955      0.08924      0.14067
   -245.99744      0.26201      0.10596      0.15607
   -245.98744      0.32471      0.11978      0.20494
   -245.97744      0.28841      0.09145      0.19696
   -245.96744      0.20415      0.06288      0.14127
   -245.95744      0.20789      0.08485      0.12304
   -245.94744      0.33054      0.15369      0.17685
   -245.93744      0.40852      0.18665      0.22187
   -245.92744      0.28014      0.12018      0.15996
   -245.91744      0.14386      0.06324      0.08062
   -245.90744      0.13027      0.06553      0.06474
   -245.89744      0.14683      0.07452      0.07231
   -245.88744      0.12219      0.05849      0.06370
   -245.87744      0.09655      0.03717      0.05939
   -245.86744      0.10786      0.03616      0.07171
   -245.85744      0.12657      0.04307      0.08351
   -245.84744      0.18055      0.06234      0.11821
   -245.83744      0.24283      0.08508      0.15775
   -245.82744      0.21951      0.08055      0.13896
   -245.81744      0.22929      0.09678      0.13251
   -245.80744      0.34839      0.15574      0.19265
   -245.79744      0.39563      0.17727      0.21836
   -245.78744      0.35712      0.17604      0.18108
   -245.77744      0.32922      0.16206      0.16716
   -245.76744      0.29839      0.11723      0.18117
   -245.75744      0.32721      0.10212      0.22508
   -245.74744      0.28915      0.09841      0.19074
   -245.73744      0.16707      0.09313      0.07394
   -245.72744      0.09234      0.07286      0.01948
   -245.71744      0.08391      0.04321      0.04070
   -245.70744      0.16344      0.05384      0.10960
   -245.69744      0.27726      0.08186      0.19541
   -245.68744      0.37668      0.10634      0.27034
   -245.67744      0.34848      0.10100      0.24748
   -245.66744      0.18400      0.05543      0.12857
   -245.65744      0.05764      0.01807      0.03957
   -245.64744      0.06437      0.02684      0.03753
   -245.63744      0.13245      0.07341      0.05905
   -245.62744      0.15113      0.09727      0.05386
   -245.61744      0.16523      0.07920      0.08603
   -245.60744      0.22716      0.07574      0.15142
   -245.59744      0.20714      0.05904      0.14810
   -245.58744      0.09841      0.02500      0.07342
   -245.57744      0.03744      0.01141      0.02603
   -245.56744      0.07391      0.02945      0.04446
   -245.55744      0.15189      0.06205      0.08984
   -245.54744      0.20053      0.07650      0.12402
   -245.53744      0.18550      0.06414      0.12136
   -245.52744      0.11243      0.03814      0.07440
   -245.51744      0.05091      0.02424      0.02822
   -245.50744      0.10379      0.07107      0.04062
   -245.49744      0.29489      0.16497      0.14472
   -245.48744      0.45590      0.18999      0.27609
   -245.47744      0.41306      0.13655      0.27910
   -245.46744      0.22169      0.06836      0.15357
   -245.45744      0.10221      0.02947      0.07275
   -245.44744      0.16494      0.04766      0.11728
   -245.43744      0.30358      0.10333      0.20025
   -245.42744      0.29761      0.11835      0.17926
   -245.41744      0.14491      0.06630      0.07861
   -245.40744      0.06421      0.02796      0.03625
   -245.39744      0.08149      0.02949      0.05200
   -245.38744      0.08311      0.02764      0.05546
   -245.37744      0.08826      0.02618      0.06208
   -245.36744      0.17133      0.05243      0.11891
   -245.35744      0.27904      0.08909      0.18995
   -245.34744      0.23130      0.07727      0.15403
   -245.33744      0.08943      0.03145      0.05798
   -245.32744      0.04220      0.01376      0.02845
   -245.31744      0.12101      0.03642      0.08458
   -245.30744      0.22513      0.06580      0.15933
   -245.29744      0.24507      0.07118      0.17388
   -245.28744      0.22257      0.06975      0.15282
   -245.27744      0.18438      0.06309      0.12129
   -245.26744      0.19405      0.06670      0.12735
   -245.25744      0.23019      0.07745      0.15273
   -245.24744      0.28978      0.09779      0.19198
   -245.23744      0.26413      0.08407      0.18006
   -245.22744      0.15403      0.04495      0.10908
   -245.21744      0.10696      0.03148      0.07548
   -245.20744      0.10437      0.03279      0.07158
   -245.19744      0.14440      0.04872      0.09568
   -245.18744      0.15833      0.05507      0.10337
   -245.17744      0.12202      0.04087      0.08245
   -245.16744      0.13871      0.04725      0.09688
   -245.15744      0.13286      0.05668      0.08464
   -245.14744      0.08810      0.04773      0.04529
   -245.13744      0.08422      0.04695      0.03833
   -245.12744      0.06060      0.03310      0.02758
   -245.11744      0.01797      0.00971      0.00826
   -245.10744      0.00839      0.00325      0.00513
   -245.09744      0.05129      0.01781      0.03348
   -245.08744      0.16795      0.06179      0.10625
   -245.07744      0.28041      0.11941      0.16250
   -245.06744      0.31282      0.17015      0.15244
   -245.05744      0.27314      0.20222      0.09673
   -245.04744      0.25052      0.19516      0.08322
   -245.03744      0.25107      0.13791      0.12529
   -245.02744      0.24713      0.07899      0.17022
   -245.01744      0.27036      0.06692      0.20357
   -245.00744      0.22083      0.06794      0.15288
   -244.99744      0.09313      0.03571      0.05742
   -244.98744      0.03665      0.01173      0.02492
   -244.97744      0.11011      0.02570      0.08441
   -244.96744      0.24447      0.06140      0.18307
   -244.95744      0.25418      0.07432      0.17986
   -244.94744      0.15919      0.06098      0.09821
   -244.93744      0.07642      0.03814      0.03829
   -244.92744      0.05159      0.03952      0.01207
   -244.91744      0.10107      0.08343      0.01764
   -244.90744      0.17155      0.12433      0.04726
   -244.89744      0.27870      0.18181      0.09717
   -244.88744      0.40455      0.24851      0.15683
   -244.87744      0.38164      0.21923      0.16326
   -244.86744      0.22214      0.10907      0.11340
   -244.85744      0.14317      0.05631      0.08691
   -244.84744      0.15410      0.05441      0.09969
   -244.83744      0.11714      0.03799      0.07916
   -244.82744      0.07740      0.03269      0.04470
   -244.81744      0.17944      0.09217      0.08727
   -244.80744      0.31299      0.14770      0.16529
   -244.79744      0.25227      0.10188      0.15038
   -244.78744      0.13405      0.04226      0.09179
   -244.77744      0.15419      0.04086      0.11333
   -244.76744      0.23389      0.06998      0.16391
   -244.75744      0.24248      0.08659      0.15589
   -244.74744      0.19612      0.07313      0.12301
   -244.73744      0.19019      0.07172      0.11863
   -244.72744      0.23103      0.09459      0.13721
   -244.71744      0.27626      0.11263      0.16500
   -244.70744      0.23212      0.10816      0.12485
   -244.69744      0.16899      0.08850      0.08070
   -244.68744      0.15173      0.07048      0.08127
   -244.67744      0.12524      0.05481      0.07043
   -244.66744      0.11400      0.05988      0.05413
   -244.65744      0.14384      0.08016      0.06368
   -244.64744      0.21493      0.10493      0.11000
   -244.63744      0.24680      0.10962      0.13718
   -244.62744      0.18223      0.09559      0.08664
   -244.61744      0.17378      0.11942      0.05437
   -244.60744      0.21633      0.13370      0.08263
   -244.59744      0.18795      0.09249      0.09546
   -244.58744      0.14841      0.05956      0.08886
   -244.57744      0.13089      0.05748      0.07341
   -244.56744      0.09883      0.04299      0.05584
   -244.55744      0.09068      0.02203      0.06865
   -244.54744      0.11203      0.02115      0.09088
   -244.53744      0.15607      0.03757      0.11850
   -244.52744      0.20072      0.05238      0.14839
   -244.51744      0.21572      0.07162      0.14457
   -244.50744      0.26811      0.13021      0.13952
   -244.49744      0.28592      0.15697      0.13102
   -244.48744      0.20087      0.09765      0.10419
   -244.47744      0.14507      0.05647      0.08876
   -244.46744      0.16000      0.06125      0.09875
   -244.45744      0.19237      0.07684      0.11552
   -244.44744      0.17211      0.07449      0.09762
   -244.43744      0.10505      0.05036      0.05470
   -244.42744      0.04216      0.02132      0.02084
   -244.41744      0.04307      0.02098      0.02209
   -244.40744      0.10485      0.04635      0.05850
   -244.39744      0.13899      0.05206      0.08693
   -244.38744      0.13389      0.03776      0.09613
   -244.37744      0.24615      0.05898      0.18718
   -244.36744      0.44734      0.12111      0.32640
   -244.35744      0.46341      0.14176      0.32267
   -244.34744      0.33631      0.10762      0.23097
   -244.33744      0.23853      0.08783      0.15256
   -244.32744      0.15910      0.07737      0.08230
   -244.31744      0.10915      0.06074      0.04848
   -244.30744      0.09756      0.04364      0.05392
   -244.29744      0.11175      0.03979      0.07196
   -244.28744      0.10720      0.03746      0.06973
   -244.27744      0.11042      0.04472      0.06570
   -244.26744      0.11801      0.05309      0.06492
   -244.25744      0.12980      0.05446      0.07534
   -244.24744      0.14082      0.04268      0.09814
   -244.23744      0.14296      0.03432      0.10865
   -244.22744      0.15217      0.04527      0.10690
   -244.21744      0.18791      0.06853      0.11938
   -244.20744      0.22316      0.07853      0.14463
   -244.19744      0.21096      0.06577      0.14520
   -244.18744      0.15320      0.04174      0.11146
   -244.17744      0.17161      0.04288      0.12874
   -244.16744      0.23300      0.05986      0.17314
   -244.15744      0.20455      0.05383      0.15071
   -244.14744      0.16925      0.04532      0.12394
   -244.13744      0.15788      0.04684      0.11104
   -244.12744      0.10753      0.03563      0.07190
   -244.11744      0.10448      0.04089      0.06358
   -244.10744      0.24471      0.09823      0.14647
   -244.09744      0.29159      0.11537      0.17622
   -244.08744      0.14291      0.05813      0.08478
   -244.07744      0.08177      0.04808      0.03369
   -244.06744      0.17416      0.10771      0.06644
   -244.05744      0.23401      0.12313      0.11088
   -244.04744      0.21876      0.09412      0.12464
   -244.03744      0.21466      0.08641      0.12825
   -244.02744      0.19582      0.07104      0.12479
   -244.01744      0.23174      0.07374      0.15800
   -244.00744      0.29358      0.09777      0.19581
   -243.99744      0.22237      0.08378      0.13859
   -243.98744      0.08681      0.03643      0.05038
   -243.97744      0.01921      0.00877      0.01044
   -243.96744      0.02964      0.01653      0.01311
   -243.95744      0.10631      0.06475      0.04155
   -243.94744      0.16167      0.10370      0.05797
   -243.93744      0.14877      0.08050      0.06827
   -243.92744      0.18355      0.06550      0.11805
   -243.91744      0.22250      0.07216      0.15033
   -243.90744      0.24530      0.08780      0.15750
   -243.89744      0.18973      0.07364      0.11608
   -243.88744      0.06787      0.02722      0.04065
   -243.87744      0.01012      0.00409      0.00603
