Energy-E_F (eV)    DOS (1/eV)    PDOS (1/eV)  of atom type B  N  
     -4.99000      0.31027      0.19048      0.12143
     -4.98000      0.33957      0.17042      0.16995
     -4.97000      0.39433      0.18652      0.20907
     -4.96000      0.51629      0.25217      0.26694
     -4.95000      0.61136      0.28502      0.32883
     -4.94000      0.58545      0.25939      0.32687
     -4.93000      0.39956      0.18743      0.21222
     -4.92000      0.30909      0.16145      0.14764
     -4.91000      0.41492      0.18695      0.22797
     -4.90000      0.55349      0.21894      0.33456
     -4.89000      0.64030      0.25240      0.38790
     -4.88000      0.62346      0.26086      0.36261
     -4.87000      0.54634      0.25853      0.28781
     -4.86000      0.69122      0.32866      0.36256
     -4.85000      0.93224      0.40321      0.52903
     -4.84000      1.04062      0.43639      0.60424
     -4.83000      0.96805      0.40663      0.56142
     -4.82000      0.74527      0.30594      0.43933
     -4.81000      0.56879      0.22751      0.34128
     -4.80000      0.49040      0.19917      0.29123
     -4.79000      0.48540      0.20856      0.27683
     -4.78000      0.53491      0.22936      0.30555
     -4.77000      0.64758      0.26305      0.38453
     -4.76000      0.63692      0.25242      0.38449
     -4.75000      0.59608      0.23645      0.35963
     -4.74000      0.55935      0.23152      0.32784
     -4.73000      0.53698      0.22975      0.30723
     -4.72000      0.50827      0.21150      0.29677
     -4.71000      0.55843      0.22377      0.33467
     -4.70000      0.68891      0.27339      0.41551
     -4.69000      0.66839      0.26738      0.40100
     -4.68000      0.59335      0.23534      0.35801
     -4.67000      0.60833      0.23515      0.37319
     -4.66000      0.60552      0.23230      0.37322
     -4.65000      0.60201      0.23484      0.36716
     -4.64000      0.62523      0.24929      0.37594
     -4.63000      0.65714      0.26499      0.39215
     -4.62000      0.70299      0.28806      0.41492
     -4.61000      0.64855      0.27287      0.37569
     -4.60000      0.51115      0.21804      0.29311
     -4.59000      0.47057      0.19807      0.27251
     -4.58000      0.58334      0.23863      0.34471
     -4.57000      0.58983      0.23191      0.35792
     -4.56000      0.49488      0.18816      0.30672
     -4.55000      0.36180      0.13996      0.22184
     -4.54000      0.34123      0.13578      0.20545
     -4.53000      0.43999      0.17018      0.26981
     -4.52000      0.43158      0.16314      0.26843
     -4.51000      0.42420      0.16383      0.26037
     -4.50000      0.54898      0.21624      0.33275
     -4.49000      0.58182      0.22784      0.35398
     -4.48000      0.54831      0.21184      0.33648
     -4.47000      0.64931      0.24894      0.40037
     -4.46000      0.79217      0.30675      0.48541
     -4.45000      0.77407      0.30806      0.46601
     -4.44000      0.58299      0.23568      0.34732
     -4.43000      0.44747      0.18167      0.26580
     -4.42000      0.42758      0.17637      0.25120
     -4.41000      0.36652      0.15197      0.21455
     -4.40000      0.37509      0.15447      0.22062
     -4.39000      0.59610      0.23799      0.35812
     -4.38000      0.84375      0.32413      0.51962
     -4.37000      0.94192      0.35279      0.58913
     -4.36000      0.94196      0.35071      0.59125
     -4.35000      0.85117      0.31731      0.53386
     -4.34000      0.66233      0.24965      0.41267
     -4.33000      0.61186      0.23185      0.38001
     -4.32000      0.64816      0.24504      0.40312
     -4.31000      0.57087      0.21654      0.35433
     -4.30000      0.52828      0.20199      0.32629
     -4.29000      0.60277      0.23890      0.36387
     -4.28000      0.53294      0.21427      0.31866
     -4.27000      0.40456      0.15448      0.25007
     -4.26000      0.43338      0.16347      0.26991
     -4.25000      0.48771      0.18835      0.29936
     -4.24000      0.62772      0.24836      0.37936
     -4.23000      0.78369      0.31693      0.46676
     -4.22000      0.67386      0.26988      0.40398
     -4.21000      0.54876      0.20505      0.34371
     -4.20000      0.66515      0.24020      0.42495
     -4.19000      0.76613      0.28254      0.48360
     -4.18000      0.69851      0.26104      0.43746
     -4.17000      0.60597      0.23034      0.37564
     -4.16000      0.60331      0.23047      0.37284
     -4.15000      0.61088      0.22873      0.38215
     -4.14000      0.66418      0.24535      0.41883
     -4.13000      0.72329      0.26574      0.45755
     -4.12000      0.67449      0.24751      0.42697
     -4.11000      0.59970      0.22621      0.37349
     -4.10000      0.67170      0.26200      0.40970
     -4.09000      0.64470      0.25344      0.39125
     -4.08000      0.45651      0.18215      0.27435
     -4.07000      0.34476      0.14061      0.20416
     -4.06000      0.32304      0.12829      0.19476
     -4.05000      0.36849      0.14210      0.22639
     -4.04000      0.47487      0.18377      0.29110
     -4.03000      0.61560      0.23570      0.37990
     -4.02000      0.71431      0.26487      0.44943
     -4.01000      0.75760      0.27587      0.48173
     -4.00000      0.79289      0.29316      0.49973
     -3.99000      0.77535      0.28879      0.48657
     -3.98000      0.70473      0.25529      0.44945
     -3.97000      0.59665      0.21346      0.38319
     -3.96000      0.49149      0.18110      0.31039
     -3.95000      0.58059      0.21721      0.36337
     -3.94000      0.79399      0.28878      0.50521
     -3.93000      0.82401      0.30135      0.52266
     -3.92000      0.54324      0.20414      0.33910
     -3.91000      0.28470      0.10629      0.17842
     -3.90000      0.35913      0.13195      0.22718
     -3.89000      0.62449      0.23207      0.39242
     -3.88000      0.68209      0.24837      0.43372
     -3.87000      0.66965      0.23128      0.43837
     -3.86000      0.76453      0.25674      0.50779
     -3.85000      0.75260      0.26418      0.48843
     -3.84000      0.71322      0.27304      0.44018
     -3.83000      0.73651      0.28570      0.45081
     -3.82000      0.78361      0.29035      0.49325
     -3.81000      0.80710      0.29762      0.50948
     -3.80000      0.74093      0.27271      0.46822
     -3.79000      0.66621      0.23726      0.42895
     -3.78000      0.68739      0.24386      0.44352
     -3.77000      0.62756      0.22761      0.39995
     -3.76000      0.48463      0.18466      0.29997
     -3.75000      0.40601      0.16082      0.24520
     -3.74000      0.32771      0.13078      0.19693
     -3.73000      0.31205      0.12283      0.18922
     -3.72000      0.39590      0.14904      0.24686
     -3.71000      0.44270      0.16116      0.28154
     -3.70000      0.48957      0.17806      0.31151
     -3.69000      0.66198      0.24740      0.41458
     -3.68000      0.83500      0.31513      0.51986
     -3.67000      0.89490      0.33033      0.56457
     -3.66000      0.82110      0.28799      0.53311
     -3.65000      0.75313      0.25280      0.50033
     -3.64000      0.80154      0.27310      0.52843
     -3.63000      0.88225      0.30669      0.57556
     -3.62000      0.89412      0.31407      0.58005
     -3.61000      0.84412      0.29438      0.54974
     -3.60000      0.72000      0.24475      0.47525
     -3.59000      0.60460      0.20903      0.39557
     -3.58000      0.59072      0.21902      0.37170
     -3.57000      0.67435      0.25931      0.41504
     -3.56000      0.66678      0.24654      0.42023
     -3.55000      0.55485      0.18565      0.36920
     -3.54000      0.52168      0.16944      0.35223
     -3.53000      0.57063      0.19869      0.37194
     -3.52000      0.61786      0.21978      0.39809
     -3.51000      0.54025      0.18690      0.35335
     -3.50000      0.42234      0.14360      0.27874
     -3.49000      0.47029      0.16252      0.30776
     -3.48000      0.65470      0.23395      0.42075
     -3.47000      0.76928      0.28018      0.48909
     -3.46000      0.84332      0.30189      0.54143
     -3.45000      0.88832      0.31278      0.57554
     -3.44000      0.75533      0.26671      0.48863
     -3.43000      0.58895      0.21328      0.37567
     -3.42000      0.54382      0.20100      0.34282
     -3.41000      0.48713      0.17772      0.30942
     -3.40000      0.47143      0.16301      0.30842
     -3.39000      0.69669      0.23130      0.46539
     -3.38000      0.89843      0.29807      0.60036
     -3.37000      0.77348      0.25953      0.51395
     -3.36000      0.64296      0.22141      0.42155
     -3.35000      0.66711      0.23276      0.43435
     -3.34000      0.65272      0.22173      0.43099
     -3.33000      0.57989      0.18920      0.39069
     -3.32000      0.46114      0.15394      0.30720
     -3.31000      0.32255      0.11481      0.20775
     -3.30000      0.32938      0.11906      0.21032
     -3.29000      0.49191      0.16838      0.32354
     -3.28000      0.71702      0.23791      0.47912
     -3.27000      0.84424      0.28777      0.55647
     -3.26000      0.82638      0.29171      0.53467
     -3.25000      0.73640      0.26164      0.47476
     -3.24000      0.73158      0.26042      0.47116
     -3.23000      0.81164      0.29137      0.52027
     -3.22000      0.73201      0.26060      0.47142
     -3.21000      0.64617      0.21823      0.42794
     -3.20000      0.68997      0.21929      0.47068
     -3.19000      0.78522      0.23927      0.54595
     -3.18000      0.95875      0.29179      0.66696
     -3.17000      1.09839      0.35442      0.74397
     -3.16000      1.06618      0.37166      0.69452
     -3.15000      0.82076      0.29800      0.52276
     -3.14000      0.62792      0.22669      0.40123
     -3.13000      0.66491      0.22980      0.43511
     -3.12000      0.74265      0.25341      0.48923
     -3.11000      0.65293      0.22688      0.42605
     -3.10000      0.53928      0.18868      0.35060
     -3.09000      0.56420      0.19604      0.36816
     -3.08000      0.62575      0.20806      0.41769
     -3.07000      0.66662      0.20132      0.46530
     -3.06000      0.60853      0.17980      0.42873
     -3.05000      0.52386      0.16792      0.35593
     -3.04000      0.52187      0.17164      0.35023
     -3.03000      0.70736      0.23250      0.47486
     -3.02000      0.97911      0.32013      0.65899
     -3.01000      1.03860      0.33078      0.70782
     -3.00000      0.74141      0.23250      0.50892
     -2.99000      0.51282      0.16724      0.34559
     -2.98000      0.55973      0.17762      0.38210
     -2.97000      0.65966      0.19623      0.46343
     -2.96000      0.76290      0.22729      0.53561
     -2.95000      0.84532      0.26645      0.57887
     -2.94000      0.88030      0.29226      0.58804
     -2.93000      0.89636      0.30409      0.59227
     -2.92000      0.75908      0.25759      0.50149
     -2.91000      0.56185      0.18588      0.37598
     -2.90000      0.57778      0.19441      0.38337
     -2.89000      0.95478      0.32550      0.62929
     -2.88000      1.22528      0.40405      0.82123
     -2.87000      1.08661      0.33169      0.75491
     -2.86000      0.88691      0.24756      0.63935
     -2.85000      0.66605      0.18688      0.47917
     -2.84000      0.54044      0.16960      0.37084
     -2.83000      0.62539      0.20930      0.41609
     -2.82000      0.75291      0.24242      0.51048
     -2.81000      0.73468      0.22432      0.51035
     -2.80000      0.66219      0.20749      0.45470
     -2.79000      0.81258      0.26903      0.54355
     -2.78000      1.11483      0.36525      0.74958
     -2.77000      1.02403      0.32719      0.69684
     -2.76000      0.71059      0.23004      0.48056
     -2.75000      0.73418      0.24161      0.49257
     -2.74000      0.85499      0.27446      0.58053
     -2.73000      0.84917      0.26768      0.58149
     -2.72000      0.79436      0.25076      0.54360
     -2.71000      0.67387      0.21236      0.46152
     -2.70000      0.62247      0.19117      0.43130
     -2.69000      0.85634      0.26799      0.58835
     -2.68000      1.04975      0.33997      0.70978
     -2.67000      0.85982      0.27954      0.58028
     -2.66000      0.65888      0.21669      0.44220
     -2.65000      0.68621      0.22139      0.46482
     -2.64000      0.84973      0.25610      0.59363
     -2.63000      1.05980      0.31034      0.74946
     -2.62000      1.19601      0.35364      0.84237
     -2.61000      1.12445      0.33503      0.78943
     -2.60000      0.88109      0.25735      0.62374
     -2.59000      0.78840      0.22200      0.56639
     -2.58000      0.76098      0.20555      0.55543
     -2.57000      0.63389      0.16990      0.46400
     -2.56000      0.61563      0.17194      0.44368
     -2.55000      0.81783      0.23207      0.58576
     -2.54000      0.95009      0.27083      0.67926
     -2.53000      1.00603      0.29450      0.71153
     -2.52000      0.99152      0.28548      0.70604
     -2.51000      0.85166      0.22881      0.62286
     -2.50000      0.70692      0.19360      0.51332
     -2.49000      0.63026      0.18904      0.44122
     -2.48000      0.73912      0.21864      0.52048
     -2.47000      0.79486      0.22004      0.57482
     -2.46000      0.77744      0.21695      0.56049
     -2.45000      0.81183      0.23113      0.58070
     -2.44000      0.86488      0.24504      0.61984
     -2.43000      0.93464      0.27097      0.66367
     -2.42000      1.06948      0.32106      0.74842
     -2.41000      1.12435      0.34179      0.78256
     -2.40000      1.05500      0.30865      0.74635
     -2.39000      1.04356      0.28010      0.76346
     -2.38000      0.95706      0.24170      0.71536
     -2.37000      0.76769      0.19011      0.57758
     -2.36000      0.87905      0.22432      0.65473
     -2.35000      1.20803      0.30740      0.90063
     -2.34000      1.34072      0.33712      1.00360
     -2.33000      1.19993      0.30432      0.89560
     -2.32000      0.90037      0.23141      0.66896
     -2.31000      0.75404      0.19584      0.55820
     -2.30000      0.82233      0.22338      0.59895
     -2.29000      0.86079      0.25151      0.60928
     -2.28000      0.93239      0.27987      0.65253
     -2.27000      0.98824      0.27832      0.70992
     -2.26000      1.02346      0.26146      0.76200
     -2.25000      1.09455      0.27410      0.82045
     -2.24000      1.10114      0.27707      0.82407
     -2.23000      1.05883      0.26265      0.79618
     -2.22000      1.14437      0.25807      0.88630
     -2.21000      1.28633      0.27006      1.01627
     -2.20000      1.31804      0.30354      1.01450
     -2.19000      1.28264      0.31996      0.96268
     -2.18000      1.15859      0.28076      0.87783
     -2.17000      1.02186      0.22833      0.79353
     -2.16000      1.00382      0.22051      0.78331
     -2.15000      1.07045      0.24133      0.82912
     -2.14000      1.21057      0.27323      0.93734
     -2.13000      1.39549      0.31707      1.07842
     -2.12000      1.32221      0.30123      1.02099
     -2.11000      1.05916      0.22151      0.83765
     -2.10000      1.03006      0.19923      0.83083
     -2.09000      1.15096      0.21958      0.93138
     -2.08000      1.12616      0.20688      0.91929
     -2.07000      1.03059      0.20638      0.82421
     -2.06000      1.08975      0.24784      0.84191
     -2.05000      1.26294      0.28484      0.97810
     -2.04000      1.29935      0.27197      1.02739
     -2.03000      1.22396      0.25331      0.97065
     -2.02000      1.12573      0.25994      0.86579
     -2.01000      1.15550      0.28385      0.87165
     -2.00000      1.18245      0.27758      0.90487
     -1.99000      1.04472      0.24133      0.80338
     -1.98000      0.97520      0.23493      0.74027
     -1.97000      1.12910      0.25955      0.86955
     -1.96000      1.41497      0.30268      1.11229
     -1.95000      1.60591      0.34432      1.26159
     -1.94000      1.47245      0.33049      1.14196
     -1.93000      1.17190      0.26907      0.90283
     -1.92000      1.10698      0.24772      0.85926
     -1.91000      1.15720      0.24989      0.90731
     -1.90000      1.02058      0.22181      0.79876
     -1.89000      0.88716      0.19607      0.69109
     -1.88000      1.01138      0.20718      0.80421
     -1.87000      1.06764      0.21545      0.85219
     -1.86000      1.01873      0.22700      0.79173
     -1.85000      0.95094      0.22384      0.72710
     -1.84000      0.85736      0.19491      0.66244
     -1.83000      1.02524      0.22277      0.80248
     -1.82000      1.43357      0.31102      1.12255
     -1.81000      1.58193      0.35545      1.22647
     -1.80000      1.38043      0.32224      1.05819
     -1.79000      1.40569      0.31452      1.09117
     -1.78000      1.42287      0.30051      1.12236
     -1.77000      1.28528      0.26197      1.02331
     -1.76000      1.34406      0.27159      1.07247
     -1.75000      1.42677      0.29293      1.13385
     -1.74000      1.38880      0.28881      1.09999
     -1.73000      1.35982      0.28718      1.07264
     -1.72000      1.14056      0.24559      0.89497
     -1.71000      0.79700      0.17046      0.62655
     -1.70000      0.76013      0.15250      0.60763
     -1.69000      1.03303      0.20448      0.82856
     -1.68000      1.17145      0.24068      0.93077
     -1.67000      1.12048      0.23792      0.88256
     -1.66000      1.05714      0.23511      0.82203
     -1.65000      0.98758      0.23280      0.75477
     -1.64000      0.89363      0.21698      0.67665
     -1.63000      0.84115      0.19556      0.64560
     -1.62000      0.89127      0.19244      0.69883
     -1.61000      0.94691      0.19641      0.75050
     -1.60000      1.07813      0.21810      0.86003
     -1.59000      1.28649      0.25208      1.03441
     -1.58000      1.46274      0.27994      1.18280
     -1.57000      1.59633      0.29122      1.30511
     -1.56000      1.52476      0.26993      1.25483
     -1.55000      1.39999      0.26782      1.13217
     -1.54000      1.49142      0.32016      1.17126
     -1.53000      1.58238      0.34863      1.23375
     -1.52000      1.37768      0.28588      1.09180
     -1.51000      1.19121      0.23814      0.95307
     -1.50000      1.17590      0.24170      0.93420
     -1.49000      1.19835      0.24943      0.94892
     -1.48000      1.20458      0.24432      0.96027
     -1.47000      1.01463      0.19507      0.81956
     -1.46000      0.86518      0.16797      0.69721
     -1.45000      0.84620      0.17403      0.67217
     -1.44000      0.73880      0.15917      0.57963
     -1.43000      0.68347      0.15472      0.52875
     -1.42000      0.83326      0.19409      0.63917
     -1.41000      0.76167      0.17392      0.58775
     -1.40000      0.55706      0.12396      0.43310
     -1.39000      0.67298      0.15547      0.51751
     -1.38000      0.80287      0.19008      0.61279
     -1.37000      0.67269      0.15548      0.51721
     -1.36000      0.71633      0.15022      0.56611
     -1.35000      1.03470      0.19314      0.84155
     -1.34000      1.13119      0.19644      0.93475
     -1.33000      0.91504      0.15624      0.75880
     -1.32000      0.79976      0.14197      0.65780
     -1.31000      1.08814      0.21011      0.87803
     -1.30000      1.49463      0.30474      1.18988
     -1.29000      1.25611      0.25802      0.99809
     -1.28000      0.75754      0.14938      0.60815
     -1.27000      0.70549      0.13931      0.56618
     -1.26000      0.81828      0.17776      0.64053
     -1.25000      0.70667      0.16349      0.54318
     -1.24000      0.53327      0.12151      0.41176
     -1.23000      0.59285      0.13290      0.45995
     -1.22000      0.58245      0.13501      0.44744
     -1.21000      0.38255      0.09452      0.28804
     -1.20000      0.31143      0.07409      0.23734
     -1.19000      0.41710      0.09075      0.32635
     -1.18000      0.52974      0.11526      0.41448
     -1.17000      0.49041      0.10603      0.38438
     -1.16000      0.42977      0.08968      0.34009
     -1.15000      0.49026      0.10310      0.38716
     -1.14000      0.58498      0.12651      0.45847
     -1.13000      0.65319      0.14075      0.51244
     -1.12000      0.72671      0.14254      0.58417
     -1.11000      0.77875      0.13592      0.64283
     -1.10000      0.74675      0.13235      0.61440
     -1.09000      0.60576      0.12466      0.48109
     -1.08000      0.59987      0.13259      0.46728
     -1.07000      0.77567      0.16341      0.61226
     -1.06000      0.85071      0.17163      0.67908
     -1.05000      0.69646      0.13181      0.56465
     -1.04000      0.66773      0.12008      0.54765
     -1.03000      0.84098      0.15555      0.68543
     -1.02000      0.79999      0.15049      0.64950
     -1.01000      0.53478      0.10127      0.43351
     -1.00000      0.36815      0.07205      0.29610
     -0.99000      0.28140      0.05553      0.22588
     -0.98000      0.21753      0.04438      0.17315
     -0.97000      0.19400      0.04210      0.15190
     -0.96000      0.17149      0.03796      0.13353
     -0.95000      0.28934      0.06501      0.22433
     -0.94000      0.51152      0.11326      0.39826
     -0.93000      0.56521      0.12027      0.44494
     -0.92000      0.52093      0.10491      0.41602
     -0.91000      0.48065      0.09336      0.38729
     -0.90000      0.44284      0.08304      0.35980
     -0.89000      0.55958      0.10088      0.45870
     -0.88000      0.68146      0.12390      0.55757
     -0.87000      0.58483      0.11604      0.46880
     -0.86000      0.53398      0.11348      0.42050
     -0.85000      0.55977      0.11135      0.44842
     -0.84000      0.45158      0.08252      0.36907
     -0.83000      0.28752      0.05210      0.23542
     -0.82000      0.25063      0.05063      0.20000
     -0.81000      0.42344      0.08781      0.33564
     -0.80000      0.61322      0.12135      0.49187
     -0.79000      0.67717      0.12641      0.55076
     -0.78000      0.55836      0.10173      0.45663
     -0.77000      0.29410      0.05371      0.24039
     -0.76000      0.17321      0.02860      0.14461
     -0.75000      0.22120      0.03397      0.18723
     -0.74000      0.30261      0.04923      0.25339
     -0.73000      0.45923      0.08102      0.37821
     -0.72000      0.56586      0.10440      0.46146
     -0.71000      0.47567      0.08660      0.38907
     -0.70000      0.40305      0.06951      0.33354
     -0.69000      0.46152      0.07779      0.38374
     -0.68000      0.48140      0.08132      0.40008
     -0.67000      0.40608      0.07014      0.33595
     -0.66000      0.31242      0.05581      0.25661
     -0.65000      0.19986      0.03717      0.16269
     -0.64000      0.16345      0.03198      0.13147
     -0.63000      0.33351      0.06593      0.26757
     -0.62000      0.48888      0.09455      0.39432
     -0.61000      0.36042      0.06639      0.29402
     -0.60000      0.23346      0.03893      0.19453
     -0.59000      0.29728      0.04599      0.25129
     -0.58000      0.35805      0.05787      0.30017
     -0.57000      0.31772      0.05805      0.25967
     -0.56000      0.25256      0.04966      0.20290
     -0.55000      0.26075      0.04982      0.21094
     -0.54000      0.26108      0.04723      0.21385
     -0.53000      0.25500      0.04180      0.21320
     -0.52000      0.29196      0.04292      0.24904
     -0.51000      0.34176      0.05036      0.29140
     -0.50000      0.44801      0.07131      0.37670
     -0.49000      0.56794      0.09364      0.47430
     -0.48000      0.52362      0.08511      0.43851
     -0.47000      0.37466      0.05821      0.31646
     -0.46000      0.25953      0.04155      0.21797
     -0.45000      0.26253      0.04561      0.21692
     -0.44000      0.30439      0.05049      0.25390
     -0.43000      0.31800      0.04698      0.27103
     -0.42000      0.23588      0.03234      0.20354
     -0.41000      0.12641      0.01855      0.10786
     -0.40000      0.16263      0.02811      0.13452
     -0.39000      0.27719      0.04881      0.22838
     -0.38000      0.29254      0.05140      0.24114
     -0.37000      0.25560      0.04379      0.21180
     -0.36000      0.28678      0.04614      0.24064
     -0.35000      0.31513      0.04896      0.26617
     -0.34000      0.35900      0.05685      0.30215
     -0.33000      0.39403      0.06056      0.33347
     -0.32000      0.31107      0.04237      0.26870
     -0.31000      0.19165      0.02206      0.16960
     -0.30000      0.12808      0.01469      0.11340
     -0.29000      0.13480      0.01789      0.11691
     -0.28000      0.16743      0.02551      0.14192
     -0.27000      0.21215      0.03429      0.17786
     -0.26000      0.21386      0.03332      0.18054
     -0.25000      0.14668      0.02127      0.12541
     -0.24000      0.11484      0.01471      0.10013
     -0.23000      0.17244      0.02254      0.14990
     -0.22000      0.29908      0.04275      0.25632
     -0.21000      0.40143      0.05928      0.34214
     -0.20000      0.36438      0.05291      0.31147
     -0.19000      0.32740      0.04338      0.28402
     -0.18000      0.34805      0.04377      0.30427
     -0.17000      0.28707      0.03646      0.25061
     -0.16000      0.16903      0.02232      0.14671
     -0.15000      0.12576      0.01746      0.10829
     -0.14000      0.14599      0.02075      0.12524
     -0.13000      0.17888      0.02544      0.15344
     -0.12000      0.20381      0.02819      0.17562
     -0.11000      0.19116      0.02472      0.16644
     -0.10000      0.15607      0.01727      0.13880
     -0.09000      0.13887      0.01530      0.12357
     -0.08000      0.12397      0.01565      0.10832
     -0.07000      0.14343      0.01872      0.12470
     -0.06000      0.21249      0.02575      0.18674
     -0.05000      0.27795      0.03221      0.24573
     -0.04000      0.26212      0.03033      0.23179
     -0.03000      0.20954      0.02449      0.18505
     -0.02000      0.16279      0.01921      0.14359
     -0.01000      0.07122      0.00844      0.06278
      0.00000      0.01281      0.00152      0.01129
      0.01000      0.00089      0.00011      0.00078
      0.02000      0.00002      0.00000      0.00002
      0.03000      0.00000      0.00000      0.00000
      0.04000      0.00000      0.00000      0.00000
      0.05000      0.00000      0.00000      0.00000
      0.06000      0.00000      0.00000      0.00000
      0.07000      0.00000      0.00000      0.00000
      0.08000      0.00000      0.00000      0.00000
      0.09000      0.00000      0.00000      0.00000
      0.10000      0.00000      0.00000      0.00000
      0.11000      0.00000      0.00000      0.00000
      0.12000      0.00000      0.00000      0.00000
      0.13000      0.00000      0.00000      0.00000
      0.14000      0.00000      0.00000      0.00000
      0.15000      0.00000      0.00000      0.00000
      0.16000      0.00000      0.00000      0.00000
      0.17000      0.00000      0.00000      0.00000
      0.18000      0.00000      0.00000      0.00000
      0.19000      0.00000      0.00000      0.00000
      0.20000      0.00000      0.00000      0.00000
      0.21000      0.00000      0.00000      0.00000
      0.22000      0.00000      0.00000      0.00000
      0.23000      0.00000      0.00000      0.00000
      0.24000      0.00000      0.00000      0.00000
      0.25000      0.00000      0.00000      0.00000
      0.26000      0.00000      0.00000      0.00000
      0.27000      0.00000      0.00000      0.00000
      0.28000      0.00000      0.00000      0.00000
      0.29000      0.00000      0.00000      0.00000
      0.30000      0.00000      0.00000      0.00000
      0.31000      0.00000      0.00000      0.00000
      0.32000      0.00000      0.00000      0.00000
      0.33000      0.00000      0.00000      0.00000
      0.34000      0.00000      0.00000      0.00000
      0.35000      0.00000      0.00000      0.00000
      0.36000      0.00000      0.00000      0.00000
      0.37000      0.00000      0.00000      0.00000
      0.38000      0.00000      0.00000      0.00000
      0.39000      0.00000      0.00000      0.00000
      0.40000      0.00000      0.00000      0.00000
      0.41000      0.00000      0.00000      0.00000
      0.42000      0.00000      0.00000      0.00000
      0.43000      0.00000      0.00000      0.00000
      0.44000      0.00000      0.00000      0.00000
      0.45000      0.00000      0.00000      0.00000
      0.46000      0.00000      0.00000      0.00000
      0.47000      0.00000      0.00000      0.00000
      0.48000      0.00000      0.00000      0.00000
      0.49000      0.00000      0.00000      0.00000
      0.50000      0.00000      0.00000      0.00000
      0.51000      0.00000      0.00000      0.00000
      0.52000      0.00000      0.00000      0.00000
      0.53000      0.00000      0.00000      0.00000
      0.54000      0.00000      0.00000      0.00000
      0.55000      0.00000      0.00000      0.00000
      0.56000      0.00000      0.00000      0.00000
      0.57000      0.00000      0.00000      0.00000
      0.58000      0.00000      0.00000      0.00000
      0.59000      0.00000      0.00000      0.00000
      0.60000      0.00000      0.00000      0.00000
      0.61000      0.00000      0.00000      0.00000
      0.62000      0.00000      0.00000      0.00000
      0.63000      0.00000      0.00000      0.00000
      0.64000      0.00000      0.00000      0.00000
      0.65000      0.00000      0.00000      0.00000
      0.66000      0.00000      0.00000      0.00000
      0.67000      0.00000      0.00000      0.00000
      0.68000      0.00000      0.00000      0.00000
      0.69000      0.00000      0.00000      0.00000
      0.70000      0.00000      0.00000      0.00000
      0.71000      0.00000      0.00000      0.00000
      0.72000      0.00000      0.00000      0.00000
      0.73000      0.00000      0.00000      0.00000
      0.74000      0.00000      0.00000      0.00000
      0.75000      0.00000      0.00000      0.00000
      0.76000      0.00000      0.00000      0.00000
      0.77000      0.00000      0.00000      0.00000
      0.78000      0.00000      0.00000      0.00000
      0.79000      0.00000      0.00000      0.00000
      0.80000      0.00000      0.00000      0.00000
      0.81000      0.00000      0.00000      0.00000
      0.82000      0.00000      0.00000      0.00000
      0.83000      0.00000      0.00000      0.00000
      0.84000      0.00000      0.00000      0.00000
      0.85000      0.00000      0.00000      0.00000
      0.86000      0.00000      0.00000      0.00000
      0.87000      0.00000      0.00000      0.00000
      0.88000      0.00000      0.00000      0.00000
      0.89000      0.00000      0.00000      0.00000
      0.90000      0.00000      0.00000      0.00000
      0.91000      0.00000      0.00000      0.00000
      0.92000      0.00000      0.00000      0.00000
      0.93000      0.00000      0.00000      0.00000
      0.94000      0.00000      0.00000      0.00000
      0.95000      0.00000      0.00000      0.00000
      0.96000      0.00000      0.00000      0.00000
      0.97000      0.00000      0.00000      0.00000
      0.98000      0.00000      0.00000      0.00000
      0.99000      0.00000      0.00000      0.00000
      1.00000      0.00000      0.00000      0.00000
      1.01000      0.00000      0.00000      0.00000
      1.02000      0.00000      0.00000      0.00000
      1.03000      0.00000      0.00000      0.00000
      1.04000      0.00000      0.00000      0.00000
      1.05000      0.00000      0.00000      0.00000
      1.06000      0.00000      0.00000      0.00000
      1.07000      0.00000      0.00000      0.00000
      1.08000      0.00000      0.00000      0.00000
      1.09000      0.00000      0.00000      0.00000
      1.10000      0.00000      0.00000      0.00000
      1.11000      0.00000      0.00000      0.00000
      1.12000      0.00000      0.00000      0.00000
      1.13000      0.00000      0.00000      0.00000
      1.14000      0.00000      0.00000      0.00000
      1.15000      0.00000      0.00000      0.00000
      1.16000      0.00000      0.00000      0.00000
      1.17000      0.00000      0.00000      0.00000
      1.18000      0.00000      0.00000      0.00000
      1.19000      0.00000      0.00000      0.00000
      1.20000      0.00000      0.00000      0.00000
      1.21000      0.00000      0.00000      0.00000
      1.22000      0.00000      0.00000      0.00000
      1.23000      0.00000      0.00000      0.00000
      1.24000      0.00000      0.00000      0.00000
      1.25000      0.00000      0.00000      0.00000
      1.26000      0.00000      0.00000      0.00000
      1.27000      0.00000      0.00000      0.00000
      1.28000      0.00000      0.00000      0.00000
      1.29000      0.00000      0.00000      0.00000
      1.30000      0.00000      0.00000      0.00000
      1.31000      0.00000      0.00000      0.00000
      1.32000      0.00000      0.00000      0.00000
      1.33000      0.00000      0.00000      0.00000
      1.34000      0.00000      0.00000      0.00000
      1.35000      0.00000      0.00000      0.00000
      1.36000      0.00000      0.00000      0.00000
      1.37000      0.00000      0.00000      0.00000
      1.38000      0.00000      0.00000      0.00000
      1.39000      0.00000      0.00000      0.00000
      1.40000      0.00000      0.00000      0.00000
      1.41000      0.00000      0.00000      0.00000
      1.42000      0.00000      0.00000      0.00000
      1.43000      0.00000      0.00000      0.00000
      1.44000      0.00000      0.00000      0.00000
      1.45000      0.00000      0.00000      0.00000
      1.46000      0.00000      0.00000      0.00000
      1.47000      0.00000      0.00000      0.00000
      1.48000      0.00000      0.00000      0.00000
      1.49000      0.00000      0.00000      0.00000
      1.50000      0.00000      0.00000      0.00000
      1.51000      0.00000      0.00000      0.00000
      1.52000      0.00000      0.00000      0.00000
      1.53000      0.00000      0.00000      0.00000
      1.54000      0.00000      0.00000      0.00000
      1.55000      0.00000      0.00000      0.00000
      1.56000      0.00000      0.00000      0.00000
      1.57000      0.00000      0.00000      0.00000
      1.58000      0.00000      0.00000      0.00000
      1.59000      0.00000      0.00000      0.00000
      1.60000      0.00000      0.00000      0.00000
      1.61000      0.00000      0.00000      0.00000
      1.62000      0.00000      0.00000      0.00000
      1.63000      0.00000      0.00000      0.00000
      1.64000      0.00000      0.00000      0.00000
      1.65000      0.00000      0.00000      0.00000
      1.66000      0.00000      0.00000      0.00000
      1.67000      0.00000      0.00000      0.00000
      1.68000      0.00000      0.00000      0.00000
      1.69000      0.00000      0.00000      0.00000
      1.70000      0.00000      0.00000      0.00000
      1.71000      0.00000      0.00000      0.00000
      1.72000      0.00000      0.00000      0.00000
      1.73000      0.00000      0.00000      0.00000
      1.74000      0.00000      0.00000      0.00000
      1.75000      0.00022      0.00021      0.00001
      1.76000      0.00409      0.00393      0.00015
      1.77000      0.02811      0.02706      0.00105
      1.78000      0.07163      0.06895      0.00267
      1.79000      0.07381      0.07107      0.00274
      1.80000      0.06266      0.06040      0.00226
      1.81000      0.08042      0.07754      0.00288
      1.82000      0.06481      0.06197      0.00284
      1.83000      0.08234      0.07581      0.00654
      1.84000      0.18473      0.16858      0.01616
      1.85000      0.23647      0.21641      0.02006
      1.86000      0.25334      0.23502      0.01832
      1.87000      0.32803      0.30590      0.02213
      1.88000      0.42690      0.38997      0.03693
      1.89000      0.57084      0.51082      0.06002
      1.90000      0.68310      0.61323      0.06986
      1.91000      0.74208      0.67583      0.06625
      1.92000      0.74725      0.68493      0.06232
      1.93000      0.61150      0.55759      0.05391
      1.94000      0.53404      0.48295      0.05109
      1.95000      0.65476      0.59140      0.06336
      1.96000      0.62018      0.56086      0.05932
      1.97000      0.42880      0.39019      0.03861
      1.98000      0.35696      0.32758      0.02938
      1.99000      0.36010      0.33465      0.02546
      2.00000      0.44500      0.41859      0.02641
      2.01000      0.45577      0.42867      0.02711
      2.02000      0.28163      0.26218      0.01944
      2.03000      0.16674      0.15280      0.01394
      2.04000      0.20664      0.18865      0.01799
      2.05000      0.25834      0.23641      0.02193
      2.06000      0.24012      0.22162      0.01850
      2.07000      0.36086      0.33545      0.02540
      2.08000      0.52313      0.48338      0.03974
      2.09000      0.56874      0.52346      0.04528
      2.10000      0.53092      0.49093      0.03999
      2.11000      0.44612      0.41384      0.03228
      2.12000      0.43996      0.40660      0.03336
      2.13000      0.51191      0.47454      0.03737
      2.14000      0.56713      0.53130      0.03582
      2.15000      0.53575      0.50259      0.03317
      2.16000      0.49778      0.46129      0.03649
      2.17000      0.49492      0.45535      0.03957
      2.18000      0.50789      0.46776      0.04013
      2.19000      0.40197      0.36855      0.03342
      2.20000      0.21833      0.19728      0.02104
      2.21000      0.17204      0.15490      0.01714
      2.22000      0.20018      0.18185      0.01833
      2.23000      0.18882      0.16699      0.02183
      2.24000      0.14892      0.12548      0.02344
      2.25000      0.15792      0.13225      0.02567
      2.26000      0.15879      0.13596      0.02283
      2.27000      0.10387      0.09212      0.01175
      2.28000      0.11040      0.10177      0.00862
      2.29000      0.19495      0.18238      0.01256
      2.30000      0.36903      0.34661      0.02242
      2.31000      0.49777      0.46596      0.03181
      2.32000      0.50776      0.47385      0.03391
      2.33000      0.54895      0.51037      0.03858
      2.34000      0.54257      0.50341      0.03916
      2.35000      0.48804      0.45254      0.03550
      2.36000      0.44434      0.40900      0.03534
      2.37000      0.43838      0.39929      0.03909
      2.38000      0.47915      0.43220      0.04696
      2.39000      0.41367      0.37314      0.04052
      2.40000      0.26076      0.23945      0.02131
      2.41000      0.14917      0.14011      0.00906
      2.42000      0.13397      0.12709      0.00688
      2.43000      0.17717      0.16895      0.00822
      2.44000      0.24234      0.23165      0.01069
      2.45000      0.32861      0.31330      0.01532
      2.46000      0.31370      0.29864      0.01506
      2.47000      0.20169      0.19206      0.00963
      2.48000      0.18842      0.17933      0.00908
      2.49000      0.21097      0.20126      0.00971
      2.50000      0.14770      0.14135      0.00636
      2.51000      0.15213      0.14519      0.00694
      2.52000      0.30014      0.28200      0.01814
      2.53000      0.40439      0.37654      0.02785
      2.54000      0.32137      0.29958      0.02179
      2.55000      0.24050      0.22293      0.01757
      2.56000      0.28063      0.25133      0.02931
      2.57000      0.34250      0.29220      0.05030
      2.58000      0.35314      0.29831      0.05483
      2.59000      0.36439      0.32005      0.04433
      2.60000      0.43956      0.39371      0.04585
      2.61000      0.42554      0.38205      0.04349
      2.62000      0.44117      0.40093      0.04024
      2.63000      0.49132      0.45304      0.03828
      2.64000      0.34804      0.32329      0.02475
      2.65000      0.28512      0.26458      0.02055
      2.66000      0.40869      0.37453      0.03416
      2.67000      0.51545      0.46094      0.05452
      2.68000      0.48259      0.42314      0.05945
      2.69000      0.29361      0.25787      0.03574
      2.70000      0.11897      0.10615      0.01282
      2.71000      0.05917      0.04801      0.01116
      2.72000      0.11222      0.08441      0.02782
      2.73000      0.20971      0.16550      0.04421
      2.74000      0.24366      0.20069      0.04297
      2.75000      0.14862      0.12596      0.02266
      2.76000      0.08342      0.07212      0.01131
      2.77000      0.15759      0.13456      0.02303
      2.78000      0.23952      0.20548      0.03404
      2.79000      0.29640      0.26247      0.03393
      2.80000      0.45388      0.41093      0.04295
      2.81000      0.58119      0.52494      0.05625
      2.82000      0.55409      0.49354      0.06055
      2.83000      0.51612      0.45658      0.05954
      2.84000      0.48347      0.42577      0.05769
      2.85000      0.35551      0.30984      0.04567
      2.86000      0.26627      0.23691      0.02935
      2.87000      0.28631      0.25710      0.02921
      2.88000      0.29598      0.25626      0.03973
      2.89000      0.26448      0.23015      0.03434
      2.90000      0.28005      0.25476      0.02529
      2.91000      0.25901      0.23492      0.02410
      2.92000      0.25558      0.22289      0.03269
      2.93000      0.21228      0.18225      0.03003
      2.94000      0.14166      0.12561      0.01605
      2.95000      0.15424      0.13713      0.01711
      2.96000      0.21109      0.18032      0.03077
      2.97000      0.24361      0.20622      0.03739
      2.98000      0.32754      0.28983      0.03771
      2.99000      0.54667      0.49503      0.05163
      3.00000      0.59074      0.52768      0.06306
      3.01000      0.47026      0.40901      0.06125
      3.02000      0.48137      0.41857      0.06280
      3.03000      0.53419      0.46734      0.06686
      3.04000      0.36957      0.32484      0.04473
      3.05000      0.20639      0.18156      0.02484
      3.06000      0.23304      0.20387      0.02917
      3.07000      0.27915      0.24061      0.03855
      3.08000      0.27809      0.23726      0.04083
      3.09000      0.29283      0.24737      0.04546
      3.10000      0.31487      0.26334      0.05153
      3.11000      0.26678      0.22570      0.04108
      3.12000      0.23602      0.20127      0.03475
      3.13000      0.21651      0.18274      0.03377
      3.14000      0.20601      0.17551      0.03049
      3.15000      0.41607      0.36157      0.05450
      3.16000      0.67096      0.58795      0.08301
      3.17000      0.60387      0.52867      0.07520
      3.18000      0.37993      0.32464      0.05529
      3.19000      0.22376      0.17804      0.04572
      3.20000      0.22700      0.16801      0.05900
      3.21000      0.27031      0.20483      0.06548
      3.22000      0.17488      0.13796      0.03691
      3.23000      0.05032      0.04100      0.00932
      3.24000      0.02477      0.01922      0.00555
      3.25000      0.11215      0.08600      0.02614
      3.26000      0.26379      0.20565      0.05814
      3.27000      0.26252      0.20887      0.05365
      3.28000      0.14295      0.11538      0.02756
      3.29000      0.16745      0.13567      0.03178
      3.30000      0.27185      0.22497      0.04688
      3.31000      0.24526      0.20839      0.03687
      3.32000      0.18960      0.16186      0.02774
      3.33000      0.31586      0.25484      0.06102
      3.34000      0.54756      0.43637      0.11119
      3.35000      0.56168      0.45604      0.10564
      3.36000      0.41874      0.34390      0.07484
      3.37000      0.42202      0.34535      0.07668
      3.38000      0.54474      0.44750      0.09723
      3.39000      0.75097      0.62139      0.12958
      3.40000      1.01024      0.82583      0.18441
      3.41000      1.02415      0.83222      0.19193
      3.42000      0.85398      0.70325      0.15073
      3.43000      0.64208      0.54041      0.10167
      3.44000      0.39188      0.33689      0.05500
      3.45000      0.23606      0.19790      0.03816
      3.46000      0.23860      0.18931      0.04929
      3.47000      0.35158      0.28570      0.06587
      3.48000      0.39041      0.32162      0.06879
      3.49000      0.28588      0.23500      0.05089
      3.50000      0.17151      0.14190      0.02961
      3.51000      0.13551      0.11340      0.02211
      3.52000      0.22341      0.18609      0.03732
      3.53000      0.36486      0.29902      0.06583
      3.54000      0.40180      0.32868      0.07313
      3.55000      0.31740      0.26238      0.05502
      3.56000      0.26720      0.21586      0.05134
      3.57000      0.33884      0.26495      0.07389
      3.58000      0.42862      0.31915      0.10948
      3.59000      0.42088      0.29591      0.12497
      3.60000      0.31205      0.21925      0.09280
      3.61000      0.25574      0.19212      0.06362
      3.62000      0.29532      0.22399      0.07133
      3.63000      0.39269      0.28900      0.10370
      3.64000      0.39719      0.29299      0.10420
      3.65000      0.32690      0.24914      0.07776
      3.66000      0.31418      0.24669      0.06749
      3.67000      0.36393      0.28552      0.07841
      3.68000      0.37922      0.29599      0.08323
      3.69000      0.38006      0.29062      0.08944
      3.70000      0.38078      0.28747      0.09331
      3.71000      0.31020      0.23753      0.07268
      3.72000      0.25491      0.19790      0.05701
      3.73000      0.30038      0.23266      0.06772
      3.74000      0.33281      0.25224      0.08057
      3.75000      0.35143      0.25799      0.09344
      3.76000      0.46508      0.34332      0.12177
      3.77000      0.53102      0.39289      0.13812
      3.78000      0.43341      0.32017      0.11325
      3.79000      0.31204      0.22768      0.08435
      3.80000      0.34108      0.24333      0.09775
      3.81000      0.57782      0.42177      0.15605
      3.82000      0.77925      0.59316      0.18609
      3.83000      0.85471      0.67375      0.18096
      3.84000      0.76156      0.60360      0.15795
      3.85000      0.54932      0.42451      0.12481
      3.86000      0.47817      0.35008      0.12809
      3.87000      0.48784      0.34949      0.13836
      3.88000      0.42847      0.31305      0.11542
      3.89000      0.44507      0.33311      0.11195
      3.90000      0.55379      0.41008      0.14371
      3.91000      0.72232      0.52322      0.19910
      3.92000      0.87671      0.63229      0.24442
      3.93000      0.84936      0.61426      0.23510
      3.94000      0.73384      0.52945      0.20439
      3.95000      0.61047      0.43124      0.17924
      3.96000      0.52445      0.35843      0.16602
      3.97000      0.57659      0.39904      0.17755
      3.98000      0.59594      0.43179      0.16415
      3.99000      0.58568      0.42291      0.16276
      4.00000      0.59558      0.40390      0.19168
      4.01000      0.61042      0.39518      0.21524
      4.02000      0.66130      0.42275      0.23856
      4.03000      0.68696      0.43826      0.24869
      4.04000      0.68437      0.43716      0.24721
      4.05000      0.71100      0.43964      0.27135
      4.06000      0.65209      0.39094      0.26115
      4.07000      0.53198      0.33974      0.19224
      4.08000      0.51983      0.36222      0.15761
      4.09000      0.53525      0.37706      0.15820
      4.10000      0.49544      0.33464      0.16080
      4.11000      0.62903      0.40948      0.21955
      4.12000      0.78674      0.51161      0.27513
      4.13000      0.68599      0.44690      0.23909
      4.14000      0.58384      0.38137      0.20246
      4.15000      0.63034      0.41740      0.21294
      4.16000      0.62965      0.41453      0.21512
      4.17000      0.57700      0.37055      0.20645
      4.18000      0.65859      0.41774      0.24085
      4.19000      0.72545      0.45151      0.27394
      4.20000      0.56225      0.35118      0.21106
      4.21000      0.46047      0.29526      0.16521
      4.22000      0.72263      0.46814      0.25449
      4.23000      1.17496      0.76717      0.40779
      4.24000      1.28889      0.84429      0.44460
      4.25000      1.12476      0.73090      0.39386
      4.26000      0.93809      0.58792      0.35017
      4.27000      0.73765      0.44940      0.28825
      4.28000      0.70694      0.44508      0.26186
      4.29000      0.88695      0.58147      0.30548
      4.30000      0.92750      0.63127      0.29623
      4.31000      0.84027      0.58967      0.25060
      4.32000      0.85014      0.58857      0.26156
      4.33000      0.79172      0.52448      0.26724
      4.34000      0.79737      0.51621      0.28117
      4.35000      0.77641      0.50847      0.26795
      4.36000      0.59545      0.39403      0.20142
      4.37000      0.52760      0.34348      0.18411
      4.38000      0.63839      0.40107      0.23731
      4.39000      0.78512      0.48616      0.29897
      4.40000      0.84530      0.51714      0.32816
      4.41000      0.78865      0.47828      0.31037
      4.42000      0.68452      0.41372      0.27079
      4.43000      0.63010      0.38345      0.24665
      4.44000      0.64194      0.42096      0.22098
      4.45000      0.65636      0.45389      0.20247
      4.46000      0.61386      0.41307      0.20079
      4.47000      0.51220      0.33135      0.18084
      4.48000      0.49281      0.30572      0.18708
      4.49000      0.62950      0.38121      0.24829
      4.50000      0.70077      0.43111      0.26966
      4.51000      0.61121      0.38919      0.22201
      4.52000      0.67471      0.43499      0.23971
      4.53000      0.93165      0.58405      0.34759
      4.54000      0.93391      0.58028      0.35363
      4.55000      0.59957      0.38136      0.21820
      4.56000      0.40831      0.26520      0.14311
      4.57000      0.50048      0.32950      0.17098
      4.58000      0.63238      0.41927      0.21311
      4.59000      0.61901      0.40585      0.21316
      4.60000      0.52366      0.32916      0.19450
      4.61000      0.54618      0.33250      0.21368
      4.62000      0.61799      0.37922      0.23877
      4.63000      0.59043      0.36671      0.22372
      4.64000      0.56017      0.35925      0.20092
      4.65000      0.53396      0.34989      0.18406
      4.66000      0.49615      0.33745      0.15870
      4.67000      0.51124      0.34891      0.16232
      4.68000      0.61408      0.38589      0.22819
      4.69000      0.82577      0.47510      0.35067
      4.70000      0.85985      0.47341      0.38645
      4.71000      0.66082      0.35282      0.30800
      4.72000      0.46074      0.24489      0.21585
      4.73000      0.39069      0.21817      0.17252
      4.74000      0.48930      0.28499      0.20431
      4.75000      0.56211      0.34478      0.21734
      4.76000      0.51837      0.32922      0.18915
      4.77000      0.50924      0.30831      0.20092
      4.78000      0.64047      0.35228      0.28819
      4.79000      0.68597      0.35845      0.32752
      4.80000      0.48821      0.25674      0.23147
      4.81000      0.36134      0.20483      0.15651
      4.82000      0.44304      0.27677      0.16627
      4.83000      0.51588      0.34418      0.17170
      4.84000      0.49385      0.33318      0.16066
      4.85000      0.46082      0.29039      0.17043
      4.86000      0.41424      0.23931      0.17493
      4.87000      0.40189      0.24244      0.15945
      4.88000      0.48304      0.31382      0.16923
      4.89000      0.62460      0.41053      0.21406
      4.90000      0.70721      0.45221      0.25500
      4.91000      0.65485      0.41075      0.24410
      4.92000      0.53977      0.34189      0.19788
      4.93000      0.48969      0.29562      0.19407
      4.94000      0.57332      0.33361      0.23970
      4.95000      0.60807      0.37702      0.23106
      4.96000      0.62203      0.41060      0.21142
      4.97000      0.61632      0.41509      0.20122
      4.98000      0.51272      0.35405      0.15867
      4.99000      0.57111      0.39638      0.17473
      5.00000      0.69799      0.45647      0.24152
      5.01000      0.66219      0.38676      0.27543
      5.02000      0.60834      0.33802      0.27032
      5.03000      0.68908      0.37772      0.31135
      5.04000      0.79723      0.41660      0.38063
      5.05000      0.70940      0.36405      0.34535
      5.06000      0.48525      0.21855      0.26671
      5.07000      0.42561      0.17997      0.24564
      5.08000      0.43804      0.22552      0.21251
      5.09000      0.41113      0.24257      0.16856
      5.10000      0.43469      0.22763      0.20706
      5.11000      0.59784      0.28964      0.30819
      5.12000      0.73694      0.39484      0.34210
      5.13000      0.59042      0.32468      0.26574
      5.14000      0.30369      0.15943      0.14426
      5.15000      0.26013      0.14372      0.11641
      5.16000      0.38248      0.21595      0.16654
      5.17000      0.44472      0.23718      0.20754
      5.18000      0.61441      0.31771      0.29670
      5.19000      0.82581      0.45552      0.37029
      5.20000      0.75504      0.44149      0.31355
      5.21000      0.58903      0.34928      0.23976
      5.22000      0.55996      0.32058      0.23937
      5.23000      0.53776      0.31405      0.22371
      5.24000      0.63057      0.39222      0.23835
      5.25000      0.84853      0.52667      0.32187
      5.26000      0.89675      0.53597      0.36078
      5.27000      0.85216      0.50670      0.34546
      5.28000      0.74639      0.46377      0.28262
      5.29000      0.69207      0.46474      0.22733
      5.30000      0.73900      0.51623      0.22276
      5.31000      0.84799      0.55376      0.29424
      5.32000      1.11427      0.65095      0.46332
      5.33000      1.10528      0.57962      0.52566
      5.34000      0.78653      0.37047      0.41606
      5.35000      0.58111      0.29286      0.28825
      5.36000      0.74944      0.42525      0.32419
      5.37000      0.92111      0.50871      0.41240
      5.38000      0.78389      0.41098      0.37291
      5.39000      0.76884      0.39190      0.37698
      5.40000      0.95609      0.46458      0.49174
      5.41000      0.91874      0.42671      0.49241
      5.42000      0.76861      0.35699      0.41186
      5.43000      1.02439      0.51865      0.50579
      5.44000      1.53280      0.81733      0.71549
      5.45000      1.69991      0.90221      0.79784
      5.46000      1.88749      1.00750      0.88034
      5.47000      2.11134      1.19097      0.92069
      5.48000      1.91371      1.14687      0.76695
      5.49000      1.67569      1.01538      0.66032
      5.50000      1.43485      0.83467      0.60018
      5.51000      1.20612      0.67913      0.52699
      5.52000      1.13334      0.60217      0.53118
      5.53000      1.15422      0.59399      0.56031
      5.54000      0.97035      0.54410      0.42653
      5.55000      0.56521      0.34793      0.21763
      5.56000      0.26995      0.14785      0.12227
      5.57000      0.19129      0.05789      0.13343
      5.58000      0.21841      0.04258      0.17583
      5.59000      0.19377      0.03998      0.15379
      5.60000      0.21137      0.05751      0.15386
      5.61000      0.37814      0.10954      0.26861
      5.62000      0.54337      0.12779      0.41564
      5.63000      0.52122      0.09192      0.42944
      5.64000      0.34692      0.05313      0.29460
      5.65000      0.20140      0.03613      0.16874
      5.66000      0.19948      0.05773      0.14810
      5.67000      0.26308      0.06858      0.20122
      5.68000      0.31777      0.05453      0.26900
      5.69000      0.32840      0.07134      0.26079
      5.70000      0.31745      0.08930      0.23198
      5.71000      0.31098      0.07957      0.23531
      5.72000      0.36579      0.09041      0.27803
      5.73000      0.34529      0.08019      0.26696
      5.74000      0.25012      0.06630      0.18477
      5.75000      0.21920      0.07081      0.15018
      5.76000      0.23835      0.04320      0.20205
      5.77000      0.23295      0.01529      0.22837
      5.78000      0.14132      0.00544      0.14340
      5.79000      0.08247      0.00204      0.08832
      5.80000      0.10363      0.00864      0.10561
      5.81000      0.14760      0.03875      0.11510
      5.82000      0.20162      0.06528      0.13889
      5.83000      0.21188      0.04493      0.17284
      5.84000      0.20979      0.03740      0.18292
      5.85000      0.20859      0.06236      0.15532
      5.86000      0.22437      0.05415      0.18087
      5.87000      0.23357      0.04735      0.19988
      5.88000      0.22359      0.09308      0.13868
      5.89000      0.27445      0.14236      0.13638
      5.90000      0.30028      0.13327      0.17194
      5.91000      0.18500      0.06184      0.12745
      5.92000      0.07471      0.01212      0.06553
      5.93000      0.04651      0.00176      0.04744
      5.94000      0.04140      0.01189      0.03124
      5.95000      0.10430      0.06257      0.04393
      5.96000      0.22389      0.12164      0.10921
      5.97000      0.21773      0.08714      0.14198
      5.98000      0.10129      0.02300      0.08634
      5.99000      0.03519      0.00224      0.03780
      6.00000      0.08598      0.00008      0.10343
      6.01000      0.23024      0.00001      0.27783
      6.02000      0.31419      0.00040      0.37675
      6.03000      0.24646      0.00581      0.28495
      6.04000      0.15335      0.03070      0.14171
      6.05000      0.13043      0.05984      0.07918
      6.06000      0.08147      0.04598      0.03913
      6.07000      0.05718      0.03811      0.02061
      6.08000      0.14401      0.09618      0.05230
      6.09000      0.25416      0.16233      0.10266
      6.10000      0.25689      0.14724      0.12701
      6.11000      0.21987      0.09663      0.14891
      6.12000      0.20474      0.06797      0.16876
      6.13000      0.13723      0.02993      0.13319
      6.14000      0.09440      0.00583      0.10877
      6.15000      0.08458      0.00691      0.09434
      6.16000      0.07280      0.03325      0.04634
      6.17000      0.08412      0.06344      0.02173
      6.18000      0.07137      0.05830      0.01313
      6.19000      0.08051      0.06971      0.01080
      6.20000      0.11506      0.09939      0.01569
      6.21000      0.11357      0.09387      0.02038
      6.22000      0.08573      0.05186      0.04065
      6.23000      0.11051      0.02067      0.11453
      6.24000      0.16422      0.03897      0.15842
      6.25000      0.15234      0.07468      0.09411
      6.26000      0.11834      0.08480      0.03657
      6.27000      0.08835      0.06820      0.02080
      6.28000      0.05550      0.03330      0.02709
      6.29000      0.09533      0.03446      0.07996
      6.30000      0.15366      0.06323      0.11810
      6.31000      0.10738      0.04893      0.07600
      6.32000      0.06857      0.01399      0.07443
      6.33000      0.10738      0.00147      0.14712
      6.34000      0.12732      0.00006      0.17739
      6.35000      0.09184      0.00000      0.12805
      6.36000      0.05712      0.00001      0.07905
      6.37000      0.03894      0.00036      0.05303
      6.38000      0.02090      0.00549      0.02073
      6.39000      0.03918      0.03061      0.00934
      6.40000      0.07621      0.06275      0.01350
      6.41000      0.05752      0.04743      0.01009
      6.42000      0.01948      0.01593      0.00355
      6.43000      0.03549      0.02791      0.00763
      6.44000      0.11985      0.09272      0.02808
      6.45000      0.16528      0.11891      0.05281
      6.46000      0.10727      0.05635      0.06705
      6.47000      0.05009      0.01346      0.05147
      6.48000      0.04400      0.02526      0.02376
      6.49000      0.08774      0.06660      0.02177
      6.50000      0.11701      0.09082      0.02643
      6.51000      0.10346      0.07747      0.02864
      6.52000      0.07530      0.04142      0.04573
      6.53000      0.09563      0.04714      0.06812
      6.54000      0.15069      0.10241      0.06175
      6.55000      0.15789      0.10886      0.06105
      6.56000      0.10129      0.04992      0.07136
      6.57000      0.04268      0.01042      0.04763
      6.58000      0.02170      0.01083      0.01527
      6.59000      0.05323      0.04268      0.01101
      6.60000      0.09161      0.07392      0.01771
      6.61000      0.09749      0.07619      0.02131
      6.62000      0.08610      0.06540      0.02070
      6.63000      0.04167      0.03143      0.01025
      6.64000      0.01475      0.01123      0.00352
      6.65000      0.03988      0.03071      0.00917
      6.66000      0.09259      0.07111      0.02148
      6.67000      0.11491      0.08761      0.02730
      6.68000      0.09306      0.07048      0.02258
      6.69000      0.05443      0.04155      0.01288
      6.70000      0.07290      0.05754      0.01537
      6.71000      0.12155      0.09894      0.02261
      6.72000      0.11550      0.09737      0.01813
      6.73000      0.05776      0.04977      0.00799
      6.74000      0.02904      0.02445      0.00459
      6.75000      0.08512      0.06993      0.01519
      6.76000      0.15698      0.12867      0.02830
      6.77000      0.12857      0.10442      0.02414
      6.78000      0.11488      0.09025      0.02463
