Energy-E_F (eV)    DOS (1/eV)    PDOS (1/eV)  of atom type B  N  
     -4.99404      0.61974      0.00000      0.00000
     -4.98404      0.68001      0.00000      0.00000
     -4.97404      0.78988      0.00000      0.00000
     -4.96404      1.03244      0.00000      0.00000
     -4.95404      1.22139      0.00000      0.00000
     -4.94404      1.16819      0.00000      0.00000
     -4.93404      0.80139      0.00000      0.00000
     -4.92404      0.62146      0.00000      0.00000
     -4.91404      0.82927      0.00000      0.00000
     -4.90404      1.10514      0.00000      0.00000
     -4.89404      1.27944      0.00000      0.00000
     -4.88404      1.24378      0.00000      0.00000
     -4.87404      1.09711      0.00000      0.00000
     -4.86404      1.38657      0.00000      0.00000
     -4.85404      1.86145      0.00000      0.00000
     -4.84404      2.07671      0.00000      0.00000
     -4.83404      1.93627      0.00000      0.00000
     -4.82404      1.49153      0.00000      0.00000
     -4.81404      1.13723      0.00000      0.00000
     -4.80404      0.98214      0.00000      0.00000
     -4.79404      0.97351      0.00000      0.00000
     -4.78404      1.07006      0.00000      0.00000
     -4.77404      1.29047      0.00000      0.00000
     -4.76404      1.27360      0.00000      0.00000
     -4.75404      1.19224      0.00000      0.00000
     -4.74404      1.11944      0.00000      0.00000
     -4.73404      1.07440      0.00000      0.00000
     -4.72404      1.01913      0.00000      0.00000
     -4.71404      1.12074      0.00000      0.00000
     -4.70404      1.37120      0.00000      0.00000
     -4.69404      1.33647      0.00000      0.00000
     -4.68404      1.19126      0.00000      0.00000
     -4.67404      1.21426      0.00000      0.00000
     -4.66404      1.20626      0.00000      0.00000
     -4.65404      1.20403      0.00000      0.00000
     -4.64404      1.25386      0.00000      0.00000
     -4.63404      1.31404      0.00000      0.00000
     -4.62404      1.40280      0.00000      0.00000
     -4.61404      1.29862      0.00000      0.00000
     -4.60404      1.02621      0.00000      0.00000
     -4.59404      0.94438      0.00000      0.00000
     -4.58404      1.16200      0.00000      0.00000
     -4.57404      1.17662      0.00000      0.00000
     -4.56404      0.99074      0.00000      0.00000
     -4.55404      0.72640      0.00000      0.00000
     -4.54404      0.68448      0.00000      0.00000
     -4.53404      0.87715      0.00000      0.00000
     -4.52404      0.86380      0.00000      0.00000
     -4.51404      0.84918      0.00000      0.00000
     -4.50404      1.09596      0.00000      0.00000
     -4.49404      1.16572      0.00000      0.00000
     -4.48404      1.10087      0.00000      0.00000
     -4.47404      1.30176      0.00000      0.00000
     -4.46404      1.57715      0.00000      0.00000
     -4.45404      1.53819      0.00000      0.00000
     -4.44404      1.16564      0.00000      0.00000
     -4.43404      0.89920      0.00000      0.00000
     -4.42404      0.85694      0.00000      0.00000
     -4.41404      0.73454      0.00000      0.00000
     -4.40404      0.75726      0.00000      0.00000
     -4.39404      1.19620      0.00000      0.00000
     -4.38404      1.68275      0.00000      0.00000
     -4.37404      1.87310      0.00000      0.00000
     -4.36404      1.88357      0.00000      0.00000
     -4.35404      1.70742      0.00000      0.00000
     -4.34404      1.32713      0.00000      0.00000
     -4.33404      1.22307      0.00000      0.00000
     -4.32404      1.29579      0.00000      0.00000
     -4.31404      1.14320      0.00000      0.00000
     -4.30404      1.05406      0.00000      0.00000
     -4.29404      1.20081      0.00000      0.00000
     -4.28404      1.06555      0.00000      0.00000
     -4.27404      0.81494      0.00000      0.00000
     -4.26404      0.87031      0.00000      0.00000
     -4.25404      0.97597      0.00000      0.00000
     -4.24404      1.25659      0.00000      0.00000
     -4.23404      1.56451      0.00000      0.00000
     -4.22404      1.34666      0.00000      0.00000
     -4.21404      1.09739      0.00000      0.00000
     -4.20404      1.32489      0.00000      0.00000
     -4.19404      1.53283      0.00000      0.00000
     -4.18404      1.39645      0.00000      0.00000
     -4.17404      1.21317      0.00000      0.00000
     -4.16404      1.20936      0.00000      0.00000
     -4.15404      1.22437      0.00000      0.00000
     -4.14404      1.33232      0.00000      0.00000
     -4.13404      1.44240      0.00000      0.00000
     -4.12404      1.33954      0.00000      0.00000
     -4.11404      1.20263      0.00000      0.00000
     -4.10404      1.34595      0.00000      0.00000
     -4.09404      1.29079      0.00000      0.00000
     -4.08404      0.91520      0.00000      0.00000
     -4.07404      0.68611      0.00000      0.00000
     -4.06404      0.64614      0.00000      0.00000
     -4.05404      0.73934      0.00000      0.00000
     -4.04404      0.95294      0.00000      0.00000
     -4.03404      1.23809      0.00000      0.00000
     -4.02404      1.42146      0.00000      0.00000
     -4.01404      1.50739      0.00000      0.00000
     -4.00404      1.58657      0.00000      0.00000
     -3.99404      1.55040      0.00000      0.00000
     -3.98404      1.41134      0.00000      0.00000
     -3.97404      1.19197      0.00000      0.00000
     -3.96404      0.98767      0.00000      0.00000
     -3.95404      1.16624      0.00000      0.00000
     -3.94404      1.58148      0.00000      0.00000
     -3.93404      1.63943      0.00000      0.00000
     -3.92404      1.08928      0.00000      0.00000
     -3.91404      0.57671      0.00000      0.00000
     -3.90404      0.71920      0.00000      0.00000
     -3.89404      1.24623      0.00000      0.00000
     -3.88404      1.36982      0.00000      0.00000
     -3.87404      1.34223      0.00000      0.00000
     -3.86404      1.51904      0.00000      0.00000
     -3.85404      1.49841      0.00000      0.00000
     -3.84404      1.42910      0.00000      0.00000
     -3.83404      1.47780      0.00000      0.00000
     -3.82404      1.56765      0.00000      0.00000
     -3.81404      1.61472      0.00000      0.00000
     -3.80404      1.48368      0.00000      0.00000
     -3.79404      1.32979      0.00000      0.00000
     -3.78404      1.37168      0.00000      0.00000
     -3.77404      1.25291      0.00000      0.00000
     -3.76404      0.97297      0.00000      0.00000
     -3.75404      0.81397      0.00000      0.00000
     -3.74404      0.65900      0.00000      0.00000
     -3.73404      0.62984      0.00000      0.00000
     -3.72404      0.78421      0.00000      0.00000
     -3.71404      0.87896      0.00000      0.00000
     -3.70404      0.98404      0.00000      0.00000
     -3.69404      1.32824      0.00000      0.00000
     -3.68404      1.67304      0.00000      0.00000
     -3.67404      1.78508      0.00000      0.00000
     -3.66404      1.63793      0.00000      0.00000
     -3.65404      1.51115      0.00000      0.00000
     -3.64404      1.60473      0.00000      0.00000
     -3.63404      1.75783      0.00000      0.00000
     -3.62404      1.78942      0.00000      0.00000
     -3.61404      1.68368      0.00000      0.00000
     -3.60404      1.43854      0.00000      0.00000
     -3.59404      1.21274      0.00000      0.00000
     -3.58404      1.18624      0.00000      0.00000
     -3.57404      1.35031      0.00000      0.00000
     -3.56404      1.33261      0.00000      0.00000
     -3.55404      1.10739      0.00000      0.00000
     -3.54404      1.04028      0.00000      0.00000
     -3.53404      1.14550      0.00000      0.00000
     -3.52404      1.23139      0.00000      0.00000
     -3.51404      1.07611      0.00000      0.00000
     -3.50404      0.85402      0.00000      0.00000
     -3.49404      0.94439      0.00000      0.00000
     -3.48404      1.30638      0.00000      0.00000
     -3.47404      1.54334      0.00000      0.00000
     -3.46404      1.68506      0.00000      0.00000
     -3.45404      1.75941      0.00000      0.00000
     -3.44404      1.51311      0.00000      0.00000
     -3.43404      1.18626      0.00000      0.00000
     -3.42404      1.08936      0.00000      0.00000
     -3.41404      0.97664      0.00000      0.00000
     -3.40404      0.94333      0.00000      0.00000
     -3.39404      1.38837      0.00000      0.00000
     -3.38404      1.79782      0.00000      0.00000
     -3.37404      1.54772      0.00000      0.00000
     -3.36404      1.28488      0.00000      0.00000
     -3.35404      1.33033      0.00000      0.00000
     -3.34404      1.30753      0.00000      0.00000
     -3.33404      1.15745      0.00000      0.00000
     -3.32404      0.91943      0.00000      0.00000
     -3.31404      0.65172      0.00000      0.00000
     -3.30404      0.66444      0.00000      0.00000
     -3.29404      0.99394      0.00000      0.00000
     -3.28404      1.43403      0.00000      0.00000
     -3.27404      1.67278      0.00000      0.00000
     -3.26404      1.64566      0.00000      0.00000
     -3.25404      1.47785      0.00000      0.00000
     -3.24404      1.46849      0.00000      0.00000
     -3.23404      1.61330      0.00000      0.00000
     -3.22404      1.46781      0.00000      0.00000
     -3.21404      1.30242      0.00000      0.00000
     -3.20404      1.38400      0.00000      0.00000
     -3.19404      1.57359      0.00000      0.00000
     -3.18404      1.91007      0.00000      0.00000
     -3.17404      2.18968      0.00000      0.00000
     -3.16404      2.12405      0.00000      0.00000
     -3.15404      1.64007      0.00000      0.00000
     -3.14404      1.26400      0.00000      0.00000
     -3.13404      1.33857      0.00000      0.00000
     -3.12404      1.48040      0.00000      0.00000
     -3.11404      1.29391      0.00000      0.00000
     -3.10404      1.08468      0.00000      0.00000
     -3.09404      1.13604      0.00000      0.00000
     -3.08404      1.24798      0.00000      0.00000
     -3.07404      1.32789      0.00000      0.00000
     -3.06404      1.21911      0.00000      0.00000
     -3.05404      1.05579      0.00000      0.00000
     -3.04404      1.05321      0.00000      0.00000
     -3.03404      1.40377      0.00000      0.00000
     -3.02404      1.94226      0.00000      0.00000
     -3.01404      2.07979      0.00000      0.00000
     -3.00404      1.49347      0.00000      0.00000
     -2.99404      1.02804      0.00000      0.00000
     -2.98404      1.11807      0.00000      0.00000
     -2.97404      1.32679      0.00000      0.00000
     -2.96404      1.52312      0.00000      0.00000
     -2.95404      1.68157      0.00000      0.00000
     -2.94404      1.75936      0.00000      0.00000
     -2.93404      1.79841      0.00000      0.00000
     -2.92404      1.51301      0.00000      0.00000
     -2.91404      1.12581      0.00000      0.00000
     -2.90404      1.18223      0.00000      0.00000
     -2.89404      1.90385      0.00000      0.00000
     -2.88404      2.41473      0.00000      0.00000
     -2.87404      2.16642      0.00000      0.00000
     -2.86404      1.78051      0.00000      0.00000
     -2.85404      1.34319      0.00000      0.00000
     -2.84404      1.09735      0.00000      0.00000
     -2.83404      1.25573      0.00000      0.00000
     -2.82404      1.49387      0.00000      0.00000
     -2.81404      1.45967      0.00000      0.00000
     -2.80404      1.34205      0.00000      0.00000
     -2.79404      1.63661      0.00000      0.00000
     -2.78404      2.19247      0.00000      0.00000
     -2.77404      2.03926      0.00000      0.00000
     -2.76404      1.44852      0.00000      0.00000
     -2.75404      1.46464      0.00000      0.00000
     -2.74404      1.70617      0.00000      0.00000
     -2.73404      1.71220      0.00000      0.00000
     -2.72404      1.58796      0.00000      0.00000
     -2.71404      1.33613      0.00000      0.00000
     -2.70404      1.25523      0.00000      0.00000
     -2.69404      1.70966      0.00000      0.00000
     -2.68404      2.07958      0.00000      0.00000
     -2.67404      1.71960      0.00000      0.00000
     -2.66404      1.32115      0.00000      0.00000
     -2.65404      1.37739      0.00000      0.00000
     -2.64404      1.71689      0.00000      0.00000
     -2.63404      2.13140      0.00000      0.00000
     -2.62404      2.37408      0.00000      0.00000
     -2.61404      2.22255      0.00000      0.00000
     -2.60404      1.77361      0.00000      0.00000
     -2.59404      1.58880      0.00000      0.00000
     -2.58404      1.51153      0.00000      0.00000
     -2.57404      1.26662      0.00000      0.00000
     -2.56404      1.24522      0.00000      0.00000
     -2.55404      1.64895      0.00000      0.00000
     -2.54404      1.90462      0.00000      0.00000
     -2.53404      1.98157      0.00000      0.00000
     -2.52404      1.96802      0.00000      0.00000
     -2.51404      1.71643      0.00000      0.00000
     -2.50404      1.42685      0.00000      0.00000
     -2.49404      1.27482      0.00000      0.00000
     -2.48404      1.47230      0.00000      0.00000
     -2.47404      1.57210      0.00000      0.00000
     -2.46404      1.54948      0.00000      0.00000
     -2.45404      1.63272      0.00000      0.00000
     -2.44404      1.73778      0.00000      0.00000
     -2.43404      1.87392      0.00000      0.00000
     -2.42404      2.12711      0.00000      0.00000
     -2.41404      2.23485      0.00000      0.00000
     -2.40404      2.11705      0.00000      0.00000
     -2.39404      2.09445      0.00000      0.00000
     -2.38404      1.91188      0.00000      0.00000
     -2.37404      1.55075      0.00000      0.00000
     -2.36404      1.77022      0.00000      0.00000
     -2.35404      2.40047      0.00000      0.00000
     -2.34404      2.66855      0.00000      0.00000
     -2.33404      2.38012      0.00000      0.00000
     -2.32404      1.80243      0.00000      0.00000
     -2.31404      1.53546      0.00000      0.00000
     -2.30404      1.65566      0.00000      0.00000
     -2.29404      1.72372      0.00000      0.00000
     -2.28404      1.84939      0.00000      0.00000
     -2.27404      1.97990      0.00000      0.00000
     -2.26404      2.06461      0.00000      0.00000
     -2.25404      2.16802      0.00000      0.00000
     -2.24404      2.18339      0.00000      0.00000
     -2.23404      2.12875      0.00000      0.00000
     -2.22404      2.30322      0.00000      0.00000
     -2.21404      2.56742      0.00000      0.00000
     -2.20404      2.62660      0.00000      0.00000
     -2.19404      2.56035      0.00000      0.00000
     -2.18404      2.32168      0.00000      0.00000
     -2.17404      2.05147      0.00000      0.00000
     -2.16404      2.00664      0.00000      0.00000
     -2.15404      2.13316      0.00000      0.00000
     -2.14404      2.43059      0.00000      0.00000
     -2.13404      2.78732      0.00000      0.00000
     -2.12404      2.63533      0.00000      0.00000
     -2.11404      2.12631      0.00000      0.00000
     -2.10404      2.06257      0.00000      0.00000
     -2.09404      2.29991      0.00000      0.00000
     -2.08404      2.25375      0.00000      0.00000
     -2.07404      2.06206      0.00000      0.00000
     -2.06404      2.18162      0.00000      0.00000
     -2.05404      2.52330      0.00000      0.00000
     -2.04404      2.59966      0.00000      0.00000
     -2.03404      2.45091      0.00000      0.00000
     -2.02404      2.24280      0.00000      0.00000
     -2.01404      2.31150      0.00000      0.00000
     -2.00404      2.36371      0.00000      0.00000
     -1.99404      2.09157      0.00000      0.00000
     -1.98404      1.97075      0.00000      0.00000
     -1.97404      2.26513      0.00000      0.00000
     -1.96404      2.80643      0.00000      0.00000
     -1.95404      3.19843      0.00000      0.00000
     -1.94404      2.93676      0.00000      0.00000
     -1.93404      2.36314      0.00000      0.00000
     -1.92404      2.22097      0.00000      0.00000
     -1.91404      2.29480      0.00000      0.00000
     -1.90404      2.04485      0.00000      0.00000
     -1.89404      1.79823      0.00000      0.00000
     -1.88404      2.02202      0.00000      0.00000
     -1.87404      2.12816      0.00000      0.00000
     -1.86404      2.03262      0.00000      0.00000
     -1.85404      1.89310      0.00000      0.00000
     -1.84404      1.72411      0.00000      0.00000
     -1.83404      2.08248      0.00000      0.00000
     -1.82404      2.85213      0.00000      0.00000
     -1.81404      3.13176      0.00000      0.00000
     -1.80404      2.79008      0.00000      0.00000
     -1.79404      2.80414      0.00000      0.00000
     -1.78404      2.82585      0.00000      0.00000
     -1.77404      2.58006      0.00000      0.00000
     -1.76404      2.67919      0.00000      0.00000
     -1.75404      2.84342      0.00000      0.00000
     -1.74404      2.80685      0.00000      0.00000
     -1.73404      2.70947      0.00000      0.00000
     -1.72404      2.25588      0.00000      0.00000
     -1.71404      1.61419      0.00000      0.00000
     -1.70404      1.54266      0.00000      0.00000
     -1.69404      2.05279      0.00000      0.00000
     -1.68404      2.34211      0.00000      0.00000
     -1.67404      2.24195      0.00000      0.00000
     -1.66404      2.10771      0.00000      0.00000
     -1.65404      1.97201      0.00000      0.00000
     -1.64404      1.78793      0.00000      0.00000
     -1.63404      1.69601      0.00000      0.00000
     -1.62404      1.78235      0.00000      0.00000
     -1.61404      1.89132      0.00000      0.00000
     -1.60404      2.16798      0.00000      0.00000
     -1.59404      2.59048      0.00000      0.00000
     -1.58404      2.92708      0.00000      0.00000
     -1.57404      3.14270      0.00000      0.00000
     -1.56404      3.02746      0.00000      0.00000
     -1.55404      2.83608      0.00000      0.00000
     -1.54404      2.99454      0.00000      0.00000
     -1.53404      3.13034      0.00000      0.00000
     -1.52404      2.77302      0.00000      0.00000
     -1.51404      2.39668      0.00000      0.00000
     -1.50404      2.34149      0.00000      0.00000
     -1.49404      2.40513      0.00000      0.00000
     -1.48404      2.37248      0.00000      0.00000
     -1.47404      2.03287      0.00000      0.00000
     -1.46404      1.76545      0.00000      0.00000
     -1.45404      1.68211      0.00000      0.00000
     -1.44404      1.46913      0.00000      0.00000
     -1.43404      1.39776      0.00000      0.00000
     -1.42404      1.63341      0.00000      0.00000
     -1.41404      1.51061      0.00000      0.00000
     -1.40404      1.17629      0.00000      0.00000
     -1.39404      1.34149      0.00000      0.00000
     -1.38404      1.54896      0.00000      0.00000
     -1.37404      1.36466      0.00000      0.00000
     -1.36404      1.47590      0.00000      0.00000
     -1.35404      2.03357      0.00000      0.00000
     -1.34404      2.21827      0.00000      0.00000
     -1.33404      1.86558      0.00000      0.00000
     -1.32404      1.66781      0.00000      0.00000
     -1.31404      2.18847      0.00000      0.00000
     -1.30404      2.85247      0.00000      0.00000
     -1.29404      2.47308      0.00000      0.00000
     -1.28404      1.61622      0.00000      0.00000
     -1.27404      1.43758      0.00000      0.00000
     -1.26404      1.59330      0.00000      0.00000
     -1.25404      1.39801      0.00000      0.00000
     -1.24404      1.10976      0.00000      0.00000
     -1.23404      1.17526      0.00000      0.00000
     -1.22404      1.12288      0.00000      0.00000
     -1.21404      0.78569      0.00000      0.00000
     -1.20404      0.65579      0.00000      0.00000
     -1.19404      0.84157      0.00000      0.00000
     -1.18404      1.03562      0.00000      0.00000
     -1.17404      0.98762      0.00000      0.00000
     -1.16404      0.87541      0.00000      0.00000
     -1.15404      0.98513      0.00000      0.00000
     -1.14404      1.17424      0.00000      0.00000
     -1.13404      1.28195      0.00000      0.00000
     -1.12404      1.44332      0.00000      0.00000
     -1.11404      1.57163      0.00000      0.00000
     -1.10404      1.47773      0.00000      0.00000
     -1.09404      1.21508      0.00000      0.00000
     -1.08404      1.21930      0.00000      0.00000
     -1.07404      1.54277      0.00000      0.00000
     -1.06404      1.66298      0.00000      0.00000
     -1.05404      1.42200      0.00000      0.00000
     -1.04404      1.37722      0.00000      0.00000
     -1.03404      1.63877      0.00000      0.00000
     -1.02404      1.54300      0.00000      0.00000
     -1.01404      1.09144      0.00000      0.00000
     -1.00404      0.75848      0.00000      0.00000
     -0.99404      0.57431      0.00000      0.00000
     -0.98404      0.44387      0.00000      0.00000
     -0.97404      0.38983      0.00000      0.00000
     -0.96404      0.37395      0.00000      0.00000
     -0.95404      0.58516      0.00000      0.00000
     -0.94404      0.97942      0.00000      0.00000
     -0.93404      1.12227      0.00000      0.00000
     -0.92404      1.03899      0.00000      0.00000
     -0.91404      0.96938      0.00000      0.00000
     -0.90404      0.91623      0.00000      0.00000
     -0.89404      1.13473      0.00000      0.00000
     -0.88404      1.33426      0.00000      0.00000
     -0.87404      1.15924      0.00000      0.00000
     -0.86404      1.07231      0.00000      0.00000
     -0.85404      1.07721      0.00000      0.00000
     -0.84404      0.88205      0.00000      0.00000
     -0.83404      0.61401      0.00000      0.00000
     -0.82404      0.55727      0.00000      0.00000
     -0.81404      0.83857      0.00000      0.00000
     -0.80404      1.19655      0.00000      0.00000
     -0.79404      1.32877      0.00000      0.00000
     -0.78404      1.08955      0.00000      0.00000
     -0.77404      0.62547      0.00000      0.00000
     -0.76404      0.37512      0.00000      0.00000
     -0.75404      0.43109      0.00000      0.00000
     -0.74404      0.62567      0.00000      0.00000
     -0.73404      0.92352      0.00000      0.00000
     -0.72404      1.09513      0.00000      0.00000
     -0.71404      0.93920      0.00000      0.00000
     -0.70404      0.81916      0.00000      0.00000
     -0.69404      0.92216      0.00000      0.00000
     -0.68404      0.95337      0.00000      0.00000
     -0.67404      0.82948      0.00000      0.00000
     -0.66404      0.63661      0.00000      0.00000
     -0.65404      0.39170      0.00000      0.00000
     -0.64404      0.35601      0.00000      0.00000
     -0.63404      0.67246      0.00000      0.00000
     -0.62404      0.90871      0.00000      0.00000
     -0.61404      0.71967      0.00000      0.00000
     -0.60404      0.52313      0.00000      0.00000
     -0.59404      0.59788      0.00000      0.00000
     -0.58404      0.67744      0.00000      0.00000
     -0.57404      0.61668      0.00000      0.00000
     -0.56404      0.53389      0.00000      0.00000
     -0.55404      0.53677      0.00000      0.00000
     -0.54404      0.51087      0.00000      0.00000
     -0.53404      0.51683      0.00000      0.00000
     -0.52404      0.58368      0.00000      0.00000
     -0.51404      0.67550      0.00000      0.00000
     -0.50404      0.90440      0.00000      0.00000
     -0.49404      1.13886      0.00000      0.00000
     -0.48404      1.03293      0.00000      0.00000
     -0.47404      0.72009      0.00000      0.00000
     -0.46404      0.53274      0.00000      0.00000
     -0.45404      0.55010      0.00000      0.00000
     -0.44404      0.61463      0.00000      0.00000
     -0.43404      0.60586      0.00000      0.00000
     -0.42404      0.45629      0.00000      0.00000
     -0.41404      0.28861      0.00000      0.00000
     -0.40404      0.33725      0.00000      0.00000
     -0.39404      0.52901      0.00000      0.00000
     -0.38404      0.57218      0.00000      0.00000
     -0.37404      0.53926      0.00000      0.00000
     -0.36404      0.58997      0.00000      0.00000
     -0.35404      0.62396      0.00000      0.00000
     -0.34404      0.71231      0.00000      0.00000
     -0.33404      0.77989      0.00000      0.00000
     -0.32404      0.60748      0.00000      0.00000
     -0.31404      0.38232      0.00000      0.00000
     -0.30404      0.27183      0.00000      0.00000
     -0.29404      0.26845      0.00000      0.00000
     -0.28404      0.33503      0.00000      0.00000
     -0.27404      0.43517      0.00000      0.00000
     -0.26404      0.41632      0.00000      0.00000
     -0.25404      0.29443      0.00000      0.00000
     -0.24404      0.24701      0.00000      0.00000
     -0.23404      0.35579      0.00000      0.00000
     -0.22404      0.56858      0.00000      0.00000
     -0.21404      0.77027      0.00000      0.00000
     -0.20404      0.75524      0.00000      0.00000
     -0.19404      0.66552      0.00000      0.00000
     -0.18404      0.67837      0.00000      0.00000
     -0.17404      0.55664      0.00000      0.00000
     -0.16404      0.35256      0.00000      0.00000
     -0.15404      0.26827      0.00000      0.00000
     -0.14404      0.29785      0.00000      0.00000
     -0.13404      0.36103      0.00000      0.00000
     -0.12404      0.40559      0.00000      0.00000
     -0.11404      0.38162      0.00000      0.00000
     -0.10404      0.30849      0.00000      0.00000
     -0.09404      0.27298      0.00000      0.00000
     -0.08404      0.25778      0.00000      0.00000
     -0.07404      0.28213      0.00000      0.00000
     -0.06404      0.40350      0.00000      0.00000
     -0.05404      0.54622      0.00000      0.00000
     -0.04404      0.53458      0.00000      0.00000
     -0.03404      0.42564      0.00000      0.00000
     -0.02404      0.31786      0.00000      0.00000
     -0.01404      0.15218      0.00000      0.00000
     -0.00404      0.03350      0.00000      0.00000
      0.00596      0.00302      0.00000      0.00000
      0.01596      0.00011      0.00000      0.00000
      0.02596      0.00000      0.00000      0.00000
      0.03596      0.00000      0.00000      0.00000
      0.04596      0.00000      0.00000      0.00000
      0.05596      0.00000      0.00000      0.00000
      0.06596      0.00000      0.00000      0.00000
      0.07596      0.00000      0.00000      0.00000
      0.08596      0.00000      0.00000      0.00000
      0.09596      0.00000      0.00000      0.00000
      0.10596      0.00000      0.00000      0.00000
      0.11596      0.00000      0.00000      0.00000
      0.12596      0.00000      0.00000      0.00000
      0.13596      0.00000      0.00000      0.00000
      0.14596      0.00000      0.00000      0.00000
      0.15596      0.00000      0.00000      0.00000
      0.16596      0.00000      0.00000      0.00000
      0.17596      0.00000      0.00000      0.00000
      0.18596      0.00000      0.00000      0.00000
      0.19596      0.00000      0.00000      0.00000
      0.20596      0.00000      0.00000      0.00000
      0.21596      0.00000      0.00000      0.00000
      0.22596      0.00000      0.00000      0.00000
      0.23596      0.00000      0.00000      0.00000
      0.24596      0.00000      0.00000      0.00000
      0.25596      0.00000      0.00000      0.00000
      0.26596      0.00000      0.00000      0.00000
      0.27596      0.00000      0.00000      0.00000
      0.28596      0.00000      0.00000      0.00000
      0.29596      0.00000      0.00000      0.00000
      0.30596      0.00000      0.00000      0.00000
      0.31596      0.00000      0.00000      0.00000
      0.32596      0.00000      0.00000      0.00000
      0.33596      0.00000      0.00000      0.00000
      0.34596      0.00000      0.00000      0.00000
      0.35596      0.00000      0.00000      0.00000
      0.36596      0.00000      0.00000      0.00000
      0.37596      0.00000      0.00000      0.00000
      0.38596      0.00000      0.00000      0.00000
      0.39596      0.00000      0.00000      0.00000
      0.40596      0.00000      0.00000      0.00000
      0.41596      0.00000      0.00000      0.00000
      0.42596      0.00000      0.00000      0.00000
      0.43596      0.00000      0.00000      0.00000
      0.44596      0.00000      0.00000      0.00000
      0.45596      0.00000      0.00000      0.00000
      0.46596      0.00000      0.00000      0.00000
      0.47596      0.00000      0.00000      0.00000
      0.48596      0.00000      0.00000      0.00000
      0.49596      0.00000      0.00000      0.00000
      0.50596      0.00000      0.00000      0.00000
      0.51596      0.00000      0.00000      0.00000
      0.52596      0.00000      0.00000      0.00000
      0.53596      0.00000      0.00000      0.00000
      0.54596      0.00000      0.00000      0.00000
      0.55596      0.00000      0.00000      0.00000
      0.56596      0.00000      0.00000      0.00000
      0.57596      0.00000      0.00000      0.00000
      0.58596      0.00000      0.00000      0.00000
      0.59596      0.00000      0.00000      0.00000
      0.60596      0.00000      0.00000      0.00000
      0.61596      0.00000      0.00000      0.00000
      0.62596      0.00000      0.00000      0.00000
      0.63596      0.00000      0.00000      0.00000
      0.64596      0.00000      0.00000      0.00000
      0.65596      0.00000      0.00000      0.00000
      0.66596      0.00000      0.00000      0.00000
      0.67596      0.00000      0.00000      0.00000
      0.68596      0.00000      0.00000      0.00000
      0.69596      0.00000      0.00000      0.00000
      0.70596      0.00000      0.00000      0.00000
      0.71596      0.00000      0.00000      0.00000
      0.72596      0.00000      0.00000      0.00000
      0.73596      0.00000      0.00000      0.00000
      0.74596      0.00000      0.00000      0.00000
      0.75596      0.00000      0.00000      0.00000
      0.76596      0.00000      0.00000      0.00000
      0.77596      0.00000      0.00000      0.00000
      0.78596      0.00000      0.00000      0.00000
      0.79596      0.00000      0.00000      0.00000
      0.80596      0.00000      0.00000      0.00000
      0.81596      0.00000      0.00000      0.00000
      0.82596      0.00000      0.00000      0.00000
      0.83596      0.00000      0.00000      0.00000
      0.84596      0.00000      0.00000      0.00000
      0.85596      0.00000      0.00000      0.00000
      0.86596      0.00000      0.00000      0.00000
      0.87596      0.00000      0.00000      0.00000
      0.88596      0.00000      0.00000      0.00000
      0.89596      0.00000      0.00000      0.00000
      0.90596      0.00000      0.00000      0.00000
      0.91596      0.00000      0.00000      0.00000
      0.92596      0.00000      0.00000      0.00000
      0.93596      0.00000      0.00000      0.00000
      0.94596      0.00000      0.00000      0.00000
      0.95596      0.00000      0.00000      0.00000
      0.96596      0.00000      0.00000      0.00000
      0.97596      0.00000      0.00000      0.00000
      0.98596      0.00000      0.00000      0.00000
      0.99596      0.00000      0.00000      0.00000
      1.00596      0.00000      0.00000      0.00000
      1.01596      0.00000      0.00000      0.00000
      1.02596      0.00000      0.00000      0.00000
      1.03596      0.00000      0.00000      0.00000
      1.04596      0.00000      0.00000      0.00000
      1.05596      0.00000      0.00000      0.00000
      1.06596      0.00000      0.00000      0.00000
      1.07596      0.00000      0.00000      0.00000
      1.08596      0.00000      0.00000      0.00000
      1.09596      0.00000      0.00000      0.00000
      1.10596      0.00000      0.00000      0.00000
      1.11596      0.00000      0.00000      0.00000
      1.12596      0.00000      0.00000      0.00000
      1.13596      0.00000      0.00000      0.00000
      1.14596      0.00000      0.00000      0.00000
      1.15596      0.00000      0.00000      0.00000
      1.16596      0.00000      0.00000      0.00000
      1.17596      0.00000      0.00000      0.00000
      1.18596      0.00000      0.00000      0.00000
      1.19596      0.00000      0.00000      0.00000
      1.20596      0.00000      0.00000      0.00000
      1.21596      0.00000      0.00000      0.00000
      1.22596      0.00000      0.00000      0.00000
      1.23596      0.00000      0.00000      0.00000
      1.24596      0.00000      0.00000      0.00000
      1.25596      0.00000      0.00000      0.00000
      1.26596      0.00000      0.00000      0.00000
      1.27596      0.00000      0.00000      0.00000
      1.28596      0.00000      0.00000      0.00000
      1.29596      0.00000      0.00000      0.00000
      1.30596      0.00000      0.00000      0.00000
      1.31596      0.00000      0.00000      0.00000
      1.32596      0.00000      0.00000      0.00000
      1.33596      0.00000      0.00000      0.00000
      1.34596      0.00000      0.00000      0.00000
      1.35596      0.00000      0.00000      0.00000
      1.36596      0.00000      0.00000      0.00000
      1.37596      0.00000      0.00000      0.00000
      1.38596      0.00000      0.00000      0.00000
      1.39596      0.00000      0.00000      0.00000
      1.40596      0.00000      0.00000      0.00000
      1.41596      0.00000      0.00000      0.00000
      1.42596      0.00000      0.00000      0.00000
      1.43596      0.00000      0.00000      0.00000
      1.44596      0.00000      0.00000      0.00000
      1.45596      0.00000      0.00000      0.00000
      1.46596      0.00000      0.00000      0.00000
      1.47596      0.00000      0.00000      0.00000
      1.48596      0.00000      0.00000      0.00000
      1.49596      0.00000      0.00000      0.00000
      1.50596      0.00000      0.00000      0.00000
      1.51596      0.00000      0.00000      0.00000
      1.52596      0.00000      0.00000      0.00000
      1.53596      0.00000      0.00000      0.00000
      1.54596      0.00000      0.00000      0.00000
      1.55596      0.00000      0.00000      0.00000
      1.56596      0.00000      0.00000      0.00000
      1.57596      0.00000      0.00000      0.00000
      1.58596      0.00000      0.00000      0.00000
      1.59596      0.00000      0.00000      0.00000
      1.60596      0.00000      0.00000      0.00000
      1.61596      0.00000      0.00000      0.00000
      1.62596      0.00000      0.00000      0.00000
      1.63596      0.00000      0.00000      0.00000
      1.64596      0.00000      0.00000      0.00000
      1.65596      0.00000      0.00000      0.00000
      1.66596      0.00000      0.00000      0.00000
      1.67596      0.00000      0.00000      0.00000
      1.68596      0.00000      0.00000      0.00000
      1.69596      0.00000      0.00000      0.00000
      1.70596      0.00000      0.00000      0.00000
      1.71596      0.00000      0.00000      0.00000
      1.72596      0.00000      0.00000      0.00000
      1.73596      0.00001      0.00000      0.00000
      1.74596      0.00046      0.00000      0.00000
      1.75596      0.00836      0.00000      0.00000
      1.76596      0.05650      0.00000      0.00000
      1.77596      0.14273      0.00000      0.00000
      1.78596      0.14742      0.00000      0.00000
      1.79596      0.12575      0.00000      0.00000
      1.80596      0.16042      0.00000      0.00000
      1.81596      0.12976      0.00000      0.00000
      1.82596      0.16537      0.00000      0.00000
      1.83596      0.36908      0.00000      0.00000
      1.84596      0.47277      0.00000      0.00000
      1.85596      0.50717      0.00000      0.00000
      1.86596      0.65550      0.00000      0.00000
      1.87596      0.85378      0.00000      0.00000
      1.88596      1.14208      0.00000      0.00000
      1.89596      1.36593      0.00000      0.00000
      1.90596      1.48437      0.00000      0.00000
      1.91596      1.49437      0.00000      0.00000
      1.92596      1.22266      0.00000      0.00000
      1.93596      1.06872      0.00000      0.00000
      1.94596      1.30901      0.00000      0.00000
      1.95596      1.23985      0.00000      0.00000
      1.96596      0.85801      0.00000      0.00000
      1.97596      0.71406      0.00000      0.00000
      1.98596      0.72043      0.00000      0.00000
      1.99596      0.88983      0.00000      0.00000
      2.00596      0.91104      0.00000      0.00000
      2.01596      0.56349      0.00000      0.00000
      2.02596      0.33404      0.00000      0.00000
      2.03596      0.41331      0.00000      0.00000
      2.04596      0.51606      0.00000      0.00000
      2.05596      0.48085      0.00000      0.00000
      2.06596      0.72180      0.00000      0.00000
      2.07596      1.04583      0.00000      0.00000
      2.08596      1.13767      0.00000      0.00000
      2.09596      1.06137      0.00000      0.00000
      2.10596      0.89209      0.00000      0.00000
      2.11596      0.88044      0.00000      0.00000
      2.12596      1.02413      0.00000      0.00000
      2.13596      1.13341      0.00000      0.00000
      2.14596      1.07132      0.00000      0.00000
      2.15596      0.99599      0.00000      0.00000
      2.16596      0.99019      0.00000      0.00000
      2.17596      1.01539      0.00000      0.00000
      2.18596      0.80353      0.00000      0.00000
      2.19596      0.43703      0.00000      0.00000
      2.20596      0.34426      0.00000      0.00000
      2.21596      0.40030      0.00000      0.00000
      2.22596      0.37764      0.00000      0.00000
      2.23596      0.29793      0.00000      0.00000
      2.24596      0.31582      0.00000      0.00000
      2.25596      0.31743      0.00000      0.00000
      2.26596      0.20786      0.00000      0.00000
      2.27596      0.22128      0.00000      0.00000
      2.28596      0.39067      0.00000      0.00000
      2.29596      0.73755      0.00000      0.00000
      2.30596      0.99463      0.00000      0.00000
      2.31596      1.01588      0.00000      0.00000
      2.32596      1.09753      0.00000      0.00000
      2.33596      1.08523      0.00000      0.00000
      2.34596      0.97605      0.00000      0.00000
      2.35596      0.88849      0.00000      0.00000
      2.36596      0.87669      0.00000      0.00000
      2.37596      0.95784      0.00000      0.00000
      2.38596      0.82758      0.00000      0.00000
      2.39596      0.52200      0.00000      0.00000
      2.40596      0.29862      0.00000      0.00000
      2.41596      0.26788      0.00000      0.00000
      2.42596      0.35453      0.00000      0.00000
      2.43596      0.48470      0.00000      0.00000
      2.44596      0.65657      0.00000      0.00000
      2.45596      0.62726      0.00000      0.00000
      2.46596      0.40376      0.00000      0.00000
      2.47596      0.37691      0.00000      0.00000
      2.48596      0.42188      0.00000      0.00000
      2.49596      0.29585      0.00000      0.00000
      2.50596      0.30459      0.00000      0.00000
      2.51596      0.59980      0.00000      0.00000
      2.52596      0.80821      0.00000      0.00000
      2.53596      0.64281      0.00000      0.00000
      2.54596      0.48133      0.00000      0.00000
      2.55596      0.56136      0.00000      0.00000
      2.56596      0.68478      0.00000      0.00000
      2.57596      0.70651      0.00000      0.00000
      2.58596      0.72924      0.00000      0.00000
      2.59596      0.87839      0.00000      0.00000
      2.60596      0.85161      0.00000      0.00000
      2.61596      0.88244      0.00000      0.00000
      2.62596      0.98106      0.00000      0.00000
      2.63596      0.69708      0.00000      0.00000
      2.64596      0.57132      0.00000      0.00000
      2.65596      0.81679      0.00000      0.00000
      2.66596      1.02999      0.00000      0.00000
      2.67596      0.96413      0.00000      0.00000
      2.68596      0.58756      0.00000      0.00000
      2.69596      0.23884      0.00000      0.00000
      2.70596      0.11901      0.00000      0.00000
      2.71596      0.22462      0.00000      0.00000
      2.72596      0.41907      0.00000      0.00000
      2.73596      0.48648      0.00000      0.00000
      2.74596      0.29748      0.00000      0.00000
      2.75596      0.16794      0.00000      0.00000
      2.76596      0.31514      0.00000      0.00000
      2.77596      0.47860      0.00000      0.00000
      2.78596      0.59360      0.00000      0.00000
      2.79596      0.90736      0.00000      0.00000
      2.80596      1.16139      0.00000      0.00000
      2.81596      1.10853      0.00000      0.00000
      2.82596      1.03230      0.00000      0.00000
      2.83596      0.96553      0.00000      0.00000
      2.84596      0.71131      0.00000      0.00000
      2.85596      0.53385      0.00000      0.00000
      2.86596      0.57274      0.00000      0.00000
      2.87596      0.59120      0.00000      0.00000
      2.88596      0.52927      0.00000      0.00000
      2.89596      0.56008      0.00000      0.00000
      2.90596      0.51849      0.00000      0.00000
      2.91596      0.51065      0.00000      0.00000
      2.92596      0.42411      0.00000      0.00000
      2.93596      0.28408      0.00000      0.00000
      2.94596      0.30881      0.00000      0.00000
      2.95596      0.42182      0.00000      0.00000
      2.96596      0.48779      0.00000      0.00000
      2.97596      0.65667      0.00000      0.00000
      2.98596      1.09141      0.00000      0.00000
      2.99596      1.18005      0.00000      0.00000
      3.00596      0.94204      0.00000      0.00000
      3.01596      0.96311      0.00000      0.00000
      3.02596      1.06557      0.00000      0.00000
      3.03596      0.73901      0.00000      0.00000
      3.04596      0.41517      0.00000      0.00000
      3.05596      0.46638      0.00000      0.00000
      3.06596      0.55774      0.00000      0.00000
      3.07596      0.55614      0.00000      0.00000
      3.08596      0.58591      0.00000      0.00000
      3.09596      0.62904      0.00000      0.00000
      3.10596      0.53375      0.00000      0.00000
      3.11596      0.47219      0.00000      0.00000
      3.12596      0.43285      0.00000      0.00000
      3.13596      0.41504      0.00000      0.00000
      3.14596      0.83307      0.00000      0.00000
      3.15596      1.33698      0.00000      0.00000
      3.16596      1.20578      0.00000      0.00000
      3.17596      0.76088      0.00000      0.00000
      3.18596      0.44961      0.00000      0.00000
      3.19596      0.45502      0.00000      0.00000
      3.20596      0.53886      0.00000      0.00000
      3.21596      0.34917      0.00000      0.00000
      3.22596      0.10181      0.00000      0.00000
      3.23596      0.05085      0.00000      0.00000
      3.24596      0.22537      0.00000      0.00000
      3.25596      0.52540      0.00000      0.00000
      3.26596      0.52335      0.00000      0.00000
      3.27596      0.28810      0.00000      0.00000
      3.28596      0.33579      0.00000      0.00000
      3.29596      0.54166      0.00000      0.00000
      3.30596      0.49033      0.00000      0.00000
      3.31596      0.38184      0.00000      0.00000
      3.32596      0.63349      0.00000      0.00000
      3.33596      1.09170      0.00000      0.00000
      3.34596      1.12107      0.00000      0.00000
      3.35596      0.83980      0.00000      0.00000
      3.36596      0.84599      0.00000      0.00000
      3.37596      1.09002      0.00000      0.00000
      3.38596      1.50203      0.00000      0.00000
      3.39596      2.01771      0.00000      0.00000
      3.40596      2.04712      0.00000      0.00000
      3.41596      1.70686      0.00000      0.00000
      3.42596      1.28259      0.00000      0.00000
      3.43596      0.78534      0.00000      0.00000
      3.44596      0.47465      0.00000      0.00000
      3.45596      0.47871      0.00000      0.00000
      3.46596      0.70196      0.00000      0.00000
      3.47596      0.77860      0.00000      0.00000
      3.48596      0.57191      0.00000      0.00000
      3.49596      0.34409      0.00000      0.00000
      3.50596      0.27293      0.00000      0.00000
      3.51596      0.44769      0.00000      0.00000
      3.52596      0.72797      0.00000      0.00000
      3.53596      0.80167      0.00000      0.00000
      3.54596      0.63535      0.00000      0.00000
      3.55596      0.53632      0.00000      0.00000
      3.56596      0.67694      0.00000      0.00000
      3.57596      0.85570      0.00000      0.00000
      3.58596      0.84153      0.00000      0.00000
      3.59596      0.62561      0.00000      0.00000
      3.60596      0.51193      0.00000      0.00000
      3.61596      0.59128      0.00000      0.00000
      3.62596      0.78452      0.00000      0.00000
      3.63596      0.79334      0.00000      0.00000
      3.64596      0.65455      0.00000      0.00000
      3.65596      0.62911      0.00000      0.00000
      3.66596      0.72720      0.00000      0.00000
      3.67596      0.75807      0.00000      0.00000
      3.68596      0.76039      0.00000      0.00000
      3.69596      0.76073      0.00000      0.00000
      3.70596      0.62054      0.00000      0.00000
      3.71596      0.51161      0.00000      0.00000
      3.72596      0.59958      0.00000      0.00000
      3.73596      0.66511      0.00000      0.00000
      3.74596      0.70590      0.00000      0.00000
      3.75596      0.92890      0.00000      0.00000
      3.76596      1.05881      0.00000      0.00000
      3.77596      0.86684      0.00000      0.00000
      3.78596      0.62600      0.00000      0.00000
      3.79596      0.68598      0.00000      0.00000
      3.80596      1.15610      0.00000      0.00000
      3.81596      1.55781      0.00000      0.00000
      3.82596      1.70530      0.00000      0.00000
      3.83596      1.51855      0.00000      0.00000
      3.84596      1.10125      0.00000      0.00000
      3.85596      0.95914      0.00000      0.00000
      3.86596      0.97485      0.00000      0.00000
      3.87596      0.85822      0.00000      0.00000
      3.88596      0.89011      0.00000      0.00000
      3.89596      1.10805      0.00000      0.00000
      3.90596      1.44612      0.00000      0.00000
      3.91596      1.75115      0.00000      0.00000
      3.92596      1.69849      0.00000      0.00000
      3.93596      1.46612      0.00000      0.00000
      3.94596      1.22024      0.00000      0.00000
      3.95596      1.05176      0.00000      0.00000
      3.96596      1.15313      0.00000      0.00000
      3.97596      1.19146      0.00000      0.00000
      3.98596      1.16972      0.00000      0.00000
      3.99596      1.19085      0.00000      0.00000
      4.00596      1.22243      0.00000      0.00000
      4.01596      1.32240      0.00000      0.00000
      4.02596      1.37431      0.00000      0.00000
      4.03596      1.36893      0.00000      0.00000
      4.04596      1.42040      0.00000      0.00000
      4.05596      1.30499      0.00000      0.00000
      4.06596      1.06587      0.00000      0.00000
      4.07596      1.03850      0.00000      0.00000
      4.08596      1.06835      0.00000      0.00000
      4.09596      0.99528      0.00000      0.00000
      4.10596      1.25817      0.00000      0.00000
      4.11596      1.56708      0.00000      0.00000
      4.12596      1.37407      0.00000      0.00000
      4.13596      1.17184      0.00000      0.00000
      4.14596      1.25917      0.00000      0.00000
      4.15596      1.25691      0.00000      0.00000
      4.16596      1.15664      0.00000      0.00000
      4.17596      1.31747      0.00000      0.00000
      4.18596      1.44625      0.00000      0.00000
      4.19596      1.12530      0.00000      0.00000
      4.20596      0.92540      0.00000      0.00000
      4.21596      1.44823      0.00000      0.00000
      4.22596      2.34566      0.00000      0.00000
      4.23596      2.57550      0.00000      0.00000
      4.24596      2.24791      0.00000      0.00000
      4.25596      1.87548      0.00000      0.00000
      4.26596      1.47946      0.00000      0.00000
      4.27596      1.41669      0.00000      0.00000
      4.28596      1.77237      0.00000      0.00000
      4.29596      1.85617      0.00000      0.00000
      4.30596      1.68139      0.00000      0.00000
      4.31596      1.69214      0.00000      0.00000
      4.32596      1.58493      0.00000      0.00000
      4.33596      1.59862      0.00000      0.00000
      4.34596      1.54916      0.00000      0.00000
      4.35596      1.19214      0.00000      0.00000
      4.36596      1.05780      0.00000      0.00000
      4.37596      1.27713      0.00000      0.00000
      4.38596      1.56913      0.00000      0.00000
      4.39596      1.69077      0.00000      0.00000
      4.40596      1.57689      0.00000      0.00000
      4.41596      1.37028      0.00000      0.00000
      4.42596      1.26129      0.00000      0.00000
      4.43596      1.27932      0.00000      0.00000
      4.44596      1.31086      0.00000      0.00000
      4.45596      1.23145      0.00000      0.00000
      4.46596      1.02754      0.00000      0.00000
      4.47596      0.98615      0.00000      0.00000
      4.48596      1.25535      0.00000      0.00000
      4.49596      1.39842      0.00000      0.00000
      4.50596      1.22808      0.00000      0.00000
      4.51596      1.35417      0.00000      0.00000
      4.52596      1.85712      0.00000      0.00000
      4.53596      1.85922      0.00000      0.00000
      4.54596      1.20126      0.00000      0.00000
      4.55596      0.82494      0.00000      0.00000
      4.56596      1.00202      0.00000      0.00000
      4.57596      1.26079      0.00000      0.00000
      4.58596      1.23430      0.00000      0.00000
      4.59596      1.05077      0.00000      0.00000
      4.60596      1.09599      0.00000      0.00000
      4.61596      1.23299      0.00000      0.00000
      4.62596      1.18008      0.00000      0.00000
      4.63596      1.12007      0.00000      0.00000
      4.64596      1.06625      0.00000      0.00000
      4.65596      0.99348      0.00000      0.00000
      4.66596      1.02552      0.00000      0.00000
      4.67596      1.23430      0.00000      0.00000
      4.68596      1.64665      0.00000      0.00000
      4.69596      1.71161      0.00000      0.00000
      4.70596      1.32251      0.00000      0.00000
      4.71596      0.92485      0.00000      0.00000
      4.72596      0.78484      0.00000      0.00000
      4.73596      0.97682      0.00000      0.00000
      4.74596      1.12274      0.00000      0.00000
      4.75596      1.03682      0.00000      0.00000
      4.76596      1.02202      0.00000      0.00000
      4.77596      1.27940      0.00000      0.00000
      4.78596      1.36484      0.00000      0.00000
      4.79596      0.97888      0.00000      0.00000
      4.80596      0.73006      0.00000      0.00000
      4.81596      0.88538      0.00000      0.00000
      4.82596      1.02806      0.00000      0.00000
      4.83596      0.98726      0.00000      0.00000
      4.84596      0.92078      0.00000      0.00000
      4.85596      0.82983      0.00000      0.00000
      4.86596      0.80470      0.00000      0.00000
      4.87596      0.96784      0.00000      0.00000
      4.88596      1.25072      0.00000      0.00000
      4.89596      1.41025      0.00000      0.00000
      4.90596      1.30691      0.00000      0.00000
      4.91596      1.08091      0.00000      0.00000
      4.92596      0.98321      0.00000      0.00000
      4.93596      1.14496      0.00000      0.00000
      4.94596      1.22001      0.00000      0.00000
      4.95596      1.24405      0.00000      0.00000
      4.96596      1.22440      0.00000      0.00000
      4.97596      1.03214      0.00000      0.00000
      4.98596      1.14329      0.00000      0.00000
      4.99596      1.38761      0.00000      0.00000
      5.00596      1.32575      0.00000      0.00000
      5.01596      1.22140      0.00000      0.00000
      5.02596      1.37850      0.00000      0.00000
      5.03596      1.59017      0.00000      0.00000
      5.04596      1.41290      0.00000      0.00000
      5.05596      0.97722      0.00000      0.00000
      5.06596      0.85351      0.00000      0.00000
      5.07596      0.87361      0.00000      0.00000
      5.08596      0.82412      0.00000      0.00000
      5.09596      0.87656      0.00000      0.00000
      5.10596      1.19781      0.00000      0.00000
      5.11596      1.46032      0.00000      0.00000
      5.12596      1.17243      0.00000      0.00000
      5.13596      0.61749      0.00000      0.00000
      5.14596      0.52628      0.00000      0.00000
      5.15596      0.76278      0.00000      0.00000
      5.16596      0.89503      0.00000      0.00000
      5.17596      1.23320      0.00000      0.00000
      5.18596      1.63670      0.00000      0.00000
      5.19596      1.50357      0.00000      0.00000
      5.20596      1.18711      0.00000      0.00000
      5.21596      1.12204      0.00000      0.00000
      5.22596      1.08174      0.00000      0.00000
      5.23596      1.26529      0.00000      0.00000
      5.24596      1.68210      0.00000      0.00000
      5.25596      1.79220      0.00000      0.00000
      5.26596      1.70735      0.00000      0.00000
      5.27596      1.49972      0.00000      0.00000
      5.28596      1.38363      0.00000      0.00000
      5.29596      1.47401      0.00000      0.00000
      5.30596      1.70835      0.00000      0.00000
      5.31596      2.21097      0.00000      0.00000
      5.32596      2.19871      0.00000      0.00000
      5.33596      1.58295      0.00000      0.00000
      5.34596      1.17669      0.00000      0.00000
      5.35596      1.49783      0.00000      0.00000
      5.36596      1.82940      0.00000      0.00000
      5.37596      1.57372      0.00000      0.00000
      5.38596      1.54481      0.00000      0.00000
      5.39596      1.90044      0.00000      0.00000
      5.40596      1.83530      0.00000      0.00000
      5.41596      1.55936      0.00000      0.00000
      5.42596      2.06318      0.00000      0.00000
      5.43596      3.04250      0.00000      0.00000
      5.44596      3.40196      0.00000      0.00000
      5.45596      3.78255      0.00000      0.00000
      5.46596      4.19911      0.00000      0.00000
      5.47596      3.82806      0.00000      0.00000
      5.48596      3.34477      0.00000      0.00000
      5.49596      2.87130      0.00000      0.00000
      5.50596      2.41789      0.00000      0.00000
      5.51596      2.26947      0.00000      0.00000
      5.52596      2.30286      0.00000      0.00000
      5.53596      1.93373      0.00000      0.00000
      5.54596      1.13515      0.00000      0.00000
      5.55596      0.54635      0.00000      0.00000
      5.56596      0.38683      0.00000      0.00000
      5.57596      0.43619      0.00000      0.00000
      5.58596      0.38787      0.00000      0.00000
      5.59596      0.42452      0.00000      0.00000
      5.60596      0.75672      0.00000      0.00000
      5.61596      1.08574      0.00000      0.00000
      5.62596      1.03982      0.00000      0.00000
      5.63596      0.69273      0.00000      0.00000
      5.64596      0.40472      0.00000      0.00000
      5.65596      0.40053      0.00000      0.00000
      5.66596      0.52696      0.00000      0.00000
      5.67596      0.63414      0.00000      0.00000
      5.68596      0.65609      0.00000      0.00000
      5.69596      0.63560      0.00000      0.00000
      5.70596      0.62280      0.00000      0.00000
      5.71596      0.73040      0.00000      0.00000
      5.72596      0.68991      0.00000      0.00000
      5.73596      0.50082      0.00000      0.00000
      5.74596      0.43870      0.00000      0.00000
      5.75596      0.47687      0.00000      0.00000
      5.76596      0.46527      0.00000      0.00000
      5.77596      0.28267      0.00000      0.00000
      5.78596      0.16560      0.00000      0.00000
      5.79596      0.20778      0.00000      0.00000
      5.80596      0.29538      0.00000      0.00000
      5.81596      0.40217      0.00000      0.00000
      5.82596      0.42346      0.00000      0.00000
      5.83596      0.41977      0.00000      0.00000
      5.84596      0.41770      0.00000      0.00000
      5.85596      0.44877      0.00000      0.00000
      5.86596      0.46681      0.00000      0.00000
      5.87596      0.44741      0.00000      0.00000
      5.88596      0.54903      0.00000      0.00000
      5.89596      0.60008      0.00000      0.00000
      5.90596      0.36977      0.00000      0.00000
      5.91596      0.14974      0.00000      0.00000
      5.92596      0.09323      0.00000      0.00000
      5.93596      0.08319      0.00000      0.00000
      5.94596      0.20898      0.00000      0.00000
      5.95596      0.44698      0.00000      0.00000
      5.96596      0.43481      0.00000      0.00000
      5.97596      0.20285      0.00000      0.00000
      5.98596      0.07089      0.00000      0.00000
      5.99596      0.17233      0.00000      0.00000
      6.00596      0.46012      0.00000      0.00000
      6.01596      0.62779      0.00000      0.00000
      6.02596      0.49303      0.00000      0.00000
      6.03596      0.30715      0.00000      0.00000
      6.04596      0.26059      0.00000      0.00000
      6.05596      0.16291      0.00000      0.00000
      6.06596      0.11468      0.00000      0.00000
      6.07596      0.28806      0.00000      0.00000
      6.08596      0.50821      0.00000      0.00000
      6.09596      0.51395      0.00000      0.00000
      6.10596      0.43967      0.00000      0.00000
      6.11596      0.40901      0.00000      0.00000
      6.12596      0.27460      0.00000      0.00000
      6.13596      0.18901      0.00000      0.00000
      6.14596      0.16941      0.00000      0.00000
      6.15596      0.14578      0.00000      0.00000
      6.16596      0.16749      0.00000      0.00000
      6.17596      0.14264      0.00000      0.00000
      6.18596      0.16150      0.00000      0.00000
      6.19596      0.23026      0.00000      0.00000
      6.20596      0.22676      0.00000      0.00000
      6.21596      0.17145      0.00000      0.00000
      6.22596      0.22141      0.00000      0.00000
      6.23596      0.32850      0.00000      0.00000
      6.24596      0.30428      0.00000      0.00000
      6.25596      0.23660      0.00000      0.00000
      6.26596      0.17668      0.00000      0.00000
      6.27596      0.11123      0.00000      0.00000
      6.28596      0.19078      0.00000      0.00000
      6.29596      0.30702      0.00000      0.00000
      6.30596      0.21471      0.00000      0.00000
      6.31596      0.13729      0.00000      0.00000
      6.32596      0.21473      0.00000      0.00000
      6.33596      0.25461      0.00000      0.00000
      6.34596      0.18371      0.00000      0.00000
      6.35596      0.11429      0.00000      0.00000
      6.36596      0.07791      0.00000      0.00000
      6.37596      0.04185      0.00000      0.00000
      6.38596      0.07839      0.00000      0.00000
      6.39596      0.15234      0.00000      0.00000
      6.40596      0.11504      0.00000      0.00000
      6.41596      0.03923      0.00000      0.00000
      6.42596      0.07170      0.00000      0.00000
      6.43596      0.23920      0.00000      0.00000
      6.44596      0.32912      0.00000      0.00000
      6.45596      0.21492      0.00000      0.00000
      6.46596      0.10071      0.00000      0.00000
      6.47596      0.08817      0.00000      0.00000
      6.48596      0.17568      0.00000      0.00000
      6.49596      0.23392      0.00000      0.00000
      6.50596      0.20650      0.00000      0.00000
      6.51596      0.15066      0.00000      0.00000
      6.52596      0.19144      0.00000      0.00000
      6.53596      0.30138      0.00000      0.00000
      6.54596      0.31575      0.00000      0.00000
      6.55596      0.20257      0.00000      0.00000
      6.56596      0.08543      0.00000      0.00000
      6.57596      0.04360      0.00000      0.00000
      6.58596      0.10644      0.00000      0.00000
      6.59596      0.18283      0.00000      0.00000
      6.60596      0.19506      0.00000      0.00000
      6.61596      0.17228      0.00000      0.00000
      6.62596      0.08335      0.00000      0.00000
      6.63596      0.02954      0.00000      0.00000
      6.64596      0.07983      0.00000      0.00000
      6.65596      0.18528      0.00000      0.00000
      6.66596      0.22978      0.00000      0.00000
      6.67596      0.18605      0.00000      0.00000
      6.68596      0.10926      0.00000      0.00000
      6.69596      0.14565      0.00000      0.00000
      6.70596      0.24231      0.00000      0.00000
      6.71596      0.23114      0.00000      0.00000
      6.72596      0.11583      0.00000      0.00000
      6.73596      0.05828      0.00000      0.00000
      6.74596      0.17032      0.00000      0.00000
      6.75596      0.31374      0.00000      0.00000
      6.76596      0.25753      0.00000      0.00000
      6.77596      0.22975      0.00000      0.00000
