Energy-E_F (eV)    DOS (1/eV)    PDOS (1/eV)  of atom type Zn O  
     -4.99000      4.40285      3.42807      0.97479
     -4.98000      3.61077      2.81565      0.79512
     -4.97000      3.22184      2.51095      0.71089
     -4.96000      2.92005      2.27780      0.64226
     -4.95000      2.41767      1.88842      0.52925
     -4.94000      1.99652      1.55918      0.43734
     -4.93000      1.81010      1.41299      0.39712
     -4.92000      1.72982      1.35091      0.37891
     -4.91000      1.40014      1.09226      0.30788
     -4.90000      1.08398      0.84785      0.23613
     -4.89000      0.99833      0.78935      0.20898
     -4.88000      0.65791      0.52202      0.13589
     -4.87000      0.35763      0.28081      0.07682
     -4.86000      0.40193      0.31686      0.08507
     -4.85000      0.57772      0.45488      0.12284
     -4.84000      0.61061      0.47453      0.13608
     -4.83000      0.38940      0.30191      0.08750
     -4.82000      0.21298      0.17030      0.04268
     -4.81000      0.16435      0.13453      0.02983
     -4.80000      0.11000      0.08933      0.02068
     -4.79000      0.15154      0.12044      0.03110
     -4.78000      0.25565      0.20236      0.05328
     -4.77000      0.25683      0.20810      0.04873
     -4.76000      0.32738      0.30473      0.02265
     -4.75000      1.08615      1.06444      0.02172
     -4.74000      2.58168      2.53465      0.04704
     -4.73000      4.11557      4.03722      0.07836
     -4.72000      5.14682      5.04365      0.10317
     -4.71000      5.40667      5.29779      0.10888
     -4.70000      5.67719      5.56503      0.11217
     -4.69000      6.22944      6.10365      0.12579
     -4.68000      6.27104      6.14297      0.12807
     -4.67000      6.62166      6.49174      0.12992
     -4.66000      7.86364      7.71530      0.14834
     -4.65000      8.55640      8.39741      0.15899
     -4.64000      8.47023      8.31528      0.15495
     -4.63000      9.38719      9.22146      0.16572
     -4.62000     12.54841     12.34408      0.20434
     -4.61000     14.89220     14.66305      0.22915
     -4.60000     15.15414     14.92463      0.22951
     -4.59000     15.99757     15.75586      0.24170
     -4.58000     18.31186     18.03767      0.27419
     -4.57000     18.94165     18.66367      0.27798
     -4.56000     17.90475     17.65354      0.25121
     -4.55000     18.77057     18.51745      0.25312
     -4.54000     20.59529     20.32725      0.26804
     -4.53000     20.43348     20.17897      0.25450
     -4.52000     20.23826     19.99950      0.23876
     -4.51000     22.39544     22.14342      0.25202
     -4.50000     24.45921     24.18794      0.27127
     -4.49000     25.31051     25.04321      0.26730
     -4.48000     24.23759     24.00305      0.23455
     -4.47000     21.66762     21.47950      0.18812
     -4.46000     18.66160     18.50999      0.15161
     -4.45000     16.21473     16.06965      0.14507
     -4.44000     15.39458     15.23157      0.16301
     -4.43000     15.67781     15.51433      0.16348
     -4.42000     16.26922     16.11422      0.15501
     -4.41000     18.40071     18.23363      0.16707
     -4.40000     22.03006     21.81568      0.21438
     -4.39000     23.04156     22.78999      0.25156
     -4.38000     21.67028     21.40138      0.26890
     -4.37000     20.49741     20.17095      0.32646
     -4.36000     18.63449     18.23697      0.39751
     -4.35000     15.67876     15.26026      0.41851
     -4.34000     12.73921     12.33137      0.40784
     -4.33000     10.91970     10.52278      0.39692
     -4.32000      9.77829      9.39770      0.38059
     -4.31000      9.44237      9.04241      0.39996
     -4.30000     10.16863      9.71368      0.45494
     -4.29000     10.95042     10.44346      0.50697
     -4.28000     10.31938      9.79568      0.52370
     -4.27000      8.98129      8.48044      0.50084
     -4.26000      8.90533      8.38797      0.51736
     -4.25000      9.48338      8.87839      0.60500
     -4.24000      8.91458      8.25511      0.65947
     -4.23000      8.02761      7.38339      0.64422
     -4.22000      7.29954      6.73668      0.56287
     -4.21000      6.30419      5.84507      0.45913
     -4.20000      5.74034      5.32978      0.41057
     -4.19000      5.48302      5.11436      0.36865
     -4.18000      5.70632      5.33792      0.36840
     -4.17000      5.33816      5.00507      0.33309
     -4.16000      4.05361      3.82401      0.22961
     -4.15000      3.34897      3.18141      0.16756
     -4.14000      2.84370      2.71574      0.12796
     -4.13000      2.52457      2.40247      0.12210
     -4.12000      2.33243      2.20399      0.12843
     -4.11000      1.61934      1.52571      0.09363
     -4.10000      0.91170      0.85525      0.05644
     -4.09000      0.60766      0.56271      0.04495
     -4.08000      0.47305      0.42795      0.04510
     -4.07000      0.39946      0.35475      0.04471
     -4.06000      0.29254      0.25725      0.03529
     -4.05000      0.23382      0.20327      0.03055
     -4.04000      0.34486      0.29752      0.04734
     -4.03000      0.72919      0.62690      0.10229
     -4.02000      1.14235      0.97736      0.16499
     -4.01000      1.03727      0.88183      0.15544
     -4.00000      0.71864      0.60008      0.11856
     -3.99000      0.82886      0.64667      0.18219
     -3.98000      1.36744      0.98232      0.38512
     -3.97000      1.86958      1.29256      0.57702
     -3.96000      2.08526      1.43246      0.65280
     -3.95000      2.19285      1.49225      0.70060
     -3.94000      2.40673      1.64175      0.76499
     -3.93000      2.99805      2.07402      0.92403
     -3.92000      3.82318      2.66400      1.15918
     -3.91000      4.15785      2.90578      1.25207
     -3.90000      4.06948      2.87074      1.19875
     -3.89000      4.09929      2.94058      1.15872
     -3.88000      4.53225      3.30080      1.23146
     -3.87000      4.82848      3.55251      1.27597
     -3.86000      5.23424      3.85993      1.37431
     -3.85000      5.75199      4.22984      1.52215
     -3.84000      6.10643      4.48229      1.62414
     -3.83000      6.26797      4.58393      1.68404
     -3.82000      5.86129      4.27745      1.58385
     -3.81000      5.01687      3.66146      1.35541
     -3.80000      4.30681      3.13977      1.16703
     -3.79000      4.10100      2.97447      1.12653
     -3.78000      4.41268      3.18957      1.22311
     -3.77000      4.55501      3.27972      1.27529
     -3.76000      4.15213      2.95634      1.19579
     -3.75000      3.65831      2.58199      1.07632
     -3.74000      3.04201      2.14113      0.90088
     -3.73000      3.05748      2.16188      0.89560
     -3.72000      3.50695      2.50030      1.00665
     -3.71000      3.42798      2.43937      0.98862
     -3.70000      3.24654      2.27403      0.97251
     -3.69000      3.43471      2.37013      1.06457
     -3.68000      3.43874      2.36423      1.07451
     -3.67000      3.27472      2.26156      1.01316
     -3.66000      3.33742      2.31777      1.01965
     -3.65000      3.40013      2.36120      1.03893
     -3.64000      2.84443      1.96322      0.88120
     -3.63000      2.25960      1.53442      0.72518
     -3.62000      2.29043      1.53277      0.75766
     -3.61000      2.46988      1.66743      0.80245
     -3.60000      2.65245      1.81568      0.83677
     -3.59000      3.12890      2.13317      0.99573
     -3.58000      4.15176      2.80648      1.34529
     -3.57000      4.32483      2.90763      1.41721
     -3.56000      3.45767      2.30966      1.14802
     -3.55000      2.71388      1.79960      0.91427
     -3.54000      2.48376      1.64134      0.84242
     -3.53000      3.06289      2.03703      1.02586
     -3.52000      3.86277      2.58121      1.28157
     -3.51000      4.12655      2.75277      1.37378
     -3.50000      3.93009      2.61971      1.31038
     -3.49000      3.99206      2.65048      1.34158
     -3.48000      4.20565      2.76760      1.43805
     -3.47000      3.70580      2.42855      1.27726
     -3.46000      2.82064      1.85290      0.96774
     -3.45000      2.50862      1.64759      0.86103
     -3.44000      2.75798      1.81695      0.94103
     -3.43000      2.94156      1.94306      0.99850
     -3.42000      2.93396      1.91927      1.01470
     -3.41000      3.04336      1.95437      1.08899
     -3.40000      2.86918      1.82396      1.04522
     -3.39000      2.39382      1.53202      0.86181
     -3.38000      2.45978      1.59565      0.86413
     -3.37000      2.83562      1.85703      0.97859
     -3.36000      2.89625      1.90799      0.98826
     -3.35000      2.68280      1.77772      0.90508
     -3.34000      2.62591      1.76370      0.86221
     -3.33000      2.91364      1.96490      0.94874
     -3.32000      2.67347      1.77150      0.90197
     -3.31000      2.15978      1.38684      0.77294
     -3.30000      2.35098      1.49478      0.85619
     -3.29000      2.74269      1.74909      0.99361
     -3.28000      2.67738      1.72143      0.95595
     -3.27000      2.76008      1.80683      0.95325
     -3.26000      3.23223      2.12828      1.10395
     -3.25000      3.56687      2.35506      1.21182
     -3.24000      3.33669      2.19615      1.14054
     -3.23000      2.61867      1.68587      0.93281
     -3.22000      1.56127      0.97483      0.58644
     -3.21000      1.02494      0.64024      0.38469
     -3.20000      1.23112      0.78784      0.44328
     -3.19000      1.65184      1.06238      0.58946
     -3.18000      1.98899      1.27110      0.71788
     -3.17000      1.89410      1.20552      0.68857
     -3.16000      1.50135      0.94561      0.55574
     -3.15000      1.76944      1.09989      0.66956
     -3.14000      2.39231      1.49139      0.90093
     -3.13000      2.42311      1.51525      0.90787
     -3.12000      2.15444      1.31955      0.83488
     -3.11000      1.98988      1.16817      0.82171
     -3.10000      1.93681      1.12083      0.81598
     -3.09000      2.20340      1.27901      0.92439
     -3.08000      2.39577      1.39265      1.00312
     -3.07000      2.16494      1.28260      0.88234
     -3.06000      2.07525      1.26542      0.80983
     -3.05000      2.13725      1.33236      0.80490
     -3.04000      1.92269      1.19817      0.72452
     -3.03000      1.95647      1.21073      0.74575
     -3.02000      2.43709      1.50410      0.93299
     -3.01000      2.58090      1.57891      1.00199
     -3.00000      2.48703      1.52434      0.96269
     -2.99000      2.21410      1.34752      0.86658
     -2.98000      1.80397      1.07927      0.72470
     -2.97000      1.44141      0.85790      0.58351
     -2.96000      1.31973      0.79432      0.52541
     -2.95000      1.53853      0.93524      0.60329
     -2.94000      1.48937      0.89749      0.59188
     -2.93000      1.58947      0.91968      0.66978
     -2.92000      2.07403      1.15507      0.91896
     -2.91000      2.24633      1.22851      1.01783
     -2.90000      2.02638      1.11102      0.91536
     -2.89000      1.82896      1.01030      0.81866
     -2.88000      1.92314      1.05580      0.86735
     -2.87000      2.02558      1.12211      0.90346
     -2.86000      1.80509      1.01519      0.78990
     -2.85000      1.52667      0.86838      0.65828
     -2.84000      1.47538      0.82349      0.65189
     -2.83000      1.63998      0.88982      0.75016
     -2.82000      2.07427      1.13591      0.93836
     -2.81000      2.37667      1.31129      1.06538
     -2.80000      2.05898      1.12249      0.93649
     -2.79000      1.70998      0.92024      0.78975
     -2.78000      1.78797      0.98385      0.80413
     -2.77000      2.02954      1.14241      0.88713
     -2.76000      2.20110      1.23993      0.96117
     -2.75000      2.22142      1.25905      0.96237
     -2.74000      2.47602      1.42160      1.05441
     -2.73000      2.83367      1.61628      1.21739
     -2.72000      2.71115      1.52913      1.18201
     -2.71000      2.47739      1.36294      1.11445
     -2.70000      2.51118      1.32110      1.19008
     -2.69000      2.49956      1.27869      1.22087
     -2.68000      2.32131      1.17737      1.14394
     -2.67000      2.23501      1.15267      1.08234
     -2.66000      2.41646      1.26034      1.15612
     -2.65000      2.54658      1.32495      1.22162
     -2.64000      2.59948      1.34579      1.25369
     -2.63000      2.44479      1.25007      1.19473
     -2.62000      2.21710      1.10966      1.10743
     -2.61000      1.99691      0.99203      1.00488
     -2.60000      1.81827      0.93436      0.88390
     -2.59000      2.06147      1.10906      0.95241
     -2.58000      2.32845      1.25754      1.07091
     -2.57000      2.23419      1.16792      1.06627
     -2.56000      1.86824      0.95102      0.91722
     -2.55000      1.64049      0.83262      0.80787
     -2.54000      1.96911      1.00581      0.96331
     -2.53000      2.68046      1.38706      1.29340
     -2.52000      3.10878      1.62528      1.48350
     -2.51000      2.85414      1.50023      1.35390
     -2.50000      2.62483      1.37710      1.24773
     -2.49000      2.84082      1.47655      1.36427
     -2.48000      2.90487      1.49117      1.41370
     -2.47000      2.90927      1.44873      1.46055
     -2.46000      3.20085      1.53708      1.66378
     -2.45000      3.11138      1.49699      1.61439
     -2.44000      2.92961      1.45216      1.47744
     -2.43000      2.73283      1.34830      1.38453
     -2.42000      2.52970      1.20495      1.32475
     -2.41000      2.76610      1.33809      1.42801
     -2.40000      3.31284      1.66236      1.65048
     -2.39000      3.28931      1.65588      1.63343
     -2.38000      2.77571      1.34382      1.43189
     -2.37000      2.63918      1.24020      1.39898
     -2.36000      2.65724      1.26142      1.39582
     -2.35000      2.32402      1.10139      1.22263
     -2.34000      2.15892      0.98974      1.16918
     -2.33000      2.30152      1.04386      1.25766
     -2.32000      2.48127      1.15332      1.32795
     -2.31000      2.97536      1.40254      1.57282
     -2.30000      3.61776      1.66158      1.95618
     -2.29000      3.44382      1.55215      1.89167
     -2.28000      2.71467      1.25320      1.46147
     -2.27000      2.96817      1.40259      1.56558
     -2.26000      4.18514      1.95145      2.23369
     -2.25000      4.85668      2.24131      2.61537
     -2.24000      4.77297      2.16908      2.60389
     -2.23000      3.99865      1.77672      2.22192
     -2.22000      2.88929      1.27064      1.61865
     -2.21000      2.21020      0.95758      1.25262
     -2.20000      2.43372      1.03779      1.39593
     -2.19000      2.99349      1.31483      1.67865
     -2.18000      3.16598      1.40587      1.76010
     -2.17000      3.00872      1.31856      1.69016
     -2.16000      2.84536      1.25000      1.59536
     -2.15000      3.23310      1.40043      1.83267
     -2.14000      3.77528      1.63788      2.13739
     -2.13000      3.61500      1.60924      2.00577
     -2.12000      3.09279      1.39402      1.69877
     -2.11000      2.89096      1.31225      1.57871
     -2.10000      2.89931      1.31112      1.58819
     -2.09000      2.31154      1.02487      1.28667
     -2.08000      1.77522      0.76073      1.01449
     -2.07000      1.79982      0.75646      1.04336
     -2.06000      2.34849      0.99161      1.35689
     -2.05000      2.86027      1.20838      1.65189
     -2.04000      3.00175      1.25098      1.75077
     -2.03000      3.27724      1.35772      1.91952
     -2.02000      3.81196      1.60274      2.20922
     -2.01000      4.40825      1.87100      2.53724
     -2.00000      4.70475      1.98667      2.71808
     -1.99000      4.48166      1.88147      2.60019
     -1.98000      3.95015      1.66175      2.28840
     -1.97000      3.48795      1.46446      2.02350
     -1.96000      3.20915      1.35060      1.85854
     -1.95000      3.18826      1.35373      1.83452
     -1.94000      3.04768      1.31501      1.73268
     -1.93000      2.46237      1.08306      1.37930
     -1.92000      1.83247      0.79062      1.04185
     -1.91000      1.82372      0.75244      1.07128
     -1.90000      2.29987      0.95209      1.34778
     -1.89000      2.55680      1.07389      1.48291
     -1.88000      2.91290      1.21906      1.69385
     -1.87000      3.20471      1.30362      1.90109
     -1.86000      2.87902      1.15547      1.72355
     -1.85000      2.67185      1.07325      1.59860
     -1.84000      2.97879      1.18309      1.79569
     -1.83000      3.20374      1.26707      1.93666
     -1.82000      3.19087      1.29667      1.89420
     -1.81000      2.98575      1.23859      1.74716
     -1.80000      3.15708      1.28518      1.87191
     -1.79000      3.58205      1.42960      2.15245
     -1.78000      3.66450      1.43759      2.22691
     -1.77000      3.72276      1.45712      2.26564
     -1.76000      3.82232      1.51436      2.30796
     -1.75000      3.66733      1.45272      2.21461
     -1.74000      3.25313      1.28553      1.96760
     -1.73000      2.67906      1.06827      1.61079
     -1.72000      2.33069      0.93751      1.39318
     -1.71000      2.61890      1.04566      1.57324
     -1.70000      2.92812      1.15083      1.77729
     -1.69000      2.86272      1.10999      1.75273
     -1.68000      2.63956      1.01410      1.62546
     -1.67000      2.58907      0.98513      1.60394
     -1.66000      3.15651      1.19318      1.96334
     -1.65000      3.66867      1.39035      2.27832
     -1.64000      3.60991      1.40173      2.20819
     -1.63000      3.56605      1.41085      2.15520
     -1.62000      3.58578      1.40305      2.18273
     -1.61000      3.71697      1.42938      2.28758
     -1.60000      3.83091      1.45208      2.37883
     -1.59000      3.76869      1.43609      2.33260
     -1.58000      3.16639      1.23896      1.92742
     -1.57000      2.55309      1.03772      1.51536
     -1.56000      2.65941      1.07486      1.58455
     -1.55000      3.16975      1.22052      1.94923
     -1.54000      3.59232      1.34984      2.24248
     -1.53000      4.07965      1.53933      2.54032
     -1.52000      4.37097      1.66416      2.70681
     -1.51000      4.25237      1.63326      2.61911
     -1.50000      3.89655      1.49242      2.40413
     -1.49000      3.87816      1.45418      2.42398
     -1.48000      4.30448      1.59031      2.71416
     -1.47000      4.32282      1.58418      2.73864
     -1.46000      4.24049      1.55082      2.68967
     -1.45000      4.17257      1.52048      2.65209
     -1.44000      3.70454      1.34400      2.36053
     -1.43000      3.06859      1.11098      1.95761
     -1.42000      3.03052      1.09974      1.93078
     -1.41000      3.51433      1.27905      2.23528
     -1.40000      4.26603      1.54617      2.71986
     -1.39000      5.04112      1.81557      3.22554
     -1.38000      5.05607      1.81410      3.24197
     -1.37000      4.30474      1.54121      2.76353
     -1.36000      3.72593      1.33623      2.38970
     -1.35000      3.62325      1.29267      2.33058
     -1.34000      3.49068      1.23322      2.25746
     -1.33000      3.80564      1.34305      2.46260
     -1.32000      4.44630      1.58448      2.86183
     -1.31000      4.85595      1.74892      3.10703
     -1.30000      5.18017      1.86756      3.31261
     -1.29000      5.02759      1.79705      3.23054
     -1.28000      4.56040      1.61298      2.94742
     -1.27000      4.11811      1.45581      2.66230
     -1.26000      3.82000      1.34916      2.47084
     -1.25000      4.47332      1.54978      2.92354
     -1.24000      5.86891      2.00349      3.86542
     -1.23000      7.11992      2.41893      4.70099
     -1.22000      7.76615      2.63273      5.13342
     -1.21000      7.40429      2.53096      4.87333
     -1.20000      6.22236      2.15776      4.06460
     -1.19000      5.37588      1.87506      3.50082
     -1.18000      5.60438      1.94789      3.65649
     -1.17000      5.82902      2.00253      3.82649
     -1.16000      5.33732      1.80087      3.53645
     -1.15000      5.44113      1.82546      3.61567
     -1.14000      5.78710      1.96650      3.82060
     -1.13000      5.85761      2.00347      3.85414
     -1.12000      5.73721      1.95404      3.78317
     -1.11000      5.24983      1.77661      3.47322
     -1.10000      5.02698      1.68730      3.33968
     -1.09000      5.21219      1.73659      3.47560
     -1.08000      5.49750      1.82930      3.66820
     -1.07000      5.37159      1.80169      3.56990
     -1.06000      5.00427      1.69393      3.31034
     -1.05000      4.70602      1.59307      3.11296
     -1.04000      4.74895      1.59321      3.15574
     -1.03000      5.03844      1.67384      3.36460
     -1.02000      5.20478      1.72504      3.47973
     -1.01000      4.85509      1.61252      3.24257
     -1.00000      4.38140      1.45486      2.92654
     -0.99000      4.12420      1.37272      2.75148
     -0.98000      4.59793      1.53717      3.06076
     -0.97000      5.41695      1.80536      3.61159
     -0.96000      5.20631      1.72910      3.47721
     -0.95000      4.69382      1.55942      3.13439
     -0.94000      4.39259      1.45666      2.93593
     -0.93000      3.61439      1.19051      2.42388
     -0.92000      3.06758      1.00126      2.06633
     -0.91000      3.47905      1.14186      2.33719
     -0.90000      4.41025      1.46157      2.94868
     -0.89000      4.39226      1.44924      2.94302
     -0.88000      3.90852      1.26906      2.63947
     -0.87000      4.23637      1.36334      2.87303
     -0.86000      4.87474      1.57730      3.29745
     -0.85000      4.95119      1.61521      3.33598
     -0.84000      3.70374      1.21163      2.49211
     -0.83000      0.98798      0.34019      0.64779
     -0.82000      0.21749      0.08908      0.12841
     -0.81000      1.83795      0.59754      1.24041
     -0.80000      3.10738      1.00930      2.09808
     -0.79000      3.29824      1.07952      2.21872
     -0.78000      2.76252      0.90429      1.85823
     -0.77000      2.92319      0.94248      1.98071
     -0.76000      4.04283      1.28584      2.75698
     -0.75000      4.41142      1.39897      3.01245
     -0.74000      3.38764      1.07698      2.31066
     -0.73000      2.15246      0.69446      1.45800
     -0.72000      1.91322      0.62598      1.28724
     -0.71000      2.42948      0.78239      1.64709
     -0.70000      2.89958      0.92103      1.97855
     -0.69000      3.26123      1.03611      2.22511
     -0.68000      3.01033      0.96307      2.04726
     -0.67000      2.86505      0.91455      1.95050
     -0.66000      3.39875      1.07355      2.32519
     -0.65000      3.56329      1.11853      2.44476
     -0.64000      2.73729      0.85356      1.88373
     -0.63000      1.92464      0.59774      1.32690
     -0.62000      1.87112      0.59120      1.27992
     -0.61000      2.24111      0.72484      1.51628
     -0.60000      2.16232      0.70358      1.45874
     -0.59000      1.75975      0.56648      1.19327
     -0.58000      1.85077      0.58506      1.26572
     -0.57000      2.78815      0.86807      1.92009
     -0.56000      3.49545      1.08301      2.41244
     -0.55000      2.86709      0.88630      1.98079
     -0.54000      1.85514      0.57196      1.28318
     -0.53000      1.32082      0.40558      0.91524
     -0.52000      1.45058      0.44449      1.00609
     -0.51000      1.73023      0.53486      1.19537
     -0.50000      1.95475      0.61440      1.34035
     -0.49000      2.45866      0.77119      1.68746
     -0.48000      2.99378      0.92553      2.06825
     -0.47000      2.78098      0.85356      1.92742
     -0.46000      2.24683      0.68694      1.55989
     -0.45000      1.83255      0.56197      1.27058
     -0.44000      1.41980      0.43937      0.98042
     -0.43000      1.12160      0.34512      0.77648
     -0.42000      1.13986      0.34545      0.79441
     -0.41000      1.58724      0.48028      1.10696
     -0.40000      2.00457      0.60766      1.39691
     -0.39000      1.95200      0.59051      1.36149
     -0.38000      1.68264      0.50676      1.17587
     -0.37000      1.53522      0.46115      1.07407
     -0.36000      1.45317      0.43765      1.01552
     -0.35000      1.51574      0.45977      1.05597
     -0.34000      1.50556      0.45610      1.04946
     -0.33000      1.57911      0.47346      1.10565
     -0.32000      1.78503      0.53412      1.25090
     -0.31000      1.66364      0.49806      1.16558
     -0.30000      1.41323      0.42359      0.98964
     -0.29000      1.47739      0.44660      1.03079
     -0.28000      1.52834      0.46255      1.06579
     -0.27000      1.28992      0.38566      0.90426
     -0.26000      1.08172      0.32001      0.76171
     -0.25000      1.02617      0.30342      0.72275
     -0.24000      0.99113      0.29289      0.69824
     -0.23000      1.06957      0.31497      0.75460
     -0.22000      1.30107      0.38245      0.91862
     -0.21000      1.44531      0.42458      1.02074
     -0.20000      1.20884      0.35469      0.85416
     -0.19000      0.83835      0.24495      0.59340
     -0.18000      0.78284      0.22859      0.55424
     -0.17000      1.02763      0.30169      0.72594
     -0.16000      1.24193      0.36616      0.87578
     -0.15000      1.28500      0.38020      0.90480
     -0.14000      0.86483      0.25563      0.60920
     -0.13000      0.51635      0.15025      0.36609
     -0.12000      0.70788      0.20460      0.50328
     -0.11000      0.91945      0.26661      0.65284
     -0.10000      0.79948      0.23240      0.56709
     -0.09000      0.51987      0.15146      0.36841
     -0.08000      0.46052      0.13488      0.32564
     -0.07000      0.17469      0.05973      0.11497
     -0.06000     -0.79889     -0.20547     -0.59342
     -0.05000     -1.03578     -0.27196     -0.76382
     -0.04000     -0.26582     -0.06543     -0.20039
     -0.03000      0.12274      0.03774      0.08500
     -0.02000     -0.24542     -0.07157     -0.17385
     -0.01000     -1.85503     -0.54240     -1.31263
      0.00000     -3.22055     -0.94175     -2.27881
      0.01000     -1.97604     -0.57784     -1.39820
      0.02000     -0.44256     -0.12941     -0.31314
      0.03000     -0.03637     -0.01064     -0.02574
      0.04000     -0.00110     -0.00032     -0.00078
      0.05000      0.00000      0.00000      0.00000
      0.06000      0.00000      0.00000      0.00000
      0.07000      0.00000      0.00000      0.00000
      0.08000      0.00000      0.00000      0.00000
      0.09000      0.00000      0.00000      0.00000
      0.10000      0.00000      0.00000      0.00000
      0.11000      0.00000      0.00000      0.00000
      0.12000      0.00000      0.00000      0.00000
      0.13000      0.00000      0.00000      0.00000
      0.14000      0.00000      0.00000      0.00000
      0.15000      0.00000      0.00000      0.00000
      0.16000      0.00000      0.00000      0.00000
      0.17000      0.00000      0.00000      0.00000
      0.18000      0.00000      0.00000      0.00000
      0.19000      0.00000      0.00000      0.00000
      0.20000      0.00000      0.00000      0.00000
      0.21000      0.00000      0.00000      0.00000
      0.22000      0.00000      0.00000      0.00000
      0.23000      0.00000      0.00000      0.00000
      0.24000      0.00000      0.00000      0.00000
      0.25000      0.00000      0.00000      0.00000
      0.26000      0.00000      0.00000      0.00000
      0.27000      0.00000      0.00000      0.00000
      0.28000      0.00000      0.00000      0.00000
      0.29000      0.00000      0.00000      0.00000
      0.30000      0.00000      0.00000      0.00000
      0.31000      0.00000      0.00000      0.00000
      0.32000      0.00000      0.00000      0.00000
      0.33000      0.00000      0.00000      0.00000
      0.34000      0.00000      0.00000      0.00000
      0.35000      0.00000      0.00000      0.00000
      0.36000      0.00000      0.00000      0.00000
      0.37000      0.00000      0.00000      0.00000
      0.38000      0.00000      0.00000      0.00000
      0.39000      0.00000      0.00000      0.00000
      0.40000      0.00000      0.00000      0.00000
      0.41000      0.00000      0.00000      0.00000
      0.42000      0.00000      0.00000      0.00000
      0.43000      0.00000      0.00000      0.00000
      0.44000      0.00000      0.00000      0.00000
      0.45000      0.00000      0.00000      0.00000
      0.46000      0.00000      0.00000      0.00000
      0.47000      0.00000      0.00000      0.00000
      0.48000      0.00000      0.00000      0.00000
      0.49000      0.00000      0.00000      0.00000
      0.50000      0.00000      0.00000      0.00000
      0.51000      0.00000      0.00000      0.00000
      0.52000      0.00000      0.00000      0.00000
      0.53000      0.00000      0.00000      0.00000
      0.54000      0.00000      0.00000      0.00000
      0.55000      0.00000      0.00000      0.00000
      0.56000      0.00000      0.00000      0.00000
      0.57000      0.00000      0.00000      0.00000
      0.58000      0.00000      0.00000      0.00000
      0.59000      0.00000      0.00000      0.00000
      0.60000      0.00000      0.00000      0.00000
      0.61000      0.00000      0.00000      0.00000
      0.62000      0.00000      0.00000      0.00000
      0.63000      0.00000      0.00000      0.00000
      0.64000      0.00000      0.00000      0.00000
      0.65000      0.00000      0.00000      0.00000
      0.66000      0.00000      0.00000      0.00000
      0.67000      0.00000      0.00000      0.00000
      0.68000      0.00000      0.00000      0.00000
      0.69000      0.00000      0.00000      0.00000
      0.70000      0.00000      0.00000      0.00000
      0.71000      0.00000      0.00000      0.00000
      0.72000      0.00000      0.00000      0.00000
      0.73000      0.00000      0.00000      0.00000
      0.74000      0.00000      0.00000      0.00000
      0.75000      0.00000      0.00000      0.00000
      0.76000      0.00000      0.00000      0.00000
      0.77000      0.00000      0.00000      0.00000
      0.78000      0.00000      0.00000      0.00000
      0.79000      0.00000      0.00000      0.00000
      0.80000      0.00000      0.00000      0.00000
      0.81000      0.00000      0.00000      0.00000
      0.82000     -0.00036     -0.00029     -0.00007
      0.83000     -0.01329     -0.01064     -0.00265
      0.84000     -0.17957     -0.14372     -0.03585
      0.85000     -0.89232     -0.71418     -0.17814
      0.86000     -1.63128     -1.30562     -0.32566
      0.87000     -1.09708     -0.87806     -0.21902
      0.88000     -0.27143     -0.21724     -0.05419
      0.89000     -0.02470     -0.01977     -0.00493
      0.90000     -0.00083     -0.00066     -0.00017
      0.91000     -0.00001     -0.00001     -0.00000
      0.92000      0.00000      0.00000      0.00000
      0.93000      0.00000      0.00000      0.00000
      0.94000      0.00000      0.00000      0.00000
      0.95000      0.00000      0.00000      0.00000
      0.96000      0.00000      0.00000      0.00000
      0.97000      0.00022      0.00016      0.00006
      0.98000      0.00407      0.00302      0.00105
      0.99000      0.02803      0.02077      0.00726
      1.00000      0.07104      0.05264      0.01841
      1.01000      0.06623      0.04907      0.01716
      1.02000      0.02271      0.01683      0.00589
      1.03000      0.00287      0.00212      0.00074
      1.04000      0.00013      0.00010      0.00003
      1.05000      0.00000      0.00000      0.00000
      1.06000      0.00000      0.00000      0.00000
      1.07000      0.00000      0.00000      0.00000
      1.08000      0.00000      0.00000      0.00000
      1.09000      0.00000      0.00000      0.00000
      1.10000      0.00000      0.00000      0.00000
      1.11000      0.00000      0.00000      0.00000
      1.12000      0.00000      0.00000      0.00000
      1.13000      0.00000      0.00000      0.00000
      1.14000      0.00010      0.00007      0.00003
      1.15000      0.00235      0.00165      0.00071
      1.16000      0.02012      0.01410      0.00603
      1.17000      0.06335      0.04438      0.01897
      1.18000      0.07527      0.05272      0.02255
      1.19000      0.04987      0.03484      0.01503
      1.20000      0.06636      0.04616      0.02019
      1.21000      0.07450      0.05180      0.02270
      1.22000      0.03297      0.02292      0.01005
      1.23000      0.00539      0.00374      0.00164
      1.24000      0.00032      0.00023      0.00010
      1.25000      0.00001      0.00000      0.00000
      1.26000      0.00000      0.00000      0.00000
      1.27000      0.00000      0.00000      0.00000
      1.28000      0.00000      0.00000      0.00000
      1.29000      0.00000      0.00000      0.00000
      1.30000      0.00000      0.00000      0.00000
      1.31000      0.00010      0.00007      0.00003
      1.32000      0.00235      0.00159      0.00076
      1.33000      0.02011      0.01359      0.00651
      1.34000      0.06325      0.04276      0.02049
      1.35000      0.07319      0.04948      0.02371
      1.36000      0.03115      0.02106      0.01009
      1.37000      0.00488      0.00330      0.00158
      1.38000      0.00028      0.00019      0.00009
      1.39000      0.00001      0.00000      0.00000
      1.40000      0.00002      0.00001      0.00001
      1.41000      0.00090      0.00060      0.00030
      1.42000      0.01356      0.00907      0.00450
      1.43000      0.07497      0.05011      0.02487
      1.44000      0.15245      0.10189      0.05056
      1.45000      0.11404      0.07622      0.03782
      1.46000      0.03138      0.02097      0.01041
      1.47000      0.00319      0.00213      0.00106
      1.48000      0.00048      0.00032      0.00016
      1.49000      0.00587      0.00389      0.00198
      1.50000      0.03459      0.02291      0.01169
      1.51000      0.07505      0.04970      0.02535
      1.52000      0.06019      0.03986      0.02033
      1.53000      0.02277      0.01507      0.00770
      1.54000      0.03425      0.02263      0.01162
      1.55000      0.07653      0.05056      0.02597
      1.56000      0.08985      0.05928      0.03058
      1.57000      0.12701      0.08356      0.04345
      1.58000      0.15650      0.10289      0.05361
      1.59000      0.08178      0.05376      0.02802
      1.60000      0.02203      0.01446      0.00757
      1.61000      0.03703      0.02424      0.01280
      1.62000      0.07565      0.04950      0.02615
      1.63000      0.05858      0.03834      0.02025
      1.64000      0.01673      0.01095      0.00578
      1.65000      0.00278      0.00182      0.00096
      1.66000      0.01194      0.00779      0.00415
      1.67000      0.05009      0.03270      0.01740
      1.68000      0.07778      0.05076      0.02701
      1.69000      0.04443      0.02900      0.01543
      1.70000      0.00934      0.00609      0.00324
      1.71000      0.00074      0.00049      0.00026
      1.72000      0.00093      0.00061      0.00032
      1.73000      0.01363      0.00888      0.00475
      1.74000      0.07517      0.04898      0.02619
      1.75000      0.15252      0.09939      0.05313
      1.76000      0.11384      0.07419      0.03966
      1.77000      0.03126      0.02037      0.01089
      1.78000      0.00337      0.00220      0.00118
      1.79000      0.00501      0.00324      0.00177
      1.80000      0.04120      0.02662      0.01458
      1.81000      0.12769      0.08249      0.04520
      1.82000      0.14561      0.09407      0.05154
      1.83000      0.06201      0.04006      0.02195
      1.84000      0.02520      0.01630      0.00890
      1.85000      0.09802      0.06344      0.03458
      1.86000      0.22178      0.14355      0.07824
      1.87000      0.18609      0.12044      0.06564
      1.88000      0.06214      0.04021      0.02193
      1.89000      0.03738      0.02410      0.01329
      1.90000      0.07328      0.04719      0.02608
      1.91000      0.06353      0.04092      0.02262
      1.92000      0.02061      0.01327      0.00734
      1.93000      0.00723      0.00465      0.00257
      1.94000      0.03109      0.02002      0.01107
      1.95000      0.07308      0.04707      0.02602
      1.96000      0.06341      0.04084      0.02257
      1.97000      0.02027      0.01306      0.00722
      1.98000      0.00355      0.00229      0.00126
      1.99000      0.01637      0.01057      0.00580
      2.00000      0.08267      0.05339      0.02928
      2.01000      0.15461      0.09985      0.05476
      2.02000      0.10637      0.06870      0.03767
      2.03000      0.02716      0.01754      0.00962
      2.04000      0.00788      0.00507      0.00281
      2.05000      0.04391      0.02819      0.01572
      2.06000      0.13495      0.08666      0.04829
      2.07000      0.18255      0.11734      0.06520
      2.08000      0.18727      0.12071      0.06656
      2.09000      0.19781      0.12762      0.07019
      2.10000      0.22095      0.14229      0.07866
      2.11000      0.27330      0.17561      0.09769
      2.12000      0.21733      0.13942      0.07791
      2.13000      0.08421      0.05397      0.03024
      2.14000      0.01389      0.00890      0.00499
      2.15000      0.00379      0.00244      0.00135
      2.16000      0.02993      0.01929      0.01064
      2.17000      0.11618      0.07485      0.04133
      2.18000      0.18520      0.11920      0.06599
      2.19000      0.15148      0.09729      0.05420
      2.20000      0.07777      0.04983      0.02794
      2.21000      0.03025      0.01941      0.01083
      2.22000      0.06168      0.03981      0.02187
      2.23000      0.14076      0.09086      0.04990
      2.24000      0.12855      0.08297      0.04559
      2.25000      0.04552      0.02937      0.01615
      2.26000      0.01091      0.00702      0.00389
      2.27000      0.04094      0.02628      0.01465
      2.28000      0.12795      0.08215      0.04580
      2.29000      0.16150      0.10372      0.05778
      2.30000      0.15466      0.09950      0.05516
      2.31000      0.22831      0.14705      0.08126
      2.32000      0.23385      0.15049      0.08336
      2.33000      0.20927      0.13426      0.07501
      2.34000      0.23199      0.14875      0.08324
      2.35000      0.21343      0.13707      0.07636
      2.36000      0.11929      0.07669      0.04260
      2.37000      0.03543      0.02279      0.01264
      2.38000      0.03783      0.02438      0.01345
      2.39000      0.07534      0.04855      0.02678
      2.40000      0.05961      0.03842      0.02119
      2.41000      0.02100      0.01354      0.00746
      2.42000      0.03662      0.02368      0.01294
      2.43000      0.12265      0.07932      0.04333
      2.44000      0.18434      0.11905      0.06529
      2.45000      0.18909      0.12165      0.06745
      2.46000      0.17651      0.11330      0.06321
      2.47000      0.12532      0.08058      0.04474
      2.48000      0.09019      0.05815      0.03204
      2.49000      0.05219      0.03369      0.01849
      2.50000      0.07615      0.04925      0.02690
      2.51000      0.18567      0.11997      0.06570
      2.52000      0.26224      0.16897      0.09327
      2.53000      0.26559      0.17068      0.09490
      2.54000      0.19979      0.12840      0.07139
      2.55000      0.11884      0.07652      0.04232
      2.56000      0.05134      0.03310      0.01825
      2.57000      0.02458      0.01583      0.00875
      2.58000      0.07836      0.05042      0.02794
      2.59000      0.15461      0.09949      0.05512
      2.60000      0.12539      0.08077      0.04462
      2.61000      0.08585      0.05559      0.03027
      2.62000      0.10557      0.06850      0.03707
      2.63000      0.15756      0.10201      0.05555
      2.64000      0.25527      0.16486      0.09040
      2.65000      0.32308      0.20842      0.11466
      2.66000      0.28796      0.18599      0.10198
      2.67000      0.16562      0.10720      0.05841
      2.68000      0.16085      0.10431      0.05654
      2.69000      0.27879      0.18082      0.09797
      2.70000      0.33019      0.21406      0.11614
      2.71000      0.26902      0.17432      0.09470
      2.72000      0.11539      0.07477      0.04063
      2.73000      0.02230      0.01445      0.00784
      2.74000      0.02516      0.01636      0.00880
      2.75000      0.10637      0.06916      0.03720
      2.76000      0.19373      0.12587      0.06786
      2.77000      0.16821      0.10912      0.05909
      2.78000      0.09971      0.06469      0.03503
      2.79000      0.12014      0.07827      0.04187
      2.80000      0.18363      0.11963      0.06400
      2.81000      0.21282      0.13810      0.07472
      2.82000      0.27871      0.18021      0.09850
      2.83000      0.30099      0.19458      0.10640
      2.84000      0.26611      0.17258      0.09354
      2.85000      0.24051      0.15661      0.08390
      2.86000      0.28785      0.18772      0.10014
      2.87000      0.39842      0.25920      0.13922
      2.88000      0.46191      0.29990      0.16201
      2.89000      0.36342      0.23612      0.12729
      2.90000      0.16088      0.10474      0.05615
      2.91000      0.03388      0.02209      0.01179
      2.92000      0.00302      0.00197      0.00105
      2.93000      0.00128      0.00084      0.00044
      2.94000      0.01294      0.00849      0.00445
      2.95000      0.05259      0.03451      0.01808
      2.96000      0.08732      0.05728      0.03004
      2.97000      0.13521      0.08849      0.04672
      2.98000      0.34925      0.22822      0.12103
      2.99000      0.53057      0.34640      0.18416
      3.00000      0.41861      0.27325      0.14536
      3.01000      0.22448      0.14691      0.07756
      3.02000      0.12618      0.08284      0.04334
      3.03000      0.17556      0.11491      0.06065
      3.04000      0.35542      0.23233      0.12310
      3.05000      0.34309      0.22425      0.11884
      3.06000      0.18028      0.11801      0.06227
      3.07000      0.14450      0.09485      0.04965
      3.08000      0.17818      0.11696      0.06122
      3.09000      0.14355      0.09420      0.04934
      3.10000      0.05045      0.03311      0.01734
      3.11000      0.01723      0.01134      0.00588
      3.12000      0.07010      0.04618      0.02392
      3.13000      0.19005      0.12494      0.06511
      3.14000      0.24277      0.15927      0.08349
      3.15000      0.29601      0.19405      0.10196
      3.16000      0.50816      0.33369      0.17447
      3.17000      0.54029      0.35553      0.18477
      3.18000      0.33323      0.21939      0.11384
      3.19000      0.22869      0.15011      0.07858
      3.20000      0.22831      0.14951      0.07880
      3.21000      0.27744      0.18200      0.09544
      3.22000      0.25352      0.16701      0.08651
      3.23000      0.12846      0.08485      0.04361
      3.24000      0.07338      0.04826      0.02512
      3.25000      0.07964      0.05222      0.02741
      3.26000      0.04505      0.02954      0.01552
      3.27000      0.01937      0.01272      0.00665
      3.28000      0.07068      0.04652      0.02416
      3.29000      0.21005      0.13837      0.07169
      3.30000      0.34123      0.22502      0.11620
      3.31000      0.40560      0.26791      0.13769
      3.32000      0.45293      0.29999      0.15294
      3.33000      0.48921      0.32423      0.16498
      3.34000      0.43220      0.28597      0.14623
      3.35000      0.44518      0.29367      0.15151
      3.36000      0.49475      0.32591      0.16884
      3.37000      0.33650      0.22203      0.11447
      3.38000      0.18536      0.12310      0.06226
      3.39000      0.19727      0.13121      0.06606
      3.40000      0.26270      0.17453      0.08817
      3.41000      0.27636      0.18367      0.09269
      3.42000      0.25377      0.16870      0.08507
      3.43000      0.23759      0.15779      0.07980
      3.44000      0.27305      0.18104      0.09201
      3.45000      0.30624      0.20318      0.10306
      3.46000      0.34139      0.22728      0.11410
      3.47000      0.37819      0.25262      0.12557
      3.48000      0.33680      0.22558      0.11122
      3.49000      0.27668      0.18525      0.09143
      3.50000      0.21428      0.14278      0.07149
      3.51000      0.19869      0.13141      0.06728
      3.52000      0.20195      0.13369      0.06827
      3.53000      0.19523      0.13024      0.06499
      3.54000      0.25578      0.17112      0.08466
      3.55000      0.43732      0.29196      0.14536
      3.56000      0.65456      0.43647      0.21809
      3.57000      0.54837      0.36582      0.18255
      3.58000      0.38012      0.25394      0.12618
      3.59000      0.30186      0.20146      0.10040
      3.60000      0.18840      0.12568      0.06272
      3.61000      0.25344      0.16935      0.08409
      3.62000      0.37604      0.25108      0.12496
      3.63000      0.31237      0.20865      0.10372
      3.64000      0.26392      0.17679      0.08714
      3.65000      0.28783      0.19285      0.09499
      3.66000      0.29887      0.20071      0.09815
      3.67000      0.24598      0.16581      0.08017
      3.68000      0.23322      0.15736      0.07587
      3.69000      0.45390      0.30577      0.14813
      3.70000      0.61858      0.41618      0.20240
      3.71000      0.50313      0.33793      0.16519
      3.72000      0.38342      0.25677      0.12665
      3.73000      0.33866      0.22678      0.11187
      3.74000      0.28294      0.19059      0.09235
      3.75000      0.25562      0.17277      0.08285
      3.76000      0.21777      0.14679      0.07099
      3.77000      0.18252      0.12243      0.06009
      3.78000      0.26742      0.17940      0.08802
      3.79000      0.36777      0.24837      0.11940
      3.80000      0.38271      0.25991      0.12280
      3.81000      0.37728      0.25636      0.12092
      3.82000      0.38740      0.26267      0.12473
      3.83000      0.44382      0.30028      0.14355
      3.84000      0.46736      0.31626      0.15110
      3.85000      0.27220      0.18437      0.08782
      3.86000      0.08958      0.06053      0.02905
      3.87000      0.10481      0.07011      0.03469
      3.88000      0.20718      0.13907      0.06811
      3.89000      0.24244      0.16413      0.07832
      3.90000      0.22938      0.15584      0.07354
      3.91000      0.37692      0.25461      0.12231
      3.92000      0.65523      0.44224      0.21299
      3.93000      0.65504      0.44316      0.21189
      3.94000      0.55957      0.37986      0.17972
      3.95000      0.59522      0.40462      0.19060
      3.96000      0.47373      0.32286      0.15087
      3.97000      0.31120      0.21329      0.09791
      3.98000      0.24876      0.17076      0.07799
      3.99000      0.18406      0.12580      0.05827
      4.00000      0.22377      0.15245      0.07132
      4.01000      0.39923      0.27140      0.12783
      4.02000      0.40949      0.27740      0.13209
      4.03000      0.26981      0.18207      0.08774
      4.04000      0.20048      0.13516      0.06532
      4.05000      0.28553      0.19267      0.09285
      4.06000      0.39255      0.26514      0.12741
      4.07000      0.43877      0.29728      0.14149
      4.08000      0.52844      0.35958      0.16886
      4.09000      0.72603      0.49552      0.23051
      4.10000      0.77255      0.52852      0.24403
      4.11000      0.59055      0.40542      0.18512
      4.12000      0.56884      0.39028      0.17855
      4.13000      0.77553      0.53055      0.24498
      4.14000      0.86131      0.58834      0.27297
      4.15000      0.62903      0.42934      0.19969
      4.16000      0.32357      0.22113      0.10244
      4.17000      0.23644      0.16192      0.07452
      4.18000      0.30752      0.21094      0.09658
      4.19000      0.33038      0.22720      0.10318
      4.20000      0.33054      0.22808      0.10246
      4.21000      0.26020      0.18014      0.08005
      4.22000      0.12303      0.08526      0.03777
      4.23000      0.15297      0.10511      0.04786
      4.24000      0.48113      0.33040      0.15073
      4.25000      0.80364      0.55318      0.25046
      4.26000      0.73980      0.51040      0.22940
      4.27000      0.56435      0.38855      0.17580
      4.28000      0.59692      0.40994      0.18698
      4.29000      0.68284      0.46807      0.21477
      4.30000      0.58431      0.40021      0.18410
      4.31000      0.40774      0.28089      0.12686
      4.32000      0.27186      0.18868      0.08317
      4.33000      0.29718      0.20668      0.09050
      4.34000      0.42267      0.29402      0.12865
      4.35000      0.50171      0.34837      0.15334
      4.36000      0.55094      0.38048      0.17046
      4.37000      0.47577      0.32679      0.14898
      4.38000      0.37682      0.25837      0.11846
      4.39000      0.38868      0.26757      0.12112
      4.40000      0.54186      0.37454      0.16732
      4.41000      0.65208      0.45209      0.19999
      4.42000      0.72000      0.50055      0.21945
      4.43000      0.71961      0.49974      0.21987
      4.44000      0.49603      0.34321      0.15282
      4.45000      0.48104      0.33300      0.14805
      4.46000      0.63684      0.44376      0.19308
      4.47000      0.74783      0.52186      0.22598
      4.48000      0.84286      0.58537      0.25749
      4.49000      0.82517      0.57099      0.25419
      4.50000      0.54962      0.37910      0.17051
      4.51000      0.24978      0.17152      0.07826
      4.52000      0.13584      0.09412      0.04171
      4.53000      0.23483      0.16522      0.06961
      4.54000      0.31737      0.22472      0.09265
      4.55000      0.23385      0.16633      0.06752
      4.56000      0.15424      0.10915      0.04508
      4.57000      0.24709      0.17275      0.07433
      4.58000      0.38210      0.26630      0.11580
      4.59000      0.41323      0.28758      0.12565
      4.60000      0.68088      0.47434      0.20654
      4.61000      0.93342      0.65145      0.28197
      4.62000      0.75306      0.52642      0.22664
      4.63000      0.54937      0.38311      0.16626
      4.64000      0.48293      0.33663      0.14630
      4.65000      0.64911      0.45380      0.19531
      4.66000      0.78124      0.54461      0.23663
      4.67000      0.60062      0.41810      0.18252
      4.68000      0.39592      0.27729      0.11864
      4.69000      0.41469      0.29157      0.12312
      4.70000      0.63015      0.44381      0.18634
      4.71000      0.89128      0.62878      0.26250
      4.72000      0.85355      0.60172      0.25183
      4.73000      0.57733      0.40609      0.17124
      4.74000      0.36968      0.25837      0.11131
      4.75000      0.26074      0.18158      0.07916
      4.76000      0.18397      0.12817      0.05581
      4.77000      0.25834      0.17866      0.07968
      4.78000      0.52020      0.35912      0.16107
      4.79000      0.80159      0.55633      0.24526
      4.80000      0.98747      0.68993      0.29754
      4.81000      0.86762      0.60758      0.26004
      4.82000      0.51829      0.36200      0.15629
      4.83000      0.38102      0.26503      0.11599
      4.84000      0.69688      0.48479      0.21210
      4.85000      1.07423      0.74918      0.32504
      4.86000      1.10860      0.77670      0.33190
      4.87000      0.97850      0.68910      0.28940
      4.88000      0.85856      0.60840      0.25016
      4.89000      0.70222      0.49815      0.20407
      4.90000      0.69744      0.49207      0.20537
      4.91000      1.11269      0.78491      0.32778
      4.92000      1.35757      0.96056      0.39701
      4.93000      1.10677      0.78511      0.32166
      4.94000      0.85342      0.60462      0.24880
      4.95000      0.57931      0.40931      0.16999
      4.96000      0.27747      0.19554      0.08193
      4.97000      0.11167      0.07834      0.03332
      4.98000      0.15358      0.10805      0.04554
      4.99000      0.62295      0.44065      0.18230
      5.00000      1.34414      0.95456      0.38957
      5.01000      1.47508      1.05026      0.42481
      5.02000      1.01776      0.72350      0.29425
      5.03000      0.59755      0.42197      0.17559
      5.04000      0.37090      0.26146      0.10943
      5.05000      0.38967      0.27637      0.11330
      5.06000      0.40123      0.28427      0.11696
      5.07000      0.30022      0.21108      0.08914
      5.08000      0.43307      0.30325      0.12981
      5.09000      0.69959      0.49113      0.20845
      5.10000      0.61537      0.43503      0.18034
      5.11000      0.62461      0.44886      0.17575
      5.12000      0.83524      0.60434      0.23090
      5.13000      0.85554      0.61756      0.23798
      5.14000      1.10706      0.79257      0.31449
      5.15000      1.40666      1.00207      0.40459
      5.16000      1.22268      0.86666      0.35602
      5.17000      0.95488      0.67348      0.28140
      5.18000      0.88553      0.62558      0.25995
      5.19000      0.89240      0.63261      0.25978
      5.20000      1.02335      0.72424      0.29910
      5.21000      1.14294      0.80709      0.33584
      5.22000      0.90284      0.63623      0.26661
      5.23000      0.47447      0.33410      0.14037
      5.24000      0.34111      0.24231      0.09880
      5.25000      0.28987      0.20967      0.08020
      5.26000     -0.24029     -0.15890     -0.08139
      5.27000     -0.71503     -0.48970     -0.22533
      5.28000     -0.16231     -0.09986     -0.06245
      5.29000      0.48353      0.35394      0.12959
      5.30000      0.69203      0.49623      0.19581
      5.31000      0.78789      0.56189      0.22600
      5.32000      0.89462      0.64066      0.25396
      5.33000      0.95834      0.68805      0.27029
      5.34000      1.07987      0.77345      0.30642
      5.35000      1.23366      0.88138      0.35228
      5.36000      0.89859      0.64161      0.25698
      5.37000      0.49015      0.35008      0.14006
      5.38000      0.46958      0.33417      0.13542
      5.39000      0.59479      0.42182      0.17297
      5.40000      0.46149      0.32649      0.13499
      5.41000      0.38089      0.26810      0.11279
      5.42000      0.51113      0.36271      0.14842
      5.43000      0.62808      0.45250      0.17558
      5.44000      0.75695      0.54887      0.20808
      5.45000      1.03552      0.74869      0.28683
      5.46000      1.25807      0.90779      0.35028
      5.47000      1.40801      1.01457      0.39344
      5.48000      1.59303      1.14837      0.44466
      5.49000      1.67476      1.21058      0.46418
      5.50000      1.40553      1.01528      0.39026
      5.51000      1.05201      0.75748      0.29453
      5.52000      1.33543      0.96057      0.37485
      5.53000      2.11639      1.51821      0.59819
      5.54000      2.55311      1.81841      0.73471
      5.55000      2.45049      1.73124      0.71925
      5.56000      1.88822      1.33074      0.55748
      5.57000      1.49196      1.05862      0.43334
      5.58000      1.51989      1.08600      0.43388
      5.59000      1.37832      0.98855      0.38977
      5.60000      0.95742      0.68898      0.26844
      5.61000      0.84250      0.60779      0.23470
      5.62000      1.20184      0.86646      0.33538
      5.63000      1.36577      0.98132      0.38445
      5.64000      1.05057      0.75448      0.29609
      5.65000      0.72316      0.52311      0.20005
      5.66000      0.79824      0.57920      0.21903
      5.67000      1.18433      0.85636      0.32797
      5.68000      1.27736      0.92249      0.35487
      5.69000      1.35390      0.97627      0.37763
      5.70000      1.38338      0.99494      0.38844
      5.71000      1.00355      0.72212      0.28143
      5.72000      0.68961      0.49733      0.19228
      5.73000      0.62408      0.45103      0.17306
      5.74000      0.65275      0.47147      0.18128
      5.75000      0.87288      0.62753      0.24535
      5.76000      1.01468      0.72941      0.28527
      5.77000      1.09284      0.78732      0.30552
      5.78000      1.03558      0.74106      0.29452
      5.79000      0.93825      0.66601      0.27224
      5.80000      1.19910      0.85629      0.34281
      5.81000      1.70761      1.22559      0.48201
      5.82000      1.82218      1.30720      0.51498
      5.83000      1.48041      1.06133      0.41908
      5.84000      1.17891      0.84571      0.33320
      5.85000      1.08271      0.77784      0.30487
      5.86000      1.06108      0.76337      0.29771
