Energy-E_F (eV)    DOS (1/eV)    PDOS (1/eV)  of atom type Zn O  
   -156.83644     11.84472      9.32578      2.51895
   -156.82644     10.17598      7.80343      2.37256
   -156.81644      9.74976      7.31326      2.43650
   -156.80644     10.86569      8.30025      2.56544
   -156.79644     12.11279      9.36556      2.74723
   -156.78644     11.86839      9.18393      2.68446
   -156.77644     10.65847      8.20213      2.45634
   -156.76644      9.92369      7.60600      2.31769
   -156.75644      9.24651      7.11593      2.13058
   -156.74644      8.25016      6.38463      1.86553
   -156.73644      8.55962      6.61852      1.94111
   -156.72644      9.36521      7.20851      2.15670
   -156.71644      9.11928      7.01559      2.10368
   -156.70644      9.25282      7.10896      2.14386
   -156.69644      9.72599      7.42829      2.29770
   -156.68644      9.53781      7.29103      2.24678
   -156.67644      8.85670      6.83261      2.02409
   -156.66644      8.08632      6.27631      1.81001
   -156.65644      7.59240      5.86404      1.72836
   -156.64644      7.36621      5.66170      1.70451
   -156.63644      7.39583      5.73379      1.66204
   -156.62644      7.51607      5.84805      1.66802
   -156.61644      7.79767      5.99117      1.80650
   -156.60644      8.05993      6.13034      1.92959
   -156.59644      7.38548      5.61524      1.77024
   -156.58644      6.83791      5.21782      1.62009
   -156.57644      6.73765      5.16908      1.56857
   -156.56644      6.25361      4.82310      1.43051
   -156.55644      5.75402      4.45314      1.30088
   -156.54644      5.73684      4.45575      1.28109
   -156.53644      6.13498      4.76503      1.36994
   -156.52644      6.19611      4.82515      1.37096
   -156.51644      5.93432      4.62920      1.30512
   -156.50644      5.66786      4.39861      1.26925
   -156.49644      4.82716      3.72747      1.09969
   -156.48644      3.73759      2.85215      0.88545
   -156.47644      4.15582      3.13733      1.01849
   -156.46644      5.41241      4.07970      1.33271
   -156.45644      5.57212      4.16229      1.40983
   -156.44644      4.48923      3.23075      1.25848
   -156.43644      3.21928      2.15551      1.06377
   -156.42644      3.55063      2.49484      1.05580
   -156.41644      4.86457      3.66216      1.20241
   -156.40644      5.09697      3.91265      1.18433
   -156.39644      4.52952      3.46918      1.06034
   -156.38644      4.15244      3.15811      0.99433
   -156.37644      4.02011      3.00494      1.01517
   -156.36644      3.91356      2.87248      1.04108
   -156.35644      3.43574      2.52311      0.91263
   -156.34644      3.23942      2.41654      0.82288
   -156.33644      3.46583      2.62464      0.84118
   -156.32644      3.31621      2.49830      0.81791
   -156.31644      2.89431      2.14631      0.74800
   -156.30644      2.85913      2.11276      0.74637
   -156.29644      3.14393      2.34346      0.80048
   -156.28644      3.30128      2.45830      0.84298
   -156.27644      3.17268      2.34275      0.82993
   -156.26644      2.97957      2.22728      0.75229
   -156.25644      2.79808      2.14936      0.64872
   -156.24644      2.65916      2.05531      0.60385
   -156.23644      2.41394      1.84235      0.57159
   -156.22644      2.49593      1.87642      0.61951
   -156.21644      3.08644      2.30072      0.78572
   -156.20644      3.25945      2.40932      0.85013
   -156.19644      2.50090      1.84115      0.65975
   -156.18644      1.95554      1.47997      0.47557
   -156.17644      1.91406      1.48896      0.42510
   -156.16644      1.88857      1.45866      0.42992
   -156.15644      2.02703      1.52956      0.49746
   -156.14644      1.92910      1.42898      0.50011
   -156.13644      1.51149      1.11147      0.40002
   -156.12644      1.27643      0.94901      0.32742
   -156.11644      1.28638      0.96800      0.31838
   -156.10644      1.39372      1.03936      0.35436
   -156.09644      1.47222      1.07771      0.39451
   -156.08644      1.62578      1.18642      0.43936
   -156.07644      1.88409      1.39749      0.48659
   -156.06644      2.12037      1.58858      0.53179
   -156.05644      2.10986      1.56982      0.54004
   -156.04644      1.86271      1.38232      0.48039
   -156.03644      1.66869      1.24130      0.42739
   -156.02644      1.63680      1.20907      0.42772
   -156.01644      1.71123      1.23565      0.47558
   -156.00644      1.66948      1.18538      0.48410
   -155.99644      1.36565      0.96947      0.39618
   -155.98644      1.18042      0.84642      0.33400
   -155.97644      1.20076      0.87209      0.32866
   -155.96644      1.21681      0.88331      0.33350
   -155.95644      1.24132      0.90286      0.33846
   -155.94644      1.23606      0.89731      0.33875
   -155.93644      0.71335      0.47806      0.23529
   -155.92644     -0.36061     -0.35837     -0.00224
   -155.91644     -0.46193     -0.41121     -0.05072
   -155.90644      0.37909      0.27115      0.10794
   -155.89644      0.77531      0.59193      0.18337
   -155.88644      0.73041      0.56121      0.16920
   -155.87644      0.66387      0.50280      0.16107
   -155.86644      0.85380      0.63691      0.21689
   -155.85644      1.02080      0.74641      0.27439
   -155.84644      0.58079      0.37654      0.20425
   -155.83644     -0.26829     -0.28937      0.02108
   -155.82644     -0.20585     -0.21902      0.01317
   -155.81644      0.37749      0.25203      0.12546
   -155.80644      0.66690      0.47589      0.19100
   -155.79644      0.86541      0.62689      0.23852
   -155.78644      0.93122      0.69055      0.24067
   -155.77644      0.80050      0.60015      0.20035
   -155.76644      0.74427      0.54536      0.19891
   -155.75644      0.86419      0.62825      0.23593
   -155.74644      1.09936      0.81681      0.28255
   -155.73644      1.21193      0.90300      0.30893
   -155.72644      1.05873      0.78985      0.26889
   -155.71644      0.86182      0.64945      0.21236
   -155.70644      0.76900      0.57624      0.19276
   -155.69644      0.68371      0.49899      0.18471
   -155.68644      0.67268      0.47261      0.20008
   -155.67644      0.78642      0.53583      0.25059
   -155.66644      0.88153      0.60454      0.27699
   -155.65644      0.82490      0.58597      0.23893
   -155.64644      0.68301      0.49769      0.18531
   -155.63644      0.63314      0.45233      0.18081
   -155.62644      0.77380      0.54836      0.22544
   -155.61644      0.86464      0.61947      0.24517
   -155.60644      0.88403      0.62865      0.25538
   -155.59644      0.88072      0.61714      0.26358
   -155.58644      0.87175      0.61459      0.25716
   -155.57644      0.81802      0.57679      0.24123
   -155.56644      0.87622      0.59074      0.28548
   -155.55644      1.05532      0.70844      0.34687
   -155.54644      1.06490      0.72984      0.33507
   -155.53644      0.89701      0.61986      0.27715
   -155.52644      0.80165      0.56347      0.23819
   -155.51644      0.76633      0.54103      0.22530
   -155.50644      0.76810      0.54362      0.22448
   -155.49644      0.97705      0.71017      0.26688
   -155.48644      1.07689      0.80894      0.26795
   -155.47644      1.02156      0.77674      0.24482
   -155.46644      1.04702      0.76623      0.28079
   -155.45644      1.09087      0.76483      0.32604
   -155.44644      0.99060      0.68112      0.30947
   -155.43644      0.91846      0.62474      0.29372
   -155.42644      1.00321      0.68642      0.31680
   -155.41644      1.08094      0.74364      0.33729
   -155.40644      1.18531      0.81928      0.36603
   -155.39644      1.47839      1.04138      0.43701
   -155.38644      1.65891      1.19164      0.46727
   -155.37644      1.48205      1.06970      0.41236
   -155.36644      1.27157      0.89476      0.37680
   -155.35644      1.19945      0.81574      0.38371
   -155.34644      1.19636      0.81935      0.37701
   -155.33644      1.09801      0.76537      0.33263
   -155.32644      1.09750      0.76217      0.33533
   -155.31644      1.26252      0.88130      0.38122
   -155.30644      1.25338      0.88952      0.36387
   -155.29644      1.01753      0.73083      0.28670
   -155.28644      0.88208      0.63897      0.24311
   -155.27644      0.77313      0.55617      0.21695
   -155.26644      0.56355      0.39797      0.16558
   -155.25644      0.55719      0.38709      0.17011
   -155.24644      0.75139      0.51546      0.23593
   -155.23644      0.88532      0.60504      0.28028
   -155.22644      0.95432      0.64717      0.30715
   -155.21644      1.05408      0.70305      0.35102
   -155.20644      1.24283      0.86121      0.38162
   -155.19644      1.21608      0.97201      0.24407
   -155.18644      0.35631      0.63544     -0.27913
   -155.17644     -0.29514      0.26626     -0.56139
   -155.16644      0.34561      0.46042     -0.11482
   -155.15644      1.00639      0.74499      0.26140
   -155.14644      1.27646      0.90067      0.37580
   -155.13644      1.35733      0.95716      0.40017
   -155.12644      1.27360      0.89467      0.37892
   -155.11644      1.33754      0.92081      0.41673
   -155.10644      1.49717      1.00542      0.49175
   -155.09644      1.44506      0.96795      0.47711
   -155.08644      1.35448      0.92627      0.42822
   -155.07644      1.42783      0.99184      0.43599
   -155.06644      1.32032      0.90613      0.41419
   -155.05644      1.09285      0.73531      0.35754
   -155.04644      1.10299      0.74895      0.35404
   -155.03644      1.28469      0.88824      0.39645
   -155.02644      1.24012      0.86351      0.37661
   -155.01644      1.05341      0.72770      0.32571
   -155.00644      1.18059      0.79558      0.38501
   -154.99644      1.26489      0.84781      0.41709
   -154.98644      1.19098      0.81359      0.37740
   -154.97644      1.33326      0.91397      0.41929
   -154.96644      1.31628      0.89134      0.42494
   -154.95644      1.10718      0.74663      0.36055
   -154.94644      1.17443      0.80947      0.36496
   -154.93644      1.48753      1.03546      0.45207
   -154.92644      1.56428      1.09213      0.47214
   -154.91644      1.33643      0.94287      0.39356
   -154.90644      1.03918      0.73555      0.30363
   -154.89644      1.03356      0.72916      0.30439
   -154.88644      1.23921      0.87306      0.36614
   -154.87644      1.16298      0.81764      0.34534
   -154.86644      1.03261      0.71653      0.31608
   -154.85644      1.21446      0.83243      0.38203
   -154.84644      1.37356      0.93000      0.44356
   -154.83644      1.53242      1.02331      0.50911
   -154.82644      1.73957      1.17445      0.56512
   -154.81644      1.62895      1.11645      0.51250
   -154.80644      1.38003      0.95363      0.42640
   -154.79644      1.33419      0.93203      0.40216
   -154.78644      1.23026      0.87101      0.35925
   -154.77644      0.95848      0.67496      0.28352
   -154.76644      0.95817      0.64734      0.31083
   -154.75644      1.21197      0.81898      0.39299
   -154.74644      1.43219      1.00394      0.42825
   -154.73644      1.65950      1.16923      0.49027
   -154.72644      1.74918      1.18818      0.56101
   -154.71644      1.55734      0.99450      0.56284
   -154.70644      1.21979      0.74771      0.47208
   -154.69644      1.01357      0.64874      0.36483
   -154.68644      1.12819      0.76236      0.36584
   -154.67644      1.38027      0.93750      0.44277
   -154.66644      1.62555      1.10920      0.51636
   -154.65644      1.74039      1.19125      0.54913
   -154.64644      1.80274      1.22083      0.58192
   -154.63644      1.79036      1.19958      0.59078
   -154.62644      1.46031      0.98554      0.47477
   -154.61644      1.27480      0.87940      0.39539
   -154.60644      1.35860      0.93221      0.42639
   -154.59644      1.64152      1.11193      0.52959
   -154.58644      1.95762      1.34129      0.61634
   -154.57644      2.05184      1.41973      0.63210
   -154.56644      1.92682      1.32043      0.60639
   -154.55644      1.66855      1.12630      0.54225
   -154.54644      1.52314      1.02711      0.49603
   -154.53644      1.53769      1.03040      0.50729
   -154.52644      1.45571      0.95273      0.50297
   -154.51644      1.46685      0.93589      0.53096
   -154.50644      1.79715      1.14539      0.65176
   -154.49644      2.12597      1.38308      0.74289
   -154.48644      2.15998      1.43273      0.72725
   -154.47644      2.03307      1.36335      0.66972
   -154.46644      2.11221      1.41426      0.69795
   -154.45644      2.27172      1.50193      0.76979
   -154.44644      2.14910      1.40467      0.74443
   -154.43644      1.73164      1.13265      0.59899
   -154.42644      1.42832      0.94426      0.48406
   -154.41644      1.40506      0.93783      0.46723
   -154.40644      1.39834      0.94044      0.45790
   -154.39644      1.51233      1.01666      0.49568
   -154.38644      1.55997      1.03953      0.52044
   -154.37644      1.34108      0.89548      0.44560
   -154.36644      1.15128      0.78272      0.36856
   -154.35644      1.16902      0.79877      0.37025
   -154.34644      1.44663      0.98567      0.46096
   -154.33644      1.99435      1.36546      0.62889
   -154.32644      2.20359      1.50099      0.70260
   -154.31644      1.78434      1.18111      0.60323
   -154.30644      1.38330      0.89415      0.48915
   -154.29644      1.17667      0.77047      0.40619
   -154.28644      1.22675      0.80912      0.41763
   -154.27644      1.47334      0.97439      0.49895
   -154.26644      1.29279      0.86114      0.43165
   -154.25644      0.99317      0.66517      0.32801
   -154.24644      1.05238      0.71280      0.33958
   -154.23644      1.07489      0.73161      0.34327
   -154.22644      1.00144      0.66762      0.33381
   -154.21644      1.29224      0.82772      0.46452
   -154.20644      1.51550      0.95956      0.55594
   -154.19644      1.26330      0.80834      0.45496
   -154.18644      0.90956      0.58805      0.32151
   -154.17644      0.79674      0.51761      0.27913
   -154.16644      0.86325      0.56120      0.30205
   -154.15644      0.99698      0.63163      0.36534
   -154.14644      1.19670      0.72456      0.47213
   -154.13644      1.37741      0.81816      0.55925
   -154.12644      1.56489      0.94502      0.61987
   -154.11644      1.65314      1.00628      0.64687
   -154.10644      1.36609      0.84697      0.51912
   -154.09644      1.11911      0.72964      0.38948
   -154.08644      1.18857      0.79439      0.39418
   -154.07644      1.08590      0.71417      0.37173
   -154.06644      0.89992      0.56711      0.33281
   -154.05644      0.91480      0.56483      0.34997
   -154.04644      1.16540      0.73043      0.43496
   -154.03644      1.41281      0.88311      0.52970
   -154.02644      1.49896      0.91807      0.58089
   -154.01644      1.28215      0.79274      0.48941
   -154.00644      1.07117      0.69728      0.37389
   -153.99644      1.25907      0.83938      0.41969
   -153.98644      1.28446      0.85372      0.43074
   -153.97644      0.88103      0.59056      0.29047
   -153.96644      0.66014      0.44880      0.21134
   -153.95644      0.80490      0.53531      0.26959
   -153.94644      1.01727      0.65940      0.35787
   -153.93644      1.11983      0.72201      0.39782
   -153.92644      1.13527      0.73734      0.39793
   -153.91644      1.01739      0.66081      0.35659
   -153.90644      0.99433      0.62997      0.36436
   -153.89644      1.00918      0.63051      0.37867
   -153.88644      0.89719      0.57416      0.32303
   -153.87644      0.83898      0.54560      0.29337
   -153.86644      0.92534      0.59901      0.32634
   -153.85644      0.97042      0.62952      0.34090
   -153.84644      0.89978      0.58260      0.31718
   -153.83644      0.70594      0.45438      0.25156
   -153.82644      0.68310      0.43253      0.25056
   -153.81644      0.87731      0.53476      0.34255
   -153.80644      1.06638      0.64078      0.42561
   -153.79644      1.15459      0.69374      0.46085
   -153.78644      1.18176      0.68828      0.49348
   -153.77644      1.14315      0.65629      0.48686
   -153.76644      1.08588      0.66470      0.42117
   -153.75644      1.06269      0.68850      0.37419
   -153.74644      1.09704      0.71910      0.37794
   -153.73644      1.20187      0.78078      0.42109
   -153.72644      1.08978      0.69035      0.39943
   -153.71644      1.02466      0.63808      0.38658
   -153.70644      1.16848      0.74889      0.41959
   -153.69644      1.19655      0.79051      0.40604
   -153.68644      0.97186      0.63941      0.33245
   -153.67644      0.77667      0.49921      0.27747
   -153.66644      0.77810      0.50666      0.27144
   -153.65644      0.77854      0.51309      0.26544
   -153.64644      0.74237      0.48200      0.26038
   -153.63644      0.84392      0.53174      0.31218
   -153.62644      1.17310      0.73971      0.43339
   -153.61644      1.46354      0.93944      0.52410
   -153.60644      1.45480      0.94165      0.51314
   -153.59644      1.48378      0.95929      0.52448
   -153.58644      1.59497      1.04439      0.55057
   -153.57644      1.46166      0.97035      0.49131
   -153.56644      1.18739      0.78386      0.40353
   -153.55644      1.01615      0.66459      0.35156
   -153.54644      0.88532      0.58060      0.30472
   -153.53644      0.91525      0.60071      0.31454
   -153.52644      1.07157      0.69570      0.37587
   -153.51644      1.10303      0.69620      0.40683
   -153.50644      1.08819      0.68184      0.40635
   -153.49644      1.11267      0.71652      0.39615
   -153.48644      1.19987      0.78214      0.41772
   -153.47644      1.26146      0.80379      0.45767
   -153.46644      1.27373      0.79077      0.48295
   -153.45644      1.42112      0.89227      0.52885
   -153.44644      1.58990      1.01359      0.57631
   -153.43644      1.53881      0.97876      0.56005
   -153.42644      1.42667      0.90295      0.52372
   -153.41644      1.49904      0.95158      0.54746
   -153.40644      1.60456      1.03167      0.57289
   -153.39644      1.67401      1.08809      0.58592
   -153.38644      1.68103      1.08427      0.59676
   -153.37644      1.41307      0.88463      0.52844
   -153.36644      0.99524      0.60899      0.38625
   -153.35644      0.89983      0.56911      0.33073
   -153.34644      1.16023      0.75949      0.40074
   -153.33644      1.30736      0.86640      0.44095
   -153.32644      1.29358      0.85457      0.43901
   -153.31644      1.20737      0.77941      0.42796
   -153.30644      0.99641      0.62484      0.37157
   -153.29644      0.76758      0.47800      0.28957
   -153.28644      0.84688      0.53180      0.31508
   -153.27644      1.20940      0.75434      0.45506
   -153.26644      1.24647      0.77220      0.47427
   -153.25644      1.00305      0.62376      0.37928
   -153.24644      0.92931      0.58595      0.34336
   -153.23644      1.08314      0.68802      0.39512
   -153.22644      1.17711      0.73836      0.43875
   -153.21644      1.12585      0.70050      0.42535
   -153.20644      1.05126      0.66671      0.38454
   -153.19644      0.88946      0.57877      0.31069
   -153.18644      0.63032      0.41681      0.21351
   -153.17644      0.58491      0.38749      0.19742
   -153.16644      0.74327      0.48697      0.25631
   -153.15644      0.66955      0.43253      0.23702
   -153.14644      0.48628      0.29656      0.18972
   -153.13644      0.56582      0.32977      0.23605
   -153.12644      0.73215      0.44315      0.28900
   -153.11644      0.81841      0.51127      0.30714
   -153.10644      0.80749      0.51127      0.29622
   -153.09644      0.91325      0.57818      0.33507
   -153.08644      1.03833      0.64114      0.39719
   -153.07644      1.04028      0.63625      0.40403
   -153.06644      0.93952      0.58224      0.35727
   -153.05644      0.95697      0.59121      0.36576
   -153.04644      1.11736      0.67928      0.43808
   -153.03644      1.08849      0.65174      0.43675
   -153.02644      0.89160      0.54080      0.35080
   -153.01644      0.78600      0.49803      0.28796
   -153.00644      0.70406      0.44999      0.25407
   -152.99644      0.67865      0.42085      0.25780
   -152.98644      0.65653      0.40153      0.25499
   -152.97644      0.63924      0.39583      0.24340
   -152.96644      0.86409      0.52964      0.33445
   -152.95644      0.97606      0.58727      0.38879
   -152.94644      0.88596      0.53907      0.34689
   -152.93644      0.78683      0.49310      0.29373
   -152.92644      0.60275      0.38451      0.21824
   -152.91644      0.51925      0.31838      0.20088
   -152.90644      0.74536      0.43466      0.31070
   -152.89644      0.93807      0.54980      0.38827
   -152.88644      0.72997      0.42681      0.30316
   -152.87644      0.50155      0.27032      0.23123
   -152.86644      0.50402      0.25513      0.24889
   -152.85644      0.53619      0.27342      0.26277
   -152.84644      0.54083      0.29571      0.24512
   -152.83644      0.68023      0.41009      0.27013
   -152.82644      0.92556      0.56773      0.35783
   -152.81644      0.94038      0.57782      0.36255
   -152.80644      0.67977      0.42366      0.25611
   -152.79644      0.56980      0.35673      0.21307
   -152.78644      0.59293      0.36195      0.23099
   -152.77644      0.60860      0.35003      0.25856
   -152.76644      0.65297      0.36328      0.28969
   -152.75644      0.75653      0.44143      0.31511
   -152.74644      0.80401      0.49233      0.31169
   -152.73644      0.66881      0.41525      0.25356
   -152.72644      0.51606      0.31690      0.19917
   -152.71644      0.34004      0.20212      0.13792
   -152.70644      0.25212      0.14245      0.10967
   -152.69644      0.34598      0.18599      0.15999
   -152.68644      0.48799      0.25034      0.23765
   -152.67644      0.51181      0.26335      0.24846
   -152.66644      0.57612      0.31979      0.25633
   -152.65644      0.61853      0.36199      0.25654
   -152.64644      0.57854      0.33936      0.23918
   -152.63644      0.57094      0.33407      0.23687
   -152.62644      0.65815      0.39171      0.26644
   -152.61644      0.82561      0.48886      0.33675
   -152.60644      0.84788      0.49530      0.35258
   -152.59644      0.79367      0.45943      0.33425
   -152.58644      0.76765      0.44089      0.32677
   -152.57644      0.64329      0.36665      0.27664
   -152.56644      0.54583      0.30894      0.23689
   -152.55644      0.60209      0.32875      0.27334
   -152.54644      0.73829      0.38159      0.35671
   -152.53644      0.74738      0.37089      0.37649
   -152.52644      0.61236      0.30690      0.30546
   -152.51644      0.45076      0.24289      0.20787
   -152.50644      0.43042      0.25240      0.17803
   -152.49644      0.54930      0.32962      0.21968
   -152.48644      0.54102      0.32927      0.21175
   -152.47644      0.47951      0.29559      0.18393
   -152.46644      0.59618      0.36316      0.23302
   -152.45644      0.72254      0.42953      0.29301
   -152.44644      0.65917      0.38411      0.27505
   -152.43644      0.69296      0.39951      0.29345
   -152.42644      0.90823      0.52176      0.38647
   -152.41644      1.01587      0.58367      0.43219
   -152.40644      0.83958      0.47487      0.36471
   -152.39644      0.59298      0.32666      0.26632
   -152.38644      0.50171      0.28169      0.22002
   -152.37644      0.54039      0.31338      0.22701
   -152.36644      0.60237      0.34383      0.25854
   -152.35644      0.55028      0.31307      0.23721
   -152.34644      0.35433      0.20734      0.14699
   -152.33644      0.25750      0.15353      0.10397
   -152.32644      0.24562      0.14128      0.10434
   -152.31644      0.21380      0.11206      0.10174
   -152.30644      0.28784      0.15426      0.13359
   -152.29644      0.43805      0.25230      0.18576
   -152.28644      0.54416      0.31762      0.22654
   -152.27644      0.60853      0.34659      0.26194
   -152.26644      0.63946      0.35987      0.27958
   -152.25644      0.54911      0.31551      0.23360
   -152.24644      0.35452      0.20808      0.14645
   -152.23644      0.24487      0.14565      0.09922
   -152.22644      0.23884      0.14309      0.09575
   -152.21644      0.22678      0.13572      0.09106
   -152.20644      0.24542      0.14534      0.10007
   -152.19644      0.24723      0.14488      0.10235
   -152.18644      0.33777      0.20263      0.13514
   -152.17644      0.42023      0.25390      0.16632
   -152.16644      0.28070      0.16056      0.12014
   -152.15644      0.16698      0.07929      0.08769
   -152.14644      0.16195      0.07751      0.08444
   -152.13644      0.23740      0.12567      0.11173
   -152.12644      0.33125      0.18189      0.14936
   -152.11644      0.33586      0.18880      0.14706
   -152.10644      0.33145      0.18985      0.14160
   -152.09644      0.38553      0.22201      0.16351
   -152.08644      0.45159      0.25562      0.19597
   -152.07644      0.56203      0.31160      0.25043
   -152.06644      0.61772      0.34244      0.27528
   -152.05644      0.64757      0.36524      0.28233
   -152.04644      0.79199      0.44432      0.34766
   -152.03644      0.75730      0.41245      0.34485
   -152.02644      0.52861      0.28731      0.24130
   -152.01644      0.48460      0.28178      0.20282
   -152.00644      0.63264      0.37602      0.25662
   -151.99644      0.63752      0.36795      0.26956
   -151.98644      0.46807      0.25162      0.21645
   -151.97644      0.28770      0.14663      0.14107
   -151.96644      0.25140      0.13658      0.11481
   -151.95644      0.34352      0.19288      0.15064
   -151.94644      0.44332      0.24939      0.19393
   -151.93644      0.47529      0.27124      0.20406
   -151.92644      0.47269      0.26580      0.20690
   -151.91644      0.37518      0.20532      0.16986
   -151.90644      0.19861      0.10919      0.08941
   -151.89644      0.18969      0.10706      0.08263
   -151.88644      0.29386      0.16676      0.12709
   -151.87644      0.45395      0.25847      0.19548
   -151.86644      0.64396      0.35647      0.28749
   -151.85644      0.75041      0.40052      0.34989
   -151.84644      0.67487      0.35270      0.32217
   -151.83644      0.46409      0.24370      0.22039
   -151.82644      0.28415      0.15523      0.12892
   -151.81644      0.21547      0.11858      0.09690
   -151.80644      0.28808      0.15193      0.13615
   -151.79644      0.32760      0.16460      0.16299
   -151.78644      0.30086      0.14723      0.15363
   -151.77644      0.45335      0.22516      0.22819
   -151.76644      0.66552      0.33155      0.33397
   -151.75644      0.58204      0.29886      0.28317
   -151.74644      0.36901      0.19603      0.17299
   -151.73644      0.33749      0.17163      0.16586
   -151.72644      0.31609      0.15529      0.16079
   -151.71644      0.28743      0.14784      0.13958
   -151.70644      0.44656      0.24339      0.20317
   -151.69644      0.62262      0.34626      0.27636
   -151.68644      0.57040      0.31199      0.25841
   -151.67644      0.44914      0.22973      0.21941
   -151.66644      0.44045      0.22383      0.21661
   -151.65644      0.46874      0.25017      0.21857
   -151.64644      0.48533      0.26200      0.22333
   -151.63644      0.51404      0.27349      0.24054
   -151.62644      0.55337      0.29453      0.25884
   -151.61644      0.62353      0.33350      0.29003
   -151.60644      0.67078      0.35415      0.31662
   -151.59644      0.54270      0.27970      0.26300
   -151.58644      0.39845      0.20702      0.19142
   -151.57644      0.41076      0.21900      0.19176
   -151.56644      0.59287      0.31761      0.27526
   -151.55644      0.79750      0.42670      0.37080
   -151.54644      0.79832      0.42356      0.37476
   -151.53644      0.62666      0.32414      0.30252
   -151.52644      0.54523      0.28460      0.26063
   -151.51644      0.65567      0.34888      0.30679
   -151.50644      0.62266      0.32648      0.29619
   -151.49644      0.39624      0.20325      0.19299
   -151.48644      0.36902      0.18586      0.18316
   -151.47644      0.56436      0.28247      0.28189
   -151.46644      0.57201      0.29036      0.28165
   -151.45644      0.50932      0.26693      0.24239
   -151.44644      0.60874      0.31480      0.29394
   -151.43644      0.70165      0.35545      0.34620
   -151.42644      0.65157      0.33072      0.32086
   -151.41644      0.61926      0.31920      0.30006
   -151.40644      0.59041      0.30713      0.28328
   -151.39644      0.57332      0.29332      0.28000
   -151.38644      0.71826      0.36196      0.35630
   -151.37644      0.81239      0.41318      0.39921
   -151.36644      0.78290      0.39305      0.38985
   -151.35644      0.81188      0.40029      0.41158
   -151.34644      0.93062      0.47086      0.45975
   -151.33644      1.07242      0.55415      0.51827
   -151.32644      1.25487      0.64814      0.60672
   -151.31644      1.32692      0.67498      0.65194
   -151.30644      1.20730      0.61167      0.59562
   -151.29644      1.03194      0.54160      0.49035
   -151.28644      0.95872      0.51572      0.44299
   -151.27644      0.83780      0.44552      0.39228
   -151.26644      0.62699      0.33026      0.29674
   -151.25644      0.42309      0.22795      0.19514
   -151.24644      0.42252      0.22271      0.19981
   -151.23644      0.64032      0.31999      0.32033
   -151.22644      0.93363      0.46522      0.46841
   -151.21644      1.05783      0.52670      0.53113
   -151.20644      0.90750      0.44452      0.46298
   -151.19644      0.68203      0.33408      0.34795
   -151.18644      0.45152      0.22654      0.22498
   -151.17644      0.41637      0.21073      0.20564
   -151.16644      0.52425      0.25794      0.26632
   -151.15644      0.61701      0.29295      0.32406
   -151.14644      0.71896      0.33558      0.38338
   -151.13644      0.71541      0.33583      0.37958
   -151.12644      0.49408      0.23366      0.26042
   -151.11644      0.38584      0.18062      0.20521
   -151.10644      0.58937      0.27719      0.31218
   -151.09644      0.80260      0.38388      0.41872
   -151.08644      0.86904      0.42386      0.44518
   -151.07644      0.90117      0.44222      0.45894
   -151.06644      0.93619      0.45476      0.48143
   -151.05644      0.84068      0.40614      0.43453
   -151.04644      0.60770      0.29125      0.31646
   -151.03644      0.57865      0.26703      0.31162
   -151.02644      0.80480      0.36864      0.43616
   -151.01644      0.88475      0.41821      0.46654
   -151.00644      0.83237      0.41739      0.41498
   -150.99644      0.77975      0.40045      0.37930
   -150.98644      0.58844      0.29670      0.29174
   -150.97644      0.46610      0.23206      0.23404
   -150.96644      0.55168      0.27469      0.27698
   -150.95644      0.79442      0.38353      0.41089
   -150.94644      0.82085      0.38467      0.43618
   -150.93644      0.72984      0.33785      0.39199
   -150.92644      0.78661      0.36863      0.41798
   -150.91644      0.86545      0.40862      0.45683
   -150.90644      1.00801      0.46767      0.54035
   -150.89644      1.07981      0.49395      0.58586
   -150.88644      0.92245      0.42326      0.49919
   -150.87644      0.77635      0.36677      0.40958
   -150.86644      0.78165      0.37636      0.40529
   -150.85644      0.82144      0.40127      0.42017
   -150.84644      0.89467      0.44095      0.45373
   -150.83644      0.92963      0.45200      0.47764
   -150.82644      1.08858      0.52074      0.56783
   -150.81644      1.34134      0.62945      0.71189
   -150.80644      1.29310      0.59536      0.69775
   -150.79644      1.19575      0.54740      0.64835
   -150.78644      1.25174      0.56984      0.68190
   -150.77644      1.23034      0.56689      0.66345
   -150.76644      1.15725      0.54730      0.60995
   -150.75644      1.04523      0.50064      0.54459
   -150.74644      0.96726      0.46288      0.50438
   -150.73644      0.98921      0.46372      0.52549
   -150.72644      1.16408      0.54860      0.61548
   -150.71644      1.36836      0.64994      0.71842
   -150.70644      1.38685      0.64039      0.74646
   -150.69644      1.18570      0.52862      0.65708
   -150.68644      0.99957      0.44313      0.55644
   -150.67644      0.96715      0.43720      0.52995
   -150.66644      0.94780      0.43487      0.51293
   -150.65644      0.92780      0.41752      0.51029
   -150.64644      0.88258      0.39503      0.48755
   -150.63644      0.72760      0.32365      0.40394
   -150.62644      0.69765      0.29961      0.39804
   -150.61644      0.79951      0.34551      0.45400
   -150.60644      0.92766      0.42434      0.50332
   -150.59644      1.06370      0.49767      0.56603
   -150.58644      1.03852      0.46850      0.57002
   -150.57644      0.89188      0.38206      0.50983
   -150.56644      0.97328      0.40496      0.56832
   -150.55644      1.21215      0.51477      0.69738
   -150.54644      1.28465      0.57539      0.70925
   -150.53644      1.22138      0.58629      0.63509
   -150.52644      1.19438      0.59495      0.59943
   -150.51644      1.00853      0.48769      0.52085
   -150.50644      0.81133      0.36514      0.44619
   -150.49644      0.85296      0.37511      0.47785
   -150.48644      1.03949      0.46195      0.57754
   -150.47644      1.07049      0.47993      0.59056
   -150.46644      0.84901      0.38088      0.46813
   -150.45644      0.69046      0.30667      0.38379
   -150.44644      0.70193      0.31063      0.39130
   -150.43644      0.71145      0.30620      0.40525
   -150.42644      0.69442      0.28914      0.40528
   -150.41644      0.68442      0.28528      0.39914
   -150.40644      0.69445      0.29720      0.39725
   -150.39644      0.80672      0.36334      0.44338
   -150.38644      0.96598      0.45033      0.51564
   -150.37644      0.97202      0.45224      0.51978
   -150.36644      0.88789      0.40856      0.47934
   -150.35644      0.89537      0.41119      0.48418
   -150.34644      0.96627      0.43890      0.52737
   -150.33644      1.05985      0.46624      0.59361
   -150.32644      1.08377      0.47354      0.61023
   -150.31644      1.05108      0.47469      0.57638
   -150.30644      1.16806      0.53646      0.63161
   -150.29644      1.26512      0.57552      0.68960
   -150.28644      1.19744      0.53562      0.66182
   -150.27644      1.13759      0.50838      0.62920
   -150.26644      0.99946      0.44475      0.55471
   -150.25644      0.99955      0.43403      0.56552
   -150.24644      1.20528      0.51467      0.69061
   -150.23644      1.09350      0.46879      0.62471
   -150.22644      0.79945      0.34754      0.45191
   -150.21644      0.77951      0.33657      0.44294
   -150.20644      0.91128      0.39177      0.51951
   -150.19644      0.96155      0.41202      0.54953
   -150.18644      0.94335      0.40244      0.54092
   -150.17644      0.93080      0.40194      0.52885
   -150.16644      0.87361      0.38424      0.48936
   -150.15644      0.80896      0.34424      0.46473
   -150.14644      0.72093      0.29205      0.42888
   -150.13644      0.74621      0.30548      0.44074
   -150.12644      0.86810      0.35973      0.50837
   -150.11644      0.86661      0.36274      0.50387
   -150.10644      0.85048      0.36383      0.48665
   -150.09644      0.85942      0.36816      0.49126
   -150.08644      0.96361      0.39678      0.56683
   -150.07644      1.09175      0.44160      0.65015
   -150.06644      1.07883      0.43794      0.64089
   -150.05644      1.07208      0.43410      0.63798
   -150.04644      1.06983      0.43371      0.63612
   -150.03644      0.92961      0.38419      0.54542
   -150.02644      0.81027      0.33720      0.47307
   -150.01644      0.92807      0.38193      0.54614
   -150.00644      1.04855      0.43202      0.61652
   -149.99644      0.98469      0.39935      0.58534
   -149.98644      0.96762      0.38710      0.58052
   -149.97644      1.11198      0.44254      0.66944
   -149.96644      1.25727      0.50800      0.74926
   -149.95644      1.41882      0.59641      0.82241
   -149.94644      1.53283      0.65258      0.88024
   -149.93644      1.42152      0.59577      0.82575
   -149.92644      1.21728      0.50262      0.71467
   -149.91644      1.01408      0.41708      0.59700
   -149.90644      0.79511      0.32086      0.47426
   -149.89644      0.73086      0.28207      0.44879
   -149.88644      0.80482      0.30976      0.49507
   -149.87644      0.89982      0.35602      0.54380
   -149.86644      0.97944      0.38706      0.59238
   -149.85644      1.06400      0.42843      0.63557
   -149.84644      1.28856      0.54911      0.73945
   -149.83644      1.40874      0.61693      0.79181
   -149.82644      1.21247      0.53006      0.68241
   -149.81644      1.09573      0.46582      0.62990
   -149.80644      1.11015      0.45565      0.65450
   -149.79644      1.23528      0.49832      0.73696
   -149.78644      1.41466      0.57835      0.83630
   -149.77644      1.31211      0.55277      0.75934
   -149.76644      1.12990      0.47352      0.65638
   -149.75644      1.09734      0.44374      0.65360
   -149.74644      1.00415      0.39674      0.60741
   -149.73644      0.87629      0.34409      0.53219
   -149.72644      0.93180      0.37284      0.55897
   -149.71644      1.17171      0.47824      0.69347
   -149.70644      1.22334      0.50531      0.71804
   -149.69644      1.00693      0.41583      0.59111
   -149.68644      0.83795      0.33472      0.50323
   -149.67644      0.70534      0.27478      0.43056
   -149.66644      0.59128      0.23356      0.35772
   -149.65644      0.84984      0.34050      0.50934
   -149.64644      1.14992      0.45169      0.69822
   -149.63644      1.13403      0.43476      0.69927
   -149.62644      1.03211      0.39179      0.64032
   -149.61644      1.00127      0.37932      0.62195
   -149.60644      0.96210      0.36531      0.59679
   -149.59644      0.91718      0.35432      0.56286
   -149.58644      0.92990      0.37419      0.55571
   -149.57644      1.04859      0.42907      0.61952
   -149.56644      1.00913      0.41032      0.59881
   -149.55644      0.85880      0.34831      0.51049
   -149.54644      1.07369      0.44668      0.62701
   -149.53644      1.42267      0.60204      0.82063
   -149.52644      1.38704      0.58190      0.80514
   -149.51644      1.23214      0.51302      0.71912
   -149.50644      1.19970      0.50636      0.69334
   -149.49644      1.16394      0.48638      0.67756
   -149.48644      1.07632      0.44443      0.63189
   -149.47644      0.98577      0.40711      0.57866
   -149.46644      0.98611      0.39912      0.58699
   -149.45644      1.12412      0.44478      0.67934
   -149.44644      1.40653      0.55266      0.85387
   -149.43644      1.70053      0.67143      1.02909
   -149.42644      1.56626      0.63402      0.93224
   -149.41644      1.12887      0.47181      0.65706
   -149.40644      0.79050      0.33127      0.45922
   -149.39644      0.84165      0.34929      0.49236
   -149.38644      1.11190      0.45832      0.65358
   -149.37644      1.28828      0.51823      0.77004
   -149.36644      1.20692      0.47288      0.73404
   -149.35644      1.07967      0.41424      0.66543
   -149.34644      1.04087      0.39679      0.64408
   -149.33644      1.08797      0.42049      0.66747
   -149.32644      1.08170      0.43148      0.65022
   -149.31644      1.05217      0.42729      0.62488
   -149.30644      1.01502      0.40261      0.61240
   -149.29644      0.97386      0.38036      0.59349
   -149.28644      0.85800      0.33983      0.51818
   -149.27644      0.81969      0.32535      0.49434
   -149.26644      0.96170      0.37945      0.58225
   -149.25644      0.93195      0.37071      0.56124
   -149.24644      0.70813      0.28624      0.42189
   -149.23644      0.61608      0.24316      0.37293
   -149.22644      0.75336      0.28462      0.46874
   -149.21644      0.99984      0.37291      0.62693
   -149.20644      1.14018      0.42626      0.71392
   -149.19644      1.30622      0.49351      0.81272
   -149.18644      1.57020      0.59979      0.97041
   -149.17644      1.63296      0.63147      1.00149
   -149.16644      1.48577      0.58709      0.89868
   -149.15644      1.31651      0.52430      0.79220
   -149.14644      1.41360      0.55341      0.86019
   -149.13644      1.52857      0.58800      0.94058
   -149.12644      1.49741      0.57674      0.92067
   -149.11644      1.38971      0.55139      0.83832
   -149.10644      1.20147      0.49566      0.70581
   -149.09644      0.95570      0.39651      0.55919
   -149.08644      0.84770      0.33989      0.50781
   -149.07644      1.05423      0.40357      0.65066
   -149.06644      1.33608      0.50567      0.83041
   -149.05644      1.37567      0.52420      0.85146
   -149.04644      1.07498      0.41000      0.66498
   -149.03644      0.78952      0.30144      0.48808
   -149.02644      0.89578      0.34130      0.55448
   -149.01644      1.11802      0.43280      0.68522
   -149.00644      1.44693      0.58105      0.86588
   -148.99644      1.63613      0.66652      0.96961
   -148.98644      1.46031      0.58886      0.87144
   -148.97644      1.16350      0.46288      0.70062
   -148.96644      1.15152      0.45589      0.69563
   -148.95644      1.17323      0.45550      0.71774
   -148.94644      1.12757      0.42025      0.70732
   -148.93644      1.30864      0.47766      0.83098
   -148.92644      1.56825      0.57106      0.99719
   -148.91644      1.50723      0.54724      0.96000
   -148.90644      1.22576      0.44811      0.77765
   -148.89644      1.15959      0.43299      0.72660
   -148.88644      1.30404      0.50148      0.80256
   -148.87644      1.23520      0.48784      0.74736
   -148.86644      1.05862      0.42572      0.63290
   -148.85644      1.11240      0.44717      0.66524
   -148.84644      1.19306      0.48285      0.71021
   -148.83644      1.16274      0.46026      0.70247
   -148.82644      1.17502      0.43507      0.73995
   -148.81644      1.25944      0.45304      0.80639
   -148.80644      1.49470      0.54192      0.95278
   -148.79644      1.70115      0.62555      1.07560
   -148.78644      1.58866      0.59220      0.99646
   -148.77644      1.42829      0.52899      0.89930
   -148.76644      1.36323      0.49612      0.86711
   -148.75644      1.37550      0.50396      0.87154
   -148.74644      1.35553      0.50976      0.84577
   -148.73644      1.48292      0.57063      0.91229
   -148.72644      1.56823      0.61216      0.95607
   -148.71644      1.32322      0.51933      0.80388
   -148.70644      1.05945      0.40645      0.65300
   -148.69644      0.94205      0.35013      0.59193
   -148.68644      0.92224      0.33993      0.58231
   -148.67644      0.96741      0.36213      0.60528
   -148.66644      1.13789      0.42747      0.71042
   -148.65644      1.35465      0.51441      0.84025
   -148.64644      1.27650      0.50004      0.77646
   -148.63644      1.12799      0.45480      0.67319
   -148.62644      1.33579      0.52876      0.80703
   -148.61644      1.56776      0.59357      0.97419
   -148.60644      1.58412      0.58240      1.00172
   -148.59644      1.60196      0.58321      1.01875
   -148.58644      1.58854      0.58465      1.00389
   -148.57644      1.08696      0.41149      0.67546
   -148.56644      0.64577      0.24930      0.39646
   -148.55644      0.72820      0.27372      0.45448
   -148.54644      1.04422      0.38893      0.65529
   -148.53644      1.27217      0.47123      0.80094
   -148.52644      1.40098      0.51302      0.88796
   -148.51644      1.33934      0.48710      0.85223
   -148.50644      1.25289      0.45552      0.79737
   -148.49644      1.38729      0.50521      0.88209
   -148.48644      1.57878      0.57421      1.00457
   -148.47644      1.45597      0.52587      0.93010
   -148.46644      1.38701      0.49959      0.88741
   -148.45644      1.61968      0.58860      1.03108
   -148.44644      1.81107      0.66811      1.14296
   -148.43644      1.77441      0.66282      1.11159
   -148.42644      1.72368      0.63958      1.08409
   -148.41644      1.72876      0.63092      1.09784
   -148.40644      1.72386      0.62549      1.09838
   -148.39644      1.94977      0.71894      1.23084
   -148.38644      2.25385      0.85060      1.40325
   -148.37644      1.97560      0.75681      1.21878
   -148.36644      1.47081      0.55138      0.91943
   -148.35644      1.46878      0.53261      0.93617
   -148.34644      1.63350      0.59454      1.03896
   -148.33644      1.62539      0.60958      1.01581
   -148.32644      1.47771      0.57567      0.90204
   -148.31644      1.34268      0.52678      0.81590
   -148.30644      1.47406      0.55572      0.91834
   -148.29644      1.73162      0.63739      1.09423
   -148.28644      1.63325      0.59828      1.03497
   -148.27644      1.40346      0.51249      0.89097
   -148.26644      1.30285      0.47812      0.82472
   -148.25644      1.18263      0.43880      0.74382
   -148.24644      1.18287      0.44275      0.74012
   -148.23644      1.40808      0.52321      0.88487
   -148.22644      1.48402      0.54487      0.93915
   -148.21644      1.38390      0.50862      0.87528
   -148.20644      1.25231      0.46866      0.78364
   -148.19644      1.25090      0.46833      0.78256
   -148.18644      1.35801      0.49671      0.86130
   -148.17644      1.37710      0.50552      0.87158
   -148.16644      1.35781      0.51121      0.84660
   -148.15644      1.40448      0.53257      0.87191
   -148.14644      1.50828      0.55693      0.95136
   -148.13644      1.62201      0.59781      1.02419
   -148.12644      1.66316      0.61801      1.04515
   -148.11644      1.55623      0.56483      0.99140
   -148.10644      1.40940      0.49929      0.91011
   -148.09644      1.28130      0.46352      0.81779
   -148.08644      1.18735      0.43853      0.74882
   -148.07644      1.23761      0.44353      0.79408
   -148.06644      1.61984      0.58401      1.03584
   -148.05644      2.07576      0.78000      1.29576
   -148.04644      2.06084      0.78036      1.28048
   -148.03644      1.79268      0.65028      1.14240
   -148.02644      1.63155      0.57139      1.06016
   -148.01644      1.56555      0.55178      1.01377
   -148.00644      1.65567      0.58941      1.06626
   -147.99644      1.76152      0.62419      1.13733
   -147.98644      1.88112      0.66568      1.21545
   -147.97644      1.90453      0.68832      1.21621
   -147.96644      1.73369      0.64793      1.08576
   -147.95644      1.49914      0.55855      0.94059
   -147.94644      1.38260      0.49478      0.88782
   -147.93644      1.33404      0.47355      0.86049
   -147.92644      1.31516      0.47065      0.84451
   -147.91644      1.20930      0.43030      0.77900
   -147.90644      1.13490      0.39663      0.73827
   -147.89644      1.15426      0.39988      0.75438
   -147.88644      1.19335      0.41425      0.77909
   -147.87644      1.34020      0.46979      0.87041
   -147.86644      1.52609      0.54532      0.98077
   -147.85644      1.67150      0.59883      1.07267
   -147.84644      1.75730      0.63576      1.12154
   -147.83644      1.66092      0.60831      1.05261
   -147.82644      1.58973      0.57356      1.01617
   -147.81644      1.75729      0.62305      1.13424
   -147.80644      1.99126      0.70489      1.28637
   -147.79644      1.96420      0.69670      1.26750
   -147.78644      1.49941      0.52799      0.97142
   -147.77644      1.20655      0.42206      0.78449
   -147.76644      1.36759      0.48620      0.88139
   -147.75644      1.55282      0.56350      0.98931
   -147.74644      1.57182      0.57461      0.99720
   -147.73644      1.50348      0.54318      0.96030
   -147.72644      1.48771      0.52259      0.96512
   -147.71644      1.47893      0.51134      0.96759
   -147.70644      1.53764      0.52957      1.00807
   -147.69644      1.52094      0.52059      1.00035
   -147.68644      1.38816      0.47395      0.91421
   -147.67644      1.44967      0.49750      0.95217
   -147.66644      1.55719      0.54378      1.01341
   -147.65644      1.39536      0.50142      0.89394
   -147.64644      1.28478      0.46162      0.82316
   -147.63644      1.41475      0.50048      0.91427
   -147.62644      1.58817      0.57261      1.01556
   -147.61644      1.69789      0.61346      1.08443
   -147.60644      1.59896      0.56877      1.03018
   -147.59644      1.44242      0.51386      0.92856
   -147.58644      1.55105      0.54897      1.00208
   -147.57644      1.86158      0.65329      1.20829
   -147.56644      2.01460      0.70491      1.30969
   -147.55644      1.98357      0.69566      1.28791
   -147.54644      1.78087      0.64707      1.13380
   -147.53644      1.45649      0.56031      0.89617
   -147.52644      1.30250      0.48958      0.81292
   -147.51644      1.39387      0.48973      0.90415
   -147.50644      1.46668      0.50726      0.95942
   -147.49644      1.67618      0.58338      1.09280
   -147.48644      2.13179      0.73930      1.39249
   -147.47644      2.36136      0.81050      1.55086
   -147.46644      2.10412      0.72158      1.38254
   -147.45644      1.73506      0.59466      1.14040
   -147.44644      1.51925      0.51145      1.00779
   -147.43644      1.51794      0.50390      1.01404
   -147.42644      1.59858      0.52788      1.07070
   -147.41644      1.61106      0.53038      1.08068
   -147.40644      1.58863      0.52391      1.06472
   -147.39644      1.63712      0.54167      1.09546
   -147.38644      1.78096      0.59723      1.18372
   -147.37644      1.86743      0.63738      1.23005
   -147.36644      1.92415      0.66702      1.25713
   -147.35644      2.04482      0.71635      1.32847
   -147.34644      1.90259      0.65868      1.24391
   -147.33644      1.61653      0.55145      1.06508
   -147.32644      1.61568      0.55795      1.05773
   -147.31644      1.82576      0.64680      1.17895
   -147.30644      1.95380      0.69934      1.25446
   -147.29644      1.86324      0.65986      1.20337
   -147.28644      1.59664      0.54997      1.04667
   -147.27644      1.49722      0.49738      0.99984
   -147.26644      1.62844      0.53122      1.09722
   -147.25644      1.66001      0.54177      1.11824
   -147.24644      1.72272      0.56330      1.15942
   -147.23644      1.87496      0.61650      1.25846
   -147.22644      1.77568      0.59093      1.18475
   -147.21644      1.49875      0.50087      0.99788
   -147.20644      1.51132      0.51262      0.99870
   -147.19644      1.69924      0.59993      1.09931
   -147.18644      1.90171      0.67733      1.22437
   -147.17644      1.96178      0.68827      1.27351
   -147.16644      1.80588      0.62932      1.17656
   -147.15644      1.58937      0.56109      1.02827
   -147.14644      1.56200      0.55238      1.00962
   -147.13644      1.86172      0.65558      1.20614
   -147.12644      2.10633      0.74981      1.35652
   -147.11644      1.94748      0.70322      1.24426
   -147.10644      1.64235      0.59497      1.04738
   -147.09644      1.56462      0.55666      1.00796
   -147.08644      1.72403      0.59077      1.13326
   -147.07644      1.82347      0.60301      1.22046
   -147.06644      1.71751      0.55461      1.16291
   -147.05644      1.49940      0.48119      1.01820
   -147.04644      1.31325      0.42230      0.89096
   -147.03644      1.26880      0.40788      0.86092
   -147.02644      1.43460      0.46060      0.97400
   -147.01644      1.53687      0.49327      1.04360
   -147.00644      1.42151      0.46508      0.95643
   -146.99644      1.03378      0.36558      0.66821
   -146.98644      0.06441      0.06949     -0.00508
   -146.97644     -0.77335     -0.21471     -0.55864
   -146.96644     -0.01592      0.00775     -0.02367
   -146.95644      1.19962      0.39089      0.80873
   -146.94644      1.64107      0.54281      1.09826
   -146.93644      1.41197      0.48400      0.92797
   -146.92644      1.18634      0.40428      0.78206
   -146.91644      1.34964      0.45184      0.89779
   -146.90644      1.65506      0.57129      1.08377
   -146.89644      1.71770      0.59781      1.11990
   -146.88644      1.66132      0.57593      1.08539
   -146.87644      1.83712      0.65475      1.18237
   -146.86644      1.78330      0.63987      1.14343
   -146.85644      1.43549      0.52914      0.90634
   -146.84644      1.37910      0.54903      0.83007
   -146.83644      1.51359      0.57996      0.93362
   -146.82644      1.41518      0.50628      0.90890
   -146.81644      1.14335      0.40155      0.74180
   -146.80644      1.01688      0.34262      0.67426
   -146.79644      0.95979      0.31317      0.64662
   -146.78644      0.91452      0.29597      0.61854
   -146.77644      1.05657      0.33986      0.71671
   -146.76644      1.14843      0.37869      0.76974
   -146.75644      1.22278      0.43006      0.79272
   -146.74644      1.43310      0.53009      0.90301
   -146.73644      1.66668      0.62625      1.04043
   -146.72644      1.77226      0.64064      1.13162
   -146.71644      1.47310      0.50934      0.96376
   -146.70644      0.96933      0.34474      0.62459
   -146.69644      0.72033      0.27087      0.44946
   -146.68644      0.88849      0.31301      0.57547
   -146.67644      1.16480      0.39479      0.77002
   -146.66644      1.10697      0.38520      0.72177
   -146.65644      0.88463      0.31953      0.56510
   -146.64644      0.80555      0.28452      0.52103
   -146.63644      0.87310      0.29388      0.57922
   -146.62644      1.01099      0.33132      0.67967
   -146.61644      0.95183      0.31144      0.64039
   -146.60644      0.81997      0.26977      0.55020
   -146.59644      1.04305      0.35259      0.69046
   -146.58644      1.32159      0.45959      0.86200
   -146.57644      1.23089      0.43797      0.79292
   -146.56644      0.89359      0.33559      0.55800
   -146.55644      0.71974      0.26779      0.45195
   -146.54644      0.80513      0.27233      0.53281
   -146.53644      0.83197      0.27406      0.55792
   -146.52644      0.78974      0.26860      0.52113
   -146.51644      0.78229      0.27774      0.50455
   -146.50644      0.82572      0.28347      0.54225
   -146.49644      0.93725      0.30733      0.62991
   -146.48644      0.85388      0.28419      0.56969
   -146.47644      0.70633      0.24506      0.46127
   -146.46644      0.72854      0.24831      0.48024
   -146.45644      0.81419      0.26757      0.54662
   -146.44644      0.84720      0.28421      0.56298
   -146.43644      0.89369      0.32080      0.57289
   -146.42644      0.93944      0.35325      0.58619
   -146.41644      0.86386      0.33025      0.53361
   -146.40644      0.88138      0.33385      0.54753
   -146.39644      0.96110      0.35903      0.60206
   -146.38644      0.85096      0.33204      0.51892
   -146.37644      0.65039      0.28051      0.36988
   -146.36644      0.62464      0.28682      0.33782
   -146.35644      0.79342      0.34671      0.44671
   -146.34644      0.85168      0.33324      0.51844
   -146.33644      0.67239      0.23526      0.43713
   -146.32644      0.55060      0.18756      0.36304
   -146.31644      0.67822      0.25103      0.42718
   -146.30644      0.87904      0.35167      0.52737
   -146.29644      0.88791      0.37369      0.51422
   -146.28644      0.78271      0.32925      0.45345
   -146.27644      0.73707      0.29275      0.44432
   -146.26644      0.74220      0.26907      0.47314
   -146.25644      0.73967      0.25956      0.48011
   -146.24644      0.67141      0.25379      0.41762
   -146.23644      0.50008      0.20140      0.29868
   -146.22644      0.32807      0.13594      0.19213
   -146.21644      0.33752      0.16430      0.17322
   -146.20644      0.47687      0.23799      0.23888
   -146.19644      0.53070      0.23299      0.29772
   -146.18644      0.51140      0.20416      0.30724
   -146.17644      0.58158      0.24148      0.34010
   -146.16644      0.65315      0.27904      0.37410
   -146.15644      0.53109      0.21928      0.31181
   -146.14644      0.38588      0.13932      0.24656
   -146.13644      0.36780      0.12341      0.24439
   -146.12644      0.34954      0.13076      0.21878
   -146.11644      0.32080      0.14264      0.17815
   -146.10644      0.28583      0.13812      0.14771
   -146.09644      0.42338      0.20474      0.21864
   -146.08644      0.69114      0.33088      0.36026
   -146.07644      0.63108      0.29249      0.33859
   -146.06644      0.40102      0.17423      0.22678
   -146.05644      0.31726      0.13752      0.17974
   -146.04644      0.32606      0.12885      0.19721
   -146.03644      0.44269      0.14960      0.29309
   -146.02644      0.59484      0.20340      0.39145
   -146.01644      0.61658      0.24614      0.37044
   -146.00644      0.63141      0.30099      0.33041
   -145.99644      0.65698      0.34618      0.31080
   -145.98644      0.65540      0.36254      0.29286
