Energy-E_F (eV)    DOS (1/eV)    PDOS (1/eV)  of atom type Zn O  
     -5.01352      8.22471      0.00000      0.00000
     -5.00352      6.86943      0.00000      0.00000
     -4.99352      5.35065      0.00000      0.00000
     -4.98352      4.33928      0.00000      0.00000
     -4.97352      3.77528      0.00000      0.00000
     -4.96352      3.38356      0.00000      0.00000
     -4.95352      2.97660      0.00000      0.00000
     -4.94352      2.44108      0.00000      0.00000
     -4.93352      2.00632      0.00000      0.00000
     -4.92352      1.69976      0.00000      0.00000
     -4.91352      1.43821      0.00000      0.00000
     -4.90352      1.36668      0.00000      0.00000
     -4.89352      1.49061      0.00000      0.00000
     -4.88352      1.51660      0.00000      0.00000
     -4.87352      1.51751      0.00000      0.00000
     -4.86352      1.62357      0.00000      0.00000
     -4.85352      1.67195      0.00000      0.00000
     -4.84352      1.56330      0.00000      0.00000
     -4.83352      1.82108      0.00000      0.00000
     -4.82352      2.59385      0.00000      0.00000
     -4.81352      3.03341      0.00000      0.00000
     -4.80352      2.99081      0.00000      0.00000
     -4.79352      3.31627      0.00000      0.00000
     -4.78352      3.90491      0.00000      0.00000
     -4.77352      4.45609      0.00000      0.00000
     -4.76352      5.43403      0.00000      0.00000
     -4.75352      6.61751      0.00000      0.00000
     -4.74352      7.72743      0.00000      0.00000
     -4.73352      9.10666      0.00000      0.00000
     -4.72352     11.60081      0.00000      0.00000
     -4.71352     14.32180      0.00000      0.00000
     -4.70352     16.16234      0.00000      0.00000
     -4.69352     16.81189      0.00000      0.00000
     -4.68352     18.67773      0.00000      0.00000
     -4.67352     22.67239      0.00000      0.00000
     -4.66352     24.18290      0.00000      0.00000
     -4.65352     21.53916      0.00000      0.00000
     -4.64352     19.33006      0.00000      0.00000
     -4.63352     22.80489      0.00000      0.00000
     -4.62352     28.10937      0.00000      0.00000
     -4.61352     30.71465      0.00000      0.00000
     -4.60352     34.01341      0.00000      0.00000
     -4.59352     37.00843      0.00000      0.00000
     -4.58352     38.96659      0.00000      0.00000
     -4.57352     39.05003      0.00000      0.00000
     -4.56352     37.16529      0.00000      0.00000
     -4.55352     34.84666      0.00000      0.00000
     -4.54352     34.35149      0.00000      0.00000
     -4.53352     35.87660      0.00000      0.00000
     -4.52352     39.03935      0.00000      0.00000
     -4.51352     44.13125      0.00000      0.00000
     -4.50352     47.37242      0.00000      0.00000
     -4.49352     48.47943      0.00000      0.00000
     -4.48352     48.86879      0.00000      0.00000
     -4.47352     46.96649      0.00000      0.00000
     -4.46352     41.99858      0.00000      0.00000
     -4.45352     35.77501      0.00000      0.00000
     -4.44352     30.92550      0.00000      0.00000
     -4.43352     27.00492      0.00000      0.00000
     -4.42352     23.03393      0.00000      0.00000
     -4.41352     21.03096      0.00000      0.00000
     -4.40352     21.41965      0.00000      0.00000
     -4.39352     23.62923      0.00000      0.00000
     -4.38352     25.70134      0.00000      0.00000
     -4.37352     26.28898      0.00000      0.00000
     -4.36352     25.88220      0.00000      0.00000
     -4.35352     24.57428      0.00000      0.00000
     -4.34352     25.18819      0.00000      0.00000
     -4.33352     25.24582      0.00000      0.00000
     -4.32352     21.40166      0.00000      0.00000
     -4.31352     18.17923      0.00000      0.00000
     -4.30352     15.99719      0.00000      0.00000
     -4.29352     14.56351      0.00000      0.00000
     -4.28352     14.72650      0.00000      0.00000
     -4.27352     15.69945      0.00000      0.00000
     -4.26352     17.22569      0.00000      0.00000
     -4.25352     18.22893      0.00000      0.00000
     -4.24352     17.84195      0.00000      0.00000
     -4.23352     17.16064      0.00000      0.00000
     -4.22352     16.85223      0.00000      0.00000
     -4.21352     15.66262      0.00000      0.00000
     -4.20352     14.52662      0.00000      0.00000
     -4.19352     13.92773      0.00000      0.00000
     -4.18352     12.90901      0.00000      0.00000
     -4.17352     12.01193      0.00000      0.00000
     -4.16352     11.04760      0.00000      0.00000
     -4.15352      9.82128      0.00000      0.00000
     -4.14352      8.49221      0.00000      0.00000
     -4.13352      7.82600      0.00000      0.00000
     -4.12352      7.72537      0.00000      0.00000
     -4.11352      7.10084      0.00000      0.00000
     -4.10352      5.00291      0.00000      0.00000
     -4.09352      2.20021      0.00000      0.00000
     -4.08352      2.12404      0.00000      0.00000
     -4.07352      2.94471      0.00000      0.00000
     -4.06352      2.38646      0.00000      0.00000
     -4.05352      1.55739      0.00000      0.00000
     -4.04352      1.08152      0.00000      0.00000
     -4.03352      0.92933      0.00000      0.00000
     -4.02352      0.88083      0.00000      0.00000
     -4.01352      1.47669      0.00000      0.00000
     -4.00352      3.21124      0.00000      0.00000
     -3.99352      4.46402      0.00000      0.00000
     -3.98352      4.07410      0.00000      0.00000
     -3.97352      3.43580      0.00000      0.00000
     -3.96352      3.37811      0.00000      0.00000
     -3.95352      4.23157      0.00000      0.00000
     -3.94352      5.12179      0.00000      0.00000
     -3.93352      5.44372      0.00000      0.00000
     -3.92352      5.88099      0.00000      0.00000
     -3.91352      6.60287      0.00000      0.00000
     -3.90352      7.64608      0.00000      0.00000
     -3.89352      9.34653      0.00000      0.00000
     -3.88352     10.85127      0.00000      0.00000
     -3.87352     10.94545      0.00000      0.00000
     -3.86352     10.59746      0.00000      0.00000
     -3.85352     10.86780      0.00000      0.00000
     -3.84352     11.04953      0.00000      0.00000
     -3.83352     10.89692      0.00000      0.00000
     -3.82352     11.15930      0.00000      0.00000
     -3.81352     11.15498      0.00000      0.00000
     -3.80352     10.50024      0.00000      0.00000
     -3.79352      9.90850      0.00000      0.00000
     -3.78352      9.69992      0.00000      0.00000
     -3.77352      9.15381      0.00000      0.00000
     -3.76352      7.48299      0.00000      0.00000
     -3.75352      6.10722      0.00000      0.00000
     -3.74352      5.99850      0.00000      0.00000
     -3.73352      6.73320      0.00000      0.00000
     -3.72352      7.57415      0.00000      0.00000
     -3.71352      7.18203      0.00000      0.00000
     -3.70352      6.24299      0.00000      0.00000
     -3.69352      5.95503      0.00000      0.00000
     -3.68352      5.81283      0.00000      0.00000
     -3.67352      6.10299      0.00000      0.00000
     -3.66352      7.30382      0.00000      0.00000
     -3.65352      7.86868      0.00000      0.00000
     -3.64352      6.26848      0.00000      0.00000
     -3.63352      4.31616      0.00000      0.00000
     -3.62352      4.40511      0.00000      0.00000
     -3.61352      5.58391      0.00000      0.00000
     -3.60352      6.37551      0.00000      0.00000
     -3.59352      7.23221      0.00000      0.00000
     -3.58352      7.98858      0.00000      0.00000
     -3.57352      7.65572      0.00000      0.00000
     -3.56352      6.24302      0.00000      0.00000
     -3.55352      5.74062      0.00000      0.00000
     -3.54352      6.34103      0.00000      0.00000
     -3.53352      7.21841      0.00000      0.00000
     -3.52352      8.06474      0.00000      0.00000
     -3.51352      8.30299      0.00000      0.00000
     -3.50352      8.12805      0.00000      0.00000
     -3.49352      7.64609      0.00000      0.00000
     -3.48352      6.84973      0.00000      0.00000
     -3.47352      6.27524      0.00000      0.00000
     -3.46352      6.12821      0.00000      0.00000
     -3.45352      6.29873      0.00000      0.00000
     -3.44352      6.30686      0.00000      0.00000
     -3.43352      6.03996      0.00000      0.00000
     -3.42352      5.95763      0.00000      0.00000
     -3.41352      5.67925      0.00000      0.00000
     -3.40352      5.12221      0.00000      0.00000
     -3.39352      4.80698      0.00000      0.00000
     -3.38352      5.07087      0.00000      0.00000
     -3.37352      5.44178      0.00000      0.00000
     -3.36352      5.26300      0.00000      0.00000
     -3.35352      5.25433      0.00000      0.00000
     -3.34352      5.73845      0.00000      0.00000
     -3.33352      5.80913      0.00000      0.00000
     -3.32352      5.22036      0.00000      0.00000
     -3.31352      4.80281      0.00000      0.00000
     -3.30352      4.96946      0.00000      0.00000
     -3.29352      5.07204      0.00000      0.00000
     -3.28352      5.44049      0.00000      0.00000
     -3.27352      6.56464      0.00000      0.00000
     -3.26352      7.45360      0.00000      0.00000
     -3.25352      6.82655      0.00000      0.00000
     -3.24352      5.10365      0.00000      0.00000
     -3.23352      3.74069      0.00000      0.00000
     -3.22352      2.96440      0.00000      0.00000
     -3.21352      2.59365      0.00000      0.00000
     -3.20352      2.96029      0.00000      0.00000
     -3.19352      3.46329      0.00000      0.00000
     -3.18352      3.77715      0.00000      0.00000
     -3.17352      3.96943      0.00000      0.00000
     -3.16352      3.93902      0.00000      0.00000
     -3.15352      3.78321      0.00000      0.00000
     -3.14352      4.13855      0.00000      0.00000
     -3.13352      4.68367      0.00000      0.00000
     -3.12352      4.54300      0.00000      0.00000
     -3.11352      4.43703      0.00000      0.00000
     -3.10352      4.58372      0.00000      0.00000
     -3.09352      4.49400      0.00000      0.00000
     -3.08352      4.12280      0.00000      0.00000
     -3.07352      3.79504      0.00000      0.00000
     -3.06352      3.85941      0.00000      0.00000
     -3.05352      3.95713      0.00000      0.00000
     -3.04352      4.47087      0.00000      0.00000
     -3.03352      5.00187      0.00000      0.00000
     -3.02352      4.88190      0.00000      0.00000
     -3.01352      4.79140      0.00000      0.00000
     -3.00352      4.37319      0.00000      0.00000
     -2.99352      3.76643      0.00000      0.00000
     -2.98352      3.39386      0.00000      0.00000
     -2.97352      3.06689      0.00000      0.00000
     -2.96352      3.18834      0.00000      0.00000
     -2.95352      3.38308      0.00000      0.00000
     -2.94352      3.23690      0.00000      0.00000
     -2.93352      3.63481      0.00000      0.00000
     -2.92352      4.46709      0.00000      0.00000
     -2.91352      4.39639      0.00000      0.00000
     -2.90352      3.67715      0.00000      0.00000
     -2.89352      3.52488      0.00000      0.00000
     -2.88352      3.67488      0.00000      0.00000
     -2.87352      3.49590      0.00000      0.00000
     -2.86352      3.55617      0.00000      0.00000
     -2.85352      3.64979      0.00000      0.00000
     -2.84352      3.46158      0.00000      0.00000
     -2.83352      3.70193      0.00000      0.00000
     -2.82352      4.30796      0.00000      0.00000
     -2.81352      4.28051      0.00000      0.00000
     -2.80352      3.95583      0.00000      0.00000
     -2.79352      4.00616      0.00000      0.00000
     -2.78352      4.19616      0.00000      0.00000
     -2.77352      4.26362      0.00000      0.00000
     -2.76352      4.32708      0.00000      0.00000
     -2.75352      4.63064      0.00000      0.00000
     -2.74352      5.09247      0.00000      0.00000
     -2.73352      5.40066      0.00000      0.00000
     -2.72352      5.46856      0.00000      0.00000
     -2.71352      5.40833      0.00000      0.00000
     -2.70352      5.10547      0.00000      0.00000
     -2.69352      4.85227      0.00000      0.00000
     -2.68352      5.00599      0.00000      0.00000
     -2.67352      4.84836      0.00000      0.00000
     -2.66352      4.52494      0.00000      0.00000
     -2.65352      4.55743      0.00000      0.00000
     -2.64352      4.57564      0.00000      0.00000
     -2.63352      4.27478      0.00000      0.00000
     -2.62352      3.91462      0.00000      0.00000
     -2.61352      4.16883      0.00000      0.00000
     -2.60352      4.54574      0.00000      0.00000
     -2.59352      4.48276      0.00000      0.00000
     -2.58352      3.98340      0.00000      0.00000
     -2.57352      3.76245      0.00000      0.00000
     -2.56352      4.20484      0.00000      0.00000
     -2.55352      4.80481      0.00000      0.00000
     -2.54352      5.10987      0.00000      0.00000
     -2.53352      5.31865      0.00000      0.00000
     -2.52352      5.45867      0.00000      0.00000
     -2.51352      5.48719      0.00000      0.00000
     -2.50352      5.84678      0.00000      0.00000
     -2.49352      6.45067      0.00000      0.00000
     -2.48352      6.25831      0.00000      0.00000
     -2.47352      5.85852      0.00000      0.00000
     -2.46352      6.20951      0.00000      0.00000
     -2.45352      6.12358      0.00000      0.00000
     -2.44352      5.39675      0.00000      0.00000
     -2.43352      5.27914      0.00000      0.00000
     -2.42352      5.66713      0.00000      0.00000
     -2.41352      5.77455      0.00000      0.00000
     -2.40352      5.75700      0.00000      0.00000
     -2.39352      5.93146      0.00000      0.00000
     -2.38352      5.78174      0.00000      0.00000
     -2.37352      5.29615      0.00000      0.00000
     -2.36352      5.00066      0.00000      0.00000
     -2.35352      4.90769      0.00000      0.00000
     -2.34352      4.83236      0.00000      0.00000
     -2.33352      5.06318      0.00000      0.00000
     -2.32352      6.07627      0.00000      0.00000
     -2.31352      7.10580      0.00000      0.00000
     -2.30352      7.27198      0.00000      0.00000
     -2.29352      6.98402      0.00000      0.00000
     -2.28352      7.13939      0.00000      0.00000
     -2.27352      7.34606      0.00000      0.00000
     -2.26352      7.40771      0.00000      0.00000
     -2.25352      7.73667      0.00000      0.00000
     -2.24352      7.60976      0.00000      0.00000
     -2.23352      6.56567      0.00000      0.00000
     -2.22352      5.61068      0.00000      0.00000
     -2.21352      5.55767      0.00000      0.00000
     -2.20352      5.88495      0.00000      0.00000
     -2.19352      5.78753      0.00000      0.00000
     -2.18352      5.95981      0.00000      0.00000
     -2.17352      6.70957      0.00000      0.00000
     -2.16352      7.02156      0.00000      0.00000
     -2.15352      6.92537      0.00000      0.00000
     -2.14352      6.52463      0.00000      0.00000
     -2.13352      6.23950      0.00000      0.00000
     -2.12352      5.69366      0.00000      0.00000
     -2.11352      4.71602      0.00000      0.00000
     -2.10352      4.02419      0.00000      0.00000
     -2.09352      4.15323      0.00000      0.00000
     -2.08352      4.59769      0.00000      0.00000
     -2.07352      5.40150      0.00000      0.00000
     -2.06352      6.09248      0.00000      0.00000
     -2.05352      6.40235      0.00000      0.00000
     -2.04352      6.89843      0.00000      0.00000
     -2.03352      7.80877      0.00000      0.00000
     -2.02352      9.03123      0.00000      0.00000
     -2.01352      9.47617      0.00000      0.00000
     -2.00352      8.72226      0.00000      0.00000
     -1.99352      7.43756      0.00000      0.00000
     -1.98352      6.41561      0.00000      0.00000
     -1.97352      6.21229      0.00000      0.00000
     -1.96352      6.18092      0.00000      0.00000
     -1.95352      5.05888      0.00000      0.00000
     -1.94352      4.09347      0.00000      0.00000
     -1.93352      4.15718      0.00000      0.00000
     -1.92352      4.29942      0.00000      0.00000
     -1.91352      4.63035      0.00000      0.00000
     -1.90352      5.50604      0.00000      0.00000
     -1.89352      6.02759      0.00000      0.00000
     -1.88352      6.13735      0.00000      0.00000
     -1.87352      6.15760      0.00000      0.00000
     -1.86352      6.22124      0.00000      0.00000
     -1.85352      5.82714      0.00000      0.00000
     -1.84352      5.54515      0.00000      0.00000
     -1.83352      6.12786      0.00000      0.00000
     -1.82352      6.64402      0.00000      0.00000
     -1.81352      6.75581      0.00000      0.00000
     -1.80352      6.88648      0.00000      0.00000
     -1.79352      7.39019      0.00000      0.00000
     -1.78352      8.07070      0.00000      0.00000
     -1.77352      8.08252      0.00000      0.00000
     -1.76352      6.89691      0.00000      0.00000
     -1.75352      5.40510      0.00000      0.00000
     -1.74352      5.06171      0.00000      0.00000
     -1.73352      5.57797      0.00000      0.00000
     -1.72352      5.51321      0.00000      0.00000
     -1.71352      4.69142      0.00000      0.00000
     -1.70352      4.34844      0.00000      0.00000
     -1.69352      5.26866      0.00000      0.00000
     -1.68352      6.36940      0.00000      0.00000
     -1.67352      7.25940      0.00000      0.00000
     -1.66352      7.66021      0.00000      0.00000
     -1.65352      7.11288      0.00000      0.00000
     -1.64352      7.12022      0.00000      0.00000
     -1.63352      7.60680      0.00000      0.00000
     -1.62352      7.54406      0.00000      0.00000
     -1.61352      6.87643      0.00000      0.00000
     -1.60352      6.07969      0.00000      0.00000
     -1.59352      5.94531      0.00000      0.00000
     -1.58352      6.15275      0.00000      0.00000
     -1.57352      6.35930      0.00000      0.00000
     -1.56352      7.15869      0.00000      0.00000
     -1.55352      8.27828      0.00000      0.00000
     -1.54352      8.63436      0.00000      0.00000
     -1.53352      8.32468      0.00000      0.00000
     -1.52352      8.26221      0.00000      0.00000
     -1.51352      7.88830      0.00000      0.00000
     -1.50352      7.60778      0.00000      0.00000
     -1.49352      7.84033      0.00000      0.00000
     -1.48352      7.84972      0.00000      0.00000
     -1.47352      7.95151      0.00000      0.00000
     -1.46352      8.08550      0.00000      0.00000
     -1.45352      7.35561      0.00000      0.00000
     -1.44352      6.49120      0.00000      0.00000
     -1.43352      6.72261      0.00000      0.00000
     -1.42352      7.91404      0.00000      0.00000
     -1.41352      9.37654      0.00000      0.00000
     -1.40352      9.83532      0.00000      0.00000
     -1.39352      9.05110      0.00000      0.00000
     -1.38352      8.24076      0.00000      0.00000
     -1.37352      7.74409      0.00000      0.00000
     -1.36352      7.57084      0.00000      0.00000
     -1.35352      8.10538      0.00000      0.00000
     -1.34352      8.40142      0.00000      0.00000
     -1.33352      8.29168      0.00000      0.00000
     -1.32352      8.70859      0.00000      0.00000
     -1.31352      9.58369      0.00000      0.00000
     -1.30352     10.43863      0.00000      0.00000
     -1.29352      9.92069      0.00000      0.00000
     -1.28352      8.74682      0.00000      0.00000
     -1.27352      8.78443      0.00000      0.00000
     -1.26352     10.53206      0.00000      0.00000
     -1.25352     13.44694      0.00000      0.00000
     -1.24352     15.44457      0.00000      0.00000
     -1.23352     14.54459      0.00000      0.00000
     -1.22352     12.04971      0.00000      0.00000
     -1.21352     10.60664      0.00000      0.00000
     -1.20352     10.64063      0.00000      0.00000
     -1.19352     11.10535      0.00000      0.00000
     -1.18352     11.52733      0.00000      0.00000
     -1.17352     12.14847      0.00000      0.00000
     -1.16352     12.07815      0.00000      0.00000
     -1.15352     11.10239      0.00000      0.00000
     -1.14352     10.65696      0.00000      0.00000
     -1.13352     10.59142      0.00000      0.00000
     -1.12352     10.49927      0.00000      0.00000
     -1.11352     10.38835      0.00000      0.00000
     -1.10352     10.04872      0.00000      0.00000
     -1.09352     10.46032      0.00000      0.00000
     -1.08352     10.53939      0.00000      0.00000
     -1.07352      9.79886      0.00000      0.00000
     -1.06352      9.79359      0.00000      0.00000
     -1.05352     10.17350      0.00000      0.00000
     -1.04352     10.26853      0.00000      0.00000
     -1.03352      9.89152      0.00000      0.00000
     -1.02352      9.20152      0.00000      0.00000
     -1.01352      8.99091      0.00000      0.00000
     -1.00352      9.03823      0.00000      0.00000
     -0.99352      9.61529      0.00000      0.00000
     -0.98352      9.92153      0.00000      0.00000
     -0.97352      9.29507      0.00000      0.00000
     -0.96352      8.17719      0.00000      0.00000
     -0.95352      7.59475      0.00000      0.00000
     -0.94352      7.64690      0.00000      0.00000
     -0.93352      7.52588      0.00000      0.00000
     -0.92352      7.65782      0.00000      0.00000
     -0.91352      8.41227      0.00000      0.00000
     -0.90352      8.63748      0.00000      0.00000
     -0.89352      7.23866      0.00000      0.00000
     -0.88352      5.48783      0.00000      0.00000
     -0.87352      6.61726      0.00000      0.00000
     -0.86352      8.64659      0.00000      0.00000
     -0.85352      8.77411      0.00000      0.00000
     -0.84352      7.59666      0.00000      0.00000
     -0.83352      5.91076      0.00000      0.00000
     -0.82352      3.62522      0.00000      0.00000
     -0.81352      2.62914      0.00000      0.00000
     -0.80352      4.27012      0.00000      0.00000
     -0.79352      5.81831      0.00000      0.00000
     -0.78352      6.89914      0.00000      0.00000
     -0.77352      7.84770      0.00000      0.00000
     -0.76352      7.87589      0.00000      0.00000
     -0.75352      6.43423      0.00000      0.00000
     -0.74352      4.70924      0.00000      0.00000
     -0.73352      4.21138      0.00000      0.00000
     -0.72352      4.62633      0.00000      0.00000
     -0.71352      5.14748      0.00000      0.00000
     -0.70352      5.38039      0.00000      0.00000
     -0.69352      5.78497      0.00000      0.00000
     -0.68352      6.65674      0.00000      0.00000
     -0.67352      7.12263      0.00000      0.00000
     -0.66352      6.70591      0.00000      0.00000
     -0.65352      5.67209      0.00000      0.00000
     -0.64352      4.11780      0.00000      0.00000
     -0.63352      3.54435      0.00000      0.00000
     -0.62352      3.85770      0.00000      0.00000
     -0.61352      3.74821      0.00000      0.00000
     -0.60352      3.99371      0.00000      0.00000
     -0.59352      5.05123      0.00000      0.00000
     -0.58352      5.77444      0.00000      0.00000
     -0.57352      5.86296      0.00000      0.00000
     -0.56352      5.20422      0.00000      0.00000
     -0.55352      3.90491      0.00000      0.00000
     -0.54352      2.82674      0.00000      0.00000
     -0.53352      2.67171      0.00000      0.00000
     -0.52352      3.37057      0.00000      0.00000
     -0.51352      4.24219      0.00000      0.00000
     -0.50352      4.95908      0.00000      0.00000
     -0.49352      5.39625      0.00000      0.00000
     -0.48352      5.15599      0.00000      0.00000
     -0.47352      4.35215      0.00000      0.00000
     -0.46352      3.55363      0.00000      0.00000
     -0.45352      2.97352      0.00000      0.00000
     -0.44352      2.52304      0.00000      0.00000
     -0.43352      2.63287      0.00000      0.00000
     -0.42352      3.24156      0.00000      0.00000
     -0.41352      3.54205      0.00000      0.00000
     -0.40352      3.57140      0.00000      0.00000
     -0.39352      3.55680      0.00000      0.00000
     -0.38352      3.36289      0.00000      0.00000
     -0.37352      3.00604      0.00000      0.00000
     -0.36352      2.93153      0.00000      0.00000
     -0.35352      3.05385      0.00000      0.00000
     -0.34352      3.00282      0.00000      0.00000
     -0.33352      2.84783      0.00000      0.00000
     -0.32352      2.86661      0.00000      0.00000
     -0.31352      3.27006      0.00000      0.00000
     -0.30352      3.44763      0.00000      0.00000
     -0.29352      2.87167      0.00000      0.00000
     -0.28352      2.30894      0.00000      0.00000
     -0.27352      2.07321      0.00000      0.00000
     -0.26352      1.93718      0.00000      0.00000
     -0.25352      2.03407      0.00000      0.00000
     -0.24352      2.53081      0.00000      0.00000
     -0.23352      2.75934      0.00000      0.00000
     -0.22352      2.40252      0.00000      0.00000
     -0.21352      1.93779      0.00000      0.00000
     -0.20352      1.69442      0.00000      0.00000
     -0.19352      1.79123      0.00000      0.00000
     -0.18352      2.21765      0.00000      0.00000
     -0.17352      2.41877      0.00000      0.00000
     -0.16352      2.17495      0.00000      0.00000
     -0.15352      1.60597      0.00000      0.00000
     -0.14352      1.34024      0.00000      0.00000
     -0.13352      1.43305      0.00000      0.00000
     -0.12352      1.40750      0.00000      0.00000
     -0.11352      1.28382      0.00000      0.00000
     -0.10352      0.89147      0.00000      0.00000
     -0.09352     -0.58457      0.00000      0.00000
     -0.08352     -2.14319      0.00000      0.00000
     -0.07352     -1.23064      0.00000      0.00000
     -0.06352      0.08907      0.00000      0.00000
     -0.05352     -0.41023      0.00000      0.00000
     -0.04352     -2.23337      0.00000      0.00000
     -0.03352     -2.73307      0.00000      0.00000
     -0.02352     -1.28525      0.00000      0.00000
     -0.01352     -1.40937      0.00000      0.00000
     -0.00352     -3.06912      0.00000      0.00000
      0.00648     -2.65627      0.00000      0.00000
      0.01648     -0.84312      0.00000      0.00000
      0.02648     -0.09839      0.00000      0.00000
      0.03648     -0.00422      0.00000      0.00000
      0.04648     -0.00007      0.00000      0.00000
      0.05648      0.00000      0.00000      0.00000
      0.06648      0.00000      0.00000      0.00000
      0.07648      0.00000      0.00000      0.00000
      0.08648      0.00000      0.00000      0.00000
      0.09648      0.00000      0.00000      0.00000
      0.10648      0.00000      0.00000      0.00000
      0.11648      0.00000      0.00000      0.00000
      0.12648      0.00000      0.00000      0.00000
      0.13648      0.00000      0.00000      0.00000
      0.14648      0.00000      0.00000      0.00000
      0.15648      0.00000      0.00000      0.00000
      0.16648      0.00000      0.00000      0.00000
      0.17648      0.00000      0.00000      0.00000
      0.18648      0.00000      0.00000      0.00000
      0.19648      0.00000      0.00000      0.00000
      0.20648      0.00000      0.00000      0.00000
      0.21648      0.00000      0.00000      0.00000
      0.22648      0.00000      0.00000      0.00000
      0.23648      0.00000      0.00000      0.00000
      0.24648      0.00000      0.00000      0.00000
      0.25648      0.00000      0.00000      0.00000
      0.26648      0.00000      0.00000      0.00000
      0.27648      0.00000      0.00000      0.00000
      0.28648      0.00000      0.00000      0.00000
      0.29648      0.00000      0.00000      0.00000
      0.30648      0.00000      0.00000      0.00000
      0.31648      0.00000      0.00000      0.00000
      0.32648      0.00000      0.00000      0.00000
      0.33648      0.00000      0.00000      0.00000
      0.34648      0.00000      0.00000      0.00000
      0.35648      0.00000      0.00000      0.00000
      0.36648      0.00000      0.00000      0.00000
      0.37648      0.00000      0.00000      0.00000
      0.38648      0.00000      0.00000      0.00000
      0.39648      0.00000      0.00000      0.00000
      0.40648      0.00000      0.00000      0.00000
      0.41648      0.00000      0.00000      0.00000
      0.42648      0.00000      0.00000      0.00000
      0.43648      0.00000      0.00000      0.00000
      0.44648      0.00000      0.00000      0.00000
      0.45648      0.00000      0.00000      0.00000
      0.46648      0.00000      0.00000      0.00000
      0.47648      0.00000      0.00000      0.00000
      0.48648      0.00000      0.00000      0.00000
      0.49648      0.00000      0.00000      0.00000
      0.50648      0.00000      0.00000      0.00000
      0.51648      0.00000      0.00000      0.00000
      0.52648      0.00000      0.00000      0.00000
      0.53648      0.00000      0.00000      0.00000
      0.54648      0.00000      0.00000      0.00000
      0.55648      0.00000      0.00000      0.00000
      0.56648      0.00000      0.00000      0.00000
      0.57648      0.00000      0.00000      0.00000
      0.58648      0.00000      0.00000      0.00000
      0.59648      0.00000      0.00000      0.00000
      0.60648      0.00000      0.00000      0.00000
      0.61648      0.00000      0.00000      0.00000
      0.62648      0.00000      0.00000      0.00000
      0.63648      0.00000      0.00000      0.00000
      0.64648      0.00000      0.00000      0.00000
      0.65648      0.00000      0.00000      0.00000
      0.66648      0.00000      0.00000      0.00000
      0.67648      0.00000      0.00000      0.00000
      0.68648      0.00000      0.00000      0.00000
      0.69648      0.00000      0.00000      0.00000
      0.70648      0.00000      0.00000      0.00000
      0.71648      0.00000      0.00000      0.00000
      0.72648      0.00000      0.00000      0.00000
      0.73648      0.00000      0.00000      0.00000
      0.74648      0.00000      0.00000      0.00000
      0.75648      0.00000      0.00000      0.00000
      0.76648      0.00000      0.00000      0.00000
      0.77648      0.00000      0.00000      0.00000
      0.78648      0.00000      0.00000      0.00000
      0.79648     -0.00072      0.00000      0.00000
      0.80648     -0.02659      0.00000      0.00000
      0.81648     -0.35914      0.00000      0.00000
      0.82648     -1.78467      0.00000      0.00000
      0.83648     -3.26256      0.00000      0.00000
      0.84648     -2.19414      0.00000      0.00000
      0.85648     -0.54284      0.00000      0.00000
      0.86648     -0.04941      0.00000      0.00000
      0.87648     -0.00165      0.00000      0.00000
      0.88648     -0.00002      0.00000      0.00000
      0.89648      0.00000      0.00000      0.00000
      0.90648      0.00000      0.00000      0.00000
      0.91648      0.00000      0.00000      0.00000
      0.92648      0.00000      0.00000      0.00000
      0.93648      0.00001      0.00000      0.00000
      0.94648      0.00042      0.00000      0.00000
      0.95648      0.00793      0.00000      0.00000
      0.96648      0.05520      0.00000      0.00000
      0.97648      0.14139      0.00000      0.00000
      0.98648      0.13327      0.00000      0.00000
      0.99648      0.04623      0.00000      0.00000
      1.00648      0.00590      0.00000      0.00000
      1.01648      0.00028      0.00000      0.00000
      1.02648      0.00000      0.00000      0.00000
      1.03648      0.00000      0.00000      0.00000
      1.04648      0.00000      0.00000      0.00000
      1.05648      0.00000      0.00000      0.00000
      1.06648      0.00000      0.00000      0.00000
      1.07648      0.00000      0.00000      0.00000
      1.08648      0.00000      0.00000      0.00000
      1.09648      0.00000      0.00000      0.00000
      1.10648      0.00000      0.00000      0.00000
      1.11648      0.00019      0.00000      0.00000
      1.12648      0.00452      0.00000      0.00000
      1.13648      0.03921      0.00000      0.00000
      1.14648      0.12534      0.00000      0.00000
      1.15648      0.15118      0.00000      0.00000
      1.16648      0.10035      0.00000      0.00000
      1.17648      0.13204      0.00000      0.00000
      1.18648      0.14960      0.00000      0.00000
      1.19648      0.06703      0.00000      0.00000
      1.20648      0.01109      0.00000      0.00000
      1.21648      0.00068      0.00000      0.00000
      1.22648      0.00002      0.00000      0.00000
      1.23648      0.00000      0.00000      0.00000
      1.24648      0.00000      0.00000      0.00000
      1.25648      0.00000      0.00000      0.00000
      1.26648      0.00000      0.00000      0.00000
      1.27648      0.00000      0.00000      0.00000
      1.28648      0.00019      0.00000      0.00000
      1.29648      0.00453      0.00000      0.00000
      1.30648      0.03928      0.00000      0.00000
      1.31648      0.12528      0.00000      0.00000
      1.32648      0.14708      0.00000      0.00000
      1.33648      0.06355      0.00000      0.00000
      1.34648      0.01011      0.00000      0.00000
      1.35648      0.00059      0.00000      0.00000
      1.36648      0.00001      0.00000      0.00000
      1.37648      0.00004      0.00000      0.00000
      1.38648      0.00172      0.00000      0.00000
      1.39648      0.02619      0.00000      0.00000
      1.40648      0.14695      0.00000      0.00000
      1.41648      0.30365      0.00000      0.00000
      1.42648      0.23104      0.00000      0.00000
      1.43648      0.06473      0.00000      0.00000
      1.44648      0.00669      0.00000      0.00000
      1.45648      0.00096      0.00000      0.00000
      1.46648      0.01146      0.00000      0.00000
      1.47648      0.06826      0.00000      0.00000
      1.48648      0.14964      0.00000      0.00000
      1.49648      0.12127      0.00000      0.00000
      1.50648      0.04583      0.00000      0.00000
      1.51648      0.06727      0.00000      0.00000
      1.52648      0.15201      0.00000      0.00000
      1.53648      0.17957      0.00000      0.00000
      1.54648      0.25241      0.00000      0.00000
      1.55648      0.31372      0.00000      0.00000
      1.56648      0.16621      0.00000      0.00000
      1.57648      0.04475      0.00000      0.00000
      1.58648      0.07318      0.00000      0.00000
      1.59648      0.15087      0.00000      0.00000
      1.60648      0.11814      0.00000      0.00000
      1.61648      0.03412      0.00000      0.00000
      1.62648      0.00560      0.00000      0.00000
      1.63648      0.02327      0.00000      0.00000
      1.64648      0.09890      0.00000      0.00000
      1.65648      0.15564      0.00000      0.00000
      1.66648      0.09014      0.00000      0.00000
      1.67648      0.01922      0.00000      0.00000
      1.68648      0.00155      0.00000      0.00000
      1.69648      0.00178      0.00000      0.00000
      1.70648      0.02644      0.00000      0.00000
      1.71648      0.14778      0.00000      0.00000
      1.72648      0.30402      0.00000      0.00000
      1.73648      0.23022      0.00000      0.00000
      1.74648      0.06418      0.00000      0.00000
      1.75648      0.00699      0.00000      0.00000
      1.76648      0.00976      0.00000      0.00000
      1.77648      0.08097      0.00000      0.00000
      1.78648      0.25364      0.00000      0.00000
      1.79648      0.29235      0.00000      0.00000
      1.80648      0.12575      0.00000      0.00000
      1.81648      0.05012      0.00000      0.00000
      1.82648      0.19335      0.00000      0.00000
      1.83648      0.44205      0.00000      0.00000
      1.84648      0.37480      0.00000      0.00000
      1.85648      0.12609      0.00000      0.00000
      1.86648      0.07428      0.00000      0.00000
      1.87648      0.14603      0.00000      0.00000
      1.88648      0.12790      0.00000      0.00000
      1.89648      0.04190      0.00000      0.00000
      1.90648      0.01442      0.00000      0.00000
      1.91648      0.06157      0.00000      0.00000
      1.92648      0.14577      0.00000      0.00000
      1.93648      0.12742      0.00000      0.00000
      1.94648      0.04103      0.00000      0.00000
      1.95648      0.00712      0.00000      0.00000
      1.96648      0.03193      0.00000      0.00000
      1.97648      0.16314      0.00000      0.00000
      1.98648      0.30871      0.00000      0.00000
      1.99648      0.21494      0.00000      0.00000
      2.00648      0.05552      0.00000      0.00000
      2.01648      0.01568      0.00000      0.00000
      2.02648      0.08655      0.00000      0.00000
      2.03648      0.26820      0.00000      0.00000
      2.04648      0.36470      0.00000      0.00000
      2.05648      0.37395      0.00000      0.00000
      2.06648      0.39563      0.00000      0.00000
      2.07648      0.44133      0.00000      0.00000
      2.08648      0.54684      0.00000      0.00000
      2.09648      0.43692      0.00000      0.00000
      2.10648      0.17021      0.00000      0.00000
      2.11648      0.02825      0.00000      0.00000
      2.12648      0.00747      0.00000      0.00000
      2.13648      0.05883      0.00000      0.00000
      2.14648      0.23047      0.00000      0.00000
      2.15648      0.37034      0.00000      0.00000
      2.16648      0.30435      0.00000      0.00000
      2.17648      0.15665      0.00000      0.00000
      2.18648      0.06066      0.00000      0.00000
      2.19648      0.12229      0.00000      0.00000
      2.20648      0.28092      0.00000      0.00000
      2.21648      0.25820      0.00000      0.00000
      2.22648      0.09189      0.00000      0.00000
      2.23648      0.02182      0.00000      0.00000
      2.24648      0.08092      0.00000      0.00000
      2.25648      0.25453      0.00000      0.00000
      2.26648      0.32318      0.00000      0.00000
      2.27648      0.30891      0.00000      0.00000
      2.28648      0.45578      0.00000      0.00000
      2.29648      0.46858      0.00000      0.00000
      2.30648      0.41854      0.00000      0.00000
      2.31648      0.46350      0.00000      0.00000
      2.32648      0.42742      0.00000      0.00000
      2.33648      0.24017      0.00000      0.00000
      2.34648      0.07152      0.00000      0.00000
      2.35648      0.07509      0.00000      0.00000
      2.36648      0.15030      0.00000      0.00000
      2.37648      0.11991      0.00000      0.00000
      2.38648      0.04235      0.00000      0.00000
      2.39648      0.07235      0.00000      0.00000
      2.40648      0.24382      0.00000      0.00000
      2.41648      0.36897      0.00000      0.00000
      2.42648      0.37887      0.00000      0.00000
      2.43648      0.35328      0.00000      0.00000
      2.44648      0.25083      0.00000      0.00000
      2.45648      0.18062      0.00000      0.00000
      2.46648      0.10472      0.00000      0.00000
      2.47648      0.15141      0.00000      0.00000
      2.48648      0.37030      0.00000      0.00000
      2.49648      0.52454      0.00000      0.00000
      2.50648      0.53106      0.00000      0.00000
      2.51648      0.40011      0.00000      0.00000
      2.52648      0.23853      0.00000      0.00000
      2.53648      0.10353      0.00000      0.00000
      2.54648      0.04954      0.00000      0.00000
      2.55648      0.15610      0.00000      0.00000
      2.56648      0.30812      0.00000      0.00000
      2.57648      0.25135      0.00000      0.00000
      2.58648      0.17242      0.00000      0.00000
      2.59648      0.21075      0.00000      0.00000
      2.60648      0.31399      0.00000      0.00000
      2.61648      0.51008      0.00000      0.00000
      2.62648      0.64558      0.00000      0.00000
      2.63648      0.57597      0.00000      0.00000
      2.64648      0.33263      0.00000      0.00000
      2.65648      0.32145      0.00000      0.00000
      2.66648      0.55651      0.00000      0.00000
      2.67648      0.65980      0.00000      0.00000
      2.68648      0.53855      0.00000      0.00000
      2.69648      0.23274      0.00000      0.00000
      2.70648      0.04544      0.00000      0.00000
      2.71648      0.05012      0.00000      0.00000
      2.72648      0.21178      0.00000      0.00000
      2.73648      0.38690      0.00000      0.00000
      2.74648      0.33661      0.00000      0.00000
      2.75648      0.19975      0.00000      0.00000
      2.76648      0.23986      0.00000      0.00000
      2.77648      0.36771      0.00000      0.00000
      2.78648      0.42714      0.00000      0.00000
      2.79648      0.55673      0.00000      0.00000
      2.80648      0.60008      0.00000      0.00000
      2.81648      0.53172      0.00000      0.00000
      2.82648      0.48197      0.00000      0.00000
      2.83648      0.57724      0.00000      0.00000
      2.84648      0.79626      0.00000      0.00000
      2.85648      0.92074      0.00000      0.00000
      2.86648      0.72640      0.00000      0.00000
      2.87648      0.32438      0.00000      0.00000
      2.88648      0.06934      0.00000      0.00000
      2.89648      0.00633      0.00000      0.00000
      2.90648      0.00257      0.00000      0.00000
      2.91648      0.02573      0.00000      0.00000
      2.92648      0.10472      0.00000      0.00000
      2.93648      0.17499      0.00000      0.00000
      2.94648      0.27190      0.00000      0.00000
      2.95648      0.69649      0.00000      0.00000
      2.96648      1.05762      0.00000      0.00000
      2.97648      0.83793      0.00000      0.00000
      2.98648      0.45101      0.00000      0.00000
      2.99648      0.25457      0.00000      0.00000
      3.00648      0.35253      0.00000      0.00000
      3.01648      0.70572      0.00000      0.00000
      3.02648      0.68432      0.00000      0.00000
      3.03648      0.36489      0.00000      0.00000
      3.04648      0.29127      0.00000      0.00000
      3.05648      0.35381      0.00000      0.00000
      3.06648      0.28523      0.00000      0.00000
      3.07648      0.10279      0.00000      0.00000
      3.08648      0.03630      0.00000      0.00000
      3.09648      0.14240      0.00000      0.00000
      3.10648      0.37800      0.00000      0.00000
      3.11648      0.48325      0.00000      0.00000
      3.12648      0.59555      0.00000      0.00000
      3.13648      1.01124      0.00000      0.00000
      3.14648      1.07624      0.00000      0.00000
      3.15648      0.67108      0.00000      0.00000
      3.16648      0.46139      0.00000      0.00000
      3.17648      0.45703      0.00000      0.00000
      3.18648      0.54977      0.00000      0.00000
      3.19648      0.50595      0.00000      0.00000
      3.20648      0.26033      0.00000      0.00000
      3.21648      0.14815      0.00000      0.00000
      3.22648      0.15813      0.00000      0.00000
      3.23648      0.09037      0.00000      0.00000
      3.24648      0.04132      0.00000      0.00000
      3.25648      0.14515      0.00000      0.00000
      3.26648      0.41720      0.00000      0.00000
      3.27648      0.67608      0.00000      0.00000
      3.28648      0.81333      0.00000      0.00000
      3.29648      0.91052      0.00000      0.00000
      3.30648      0.96987      0.00000      0.00000
      3.31648      0.86445      0.00000      0.00000
      3.32648      0.89632      0.00000      0.00000
      3.33648      0.98228      0.00000      0.00000
      3.34648      0.67317      0.00000      0.00000
      3.35648      0.37696      0.00000      0.00000
      3.36648      0.39829      0.00000      0.00000
      3.37648      0.52425      0.00000      0.00000
      3.38648      0.54522      0.00000      0.00000
      3.39648      0.50906      0.00000      0.00000
      3.40648      0.48292      0.00000      0.00000
      3.41648      0.54286      0.00000      0.00000
      3.42648      0.60773      0.00000      0.00000
      3.43648      0.68546      0.00000      0.00000
      3.44648      0.75720      0.00000      0.00000
      3.45648      0.67094      0.00000      0.00000
      3.46648      0.55289      0.00000      0.00000
      3.47648      0.43369      0.00000      0.00000
      3.48648      0.39774      0.00000      0.00000
      3.49648      0.39992      0.00000      0.00000
      3.50648      0.38981      0.00000      0.00000
      3.51648      0.52141      0.00000      0.00000
      3.52648      0.88201      0.00000      0.00000
      3.53648      1.28704      0.00000      0.00000
      3.54648      1.09647      0.00000      0.00000
      3.55648      0.76850      0.00000      0.00000
      3.56648      0.59602      0.00000      0.00000
      3.57648      0.38755      0.00000      0.00000
      3.58648      0.51394      0.00000      0.00000
      3.59648      0.73707      0.00000      0.00000
      3.60648      0.62462      0.00000      0.00000
      3.61648      0.53231      0.00000      0.00000
      3.62648      0.57164      0.00000      0.00000
      3.63648      0.59760      0.00000      0.00000
      3.64648      0.50157      0.00000      0.00000
      3.65648      0.48555      0.00000      0.00000
      3.66648      0.89070      0.00000      0.00000
      3.67648      1.20869      0.00000      0.00000
      3.68648      1.01370      0.00000      0.00000
      3.69648      0.77845      0.00000      0.00000
      3.70648      0.67494      0.00000      0.00000
      3.71648      0.56740      0.00000      0.00000
      3.72648      0.51377      0.00000      0.00000
      3.73648      0.43938      0.00000      0.00000
      3.74648      0.37459      0.00000      0.00000
      3.75648      0.52947      0.00000      0.00000
      3.76648      0.72747      0.00000      0.00000
      3.77648      0.76299      0.00000      0.00000
      3.78648      0.76087      0.00000      0.00000
      3.79648      0.78125      0.00000      0.00000
      3.80648      0.88344      0.00000      0.00000
      3.81648      0.90994      0.00000      0.00000
      3.82648      0.54542      0.00000      0.00000
      3.83648      0.19858      0.00000      0.00000
      3.84648      0.21944      0.00000      0.00000
      3.85648      0.41011      0.00000      0.00000
      3.86648      0.47607      0.00000      0.00000
      3.87648      0.46889      0.00000      0.00000
      3.88648      0.76816      0.00000      0.00000
      3.89648      1.28379      0.00000      0.00000
      3.90648      1.31468      0.00000      0.00000
      3.91648      1.14026      0.00000      0.00000
      3.92648      1.15530      0.00000      0.00000
      3.93648      0.94266      0.00000      0.00000
      3.94648      0.63611      0.00000      0.00000
      3.95648      0.49047      0.00000      0.00000
      3.96648      0.38384      0.00000      0.00000
      3.97648      0.47042      0.00000      0.00000
      3.98648      0.77031      0.00000      0.00000
      3.99648      0.79433      0.00000      0.00000
      4.00648      0.55447      0.00000      0.00000
      4.01648      0.41659      0.00000      0.00000
      4.02648      0.58054      0.00000      0.00000
      4.03648      0.78595      0.00000      0.00000
      4.04648      0.86931      0.00000      0.00000
      4.05648      1.06866      0.00000      0.00000
      4.06648      1.44794      0.00000      0.00000
      4.07648      1.51856      0.00000      0.00000
      4.08648      1.19060      0.00000      0.00000
      4.09648      1.17498      0.00000      0.00000
      4.10648      1.54855      0.00000      0.00000
      4.11648      1.65549      0.00000      0.00000
      4.12648      1.24151      0.00000      0.00000
      4.13648      0.68133      0.00000      0.00000
      4.14648      0.49450      0.00000      0.00000
      4.15648      0.61611      0.00000      0.00000
      4.16648      0.67007      0.00000      0.00000
      4.17648      0.65474      0.00000      0.00000
      4.18648      0.49098      0.00000      0.00000
      4.19648      0.26232      0.00000      0.00000
      4.20648      0.35471      0.00000      0.00000
      4.21648      0.97615      0.00000      0.00000
      4.22648      1.55242      0.00000      0.00000
      4.23648      1.44940      0.00000      0.00000
      4.24648      1.14184      0.00000      0.00000
      4.25648      1.22044      0.00000      0.00000
      4.26648      1.35666      0.00000      0.00000
      4.27648      1.14881      0.00000      0.00000
      4.28648      0.81615      0.00000      0.00000
      4.29648      0.56306      0.00000      0.00000
      4.30648      0.60585      0.00000      0.00000
      4.31648      0.85519      0.00000      0.00000
      4.32648      1.02359      0.00000      0.00000
      4.33648      1.05734      0.00000      0.00000
      4.34648      0.92948      0.00000      0.00000
      4.35648      0.76532      0.00000      0.00000
      4.36648      0.78673      0.00000      0.00000
      4.37648      1.09787      0.00000      0.00000
      4.38648      1.32751      0.00000      0.00000
      4.39648      1.41144      0.00000      0.00000
      4.40648      1.37971      0.00000      0.00000
      4.41648      1.04854      0.00000      0.00000
      4.42648      1.00013      0.00000      0.00000
      4.43648      1.24233      0.00000      0.00000
      4.44648      1.50623      0.00000      0.00000
      4.45648      1.68153      0.00000      0.00000
      4.46648      1.58506      0.00000      0.00000
      4.47648      1.09702      0.00000      0.00000
      4.48648      0.52293      0.00000      0.00000
      4.49648      0.31052      0.00000      0.00000
      4.50648      0.47818      0.00000      0.00000
      4.51648      0.60274      0.00000      0.00000
      4.52648      0.46465      0.00000      0.00000
      4.53648      0.35399      0.00000      0.00000
      4.54648      0.51767      0.00000      0.00000
      4.55648      0.70599      0.00000      0.00000
      4.56648      0.85998      0.00000      0.00000
      4.57648      1.40431      0.00000      0.00000
      4.58648      1.79489      0.00000      0.00000
      4.59648      1.48566      0.00000      0.00000
      4.60648      1.08618      0.00000      0.00000
      4.61648      1.01527      0.00000      0.00000
      4.62648      1.28738      0.00000      0.00000
      4.63648      1.50606      0.00000      0.00000
      4.64648      1.21283      0.00000      0.00000
      4.65648      0.86320      0.00000      0.00000
      4.66648      0.91471      0.00000      0.00000
      4.67648      1.25782      0.00000      0.00000
      4.68648      1.64301      0.00000      0.00000
      4.69648      1.63484      0.00000      0.00000
      4.70648      1.21111      0.00000      0.00000
      4.71648      0.75371      0.00000      0.00000
      4.72648      0.49557      0.00000      0.00000
      4.73648      0.40753      0.00000      0.00000
      4.74648      0.56375      0.00000      0.00000
      4.75648      1.08219      0.00000      0.00000
      4.76648      1.60418      0.00000      0.00000
      4.77648      1.87431      0.00000      0.00000
      4.78648      1.67812      0.00000      0.00000
      4.79648      1.07912      0.00000      0.00000
      4.80648      0.85862      0.00000      0.00000
      4.81648      1.44987      0.00000      0.00000
      4.82648      2.12853      0.00000      0.00000
      4.83648      2.14107      0.00000      0.00000
      4.84648      1.92623      0.00000      0.00000
      4.85648      1.66411      0.00000      0.00000
      4.86648      1.38239      0.00000      0.00000
      4.87648      1.53970      0.00000      0.00000
      4.88648      2.28591      0.00000      0.00000
      4.89648      2.65396      0.00000      0.00000
      4.90648      2.14085      0.00000      0.00000
      4.91648      1.59830      0.00000      0.00000
      4.92648      1.17411      0.00000      0.00000
      4.93648      0.62807      0.00000      0.00000
      4.94648      0.27581      0.00000      0.00000
      4.95648      0.42072      0.00000      0.00000
      4.96648      1.31570      0.00000      0.00000
      4.97648      2.49476      0.00000      0.00000
      4.98648      2.83434      0.00000      0.00000
      4.99648      2.09116      0.00000      0.00000
      5.00648      1.21896      0.00000      0.00000
      5.01648      0.81144      0.00000      0.00000
      5.02648      0.76423      0.00000      0.00000
      5.03648      0.73201      0.00000      0.00000
      5.04648      0.67923      0.00000      0.00000
      5.05648      0.96306      0.00000      0.00000
      5.06648      1.23536      0.00000      0.00000
      5.07648      1.24006      0.00000      0.00000
      5.08648      1.36749      0.00000      0.00000
      5.09648      1.59295      0.00000      0.00000
      5.10648      1.82543      0.00000      0.00000
      5.11648      2.26715      0.00000      0.00000
      5.12648      2.55228      0.00000      0.00000
      5.13648      2.35576      0.00000      0.00000
      5.14648      2.06620      0.00000      0.00000
      5.15648      1.78753      0.00000      0.00000
      5.16648      1.74832      0.00000      0.00000
      5.17648      2.13184      0.00000      0.00000
      5.18648      2.24397      0.00000      0.00000
      5.19648      1.67768      0.00000      0.00000
      5.20648      1.01929      0.00000      0.00000
      5.21648      0.78739      0.00000      0.00000
      5.22648      0.61607      0.00000      0.00000
      5.23648     -0.49548      0.00000      0.00000
      5.24648     -1.51218      0.00000      0.00000
      5.25648     -0.34573      0.00000      0.00000
      5.26648      1.00945      0.00000      0.00000
      5.27648      1.38697      0.00000      0.00000
      5.28648      1.57329      0.00000      0.00000
      5.29648      1.82452      0.00000      0.00000
      5.30648      1.92246      0.00000      0.00000
      5.31648      2.18832      0.00000      0.00000
      5.32648      2.30513      0.00000      0.00000
      5.33648      1.74701      0.00000      0.00000
      5.34648      1.12197      0.00000      0.00000
      5.35648      0.99152      0.00000      0.00000
      5.36648      1.05048      0.00000      0.00000
      5.37648      0.95322      0.00000      0.00000
      5.38648      0.86447      0.00000      0.00000
      5.39648      0.98714      0.00000      0.00000
      5.40648      1.24160      0.00000      0.00000
      5.41648      1.62424      0.00000      0.00000
      5.42648      2.07824      0.00000      0.00000
      5.43648      2.53427      0.00000      0.00000
      5.44648      2.81459      0.00000      0.00000
      5.45648      3.11413      0.00000      0.00000
      5.46648      3.16451      0.00000      0.00000
      5.47648      2.69124      0.00000      0.00000
      5.48648      2.29078      0.00000      0.00000
      5.49648      2.87481      0.00000      0.00000
      5.50648      4.21871      0.00000      0.00000
      5.51648      4.95962      0.00000      0.00000
      5.52648      4.81844      0.00000      0.00000
      5.53648      3.91370      0.00000      0.00000
      5.54648      3.00326      0.00000      0.00000
      5.55648      2.87206      0.00000      0.00000
      5.56648      2.78483      0.00000      0.00000
      5.57648      2.10393      0.00000      0.00000
      5.58648      1.83126      0.00000      0.00000
      5.59648      2.20934      0.00000      0.00000
      5.60648      2.53850      0.00000      0.00000
      5.61648      2.12611      0.00000      0.00000
      5.62648      1.53114      0.00000      0.00000
      5.63648      1.74970      0.00000      0.00000
      5.64648      2.27329      0.00000      0.00000
      5.65648      2.53420      0.00000      0.00000
      5.66648      2.69312      0.00000      0.00000
      5.67648      2.61957      0.00000      0.00000
      5.68648      2.10487      0.00000      0.00000
      5.69648      1.49510      0.00000      0.00000
      5.70648      1.19461      0.00000      0.00000
      5.71648      1.33317      0.00000      0.00000
      5.72648      1.68112      0.00000      0.00000
      5.73648      2.01402      0.00000      0.00000
      5.74648      2.29521      0.00000      0.00000
      5.75648      2.15243      0.00000      0.00000
      5.76648      1.96404      0.00000      0.00000
      5.77648      2.43674      0.00000      0.00000
      5.78648      3.21793      0.00000      0.00000
      5.79648      3.38262      0.00000      0.00000
      5.80648      2.95428      0.00000      0.00000
      5.81648      2.51201      0.00000      0.00000
      5.82648      2.23240      0.00000      0.00000
      5.83648      1.99420      0.00000      0.00000
