Energy-E_F (eV)    DOS (1/eV)    PDOS (1/eV)  of atom type Zn O  
    -20.07152     23.68945      0.00000      0.00000
    -20.06152     20.35196      0.00000      0.00000
    -20.05152     19.49952      0.00000      0.00000
    -20.04152     21.73138      0.00000      0.00000
    -20.03152     24.22557      0.00000      0.00000
    -20.02152     23.73679      0.00000      0.00000
    -20.01152     21.31694      0.00000      0.00000
    -20.00152     19.84739      0.00000      0.00000
    -19.99152     18.49302      0.00000      0.00000
    -19.98152     16.50031      0.00000      0.00000
    -19.97152     17.11925      0.00000      0.00000
    -19.96152     18.73043      0.00000      0.00000
    -19.95152     18.23856      0.00000      0.00000
    -19.94152     18.50564      0.00000      0.00000
    -19.93152     19.45199      0.00000      0.00000
    -19.92152     19.07561      0.00000      0.00000
    -19.91152     17.71341      0.00000      0.00000
    -19.90152     16.17265      0.00000      0.00000
    -19.89152     15.18481      0.00000      0.00000
    -19.88152     14.73242      0.00000      0.00000
    -19.87152     14.79166      0.00000      0.00000
    -19.86152     15.03213      0.00000      0.00000
    -19.85152     15.59534      0.00000      0.00000
    -19.84152     16.11987      0.00000      0.00000
    -19.83152     14.77096      0.00000      0.00000
    -19.82152     13.67582      0.00000      0.00000
    -19.81152     13.47529      0.00000      0.00000
    -19.80152     12.50722      0.00000      0.00000
    -19.79152     11.50804      0.00000      0.00000
    -19.78152     11.47368      0.00000      0.00000
    -19.77152     12.26995      0.00000      0.00000
    -19.76152     12.39222      0.00000      0.00000
    -19.75152     11.86864      0.00000      0.00000
    -19.74152     11.33571      0.00000      0.00000
    -19.73152      9.65433      0.00000      0.00000
    -19.72152      7.47519      0.00000      0.00000
    -19.71152      8.31165      0.00000      0.00000
    -19.70152     10.82482      0.00000      0.00000
    -19.69152     11.14425      0.00000      0.00000
    -19.68152      8.97846      0.00000      0.00000
    -19.67152      6.43855      0.00000      0.00000
    -19.66152      7.10126      0.00000      0.00000
    -19.65152      9.72915      0.00000      0.00000
    -19.64152     10.19395      0.00000      0.00000
    -19.63152      9.05904      0.00000      0.00000
    -19.62152      8.30487      0.00000      0.00000
    -19.61152      8.04021      0.00000      0.00000
    -19.60152      7.82712      0.00000      0.00000
    -19.59152      6.87147      0.00000      0.00000
    -19.58152      6.47885      0.00000      0.00000
    -19.57152      6.93166      0.00000      0.00000
    -19.56152      6.63243      0.00000      0.00000
    -19.55152      5.78862      0.00000      0.00000
    -19.54152      5.71826      0.00000      0.00000
    -19.53152      6.28787      0.00000      0.00000
    -19.52152      6.60256      0.00000      0.00000
    -19.51152      6.34537      0.00000      0.00000
    -19.50152      5.95914      0.00000      0.00000
    -19.49152      5.59616      0.00000      0.00000
    -19.48152      5.31831      0.00000      0.00000
    -19.47152      4.82788      0.00000      0.00000
    -19.46152      4.99185      0.00000      0.00000
    -19.45152      6.17289      0.00000      0.00000
    -19.44152      6.51891      0.00000      0.00000
    -19.43152      5.00181      0.00000      0.00000
    -19.42152      3.91107      0.00000      0.00000
    -19.41152      3.82812      0.00000      0.00000
    -19.40152      3.77714      0.00000      0.00000
    -19.39152      4.05405      0.00000      0.00000
    -19.38152      3.85819      0.00000      0.00000
    -19.37152      3.02298      0.00000      0.00000
    -19.36152      2.55286      0.00000      0.00000
    -19.35152      2.57276      0.00000      0.00000
    -19.34152      2.78745      0.00000      0.00000
    -19.33152      2.94445      0.00000      0.00000
    -19.32152      3.25157      0.00000      0.00000
    -19.31152      3.76817      0.00000      0.00000
    -19.30152      4.24075      0.00000      0.00000
    -19.29152      4.21972      0.00000      0.00000
    -19.28152      3.72542      0.00000      0.00000
    -19.27152      3.33738      0.00000      0.00000
    -19.26152      3.27360      0.00000      0.00000
    -19.25152      3.42246      0.00000      0.00000
    -19.24152      3.33897      0.00000      0.00000
    -19.23152      2.73129      0.00000      0.00000
    -19.22152      2.36085      0.00000      0.00000
    -19.21152      2.40151      0.00000      0.00000
    -19.20152      2.43362      0.00000      0.00000
    -19.19152      2.48265      0.00000      0.00000
    -19.18152      2.47211      0.00000      0.00000
    -19.17152      1.42670      0.00000      0.00000
    -19.16152     -0.72123      0.00000      0.00000
    -19.15152     -0.92386      0.00000      0.00000
    -19.14152      0.75817      0.00000      0.00000
    -19.13152      1.55062      0.00000      0.00000
    -19.12152      1.46082      0.00000      0.00000
    -19.11152      1.32774      0.00000      0.00000
    -19.10152      1.70759      0.00000      0.00000
    -19.09152      2.04160      0.00000      0.00000
    -19.08152      1.16158      0.00000      0.00000
    -19.07152     -0.53658      0.00000      0.00000
    -19.06152     -0.41169      0.00000      0.00000
    -19.05152      0.75498      0.00000      0.00000
    -19.04152      1.33379      0.00000      0.00000
    -19.03152      1.73082      0.00000      0.00000
    -19.02152      1.86245      0.00000      0.00000
    -19.01152      1.60101      0.00000      0.00000
    -19.00152      1.48853      0.00000      0.00000
    -18.99152      1.72837      0.00000      0.00000
    -18.98152      2.19872      0.00000      0.00000
    -18.97152      2.42386      0.00000      0.00000
    -18.96152      2.11747      0.00000      0.00000
    -18.95152      1.72364      0.00000      0.00000
    -18.94152      1.53799      0.00000      0.00000
    -18.93152      1.36741      0.00000      0.00000
    -18.92152      1.34536      0.00000      0.00000
    -18.91152      1.57284      0.00000      0.00000
    -18.90152      1.76307      0.00000      0.00000
    -18.89152      1.64981      0.00000      0.00000
    -18.88152      1.36601      0.00000      0.00000
    -18.87152      1.26627      0.00000      0.00000
    -18.86152      1.54759      0.00000      0.00000
    -18.85152      1.72927      0.00000      0.00000
    -18.84152      1.76806      0.00000      0.00000
    -18.83152      1.76144      0.00000      0.00000
    -18.82152      1.74350      0.00000      0.00000
    -18.81152      1.63604      0.00000      0.00000
    -18.80152      1.75245      0.00000      0.00000
    -18.79152      2.11063      0.00000      0.00000
    -18.78152      2.12980      0.00000      0.00000
    -18.77152      1.79402      0.00000      0.00000
    -18.76152      1.60331      0.00000      0.00000
    -18.75152      1.53266      0.00000      0.00000
    -18.74152      1.53620      0.00000      0.00000
    -18.73152      1.95410      0.00000      0.00000
    -18.72152      2.15377      0.00000      0.00000
    -18.71152      2.04312      0.00000      0.00000
    -18.70152      2.09404      0.00000      0.00000
    -18.69152      2.18174      0.00000      0.00000
    -18.68152      1.98120      0.00000      0.00000
    -18.67152      1.83692      0.00000      0.00000
    -18.66152      2.00643      0.00000      0.00000
    -18.65152      2.16187      0.00000      0.00000
    -18.64152      2.37061      0.00000      0.00000
    -18.63152      2.95677      0.00000      0.00000
    -18.62152      3.31783      0.00000      0.00000
    -18.61152      2.96411      0.00000      0.00000
    -18.60152      2.54313      0.00000      0.00000
    -18.59152      2.39889      0.00000      0.00000
    -18.58152      2.39272      0.00000      0.00000
    -18.57152      2.19601      0.00000      0.00000
    -18.56152      2.19500      0.00000      0.00000
    -18.55152      2.52504      0.00000      0.00000
    -18.54152      2.50677      0.00000      0.00000
    -18.53152      2.03506      0.00000      0.00000
    -18.52152      1.76417      0.00000      0.00000
    -18.51152      1.54625      0.00000      0.00000
    -18.50152      1.12710      0.00000      0.00000
    -18.49152      1.11438      0.00000      0.00000
    -18.48152      1.50277      0.00000      0.00000
    -18.47152      1.77063      0.00000      0.00000
    -18.46152      1.90863      0.00000      0.00000
    -18.45152      2.10815      0.00000      0.00000
    -18.44152      2.48565      0.00000      0.00000
    -18.43152      2.43217      0.00000      0.00000
    -18.42152      0.71262      0.00000      0.00000
    -18.41152     -0.59027      0.00000      0.00000
    -18.40152      0.69121      0.00000      0.00000
    -18.39152      2.01278      0.00000      0.00000
    -18.38152      2.55293      0.00000      0.00000
    -18.37152      2.71466      0.00000      0.00000
    -18.36152      2.54719      0.00000      0.00000
    -18.35152      2.67507      0.00000      0.00000
    -18.34152      2.99434      0.00000      0.00000
    -18.33152      2.89012      0.00000      0.00000
    -18.32152      2.70897      0.00000      0.00000
    -18.31152      2.85565      0.00000      0.00000
    -18.30152      2.64064      0.00000      0.00000
    -18.29152      2.18570      0.00000      0.00000
    -18.28152      2.20598      0.00000      0.00000
    -18.27152      2.56937      0.00000      0.00000
    -18.26152      2.48024      0.00000      0.00000
    -18.25152      2.10682      0.00000      0.00000
    -18.24152      2.36118      0.00000      0.00000
    -18.23152      2.52979      0.00000      0.00000
    -18.22152      2.38197      0.00000      0.00000
    -18.21152      2.66651      0.00000      0.00000
    -18.20152      2.63256      0.00000      0.00000
    -18.19152      2.21437      0.00000      0.00000
    -18.18152      2.34887      0.00000      0.00000
    -18.17152      2.97506      0.00000      0.00000
    -18.16152      3.12855      0.00000      0.00000
    -18.15152      2.67287      0.00000      0.00000
    -18.14152      2.07835      0.00000      0.00000
    -18.13152      2.06711      0.00000      0.00000
    -18.12152      2.47842      0.00000      0.00000
    -18.11152      2.32595      0.00000      0.00000
    -18.10152      2.06523      0.00000      0.00000
    -18.09152      2.42892      0.00000      0.00000
    -18.08152      2.74712      0.00000      0.00000
    -18.07152      3.06484      0.00000      0.00000
    -18.06152      3.47914      0.00000      0.00000
    -18.05152      3.25789      0.00000      0.00000
    -18.04152      2.76007      0.00000      0.00000
    -18.03152      2.66837      0.00000      0.00000
    -18.02152      2.46052      0.00000      0.00000
    -18.01152      1.91696      0.00000      0.00000
    -18.00152      1.91635      0.00000      0.00000
    -17.99152      2.42394      0.00000      0.00000
    -17.98152      2.86438      0.00000      0.00000
    -17.97152      3.31900      0.00000      0.00000
    -17.96152      3.49837      0.00000      0.00000
    -17.95152      3.11469      0.00000      0.00000
    -17.94152      2.43958      0.00000      0.00000
    -17.93152      2.02715      0.00000      0.00000
    -17.92152      2.25639      0.00000      0.00000
    -17.91152      2.76053      0.00000      0.00000
    -17.90152      3.25111      0.00000      0.00000
    -17.89152      3.48078      0.00000      0.00000
    -17.88152      3.60549      0.00000      0.00000
    -17.87152      3.58072      0.00000      0.00000
    -17.86152      2.92061      0.00000      0.00000
    -17.85152      2.54959      0.00000      0.00000
    -17.84152      2.71720      0.00000      0.00000
    -17.83152      3.28303      0.00000      0.00000
    -17.82152      3.91525      0.00000      0.00000
    -17.81152      4.10367      0.00000      0.00000
    -17.80152      3.85364      0.00000      0.00000
    -17.79152      3.33711      0.00000      0.00000
    -17.78152      3.04627      0.00000      0.00000
    -17.77152      3.07538      0.00000      0.00000
    -17.76152      2.91142      0.00000      0.00000
    -17.75152      2.93370      0.00000      0.00000
    -17.74152      3.59430      0.00000      0.00000
    -17.73152      4.25194      0.00000      0.00000
    -17.72152      4.31996      0.00000      0.00000
    -17.71152      4.06613      0.00000      0.00000
    -17.70152      4.22443      0.00000      0.00000
    -17.69152      4.54345      0.00000      0.00000
    -17.68152      4.29820      0.00000      0.00000
    -17.67152      3.46328      0.00000      0.00000
    -17.66152      2.85664      0.00000      0.00000
    -17.65152      2.81012      0.00000      0.00000
    -17.64152      2.79668      0.00000      0.00000
    -17.63152      3.02467      0.00000      0.00000
    -17.62152      3.11994      0.00000      0.00000
    -17.61152      2.68215      0.00000      0.00000
    -17.60152      2.30256      0.00000      0.00000
    -17.59152      2.33804      0.00000      0.00000
    -17.58152      2.89327      0.00000      0.00000
    -17.57152      3.98871      0.00000      0.00000
    -17.56152      4.40717      0.00000      0.00000
    -17.55152      3.56869      0.00000      0.00000
    -17.54152      2.76660      0.00000      0.00000
    -17.53152      2.35333      0.00000      0.00000
    -17.52152      2.45351      0.00000      0.00000
    -17.51152      2.94668      0.00000      0.00000
    -17.50152      2.58558      0.00000      0.00000
    -17.49152      1.98635      0.00000      0.00000
    -17.48152      2.10476      0.00000      0.00000
    -17.47152      2.14977      0.00000      0.00000
    -17.46152      2.00287      0.00000      0.00000
    -17.45152      2.58448      0.00000      0.00000
    -17.44152      3.03100      0.00000      0.00000
    -17.43152      2.52660      0.00000      0.00000
    -17.42152      1.81912      0.00000      0.00000
    -17.41152      1.59348      0.00000      0.00000
    -17.40152      1.72650      0.00000      0.00000
    -17.39152      1.99395      0.00000      0.00000
    -17.38152      2.39340      0.00000      0.00000
    -17.37152      2.75483      0.00000      0.00000
    -17.36152      3.12979      0.00000      0.00000
    -17.35152      3.30629      0.00000      0.00000
    -17.34152      2.73219      0.00000      0.00000
    -17.33152      2.23823      0.00000      0.00000
    -17.32152      2.37713      0.00000      0.00000
    -17.31152      2.17181      0.00000      0.00000
    -17.30152      1.79983      0.00000      0.00000
    -17.29152      1.82960      0.00000      0.00000
    -17.28152      2.33079      0.00000      0.00000
    -17.27152      2.82562      0.00000      0.00000
    -17.26152      2.99792      0.00000      0.00000
    -17.25152      2.56429      0.00000      0.00000
    -17.24152      2.14234      0.00000      0.00000
    -17.23152      2.51813      0.00000      0.00000
    -17.22152      2.56891      0.00000      0.00000
    -17.21152      1.76207      0.00000      0.00000
    -17.20152      1.32027      0.00000      0.00000
    -17.19152      1.60979      0.00000      0.00000
    -17.18152      2.03454      0.00000      0.00000
    -17.17152      2.23966      0.00000      0.00000
    -17.16152      2.27054      0.00000      0.00000
    -17.15152      2.03479      0.00000      0.00000
    -17.14152      1.98866      0.00000      0.00000
    -17.13152      2.01836      0.00000      0.00000
    -17.12152      1.79438      0.00000      0.00000
    -17.11152      1.67795      0.00000      0.00000
    -17.10152      1.85068      0.00000      0.00000
    -17.09152      1.94083      0.00000      0.00000
    -17.08152      1.79956      0.00000      0.00000
    -17.07152      1.41188      0.00000      0.00000
    -17.06152      1.36619      0.00000      0.00000
    -17.05152      1.75461      0.00000      0.00000
    -17.04152      2.13277      0.00000      0.00000
    -17.03152      2.30918      0.00000      0.00000
    -17.02152      2.36351      0.00000      0.00000
    -17.01152      2.28630      0.00000      0.00000
    -17.00152      2.17175      0.00000      0.00000
    -16.99152      2.12539      0.00000      0.00000
    -16.98152      2.19408      0.00000      0.00000
    -16.97152      2.40375      0.00000      0.00000
    -16.96152      2.17956      0.00000      0.00000
    -16.95152      2.04932      0.00000      0.00000
    -16.94152      2.33697      0.00000      0.00000
    -16.93152      2.39310      0.00000      0.00000
    -16.92152      1.94372      0.00000      0.00000
    -16.91152      1.55335      0.00000      0.00000
    -16.90152      1.55620      0.00000      0.00000
    -16.89152      1.55707      0.00000      0.00000
    -16.88152      1.48475      0.00000      0.00000
    -16.87152      1.68785      0.00000      0.00000
    -16.86152      2.34620      0.00000      0.00000
    -16.85152      2.92708      0.00000      0.00000
    -16.84152      2.90959      0.00000      0.00000
    -16.83152      2.96755      0.00000      0.00000
    -16.82152      3.18994      0.00000      0.00000
    -16.81152      2.92332      0.00000      0.00000
    -16.80152      2.37478      0.00000      0.00000
    -16.79152      2.03229      0.00000      0.00000
    -16.78152      1.77065      0.00000      0.00000
    -16.77152      1.83050      0.00000      0.00000
    -16.76152      2.14314      0.00000      0.00000
    -16.75152      2.20606      0.00000      0.00000
    -16.74152      2.17637      0.00000      0.00000
    -16.73152      2.22535      0.00000      0.00000
    -16.72152      2.39974      0.00000      0.00000
    -16.71152      2.52292      0.00000      0.00000
    -16.70152      2.54746      0.00000      0.00000
    -16.69152      2.84224      0.00000      0.00000
    -16.68152      3.17979      0.00000      0.00000
    -16.67152      3.07762      0.00000      0.00000
    -16.66152      2.85335      0.00000      0.00000
    -16.65152      2.99807      0.00000      0.00000
    -16.64152      3.20912      0.00000      0.00000
    -16.63152      3.34802      0.00000      0.00000
    -16.62152      3.36207      0.00000      0.00000
    -16.61152      2.82613      0.00000      0.00000
    -16.60152      1.99048      0.00000      0.00000
    -16.59152      1.79966      0.00000      0.00000
    -16.58152      2.32047      0.00000      0.00000
    -16.57152      2.61471      0.00000      0.00000
    -16.56152      2.58716      0.00000      0.00000
    -16.55152      2.41473      0.00000      0.00000
    -16.54152      1.99281      0.00000      0.00000
    -16.53152      1.53516      0.00000      0.00000
    -16.52152      1.69376      0.00000      0.00000
    -16.51152      2.41881      0.00000      0.00000
    -16.50152      2.49295      0.00000      0.00000
    -16.49152      2.00610      0.00000      0.00000
    -16.48152      1.85862      0.00000      0.00000
    -16.47152      2.16629      0.00000      0.00000
    -16.46152      2.35421      0.00000      0.00000
    -16.45152      2.25169      0.00000      0.00000
    -16.44152      2.10251      0.00000      0.00000
    -16.43152      1.77891      0.00000      0.00000
    -16.42152      1.26064      0.00000      0.00000
    -16.41152      1.16982      0.00000      0.00000
    -16.40152      1.48655      0.00000      0.00000
    -16.39152      1.33910      0.00000      0.00000
    -16.38152      0.97257      0.00000      0.00000
    -16.37152      1.13163      0.00000      0.00000
    -16.36152      1.46430      0.00000      0.00000
    -16.35152      1.63681      0.00000      0.00000
    -16.34152      1.61499      0.00000      0.00000
    -16.33152      1.82650      0.00000      0.00000
    -16.32152      2.07666      0.00000      0.00000
    -16.31152      2.08056      0.00000      0.00000
    -16.30152      1.87903      0.00000      0.00000
    -16.29152      1.91395      0.00000      0.00000
    -16.28152      2.23472      0.00000      0.00000
    -16.27152      2.17698      0.00000      0.00000
    -16.26152      1.78320      0.00000      0.00000
    -16.25152      1.57200      0.00000      0.00000
    -16.24152      1.40812      0.00000      0.00000
    -16.23152      1.35730      0.00000      0.00000
    -16.22152      1.31305      0.00000      0.00000
    -16.21152      1.27847      0.00000      0.00000
    -16.20152      1.72818      0.00000      0.00000
    -16.19152      1.95213      0.00000      0.00000
    -16.18152      1.77192      0.00000      0.00000
    -16.17152      1.57366      0.00000      0.00000
    -16.16152      1.20550      0.00000      0.00000
    -16.15152      1.03851      0.00000      0.00000
    -16.14152      1.49073      0.00000      0.00000
    -16.13152      1.87613      0.00000      0.00000
    -16.12152      1.45995      0.00000      0.00000
    -16.11152      1.00309      0.00000      0.00000
    -16.10152      1.00803      0.00000      0.00000
    -16.09152      1.07237      0.00000      0.00000
    -16.08152      1.08167      0.00000      0.00000
    -16.07152      1.36045      0.00000      0.00000
    -16.06152      1.85111      0.00000      0.00000
    -16.05152      1.88075      0.00000      0.00000
    -16.04152      1.35955      0.00000      0.00000
    -16.03152      1.13960      0.00000      0.00000
    -16.02152      1.18587      0.00000      0.00000
    -16.01152      1.21719      0.00000      0.00000
    -16.00152      1.30594      0.00000      0.00000
    -15.99152      1.51307      0.00000      0.00000
    -15.98152      1.60803      0.00000      0.00000
    -15.97152      1.33763      0.00000      0.00000
    -15.96152      1.03213      0.00000      0.00000
    -15.95152      0.68008      0.00000      0.00000
    -15.94152      0.50424      0.00000      0.00000
    -15.93152      0.69195      0.00000      0.00000
    -15.92152      0.97598      0.00000      0.00000
    -15.91152      1.02363      0.00000      0.00000
    -15.90152      1.15223      0.00000      0.00000
    -15.89152      1.23705      0.00000      0.00000
    -15.88152      1.15707      0.00000      0.00000
    -15.87152      1.14188      0.00000      0.00000
    -15.86152      1.31630      0.00000      0.00000
    -15.85152      1.65123      0.00000      0.00000
    -15.84152      1.69577      0.00000      0.00000
    -15.83152      1.58734      0.00000      0.00000
    -15.82152      1.53531      0.00000      0.00000
    -15.81152      1.28657      0.00000      0.00000
    -15.80152      1.09165      0.00000      0.00000
    -15.79152      1.20417      0.00000      0.00000
    -15.78152      1.47659      0.00000      0.00000
    -15.77152      1.49475      0.00000      0.00000
    -15.76152      1.22473      0.00000      0.00000
    -15.75152      0.90151      0.00000      0.00000
    -15.74152      0.86085      0.00000      0.00000
    -15.73152      1.09860      0.00000      0.00000
    -15.72152      1.08204      0.00000      0.00000
    -15.71152      0.95902      0.00000      0.00000
    -15.70152      1.19236      0.00000      0.00000
    -15.69152      1.44507      0.00000      0.00000
    -15.68152      1.31833      0.00000      0.00000
    -15.67152      1.38593      0.00000      0.00000
    -15.66152      1.81645      0.00000      0.00000
    -15.65152      2.03173      0.00000      0.00000
    -15.64152      1.67917      0.00000      0.00000
    -15.63152      1.18596      0.00000      0.00000
    -15.62152      1.00342      0.00000      0.00000
    -15.61152      1.08079      0.00000      0.00000
    -15.60152      1.20474      0.00000      0.00000
    -15.59152      1.10057      0.00000      0.00000
    -15.58152      0.70866      0.00000      0.00000
    -15.57152      0.51501      0.00000      0.00000
    -15.56152      0.49124      0.00000      0.00000
    -15.55152      0.42760      0.00000      0.00000
    -15.54152      0.57568      0.00000      0.00000
    -15.53152      0.87611      0.00000      0.00000
    -15.52152      1.08832      0.00000      0.00000
    -15.51152      1.21705      0.00000      0.00000
    -15.50152      1.27891      0.00000      0.00000
    -15.49152      1.09821      0.00000      0.00000
    -15.48152      0.70904      0.00000      0.00000
    -15.47152      0.48974      0.00000      0.00000
    -15.46152      0.47768      0.00000      0.00000
    -15.45152      0.45356      0.00000      0.00000
    -15.44152      0.49084      0.00000      0.00000
    -15.43152      0.49446      0.00000      0.00000
    -15.42152      0.67555      0.00000      0.00000
    -15.41152      0.84045      0.00000      0.00000
    -15.40152      0.56140      0.00000      0.00000
    -15.39152      0.33396      0.00000      0.00000
    -15.38152      0.32391      0.00000      0.00000
    -15.37152      0.47481      0.00000      0.00000
    -15.36152      0.66249      0.00000      0.00000
    -15.35152      0.67172      0.00000      0.00000
    -15.34152      0.66289      0.00000      0.00000
    -15.33152      0.77106      0.00000      0.00000
    -15.32152      0.90318      0.00000      0.00000
    -15.31152      1.12407      0.00000      0.00000
    -15.30152      1.23543      0.00000      0.00000
    -15.29152      1.29515      0.00000      0.00000
    -15.28152      1.58397      0.00000      0.00000
    -15.27152      1.51460      0.00000      0.00000
    -15.26152      1.05722      0.00000      0.00000
    -15.25152      0.96920      0.00000      0.00000
    -15.24152      1.26528      0.00000      0.00000
    -15.23152      1.27504      0.00000      0.00000
    -15.22152      0.93614      0.00000      0.00000
    -15.21152      0.57539      0.00000      0.00000
    -15.20152      0.50279      0.00000      0.00000
    -15.19152      0.68704      0.00000      0.00000
    -15.18152      0.88664      0.00000      0.00000
    -15.17152      0.95059      0.00000      0.00000
    -15.16152      0.94539      0.00000      0.00000
    -15.15152      0.75036      0.00000      0.00000
    -15.14152      0.39721      0.00000      0.00000
    -15.13152      0.37938      0.00000      0.00000
    -15.12152      0.58771      0.00000      0.00000
    -15.11152      0.90791      0.00000      0.00000
    -15.10152      1.28792      0.00000      0.00000
    -15.09152      1.50081      0.00000      0.00000
    -15.08152      1.34974      0.00000      0.00000
    -15.07152      0.92818      0.00000      0.00000
    -15.06152      0.56831      0.00000      0.00000
    -15.05152      0.43094      0.00000      0.00000
    -15.04152      0.57617      0.00000      0.00000
    -15.03152      0.65520      0.00000      0.00000
    -15.02152      0.60171      0.00000      0.00000
    -15.01152      0.90670      0.00000      0.00000
    -15.00152      1.33103      0.00000      0.00000
    -14.99152      1.16407      0.00000      0.00000
    -14.98152      0.73803      0.00000      0.00000
    -14.97152      0.67499      0.00000      0.00000
    -14.96152      0.63217      0.00000      0.00000
    -14.95152      0.57485      0.00000      0.00000
    -14.94152      0.89312      0.00000      0.00000
    -14.93152      1.24523      0.00000      0.00000
    -14.92152      1.14079      0.00000      0.00000
    -14.91152      0.89828      0.00000      0.00000
    -14.90152      0.88089      0.00000      0.00000
    -14.89152      0.93748      0.00000      0.00000
    -14.88152      0.97065      0.00000      0.00000
    -14.87152      1.02808      0.00000      0.00000
    -14.86152      1.10674      0.00000      0.00000
    -14.85152      1.24707      0.00000      0.00000
    -14.84152      1.34155      0.00000      0.00000
    -14.83152      1.08540      0.00000      0.00000
    -14.82152      0.79689      0.00000      0.00000
    -14.81152      0.82153      0.00000      0.00000
    -14.80152      1.18574      0.00000      0.00000
    -14.79152      1.59499      0.00000      0.00000
    -14.78152      1.59665      0.00000      0.00000
    -14.77152      1.25332      0.00000      0.00000
    -14.76152      1.09047      0.00000      0.00000
    -14.75152      1.31135      0.00000      0.00000
    -14.74152      1.24533      0.00000      0.00000
    -14.73152      0.79247      0.00000      0.00000
    -14.72152      0.73804      0.00000      0.00000
    -14.71152      1.12872      0.00000      0.00000
    -14.70152      1.14401      0.00000      0.00000
    -14.69152      1.01864      0.00000      0.00000
    -14.68152      1.21748      0.00000      0.00000
    -14.67152      1.40331      0.00000      0.00000
    -14.66152      1.30315      0.00000      0.00000
    -14.65152      1.23852      0.00000      0.00000
    -14.64152      1.18082      0.00000      0.00000
    -14.63152      1.14664      0.00000      0.00000
    -14.62152      1.43652      0.00000      0.00000
    -14.61152      1.62478      0.00000      0.00000
    -14.60152      1.56580      0.00000      0.00000
    -14.59152      1.62375      0.00000      0.00000
    -14.58152      1.86123      0.00000      0.00000
    -14.57152      2.14485      0.00000      0.00000
    -14.56152      2.50973      0.00000      0.00000
    -14.55152      2.65384      0.00000      0.00000
    -14.54152      2.41459      0.00000      0.00000
    -14.53152      2.06389      0.00000      0.00000
    -14.52152      1.91743      0.00000      0.00000
    -14.51152      1.67559      0.00000      0.00000
    -14.50152      1.25399      0.00000      0.00000
    -14.49152      0.84619      0.00000      0.00000
    -14.48152      0.84504      0.00000      0.00000
    -14.47152      1.28064      0.00000      0.00000
    -14.46152      1.86726      0.00000      0.00000
    -14.45152      2.11567      0.00000      0.00000
    -14.44152      1.81500      0.00000      0.00000
    -14.43152      1.36405      0.00000      0.00000
    -14.42152      0.90305      0.00000      0.00000
    -14.41152      0.83274      0.00000      0.00000
    -14.40152      1.04850      0.00000      0.00000
    -14.39152      1.23403      0.00000      0.00000
    -14.38152      1.43792      0.00000      0.00000
    -14.37152      1.43082      0.00000      0.00000
    -14.36152      0.98815      0.00000      0.00000
    -14.35152      0.77167      0.00000      0.00000
    -14.34152      1.17873      0.00000      0.00000
    -14.33152      1.60519      0.00000      0.00000
    -14.32152      1.73808      0.00000      0.00000
    -14.31152      1.80233      0.00000      0.00000
    -14.30152      1.87238      0.00000      0.00000
    -14.29152      1.68135      0.00000      0.00000
    -14.28152      1.21541      0.00000      0.00000
    -14.27152      1.15731      0.00000      0.00000
    -14.26152      1.60961      0.00000      0.00000
    -14.25152      1.76950      0.00000      0.00000
    -14.24152      1.66474      0.00000      0.00000
    -14.23152      1.55950      0.00000      0.00000
    -14.22152      1.17688      0.00000      0.00000
    -14.21152      0.93221      0.00000      0.00000
    -14.20152      1.10336      0.00000      0.00000
    -14.19152      1.58884      0.00000      0.00000
    -14.18152      1.64170      0.00000      0.00000
    -14.17152      1.45967      0.00000      0.00000
    -14.16152      1.57321      0.00000      0.00000
    -14.15152      1.73090      0.00000      0.00000
    -14.14152      2.01603      0.00000      0.00000
    -14.13152      2.15962      0.00000      0.00000
    -14.12152      1.84490      0.00000      0.00000
    -14.11152      1.55270      0.00000      0.00000
    -14.10152      1.56330      0.00000      0.00000
    -14.09152      1.64288      0.00000      0.00000
    -14.08152      1.78934      0.00000      0.00000
    -14.07152      1.85927      0.00000      0.00000
    -14.06152      2.17715      0.00000      0.00000
    -14.05152      2.68269      0.00000      0.00000
    -14.04152      2.58621      0.00000      0.00000
    -14.03152      2.39149      0.00000      0.00000
    -14.02152      2.50348      0.00000      0.00000
    -14.01152      2.46068      0.00000      0.00000
    -14.00152      2.31451      0.00000      0.00000
    -13.99152      2.09047      0.00000      0.00000
    -13.98152      1.93452      0.00000      0.00000
    -13.97152      1.97842      0.00000      0.00000
    -13.96152      2.32816      0.00000      0.00000
    -13.95152      2.73672      0.00000      0.00000
    -13.94152      2.77370      0.00000      0.00000
    -13.93152      2.37140      0.00000      0.00000
    -13.92152      1.99914      0.00000      0.00000
    -13.91152      1.93430      0.00000      0.00000
    -13.90152      1.89560      0.00000      0.00000
    -13.89152      1.85561      0.00000      0.00000
    -13.88152      1.76515      0.00000      0.00000
    -13.87152      1.45520      0.00000      0.00000
    -13.86152      1.39530      0.00000      0.00000
    -13.85152      1.59902      0.00000      0.00000
    -13.84152      1.85533      0.00000      0.00000
    -13.83152      2.12739      0.00000      0.00000
    -13.82152      2.07703      0.00000      0.00000
    -13.81152      1.78377      0.00000      0.00000
    -13.80152      1.94656      0.00000      0.00000
    -13.79152      2.42430      0.00000      0.00000
    -13.78152      2.56929      0.00000      0.00000
    -13.77152      2.44277      0.00000      0.00000
    -13.76152      2.38876      0.00000      0.00000
    -13.75152      2.01707      0.00000      0.00000
    -13.74152      1.62266      0.00000      0.00000
    -13.73152      1.70592      0.00000      0.00000
    -13.72152      2.07898      0.00000      0.00000
    -13.71152      2.14099      0.00000      0.00000
    -13.70152      1.69802      0.00000      0.00000
    -13.69152      1.38091      0.00000      0.00000
    -13.68152      1.40385      0.00000      0.00000
    -13.67152      1.42290      0.00000      0.00000
    -13.66152      1.38884      0.00000      0.00000
    -13.65152      1.36884      0.00000      0.00000
    -13.64152      1.38890      0.00000      0.00000
    -13.63152      1.61344      0.00000      0.00000
    -13.62152      1.93195      0.00000      0.00000
    -13.61152      1.94404      0.00000      0.00000
    -13.60152      1.77579      0.00000      0.00000
    -13.59152      1.79074      0.00000      0.00000
    -13.58152      1.93253      0.00000      0.00000
    -13.57152      2.11970      0.00000      0.00000
    -13.56152      2.16754      0.00000      0.00000
    -13.55152      2.10215      0.00000      0.00000
    -13.54152      2.33613      0.00000      0.00000
    -13.53152      2.53023      0.00000      0.00000
    -13.52152      2.39489      0.00000      0.00000
    -13.51152      2.27518      0.00000      0.00000
    -13.50152      1.99892      0.00000      0.00000
    -13.49152      1.99909      0.00000      0.00000
    -13.48152      2.41056      0.00000      0.00000
    -13.47152      2.18699      0.00000      0.00000
    -13.46152      1.59890      0.00000      0.00000
    -13.45152      1.55903      0.00000      0.00000
    -13.44152      1.82255      0.00000      0.00000
    -13.43152      1.92310      0.00000      0.00000
    -13.42152      1.88671      0.00000      0.00000
    -13.41152      1.86159      0.00000      0.00000
    -13.40152      1.74721      0.00000      0.00000
    -13.39152      1.61792      0.00000      0.00000
    -13.38152      1.44185      0.00000      0.00000
    -13.37152      1.49243      0.00000      0.00000
    -13.36152      1.73620      0.00000      0.00000
    -13.35152      1.73323      0.00000      0.00000
    -13.34152      1.70096      0.00000      0.00000
    -13.33152      1.71884      0.00000      0.00000
    -13.32152      1.92721      0.00000      0.00000
    -13.31152      2.18350      0.00000      0.00000
    -13.30152      2.15767      0.00000      0.00000
    -13.29152      2.14415      0.00000      0.00000
    -13.28152      2.13966      0.00000      0.00000
    -13.27152      1.85922      0.00000      0.00000
    -13.26152      1.62054      0.00000      0.00000
    -13.25152      1.85614      0.00000      0.00000
    -13.24152      2.09710      0.00000      0.00000
    -13.23152      1.96938      0.00000      0.00000
    -13.22152      1.93524      0.00000      0.00000
    -13.21152      2.22397      0.00000      0.00000
    -13.20152      2.51453      0.00000      0.00000
    -13.19152      2.83765      0.00000      0.00000
    -13.18152      3.06565      0.00000      0.00000
    -13.17152      2.84304      0.00000      0.00000
    -13.16152      2.43456      0.00000      0.00000
    -13.15152      2.02817      0.00000      0.00000
    -13.14152      1.59023      0.00000      0.00000
    -13.13152      1.46172      0.00000      0.00000
    -13.12152      1.60964      0.00000      0.00000
    -13.11152      1.79964      0.00000      0.00000
    -13.10152      1.95887      0.00000      0.00000
    -13.09152      2.12800      0.00000      0.00000
    -13.08152      2.57712      0.00000      0.00000
    -13.07152      2.81748      0.00000      0.00000
    -13.06152      2.42494      0.00000      0.00000
    -13.05152      2.19145      0.00000      0.00000
    -13.04152      2.22030      0.00000      0.00000
    -13.03152      2.47056      0.00000      0.00000
    -13.02152      2.82932      0.00000      0.00000
    -13.01152      2.62422      0.00000      0.00000
    -13.00152      2.25980      0.00000      0.00000
    -12.99152      2.19468      0.00000      0.00000
    -12.98152      2.00831      0.00000      0.00000
    -12.97152      1.75257      0.00000      0.00000
    -12.96152      1.86361      0.00000      0.00000
    -12.95152      2.34342      0.00000      0.00000
    -12.94152      2.44669      0.00000      0.00000
    -12.93152      2.01387      0.00000      0.00000
    -12.92152      1.67591      0.00000      0.00000
    -12.91152      1.41067      0.00000      0.00000
    -12.90152      1.18256      0.00000      0.00000
    -12.89152      1.69968      0.00000      0.00000
    -12.88152      2.29983      0.00000      0.00000
    -12.87152      2.26806      0.00000      0.00000
    -12.86152      2.06423      0.00000      0.00000
    -12.85152      2.00255      0.00000      0.00000
    -12.84152      1.92420      0.00000      0.00000
    -12.83152      1.83436      0.00000      0.00000
    -12.82152      1.85980      0.00000      0.00000
    -12.81152      2.09718      0.00000      0.00000
    -12.80152      2.01826      0.00000      0.00000
    -12.79152      1.71760      0.00000      0.00000
    -12.78152      2.14738      0.00000      0.00000
    -12.77152      2.84534      0.00000      0.00000
    -12.76152      2.77408      0.00000      0.00000
    -12.75152      2.46427      0.00000      0.00000
    -12.74152      2.39940      0.00000      0.00000
    -12.73152      2.32787      0.00000      0.00000
    -12.72152      2.15263      0.00000      0.00000
    -12.71152      1.97154      0.00000      0.00000
    -12.70152      1.97222      0.00000      0.00000
    -12.69152      2.24824      0.00000      0.00000
    -12.68152      2.81307      0.00000      0.00000
    -12.67152      3.40105      0.00000      0.00000
    -12.66152      3.13252      0.00000      0.00000
    -12.65152      2.25774      0.00000      0.00000
    -12.64152      1.58099      0.00000      0.00000
    -12.63152      1.68329      0.00000      0.00000
    -12.62152      2.22380      0.00000      0.00000
    -12.61152      2.57655      0.00000      0.00000
    -12.60152      2.41384      0.00000      0.00000
    -12.59152      2.15935      0.00000      0.00000
    -12.58152      2.08175      0.00000      0.00000
    -12.57152      2.17593      0.00000      0.00000
    -12.56152      2.16340      0.00000      0.00000
    -12.55152      2.10434      0.00000      0.00000
    -12.54152      2.03003      0.00000      0.00000
    -12.53152      1.94771      0.00000      0.00000
    -12.52152      1.71601      0.00000      0.00000
    -12.51152      1.63938      0.00000      0.00000
    -12.50152      1.92340      0.00000      0.00000
    -12.49152      1.86391      0.00000      0.00000
    -12.48152      1.41626      0.00000      0.00000
    -12.47152      1.23216      0.00000      0.00000
    -12.46152      1.50671      0.00000      0.00000
    -12.45152      1.99969      0.00000      0.00000
    -12.44152      2.28035      0.00000      0.00000
    -12.43152      2.61245      0.00000      0.00000
    -12.42152      3.14041      0.00000      0.00000
    -12.41152      3.26591      0.00000      0.00000
    -12.40152      2.97153      0.00000      0.00000
    -12.39152      2.63301      0.00000      0.00000
    -12.38152      2.82720      0.00000      0.00000
    -12.37152      3.05715      0.00000      0.00000
    -12.36152      2.99482      0.00000      0.00000
    -12.35152      2.77942      0.00000      0.00000
    -12.34152      2.40295      0.00000      0.00000
    -12.33152      1.91141      0.00000      0.00000
    -12.32152      1.69540      0.00000      0.00000
    -12.31152      2.10847      0.00000      0.00000
    -12.30152      2.67215      0.00000      0.00000
    -12.29152      2.75133      0.00000      0.00000
    -12.28152      2.14997      0.00000      0.00000
    -12.27152      1.57904      0.00000      0.00000
    -12.26152      1.79156      0.00000      0.00000
    -12.25152      2.23604      0.00000      0.00000
    -12.24152      2.89386      0.00000      0.00000
    -12.23152      3.27226      0.00000      0.00000
    -12.22152      2.92062      0.00000      0.00000
    -12.21152      2.32699      0.00000      0.00000
    -12.20152      2.30304      0.00000      0.00000
    -12.19152      2.34647      0.00000      0.00000
    -12.18152      2.25513      0.00000      0.00000
    -12.17152      2.61728      0.00000      0.00000
    -12.16152      3.13650      0.00000      0.00000
    -12.15152      3.01446      0.00000      0.00000
    -12.14152      2.45152      0.00000      0.00000
    -12.13152      2.31917      0.00000      0.00000
    -12.12152      2.60808      0.00000      0.00000
    -12.11152      2.47039      0.00000      0.00000
    -12.10152      2.11724      0.00000      0.00000
    -12.09152      2.22481      0.00000      0.00000
    -12.08152      2.38612      0.00000      0.00000
    -12.07152      2.32547      0.00000      0.00000
    -12.06152      2.35003      0.00000      0.00000
    -12.05152      2.51887      0.00000      0.00000
    -12.04152      2.98940      0.00000      0.00000
    -12.03152      3.40230      0.00000      0.00000
    -12.02152      3.17732      0.00000      0.00000
    -12.01152      2.85659      0.00000      0.00000
    -12.00152      2.72646      0.00000      0.00000
    -11.99152      2.75101      0.00000      0.00000
    -11.98152      2.71106      0.00000      0.00000
    -11.97152      2.96583      0.00000      0.00000
    -11.96152      3.13646      0.00000      0.00000
    -11.95152      2.64643      0.00000      0.00000
    -11.94152      2.11891      0.00000      0.00000
    -11.93152      1.88411      0.00000      0.00000
    -11.92152      1.84447      0.00000      0.00000
    -11.91152      1.93483      0.00000      0.00000
    -11.90152      2.27578      0.00000      0.00000
    -11.89152      2.70931      0.00000      0.00000
    -11.88152      2.55301      0.00000      0.00000
    -11.87152      2.25598      0.00000      0.00000
    -11.86152      2.67158      0.00000      0.00000
    -11.85152      3.13552      0.00000      0.00000
    -11.84152      3.16824      0.00000      0.00000
    -11.83152      3.20392      0.00000      0.00000
    -11.82152      3.17708      0.00000      0.00000
    -11.81152      2.17391      0.00000      0.00000
    -11.80152      1.29154      0.00000      0.00000
    -11.79152      1.45639      0.00000      0.00000
    -11.78152      2.08844      0.00000      0.00000
    -11.77152      2.54434      0.00000      0.00000
    -11.76152      2.80196      0.00000      0.00000
    -11.75152      2.67867      0.00000      0.00000
    -11.74152      2.50578      0.00000      0.00000
    -11.73152      2.77459      0.00000      0.00000
    -11.72152      3.15756      0.00000      0.00000
    -11.71152      2.91194      0.00000      0.00000
    -11.70152      2.77401      0.00000      0.00000
    -11.69152      3.23936      0.00000      0.00000
    -11.68152      3.62214      0.00000      0.00000
    -11.67152      3.54882      0.00000      0.00000
    -11.66152      3.44735      0.00000      0.00000
    -11.65152      3.45753      0.00000      0.00000
    -11.64152      3.44773      0.00000      0.00000
    -11.63152      3.89954      0.00000      0.00000
    -11.62152      4.50770      0.00000      0.00000
    -11.61152      3.95119      0.00000      0.00000
    -11.60152      2.94161      0.00000      0.00000
    -11.59152      2.93757      0.00000      0.00000
    -11.58152      3.26700      0.00000      0.00000
    -11.57152      3.25079      0.00000      0.00000
    -11.56152      2.95542      0.00000      0.00000
    -11.55152      2.68537      0.00000      0.00000
    -11.54152      2.94812      0.00000      0.00000
    -11.53152      3.46324      0.00000      0.00000
    -11.52152      3.26650      0.00000      0.00000
    -11.51152      2.80693      0.00000      0.00000
    -11.50152      2.60569      0.00000      0.00000
    -11.49152      2.36525      0.00000      0.00000
    -11.48152      2.36574      0.00000      0.00000
    -11.47152      2.81616      0.00000      0.00000
    -11.46152      2.96803      0.00000      0.00000
    -11.45152      2.76780      0.00000      0.00000
    -11.44152      2.50461      0.00000      0.00000
    -11.43152      2.50180      0.00000      0.00000
    -11.42152      2.71603      0.00000      0.00000
    -11.41152      2.75419      0.00000      0.00000
    -11.40152      2.71562      0.00000      0.00000
    -11.39152      2.80896      0.00000      0.00000
    -11.38152      3.01657      0.00000      0.00000
    -11.37152      3.24402      0.00000      0.00000
    -11.36152      3.32633      0.00000      0.00000
    -11.35152      3.11246      0.00000      0.00000
    -11.34152      2.81880      0.00000      0.00000
    -11.33152      2.56260      0.00000      0.00000
    -11.32152      2.37470      0.00000      0.00000
    -11.31152      2.47521      0.00000      0.00000
    -11.30152      3.23969      0.00000      0.00000
    -11.29152      4.15152      0.00000      0.00000
    -11.28152      4.12167      0.00000      0.00000
    -11.27152      3.58536      0.00000      0.00000
    -11.26152      3.26310      0.00000      0.00000
    -11.25152      3.13110      0.00000      0.00000
    -11.24152      3.31134      0.00000      0.00000
    -11.23152      3.52305      0.00000      0.00000
    -11.22152      3.76224      0.00000      0.00000
    -11.21152      3.80905      0.00000      0.00000
    -11.20152      3.46737      0.00000      0.00000
    -11.19152      2.99828      0.00000      0.00000
    -11.18152      2.76520      0.00000      0.00000
    -11.17152      2.66808      0.00000      0.00000
    -11.16152      2.63031      0.00000      0.00000
    -11.15152      2.41860      0.00000      0.00000
    -11.14152      2.26981      0.00000      0.00000
    -11.13152      2.30852      0.00000      0.00000
    -11.12152      2.38669      0.00000      0.00000
    -11.11152      2.68040      0.00000      0.00000
    -11.10152      3.05218      0.00000      0.00000
    -11.09152      3.34300      0.00000      0.00000
    -11.08152      3.51460      0.00000      0.00000
    -11.07152      3.32184      0.00000      0.00000
    -11.06152      3.17945      0.00000      0.00000
    -11.05152      3.51458      0.00000      0.00000
    -11.04152      3.98252      0.00000      0.00000
    -11.03152      3.92840      0.00000      0.00000
    -11.02152      2.99881      0.00000      0.00000
    -11.01152      2.41311      0.00000      0.00000
    -11.00152      2.73518      0.00000      0.00000
    -10.99152      3.10563      0.00000      0.00000
    -10.98152      3.14363      0.00000      0.00000
    -10.97152      3.00696      0.00000      0.00000
    -10.96152      2.97542      0.00000      0.00000
    -10.95152      2.95786      0.00000      0.00000
    -10.94152      3.07527      0.00000      0.00000
    -10.93152      3.04188      0.00000      0.00000
    -10.92152      2.77632      0.00000      0.00000
    -10.91152      2.89934      0.00000      0.00000
    -10.90152      3.11438      0.00000      0.00000
    -10.89152      2.79072      0.00000      0.00000
    -10.88152      2.56956      0.00000      0.00000
    -10.87152      2.82950      0.00000      0.00000
    -10.86152      3.17633      0.00000      0.00000
    -10.85152      3.39578      0.00000      0.00000
    -10.84152      3.19791      0.00000      0.00000
    -10.83152      2.88483      0.00000      0.00000
    -10.82152      3.10211      0.00000      0.00000
    -10.81152      3.72317      0.00000      0.00000
    -10.80152      4.02919      0.00000      0.00000
    -10.79152      3.96714      0.00000      0.00000
    -10.78152      3.56175      0.00000      0.00000
    -10.77152      2.91297      0.00000      0.00000
    -10.76152      2.60501      0.00000      0.00000
    -10.75152      2.78775      0.00000      0.00000
    -10.74152      2.93336      0.00000      0.00000
    -10.73152      3.35237      0.00000      0.00000
    -10.72152      4.26357      0.00000      0.00000
    -10.71152      4.72272      0.00000      0.00000
    -10.70152      4.20824      0.00000      0.00000
    -10.69152      3.47012      0.00000      0.00000
    -10.68152      3.03850      0.00000      0.00000
    -10.67152      3.03588      0.00000      0.00000
    -10.66152      3.19716      0.00000      0.00000
    -10.65152      3.22211      0.00000      0.00000
    -10.64152      3.17725      0.00000      0.00000
    -10.63152      3.27425      0.00000      0.00000
    -10.62152      3.56192      0.00000      0.00000
    -10.61152      3.73485      0.00000      0.00000
    -10.60152      3.84830      0.00000      0.00000
    -10.59152      4.08963      0.00000      0.00000
    -10.58152      3.80517      0.00000      0.00000
    -10.57152      3.23306      0.00000      0.00000
    -10.56152      3.23137      0.00000      0.00000
    -10.55152      3.65152      0.00000      0.00000
    -10.54152      3.90759      0.00000      0.00000
    -10.53152      3.72647      0.00000      0.00000
    -10.52152      3.19328      0.00000      0.00000
    -10.51152      2.99445      0.00000      0.00000
    -10.50152      3.25688      0.00000      0.00000
    -10.49152      3.32002      0.00000      0.00000
    -10.48152      3.44543      0.00000      0.00000
    -10.47152      3.74992      0.00000      0.00000
    -10.46152      3.55136      0.00000      0.00000
    -10.45152      2.99751      0.00000      0.00000
    -10.44152      3.02263      0.00000      0.00000
    -10.43152      3.39847      0.00000      0.00000
    -10.42152      3.80341      0.00000      0.00000
    -10.41152      3.92356      0.00000      0.00000
    -10.40152      3.61175      0.00000      0.00000
    -10.39152      3.17873      0.00000      0.00000
    -10.38152      3.12400      0.00000      0.00000
    -10.37152      3.72344      0.00000      0.00000
    -10.36152      4.21266      0.00000      0.00000
    -10.35152      3.89496      0.00000      0.00000
    -10.34152      3.28469      0.00000      0.00000
    -10.33152      3.12923      0.00000      0.00000
    -10.32152      3.44805      0.00000      0.00000
    -10.31152      3.64693      0.00000      0.00000
    -10.30152      3.43503      0.00000      0.00000
    -10.29152      2.99879      0.00000      0.00000
    -10.28152      2.62651      0.00000      0.00000
    -10.27152      2.53760      0.00000      0.00000
    -10.26152      2.86919      0.00000      0.00000
    -10.25152      3.07374      0.00000      0.00000
    -10.24152      2.84302      0.00000      0.00000
    -10.23152      2.06756      0.00000      0.00000
    -10.22152      0.12881      0.00000      0.00000
    -10.21152     -1.54669      0.00000      0.00000
    -10.20152     -0.03184      0.00000      0.00000
    -10.19152      2.39925      0.00000      0.00000
    -10.18152      3.28213      0.00000      0.00000
    -10.17152      2.82395      0.00000      0.00000
    -10.16152      2.37268      0.00000      0.00000
    -10.15152      2.69927      0.00000      0.00000
    -10.14152      3.31012      0.00000      0.00000
    -10.13152      3.43541      0.00000      0.00000
    -10.12152      3.32264      0.00000      0.00000
    -10.11152      3.67424      0.00000      0.00000
    -10.10152      3.56661      0.00000      0.00000
    -10.09152      2.87098      0.00000      0.00000
    -10.08152      2.75820      0.00000      0.00000
    -10.07152      3.02717      0.00000      0.00000
    -10.06152      2.83035      0.00000      0.00000
    -10.05152      2.28670      0.00000      0.00000
    -10.04152      2.03376      0.00000      0.00000
    -10.03152      1.91959      0.00000      0.00000
    -10.02152      1.82903      0.00000      0.00000
    -10.01152      2.11314      0.00000      0.00000
    -10.00152      2.29686      0.00000      0.00000
     -9.99152      2.44556      0.00000      0.00000
     -9.98152      2.86620      0.00000      0.00000
     -9.97152      3.33337      0.00000      0.00000
     -9.96152      3.54452      0.00000      0.00000
     -9.95152      2.94620      0.00000      0.00000
     -9.94152      1.93867      0.00000      0.00000
     -9.93152      1.44067      0.00000      0.00000
     -9.92152      1.77698      0.00000      0.00000
     -9.91152      2.32961      0.00000      0.00000
     -9.90152      2.21394      0.00000      0.00000
     -9.89152      1.76926      0.00000      0.00000
     -9.88152      1.61111      0.00000      0.00000
     -9.87152      1.74620      0.00000      0.00000
     -9.86152      2.02197      0.00000      0.00000
     -9.85152      1.90365      0.00000      0.00000
     -9.84152      1.63993      0.00000      0.00000
     -9.83152      2.08610      0.00000      0.00000
     -9.82152      2.64318      0.00000      0.00000
     -9.81152      2.46178      0.00000      0.00000
     -9.80152      1.78718      0.00000      0.00000
     -9.79152      1.43947      0.00000      0.00000
     -9.78152      1.61027      0.00000      0.00000
     -9.77152      1.66394      0.00000      0.00000
     -9.76152      1.57947      0.00000      0.00000
     -9.75152      1.56458      0.00000      0.00000
     -9.74152      1.65144      0.00000      0.00000
     -9.73152      1.87449      0.00000      0.00000
     -9.72152      1.70776      0.00000      0.00000
     -9.71152      1.41266      0.00000      0.00000
     -9.70152      1.45709      0.00000      0.00000
     -9.69152      1.62839      0.00000      0.00000
     -9.68152      1.69439      0.00000      0.00000
     -9.67152      1.78739      0.00000      0.00000
     -9.66152      1.87888      0.00000      0.00000
     -9.65152      1.72772      0.00000      0.00000
     -9.64152      1.76277      0.00000      0.00000
     -9.63152      1.92219      0.00000      0.00000
     -9.62152      1.70191      0.00000      0.00000
     -9.61152      1.30078      0.00000      0.00000
     -9.60152      1.24928      0.00000      0.00000
     -9.59152      1.58684      0.00000      0.00000
     -9.58152      1.70336      0.00000      0.00000
     -9.57152      1.34479      0.00000      0.00000
     -9.56152      1.10121      0.00000      0.00000
     -9.55152      1.35644      0.00000      0.00000
     -9.54152      1.75808      0.00000      0.00000
     -9.53152      1.77581      0.00000      0.00000
     -9.52152      1.56541      0.00000      0.00000
     -9.51152      1.47414      0.00000      0.00000
     -9.50152      1.48441      0.00000      0.00000
     -9.49152      1.47934      0.00000      0.00000
     -9.48152      1.34282      0.00000      0.00000
     -9.47152      1.00017      0.00000      0.00000
     -9.46152      0.65615      0.00000      0.00000
     -9.45152      0.67503      0.00000      0.00000
     -9.44152      0.95374      0.00000      0.00000
     -9.43152      1.06140      0.00000      0.00000
     -9.42152      1.02279      0.00000      0.00000
     -9.41152      1.16316      0.00000      0.00000
     -9.40152      1.30630      0.00000      0.00000
     -9.39152      1.06217      0.00000      0.00000
     -9.38152      0.77176      0.00000      0.00000
     -9.37152      0.73560      0.00000      0.00000
     -9.36152      0.69908      0.00000      0.00000
     -9.35152      0.64159      0.00000      0.00000
     -9.34152      0.57167      0.00000      0.00000
     -9.33152      0.84677      0.00000      0.00000
     -9.32152      1.38227      0.00000      0.00000
     -9.31152      1.26216      0.00000      0.00000
     -9.30152      0.80203      0.00000      0.00000
     -9.29152      0.63452      0.00000      0.00000
     -9.28152      0.65211      0.00000      0.00000
     -9.27152      0.88538      0.00000      0.00000
     -9.26152      1.18969      0.00000      0.00000
     -9.25152      1.23315      0.00000      0.00000
     -9.24152      1.26281      0.00000      0.00000
     -9.23152      1.31396      0.00000      0.00000
     -9.22152      1.31080      0.00000      0.00000
